<?xml version="1.0" standalone="no"?>
<!-- State output file for the DCT growth modeling-->
<SimState>
   <Matrix name="radiiHistory" type="complete" rows="21" columns="900" multiplier="1.0">
   0.4 0.4 0.4 0.4 0.4 0.4 0.4 0.4 0.4 0.4 0.4 0.4 0.4 0.4 0.4 0.4 0.4 0.4 0.4 0.4 0.4 0.4 0.4 0.4 0.4 0.4 0.4 0.4 0.4 0.4 0.4 0.4 0.4 0.4 0.4 0.4 0.4 0.4 0.4 0.4 0.4 0.4 0.4 0.4 0.4 0.4 0.4 0.4 0.4 0.4 0.4 0.4 0.4 0.4 0.4 0.4 0.4 0.4 0.4 0.4 0.4 0.4 0.4 0.4 0.4 0.4 0.4 0.4 0.4 0.4 0.4 0.4 0.4 0.4 0.4 0.4 0.4 0.4 0.4 0.4 0.4 0.4 0.4 0.4 0.4 0.4 0.4 0.4 0.4 0.4 0.4 0.4 0.4 0.4 0.4 0.4 0.4 0.4 0.4 0.4 0.4 0.4 0.4 0.4 0.4 0.4 0.4 0.4 0.4 0.4 0.4 0.4 0.4 0.4 0.4 0.4 0.4 0.4 0.4 0.4 0.4 0.4 0.4 0.4 0.4 0.4 0.4 0.4 0.4 0.4 0.4 0.4 0.4 0.4 0.4 0.4 0.4 0.4 0.4 0.4 0.4 0.4 0.4 0.4 0.4 0.4 0.4 0.4 0.4 0.4 0.4 0.4 0.4 0.4 0.4 0.4 0.4 0.4 0.4 0.4 0.4 0.4 0.4 0.4 0.4 0.4 0.4 0.4 0.4 0.4 0.4 0.4 0.4 0.4 0.4 0.4 0.4 0.4 0.4 0.4 0.4 0.4 0.4 0.4 0.4 0.4 0.4 0.4 0.4 0.4 0.4 0.4 0.4 0.4 0.4 0.4 0.4 0.4 0.4 0.4 0.4 0.4 0.4 0.4 0.4 0.4 0.4 0.4 0.4 0.4 0.4 0.4 0.4 0.4 0.4 0.4 0.4 0.4 0.4 0.4 0.4 0.4 0.4 0.4 0.4 0.4 0.4 0.4 0.4 0.4 0.4 0.4 0.4 0.4 0.4 0.4 0.4 0.4 0.4 0.4 0.4 0.4 0.4 0.4 0.4 0.4 0.4 0.4 0.4 0.4 0.4 0.4 0.4 0.4 0.4 0.4 0.4 0.4 0.4 0.4 0.4 0.4 0.4 0.4 0.4 0.4 0.4 0.4 0.4 0.4 0.4 0.4 0.4 0.4 0.4 0.4 0.4 0.4 0.4 0.4 0.4 0.4 0.4 0.4 0.4 0.4 0.4 0.4 0.4 0.4 0.4 0.4 0.4 0.4 0.4 0.4 0.4 0.4 0.4 0.4 0.4 0.4 0.4 0.4 0.4 0.4 0.4 0.4 0.4 0.4 0.4 0.4 0.4 0.4 0.4 0.4 0.4 0.4 0.4 0.4 0.4 0.4 0.4 0.4 0.4 0.4 0.4 0.4 0.4 0.4 0.4 0.4 0.4 0.4 0.4 0.4 0.4 0.4 0.4 0.4 0.4 0.4 0.4 0.4 0.4 0.4 0.4 0.4 0.4 0.4 0.4 0.4 0.4 0.4 0.4 0.4 0.4 0.4 0.4 0.4 0.4 0.4 0.4 0.4 0.4 0.4 0.4 0.4 0.4 0.4 0.4 0.4 0.4 0.4 0.4 0.4 0.4 0.4 0.4 0.4 0.4 0.4 0.4 0.4 0.4 0.4 0.4 0.4 0.4 0.4 0.4 0.4 0.4 0.4 0.4 0.4 0.4 0.4 0.4 0.4 0.4 0.4 0.4 0.4 0.4 0.4 0.4 0.4 0.4 0.4 0.4 0.4 0.4 0.4 0.4 0.4 0.4 0.4 0.4 0.4 0.4 0.4 0.4 0.4 0.4 0.4 0.4 0.4 0.4 0.4 0.4 0.4 0.4 0.4 0.4 0.4 0.4 0.4 0.4 0.4 0.4 0.4 0.4 0.4 0.4 0.4 0.4 0.4 0.4 0.4 0.4 0.4 0.4 0.4 0.4 0.4 0.4 0.4 0.4 0.4 0.4 0.4 0.4 0.4 0.4 0.4 0.4 0.4 0.4 0.4 0.4 0.4 0.4 0.4 0.4 0.4 0.4 0.4 0.4 0.4 0.4 0.4 0.4 0.4 0.4 0.4 0.4 0.4 0.4 0.4 0.4 0.4 0.4 0.4 0.4 0.4 0.4 0.4 0.4 0.4 0.4 0.4 0.4 0.4 0.4 0.4 0.4 0.4 0.4 0.4 0.4 0.4 0.4 0.4 0.4 0.4 0.4 0.4 0.4 0.4 0.4 0.4 0.4 0.4 0.4 0.4 0.4 0.4 0.4 0.4 0.4 0.4 0.4 0.4 0.4 0.4 0.4 0.4 0.4 0.4 0.4 0.4 0.4 0.4 0.4 0.4 0.4 0.4 0.4 0.4 0.4 0.4 0.4 0.4 0.4 0.4 0.4 0.4 0.4 0.4 0.4 0.4 0.4 0.4 0.4 0.4 0.4 0.4 0.4 0.4 0.4 0.4 0.4 0.4 0.4 0.4 0.4 0.4 0.4 0.4 0.4 0.4 0.4 0.4 0.4 0.4 0.4 0.4 0.4 0.4 0.4 0.4 0.4 0.4 0.4 0.4 0.4 0.4 0.4 0.4 0.4 0.4 0.4 0.4 0.4 0.4 0.4 0.4 0.4 0.4 0.4 0.4 0.4 0.4 0.4 0.4 0.4 0.4 0.4 0.4 0.4 0.4 0.4 0.4 0.4 0.4 0.4 0.4 0.4 0.4 0.4 0.4 0.4 0.4 0.4 0.4 0.4 0.4 0.4 0.4 0.4 0.4 0.4 0.4 0.4 0.4 0.4 0.4 0.4 0.4 0.4 0.4 0.4 0.4 0.4 0.4 0.4 0.4 0.4 0.4 0.4 0.4 0.4 0.4 0.4 0.4 0.4 0.4 0.4 0.4 0.4 0.4 0.4 0.4 0.4 0.4 0.4 0.4 0.4 0.4 0.4 0.4 0.4 0.4 0.4 0.4 0.4 0.4 0.4 0.4 0.4 0.4 0.4 0.4 0.4 0.4 0.4 0.4 0.4 0.4 0.4 0.4 0.4 0.4 0.4 0.4 0.4 0.4 0.4 0.4 0.4 0.4 0.4 0.4 0.4 0.4 0.4 0.4 0.4 0.4 0.4 0.4 0.4 0.4 0.4 0.4 0.4 0.4 0.4 0.4 0.4 0.4 0.4 0.4 0.4 0.4 0.4 0.4 0.4 0.4 0.4 0.4 0.4 0.4 0.4 0.4 0.4 0.4 0.4 0.4 0.4 0.4 0.4 0.4 0.4 0.4 0.4 0.4 0.4 0.4 0.4 0.4 0.4 0.4 0.4 0.4 0.4 0.4 0.4 0.4 0.4 0.4 0.4 0.4 0.4 0.4 0.4 0.4 0.4 0.4 0.4 0.4 0.4 0.4 0.4 0.4 0.4 0.4 0.4 0.4 0.4 0.4 0.4 0.4 0.4 0.4 0.4 0.4 0.4 0.4 0.4 0.4 0.4 0.4 0.4 0.4 0.4 0.4 0.4 0.4 0.4 0.4 0.4 0.4 0.4 0.4 0.4 0.4 0.4 0.4 0.4 0.4 0.4 0.4 0.4 0.4 0.4 0.4 0.4 0.4 0.4 0.4 0.4 0.4 0.4 0.4 0.4 0.4 0.4 0.4 0.4 0.4 0.4 0.4 0.4 0.4 0.4 0.4 0.4 0.4 0.4 0.4 0.4 0.4 0.4 0.4 0.4 0.4 0.4 0.4 0.4 0.4 0.4 0.4 0.4 0.4 0.4 0.4 0.4 0.4 0.4 0.4 0.4 0.4 0.4 0.4 0.4 0.4 0.4 0.4 0.4 0.4 0.4 0.4 0.4 0.4 0.4 0.4 0.4 0.4 0.4 0.4 0.4 0.4 0.4 0.4 0.4 0.4 0.4 0.4 
0.409951 0.409951 0.409951 0.409951 0.409951 0.409951 0.409951 0.409209 0.409951 0.409951 0.409951 0.409951 0.409951 0.409951 0.409951 0.409951 0.409951 0.39 0.409951 0.409951 0.409951 0.409951 0.409951 0.409951 0.409951 0.409951 0.409951 0.390549 0.409951 0.409951 0.409951 0.400473 0.409951 0.409951 0.409918 0.409951 0.409951 0.409951 0.409951 0.409951 0.409951 0.409942 0.409951 0.409951 0.390005 0.409951 0.409951 0.409951 0.409951 0.409951 0.409951 0.409847 0.409951 0.409951 0.39234 0.409951 0.409951 0.409951 0.409951 0.409951 0.409951 0.409951 0.409951 0.409951 0.409951 0.409951 0.409951 0.409951 0.409951 0.409951 0.409951 0.409951 0.409951 0.409951 0.409951 0.409951 0.409951 0.409951 0.409951 0.409951 0.409951 0.409951 0.409951 0.409951 0.409951 0.409951 0.409951 0.409951 0.409951 0.409951 0.409951 0.409951 0.409951 0.409951 0.409951 0.409951 0.409951 0.392543 0.409951 0.409951 0.409951 0.409951 0.409951 0.409951 0.409951 0.409951 0.409951 0.409907 0.409951 0.409951 0.409951 0.409951 0.409951 0.409951 0.409951 0.409951 0.409951 0.408644 0.409951 0.409951 0.409951 0.404785 0.409951 0.409951 0.390001 0.409951 0.409951 0.409951 0.409951 0.409951 0.409951 0.390001 0.409951 0.409951 0.390002 0.409951 0.409951 0.409951 0.409951 0.409951 0.409951 0.399527 0.409951 0.409951 0.409655 0.409951 0.409951 0.409951 0.409951 0.409951 0.409951 0.409951 0.409951 0.409951 0.409951 0.409951 0.409951 0.409951 0.409951 0.409951 0.409951 0.409951 0.409951 0.409951 0.409951 0.409951 0.409951 0.409951 0.409951 0.409951 0.409951 0.409951 0.409951 0.409951 0.409951 0.409951 0.409951 0.409951 0.409951 0.409951 0.409951 0.409951 0.409951 0.409951 0.409951 0.409951 0.409951 0.409842 0.409951 0.409951 0.409951 0.409951 0.409951 0.409951 0.409951 0.409951 0.409951 0.396246 0.409951 0.409951 0.409951 0.409951 0.409951 0.409951 0.409951 0.409951 0.409951 0.391278 0.409951 0.409951 0.409951 0.39 0.409951 0.409951 0.390032 0.409951 0.409951 0.409951 0.409951 0.409951 0.409951 0.40611 0.409951 0.409951 0.390018 0.409951 0.409951 0.409951 0.409951 0.409951 0.409951 0.40908 0.409951 0.409951 0.390003 0.409951 0.409951 0.409951 0.409951 0.409951 0.409951 0.409951 0.409951 0.409951 0.409951 0.409951 0.409951 0.409951 0.409951 0.409951 0.409951 0.409951 0.409951 0.409951 0.409951 0.409951 0.409951 0.409951 0.409951 0.409951 0.409951 0.409951 0.409951 0.409951 0.409951 0.409951 0.409951 0.409951 0.409951 0.409951 0.409951 0.409951 0.409951 0.409951 0.409951 0.409951 0.409951 0.396801 0.409951 0.409951 0.409951 0.409951 0.409951 0.409951 0.409951 0.409951 0.409951 0.406756 0.409951 0.409951 0.409951 0.409951 0.409951 0.409951 0.409951 0.409951 0.409951 0.409676 0.409951 0.409951 0.409951 0.409951 0.409951 0.409951 0.409951 0.409951 0.409951 0.390011 0.409951 0.409951 0.409951 0.409951 0.409951 0.409951 0.409951 0.409951 0.409951 0.409571 0.409951 0.409951 0.409951 0.409951 0.409951 0.409951 0.409951 0.409951 0.409951 0.390096 0.409951 0.409951 0.409951 0.409901 0.409951 0.409951 0.409755 0.409951 0.409951 0.409951 0.409951 0.409951 0.409951 0.390002 0.409951 0.409951 0.409907 0.409951 0.409951 0.409951 0.409951 0.409951 0.409951 0.396111 0.409951 0.409951 0.390403 0.409951 0.409951 0.409951 0.409951 0.409951 0.409951 0.409951 0.409951 0.409951 0.409951 0.409951 0.409951 0.409951 0.409951 0.409951 0.409951 0.409951 0.409951 0.409951 0.409951 0.409951 0.409951 0.409951 0.409951 0.409951 0.409951 0.409951 0.409951 0.409951 0.409951 0.409951 0.409951 0.409951 0.409951 0.409951 0.409951 0.409951 0.409951 0.409951 0.409951 0.409951 0.409951 0.409873 0.409951 0.409951 0.409951 0.409951 0.409951 0.409951 0.409951 0.409951 0.409951 0.390082 0.409951 0.409951 0.409951 0.409951 0.409951 0.409951 0.409951 0.409951 0.409951 0.409777 0.409951 0.409951 0.409951 0.390144 0.409951 0.409951 0.409484 0.409951 0.409951 0.409951 0.409951 0.409951 0.409951 0.40667 0.409951 0.409951 0.390002 0.409951 0.409951 0.409951 0.409951 0.409951 0.409951 0.390002 0.409951 0.409951 0.391356 0.409951 0.409951 0.409951 0.409951 0.409951 0.409951 0.409951 0.409951 0.409951 0.409951 0.409951 0.409951 0.409951 0.409951 0.409951 0.409951 0.409951 0.409951 0.409951 0.409951 0.409951 0.409951 0.409951 0.409951 0.409951 0.409951 0.409951 0.409951 0.409951 0.409951 0.409951 0.409951 0.409951 0.409951 0.409951 0.409951 0.409951 0.409951 0.409951 0.409951 0.409951 0.409951 0.40908 0.409951 0.409951 0.409951 0.409951 0.409951 0.409951 0.409951 0.409951 0.409951 0.390001 0.409951 0.409951 0.409951 0.409951 0.409951 0.409951 0.409951 0.409951 0.409951 0.395978 0.409951 0.409951 0.409951 0.409762 0.409951 0.409951 0.401412 0.409951 0.409951 0.409951 0.409951 0.409951 0.409951 0.408519 0.409951 0.409951 0.407724 0.409951 0.409951 0.409951 0.409951 0.409951 0.409951 0.392213 0.409951 0.409951 0.391525 0.409951 0.409951 0.409951 0.409951 0.409951 0.409951 0.409951 0.409951 0.409951 0.409951 0.409951 0.409951 0.409951 0.409951 0.409951 0.409951 0.409951 0.409951 0.409951 0.409951 0.409951 0.409951 0.409951 0.409951 0.409951 0.409951 0.409951 0.409951 0.409951 0.409951 0.409951 0.409951 0.409951 0.409951 0.409951 0.409951 0.409951 0.409951 0.409951 0.409951 0.409951 0.409951 0.409686 0.409951 0.409951 0.409951 0.409951 0.409951 0.409951 0.409951 0.409951 0.409951 0.409904 0.409951 0.409951 0.409951 0.409951 0.409951 0.409951 0.409951 0.409951 0.409951 0.409803 0.409951 0.409951 0.409951 0.409951 0.409951 0.409951 0.409951 0.409951 0.409951 0.392614 0.409951 0.409951 0.409951 0.409951 0.409951 0.409951 0.409951 0.409951 0.409951 0.390001 0.409951 0.409951 0.409951 0.409951 0.409951 0.409951 0.409951 0.409951 0.409951 0.390001 0.409951 0.409951 0.409951 0.409417 0.409951 0.409951 0.409558 0.409951 0.409951 0.409951 0.409951 0.409951 0.409951 0.409399 0.409951 0.409951 0.409278 0.409951 0.409951 0.409951 0.409951 0.409951 0.409951 0.409051 0.409951 0.409951 0.409842 0.409951 0.409951 0.409951 0.409951 0.409951 0.409951 0.409951 0.409951 0.409951 0.409951 0.409951 0.409951 0.409951 0.409951 0.409951 0.409951 0.409951 0.409951 0.409951 0.409951 0.409951 0.409951 0.409951 0.409951 0.409951 0.409951 0.409951 0.409951 0.409951 0.409951 0.409951 0.409951 0.409951 0.409951 0.409951 0.409951 0.409951 0.409951 0.409951 0.409951 0.409951 0.409951 0.398899 0.409951 0.409951 0.409951 0.409951 0.409951 0.409951 0.409951 0.409951 0.409951 0.390109 0.409951 0.409951 0.409951 0.409951 0.409951 0.409951 0.409951 0.409951 0.409951 0.39 0.409951 0.409951 0.409951 0.390566 0.409951 0.409951 0.409826 0.409951 0.409951 0.409951 0.409951 0.409951 0.409951 0.390158 0.409951 0.409951 0.409873 0.409951 0.409951 0.409951 0.409951 0.409951 0.409951 0.409023 0.409951 0.409951 0.391241 0.409951 0.409951 0.409951 0.409951 0.409951 0.409951 0.409951 0.409951 0.409951 0.409951 0.409951 0.409951 0.409951 0.409951 0.409951 0.409951 0.409951 0.409951 0.409951 0.409951 0.409951 0.409951 0.409951 0.409951 0.409951 0.409951 0.409951 0.409951 0.409951 0.409951 0.409951 0.409951 0.409951 0.409951 0.409951 0.409951 0.409951 0.409951 0.409951 0.409951 0.409951 0.409951 0.390006 0.409951 0.409951 0.409951 0.409951 0.409951 0.409951 0.409951 0.409951 0.409951 0.409913 0.409951 0.409951 0.409951 0.409951 0.409951 0.409951 0.409951 0.409951 0.409951 0.404906 0.409951 0.409951 0.409951 0.390014 0.409951 0.409951 0.39652 0.409951 0.409951 0.409951 0.409951 0.409951 0.409951 0.395215 0.409951 0.409951 0.408759 0.409951 0.409951 0.409951 0.409951 0.409951 0.409951 0.409926 0.409951 0.409951 0.400788 0.409951 0.409951 0.409951 0.409951 0.409951 0.409951 0.409951 0.409951 0.409951 0.409951 0.409951 0.409951 0.409951 0.409951 0.409951 0.409951 0.409951 0.409951 0.409951 0.409951 0.409951 0.409951 0.409951 0.409951 0.409951 0.409951 0.409951 0.409951 0.409951 0.409951 0.409951 0.409951 0.409951 0.409951 0.409951 0.409951 0.409951 0.409951 0.409951 0.409951 0.409951 0.409951 0.406581 0.409951 0.409951 0.409951 0.409951 0.409951 0.409951 0.409951 0.409951 0.409951 0.409686 0.409951 0.409951 0.409951 0.409951 0.409951 0.409951 0.409951 0.409951 0.409951 0.409847 0.409951 0.409951 
0.419901 0.419901 0.419901 0.419901 0.419901 0.419901 0.419901 0.417968 0.419901 0.419901 0.419901 0.419901 0.419901 0.419901 0.419901 0.419901 0.419901 0.38 0.419901 0.419901 0.419901 0.419901 0.419901 0.419901 0.419901 0.419901 0.419901 0.382311 0.419901 0.419901 0.419901 0.396319 0.419901 0.419901 0.419828 0.419901 0.419901 0.419901 0.419901 0.419901 0.419901 0.419872 0.419901 0.419901 0.380008 0.419901 0.419901 0.419901 0.419901 0.419901 0.419901 0.419711 0.419901 0.419901 0.384746 0.419901 0.419901 0.419901 0.419901 0.419901 0.419901 0.419901 0.419901 0.419901 0.419901 0.419901 0.419901 0.419901 0.419901 0.419901 0.419901 0.419901 0.419901 0.419901 0.419901 0.419901 0.419901 0.419901 0.419901 0.419901 0.419901 0.419901 0.419901 0.419901 0.419901 0.419901 0.419901 0.419901 0.419901 0.419901 0.419901 0.419901 0.419901 0.419901 0.419901 0.419901 0.419901 0.384464 0.419901 0.419901 0.419901 0.419901 0.419901 0.419901 0.419901 0.419901 0.419901 0.419808 0.419901 0.419901 0.419901 0.419901 0.419901 0.419901 0.419901 0.419901 0.419901 0.41603 0.419901 0.419901 0.419901 0.410042 0.419901 0.419901 0.380002 0.419901 0.419901 0.419901 0.419901 0.419901 0.419901 0.380004 0.419901 0.419901 0.380003 0.419901 0.419901 0.419901 0.419901 0.419901 0.419901 0.395637 0.419901 0.419901 0.419452 0.419901 0.419901 0.419901 0.419901 0.419901 0.419901 0.419901 0.419901 0.419901 0.419901 0.419901 0.419901 0.419901 0.419901 0.419901 0.419901 0.419901 0.419901 0.419901 0.419901 0.419901 0.419901 0.419901 0.419901 0.419901 0.419901 0.419901 0.419901 0.419901 0.419901 0.419901 0.419901 0.419901 0.419901 0.419901 0.419901 0.419901 0.419901 0.419901 0.419901 0.419901 0.419901 0.419651 0.419901 0.419901 0.419901 0.419901 0.419901 0.419901 0.419901 0.419901 0.419901 0.390441 0.419901 0.419901 0.419901 0.419901 0.419901 0.419901 0.419901 0.419901 0.419901 0.381958 0.419901 0.419901 0.419901 0.380001 0.419901 0.419901 0.38006 0.419901 0.419901 0.419901 0.419901 0.419901 0.419901 0.410394 0.419901 0.419901 0.380055 0.419901 0.419901 0.419901 0.419901 0.419901 0.419901 0.417159 0.419901 0.419901 0.380007 0.419901 0.419901 0.419901 0.419901 0.419901 0.419901 0.419901 0.419901 0.419901 0.419901 0.419901 0.419901 0.419901 0.419901 0.419901 0.419901 0.419901 0.419901 0.419901 0.419901 0.419901 0.419901 0.419901 0.419901 0.419901 0.419901 0.419901 0.419901 0.419901 0.419901 0.419901 0.419901 0.419901 0.419901 0.419901 0.419901 0.419901 0.419901 0.419901 0.419901 0.419901 0.419901 0.395389 0.419901 0.419901 0.419901 0.419901 0.419901 0.419901 0.419901 0.419901 0.419901 0.413762 0.419901 0.419901 0.419901 0.419901 0.419901 0.419901 0.419901 0.419901 0.419901 0.419431 0.419901 0.419901 0.419901 0.419901 0.419901 0.419901 0.419901 0.419901 0.419901 0.380018 0.419901 0.419901 0.419901 0.419901 0.419901 0.419901 0.419901 0.419901 0.419901 0.419192 0.419901 0.419901 0.419901 0.419901 0.419901 0.419901 0.419901 0.419901 0.419901 0.380326 0.419901 0.419901 0.419901 0.419817 0.419901 0.419901 0.41957 0.419901 0.419901 0.419901 0.419901 0.419901 0.419901 0.380005 0.419901 0.419901 0.419799 0.419901 0.419901 0.419901 0.419901 0.419901 0.419901 0.390412 0.419901 0.419901 0.380619 0.419901 0.419901 0.419901 0.419901 0.419901 0.419901 0.419901 0.419901 0.419901 0.419901 0.419901 0.419901 0.419901 0.419901 0.419901 0.419901 0.419901 0.419901 0.419901 0.419901 0.419901 0.419901 0.419901 0.419901 0.419901 0.419901 0.419901 0.419901 0.419901 0.419901 0.419901 0.419901 0.419901 0.419901 0.419901 0.419901 0.419901 0.419901 0.419901 0.419901 0.419901 0.419901 0.419774 0.419901 0.419901 0.419901 0.419901 0.419901 0.419901 0.419901 0.419901 0.419901 0.380169 0.419901 0.419901 0.419901 0.419901 0.419901 0.419901 0.419901 0.419901 0.419901 0.419532 0.419901 0.419901 0.419901 0.380284 0.419901 0.419901 0.418643 0.419901 0.419901 0.419901 0.419901 0.419901 0.419901 0.413339 0.419901 0.419901 0.380003 0.419901 0.419901 0.419901 0.419901 0.419901 0.419901 0.380002 0.419901 0.419901 0.382276 0.419901 0.419901 0.419901 0.419901 0.419901 0.419901 0.419901 0.419901 0.419901 0.419901 0.419901 0.419901 0.419901 0.419901 0.419901 0.419901 0.419901 0.419901 0.419901 0.419901 0.419901 0.419901 0.419901 0.419901 0.419901 0.419901 0.419901 0.419901 0.419901 0.419901 0.419901 0.419901 0.419901 0.419901 0.419901 0.419901 0.419901 0.419901 0.419901 0.419901 0.419901 0.419901 0.418159 0.419901 0.419901 0.419901 0.419901 0.419901 0.419901 0.419901 0.419901 0.419901 0.380001 0.419901 0.419901 0.419901 0.419901 0.419901 0.419901 0.419901 0.419901 0.419901 0.394721 0.419901 0.419901 0.419901 0.419539 0.419901 0.419901 0.400311 0.419901 0.419901 0.419901 0.419901 0.419901 0.419901 0.416757 0.419901 0.419901 0.41511 0.419901 0.419901 0.419901 0.419901 0.419901 0.419901 0.383651 0.419901 0.419901 0.386043 0.419901 0.419901 0.419901 0.419901 0.419901 0.419901 0.419901 0.419901 0.419901 0.419901 0.419901 0.419901 0.419901 0.419901 0.419901 0.419901 0.419901 0.419901 0.419901 0.419901 0.419901 0.419901 0.419901 0.419901 0.419901 0.419901 0.419901 0.419901 0.419901 0.419901 0.419901 0.419901 0.419901 0.419901 0.419901 0.419901 0.419901 0.419901 0.419901 0.419901 0.419901 0.419901 0.419399 0.419901 0.419901 0.419901 0.419901 0.419901 0.419901 0.419901 0.419901 0.419901 0.419773 0.419901 0.419901 0.419901 0.419901 0.419901 0.419901 0.419901 0.419901 0.419901 0.41965 0.419901 0.419901 0.419901 0.419901 0.419901 0.419901 0.419901 0.419901 0.419901 0.38569 0.419901 0.419901 0.419901 0.419901 0.419901 0.419901 0.419901 0.419901 0.419901 0.380003 0.419901 0.419901 0.419901 0.419901 0.419901 0.419901 0.419901 0.419901 0.419901 0.380002 0.419901 0.419901 0.419901 0.418777 0.419901 0.419901 0.419073 0.419901 0.419901 0.419901 0.419901 0.419901 0.419901 0.418583 0.419901 0.419901 0.418411 0.419901 0.419901 0.419901 0.419901 0.419901 0.419901 0.418284 0.419901 0.419901 0.419693 0.419901 0.419901 0.419901 0.419901 0.419901 0.419901 0.419901 0.419901 0.419901 0.419901 0.419901 0.419901 0.419901 0.419901 0.419901 0.419901 0.419901 0.419901 0.419901 0.419901 0.419901 0.419901 0.419901 0.419901 0.419901 0.419901 0.419901 0.419901 0.419901 0.419901 0.419901 0.419901 0.419901 0.419901 0.419901 0.419901 0.419901 0.419901 0.419901 0.419901 0.419901 0.419901 0.399844 0.419901 0.419901 0.419901 0.419901 0.419901 0.419901 0.419901 0.419901 0.419901 0.380224 0.419901 0.419901 0.419901 0.419901 0.419901 0.419901 0.419901 0.419901 0.419901 0.38 0.419901 0.419901 0.419901 0.380861 0.419901 0.419901 0.419596 0.419901 0.419901 0.419901 0.419901 0.419901 0.419901 0.380463 0.419901 0.419901 0.419738 0.419901 0.419901 0.419901 0.419901 0.419901 0.419901 0.417498 0.419901 0.419901 0.383784 0.419901 0.419901 0.419901 0.419901 0.419901 0.419901 0.419901 0.419901 0.419901 0.419901 0.419901 0.419901 0.419901 0.419901 0.419901 0.419901 0.419901 0.419901 0.419901 0.419901 0.419901 0.419901 0.419901 0.419901 0.419901 0.419901 0.419901 0.419901 0.419901 0.419901 0.419901 0.419901 0.419901 0.419901 0.419901 0.419901 0.419901 0.419901 0.419901 0.419901 0.419901 0.419901 0.38003 0.419901 0.419901 0.419901 0.419901 0.419901 0.419901 0.419901 0.419901 0.419901 0.419797 0.419901 0.419901 0.419901 0.419901 0.419901 0.419901 0.419901 0.419901 0.419901 0.410276 0.419901 0.419901 0.419901 0.380027 0.419901 0.419901 0.391038 0.419901 0.419901 0.419901 0.419901 0.419901 0.419901 0.386927 0.419901 0.419901 0.41759 0.419901 0.419901 0.419901 0.419901 0.419901 0.419901 0.41982 0.419901 0.419901 0.396899 0.419901 0.419901 0.419901 0.419901 0.419901 0.419901 0.419901 0.419901 0.419901 0.419901 0.419901 0.419901 0.419901 0.419901 0.419901 0.419901 0.419901 0.419901 0.419901 0.419901 0.419901 0.419901 0.419901 0.419901 0.419901 0.419901 0.419901 0.419901 0.419901 0.419901 0.419901 0.419901 0.419901 0.419901 0.419901 0.419901 0.419901 0.419901 0.419901 0.419901 0.419901 0.419901 0.413744 0.419901 0.419901 0.419901 0.419901 0.419901 0.419901 0.419901 0.419901 0.419901 0.41933 0.419901 0.419901 0.419901 0.419901 0.419901 0.419901 0.419901 0.419901 0.419901 0.419616 0.419901 0.419901 
0.429852 0.429852 0.429852 0.429852 0.429852 0.429852 0.429852 0.426612 0.429852 0.429852 0.429852 0.429852 0.429852 0.429852 0.429852 0.429852 0.429852 0.37 0.429852 0.429852 0.429852 0.429852 0.429852 0.429852 0.429852 0.429852 0.429852 0.373349 0.429852 0.429852 0.429852 0.395375 0.429852 0.429852 0.429761 0.429852 0.429852 0.429852 0.429852 0.429852 0.429852 0.429802 0.429852 0.429852 0.370013 0.429852 0.429852 0.429852 0.429852 0.429852 0.429852 0.429514 0.429852 0.429852 0.378538 0.429852 0.429852 0.429852 0.429852 0.429852 0.429852 0.429852 0.429852 0.429852 0.429852 0.429852 0.429852 0.429852 0.429852 0.429852 0.429852 0.429852 0.429852 0.429852 0.429852 0.429852 0.429852 0.429852 0.429852 0.429852 0.429852 0.429852 0.429852 0.429852 0.429852 0.429852 0.429852 0.429852 0.429852 0.429852 0.429852 0.429852 0.429852 0.429852 0.429852 0.429852 0.429852 0.379801 0.429852 0.429852 0.429852 0.429852 0.429852 0.429852 0.429852 0.429852 0.429852 0.429706 0.429852 0.429852 0.429852 0.429852 0.429852 0.429852 0.429852 0.429852 0.429852 0.423997 0.429852 0.429852 0.429852 0.414827 0.429852 0.429852 0.370003 0.429852 0.429852 0.429852 0.429852 0.429852 0.429852 0.370006 0.429852 0.429852 0.370006 0.429852 0.429852 0.429852 0.429852 0.429852 0.429852 0.393462 0.429852 0.429852 0.429096 0.429852 0.429852 0.429852 0.429852 0.429852 0.429852 0.429852 0.429852 0.429852 0.429852 0.429852 0.429852 0.429852 0.429852 0.429852 0.429852 0.429852 0.429852 0.429852 0.429852 0.429852 0.429852 0.429852 0.429852 0.429852 0.429852 0.429852 0.429852 0.429852 0.429852 0.429852 0.429852 0.429852 0.429852 0.429852 0.429852 0.429852 0.429852 0.429852 0.429852 0.429852 0.429852 0.429355 0.429852 0.429852 0.429852 0.429852 0.429852 0.429852 0.429852 0.429852 0.429852 0.386287 0.429852 0.429852 0.429852 0.429852 0.429852 0.429852 0.429852 0.429852 0.429852 0.372799 0.429852 0.429852 0.429852 0.370001 0.429852 0.429852 0.370118 0.429852 0.429852 0.429852 0.429852 0.429852 0.429852 0.417399 0.429852 0.429852 0.370078 0.429852 0.429852 0.429852 0.429852 0.429852 0.429852 0.425678 0.429852 0.429852 0.370019 0.429852 0.429852 0.429852 0.429852 0.429852 0.429852 0.429852 0.429852 0.429852 0.429852 0.429852 0.429852 0.429852 0.429852 0.429852 0.429852 0.429852 0.429852 0.429852 0.429852 0.429852 0.429852 0.429852 0.429852 0.429852 0.429852 0.429852 0.429852 0.429852 0.429852 0.429852 0.429852 0.429852 0.429852 0.429852 0.429852 0.429852 0.429852 0.429852 0.429852 0.429852 0.429852 0.393517 0.429852 0.429852 0.429852 0.429852 0.429852 0.429852 0.429852 0.429852 0.429852 0.420343 0.429852 0.429852 0.429852 0.429852 0.429852 0.429852 0.429852 0.429852 0.429852 0.42896 0.429852 0.429852 0.429852 0.429852 0.429852 0.429852 0.429852 0.429852 0.429852 0.370028 0.429852 0.429852 0.429852 0.429852 0.429852 0.429852 0.429852 0.429852 0.429852 0.428814 0.429852 0.429852 0.429852 0.429852 0.429852 0.429852 0.429852 0.429852 0.429852 0.370542 0.429852 0.429852 0.429852 0.429715 0.429852 0.429852 0.429373 0.429852 0.429852 0.429852 0.429852 0.429852 0.429852 0.370011 0.429852 0.429852 0.4297 0.429852 0.429852 0.429852 0.429852 0.429852 0.429852 0.386523 0.429852 0.429852 0.371185 0.429852 0.429852 0.429852 0.429852 0.429852 0.429852 0.429852 0.429852 0.429852 0.429852 0.429852 0.429852 0.429852 0.429852 0.429852 0.429852 0.429852 0.429852 0.429852 0.429852 0.429852 0.429852 0.429852 0.429852 0.429852 0.429852 0.429852 0.429852 0.429852 0.429852 0.429852 0.429852 0.429852 0.429852 0.429852 0.429852 0.429852 0.429852 0.429852 0.429852 0.429852 0.429852 0.42963 0.429852 0.429852 0.429852 0.429852 0.429852 0.429852 0.429852 0.429852 0.429852 0.370288 0.429852 0.429852 0.429852 0.429852 0.429852 0.429852 0.429852 0.429852 0.429852 0.429328 0.429852 0.429852 0.429852 0.370376 0.429852 0.429852 0.427984 0.429852 0.429852 0.429852 0.429852 0.429852 0.429852 0.419449 0.429852 0.429852 0.370005 0.429852 0.429852 0.429852 0.429852 0.429852 0.429852 0.370003 0.429852 0.429852 0.373892 0.429852 0.429852 0.429852 0.429852 0.429852 0.429852 0.429852 0.429852 0.429852 0.429852 0.429852 0.429852 0.429852 0.429852 0.429852 0.429852 0.429852 0.429852 0.429852 0.429852 0.429852 0.429852 0.429852 0.429852 0.429852 0.429852 0.429852 0.429852 0.429852 0.429852 0.429852 0.429852 0.429852 0.429852 0.429852 0.429852 0.429852 0.429852 0.429852 0.429852 0.429852 0.429852 0.427211 0.429852 0.429852 0.429852 0.429852 0.429852 0.429852 0.429852 0.429852 0.429852 0.370001 0.429852 0.429852 0.429852 0.429852 0.429852 0.429852 0.429852 0.429852 0.429852 0.388711 0.429852 0.429852 0.429852 0.429342 0.429852 0.429852 0.401567 0.429852 0.429852 0.429852 0.429852 0.429852 0.429852 0.425622 0.429852 0.429852 0.423494 0.429852 0.429852 0.429852 0.429852 0.429852 0.429852 0.375927 0.429852 0.429852 0.378134 0.429852 0.429852 0.429852 0.429852 0.429852 0.429852 0.429852 0.429852 0.429852 0.429852 0.429852 0.429852 0.429852 0.429852 0.429852 0.429852 0.429852 0.429852 0.429852 0.429852 0.429852 0.429852 0.429852 0.429852 0.429852 0.429852 0.429852 0.429852 0.429852 0.429852 0.429852 0.429852 0.429852 0.429852 0.429852 0.429852 0.429852 0.429852 0.429852 0.429852 0.429852 0.429852 0.429104 0.429852 0.429852 0.429852 0.429852 0.429852 0.429852 0.429852 0.429852 0.429852 0.429658 0.429852 0.429852 0.429852 0.429852 0.429852 0.429852 0.429852 0.429852 0.429852 0.429372 0.429852 0.429852 0.429852 0.429852 0.429852 0.429852 0.429852 0.429852 0.429852 0.37761 0.429852 0.429852 0.429852 0.429852 0.429852 0.429852 0.429852 0.429852 0.429852 0.370006 0.429852 0.429852 0.429852 0.429852 0.429852 0.429852 0.429852 0.429852 0.429852 0.370003 0.429852 0.429852 0.429852 0.428098 0.429852 0.429852 0.428524 0.429852 0.429852 0.429852 0.429852 0.429852 0.429852 0.427838 0.429852 0.429852 0.427545 0.429852 0.429852 0.429852 0.429852 0.429852 0.429852 0.427644 0.429852 0.429852 0.429574 0.429852 0.429852 0.429852 0.429852 0.429852 0.429852 0.429852 0.429852 0.429852 0.429852 0.429852 0.429852 0.429852 0.429852 0.429852 0.429852 0.429852 0.429852 0.429852 0.429852 0.429852 0.429852 0.429852 0.429852 0.429852 0.429852 0.429852 0.429852 0.429852 0.429852 0.429852 0.429852 0.429852 0.429852 0.429852 0.429852 0.429852 0.429852 0.429852 0.429852 0.429852 0.429852 0.397222 0.429852 0.429852 0.429852 0.429852 0.429852 0.429852 0.429852 0.429852 0.429852 0.370409 0.429852 0.429852 0.429852 0.429852 0.429852 0.429852 0.429852 0.429852 0.429852 0.37 0.429852 0.429852 0.429852 0.371252 0.429852 0.429852 0.429484 0.429852 0.429852 0.429852 0.429852 0.429852 0.429852 0.37066 0.429852 0.429852 0.429594 0.429852 0.429852 0.429852 0.429852 0.429852 0.429852 0.425024 0.429852 0.429852 0.3743 0.429852 0.429852 0.429852 0.429852 0.429852 0.429852 0.429852 0.429852 0.429852 0.429852 0.429852 0.429852 0.429852 0.429852 0.429852 0.429852 0.429852 0.429852 0.429852 0.429852 0.429852 0.429852 0.429852 0.429852 0.429852 0.429852 0.429852 0.429852 0.429852 0.429852 0.429852 0.429852 0.429852 0.429852 0.429852 0.429852 0.429852 0.429852 0.429852 0.429852 0.429852 0.429852 0.370044 0.429852 0.429852 0.429852 0.429852 0.429852 0.429852 0.429852 0.429852 0.429852 0.429678 0.429852 0.429852 0.429852 0.429852 0.429852 0.429852 0.429852 0.429852 0.429852 0.414814 0.429852 0.429852 0.429852 0.370035 0.429852 0.429852 0.384928 0.429852 0.429852 0.429852 0.429852 0.429852 0.429852 0.378244 0.429852 0.429852 0.425974 0.429852 0.429852 0.429852 0.429852 0.429852 0.429852 0.429715 0.429852 0.429852 0.395954 0.429852 0.429852 0.429852 0.429852 0.429852 0.429852 0.429852 0.429852 0.429852 0.429852 0.429852 0.429852 0.429852 0.429852 0.429852 0.429852 0.429852 0.429852 0.429852 0.429852 0.429852 0.429852 0.429852 0.429852 0.429852 0.429852 0.429852 0.429852 0.429852 0.429852 0.429852 0.429852 0.429852 0.429852 0.429852 0.429852 0.429852 0.429852 0.429852 0.429852 0.429852 0.429852 0.419443 0.429852 0.429852 0.429852 0.429852 0.429852 0.429852 0.429852 0.429852 0.429852 0.429025 0.429852 0.429852 0.429852 0.429852 0.429852 0.429852 0.429852 0.429852 0.429852 0.429463 0.429852 0.429852 
0.439802 0.439802 0.439802 0.439802 0.439802 0.439802 0.439802 0.435477 0.439802 0.439802 0.439802 0.439802 0.439802 0.439802 0.439802 0.439802 0.439802 0.360001 0.439802 0.439802 0.439802 0.439802 0.439802 0.439802 0.439802 0.439802 0.439802 0.364553 0.439802 0.439802 0.439802 0.395059 0.439802 0.439802 0.439691 0.439802 0.439802 0.439802 0.439802 0.439802 0.439802 0.43972 0.439802 0.439802 0.360015 0.439802 0.439802 0.439802 0.439802 0.439802 0.439802 0.439361 0.439802 0.439802 0.371697 0.439802 0.439802 0.439802 0.439802 0.439802 0.439802 0.439802 0.439802 0.439802 0.439802 0.439802 0.439802 0.439802 0.439802 0.439802 0.439802 0.439802 0.439802 0.439802 0.439802 0.439802 0.439802 0.439802 0.439802 0.439802 0.439802 0.439802 0.439802 0.439802 0.439802 0.439802 0.439802 0.439802 0.439802 0.439802 0.439802 0.439802 0.439802 0.439802 0.439802 0.439802 0.439802 0.374895 0.439802 0.439802 0.439802 0.439802 0.439802 0.439802 0.439802 0.439802 0.439802 0.439594 0.439802 0.439802 0.439802 0.439802 0.439802 0.439802 0.439802 0.439802 0.439802 0.430007 0.439802 0.439802 0.439802 0.421409 0.439802 0.439802 0.360004 0.439802 0.439802 0.439802 0.439802 0.439802 0.439802 0.360009 0.439802 0.439802 0.360008 0.439802 0.439802 0.439802 0.439802 0.439802 0.439802 0.389051 0.439802 0.439802 0.438761 0.439802 0.439802 0.439802 0.439802 0.439802 0.439802 0.439802 0.439802 0.439802 0.439802 0.439802 0.439802 0.439802 0.439802 0.439802 0.439802 0.439802 0.439802 0.439802 0.439802 0.439802 0.439802 0.439802 0.439802 0.439802 0.439802 0.439802 0.439802 0.439802 0.439802 0.439802 0.439802 0.439802 0.439802 0.439802 0.439802 0.439802 0.439802 0.439802 0.439802 0.439802 0.439802 0.439197 0.439802 0.439802 0.439802 0.439802 0.439802 0.439802 0.439802 0.439802 0.439802 0.381262 0.439802 0.439802 0.439802 0.439802 0.439802 0.439802 0.439802 0.439802 0.439802 0.363566 0.439802 0.439802 0.439802 0.360002 0.439802 0.439802 0.360143 0.439802 0.439802 0.439802 0.439802 0.439802 0.439802 0.423204 0.439802 0.439802 0.360091 0.439802 0.439802 0.439802 0.439802 0.439802 0.439802 0.434198 0.439802 0.439802 0.360022 0.439802 0.439802 0.439802 0.439802 0.439802 0.439802 0.439802 0.439802 0.439802 0.439802 0.439802 0.439802 0.439802 0.439802 0.439802 0.439802 0.439802 0.439802 0.439802 0.439802 0.439802 0.439802 0.439802 0.439802 0.439802 0.439802 0.439802 0.439802 0.439802 0.439802 0.439802 0.439802 0.439802 0.439802 0.439802 0.439802 0.439802 0.439802 0.439802 0.439802 0.439802 0.439802 0.391797 0.439802 0.439802 0.439802 0.439802 0.439802 0.439802 0.439802 0.439802 0.439802 0.42813 0.439802 0.439802 0.439802 0.439802 0.439802 0.439802 0.439802 0.439802 0.439802 0.438395 0.439802 0.439802 0.439802 0.439802 0.439802 0.439802 0.439802 0.439802 0.439802 0.36003 0.439802 0.439802 0.439802 0.439802 0.439802 0.439802 0.439802 0.439802 0.439802 0.438545 0.439802 0.439802 0.439802 0.439802 0.439802 0.439802 0.439802 0.439802 0.439802 0.360812 0.439802 0.439802 0.439802 0.43963 0.439802 0.439802 0.43915 0.439802 0.439802 0.439802 0.439802 0.439802 0.439802 0.360014 0.439802 0.439802 0.439591 0.439802 0.439802 0.439802 0.439802 0.439802 0.439802 0.381152 0.439802 0.439802 0.361641 0.439802 0.439802 0.439802 0.439802 0.439802 0.439802 0.439802 0.439802 0.439802 0.439802 0.439802 0.439802 0.439802 0.439802 0.439802 0.439802 0.439802 0.439802 0.439802 0.439802 0.439802 0.439802 0.439802 0.439802 0.439802 0.439802 0.439802 0.439802 0.439802 0.439802 0.439802 0.439802 0.439802 0.439802 0.439802 0.439802 0.439802 0.439802 0.439802 0.439802 0.439802 0.439802 0.439511 0.439802 0.439802 0.439802 0.439802 0.439802 0.439802 0.439802 0.439802 0.439802 0.360344 0.439802 0.439802 0.439802 0.439802 0.439802 0.439802 0.439802 0.439802 0.439802 0.439112 0.439802 0.439802 0.439802 0.360421 0.439802 0.439802 0.437484 0.439802 0.439802 0.439802 0.439802 0.439802 0.439802 0.426835 0.439802 0.439802 0.360005 0.439802 0.439802 0.439802 0.439802 0.439802 0.439802 0.360003 0.439802 0.439802 0.365417 0.439802 0.439802 0.439802 0.439802 0.439802 0.439802 0.439802 0.439802 0.439802 0.439802 0.439802 0.439802 0.439802 0.439802 0.439802 0.439802 0.439802 0.439802 0.439802 0.439802 0.439802 0.439802 0.439802 0.439802 0.439802 0.439802 0.439802 0.439802 0.439802 0.439802 0.439802 0.439802 0.439802 0.439802 0.439802 0.439802 0.439802 0.439802 0.439802 0.439802 0.439802 0.439802 0.435595 0.439802 0.439802 0.439802 0.439802 0.439802 0.439802 0.439802 0.439802 0.439802 0.360002 0.439802 0.439802 0.439802 0.439802 0.439802 0.439802 0.439802 0.439802 0.439802 0.386991 0.439802 0.439802 0.439802 0.439119 0.439802 0.439802 0.400466 0.439802 0.439802 0.439802 0.439802 0.439802 0.439802 0.434344 0.439802 0.439802 0.431218 0.439802 0.439802 0.439802 0.439802 0.439802 0.439802 0.368541 0.439802 0.439802 0.370608 0.439802 0.439802 0.439802 0.439802 0.439802 0.439802 0.439802 0.439802 0.439802 0.439802 0.439802 0.439802 0.439802 0.439802 0.439802 0.439802 0.439802 0.439802 0.439802 0.439802 0.439802 0.439802 0.439802 0.439802 0.439802 0.439802 0.439802 0.439802 0.439802 0.439802 0.439802 0.439802 0.439802 0.439802 0.439802 0.439802 0.439802 0.439802 0.439802 0.439802 0.439802 0.439802 0.438866 0.439802 0.439802 0.439802 0.439802 0.439802 0.439802 0.439802 0.439802 0.439802 0.439562 0.439802 0.439802 0.439802 0.439802 0.439802 0.439802 0.439802 0.439802 0.439802 0.439193 0.439802 0.439802 0.439802 0.439802 0.439802 0.439802 0.439802 0.439802 0.439802 0.369644 0.439802 0.439802 0.439802 0.439802 0.439802 0.439802 0.439802 0.439802 0.439802 0.360011 0.439802 0.439802 0.439802 0.439802 0.439802 0.439802 0.439802 0.439802 0.439802 0.360004 0.439802 0.439802 0.439802 0.437682 0.439802 0.439802 0.438096 0.439802 0.439802 0.439802 0.439802 0.439802 0.439802 0.436972 0.439802 0.439802 0.436375 0.439802 0.439802 0.439802 0.439802 0.439802 0.439802 0.4369 0.439802 0.439802 0.439439 0.439802 0.439802 0.439802 0.439802 0.439802 0.439802 0.439802 0.439802 0.439802 0.439802 0.439802 0.439802 0.439802 0.439802 0.439802 0.439802 0.439802 0.439802 0.439802 0.439802 0.439802 0.439802 0.439802 0.439802 0.439802 0.439802 0.439802 0.439802 0.439802 0.439802 0.439802 0.439802 0.439802 0.439802 0.439802 0.439802 0.439802 0.439802 0.439802 0.439802 0.439802 0.439802 0.395966 0.439802 0.439802 0.439802 0.439802 0.439802 0.439802 0.439802 0.439802 0.439802 0.360475 0.439802 0.439802 0.439802 0.439802 0.439802 0.439802 0.439802 0.439802 0.439802 0.36 0.439802 0.439802 0.439802 0.361521 0.439802 0.439802 0.43934 0.439802 0.439802 0.439802 0.439802 0.439802 0.439802 0.361063 0.439802 0.439802 0.439435 0.439802 0.439802 0.439802 0.439802 0.439802 0.439802 0.434131 0.439802 0.439802 0.36522 0.439802 0.439802 0.439802 0.439802 0.439802 0.439802 0.439802 0.439802 0.439802 0.439802 0.439802 0.439802 0.439802 0.439802 0.439802 0.439802 0.439802 0.439802 0.439802 0.439802 0.439802 0.439802 0.439802 0.439802 0.439802 0.439802 0.439802 0.439802 0.439802 0.439802 0.439802 0.439802 0.439802 0.439802 0.439802 0.439802 0.439802 0.439802 0.439802 0.439802 0.439802 0.439802 0.360054 0.439802 0.439802 0.439802 0.439802 0.439802 0.439802 0.439802 0.439802 0.439802 0.439576 0.439802 0.439802 0.439802 0.439802 0.439802 0.439802 0.439802 0.439802 0.439802 0.418155 0.439802 0.439802 0.439802 0.360048 0.439802 0.439802 0.378087 0.439802 0.439802 0.439802 0.439802 0.439802 0.439802 0.371319 0.439802 0.439802 0.435133 0.439802 0.439802 0.439802 0.439802 0.439802 0.439802 0.439633 0.439802 0.439802 0.396899 0.439802 0.439802 0.439802 0.439802 0.439802 0.439802 0.439802 0.439802 0.439802 0.439802 0.439802 0.439802 0.439802 0.439802 0.439802 0.439802 0.439802 0.439802 0.439802 0.439802 0.439802 0.439802 0.439802 0.439802 0.439802 0.439802 0.439802 0.439802 0.439802 0.439802 0.439802 0.439802 0.439802 0.439802 0.439802 0.439802 0.439802 0.439802 0.439802 0.439802 0.439802 0.439802 0.424105 0.439802 0.439802 0.439802 0.439802 0.439802 0.439802 0.439802 0.439802 0.439802 0.43869 0.439802 0.439802 0.439802 0.439802 0.439802 0.439802 0.439802 0.439802 0.439802 0.439305 0.439802 0.439802 
0.449753 0.449753 0.449753 0.449753 0.449753 0.449753 0.449753 0.444685 0.449753 0.449753 0.449753 0.449753 0.449753 0.449753 0.449753 0.449753 0.449753 0.350001 0.449753 0.449753 0.449753 0.449753 0.449753 0.449753 0.449753 0.449753 0.449753 0.356034 0.449753 0.449753 0.449753 0.397384 0.449753 0.449753 0.449618 0.449753 0.449753 0.449753 0.449753 0.449753 0.449753 0.449636 0.449753 0.449753 0.350017 0.449753 0.449753 0.449753 0.449753 0.449753 0.449753 0.449234 0.449753 0.449753 0.363014 0.449753 0.449753 0.449753 0.449753 0.449753 0.449753 0.449753 0.449753 0.449753 0.449753 0.449753 0.449753 0.449753 0.449753 0.449753 0.449753 0.449753 0.449753 0.449753 0.449753 0.449753 0.449753 0.449753 0.449753 0.449753 0.449753 0.449753 0.449753 0.449753 0.449753 0.449753 0.449753 0.449753 0.449753 0.449753 0.449753 0.449753 0.449753 0.449753 0.449753 0.449753 0.449753 0.369091 0.449753 0.449753 0.449753 0.449753 0.449753 0.449753 0.449753 0.449753 0.449753 0.449492 0.449753 0.449753 0.449753 0.449753 0.449753 0.449753 0.449753 0.449753 0.449753 0.436117 0.449753 0.449753 0.449753 0.426779 0.449753 0.449753 0.350005 0.449753 0.449753 0.449753 0.449753 0.449753 0.449753 0.35001 0.449753 0.449753 0.350011 0.449753 0.449753 0.449753 0.449753 0.449753 0.449753 0.384265 0.449753 0.449753 0.448276 0.449753 0.449753 0.449753 0.449753 0.449753 0.449753 0.449753 0.449753 0.449753 0.449753 0.449753 0.449753 0.449753 0.449753 0.449753 0.449753 0.449753 0.449753 0.449753 0.449753 0.449753 0.449753 0.449753 0.449753 0.449753 0.449753 0.449753 0.449753 0.449753 0.449753 0.449753 0.449753 0.449753 0.449753 0.449753 0.449753 0.449753 0.449753 0.449753 0.449753 0.449753 0.449753 0.448936 0.449753 0.449753 0.449753 0.449753 0.449753 0.449753 0.449753 0.449753 0.449753 0.374681 0.449753 0.449753 0.449753 0.449753 0.449753 0.449753 0.449753 0.449753 0.449753 0.354459 0.449753 0.449753 0.449753 0.350002 0.449753 0.449753 0.350163 0.449753 0.449753 0.449753 0.449753 0.449753 0.449753 0.429214 0.449753 0.449753 0.350145 0.449753 0.449753 0.449753 0.449753 0.449753 0.449753 0.442221 0.449753 0.449753 0.350025 0.449753 0.449753 0.449753 0.449753 0.449753 0.449753 0.449753 0.449753 0.449753 0.449753 0.449753 0.449753 0.449753 0.449753 0.449753 0.449753 0.449753 0.449753 0.449753 0.449753 0.449753 0.449753 0.449753 0.449753 0.449753 0.449753 0.449753 0.449753 0.449753 0.449753 0.449753 0.449753 0.449753 0.449753 0.449753 0.449753 0.449753 0.449753 0.449753 0.449753 0.449753 0.449753 0.391797 0.449753 0.449753 0.449753 0.449753 0.449753 0.449753 0.449753 0.449753 0.449753 0.435293 0.449753 0.449753 0.449753 0.449753 0.449753 0.449753 0.449753 0.449753 0.449753 0.448039 0.449753 0.449753 0.449753 0.449753 0.449753 0.449753 0.449753 0.449753 0.449753 0.350034 0.449753 0.449753 0.449753 0.449753 0.449753 0.449753 0.449753 0.449753 0.449753 0.448166 0.449753 0.449753 0.449753 0.449753 0.449753 0.449753 0.449753 0.449753 0.449753 0.351202 0.449753 0.449753 0.449753 0.449525 0.449753 0.449753 0.448965 0.449753 0.449753 0.449753 0.449753 0.449753 0.449753 0.350016 0.449753 0.449753 0.449479 0.449753 0.449753 0.449753 0.449753 0.449753 0.449753 0.37928 0.449753 0.449753 0.352141 0.449753 0.449753 0.449753 0.449753 0.449753 0.449753 0.449753 0.449753 0.449753 0.449753 0.449753 0.449753 0.449753 0.449753 0.449753 0.449753 0.449753 0.449753 0.449753 0.449753 0.449753 0.449753 0.449753 0.449753 0.449753 0.449753 0.449753 0.449753 0.449753 0.449753 0.449753 0.449753 0.449753 0.449753 0.449753 0.449753 0.449753 0.449753 0.449753 0.449753 0.449753 0.449753 0.449399 0.449753 0.449753 0.449753 0.449753 0.449753 0.449753 0.449753 0.449753 0.449753 0.350395 0.449753 0.449753 0.449753 0.449753 0.449753 0.449753 0.449753 0.449753 0.449753 0.448909 0.449753 0.449753 0.449753 0.350501 0.449753 0.449753 0.446618 0.449753 0.449753 0.449753 0.449753 0.449753 0.449753 0.433505 0.449753 0.449753 0.350006 0.449753 0.449753 0.449753 0.449753 0.449753 0.449753 0.350004 0.449753 0.449753 0.357231 0.449753 0.449753 0.449753 0.449753 0.449753 0.449753 0.449753 0.449753 0.449753 0.449753 0.449753 0.449753 0.449753 0.449753 0.449753 0.449753 0.449753 0.449753 0.449753 0.449753 0.449753 0.449753 0.449753 0.449753 0.449753 0.449753 0.449753 0.449753 0.449753 0.449753 0.449753 0.449753 0.449753 0.449753 0.449753 0.449753 0.449753 0.449753 0.449753 0.449753 0.449753 0.449753 0.444674 0.449753 0.449753 0.449753 0.449753 0.449753 0.449753 0.449753 0.449753 0.449753 0.350002 0.449753 0.449753 0.449753 0.449753 0.449753 0.449753 0.449753 0.449753 0.449753 0.384666 0.449753 0.449753 0.449753 0.448934 0.449753 0.449753 0.401567 0.449753 0.449753 0.449753 0.449753 0.449753 0.449753 0.442477 0.449753 0.449753 0.438812 0.449753 0.449753 0.449753 0.449753 0.449753 0.449753 0.360354 0.449753 0.449753 0.362178 0.449753 0.449753 0.449753 0.449753 0.449753 0.449753 0.449753 0.449753 0.449753 0.449753 0.449753 0.449753 0.449753 0.449753 0.449753 0.449753 0.449753 0.449753 0.449753 0.449753 0.449753 0.449753 0.449753 0.449753 0.449753 0.449753 0.449753 0.449753 0.449753 0.449753 0.449753 0.449753 0.449753 0.449753 0.449753 0.449753 0.449753 0.449753 0.449753 0.449753 0.449753 0.449753 0.448588 0.449753 0.449753 0.449753 0.449753 0.449753 0.449753 0.449753 0.449753 0.449753 0.449463 0.449753 0.449753 0.449753 0.449753 0.449753 0.449753 0.449753 0.449753 0.449753 0.449049 0.449753 0.449753 0.449753 0.449753 0.449753 0.449753 0.449753 0.449753 0.449753 0.362405 0.449753 0.449753 0.449753 0.449753 0.449753 0.449753 0.449753 0.449753 0.449753 0.350012 0.449753 0.449753 0.449753 0.449753 0.449753 0.449753 0.449753 0.449753 0.449753 0.350006 0.449753 0.449753 0.449753 0.446981 0.449753 0.449753 0.447351 0.449753 0.449753 0.449753 0.449753 0.449753 0.449753 0.446105 0.449753 0.449753 0.445919 0.449753 0.449753 0.449753 0.449753 0.449753 0.449753 0.446178 0.449753 0.449753 0.449315 0.449753 0.449753 0.449753 0.449753 0.449753 0.449753 0.449753 0.449753 0.449753 0.449753 0.449753 0.449753 0.449753 0.449753 0.449753 0.449753 0.449753 0.449753 0.449753 0.449753 0.449753 0.449753 0.449753 0.449753 0.449753 0.449753 0.449753 0.449753 0.449753 0.449753 0.449753 0.449753 0.449753 0.449753 0.449753 0.449753 0.449753 0.449753 0.449753 0.449753 0.449753 0.449753 0.39106 0.449753 0.449753 0.449753 0.449753 0.449753 0.449753 0.449753 0.449753 0.449753 0.350705 0.449753 0.449753 0.449753 0.449753 0.449753 0.449753 0.449753 0.449753 0.449753 0.35 0.449753 0.449753 0.449753 0.351866 0.449753 0.449753 0.4492 0.449753 0.449753 0.449753 0.449753 0.449753 0.449753 0.351254 0.449753 0.449753 0.449267 0.449753 0.449753 0.449753 0.449753 0.449753 0.449753 0.441657 0.449753 0.449753 0.357627 0.449753 0.449753 0.449753 0.449753 0.449753 0.449753 0.449753 0.449753 0.449753 0.449753 0.449753 0.449753 0.449753 0.449753 0.449753 0.449753 0.449753 0.449753 0.449753 0.449753 0.449753 0.449753 0.449753 0.449753 0.449753 0.449753 0.449753 0.449753 0.449753 0.449753 0.449753 0.449753 0.449753 0.449753 0.449753 0.449753 0.449753 0.449753 0.449753 0.449753 0.449753 0.449753 0.350074 0.449753 0.449753 0.449753 0.449753 0.449753 0.449753 0.449753 0.449753 0.449753 0.44948 0.449753 0.449753 0.449753 0.449753 0.449753 0.449753 0.449753 0.449753 0.449753 0.421495 0.449753 0.449753 0.449753 0.350056 0.449753 0.449753 0.372282 0.449753 0.449753 0.449753 0.449753 0.449753 0.449753 0.364563 0.449753 0.449753 0.443928 0.449753 0.449753 0.449753 0.449753 0.449753 0.449753 0.449554 0.449753 0.449753 0.393558 0.449753 0.449753 0.449753 0.449753 0.449753 0.449753 0.449753 0.449753 0.449753 0.449753 0.449753 0.449753 0.449753 0.449753 0.449753 0.449753 0.449753 0.449753 0.449753 0.449753 0.449753 0.449753 0.449753 0.449753 0.449753 0.449753 0.449753 0.449753 0.449753 0.449753 0.449753 0.449753 0.449753 0.449753 0.449753 0.449753 0.449753 0.449753 0.449753 0.449753 0.449753 0.449753 0.428389 0.449753 0.449753 0.449753 0.449753 0.449753 0.449753 0.449753 0.449753 0.449753 0.448345 0.449753 0.449753 0.449753 0.449753 0.449753 0.449753 0.449753 0.449753 0.449753 0.449161 0.449753 0.449753 
0.459703 0.459703 0.459703 0.459703 0.459703 0.459703 0.459703 0.453648 0.459703 0.459703 0.459703 0.459703 0.459703 0.459703 0.459703 0.459703 0.459703 0.340001 0.459703 0.459703 0.459703 0.459703 0.459703 0.459703 0.459703 0.459703 0.459703 0.34639 0.459703 0.459703 0.459703 0.392599 0.459703 0.459703 0.45951 0.459703 0.459703 0.459703 0.459703 0.459703 0.459703 0.459554 0.459703 0.459703 0.340018 0.459703 0.459703 0.459703 0.459703 0.459703 0.459703 0.459081 0.459703 0.459703 0.355105 0.459703 0.459703 0.459703 0.459703 0.459703 0.459703 0.459703 0.459703 0.459703 0.459703 0.459703 0.459703 0.459703 0.459703 0.459703 0.459703 0.459703 0.459703 0.459703 0.459703 0.459703 0.459703 0.459703 0.459703 0.459703 0.459703 0.459703 0.459703 0.459703 0.459703 0.459703 0.459703 0.459703 0.459703 0.459703 0.459703 0.459703 0.459703 0.459703 0.459703 0.459703 0.459703 0.362006 0.459703 0.459703 0.459703 0.459703 0.459703 0.459703 0.459703 0.459703 0.459703 0.459377 0.459703 0.459703 0.459703 0.459703 0.459703 0.459703 0.459703 0.459703 0.459703 0.443356 0.459703 0.459703 0.459703 0.432036 0.459703 0.459703 0.340006 0.459703 0.459703 0.459703 0.459703 0.459703 0.459703 0.340012 0.459703 0.459703 0.340014 0.459703 0.459703 0.459703 0.459703 0.459703 0.459703 0.379603 0.459703 0.459703 0.45792 0.459703 0.459703 0.459703 0.459703 0.459703 0.459703 0.459703 0.459703 0.459703 0.459703 0.459703 0.459703 0.459703 0.459703 0.459703 0.459703 0.459703 0.459703 0.459703 0.459703 0.459703 0.459703 0.459703 0.459703 0.459703 0.459703 0.459703 0.459703 0.459703 0.459703 0.459703 0.459703 0.459703 0.459703 0.459703 0.459703 0.459703 0.459703 0.459703 0.459703 0.459703 0.459703 0.458727 0.459703 0.459703 0.459703 0.459703 0.459703 0.459703 0.459703 0.459703 0.459703 0.374208 0.459703 0.459703 0.459703 0.459703 0.459703 0.459703 0.459703 0.459703 0.459703 0.345251 0.459703 0.459703 0.459703 0.340002 0.459703 0.459703 0.340191 0.459703 0.459703 0.459703 0.459703 0.459703 0.459703 0.434913 0.459703 0.459703 0.34016 0.459703 0.459703 0.459703 0.459703 0.459703 0.459703 0.451152 0.459703 0.459703 0.340033 0.459703 0.459703 0.459703 0.459703 0.459703 0.459703 0.459703 0.459703 0.459703 0.459703 0.459703 0.459703 0.459703 0.459703 0.459703 0.459703 0.459703 0.459703 0.459703 0.459703 0.459703 0.459703 0.459703 0.459703 0.459703 0.459703 0.459703 0.459703 0.459703 0.459703 0.459703 0.459703 0.459703 0.459703 0.459703 0.459703 0.459703 0.459703 0.459703 0.459703 0.459703 0.459703 0.393517 0.459703 0.459703 0.459703 0.459703 0.459703 0.459703 0.459703 0.459703 0.459703 0.442532 0.459703 0.459703 0.459703 0.459703 0.459703 0.459703 0.459703 0.459703 0.459703 0.457683 0.459703 0.459703 0.459703 0.459703 0.459703 0.459703 0.459703 0.459703 0.459703 0.34004 0.459703 0.459703 0.459703 0.459703 0.459703 0.459703 0.459703 0.459703 0.459703 0.457634 0.459703 0.459703 0.459703 0.459703 0.459703 0.459703 0.459703 0.459703 0.459703 0.34148 0.459703 0.459703 0.459703 0.459426 0.459703 0.459703 0.458696 0.459703 0.459703 0.459703 0.459703 0.459703 0.459703 0.340018 0.459703 0.459703 0.459356 0.459703 0.459703 0.459703 0.459703 0.459703 0.459703 0.371256 0.459703 0.459703 0.34229 0.459703 0.459703 0.459703 0.459703 0.459703 0.459703 0.459703 0.459703 0.459703 0.459703 0.459703 0.459703 0.459703 0.459703 0.459703 0.459703 0.459703 0.459703 0.459703 0.459703 0.459703 0.459703 0.459703 0.459703 0.459703 0.459703 0.459703 0.459703 0.459703 0.459703 0.459703 0.459703 0.459703 0.459703 0.459703 0.459703 0.459703 0.459703 0.459703 0.459703 0.459703 0.459703 0.459309 0.459703 0.459703 0.459703 0.459703 0.459703 0.459703 0.459703 0.459703 0.459703 0.34044 0.459703 0.459703 0.459703 0.459703 0.459703 0.459703 0.459703 0.459703 0.459703 0.458699 0.459703 0.459703 0.459703 0.340555 0.459703 0.459703 0.456034 0.459703 0.459703 0.459703 0.459703 0.459703 0.459703 0.440962 0.459703 0.459703 0.340007 0.459703 0.459703 0.459703 0.459703 0.459703 0.459703 0.340004 0.459703 0.459703 0.349097 0.459703 0.459703 0.459703 0.459703 0.459703 0.459703 0.459703 0.459703 0.459703 0.459703 0.459703 0.459703 0.459703 0.459703 0.459703 0.459703 0.459703 0.459703 0.459703 0.459703 0.459703 0.459703 0.459703 0.459703 0.459703 0.459703 0.459703 0.459703 0.459703 0.459703 0.459703 0.459703 0.459703 0.459703 0.459703 0.459703 0.459703 0.459703 0.459703 0.459703 0.459703 0.459703 0.452754 0.459703 0.459703 0.459703 0.459703 0.459703 0.459703 0.459703 0.459703 0.459703 0.340003 0.459703 0.459703 0.459703 0.459703 0.459703 0.459703 0.459703 0.459703 0.459703 0.380383 0.459703 0.459703 0.459703 0.458711 0.459703 0.459703 0.403287 0.459703 0.459703 0.459703 0.459703 0.459703 0.459703 0.450907 0.459703 0.459703 0.445211 0.459703 0.459703 0.459703 0.459703 0.459703 0.459703 0.351595 0.459703 0.459703 0.354939 0.459703 0.459703 0.459703 0.459703 0.459703 0.459703 0.459703 0.459703 0.459703 0.459703 0.459703 0.459703 0.459703 0.459703 0.459703 0.459703 0.459703 0.459703 0.459703 0.459703 0.459703 0.459703 0.459703 0.459703 0.459703 0.459703 0.459703 0.459703 0.459703 0.459703 0.459703 0.459703 0.459703 0.459703 0.459703 0.459703 0.459703 0.459703 0.459703 0.459703 0.459703 0.459703 0.458221 0.459703 0.459703 0.459703 0.459703 0.459703 0.459703 0.459703 0.459703 0.459703 0.45934 0.459703 0.459703 0.459703 0.459703 0.459703 0.459703 0.459703 0.459703 0.459703 0.458885 0.459703 0.459703 0.459703 0.459703 0.459703 0.459703 0.459703 0.459703 0.459703 0.354878 0.459703 0.459703 0.459703 0.459703 0.459703 0.459703 0.459703 0.459703 0.459703 0.340017 0.459703 0.459703 0.459703 0.459703 0.459703 0.459703 0.459703 0.459703 0.459703 0.340009 0.459703 0.459703 0.459703 0.456302 0.459703 0.459703 0.456802 0.459703 0.459703 0.459703 0.459703 0.459703 0.459703 0.454936 0.459703 0.459703 0.455128 0.459703 0.459703 0.459703 0.459703 0.459703 0.459703 0.455311 0.459703 0.459703 0.459203 0.459703 0.459703 0.459703 0.459703 0.459703 0.459703 0.459703 0.459703 0.459703 0.459703 0.459703 0.459703 0.459703 0.459703 0.459703 0.459703 0.459703 0.459703 0.459703 0.459703 0.459703 0.459703 0.459703 0.459703 0.459703 0.459703 0.459703 0.459703 0.459703 0.459703 0.459703 0.459703 0.459703 0.459703 0.459703 0.459703 0.459703 0.459703 0.459703 0.459703 0.459703 0.459703 0.390744 0.459703 0.459703 0.459703 0.459703 0.459703 0.459703 0.459703 0.459703 0.459703 0.34081 0.459703 0.459703 0.459703 0.459703 0.459703 0.459703 0.459703 0.459703 0.459703 0.34 0.459703 0.459703 0.459703 0.342181 0.459703 0.459703 0.459069 0.459703 0.459703 0.459703 0.459703 0.459703 0.459703 0.34154 0.459703 0.459703 0.459104 0.459703 0.459703 0.459703 0.459703 0.459703 0.459703 0.450379 0.459703 0.459703 0.348394 0.459703 0.459703 0.459703 0.459703 0.459703 0.459703 0.459703 0.459703 0.459703 0.459703 0.459703 0.459703 0.459703 0.459703 0.459703 0.459703 0.459703 0.459703 0.459703 0.459703 0.459703 0.459703 0.459703 0.459703 0.459703 0.459703 0.459703 0.459703 0.459703 0.459703 0.459703 0.459703 0.459703 0.459703 0.459703 0.459703 0.459703 0.459703 0.459703 0.459703 0.459703 0.459703 0.340081 0.459703 0.459703 0.459703 0.459703 0.459703 0.459703 0.459703 0.459703 0.459703 0.45939 0.459703 0.459703 0.459703 0.459703 0.459703 0.459703 0.459703 0.459703 0.459703 0.42628 0.459703 0.459703 0.459703 0.340073 0.459703 0.459703 0.365119 0.459703 0.459703 0.459703 0.459703 0.459703 0.459703 0.357893 0.459703 0.459703 0.452612 0.459703 0.459703 0.459703 0.459703 0.459703 0.459703 0.45947 0.459703 0.459703 0.391084 0.459703 0.459703 0.459703 0.459703 0.459703 0.459703 0.459703 0.459703 0.459703 0.459703 0.459703 0.459703 0.459703 0.459703 0.459703 0.459703 0.459703 0.459703 0.459703 0.459703 0.459703 0.459703 0.459703 0.459703 0.459703 0.459703 0.459703 0.459703 0.459703 0.459703 0.459703 0.459703 0.459703 0.459703 0.459703 0.459703 0.459703 0.459703 0.459703 0.459703 0.459703 0.459703 0.433981 0.459703 0.459703 0.459703 0.459703 0.459703 0.459703 0.459703 0.459703 0.459703 0.45801 0.459703 0.459703 0.459703 0.459703 0.459703 0.459703 0.459703 0.459703 0.459703 0.458951 0.459703 0.459703 
0.469654 0.469654 0.469654 0.469654 0.469654 0.469654 0.469654 0.46264 0.469654 0.469654 0.469654 0.469654 0.469654 0.469654 0.469654 0.469654 0.469654 0.330001 0.469654 0.469654 0.469654 0.469654 0.469654 0.469654 0.469654 0.469654 0.469654 0.336956 0.469654 0.469654 0.469654 0.390727 0.469654 0.469654 0.46945 0.469654 0.469654 0.469654 0.469654 0.469654 0.469654 0.469484 0.469654 0.469654 0.330021 0.469654 0.469654 0.469654 0.469654 0.469654 0.469654 0.468954 0.469654 0.469654 0.346972 0.469654 0.469654 0.469654 0.469654 0.469654 0.469654 0.469654 0.469654 0.469654 0.469654 0.469654 0.469654 0.469654 0.469654 0.469654 0.469654 0.469654 0.469654 0.469654 0.469654 0.469654 0.469654 0.469654 0.469654 0.469654 0.469654 0.469654 0.469654 0.469654 0.469654 0.469654 0.469654 0.469654 0.469654 0.469654 0.469654 0.469654 0.469654 0.469654 0.469654 0.469654 0.469654 0.358665 0.469654 0.469654 0.469654 0.469654 0.469654 0.469654 0.469654 0.469654 0.469654 0.469278 0.469654 0.469654 0.469654 0.469654 0.469654 0.469654 0.469654 0.469654 0.469654 0.44966 0.469654 0.469654 0.469654 0.438793 0.469654 0.469654 0.330007 0.469654 0.469654 0.469654 0.469654 0.469654 0.469654 0.330016 0.469654 0.469654 0.330016 0.469654 0.469654 0.469654 0.469654 0.469654 0.469654 0.375714 0.469654 0.469654 0.467704 0.469654 0.469654 0.469654 0.469654 0.469654 0.469654 0.469654 0.469654 0.469654 0.469654 0.469654 0.469654 0.469654 0.469654 0.469654 0.469654 0.469654 0.469654 0.469654 0.469654 0.469654 0.469654 0.469654 0.469654 0.469654 0.469654 0.469654 0.469654 0.469654 0.469654 0.469654 0.469654 0.469654 0.469654 0.469654 0.469654 0.469654 0.469654 0.469654 0.469654 0.469654 0.469654 0.468496 0.469654 0.469654 0.469654 0.469654 0.469654 0.469654 0.469654 0.469654 0.469654 0.368951 0.469654 0.469654 0.469654 0.469654 0.469654 0.469654 0.469654 0.469654 0.469654 0.336144 0.469654 0.469654 0.469654 0.330003 0.469654 0.469654 0.330204 0.469654 0.469654 0.469654 0.469654 0.469654 0.469654 0.442299 0.469654 0.469654 0.330179 0.469654 0.469654 0.469654 0.469654 0.469654 0.469654 0.45939 0.469654 0.469654 0.330042 0.469654 0.469654 0.469654 0.469654 0.469654 0.469654 0.469654 0.469654 0.469654 0.469654 0.469654 0.469654 0.469654 0.469654 0.469654 0.469654 0.469654 0.469654 0.469654 0.469654 0.469654 0.469654 0.469654 0.469654 0.469654 0.469654 0.469654 0.469654 0.469654 0.469654 0.469654 0.469654 0.469654 0.469654 0.469654 0.469654 0.469654 0.469654 0.469654 0.469654 0.469654 0.469654 0.389363 0.469654 0.469654 0.469654 0.469654 0.469654 0.469654 0.469654 0.469654 0.469654 0.449202 0.469654 0.469654 0.469654 0.469654 0.469654 0.469654 0.469654 0.469654 0.469654 0.467062 0.469654 0.469654 0.469654 0.469654 0.469654 0.469654 0.469654 0.469654 0.469654 0.330051 0.469654 0.469654 0.469654 0.469654 0.469654 0.469654 0.469654 0.469654 0.469654 0.467289 0.469654 0.469654 0.469654 0.469654 0.469654 0.469654 0.469654 0.469654 0.469654 0.331595 0.469654 0.469654 0.469654 0.469347 0.469654 0.469654 0.468465 0.469654 0.469654 0.469654 0.469654 0.469654 0.469654 0.330023 0.469654 0.469654 0.469212 0.469654 0.469654 0.469654 0.469654 0.469654 0.469654 0.367234 0.469654 0.469654 0.332604 0.469654 0.469654 0.469654 0.469654 0.469654 0.469654 0.469654 0.469654 0.469654 0.469654 0.469654 0.469654 0.469654 0.469654 0.469654 0.469654 0.469654 0.469654 0.469654 0.469654 0.469654 0.469654 0.469654 0.469654 0.469654 0.469654 0.469654 0.469654 0.469654 0.469654 0.469654 0.469654 0.469654 0.469654 0.469654 0.469654 0.469654 0.469654 0.469654 0.469654 0.469654 0.469654 0.469222 0.469654 0.469654 0.469654 0.469654 0.469654 0.469654 0.469654 0.469654 0.469654 0.330471 0.469654 0.469654 0.469654 0.469654 0.469654 0.469654 0.469654 0.469654 0.469654 0.468454 0.469654 0.469654 0.469654 0.330632 0.469654 0.469654 0.465267 0.469654 0.469654 0.469654 0.469654 0.469654 0.469654 0.448419 0.469654 0.469654 0.330009 0.469654 0.469654 0.469654 0.469654 0.469654 0.469654 0.330005 0.469654 0.469654 0.340104 0.469654 0.469654 0.469654 0.469654 0.469654 0.469654 0.469654 0.469654 0.469654 0.469654 0.469654 0.469654 0.469654 0.469654 0.469654 0.469654 0.469654 0.469654 0.469654 0.469654 0.469654 0.469654 0.469654 0.469654 0.469654 0.469654 0.469654 0.469654 0.469654 0.469654 0.469654 0.469654 0.469654 0.469654 0.469654 0.469654 0.469654 0.469654 0.469654 0.469654 0.469654 0.469654 0.462053 0.469654 0.469654 0.469654 0.469654 0.469654 0.469654 0.469654 0.469654 0.469654 0.330003 0.469654 0.469654 0.469654 0.469654 0.469654 0.469654 0.469654 0.469654 0.469654 0.376628 0.469654 0.469654 0.469654 0.46852 0.469654 0.469654 0.403287 0.469654 0.469654 0.469654 0.469654 0.469654 0.469654 0.459195 0.469654 0.469654 0.451609 0.469654 0.469654 0.469654 0.469654 0.469654 0.469654 0.342765 0.469654 0.469654 0.346217 0.469654 0.469654 0.469654 0.469654 0.469654 0.469654 0.469654 0.469654 0.469654 0.469654 0.469654 0.469654 0.469654 0.469654 0.469654 0.469654 0.469654 0.469654 0.469654 0.469654 0.469654 0.469654 0.469654 0.469654 0.469654 0.469654 0.469654 0.469654 0.469654 0.469654 0.469654 0.469654 0.469654 0.469654 0.469654 0.469654 0.469654 0.469654 0.469654 0.469654 0.469654 0.469654 0.46783 0.469654 0.469654 0.469654 0.469654 0.469654 0.469654 0.469654 0.469654 0.469654 0.469231 0.469654 0.469654 0.469654 0.469654 0.469654 0.469654 0.469654 0.469654 0.469654 0.468695 0.469654 0.469654 0.469654 0.469654 0.469654 0.469654 0.469654 0.469654 0.469654 0.34867 0.469654 0.469654 0.469654 0.469654 0.469654 0.469654 0.469654 0.469654 0.469654 0.330021 0.469654 0.469654 0.469654 0.469654 0.469654 0.469654 0.469654 0.469654 0.469654 0.33001 0.469654 0.469654 0.469654 0.465643 0.469654 0.469654 0.46608 0.469654 0.469654 0.469654 0.469654 0.469654 0.469654 0.463619 0.469654 0.469654 0.464287 0.469654 0.469654 0.469654 0.469654 0.469654 0.469654 0.464566 0.469654 0.469654 0.469059 0.469654 0.469654 0.469654 0.469654 0.469654 0.469654 0.469654 0.469654 0.469654 0.469654 0.469654 0.469654 0.469654 0.469654 0.469654 0.469654 0.469654 0.469654 0.469654 0.469654 0.469654 0.469654 0.469654 0.469654 0.469654 0.469654 0.469654 0.469654 0.469654 0.469654 0.469654 0.469654 0.469654 0.469654 0.469654 0.469654 0.469654 0.469654 0.469654 0.469654 0.469654 0.469654 0.389178 0.469654 0.469654 0.469654 0.469654 0.469654 0.469654 0.469654 0.469654 0.469654 0.330898 0.469654 0.469654 0.469654 0.469654 0.469654 0.469654 0.469654 0.469654 0.469654 0.33 0.469654 0.469654 0.469654 0.332537 0.469654 0.469654 0.468906 0.469654 0.469654 0.469654 0.469654 0.469654 0.469654 0.331996 0.469654 0.469654 0.468981 0.469654 0.469654 0.469654 0.469654 0.469654 0.469654 0.459023 0.469654 0.469654 0.339464 0.469654 0.469654 0.469654 0.469654 0.469654 0.469654 0.469654 0.469654 0.469654 0.469654 0.469654 0.469654 0.469654 0.469654 0.469654 0.469654 0.469654 0.469654 0.469654 0.469654 0.469654 0.469654 0.469654 0.469654 0.469654 0.469654 0.469654 0.469654 0.469654 0.469654 0.469654 0.469654 0.469654 0.469654 0.469654 0.469654 0.469654 0.469654 0.469654 0.469654 0.469654 0.469654 0.330087 0.469654 0.469654 0.469654 0.469654 0.469654 0.469654 0.469654 0.469654 0.469654 0.469271 0.469654 0.469654 0.469654 0.469654 0.469654 0.469654 0.469654 0.469654 0.469654 0.43017 0.469654 0.469654 0.469654 0.330081 0.469654 0.469654 0.357733 0.469654 0.469654 0.469654 0.469654 0.469654 0.469654 0.349926 0.469654 0.469654 0.461691 0.469654 0.469654 0.469654 0.469654 0.469654 0.469654 0.469374 0.469654 0.469654 0.389518 0.469654 0.469654 0.469654 0.469654 0.469654 0.469654 0.469654 0.469654 0.469654 0.469654 0.469654 0.469654 0.469654 0.469654 0.469654 0.469654 0.469654 0.469654 0.469654 0.469654 0.469654 0.469654 0.469654 0.469654 0.469654 0.469654 0.469654 0.469654 0.469654 0.469654 0.469654 0.469654 0.469654 0.469654 0.469654 0.469654 0.469654 0.469654 0.469654 0.469654 0.469654 0.469654 0.43787 0.469654 0.469654 0.469654 0.469654 0.469654 0.469654 0.469654 0.469654 0.469654 0.467757 0.469654 0.469654 0.469654 0.469654 0.469654 0.469654 0.469654 0.469654 0.469654 0.468803 0.469654 0.469654 
0.479604 0.479604 0.479604 0.479604 0.479604 0.479604 0.479604 0.471918 0.479604 0.479604 0.479604 0.479604 0.479604 0.479604 0.479604 0.479604 0.479604 0.320001 0.479604 0.479604 0.479604 0.479604 0.479604 0.479604 0.479604 0.479604 0.479604 0.328025 0.479604 0.479604 0.479604 0.389161 0.479604 0.479604 0.479371 0.479604 0.479604 0.479604 0.479604 0.479604 0.479604 0.479405 0.479604 0.479604 0.320024 0.479604 0.479604 0.479604 0.479604 0.479604 0.479604 0.478814 0.479604 0.479604 0.338496 0.479604 0.479604 0.479604 0.479604 0.479604 0.479604 0.479604 0.479604 0.479604 0.479604 0.479604 0.479604 0.479604 0.479604 0.479604 0.479604 0.479604 0.479604 0.479604 0.479604 0.479604 0.479604 0.479604 0.479604 0.479604 0.479604 0.479604 0.479604 0.479604 0.479604 0.479604 0.479604 0.479604 0.479604 0.479604 0.479604 0.479604 0.479604 0.479604 0.479604 0.479604 0.479604 0.354382 0.479604 0.479604 0.479604 0.479604 0.479604 0.479604 0.479604 0.479604 0.479604 0.479155 0.479604 0.479604 0.479604 0.479604 0.479604 0.479604 0.479604 0.479604 0.479604 0.454802 0.479604 0.479604 0.479604 0.443699 0.479604 0.479604 0.320008 0.479604 0.479604 0.479604 0.479604 0.479604 0.479604 0.320019 0.479604 0.479604 0.320018 0.479604 0.479604 0.479604 0.479604 0.479604 0.479604 0.370929 0.479604 0.479604 0.477288 0.479604 0.479604 0.479604 0.479604 0.479604 0.479604 0.479604 0.479604 0.479604 0.479604 0.479604 0.479604 0.479604 0.479604 0.479604 0.479604 0.479604 0.479604 0.479604 0.479604 0.479604 0.479604 0.479604 0.479604 0.479604 0.479604 0.479604 0.479604 0.479604 0.479604 0.479604 0.479604 0.479604 0.479604 0.479604 0.479604 0.479604 0.479604 0.479604 0.479604 0.479604 0.479604 0.478323 0.479604 0.479604 0.479604 0.479604 0.479604 0.479604 0.479604 0.479604 0.479604 0.364797 0.479604 0.479604 0.479604 0.479604 0.479604 0.479604 0.479604 0.479604 0.479604 0.32776 0.479604 0.479604 0.479604 0.320003 0.479604 0.479604 0.320232 0.479604 0.479604 0.479604 0.479604 0.479604 0.479604 0.448104 0.479604 0.479604 0.320191 0.479604 0.479604 0.479604 0.479604 0.479604 0.479604 0.467469 0.479604 0.479604 0.320046 0.479604 0.479604 0.479604 0.479604 0.479604 0.479604 0.479604 0.479604 0.479604 0.479604 0.479604 0.479604 0.479604 0.479604 0.479604 0.479604 0.479604 0.479604 0.479604 0.479604 0.479604 0.479604 0.479604 0.479604 0.479604 0.479604 0.479604 0.479604 0.479604 0.479604 0.479604 0.479604 0.479604 0.479604 0.479604 0.479604 0.479604 0.479604 0.479604 0.479604 0.479604 0.479604 0.390929 0.479604 0.479604 0.479604 0.479604 0.479604 0.479604 0.479604 0.479604 0.479604 0.457388 0.479604 0.479604 0.479604 0.479604 0.479604 0.479604 0.479604 0.479604 0.479604 0.476647 0.479604 0.479604 0.479604 0.479604 0.479604 0.479604 0.479604 0.479604 0.479604 0.320057 0.479604 0.479604 0.479604 0.479604 0.479604 0.479604 0.479604 0.479604 0.479604 0.476993 0.479604 0.479604 0.479604 0.479604 0.479604 0.479604 0.479604 0.479604 0.479604 0.321759 0.479604 0.479604 0.479604 0.47927 0.479604 0.479604 0.478321 0.479604 0.479604 0.479604 0.479604 0.479604 0.479604 0.320028 0.479604 0.479604 0.479049 0.479604 0.479604 0.479604 0.479604 0.479604 0.479604 0.363754 0.479604 0.479604 0.323153 0.479604 0.479604 0.479604 0.479604 0.479604 0.479604 0.479604 0.479604 0.479604 0.479604 0.479604 0.479604 0.479604 0.479604 0.479604 0.479604 0.479604 0.479604 0.479604 0.479604 0.479604 0.479604 0.479604 0.479604 0.479604 0.479604 0.479604 0.479604 0.479604 0.479604 0.479604 0.479604 0.479604 0.479604 0.479604 0.479604 0.479604 0.479604 0.479604 0.479604 0.479604 0.479604 0.47912 0.479604 0.479604 0.479604 0.479604 0.479604 0.479604 0.479604 0.479604 0.479604 0.32051 0.479604 0.479604 0.479604 0.479604 0.479604 0.479604 0.479604 0.479604 0.479604 0.478269 0.479604 0.479604 0.479604 0.320706 0.479604 0.479604 0.474864 0.479604 0.479604 0.479604 0.479604 0.479604 0.479604 0.455175 0.479604 0.479604 0.32001 0.479604 0.479604 0.479604 0.479604 0.479604 0.479604 0.320006 0.479604 0.479604 0.333099 0.479604 0.479604 0.479604 0.479604 0.479604 0.479604 0.479604 0.479604 0.479604 0.479604 0.479604 0.479604 0.479604 0.479604 0.479604 0.479604 0.479604 0.479604 0.479604 0.479604 0.479604 0.479604 0.479604 0.479604 0.479604 0.479604 0.479604 0.479604 0.479604 0.479604 0.479604 0.479604 0.479604 0.479604 0.479604 0.479604 0.479604 0.479604 0.479604 0.479604 0.479604 0.479604 0.471105 0.479604 0.479604 0.479604 0.479604 0.479604 0.479604 0.479604 0.479604 0.479604 0.320003 0.479604 0.479604 0.479604 0.479604 0.479604 0.479604 0.479604 0.479604 0.479604 0.374453 0.479604 0.479604 0.479604 0.478323 0.479604 0.479604 0.406905 0.479604 0.479604 0.479604 0.479604 0.479604 0.479604 0.467275 0.479604 0.479604 0.459897 0.479604 0.479604 0.479604 0.479604 0.479604 0.479604 0.334081 0.479604 0.479604 0.339636 0.479604 0.479604 0.479604 0.479604 0.479604 0.479604 0.479604 0.479604 0.479604 0.479604 0.479604 0.479604 0.479604 0.479604 0.479604 0.479604 0.479604 0.479604 0.479604 0.479604 0.479604 0.479604 0.479604 0.479604 0.479604 0.479604 0.479604 0.479604 0.479604 0.479604 0.479604 0.479604 0.479604 0.479604 0.479604 0.479604 0.479604 0.479604 0.479604 0.479604 0.479604 0.479604 0.477516 0.479604 0.479604 0.479604 0.479604 0.479604 0.479604 0.479604 0.479604 0.479604 0.479126 0.479604 0.479604 0.479604 0.479604 0.479604 0.479604 0.479604 0.479604 0.479604 0.47836 0.479604 0.479604 0.479604 0.479604 0.479604 0.479604 0.479604 0.479604 0.479604 0.341214 0.479604 0.479604 0.479604 0.479604 0.479604 0.479604 0.479604 0.479604 0.479604 0.320023 0.479604 0.479604 0.479604 0.479604 0.479604 0.479604 0.479604 0.479604 0.479604 0.320011 0.479604 0.479604 0.479604 0.474827 0.479604 0.479604 0.475756 0.479604 0.479604 0.479604 0.479604 0.479604 0.479604 0.47294 0.479604 0.479604 0.473587 0.479604 0.479604 0.479604 0.479604 0.479604 0.479604 0.47421 0.479604 0.479604 0.47892 0.479604 0.479604 0.479604 0.479604 0.479604 0.479604 0.479604 0.479604 0.479604 0.479604 0.479604 0.479604 0.479604 0.479604 0.479604 0.479604 0.479604 0.479604 0.479604 0.479604 0.479604 0.479604 0.479604 0.479604 0.479604 0.479604 0.479604 0.479604 0.479604 0.479604 0.479604 0.479604 0.479604 0.479604 0.479604 0.479604 0.479604 0.479604 0.479604 0.479604 0.479604 0.479604 0.389178 0.479604 0.479604 0.479604 0.479604 0.479604 0.479604 0.479604 0.479604 0.479604 0.321017 0.479604 0.479604 0.479604 0.479604 0.479604 0.479604 0.479604 0.479604 0.479604 0.320001 0.479604 0.479604 0.479604 0.322806 0.479604 0.479604 0.478743 0.479604 0.479604 0.479604 0.479604 0.479604 0.479604 0.322364 0.479604 0.479604 0.478827 0.479604 0.479604 0.479604 0.479604 0.479604 0.479604 0.467627 0.479604 0.479604 0.330231 0.479604 0.479604 0.479604 0.479604 0.479604 0.479604 0.479604 0.479604 0.479604 0.479604 0.479604 0.479604 0.479604 0.479604 0.479604 0.479604 0.479604 0.479604 0.479604 0.479604 0.479604 0.479604 0.479604 0.479604 0.479604 0.479604 0.479604 0.479604 0.479604 0.479604 0.479604 0.479604 0.479604 0.479604 0.479604 0.479604 0.479604 0.479604 0.479604 0.479604 0.479604 0.479604 0.320101 0.479604 0.479604 0.479604 0.479604 0.479604 0.479604 0.479604 0.479604 0.479604 0.479166 0.479604 0.479604 0.479604 0.479604 0.479604 0.479604 0.479604 0.479604 0.479604 0.434832 0.479604 0.479604 0.479604 0.320094 0.479604 0.479604 0.352251 0.479604 0.479604 0.479604 0.479604 0.479604 0.479604 0.342139 0.479604 0.479604 0.470167 0.479604 0.479604 0.479604 0.479604 0.479604 0.479604 0.479269 0.479604 0.479604 0.390775 0.479604 0.479604 0.479604 0.479604 0.479604 0.479604 0.479604 0.479604 0.479604 0.479604 0.479604 0.479604 0.479604 0.479604 0.479604 0.479604 0.479604 0.479604 0.479604 0.479604 0.479604 0.479604 0.479604 0.479604 0.479604 0.479604 0.479604 0.479604 0.479604 0.479604 0.479604 0.479604 0.479604 0.479604 0.479604 0.479604 0.479604 0.479604 0.479604 0.479604 0.479604 0.479604 0.442532 0.479604 0.479604 0.479604 0.479604 0.479604 0.479604 0.479604 0.479604 0.479604 0.477287 0.479604 0.479604 0.479604 0.479604 0.479604 0.479604 0.479604 0.479604 0.479604 0.478623 0.479604 0.479604 
0.489555 0.489555 0.489555 0.489555 0.489555 0.489555 0.489555 0.480677 0.489555 0.489555 0.489555 0.489555 0.489555 0.489555 0.489555 0.489555 0.489555 0.310001 0.489555 0.489555 0.489555 0.489555 0.489555 0.489555 0.489555 0.489555 0.489555 0.318541 0.489555 0.489555 0.489555 0.384623 0.489555 0.489555 0.489278 0.489555 0.489555 0.489555 0.489555 0.489555 0.489555 0.489343 0.489555 0.489555 0.310028 0.489555 0.489555 0.489555 0.489555 0.489555 0.489555 0.488646 0.489555 0.489555 0.330588 0.489555 0.489555 0.489555 0.489555 0.489555 0.489555 0.489555 0.489555 0.489555 0.489555 0.489555 0.489555 0.489555 0.489555 0.489555 0.489555 0.489555 0.489555 0.489555 0.489555 0.489555 0.489555 0.489555 0.489555 0.489555 0.489555 0.489555 0.489555 0.489555 0.489555 0.489555 0.489555 0.489555 0.489555 0.489555 0.489555 0.489555 0.489555 0.489555 0.489555 0.489555 0.489555 0.347376 0.489555 0.489555 0.489555 0.489555 0.489555 0.489555 0.489555 0.489555 0.489555 0.489053 0.489555 0.489555 0.489555 0.489555 0.489555 0.489555 0.489555 0.489555 0.489555 0.461559 0.489555 0.489555 0.489555 0.448841 0.489555 0.489555 0.31001 0.489555 0.489555 0.489555 0.489555 0.489555 0.489555 0.31002 0.489555 0.489555 0.310019 0.489555 0.489555 0.489555 0.489555 0.489555 0.489555 0.365904 0.489555 0.489555 0.486872 0.489555 0.489555 0.489555 0.489555 0.489555 0.489555 0.489555 0.489555 0.489555 0.489555 0.489555 0.489555 0.489555 0.489555 0.489555 0.489555 0.489555 0.489555 0.489555 0.489555 0.489555 0.489555 0.489555 0.489555 0.489555 0.489555 0.489555 0.489555 0.489555 0.489555 0.489555 0.489555 0.489555 0.489555 0.489555 0.489555 0.489555 0.489555 0.489555 0.489555 0.489555 0.489555 0.488143 0.489555 0.489555 0.489555 0.489555 0.489555 0.489555 0.489555 0.489555 0.489555 0.360385 0.489555 0.489555 0.489555 0.489555 0.489555 0.489555 0.489555 0.489555 0.489555 0.318653 0.489555 0.489555 0.489555 0.310003 0.489555 0.489555 0.310266 0.489555 0.489555 0.489555 0.489555 0.489555 0.489555 0.452889 0.489555 0.489555 0.310204 0.489555 0.489555 0.489555 0.489555 0.489555 0.489555 0.475129 0.489555 0.489555 0.310055 0.489555 0.489555 0.489555 0.489555 0.489555 0.489555 0.489555 0.489555 0.489555 0.489555 0.489555 0.489555 0.489555 0.489555 0.489555 0.489555 0.489555 0.489555 0.489555 0.489555 0.489555 0.489555 0.489555 0.489555 0.489555 0.489555 0.489555 0.489555 0.489555 0.489555 0.489555 0.489555 0.489555 0.489555 0.489555 0.489555 0.489555 0.489555 0.489555 0.489555 0.489555 0.489555 0.392185 0.489555 0.489555 0.489555 0.489555 0.489555 0.489555 0.489555 0.489555 0.489555 0.463692 0.489555 0.489555 0.489555 0.489555 0.489555 0.489555 0.489555 0.489555 0.489555 0.486312 0.489555 0.489555 0.489555 0.489555 0.489555 0.489555 0.489555 0.489555 0.489555 0.310063 0.489555 0.489555 0.489555 0.489555 0.489555 0.489555 0.489555 0.489555 0.489555 0.486578 0.489555 0.489555 0.489555 0.489555 0.489555 0.489555 0.489555 0.489555 0.489555 0.312138 0.489555 0.489555 0.489555 0.489186 0.489555 0.489555 0.488098 0.489555 0.489555 0.489555 0.489555 0.489555 0.489555 0.310032 0.489555 0.489555 0.488947 0.489555 0.489555 0.489555 0.489555 0.489555 0.489555 0.360986 0.489555 0.489555 0.313701 0.489555 0.489555 0.489555 0.489555 0.489555 0.489555 0.489555 0.489555 0.489555 0.489555 0.489555 0.489555 0.489555 0.489555 0.489555 0.489555 0.489555 0.489555 0.489555 0.489555 0.489555 0.489555 0.489555 0.489555 0.489555 0.489555 0.489555 0.489555 0.489555 0.489555 0.489555 0.489555 0.489555 0.489555 0.489555 0.489555 0.489555 0.489555 0.489555 0.489555 0.489555 0.489555 0.489021 0.489555 0.489555 0.489555 0.489555 0.489555 0.489555 0.489555 0.489555 0.489555 0.310548 0.489555 0.489555 0.489555 0.489555 0.489555 0.489555 0.489555 0.489555 0.489555 0.488008 0.489555 0.489555 0.489555 0.310776 0.489555 0.489555 0.484262 0.489555 0.489555 0.489555 0.489555 0.489555 0.489555 0.462016 0.489555 0.489555 0.310012 0.489555 0.489555 0.489555 0.489555 0.489555 0.489555 0.310007 0.489555 0.489555 0.324912 0.489555 0.489555 0.489555 0.489555 0.489555 0.489555 0.489555 0.489555 0.489555 0.489555 0.489555 0.489555 0.489555 0.489555 0.489555 0.489555 0.489555 0.489555 0.489555 0.489555 0.489555 0.489555 0.489555 0.489555 0.489555 0.489555 0.489555 0.489555 0.489555 0.489555 0.489555 0.489555 0.489555 0.489555 0.489555 0.489555 0.489555 0.489555 0.489555 0.489555 0.489555 0.489555 0.480337 0.489555 0.489555 0.489555 0.489555 0.489555 0.489555 0.489555 0.489555 0.489555 0.310004 0.489555 0.489555 0.489555 0.489555 0.489555 0.489555 0.489555 0.489555 0.489555 0.372278 0.489555 0.489555 0.489555 0.488113 0.489555 0.489555 0.405804 0.489555 0.489555 0.489555 0.489555 0.489555 0.489555 0.475794 0.489555 0.489555 0.466982 0.489555 0.489555 0.489555 0.489555 0.489555 0.489555 0.326058 0.489555 0.489555 0.331912 0.489555 0.489555 0.489555 0.489555 0.489555 0.489555 0.489555 0.489555 0.489555 0.489555 0.489555 0.489555 0.489555 0.489555 0.489555 0.489555 0.489555 0.489555 0.489555 0.489555 0.489555 0.489555 0.489555 0.489555 0.489555 0.489555 0.489555 0.489555 0.489555 0.489555 0.489555 0.489555 0.489555 0.489555 0.489555 0.489555 0.489555 0.489555 0.489555 0.489555 0.489555 0.489555 0.487149 0.489555 0.489555 0.489555 0.489555 0.489555 0.489555 0.489555 0.489555 0.489555 0.489003 0.489555 0.489555 0.489555 0.489555 0.489555 0.489555 0.489555 0.489555 0.489555 0.488197 0.489555 0.489555 0.489555 0.489555 0.489555 0.489555 0.489555 0.489555 0.489555 0.335732 0.489555 0.489555 0.489555 0.489555 0.489555 0.489555 0.489555 0.489555 0.489555 0.310028 0.489555 0.489555 0.489555 0.489555 0.489555 0.489555 0.489555 0.489555 0.489555 0.310012 0.489555 0.489555 0.489555 0.483986 0.489555 0.489555 0.485136 0.489555 0.489555 0.489555 0.489555 0.489555 0.489555 0.482511 0.489555 0.489555 0.482417 0.489555 0.489555 0.489555 0.489555 0.489555 0.489555 0.483344 0.489555 0.489555 0.488815 0.489555 0.489555 0.489555 0.489555 0.489555 0.489555 0.489555 0.489555 0.489555 0.489555 0.489555 0.489555 0.489555 0.489555 0.489555 0.489555 0.489555 0.489555 0.489555 0.489555 0.489555 0.489555 0.489555 0.489555 0.489555 0.489555 0.489555 0.489555 0.489555 0.489555 0.489555 0.489555 0.489555 0.489555 0.489555 0.489555 0.489555 0.489555 0.489555 0.489555 0.489555 0.489555 0.386853 0.489555 0.489555 0.489555 0.489555 0.489555 0.489555 0.489555 0.489555 0.489555 0.311156 0.489555 0.489555 0.489555 0.489555 0.489555 0.489555 0.489555 0.489555 0.489555 0.310001 0.489555 0.489555 0.489555 0.313003 0.489555 0.489555 0.488627 0.489555 0.489555 0.489555 0.489555 0.489555 0.489555 0.312555 0.489555 0.489555 0.488712 0.489555 0.489555 0.489555 0.489555 0.489555 0.489555 0.475963 0.489555 0.489555 0.320954 0.489555 0.489555 0.489555 0.489555 0.489555 0.489555 0.489555 0.489555 0.489555 0.489555 0.489555 0.489555 0.489555 0.489555 0.489555 0.489555 0.489555 0.489555 0.489555 0.489555 0.489555 0.489555 0.489555 0.489555 0.489555 0.489555 0.489555 0.489555 0.489555 0.489555 0.489555 0.489555 0.489555 0.489555 0.489555 0.489555 0.489555 0.489555 0.489555 0.489555 0.489555 0.489555 0.310117 0.489555 0.489555 0.489555 0.489555 0.489555 0.489555 0.489555 0.489555 0.489555 0.489079 0.489555 0.489555 0.489555 0.489555 0.489555 0.489555 0.489555 0.489555 0.489555 0.43845 0.489555 0.489555 0.489555 0.310104 0.489555 0.489555 0.348098 0.489555 0.489555 0.489555 0.489555 0.489555 0.489555 0.335133 0.489555 0.489555 0.478811 0.489555 0.489555 0.489555 0.489555 0.489555 0.489555 0.489173 0.489555 0.489555 0.388902 0.489555 0.489555 0.489555 0.489555 0.489555 0.489555 0.489555 0.489555 0.489555 0.489555 0.489555 0.489555 0.489555 0.489555 0.489555 0.489555 0.489555 0.489555 0.489555 0.489555 0.489555 0.489555 0.489555 0.489555 0.489555 0.489555 0.489555 0.489555 0.489555 0.489555 0.489555 0.489555 0.489555 0.489555 0.489555 0.489555 0.489555 0.489555 0.489555 0.489555 0.489555 0.489555 0.448014 0.489555 0.489555 0.489555 0.489555 0.489555 0.489555 0.489555 0.489555 0.489555 0.486896 0.489555 0.489555 0.489555 0.489555 0.489555 0.489555 0.489555 0.489555 0.489555 0.488438 0.489555 0.489555 
0.499505 0.499505 0.499505 0.499505 0.499505 0.499505 0.499505 0.4897 0.499505 0.499505 0.499505 0.499505 0.499505 0.499505 0.499505 0.499505 0.499505 0.300002 0.499505 0.499505 0.499505 0.499505 0.499505 0.499505 0.499505 0.499505 0.499505 0.30909 0.499505 0.499505 0.499505 0.386034 0.499505 0.499505 0.499196 0.499505 0.499505 0.499505 0.499505 0.499505 0.499505 0.499278 0.499505 0.499505 0.30003 0.499505 0.499505 0.499505 0.499505 0.499505 0.499505 0.498515 0.499505 0.499505 0.322454 0.499505 0.499505 0.499505 0.499505 0.499505 0.499505 0.499505 0.499505 0.499505 0.499505 0.499505 0.499505 0.499505 0.499505 0.499505 0.499505 0.499505 0.499505 0.499505 0.499505 0.499505 0.499505 0.499505 0.499505 0.499505 0.499505 0.499505 0.499505 0.499505 0.499505 0.499505 0.499505 0.499505 0.499505 0.499505 0.499505 0.499505 0.499505 0.499505 0.499505 0.499505 0.499505 0.341072 0.499505 0.499505 0.499505 0.499505 0.499505 0.499505 0.499505 0.499505 0.499505 0.498948 0.499505 0.499505 0.499505 0.499505 0.499505 0.499505 0.499505 0.499505 0.499505 0.46814 0.499505 0.499505 0.499505 0.452863 0.499505 0.499505 0.300011 0.499505 0.499505 0.499505 0.499505 0.499505 0.499505 0.300022 0.499505 0.499505 0.30002 0.499505 0.499505 0.499505 0.499505 0.499505 0.499505 0.367005 0.499505 0.499505 0.496527 0.499505 0.499505 0.499505 0.499505 0.499505 0.499505 0.499505 0.499505 0.499505 0.499505 0.499505 0.499505 0.499505 0.499505 0.499505 0.499505 0.499505 0.499505 0.499505 0.499505 0.499505 0.499505 0.499505 0.499505 0.499505 0.499505 0.499505 0.499505 0.499505 0.499505 0.499505 0.499505 0.499505 0.499505 0.499505 0.499505 0.499505 0.499505 0.499505 0.499505 0.499505 0.499505 0.49799 0.499505 0.499505 0.499505 0.499505 0.499505 0.499505 0.499505 0.499505 0.499505 0.355128 0.499505 0.499505 0.499505 0.499505 0.499505 0.499505 0.499505 0.499505 0.499505 0.309894 0.499505 0.499505 0.499505 0.300003 0.499505 0.499505 0.300312 0.499505 0.499505 0.499505 0.499505 0.499505 0.499505 0.459558 0.499505 0.499505 0.300226 0.499505 0.499505 0.499505 0.499505 0.499505 0.499505 0.483315 0.499505 0.499505 0.300058 0.499505 0.499505 0.499505 0.499505 0.499505 0.499505 0.499505 0.499505 0.499505 0.499505 0.499505 0.499505 0.499505 0.499505 0.499505 0.499505 0.499505 0.499505 0.499505 0.499505 0.499505 0.499505 0.499505 0.499505 0.499505 0.499505 0.499505 0.499505 0.499505 0.499505 0.499505 0.499505 0.499505 0.499505 0.499505 0.499505 0.499505 0.499505 0.499505 0.499505 0.499505 0.499505 0.392343 0.499505 0.499505 0.499505 0.499505 0.499505 0.499505 0.499505 0.499505 0.499505 0.471219 0.499505 0.499505 0.499505 0.499505 0.499505 0.499505 0.499505 0.499505 0.499505 0.495842 0.499505 0.499505 0.499505 0.499505 0.499505 0.499505 0.499505 0.499505 0.499505 0.300067 0.499505 0.499505 0.499505 0.499505 0.499505 0.499505 0.499505 0.499505 0.499505 0.496222 0.499505 0.499505 0.499505 0.499505 0.499505 0.499505 0.499505 0.499505 0.499505 0.302383 0.499505 0.499505 0.499505 0.499099 0.499505 0.499505 0.497882 0.499505 0.499505 0.499505 0.499505 0.499505 0.499505 0.300034 0.499505 0.499505 0.498794 0.499505 0.499505 0.499505 0.499505 0.499505 0.499505 0.354587 0.499505 0.499505 0.304217 0.499505 0.499505 0.499505 0.499505 0.499505 0.499505 0.499505 0.499505 0.499505 0.499505 0.499505 0.499505 0.499505 0.499505 0.499505 0.499505 0.499505 0.499505 0.499505 0.499505 0.499505 0.499505 0.499505 0.499505 0.499505 0.499505 0.499505 0.499505 0.499505 0.499505 0.499505 0.499505 0.499505 0.499505 0.499505 0.499505 0.499505 0.499505 0.499505 0.499505 0.499505 0.499505 0.498922 0.499505 0.499505 0.499505 0.499505 0.499505 0.499505 0.499505 0.499505 0.499505 0.300612 0.499505 0.499505 0.499505 0.499505 0.499505 0.499505 0.499505 0.499505 0.499505 0.497713 0.499505 0.499505 0.499505 0.300832 0.499505 0.499505 0.493562 0.499505 0.499505 0.499505 0.499505 0.499505 0.499505 0.469022 0.499505 0.499505 0.300013 0.499505 0.499505 0.499505 0.499505 0.499505 0.499505 0.300008 0.499505 0.499505 0.316229 0.499505 0.499505 0.499505 0.499505 0.499505 0.499505 0.499505 0.499505 0.499505 0.499505 0.499505 0.499505 0.499505 0.499505 0.499505 0.499505 0.499505 0.499505 0.499505 0.499505 0.499505 0.499505 0.499505 0.499505 0.499505 0.499505 0.499505 0.499505 0.499505 0.499505 0.499505 0.499505 0.499505 0.499505 0.499505 0.499505 0.499505 0.499505 0.499505 0.499505 0.499505 0.499505 0.488941 0.499505 0.499505 0.499505 0.499505 0.499505 0.499505 0.499505 0.499505 0.499505 0.300004 0.499505 0.499505 0.499505 0.499505 0.499505 0.499505 0.499505 0.499505 0.499505 0.36866 0.499505 0.499505 0.499505 0.49791 0.499505 0.499505 0.404392 0.499505 0.499505 0.499505 0.499505 0.499505 0.499505 0.484224 0.499505 0.499505 0.474642 0.499505 0.499505 0.499505 0.499505 0.499505 0.499505 0.318464 0.499505 0.499505 0.324906 0.499505 0.499505 0.499505 0.499505 0.499505 0.499505 0.499505 0.499505 0.499505 0.499505 0.499505 0.499505 0.499505 0.499505 0.499505 0.499505 0.499505 0.499505 0.499505 0.499505 0.499505 0.499505 0.499505 0.499505 0.499505 0.499505 0.499505 0.499505 0.499505 0.499505 0.499505 0.499505 0.499505 0.499505 0.499505 0.499505 0.499505 0.499505 0.499505 0.499505 0.499505 0.499505 0.496793 0.499505 0.499505 0.499505 0.499505 0.499505 0.499505 0.499505 0.499505 0.499505 0.49891 0.499505 0.499505 0.499505 0.499505 0.499505 0.499505 0.499505 0.499505 0.499505 0.498012 0.499505 0.499505 0.499505 0.499505 0.499505 0.499505 0.499505 0.499505 0.499505 0.328346 0.499505 0.499505 0.499505 0.499505 0.499505 0.499505 0.499505 0.499505 0.499505 0.300034 0.499505 0.499505 0.499505 0.499505 0.499505 0.499505 0.499505 0.499505 0.499505 0.300014 0.499505 0.499505 0.499505 0.493242 0.499505 0.499505 0.494534 0.499505 0.499505 0.499505 0.499505 0.499505 0.499505 0.491562 0.499505 0.499505 0.491716 0.499505 0.499505 0.499505 0.499505 0.499505 0.499505 0.492704 0.499505 0.499505 0.498703 0.499505 0.499505 0.499505 0.499505 0.499505 0.499505 0.499505 0.499505 0.499505 0.499505 0.499505 0.499505 0.499505 0.499505 0.499505 0.499505 0.499505 0.499505 0.499505 0.499505 0.499505 0.499505 0.499505 0.499505 0.499505 0.499505 0.499505 0.499505 0.499505 0.499505 0.499505 0.499505 0.499505 0.499505 0.499505 0.499505 0.499505 0.499505 0.499505 0.499505 0.499505 0.499505 0.385441 0.499505 0.499505 0.499505 0.499505 0.499505 0.499505 0.499505 0.499505 0.499505 0.301305 0.499505 0.499505 0.499505 0.499505 0.499505 0.499505 0.499505 0.499505 0.499505 0.300001 0.499505 0.499505 0.499505 0.303406 0.499505 0.499505 0.498459 0.499505 0.499505 0.499505 0.499505 0.499505 0.499505 0.302723 0.499505 0.499505 0.498553 0.499505 0.499505 0.499505 0.499505 0.499505 0.499505 0.484042 0.499505 0.499505 0.312392 0.499505 0.499505 0.499505 0.499505 0.499505 0.499505 0.499505 0.499505 0.499505 0.499505 0.499505 0.499505 0.499505 0.499505 0.499505 0.499505 0.499505 0.499505 0.499505 0.499505 0.499505 0.499505 0.499505 0.499505 0.499505 0.499505 0.499505 0.499505 0.499505 0.499505 0.499505 0.499505 0.499505 0.499505 0.499505 0.499505 0.499505 0.499505 0.499505 0.499505 0.499505 0.499505 0.300126 0.499505 0.499505 0.499505 0.499505 0.499505 0.499505 0.499505 0.499505 0.499505 0.498999 0.499505 0.499505 0.499505 0.499505 0.499505 0.499505 0.499505 0.499505 0.499505 0.441072 0.499505 0.499505 0.499505 0.30012 0.499505 0.499505 0.342506 0.499505 0.499505 0.499505 0.499505 0.499505 0.499505 0.327054 0.499505 0.499505 0.487833 0.499505 0.499505 0.499505 0.499505 0.499505 0.499505 0.499103 0.499505 0.499505 0.386577 0.499505 0.499505 0.499505 0.499505 0.499505 0.499505 0.499505 0.499505 0.499505 0.499505 0.499505 0.499505 0.499505 0.499505 0.499505 0.499505 0.499505 0.499505 0.499505 0.499505 0.499505 0.499505 0.499505 0.499505 0.499505 0.499505 0.499505 0.499505 0.499505 0.499505 0.499505 0.499505 0.499505 0.499505 0.499505 0.499505 0.499505 0.499505 0.499505 0.499505 0.499505 0.499505 0.453039 0.499505 0.499505 0.499505 0.499505 0.499505 0.499505 0.499505 0.499505 0.499505 0.496468 0.499505 0.499505 0.499505 0.499505 0.499505 0.499505 0.499505 0.499505 0.499505 0.498253 0.499505 0.499505 
0.509456 0.509456 0.509456 0.509456 0.509456 0.509456 0.509456 0.498833 0.509456 0.509456 0.509456 0.509456 0.509456 0.509456 0.509456 0.509456 0.509456 0.290002 0.509456 0.509456 0.509456 0.509456 0.509456 0.509456 0.509456 0.509456 0.509456 0.299691 0.509456 0.509456 0.509456 0.383709 0.509456 0.509456 0.509128 0.509456 0.509456 0.509456 0.509456 0.509456 0.509456 0.509182 0.509456 0.509456 0.290031 0.509456 0.509456 0.509456 0.509456 0.509456 0.509456 0.508361 0.509456 0.509456 0.314375 0.509456 0.509456 0.509456 0.509456 0.509456 0.509456 0.509456 0.509456 0.509456 0.509456 0.509456 0.509456 0.509456 0.509456 0.509456 0.509456 0.509456 0.509456 0.509456 0.509456 0.509456 0.509456 0.509456 0.509456 0.509456 0.509456 0.509456 0.509456 0.509456 0.509456 0.509456 0.509456 0.509456 0.509456 0.509456 0.509456 0.509456 0.509456 0.509456 0.509456 0.509456 0.509456 0.334864 0.509456 0.509456 0.509456 0.509456 0.509456 0.509456 0.509456 0.509456 0.509456 0.508832 0.509456 0.509456 0.509456 0.509456 0.509456 0.509456 0.509456 0.509456 0.509456 0.474896 0.509456 0.509456 0.509456 0.45812 0.509456 0.509456 0.290012 0.509456 0.509456 0.509456 0.509456 0.509456 0.509456 0.290024 0.509456 0.509456 0.290022 0.509456 0.509456 0.509456 0.509456 0.509456 0.509456 0.364237 0.509456 0.509456 0.506136 0.509456 0.509456 0.509456 0.509456 0.509456 0.509456 0.509456 0.509456 0.509456 0.509456 0.509456 0.509456 0.509456 0.509456 0.509456 0.509456 0.509456 0.509456 0.509456 0.509456 0.509456 0.509456 0.509456 0.509456 0.509456 0.509456 0.509456 0.509456 0.509456 0.509456 0.509456 0.509456 0.509456 0.509456 0.509456 0.509456 0.509456 0.509456 0.509456 0.509456 0.509456 0.509456 0.507774 0.509456 0.509456 0.509456 0.509456 0.509456 0.509456 0.509456 0.509456 0.509456 0.349429 0.509456 0.509456 0.509456 0.509456 0.509456 0.509456 0.509456 0.509456 0.509456 0.300871 0.509456 0.509456 0.509456 0.290004 0.509456 0.509456 0.290368 0.509456 0.509456 0.509456 0.509456 0.509456 0.509456 0.4664 0.509456 0.509456 0.290244 0.509456 0.509456 0.509456 0.509456 0.509456 0.509456 0.491877 0.509456 0.509456 0.290061 0.509456 0.509456 0.509456 0.509456 0.509456 0.509456 0.509456 0.509456 0.509456 0.509456 0.509456 0.509456 0.509456 0.509456 0.509456 0.509456 0.509456 0.509456 0.509456 0.509456 0.509456 0.509456 0.509456 0.509456 0.509456 0.509456 0.509456 0.509456 0.509456 0.509456 0.509456 0.509456 0.509456 0.509456 0.509456 0.509456 0.509456 0.509456 0.509456 0.509456 0.509456 0.509456 0.390932 0.509456 0.509456 0.509456 0.509456 0.509456 0.509456 0.509456 0.509456 0.509456 0.478532 0.509456 0.509456 0.509456 0.509456 0.509456 0.509456 0.509456 0.509456 0.509456 0.505564 0.509456 0.509456 0.509456 0.509456 0.509456 0.509456 0.509456 0.509456 0.509456 0.290072 0.509456 0.509456 0.509456 0.509456 0.509456 0.509456 0.509456 0.509456 0.509456 0.505793 0.509456 0.509456 0.509456 0.509456 0.509456 0.509456 0.509456 0.509456 0.509456 0.292613 0.509456 0.509456 0.509456 0.509003 0.509456 0.509456 0.507697 0.509456 0.509456 0.509456 0.509456 0.509456 0.509456 0.290036 0.509456 0.509456 0.508681 0.509456 0.509456 0.509456 0.509456 0.509456 0.509456 0.347201 0.509456 0.509456 0.294687 0.509456 0.509456 0.509456 0.509456 0.509456 0.509456 0.509456 0.509456 0.509456 0.509456 0.509456 0.509456 0.509456 0.509456 0.509456 0.509456 0.509456 0.509456 0.509456 0.509456 0.509456 0.509456 0.509456 0.509456 0.509456 0.509456 0.509456 0.509456 0.509456 0.509456 0.509456 0.509456 0.509456 0.509456 0.509456 0.509456 0.509456 0.509456 0.509456 0.509456 0.509456 0.509456 0.508817 0.509456 0.509456 0.509456 0.509456 0.509456 0.509456 0.509456 0.509456 0.509456 0.290675 0.509456 0.509456 0.509456 0.509456 0.509456 0.509456 0.509456 0.509456 0.509456 0.507417 0.509456 0.509456 0.509456 0.290907 0.509456 0.509456 0.502524 0.509456 0.509456 0.509456 0.509456 0.509456 0.509456 0.476931 0.509456 0.509456 0.290013 0.509456 0.509456 0.509456 0.509456 0.509456 0.509456 0.290009 0.509456 0.509456 0.307236 0.509456 0.509456 0.509456 0.509456 0.509456 0.509456 0.509456 0.509456 0.509456 0.509456 0.509456 0.509456 0.509456 0.509456 0.509456 0.509456 0.509456 0.509456 0.509456 0.509456 0.509456 0.509456 0.509456 0.509456 0.509456 0.509456 0.509456 0.509456 0.509456 0.509456 0.509456 0.509456 0.509456 0.509456 0.509456 0.509456 0.509456 0.509456 0.509456 0.509456 0.509456 0.509456 0.497805 0.509456 0.509456 0.509456 0.509456 0.509456 0.509456 0.509456 0.509456 0.509456 0.290004 0.509456 0.509456 0.509456 0.509456 0.509456 0.509456 0.509456 0.509456 0.509456 0.366186 0.509456 0.509456 0.509456 0.507757 0.509456 0.509456 0.405337 0.509456 0.509456 0.509456 0.509456 0.509456 0.509456 0.492828 0.509456 0.509456 0.48085 0.509456 0.509456 0.509456 0.509456 0.509456 0.509456 0.31044 0.509456 0.509456 0.317449 0.509456 0.509456 0.509456 0.509456 0.509456 0.509456 0.509456 0.509456 0.509456 0.509456 0.509456 0.509456 0.509456 0.509456 0.509456 0.509456 0.509456 0.509456 0.509456 0.509456 0.509456 0.509456 0.509456 0.509456 0.509456 0.509456 0.509456 0.509456 0.509456 0.509456 0.509456 0.509456 0.509456 0.509456 0.509456 0.509456 0.509456 0.509456 0.509456 0.509456 0.509456 0.509456 0.506437 0.509456 0.509456 0.509456 0.509456 0.509456 0.509456 0.509456 0.509456 0.509456 0.508783 0.509456 0.509456 0.509456 0.509456 0.509456 0.509456 0.509456 0.509456 0.509456 0.507858 0.509456 0.509456 0.509456 0.509456 0.509456 0.509456 0.509456 0.509456 0.509456 0.320497 0.509456 0.509456 0.509456 0.509456 0.509456 0.509456 0.509456 0.509456 0.509456 0.290039 0.509456 0.509456 0.509456 0.509456 0.509456 0.509456 0.509456 0.509456 0.509456 0.290015 0.509456 0.509456 0.509456 0.502562 0.509456 0.509456 0.504189 0.509456 0.509456 0.509456 0.509456 0.509456 0.509456 0.500903 0.509456 0.509456 0.500972 0.509456 0.509456 0.509456 0.509456 0.509456 0.509456 0.501635 0.509456 0.509456 0.508587 0.509456 0.509456 0.509456 0.509456 0.509456 0.509456 0.509456 0.509456 0.509456 0.509456 0.509456 0.509456 0.509456 0.509456 0.509456 0.509456 0.509456 0.509456 0.509456 0.509456 0.509456 0.509456 0.509456 0.509456 0.509456 0.509456 0.509456 0.509456 0.509456 0.509456 0.509456 0.509456 0.509456 0.509456 0.509456 0.509456 0.509456 0.509456 0.509456 0.509456 0.509456 0.509456 0.381552 0.509456 0.509456 0.509456 0.509456 0.509456 0.509456 0.509456 0.509456 0.509456 0.291454 0.509456 0.509456 0.509456 0.509456 0.509456 0.509456 0.509456 0.509456 0.509456 0.290001 0.509456 0.509456 0.509456 0.293809 0.509456 0.509456 0.508328 0.509456 0.509456 0.509456 0.509456 0.509456 0.509456 0.292984 0.509456 0.509456 0.508405 0.509456 0.509456 0.509456 0.509456 0.509456 0.509456 0.492605 0.509456 0.509456 0.303369 0.509456 0.509456 0.509456 0.509456 0.509456 0.509456 0.509456 0.509456 0.509456 0.509456 0.509456 0.509456 0.509456 0.509456 0.509456 0.509456 0.509456 0.509456 0.509456 0.509456 0.509456 0.509456 0.509456 0.509456 0.509456 0.509456 0.509456 0.509456 0.509456 0.509456 0.509456 0.509456 0.509456 0.509456 0.509456 0.509456 0.509456 0.509456 0.509456 0.509456 0.509456 0.509456 0.290131 0.509456 0.509456 0.509456 0.509456 0.509456 0.509456 0.509456 0.509456 0.509456 0.508912 0.509456 0.509456 0.509456 0.509456 0.509456 0.509456 0.509456 0.509456 0.509456 0.445734 0.509456 0.509456 0.509456 0.29013 0.509456 0.509456 0.336015 0.509456 0.509456 0.509456 0.509456 0.509456 0.509456 0.319087 0.509456 0.509456 0.49617 0.509456 0.509456 0.509456 0.509456 0.509456 0.509456 0.509016 0.509456 0.509456 0.384103 0.509456 0.509456 0.509456 0.509456 0.509456 0.509456 0.509456 0.509456 0.509456 0.509456 0.509456 0.509456 0.509456 0.509456 0.509456 0.509456 0.509456 0.509456 0.509456 0.509456 0.509456 0.509456 0.509456 0.509456 0.509456 0.509456 0.509456 0.509456 0.509456 0.509456 0.509456 0.509456 0.509456 0.509456 0.509456 0.509456 0.509456 0.509456 0.509456 0.509456 0.509456 0.509456 0.460124 0.509456 0.509456 0.509456 0.509456 0.509456 0.509456 0.509456 0.509456 0.509456 0.506199 0.509456 0.509456 0.509456 0.509456 0.509456 0.509456 0.509456 0.509456 0.509456 0.508062 0.509456 0.509456 
0.519407 0.519407 0.519407 0.519407 0.519407 0.519407 0.519407 0.507121 0.519407 0.519407 0.519407 0.519407 0.519407 0.519407 0.519407 0.519407 0.519407 0.280002 0.519407 0.519407 0.519407 0.519407 0.519407 0.519407 0.519407 0.519407 0.519407 0.290413 0.519407 0.519407 0.519407 0.384025 0.519407 0.519407 0.519054 0.519407 0.519407 0.519407 0.519407 0.519407 0.519407 0.519107 0.519407 0.519407 0.280034 0.519407 0.519407 0.519407 0.519407 0.519407 0.519407 0.518217 0.519407 0.519407 0.306989 0.519407 0.519407 0.519407 0.519407 0.519407 0.519407 0.519407 0.519407 0.519407 0.519407 0.519407 0.519407 0.519407 0.519407 0.519407 0.519407 0.519407 0.519407 0.519407 0.519407 0.519407 0.519407 0.519407 0.519407 0.519407 0.519407 0.519407 0.519407 0.519407 0.519407 0.519407 0.519407 0.519407 0.519407 0.519407 0.519407 0.519407 0.519407 0.519407 0.519407 0.519407 0.519407 0.328955 0.519407 0.519407 0.519407 0.519407 0.519407 0.519407 0.519407 0.519407 0.519407 0.518713 0.519407 0.519407 0.519407 0.519407 0.519407 0.519407 0.519407 0.519407 0.519407 0.482135 0.519407 0.519407 0.519407 0.465205 0.519407 0.519407 0.280013 0.519407 0.519407 0.519407 0.519407 0.519407 0.519407 0.280026 0.519407 0.519407 0.280023 0.519407 0.519407 0.519407 0.519407 0.519407 0.519407 0.357074 0.519407 0.519407 0.515694 0.519407 0.519407 0.519407 0.519407 0.519407 0.519407 0.519407 0.519407 0.519407 0.519407 0.519407 0.519407 0.519407 0.519407 0.519407 0.519407 0.519407 0.519407 0.519407 0.519407 0.519407 0.519407 0.519407 0.519407 0.519407 0.519407 0.519407 0.519407 0.519407 0.519407 0.519407 0.519407 0.519407 0.519407 0.519407 0.519407 0.519407 0.519407 0.519407 0.519407 0.519407 0.519407 0.51761 0.519407 0.519407 0.519407 0.519407 0.519407 0.519407 0.519407 0.519407 0.519407 0.346088 0.519407 0.519407 0.519407 0.519407 0.519407 0.519407 0.519407 0.519407 0.519407 0.291737 0.519407 0.519407 0.519407 0.280004 0.519407 0.519407 0.280399 0.519407 0.519407 0.519407 0.519407 0.519407 0.519407 0.47177 0.519407 0.519407 0.280257 0.519407 0.519407 0.519407 0.519407 0.519407 0.519407 0.500165 0.519407 0.519407 0.280071 0.519407 0.519407 0.519407 0.519407 0.519407 0.519407 0.519407 0.519407 0.519407 0.519407 0.519407 0.519407 0.519407 0.519407 0.519407 0.519407 0.519407 0.519407 0.519407 0.519407 0.519407 0.519407 0.519407 0.519407 0.519407 0.519407 0.519407 0.519407 0.519407 0.519407 0.519407 0.519407 0.519407 0.519407 0.519407 0.519407 0.519407 0.519407 0.519407 0.519407 0.519407 0.519407 0.38831 0.519407 0.519407 0.519407 0.519407 0.519407 0.519407 0.519407 0.519407 0.519407 0.48677 0.519407 0.519407 0.519407 0.519407 0.519407 0.519407 0.519407 0.519407 0.519407 0.515136 0.519407 0.519407 0.519407 0.519407 0.519407 0.519407 0.519407 0.519407 0.519407 0.280075 0.519407 0.519407 0.519407 0.519407 0.519407 0.519407 0.519407 0.519407 0.519407 0.515478 0.519407 0.519407 0.519407 0.519407 0.519407 0.519407 0.519407 0.519407 0.519407 0.283129 0.519407 0.519407 0.519407 0.518916 0.519407 0.519407 0.517506 0.519407 0.519407 0.519407 0.519407 0.519407 0.519407 0.28004 0.519407 0.519407 0.51855 0.519407 0.519407 0.519407 0.519407 0.519407 0.519407 0.345482 0.519407 0.519407 0.285033 0.519407 0.519407 0.519407 0.519407 0.519407 0.519407 0.519407 0.519407 0.519407 0.519407 0.519407 0.519407 0.519407 0.519407 0.519407 0.519407 0.519407 0.519407 0.519407 0.519407 0.519407 0.519407 0.519407 0.519407 0.519407 0.519407 0.519407 0.519407 0.519407 0.519407 0.519407 0.519407 0.519407 0.519407 0.519407 0.519407 0.519407 0.519407 0.519407 0.519407 0.519407 0.519407 0.518727 0.519407 0.519407 0.519407 0.519407 0.519407 0.519407 0.519407 0.519407 0.519407 0.280722 0.519407 0.519407 0.519407 0.519407 0.519407 0.519407 0.519407 0.519407 0.519407 0.51722 0.519407 0.519407 0.519407 0.280979 0.519407 0.519407 0.511603 0.519407 0.519407 0.519407 0.519407 0.519407 0.519407 0.484094 0.519407 0.519407 0.280016 0.519407 0.519407 0.519407 0.519407 0.519407 0.519407 0.28001 0.519407 0.519407 0.298338 0.519407 0.519407 0.519407 0.519407 0.519407 0.519407 0.519407 0.519407 0.519407 0.519407 0.519407 0.519407 0.519407 0.519407 0.519407 0.519407 0.519407 0.519407 0.519407 0.519407 0.519407 0.519407 0.519407 0.519407 0.519407 0.519407 0.519407 0.519407 0.519407 0.519407 0.519407 0.519407 0.519407 0.519407 0.519407 0.519407 0.519407 0.519407 0.519407 0.519407 0.519407 0.519407 0.506912 0.519407 0.519407 0.519407 0.519407 0.519407 0.519407 0.519407 0.519407 0.519407 0.280005 0.519407 0.519407 0.519407 0.519407 0.519407 0.519407 0.519407 0.519407 0.519407 0.366344 0.519407 0.519407 0.519407 0.517554 0.519407 0.519407 0.405337 0.519407 0.519407 0.519407 0.519407 0.519407 0.519407 0.501303 0.519407 0.519407 0.489412 0.519407 0.519407 0.519407 0.519407 0.519407 0.519407 0.303201 0.519407 0.519407 0.310364 0.519407 0.519407 0.519407 0.519407 0.519407 0.519407 0.519407 0.519407 0.519407 0.519407 0.519407 0.519407 0.519407 0.519407 0.519407 0.519407 0.519407 0.519407 0.519407 0.519407 0.519407 0.519407 0.519407 0.519407 0.519407 0.519407 0.519407 0.519407 0.519407 0.519407 0.519407 0.519407 0.519407 0.519407 0.519407 0.519407 0.519407 0.519407 0.519407 0.519407 0.519407 0.519407 0.515995 0.519407 0.519407 0.519407 0.519407 0.519407 0.519407 0.519407 0.519407 0.519407 0.518681 0.519407 0.519407 0.519407 0.519407 0.519407 0.519407 0.519407 0.519407 0.519407 0.517642 0.519407 0.519407 0.519407 0.519407 0.519407 0.519407 0.519407 0.519407 0.519407 0.311814 0.519407 0.519407 0.519407 0.519407 0.519407 0.519407 0.519407 0.519407 0.519407 0.280041 0.519407 0.519407 0.519407 0.519407 0.519407 0.519407 0.519407 0.519407 0.519407 0.280016 0.519407 0.519407 0.519407 0.511555 0.519407 0.519407 0.513747 0.519407 0.519407 0.519407 0.519407 0.519407 0.519407 0.509926 0.519407 0.519407 0.510271 0.519407 0.519407 0.519407 0.519407 0.519407 0.519407 0.511015 0.519407 0.519407 0.518482 0.519407 0.519407 0.519407 0.519407 0.519407 0.519407 0.519407 0.519407 0.519407 0.519407 0.519407 0.519407 0.519407 0.519407 0.519407 0.519407 0.519407 0.519407 0.519407 0.519407 0.519407 0.519407 0.519407 0.519407 0.519407 0.519407 0.519407 0.519407 0.519407 0.519407 0.519407 0.519407 0.519407 0.519407 0.519407 0.519407 0.519407 0.519407 0.519407 0.519407 0.519407 0.519407 0.380451 0.519407 0.519407 0.519407 0.519407 0.519407 0.519407 0.519407 0.519407 0.519407 0.281546 0.519407 0.519407 0.519407 0.519407 0.519407 0.519407 0.519407 0.519407 0.519407 0.280001 0.519407 0.519407 0.519407 0.283957 0.519407 0.519407 0.518169 0.519407 0.519407 0.519407 0.519407 0.519407 0.519407 0.283119 0.519407 0.519407 0.518252 0.519407 0.519407 0.519407 0.519407 0.519407 0.519407 0.500842 0.519407 0.519407 0.294185 0.519407 0.519407 0.519407 0.519407 0.519407 0.519407 0.519407 0.519407 0.519407 0.519407 0.519407 0.519407 0.519407 0.519407 0.519407 0.519407 0.519407 0.519407 0.519407 0.519407 0.519407 0.519407 0.519407 0.519407 0.519407 0.519407 0.519407 0.519407 0.519407 0.519407 0.519407 0.519407 0.519407 0.519407 0.519407 0.519407 0.519407 0.519407 0.519407 0.519407 0.519407 0.519407 0.280144 0.519407 0.519407 0.519407 0.519407 0.519407 0.519407 0.519407 0.519407 0.519407 0.518816 0.519407 0.519407 0.519407 0.519407 0.519407 0.519407 0.519407 0.519407 0.519407 0.448502 0.519407 0.519407 0.519407 0.280142 0.519407 0.519407 0.330991 0.519407 0.519407 0.519407 0.519407 0.519407 0.519407 0.311427 0.519407 0.519407 0.504303 0.519407 0.519407 0.519407 0.519407 0.519407 0.519407 0.518931 0.519407 0.519407 0.381928 0.519407 0.519407 0.519407 0.519407 0.519407 0.519407 0.519407 0.519407 0.519407 0.519407 0.519407 0.519407 0.519407 0.519407 0.519407 0.519407 0.519407 0.519407 0.519407 0.519407 0.519407 0.519407 0.519407 0.519407 0.519407 0.519407 0.519407 0.519407 0.519407 0.519407 0.519407 0.519407 0.519407 0.519407 0.519407 0.519407 0.519407 0.519407 0.519407 0.519407 0.519407 0.519407 0.463465 0.519407 0.519407 0.519407 0.519407 0.519407 0.519407 0.519407 0.519407 0.519407 0.515831 0.519407 0.519407 0.519407 0.519407 0.519407 0.519407 0.519407 0.519407 0.519407 0.517877 0.519407 0.519407 
0.529357 0.529357 0.529357 0.529357 0.529357 0.529357 0.529357 0.515765 0.529357 0.529357 0.529357 0.529357 0.529357 0.529357 0.529357 0.529357 0.529357 0.270002 0.529357 0.529357 0.529357 0.529357 0.529357 0.529357 0.529357 0.529357 0.529357 0.280979 0.529357 0.529357 0.529357 0.385281 0.529357 0.529357 0.52899 0.529357 0.529357 0.529357 0.529357 0.529357 0.529357 0.529033 0.529357 0.529357 0.270038 0.529357 0.529357 0.529357 0.529357 0.529357 0.529357 0.528069 0.529357 0.529357 0.298856 0.529357 0.529357 0.529357 0.529357 0.529357 0.529357 0.529357 0.529357 0.529357 0.529357 0.529357 0.529357 0.529357 0.529357 0.529357 0.529357 0.529357 0.529357 0.529357 0.529357 0.529357 0.529357 0.529357 0.529357 0.529357 0.529357 0.529357 0.529357 0.529357 0.529357 0.529357 0.529357 0.529357 0.529357 0.529357 0.529357 0.529357 0.529357 0.529357 0.529357 0.529357 0.529357 0.320619 0.529357 0.529357 0.529357 0.529357 0.529357 0.529357 0.529357 0.529357 0.529357 0.528582 0.529357 0.529357 0.529357 0.529357 0.529357 0.529357 0.529357 0.529357 0.529357 0.489448 0.529357 0.529357 0.529357 0.47213 0.529357 0.529357 0.270014 0.529357 0.529357 0.529357 0.529357 0.529357 0.529357 0.270028 0.529357 0.529357 0.270023 0.529357 0.529357 0.529357 0.529357 0.529357 0.529357 0.353733 0.529357 0.529357 0.525266 0.529357 0.529357 0.529357 0.529357 0.529357 0.529357 0.529357 0.529357 0.529357 0.529357 0.529357 0.529357 0.529357 0.529357 0.529357 0.529357 0.529357 0.529357 0.529357 0.529357 0.529357 0.529357 0.529357 0.529357 0.529357 0.529357 0.529357 0.529357 0.529357 0.529357 0.529357 0.529357 0.529357 0.529357 0.529357 0.529357 0.529357 0.529357 0.529357 0.529357 0.529357 0.529357 0.527349 0.529357 0.529357 0.529357 0.529357 0.529357 0.529357 0.529357 0.529357 0.529357 0.341935 0.529357 0.529357 0.529357 0.529357 0.529357 0.529357 0.529357 0.529357 0.529357 0.282238 0.529357 0.529357 0.529357 0.270004 0.529357 0.529357 0.270454 0.529357 0.529357 0.529357 0.529357 0.529357 0.529357 0.478695 0.529357 0.529357 0.270272 0.529357 0.529357 0.529357 0.529357 0.529357 0.529357 0.508595 0.529357 0.529357 0.270077 0.529357 0.529357 0.529357 0.529357 0.529357 0.529357 0.529357 0.529357 0.529357 0.529357 0.529357 0.529357 0.529357 0.529357 0.529357 0.529357 0.529357 0.529357 0.529357 0.529357 0.529357 0.529357 0.529357 0.529357 0.529357 0.529357 0.529357 0.529357 0.529357 0.529357 0.529357 0.529357 0.529357 0.529357 0.529357 0.529357 0.529357 0.529357 0.529357 0.529357 0.529357 0.529357 0.386898 0.529357 0.529357 0.529357 0.529357 0.529357 0.529357 0.529357 0.529357 0.529357 0.494429 0.529357 0.529357 0.529357 0.529357 0.529357 0.529357 0.529357 0.529357 0.529357 0.524707 0.529357 0.529357 0.529357 0.529357 0.529357 0.529357 0.529357 0.529357 0.529357 0.270077 0.529357 0.529357 0.529357 0.529357 0.529357 0.529357 0.529357 0.529357 0.529357 0.524978 0.529357 0.529357 0.529357 0.529357 0.529357 0.529357 0.529357 0.529357 0.529357 0.273338 0.529357 0.529357 0.529357 0.528829 0.529357 0.529357 0.527296 0.529357 0.529357 0.529357 0.529357 0.529357 0.529357 0.270045 0.529357 0.529357 0.528442 0.529357 0.529357 0.529357 0.529357 0.529357 0.529357 0.340111 0.529357 0.529357 0.275256 0.529357 0.529357 0.529357 0.529357 0.529357 0.529357 0.529357 0.529357 0.529357 0.529357 0.529357 0.529357 0.529357 0.529357 0.529357 0.529357 0.529357 0.529357 0.529357 0.529357 0.529357 0.529357 0.529357 0.529357 0.529357 0.529357 0.529357 0.529357 0.529357 0.529357 0.529357 0.529357 0.529357 0.529357 0.529357 0.529357 0.529357 0.529357 0.529357 0.529357 0.529357 0.529357 0.528622 0.529357 0.529357 0.529357 0.529357 0.529357 0.529357 0.529357 0.529357 0.529357 0.270765 0.529357 0.529357 0.529357 0.529357 0.529357 0.529357 0.529357 0.529357 0.529357 0.526959 0.529357 0.529357 0.529357 0.271132 0.529357 0.529357 0.520626 0.529357 0.529357 0.529357 0.529357 0.529357 0.529357 0.49155 0.529357 0.529357 0.270017 0.529357 0.529357 0.529357 0.529357 0.529357 0.529357 0.270011 0.529357 0.529357 0.290744 0.529357 0.529357 0.529357 0.529357 0.529357 0.529357 0.529357 0.529357 0.529357 0.529357 0.529357 0.529357 0.529357 0.529357 0.529357 0.529357 0.529357 0.529357 0.529357 0.529357 0.529357 0.529357 0.529357 0.529357 0.529357 0.529357 0.529357 0.529357 0.529357 0.529357 0.529357 0.529357 0.529357 0.529357 0.529357 0.529357 0.529357 0.529357 0.529357 0.529357 0.529357 0.529357 0.516046 0.529357 0.529357 0.529357 0.529357 0.529357 0.529357 0.529357 0.529357 0.529357 0.270005 0.529357 0.529357 0.529357 0.529357 0.529357 0.529357 0.529357 0.529357 0.529357 0.363722 0.529357 0.529357 0.529357 0.527363 0.529357 0.529357 0.406125 0.529357 0.529357 0.529357 0.529357 0.529357 0.529357 0.510202 0.529357 0.529357 0.497072 0.529357 0.529357 0.529357 0.529357 0.529357 0.529357 0.294771 0.529357 0.529357 0.302907 0.529357 0.529357 0.529357 0.529357 0.529357 0.529357 0.529357 0.529357 0.529357 0.529357 0.529357 0.529357 0.529357 0.529357 0.529357 0.529357 0.529357 0.529357 0.529357 0.529357 0.529357 0.529357 0.529357 0.529357 0.529357 0.529357 0.529357 0.529357 0.529357 0.529357 0.529357 0.529357 0.529357 0.529357 0.529357 0.529357 0.529357 0.529357 0.529357 0.529357 0.529357 0.529357 0.525757 0.529357 0.529357 0.529357 0.529357 0.529357 0.529357 0.529357 0.529357 0.529357 0.528537 0.529357 0.529357 0.529357 0.529357 0.529357 0.529357 0.529357 0.529357 0.529357 0.527445 0.529357 0.529357 0.529357 0.529357 0.529357 0.529357 0.529357 0.529357 0.529357 0.30422 0.529357 0.529357 0.529357 0.529357 0.529357 0.529357 0.529357 0.529357 0.529357 0.270043 0.529357 0.529357 0.529357 0.529357 0.529357 0.529357 0.529357 0.529357 0.529357 0.270017 0.529357 0.529357 0.529357 0.52081 0.529357 0.529357 0.523247 0.529357 0.529357 0.529357 0.529357 0.529357 0.529357 0.51911 0.529357 0.529357 0.518915 0.529357 0.529357 0.529357 0.529357 0.529357 0.529357 0.520414 0.529357 0.529357 0.528351 0.529357 0.529357 0.529357 0.529357 0.529357 0.529357 0.529357 0.529357 0.529357 0.529357 0.529357 0.529357 0.529357 0.529357 0.529357 0.529357 0.529357 0.529357 0.529357 0.529357 0.529357 0.529357 0.529357 0.529357 0.529357 0.529357 0.529357 0.529357 0.529357 0.529357 0.529357 0.529357 0.529357 0.529357 0.529357 0.529357 0.529357 0.529357 0.529357 0.529357 0.529357 0.529357 0.378276 0.529357 0.529357 0.529357 0.529357 0.529357 0.529357 0.529357 0.529357 0.529357 0.271677 0.529357 0.529357 0.529357 0.529357 0.529357 0.529357 0.529357 0.529357 0.529357 0.270001 0.529357 0.529357 0.529357 0.274137 0.529357 0.529357 0.528001 0.529357 0.529357 0.529357 0.529357 0.529357 0.529357 0.273406 0.529357 0.529357 0.528139 0.529357 0.529357 0.529357 0.529357 0.529357 0.529357 0.508751 0.529357 0.529357 0.284786 0.529357 0.529357 0.529357 0.529357 0.529357 0.529357 0.529357 0.529357 0.529357 0.529357 0.529357 0.529357 0.529357 0.529357 0.529357 0.529357 0.529357 0.529357 0.529357 0.529357 0.529357 0.529357 0.529357 0.529357 0.529357 0.529357 0.529357 0.529357 0.529357 0.529357 0.529357 0.529357 0.529357 0.529357 0.529357 0.529357 0.529357 0.529357 0.529357 0.529357 0.529357 0.529357 0.270155 0.529357 0.529357 0.529357 0.529357 0.529357 0.529357 0.529357 0.529357 0.529357 0.528714 0.529357 0.529357 0.529357 0.529357 0.529357 0.529357 0.529357 0.529357 0.529357 0.452656 0.529357 0.529357 0.529357 0.27015 0.529357 0.529357 0.324321 0.529357 0.529357 0.529357 0.529357 0.529357 0.529357 0.302952 0.529357 0.529357 0.512383 0.529357 0.529357 0.529357 0.529357 0.529357 0.529357 0.528836 0.529357 0.529357 0.379904 0.529357 0.529357 0.529357 0.529357 0.529357 0.529357 0.529357 0.529357 0.529357 0.529357 0.529357 0.529357 0.529357 0.529357 0.529357 0.529357 0.529357 0.529357 0.529357 0.529357 0.529357 0.529357 0.529357 0.529357 0.529357 0.529357 0.529357 0.529357 0.529357 0.529357 0.529357 0.529357 0.529357 0.529357 0.529357 0.529357 0.529357 0.529357 0.529357 0.529357 0.529357 0.529357 0.469673 0.529357 0.529357 0.529357 0.529357 0.529357 0.529357 0.529357 0.529357 0.529357 0.525441 0.529357 0.529357 0.529357 0.529357 0.529357 0.529357 0.529357 0.529357 0.529357 0.527719 0.529357 0.529357 
0.539308 0.539308 0.539308 0.539308 0.539308 0.539308 0.539308 0.524974 0.539308 0.539308 0.539308 0.539308 0.539308 0.539308 0.539308 0.539308 0.539308 0.260002 0.539308 0.539308 0.539308 0.539308 0.539308 0.539308 0.539308 0.539308 0.539308 0.271435 0.539308 0.539308 0.539308 0.384808 0.539308 0.539308 0.538916 0.539308 0.539308 0.539308 0.539308 0.539308 0.539308 0.538959 0.539308 0.539308 0.26004 0.539308 0.539308 0.539308 0.539308 0.539308 0.539308 0.53791 0.539308 0.539308 0.290832 0.539308 0.539308 0.539308 0.539308 0.539308 0.539308 0.539308 0.539308 0.539308 0.539308 0.539308 0.539308 0.539308 0.539308 0.539308 0.539308 0.539308 0.539308 0.539308 0.539308 0.539308 0.539308 0.539308 0.539308 0.539308 0.539308 0.539308 0.539308 0.539308 0.539308 0.539308 0.539308 0.539308 0.539308 0.539308 0.539308 0.539308 0.539308 0.539308 0.539308 0.539308 0.539308 0.313025 0.539308 0.539308 0.539308 0.539308 0.539308 0.539308 0.539308 0.539308 0.539308 0.538497 0.539308 0.539308 0.539308 0.539308 0.539308 0.539308 0.539308 0.539308 0.539308 0.496454 0.539308 0.539308 0.539308 0.476541 0.539308 0.539308 0.260015 0.539308 0.539308 0.539308 0.539308 0.539308 0.539308 0.26003 0.539308 0.539308 0.260025 0.539308 0.539308 0.539308 0.539308 0.539308 0.539308 0.348251 0.539308 0.539308 0.534863 0.539308 0.539308 0.539308 0.539308 0.539308 0.539308 0.539308 0.539308 0.539308 0.539308 0.539308 0.539308 0.539308 0.539308 0.539308 0.539308 0.539308 0.539308 0.539308 0.539308 0.539308 0.539308 0.539308 0.539308 0.539308 0.539308 0.539308 0.539308 0.539308 0.539308 0.539308 0.539308 0.539308 0.539308 0.539308 0.539308 0.539308 0.539308 0.539308 0.539308 0.539308 0.539308 0.537158 0.539308 0.539308 0.539308 0.539308 0.539308 0.539308 0.539308 0.539308 0.539308 0.335727 0.539308 0.539308 0.539308 0.539308 0.539308 0.539308 0.539308 0.539308 0.539308 0.273029 0.539308 0.539308 0.539308 0.260005 0.539308 0.539308 0.260505 0.539308 0.539308 0.539308 0.539308 0.539308 0.539308 0.484394 0.539308 0.539308 0.260301 0.539308 0.539308 0.539308 0.539308 0.539308 0.539308 0.516883 0.539308 0.539308 0.260086 0.539308 0.539308 0.539308 0.539308 0.539308 0.539308 0.539308 0.539308 0.539308 0.539308 0.539308 0.539308 0.539308 0.539308 0.539308 0.539308 0.539308 0.539308 0.539308 0.539308 0.539308 0.539308 0.539308 0.539308 0.539308 0.539308 0.539308 0.539308 0.539308 0.539308 0.539308 0.539308 0.539308 0.539308 0.539308 0.539308 0.539308 0.539308 0.539308 0.539308 0.539308 0.539308 0.384573 0.539308 0.539308 0.539308 0.539308 0.539308 0.539308 0.539308 0.539308 0.539308 0.500828 0.539308 0.539308 0.539308 0.539308 0.539308 0.539308 0.539308 0.539308 0.539308 0.534222 0.539308 0.539308 0.539308 0.539308 0.539308 0.539308 0.539308 0.539308 0.539308 0.260084 0.539308 0.539308 0.539308 0.539308 0.539308 0.539308 0.539308 0.539308 0.539308 0.534522 0.539308 0.539308 0.539308 0.539308 0.539308 0.539308 0.539308 0.539308 0.539308 0.263487 0.539308 0.539308 0.539308 0.538744 0.539308 0.539308 0.537073 0.539308 0.539308 0.539308 0.539308 0.539308 0.539308 0.260047 0.539308 0.539308 0.538307 0.539308 0.539308 0.539308 0.539308 0.539308 0.539308 0.338545 0.539308 0.539308 0.265685 0.539308 0.539308 0.539308 0.539308 0.539308 0.539308 0.539308 0.539308 0.539308 0.539308 0.539308 0.539308 0.539308 0.539308 0.539308 0.539308 0.539308 0.539308 0.539308 0.539308 0.539308 0.539308 0.539308 0.539308 0.539308 0.539308 0.539308 0.539308 0.539308 0.539308 0.539308 0.539308 0.539308 0.539308 0.539308 0.539308 0.539308 0.539308 0.539308 0.539308 0.539308 0.539308 0.538532 0.539308 0.539308 0.539308 0.539308 0.539308 0.539308 0.539308 0.539308 0.539308 0.260805 0.539308 0.539308 0.539308 0.539308 0.539308 0.539308 0.539308 0.539308 0.539308 0.53669 0.539308 0.539308 0.539308 0.261219 0.539308 0.539308 0.529967 0.539308 0.539308 0.539308 0.539308 0.539308 0.539308 0.498475 0.539308 0.539308 0.260018 0.539308 0.539308 0.539308 0.539308 0.539308 0.539308 0.260013 0.539308 0.539308 0.282777 0.539308 0.539308 0.539308 0.539308 0.539308 0.539308 0.539308 0.539308 0.539308 0.539308 0.539308 0.539308 0.539308 0.539308 0.539308 0.539308 0.539308 0.539308 0.539308 0.539308 0.539308 0.539308 0.539308 0.539308 0.539308 0.539308 0.539308 0.539308 0.539308 0.539308 0.539308 0.539308 0.539308 0.539308 0.539308 0.539308 0.539308 0.539308 0.539308 0.539308 0.539308 0.539308 0.525039 0.539308 0.539308 0.539308 0.539308 0.539308 0.539308 0.539308 0.539308 0.539308 0.260005 0.539308 0.539308 0.539308 0.539308 0.539308 0.539308 0.539308 0.539308 0.539308 0.359439 0.539308 0.539308 0.539308 0.537067 0.539308 0.539308 0.407536 0.539308 0.539308 0.539308 0.539308 0.539308 0.539308 0.517861 0.539308 0.539308 0.505359 0.539308 0.539308 0.539308 0.539308 0.539308 0.539308 0.286209 0.539308 0.539308 0.294828 0.539308 0.539308 0.539308 0.539308 0.539308 0.539308 0.539308 0.539308 0.539308 0.539308 0.539308 0.539308 0.539308 0.539308 0.539308 0.539308 0.539308 0.539308 0.539308 0.539308 0.539308 0.539308 0.539308 0.539308 0.539308 0.539308 0.539308 0.539308 0.539308 0.539308 0.539308 0.539308 0.539308 0.539308 0.539308 0.539308 0.539308 0.539308 0.539308 0.539308 0.539308 0.539308 0.535433 0.539308 0.539308 0.539308 0.539308 0.539308 0.539308 0.539308 0.539308 0.539308 0.538418 0.539308 0.539308 0.539308 0.539308 0.539308 0.539308 0.539308 0.539308 0.539308 0.537229 0.539308 0.539308 0.539308 0.539308 0.539308 0.539308 0.539308 0.539308 0.539308 0.296496 0.539308 0.539308 0.539308 0.539308 0.539308 0.539308 0.539308 0.539308 0.539308 0.260046 0.539308 0.539308 0.539308 0.539308 0.539308 0.539308 0.539308 0.539308 0.539308 0.260018 0.539308 0.539308 0.539308 0.53013 0.539308 0.539308 0.532776 0.539308 0.539308 0.539308 0.539308 0.539308 0.539308 0.528365 0.539308 0.539308 0.528148 0.539308 0.539308 0.539308 0.539308 0.539308 0.539308 0.529521 0.539308 0.539308 0.538197 0.539308 0.539308 0.539308 0.539308 0.539308 0.539308 0.539308 0.539308 0.539308 0.539308 0.539308 0.539308 0.539308 0.539308 0.539308 0.539308 0.539308 0.539308 0.539308 0.539308 0.539308 0.539308 0.539308 0.539308 0.539308 0.539308 0.539308 0.539308 0.539308 0.539308 0.539308 0.539308 0.539308 0.539308 0.539308 0.539308 0.539308 0.539308 0.539308 0.539308 0.539308 0.539308 0.377803 0.539308 0.539308 0.539308 0.539308 0.539308 0.539308 0.539308 0.539308 0.539308 0.261851 0.539308 0.539308 0.539308 0.539308 0.539308 0.539308 0.539308 0.539308 0.539308 0.260001 0.539308 0.539308 0.539308 0.264471 0.539308 0.539308 0.537861 0.539308 0.539308 0.539308 0.539308 0.539308 0.539308 0.263554 0.539308 0.539308 0.537971 0.539308 0.539308 0.539308 0.539308 0.539308 0.539308 0.51727 0.539308 0.539308 0.275466 0.539308 0.539308 0.539308 0.539308 0.539308 0.539308 0.539308 0.539308 0.539308 0.539308 0.539308 0.539308 0.539308 0.539308 0.539308 0.539308 0.539308 0.539308 0.539308 0.539308 0.539308 0.539308 0.539308 0.539308 0.539308 0.539308 0.539308 0.539308 0.539308 0.539308 0.539308 0.539308 0.539308 0.539308 0.539308 0.539308 0.539308 0.539308 0.539308 0.539308 0.539308 0.539308 0.260163 0.539308 0.539308 0.539308 0.539308 0.539308 0.539308 0.539308 0.539308 0.539308 0.538602 0.539308 0.539308 0.539308 0.539308 0.539308 0.539308 0.539308 0.539308 0.539308 0.453757 0.539308 0.539308 0.539308 0.260163 0.539308 0.539308 0.318516 0.539308 0.539308 0.539308 0.539308 0.539308 0.539308 0.295789 0.539308 0.539308 0.52062 0.539308 0.539308 0.539308 0.539308 0.539308 0.539308 0.538743 0.539308 0.539308 0.378492 0.539308 0.539308 0.539308 0.539308 0.539308 0.539308 0.539308 0.539308 0.539308 0.539308 0.539308 0.539308 0.539308 0.539308 0.539308 0.539308 0.539308 0.539308 0.539308 0.539308 0.539308 0.539308 0.539308 0.539308 0.539308 0.539308 0.539308 0.539308 0.539308 0.539308 0.539308 0.539308 0.539308 0.539308 0.539308 0.539308 0.539308 0.539308 0.539308 0.539308 0.539308 0.539308 0.475977 0.539308 0.539308 0.539308 0.539308 0.539308 0.539308 0.539308 0.539308 0.539308 0.535062 0.539308 0.539308 0.539308 0.539308 0.539308 0.539308 0.539308 0.539308 0.539308 0.537534 0.539308 0.539308 
0.549258 0.549258 0.549258 0.549258 0.549258 0.549258 0.549258 0.533769 0.549258 0.549258 0.549258 0.549258 0.549258 0.549258 0.549258 0.549258 0.549258 0.250002 0.549258 0.549258 0.549258 0.549258 0.549258 0.549258 0.549258 0.549258 0.549258 0.262473 0.549258 0.549258 0.549258 0.38119 0.549258 0.549258 0.548848 0.549258 0.549258 0.549258 0.549258 0.549258 0.549258 0.548874 0.549258 0.549258 0.250044 0.549258 0.549258 0.549258 0.549258 0.549258 0.549258 0.547771 0.549258 0.549258 0.284822 0.549258 0.549258 0.549258 0.549258 0.549258 0.549258 0.549258 0.549258 0.549258 0.549258 0.549258 0.549258 0.549258 0.549258 0.549258 0.549258 0.549258 0.549258 0.549258 0.549258 0.549258 0.549258 0.549258 0.549258 0.549258 0.549258 0.549258 0.549258 0.549258 0.549258 0.549258 0.549258 0.549258 0.549258 0.549258 0.549258 0.549258 0.549258 0.549258 0.549258 0.549258 0.549258 0.306184 0.549258 0.549258 0.549258 0.549258 0.549258 0.549258 0.549258 0.549258 0.549258 0.548389 0.549258 0.549258 0.549258 0.549258 0.549258 0.549258 0.549258 0.549258 0.549258 0.502259 0.549258 0.549258 0.549258 0.480953 0.549258 0.549258 0.250017 0.549258 0.549258 0.549258 0.549258 0.549258 0.549258 0.250032 0.549258 0.549258 0.250028 0.549258 0.549258 0.549258 0.549258 0.549258 0.549258 0.342881 0.549258 0.549258 0.544558 0.549258 0.549258 0.549258 0.549258 0.549258 0.549258 0.549258 0.549258 0.549258 0.549258 0.549258 0.549258 0.549258 0.549258 0.549258 0.549258 0.549258 0.549258 0.549258 0.549258 0.549258 0.549258 0.549258 0.549258 0.549258 0.549258 0.549258 0.549258 0.549258 0.549258 0.549258 0.549258 0.549258 0.549258 0.549258 0.549258 0.549258 0.549258 0.549258 0.549258 0.549258 0.549258 0.54701 0.549258 0.549258 0.549258 0.549258 0.549258 0.549258 0.549258 0.549258 0.549258 0.330135 0.549258 0.549258 0.549258 0.549258 0.549258 0.549258 0.549258 0.549258 0.549258 0.264345 0.549258 0.549258 0.549258 0.250005 0.549258 0.549258 0.250532 0.549258 0.549258 0.549258 0.549258 0.549258 0.549258 0.490884 0.549258 0.549258 0.250332 0.549258 0.549258 0.549258 0.549258 0.549258 0.549258 0.524543 0.549258 0.549258 0.250091 0.549258 0.549258 0.549258 0.549258 0.549258 0.549258 0.549258 0.549258 0.549258 0.549258 0.549258 0.549258 0.549258 0.549258 0.549258 0.549258 0.549258 0.549258 0.549258 0.549258 0.549258 0.549258 0.549258 0.549258 0.549258 0.549258 0.549258 0.549258 0.549258 0.549258 0.549258 0.549258 0.549258 0.549258 0.549258 0.549258 0.549258 0.549258 0.549258 0.549258 0.549258 0.549258 0.386446 0.549258 0.549258 0.549258 0.549258 0.549258 0.549258 0.549258 0.549258 0.549258 0.508214 0.549258 0.549258 0.549258 0.549258 0.549258 0.549258 0.549258 0.549258 0.549258 0.543866 0.549258 0.549258 0.549258 0.549258 0.549258 0.549258 0.549258 0.549258 0.549258 0.250088 0.549258 0.549258 0.549258 0.549258 0.549258 0.549258 0.549258 0.549258 0.549258 0.544177 0.549258 0.549258 0.549258 0.549258 0.549258 0.549258 0.549258 0.549258 0.549258 0.253672 0.549258 0.549258 0.549258 0.54868 0.549258 0.549258 0.54691 0.549258 0.549258 0.549258 0.549258 0.549258 0.549258 0.250051 0.549258 0.549258 0.548205 0.549258 0.549258 0.549258 0.549258 0.549258 0.549258 0.334791 0.549258 0.549258 0.255954 0.549258 0.549258 0.549258 0.549258 0.549258 0.549258 0.549258 0.549258 0.549258 0.549258 0.549258 0.549258 0.549258 0.549258 0.549258 0.549258 0.549258 0.549258 0.549258 0.549258 0.549258 0.549258 0.549258 0.549258 0.549258 0.549258 0.549258 0.549258 0.549258 0.549258 0.549258 0.549258 0.549258 0.549258 0.549258 0.549258 0.549258 0.549258 0.549258 0.549258 0.549258 0.549258 0.548445 0.549258 0.549258 0.549258 0.549258 0.549258 0.549258 0.549258 0.549258 0.549258 0.250907 0.549258 0.549258 0.549258 0.549258 0.549258 0.549258 0.549258 0.549258 0.549258 0.546516 0.549258 0.549258 0.549258 0.251373 0.549258 0.549258 0.539467 0.549258 0.549258 0.549258 0.549258 0.549258 0.549258 0.505399 0.549258 0.549258 0.25002 0.549258 0.549258 0.549258 0.549258 0.549258 0.549258 0.250013 0.549258 0.549258 0.274591 0.549258 0.549258 0.549258 0.549258 0.549258 0.549258 0.549258 0.549258 0.549258 0.549258 0.549258 0.549258 0.549258 0.549258 0.549258 0.549258 0.549258 0.549258 0.549258 0.549258 0.549258 0.549258 0.549258 0.549258 0.549258 0.549258 0.549258 0.549258 0.549258 0.549258 0.549258 0.549258 0.549258 0.549258 0.549258 0.549258 0.549258 0.549258 0.549258 0.549258 0.549258 0.549258 0.534146 0.549258 0.549258 0.549258 0.549258 0.549258 0.549258 0.549258 0.549258 0.549258 0.250006 0.549258 0.549258 0.549258 0.549258 0.549258 0.549258 0.549258 0.549258 0.549258 0.352769 0.549258 0.549258 0.549258 0.546923 0.549258 0.549258 0.406436 0.549258 0.549258 0.549258 0.549258 0.549258 0.549258 0.526048 0.549258 0.549258 0.51194 0.549258 0.549258 0.549258 0.549258 0.549258 0.549258 0.278075 0.549258 0.549258 0.287371 0.549258 0.549258 0.549258 0.549258 0.549258 0.549258 0.549258 0.549258 0.549258 0.549258 0.549258 0.549258 0.549258 0.549258 0.549258 0.549258 0.549258 0.549258 0.549258 0.549258 0.549258 0.549258 0.549258 0.549258 0.549258 0.549258 0.549258 0.549258 0.549258 0.549258 0.549258 0.549258 0.549258 0.549258 0.549258 0.549258 0.549258 0.549258 0.549258 0.549258 0.549258 0.549258 0.544977 0.549258 0.549258 0.549258 0.549258 0.549258 0.549258 0.549258 0.549258 0.549258 0.548331 0.549258 0.549258 0.549258 0.549258 0.549258 0.549258 0.549258 0.549258 0.549258 0.547026 0.549258 0.549258 0.549258 0.549258 0.549258 0.549258 0.549258 0.549258 0.549258 0.288416 0.549258 0.549258 0.549258 0.549258 0.549258 0.549258 0.549258 0.549258 0.549258 0.250049 0.549258 0.549258 0.549258 0.549258 0.549258 0.549258 0.549258 0.549258 0.549258 0.25002 0.549258 0.549258 0.549258 0.539491 0.549258 0.549258 0.542156 0.549258 0.549258 0.549258 0.549258 0.549258 0.549258 0.537525 0.549258 0.549258 0.53711 0.549258 0.549258 0.549258 0.549258 0.549258 0.549258 0.538955 0.549258 0.549258 0.548006 0.549258 0.549258 0.549258 0.549258 0.549258 0.549258 0.549258 0.549258 0.549258 0.549258 0.549258 0.549258 0.549258 0.549258 0.549258 0.549258 0.549258 0.549258 0.549258 0.549258 0.549258 0.549258 0.549258 0.549258 0.549258 0.549258 0.549258 0.549258 0.549258 0.549258 0.549258 0.549258 0.549258 0.549258 0.549258 0.549258 0.549258 0.549258 0.549258 0.549258 0.549258 0.549258 0.375628 0.549258 0.549258 0.549258 0.549258 0.549258 0.549258 0.549258 0.549258 0.549258 0.251978 0.549258 0.549258 0.549258 0.549258 0.549258 0.549258 0.549258 0.549258 0.549258 0.250001 0.549258 0.549258 0.549258 0.254749 0.549258 0.549258 0.547722 0.549258 0.549258 0.549258 0.549258 0.549258 0.549258 0.253841 0.549258 0.549258 0.54778 0.549258 0.549258 0.549258 0.549258 0.549258 0.549258 0.525789 0.549258 0.549258 0.266744 0.549258 0.549258 0.549258 0.549258 0.549258 0.549258 0.549258 0.549258 0.549258 0.549258 0.549258 0.549258 0.549258 0.549258 0.549258 0.549258 0.549258 0.549258 0.549258 0.549258 0.549258 0.549258 0.549258 0.549258 0.549258 0.549258 0.549258 0.549258 0.549258 0.549258 0.549258 0.549258 0.549258 0.549258 0.549258 0.549258 0.549258 0.549258 0.549258 0.549258 0.549258 0.549258 0.250174 0.549258 0.549258 0.549258 0.549258 0.549258 0.549258 0.549258 0.549258 0.549258 0.548497 0.549258 0.549258 0.549258 0.549258 0.549258 0.549258 0.549258 0.549258 0.549258 0.457646 0.549258 0.549258 0.549258 0.25018 0.549258 0.549258 0.310729 0.549258 0.549258 0.549258 0.549258 0.549258 0.549258 0.28855 0.549258 0.549258 0.528408 0.549258 0.549258 0.549258 0.549258 0.549258 0.549258 0.548653 0.549258 0.549258 0.37865 0.549258 0.549258 0.549258 0.549258 0.549258 0.549258 0.549258 0.549258 0.549258 0.549258 0.549258 0.549258 0.549258 0.549258 0.549258 0.549258 0.549258 0.549258 0.549258 0.549258 0.549258 0.549258 0.549258 0.549258 0.549258 0.549258 0.549258 0.549258 0.549258 0.549258 0.549258 0.549258 0.549258 0.549258 0.549258 0.549258 0.549258 0.549258 0.549258 0.549258 0.549258 0.549258 0.481002 0.549258 0.549258 0.549258 0.549258 0.549258 0.549258 0.549258 0.549258 0.549258 0.54462 0.549258 0.549258 0.549258 0.549258 0.549258 0.549258 0.549258 0.549258 0.549258 0.54739 0.549258 0.549258 
0.559209 0.559209 0.559209 0.559209 0.559209 0.559209 0.559209 0.542978 0.559209 0.559209 0.559209 0.559209 0.559209 0.559209 0.559209 0.559209 0.559209 0.240002 0.559209 0.559209 0.559209 0.559209 0.559209 0.559209 0.559209 0.559209 0.559209 0.253608 0.559209 0.559209 0.559209 0.379166 0.559209 0.559209 0.558769 0.559209 0.559209 0.559209 0.559209 0.559209 0.559209 0.5588 0.559209 0.559209 0.240047 0.559209 0.559209 0.559209 0.559209 0.559209 0.559209 0.557648 0.559209 0.559209 0.277736 0.559209 0.559209 0.559209 0.559209 0.559209 0.559209 0.559209 0.559209 0.559209 0.559209 0.559209 0.559209 0.559209 0.559209 0.559209 0.559209 0.559209 0.559209 0.559209 0.559209 0.559209 0.559209 0.559209 0.559209 0.559209 0.559209 0.559209 0.559209 0.559209 0.559209 0.559209 0.559209 0.559209 0.559209 0.559209 0.559209 0.559209 0.559209 0.559209 0.559209 0.559209 0.559209 0.298524 0.559209 0.559209 0.559209 0.559209 0.559209 0.559209 0.559209 0.559209 0.559209 0.558277 0.559209 0.559209 0.559209 0.559209 0.559209 0.559209 0.559209 0.559209 0.559209 0.506921 0.559209 0.559209 0.559209 0.486963 0.559209 0.559209 0.240017 0.559209 0.559209 0.559209 0.559209 0.559209 0.559209 0.240034 0.559209 0.559209 0.240029 0.559209 0.559209 0.559209 0.559209 0.559209 0.559209 0.338343 0.559209 0.559209 0.554262 0.559209 0.559209 0.559209 0.559209 0.559209 0.559209 0.559209 0.559209 0.559209 0.559209 0.559209 0.559209 0.559209 0.559209 0.559209 0.559209 0.559209 0.559209 0.559209 0.559209 0.559209 0.559209 0.559209 0.559209 0.559209 0.559209 0.559209 0.559209 0.559209 0.559209 0.559209 0.559209 0.559209 0.559209 0.559209 0.559209 0.559209 0.559209 0.559209 0.559209 0.559209 0.559209 0.556772 0.559209 0.559209 0.559209 0.559209 0.559209 0.559209 0.559209 0.559209 0.559209 0.322972 0.559209 0.559209 0.559209 0.559209 0.559209 0.559209 0.559209 0.559209 0.559209 0.255212 0.559209 0.559209 0.559209 0.240006 0.559209 0.559209 0.240564 0.559209 0.559209 0.559209 0.559209 0.559209 0.559209 0.497375 0.559209 0.559209 0.240353 0.559209 0.559209 0.559209 0.559209 0.559209 0.559209 0.532391 0.559209 0.559209 0.240093 0.559209 0.559209 0.559209 0.559209 0.559209 0.559209 0.559209 0.559209 0.559209 0.559209 0.559209 0.559209 0.559209 0.559209 0.559209 0.559209 0.559209 0.559209 0.559209 0.559209 0.559209 0.559209 0.559209 0.559209 0.559209 0.559209 0.559209 0.559209 0.559209 0.559209 0.559209 0.559209 0.559209 0.559209 0.559209 0.559209 0.559209 0.559209 0.559209 0.559209 0.559209 0.559209 0.383678 0.559209 0.559209 0.559209 0.559209 0.559209 0.559209 0.559209 0.559209 0.559209 0.51574 0.559209 0.559209 0.559209 0.559209 0.559209 0.559209 0.559209 0.559209 0.559209 0.553636 0.559209 0.559209 0.559209 0.559209 0.559209 0.559209 0.559209 0.559209 0.559209 0.240092 0.559209 0.559209 0.559209 0.559209 0.559209 0.559209 0.559209 0.559209 0.559209 0.553707 0.559209 0.559209 0.559209 0.559209 0.559209 0.559209 0.559209 0.559209 0.559209 0.243888 0.559209 0.559209 0.559209 0.558591 0.559209 0.559209 0.556756 0.559209 0.559209 0.559209 0.559209 0.559209 0.559209 0.240055 0.559209 0.559209 0.558099 0.559209 0.559209 0.559209 0.559209 0.559209 0.559209 0.329766 0.559209 0.559209 0.246122 0.559209 0.559209 0.559209 0.559209 0.559209 0.559209 0.559209 0.559209 0.559209 0.559209 0.559209 0.559209 0.559209 0.559209 0.559209 0.559209 0.559209 0.559209 0.559209 0.559209 0.559209 0.559209 0.559209 0.559209 0.559209 0.559209 0.559209 0.559209 0.559209 0.559209 0.559209 0.559209 0.559209 0.559209 0.559209 0.559209 0.559209 0.559209 0.559209 0.559209 0.559209 0.559209 0.558333 0.559209 0.559209 0.559209 0.559209 0.559209 0.559209 0.559209 0.559209 0.559209 0.240948 0.559209 0.559209 0.559209 0.559209 0.559209 0.559209 0.559209 0.559209 0.559209 0.556337 0.559209 0.559209 0.559209 0.241469 0.559209 0.559209 0.548699 0.559209 0.559209 0.559209 0.559209 0.559209 0.559209 0.51189 0.559209 0.559209 0.24002 0.559209 0.559209 0.559209 0.559209 0.559209 0.559209 0.240014 0.559209 0.559209 0.265693 0.559209 0.559209 0.559209 0.559209 0.559209 0.559209 0.559209 0.559209 0.559209 0.559209 0.559209 0.559209 0.559209 0.559209 0.559209 0.559209 0.559209 0.559209 0.559209 0.559209 0.559209 0.559209 0.559209 0.559209 0.559209 0.559209 0.559209 0.559209 0.559209 0.559209 0.559209 0.559209 0.559209 0.559209 0.559209 0.559209 0.559209 0.559209 0.559209 0.559209 0.559209 0.559209 0.542905 0.559209 0.559209 0.559209 0.559209 0.559209 0.559209 0.559209 0.559209 0.559209 0.240006 0.559209 0.559209 0.559209 0.559209 0.559209 0.559209 0.559209 0.559209 0.559209 0.347627 0.559209 0.559209 0.559209 0.556749 0.559209 0.559209 0.40846 0.559209 0.559209 0.559209 0.559209 0.559209 0.559209 0.53504 0.559209 0.559209 0.520074 0.559209 0.559209 0.559209 0.559209 0.559209 0.559209 0.271234 0.559209 0.559209 0.278941 0.559209 0.559209 0.559209 0.559209 0.559209 0.559209 0.559209 0.559209 0.559209 0.559209 0.559209 0.559209 0.559209 0.559209 0.559209 0.559209 0.559209 0.559209 0.559209 0.559209 0.559209 0.559209 0.559209 0.559209 0.559209 0.559209 0.559209 0.559209 0.559209 0.559209 0.559209 0.559209 0.559209 0.559209 0.559209 0.559209 0.559209 0.559209 0.559209 0.559209 0.559209 0.559209 0.554716 0.559209 0.559209 0.559209 0.559209 0.559209 0.559209 0.559209 0.559209 0.559209 0.558229 0.559209 0.559209 0.559209 0.559209 0.559209 0.559209 0.559209 0.559209 0.559209 0.556872 0.559209 0.559209 0.559209 0.559209 0.559209 0.559209 0.559209 0.559209 0.559209 0.28045 0.559209 0.559209 0.559209 0.559209 0.559209 0.559209 0.559209 0.559209 0.559209 0.240051 0.559209 0.559209 0.559209 0.559209 0.559209 0.559209 0.559209 0.559209 0.559209 0.240021 0.559209 0.559209 0.559209 0.548959 0.559209 0.559209 0.551434 0.559209 0.559209 0.559209 0.559209 0.559209 0.559209 0.546518 0.559209 0.559209 0.546161 0.559209 0.559209 0.559209 0.559209 0.559209 0.559209 0.548187 0.559209 0.559209 0.557879 0.559209 0.559209 0.559209 0.559209 0.559209 0.559209 0.559209 0.559209 0.559209 0.559209 0.559209 0.559209 0.559209 0.559209 0.559209 0.559209 0.559209 0.559209 0.559209 0.559209 0.559209 0.559209 0.559209 0.559209 0.559209 0.559209 0.559209 0.559209 0.559209 0.559209 0.559209 0.559209 0.559209 0.559209 0.559209 0.559209 0.559209 0.559209 0.559209 0.559209 0.559209 0.559209 0.373006 0.559209 0.559209 0.559209 0.559209 0.559209 0.559209 0.559209 0.559209 0.559209 0.242247 0.559209 0.559209 0.559209 0.559209 0.559209 0.559209 0.559209 0.559209 0.559209 0.240001 0.559209 0.559209 0.559209 0.244986 0.559209 0.559209 0.557499 0.559209 0.559209 0.559209 0.559209 0.559209 0.559209 0.244155 0.559209 0.559209 0.557671 0.559209 0.559209 0.559209 0.559209 0.559209 0.559209 0.534585 0.559209 0.559209 0.257879 0.559209 0.559209 0.559209 0.559209 0.559209 0.559209 0.559209 0.559209 0.559209 0.559209 0.559209 0.559209 0.559209 0.559209 0.559209 0.559209 0.559209 0.559209 0.559209 0.559209 0.559209 0.559209 0.559209 0.559209 0.559209 0.559209 0.559209 0.559209 0.559209 0.559209 0.559209 0.559209 0.559209 0.559209 0.559209 0.559209 0.559209 0.559209 0.559209 0.559209 0.559209 0.559209 0.240194 0.559209 0.559209 0.559209 0.559209 0.559209 0.559209 0.559209 0.559209 0.559209 0.558378 0.559209 0.559209 0.559209 0.559209 0.559209 0.559209 0.559209 0.559209 0.559209 0.458902 0.559209 0.559209 0.559209 0.240189 0.559209 0.559209 0.305138 0.559209 0.559209 0.559209 0.559209 0.559209 0.559209 0.280583 0.559209 0.559209 0.537272 0.559209 0.559209 0.559209 0.559209 0.559209 0.559209 0.558548 0.559209 0.559209 0.377239 0.559209 0.559209 0.559209 0.559209 0.559209 0.559209 0.559209 0.559209 0.559209 0.559209 0.559209 0.559209 0.559209 0.559209 0.559209 0.559209 0.559209 0.559209 0.559209 0.559209 0.559209 0.559209 0.559209 0.559209 0.559209 0.559209 0.559209 0.559209 0.559209 0.559209 0.559209 0.559209 0.559209 0.559209 0.559209 0.559209 0.559209 0.559209 0.559209 0.559209 0.559209 0.559209 0.486806 0.559209 0.559209 0.559209 0.559209 0.559209 0.559209 0.559209 0.559209 0.559209 0.554295 0.559209 0.559209 0.559209 0.559209 0.559209 0.559209 0.559209 0.559209 0.559209 0.557211 0.559209 0.559209 
0.569159 0.569159 0.569159 0.569159 0.569159 0.569159 0.569159 0.551842 0.569159 0.569159 0.569159 0.569159 0.569159 0.569159 0.569159 0.569159 0.569159 0.230003 0.569159 0.569159 0.569159 0.569159 0.569159 0.569159 0.569159 0.569159 0.569159 0.244157 0.569159 0.569159 0.569159 0.383188 0.569159 0.569159 0.568687 0.569159 0.569159 0.569159 0.569159 0.569159 0.569159 0.568715 0.569159 0.569159 0.23005 0.569159 0.569159 0.569159 0.569159 0.569159 0.569159 0.567457 0.569159 0.569159 0.270651 0.569159 0.569159 0.569159 0.569159 0.569159 0.569159 0.569159 0.569159 0.569159 0.569159 0.569159 0.569159 0.569159 0.569159 0.569159 0.569159 0.569159 0.569159 0.569159 0.569159 0.569159 0.569159 0.569159 0.569159 0.569159 0.569159 0.569159 0.569159 0.569159 0.569159 0.569159 0.569159 0.569159 0.569159 0.569159 0.569159 0.569159 0.569159 0.569159 0.569159 0.569159 0.569159 0.291683 0.569159 0.569159 0.569159 0.569159 0.569159 0.569159 0.569159 0.569159 0.569159 0.568181 0.569159 0.569159 0.569159 0.569159 0.569159 0.569159 0.569159 0.569159 0.569159 0.515159 0.569159 0.569159 0.569159 0.491748 0.569159 0.569159 0.230018 0.569159 0.569159 0.569159 0.569159 0.569159 0.569159 0.230036 0.569159 0.569159 0.230031 0.569159 0.569159 0.569159 0.569159 0.569159 0.569159 0.332135 0.569159 0.569159 0.563762 0.569159 0.569159 0.569159 0.569159 0.569159 0.569159 0.569159 0.569159 0.569159 0.569159 0.569159 0.569159 0.569159 0.569159 0.569159 0.569159 0.569159 0.569159 0.569159 0.569159 0.569159 0.569159 0.569159 0.569159 0.569159 0.569159 0.569159 0.569159 0.569159 0.569159 0.569159 0.569159 0.569159 0.569159 0.569159 0.569159 0.569159 0.569159 0.569159 0.569159 0.569159 0.569159 0.566614 0.569159 0.569159 0.569159 0.569159 0.569159 0.569159 0.569159 0.569159 0.569159 0.316862 0.569159 0.569159 0.569159 0.569159 0.569159 0.569159 0.569159 0.569159 0.569159 0.246189 0.569159 0.569159 0.569159 0.230006 0.569159 0.569159 0.230597 0.569159 0.569159 0.569159 0.569159 0.569159 0.569159 0.504216 0.569159 0.569159 0.230376 0.569159 0.569159 0.569159 0.569159 0.569159 0.569159 0.540867 0.569159 0.569159 0.230096 0.569159 0.569159 0.569159 0.569159 0.569159 0.569159 0.569159 0.569159 0.569159 0.569159 0.569159 0.569159 0.569159 0.569159 0.569159 0.569159 0.569159 0.569159 0.569159 0.569159 0.569159 0.569159 0.569159 0.569159 0.569159 0.569159 0.569159 0.569159 0.569159 0.569159 0.569159 0.569159 0.569159 0.569159 0.569159 0.569159 0.569159 0.569159 0.569159 0.569159 0.569159 0.569159 0.381353 0.569159 0.569159 0.569159 0.569159 0.569159 0.569159 0.569159 0.569159 0.569159 0.524259 0.569159 0.569159 0.569159 0.569159 0.569159 0.569159 0.569159 0.569159 0.569159 0.563245 0.569159 0.569159 0.569159 0.569159 0.569159 0.569159 0.569159 0.569159 0.569159 0.230097 0.569159 0.569159 0.569159 0.569159 0.569159 0.569159 0.569159 0.569159 0.569159 0.563123 0.569159 0.569159 0.569159 0.569159 0.569159 0.569159 0.569159 0.569159 0.569159 0.234062 0.569159 0.569159 0.569159 0.568503 0.569159 0.569159 0.566519 0.569159 0.569159 0.569159 0.569159 0.569159 0.569159 0.230059 0.569159 0.569159 0.567994 0.569159 0.569159 0.569159 0.569159 0.569159 0.569159 0.323096 0.569159 0.569159 0.236338 0.569159 0.569159 0.569159 0.569159 0.569159 0.569159 0.569159 0.569159 0.569159 0.569159 0.569159 0.569159 0.569159 0.569159 0.569159 0.569159 0.569159 0.569159 0.569159 0.569159 0.569159 0.569159 0.569159 0.569159 0.569159 0.569159 0.569159 0.569159 0.569159 0.569159 0.569159 0.569159 0.569159 0.569159 0.569159 0.569159 0.569159 0.569159 0.569159 0.569159 0.569159 0.569159 0.56821 0.569159 0.569159 0.569159 0.569159 0.569159 0.569159 0.569159 0.569159 0.569159 0.230997 0.569159 0.569159 0.569159 0.569159 0.569159 0.569159 0.569159 0.569159 0.569159 0.566092 0.569159 0.569159 0.569159 0.231548 0.569159 0.569159 0.558199 0.569159 0.569159 0.569159 0.569159 0.569159 0.569159 0.520365 0.569159 0.569159 0.230021 0.569159 0.569159 0.569159 0.569159 0.569159 0.569159 0.230014 0.569159 0.569159 0.256149 0.569159 0.569159 0.569159 0.569159 0.569159 0.569159 0.569159 0.569159 0.569159 0.569159 0.569159 0.569159 0.569159 0.569159 0.569159 0.569159 0.569159 0.569159 0.569159 0.569159 0.569159 0.569159 0.569159 0.569159 0.569159 0.569159 0.569159 0.569159 0.569159 0.569159 0.569159 0.569159 0.569159 0.569159 0.569159 0.569159 0.569159 0.569159 0.569159 0.569159 0.569159 0.569159 0.551927 0.569159 0.569159 0.569159 0.569159 0.569159 0.569159 0.569159 0.569159 0.569159 0.230006 0.569159 0.569159 0.569159 0.569159 0.569159 0.569159 0.569159 0.569159 0.569159 0.346682 0.569159 0.569159 0.569159 0.566605 0.569159 0.569159 0.407672 0.569159 0.569159 0.569159 0.569159 0.569159 0.569159 0.5427 0.569159 0.569159 0.52683 0.569159 0.569159 0.569159 0.569159 0.569159 0.569159 0.263777 0.569159 0.569159 0.271092 0.569159 0.569159 0.569159 0.569159 0.569159 0.569159 0.569159 0.569159 0.569159 0.569159 0.569159 0.569159 0.569159 0.569159 0.569159 0.569159 0.569159 0.569159 0.569159 0.569159 0.569159 0.569159 0.569159 0.569159 0.569159 0.569159 0.569159 0.569159 0.569159 0.569159 0.569159 0.569159 0.569159 0.569159 0.569159 0.569159 0.569159 0.569159 0.569159 0.569159 0.569159 0.569159 0.564438 0.569159 0.569159 0.569159 0.569159 0.569159 0.569159 0.569159 0.569159 0.569159 0.568117 0.569159 0.569159 0.569159 0.569159 0.569159 0.569159 0.569159 0.569159 0.569159 0.566627 0.569159 0.569159 0.569159 0.569159 0.569159 0.569159 0.569159 0.569159 0.569159 0.272316 0.569159 0.569159 0.569159 0.569159 0.569159 0.569159 0.569159 0.569159 0.569159 0.230055 0.569159 0.569159 0.569159 0.569159 0.569159 0.569159 0.569159 0.569159 0.569159 0.230023 0.569159 0.569159 0.569159 0.558011 0.569159 0.569159 0.560427 0.569159 0.569159 0.569159 0.569159 0.569159 0.569159 0.555416 0.569159 0.569159 0.555461 0.569159 0.569159 0.569159 0.569159 0.569159 0.569159 0.557586 0.569159 0.569159 0.567735 0.569159 0.569159 0.569159 0.569159 0.569159 0.569159 0.569159 0.569159 0.569159 0.569159 0.569159 0.569159 0.569159 0.569159 0.569159 0.569159 0.569159 0.569159 0.569159 0.569159 0.569159 0.569159 0.569159 0.569159 0.569159 0.569159 0.569159 0.569159 0.569159 0.569159 0.569159 0.569159 0.569159 0.569159 0.569159 0.569159 0.569159 0.569159 0.569159 0.569159 0.569159 0.569159 0.373322 0.569159 0.569159 0.569159 0.569159 0.569159 0.569159 0.569159 0.569159 0.569159 0.232444 0.569159 0.569159 0.569159 0.569159 0.569159 0.569159 0.569159 0.569159 0.569159 0.230001 0.569159 0.569159 0.569159 0.235282 0.569159 0.569159 0.567319 0.569159 0.569159 0.569159 0.569159 0.569159 0.569159 0.234671 0.569159 0.569159 0.567503 0.569159 0.569159 0.569159 0.569159 0.569159 0.569159 0.542608 0.569159 0.569159 0.248624 0.569159 0.569159 0.569159 0.569159 0.569159 0.569159 0.569159 0.569159 0.569159 0.569159 0.569159 0.569159 0.569159 0.569159 0.569159 0.569159 0.569159 0.569159 0.569159 0.569159 0.569159 0.569159 0.569159 0.569159 0.569159 0.569159 0.569159 0.569159 0.569159 0.569159 0.569159 0.569159 0.569159 0.569159 0.569159 0.569159 0.569159 0.569159 0.569159 0.569159 0.569159 0.569159 0.230202 0.569159 0.569159 0.569159 0.569159 0.569159 0.569159 0.569159 0.569159 0.569159 0.568269 0.569159 0.569159 0.569159 0.569159 0.569159 0.569159 0.569159 0.569159 0.569159 0.463565 0.569159 0.569159 0.569159 0.230201 0.569159 0.569159 0.298834 0.569159 0.569159 0.569159 0.569159 0.569159 0.569159 0.276045 0.569159 0.569159 0.546457 0.569159 0.569159 0.569159 0.569159 0.569159 0.569159 0.568478 0.569159 0.569159 0.373621 0.569159 0.569159 0.569159 0.569159 0.569159 0.569159 0.569159 0.569159 0.569159 0.569159 0.569159 0.569159 0.569159 0.569159 0.569159 0.569159 0.569159 0.569159 0.569159 0.569159 0.569159 0.569159 0.569159 0.569159 0.569159 0.569159 0.569159 0.569159 0.569159 0.569159 0.569159 0.569159 0.569159 0.569159 0.569159 0.569159 0.569159 0.569159 0.569159 0.569159 0.569159 0.569159 0.492288 0.569159 0.569159 0.569159 0.569159 0.569159 0.569159 0.569159 0.569159 0.569159 0.563961 0.569159 0.569159 0.569159 0.569159 0.569159 0.569159 0.569159 0.569159 0.569159 0.567001 0.569159 0.569159 
0.57911 0.57911 0.57911 0.57911 0.57911 0.57911 0.57911 0.561027 0.57911 0.57911 0.57911 0.57911 0.57911 0.57911 0.57911 0.57911 0.57911 0.220003 0.57911 0.57911 0.57911 0.57911 0.57911 0.57911 0.57911 0.57911 0.57911 0.235473 0.57911 0.57911 0.57911 0.384133 0.57911 0.57911 0.578594 0.57911 0.57911 0.57911 0.57911 0.57911 0.57911 0.578652 0.57911 0.57911 0.220052 0.57911 0.57911 0.57911 0.57911 0.57911 0.57911 0.577345 0.57911 0.57911 0.262315 0.57911 0.57911 0.57911 0.57911 0.57911 0.57911 0.57911 0.57911 0.57911 0.57911 0.57911 0.57911 0.57911 0.57911 0.57911 0.57911 0.57911 0.57911 0.57911 0.57911 0.57911 0.57911 0.57911 0.57911 0.57911 0.57911 0.57911 0.57911 0.57911 0.57911 0.57911 0.57911 0.57911 0.57911 0.57911 0.57911 0.57911 0.57911 0.57911 0.57911 0.57911 0.57911 0.285878 0.57911 0.57911 0.57911 0.57911 0.57911 0.57911 0.57911 0.57911 0.57911 0.578058 0.57911 0.57911 0.57911 0.57911 0.57911 0.57911 0.57911 0.57911 0.57911 0.521829 0.57911 0.57911 0.57911 0.497553 0.57911 0.57911 0.220019 0.57911 0.57911 0.57911 0.57911 0.57911 0.57911 0.220039 0.57911 0.57911 0.220033 0.57911 0.57911 0.57911 0.57911 0.57911 0.57911 0.328112 0.57911 0.57911 0.573457 0.57911 0.57911 0.57911 0.57911 0.57911 0.57911 0.57911 0.57911 0.57911 0.57911 0.57911 0.57911 0.57911 0.57911 0.57911 0.57911 0.57911 0.57911 0.57911 0.57911 0.57911 0.57911 0.57911 0.57911 0.57911 0.57911 0.57911 0.57911 0.57911 0.57911 0.57911 0.57911 0.57911 0.57911 0.57911 0.57911 0.57911 0.57911 0.57911 0.57911 0.57911 0.57911 0.576398 0.57911 0.57911 0.57911 0.57911 0.57911 0.57911 0.57911 0.57911 0.57911 0.314094 0.57911 0.57911 0.57911 0.57911 0.57911 0.57911 0.57911 0.57911 0.57911 0.237083 0.57911 0.57911 0.57911 0.220006 0.57911 0.57911 0.220626 0.57911 0.57911 0.57911 0.57911 0.57911 0.57911 0.510125 0.57911 0.57911 0.220392 0.57911 0.57911 0.57911 0.57911 0.57911 0.57911 0.548775 0.57911 0.57911 0.220101 0.57911 0.57911 0.57911 0.57911 0.57911 0.57911 0.57911 0.57911 0.57911 0.57911 0.57911 0.57911 0.57911 0.57911 0.57911 0.57911 0.57911 0.57911 0.57911 0.57911 0.57911 0.57911 0.57911 0.57911 0.57911 0.57911 0.57911 0.57911 0.57911 0.57911 0.57911 0.57911 0.57911 0.57911 0.57911 0.57911 0.57911 0.57911 0.57911 0.57911 0.57911 0.57911 0.379941 0.57911 0.57911 0.57911 0.57911 0.57911 0.57911 0.57911 0.57911 0.57911 0.531853 0.57911 0.57911 0.57911 0.57911 0.57911 0.57911 0.57911 0.57911 0.57911 0.572662 0.57911 0.57911 0.57911 0.57911 0.57911 0.57911 0.57911 0.57911 0.57911 0.220101 0.57911 0.57911 0.57911 0.57911 0.57911 0.57911 0.57911 0.57911 0.57911 0.572708 0.57911 0.57911 0.57911 0.57911 0.57911 0.57911 0.57911 0.57911 0.57911 0.224278 0.57911 0.57911 0.57911 0.578429 0.57911 0.57911 0.576274 0.57911 0.57911 0.57911 0.57911 0.57911 0.57911 0.220061 0.57911 0.57911 0.577892 0.57911 0.57911 0.57911 0.57911 0.57911 0.57911 0.318434 0.57911 0.57911 0.226673 0.57911 0.57911 0.57911 0.57911 0.57911 0.57911 0.57911 0.57911 0.57911 0.57911 0.57911 0.57911 0.57911 0.57911 0.57911 0.57911 0.57911 0.57911 0.57911 0.57911 0.57911 0.57911 0.57911 0.57911 0.57911 0.57911 0.57911 0.57911 0.57911 0.57911 0.57911 0.57911 0.57911 0.57911 0.57911 0.57911 0.57911 0.57911 0.57911 0.57911 0.57911 0.57911 0.578111 0.57911 0.57911 0.57911 0.57911 0.57911 0.57911 0.57911 0.57911 0.57911 0.221048 0.57911 0.57911 0.57911 0.57911 0.57911 0.57911 0.57911 0.57911 0.57911 0.575913 0.57911 0.57911 0.57911 0.221675 0.57911 0.57911 0.567579 0.57911 0.57911 0.57911 0.57911 0.57911 0.57911 0.527207 0.57911 0.57911 0.220022 0.57911 0.57911 0.57911 0.57911 0.57911 0.57911 0.220014 0.57911 0.57911 0.247251 0.57911 0.57911 0.57911 0.57911 0.57911 0.57911 0.57911 0.57911 0.57911 0.57911 0.57911 0.57911 0.57911 0.57911 0.57911 0.57911 0.57911 0.57911 0.57911 0.57911 0.57911 0.57911 0.57911 0.57911 0.57911 0.57911 0.57911 0.57911 0.57911 0.57911 0.57911 0.57911 0.57911 0.57911 0.57911 0.57911 0.57911 0.57911 0.57911 0.57911 0.57911 0.57911 0.560792 0.57911 0.57911 0.57911 0.57911 0.57911 0.57911 0.57911 0.57911 0.57911 0.220007 0.57911 0.57911 0.57911 0.57911 0.57911 0.57911 0.57911 0.57911 0.57911 0.344658 0.57911 0.57911 0.57911 0.576452 0.57911 0.57911 0.408929 0.57911 0.57911 0.57911 0.57911 0.57911 0.57911 0.551859 0.57911 0.57911 0.534069 0.57911 0.57911 0.57911 0.57911 0.57911 0.57911 0.257473 0.57911 0.57911 0.263779 0.57911 0.57911 0.57911 0.57911 0.57911 0.57911 0.57911 0.57911 0.57911 0.57911 0.57911 0.57911 0.57911 0.57911 0.57911 0.57911 0.57911 0.57911 0.57911 0.57911 0.57911 0.57911 0.57911 0.57911 0.57911 0.57911 0.57911 0.57911 0.57911 0.57911 0.57911 0.57911 0.57911 0.57911 0.57911 0.57911 0.57911 0.57911 0.57911 0.57911 0.57911 0.57911 0.573996 0.57911 0.57911 0.57911 0.57911 0.57911 0.57911 0.57911 0.57911 0.57911 0.578008 0.57911 0.57911 0.57911 0.57911 0.57911 0.57911 0.57911 0.57911 0.57911 0.57643 0.57911 0.57911 0.57911 0.57911 0.57911 0.57911 0.57911 0.57911 0.57911 0.265231 0.57911 0.57911 0.57911 0.57911 0.57911 0.57911 0.57911 0.57911 0.57911 0.220057 0.57911 0.57911 0.57911 0.57911 0.57911 0.57911 0.57911 0.57911 0.57911 0.220024 0.57911 0.57911 0.57911 0.566941 0.57911 0.57911 0.569895 0.57911 0.57911 0.57911 0.57911 0.57911 0.57911 0.5646 0.57911 0.57911 0.564945 0.57911 0.57911 0.57911 0.57911 0.57911 0.57911 0.56677 0.57911 0.57911 0.577572 0.57911 0.57911 0.57911 0.57911 0.57911 0.57911 0.57911 0.57911 0.57911 0.57911 0.57911 0.57911 0.57911 0.57911 0.57911 0.57911 0.57911 0.57911 0.57911 0.57911 0.57911 0.57911 0.57911 0.57911 0.57911 0.57911 0.57911 0.57911 0.57911 0.57911 0.57911 0.57911 0.57911 0.57911 0.57911 0.57911 0.57911 0.57911 0.57911 0.57911 0.57911 0.57911 0.370122 0.57911 0.57911 0.57911 0.57911 0.57911 0.57911 0.57911 0.57911 0.57911 0.222588 0.57911 0.57911 0.57911 0.57911 0.57911 0.57911 0.57911 0.57911 0.57911 0.220001 0.57911 0.57911 0.57911 0.225724 0.57911 0.57911 0.577184 0.57911 0.57911 0.57911 0.57911 0.57911 0.57911 0.224881 0.57911 0.57911 0.57738 0.57911 0.57911 0.57911 0.57911 0.57911 0.57911 0.55166 0.57911 0.57911 0.240544 0.57911 0.57911 0.57911 0.57911 0.57911 0.57911 0.57911 0.57911 0.57911 0.57911 0.57911 0.57911 0.57911 0.57911 0.57911 0.57911 0.57911 0.57911 0.57911 0.57911 0.57911 0.57911 0.57911 0.57911 0.57911 0.57911 0.57911 0.57911 0.57911 0.57911 0.57911 0.57911 0.57911 0.57911 0.57911 0.57911 0.57911 0.57911 0.57911 0.57911 0.57911 0.57911 0.220214 0.57911 0.57911 0.57911 0.57911 0.57911 0.57911 0.57911 0.57911 0.57911 0.578176 0.57911 0.57911 0.57911 0.57911 0.57911 0.57911 0.57911 0.57911 0.57911 0.467719 0.57911 0.57911 0.57911 0.220208 0.57911 0.57911 0.292164 0.57911 0.57911 0.57911 0.57911 0.57911 0.57911 0.269289 0.57911 0.57911 0.554643 0.57911 0.57911 0.57911 0.57911 0.57911 0.57911 0.578385 0.57911 0.57911 0.370999 0.57911 0.57911 0.57911 0.57911 0.57911 0.57911 0.57911 0.57911 0.57911 0.57911 0.57911 0.57911 0.57911 0.57911 0.57911 0.57911 0.57911 0.57911 0.57911 0.57911 0.57911 0.57911 0.57911 0.57911 0.57911 0.57911 0.57911 0.57911 0.57911 0.57911 0.57911 0.57911 0.57911 0.57911 0.57911 0.57911 0.57911 0.57911 0.57911 0.57911 0.57911 0.57911 0.496311 0.57911 0.57911 0.57911 0.57911 0.57911 0.57911 0.57911 0.57911 0.57911 0.573626 0.57911 0.57911 0.57911 0.57911 0.57911 0.57911 0.57911 0.57911 0.57911 0.576857 0.57911 0.57911 
0.58906 0.58906 0.58906 0.58906 0.58906 0.58906 0.58906 0.570134 0.58906 0.58906 0.58906 0.58906 0.58906 0.58906 0.58906 0.58906 0.58906 0.210003 0.58906 0.58906 0.58906 0.58906 0.58906 0.58906 0.58906 0.58906 0.58906 0.226022 0.58906 0.58906 0.58906 0.380792 0.58906 0.58906 0.588517 0.58906 0.58906 0.58906 0.58906 0.58906 0.58906 0.588577 0.58906 0.58906 0.210054 0.58906 0.58906 0.58906 0.58906 0.58906 0.58906 0.587171 0.58906 0.58906 0.254235 0.58906 0.58906 0.58906 0.58906 0.58906 0.58906 0.58906 0.58906 0.58906 0.58906 0.58906 0.58906 0.58906 0.58906 0.58906 0.58906 0.58906 0.58906 0.58906 0.58906 0.58906 0.58906 0.58906 0.58906 0.58906 0.58906 0.58906 0.58906 0.58906 0.58906 0.58906 0.58906 0.58906 0.58906 0.58906 0.58906 0.58906 0.58906 0.58906 0.58906 0.58906 0.58906 0.282538 0.58906 0.58906 0.58906 0.58906 0.58906 0.58906 0.58906 0.58906 0.58906 0.587952 0.58906 0.58906 0.58906 0.58906 0.58906 0.58906 0.58906 0.58906 0.58906 0.52841 0.58906 0.58906 0.58906 0.503461 0.58906 0.58906 0.21002 0.58906 0.58906 0.58906 0.58906 0.58906 0.58906 0.210041 0.58906 0.58906 0.210035 0.58906 0.58906 0.58906 0.58906 0.58906 0.58906 0.32624 0.58906 0.58906 0.583015 0.58906 0.58906 0.58906 0.58906 0.58906 0.58906 0.58906 0.58906 0.58906 0.58906 0.58906 0.58906 0.58906 0.58906 0.58906 0.58906 0.58906 0.58906 0.58906 0.58906 0.58906 0.58906 0.58906 0.58906 0.58906 0.58906 0.58906 0.58906 0.58906 0.58906 0.58906 0.58906 0.58906 0.58906 0.58906 0.58906 0.58906 0.58906 0.58906 0.58906 0.58906 0.58906 0.586229 0.58906 0.58906 0.58906 0.58906 0.58906 0.58906 0.58906 0.58906 0.58906 0.31034 0.58906 0.58906 0.58906 0.58906 0.58906 0.58906 0.58906 0.58906 0.58906 0.228031 0.58906 0.58906 0.58906 0.210006 0.58906 0.58906 0.210688 0.58906 0.58906 0.58906 0.58906 0.58906 0.58906 0.517718 0.58906 0.58906 0.210413 0.58906 0.58906 0.58906 0.58906 0.58906 0.58906 0.557768 0.58906 0.58906 0.21011 0.58906 0.58906 0.58906 0.58906 0.58906 0.58906 0.58906 0.58906 0.58906 0.58906 0.58906 0.58906 0.58906 0.58906 0.58906 0.58906 0.58906 0.58906 0.58906 0.58906 0.58906 0.58906 0.58906 0.58906 0.58906 0.58906 0.58906 0.58906 0.58906 0.58906 0.58906 0.58906 0.58906 0.58906 0.58906 0.58906 0.58906 0.58906 0.58906 0.58906 0.58906 0.58906 0.37931 0.58906 0.58906 0.58906 0.58906 0.58906 0.58906 0.58906 0.58906 0.58906 0.539239 0.58906 0.58906 0.58906 0.58906 0.58906 0.58906 0.58906 0.58906 0.58906 0.582357 0.58906 0.58906 0.58906 0.58906 0.58906 0.58906 0.58906 0.58906 0.58906 0.210108 0.58906 0.58906 0.58906 0.58906 0.58906 0.58906 0.58906 0.58906 0.58906 0.582341 0.58906 0.58906 0.58906 0.58906 0.58906 0.58906 0.58906 0.58906 0.58906 0.214524 0.58906 0.58906 0.58906 0.588344 0.58906 0.58906 0.586162 0.58906 0.58906 0.58906 0.58906 0.58906 0.58906 0.210065 0.58906 0.58906 0.587748 0.58906 0.58906 0.58906 0.58906 0.58906 0.58906 0.311764 0.58906 0.58906 0.216826 0.58906 0.58906 0.58906 0.58906 0.58906 0.58906 0.58906 0.58906 0.58906 0.58906 0.58906 0.58906 0.58906 0.58906 0.58906 0.58906 0.58906 0.58906 0.58906 0.58906 0.58906 0.58906 0.58906 0.58906 0.58906 0.58906 0.58906 0.58906 0.58906 0.58906 0.58906 0.58906 0.58906 0.58906 0.58906 0.58906 0.58906 0.58906 0.58906 0.58906 0.58906 0.58906 0.588015 0.58906 0.58906 0.58906 0.58906 0.58906 0.58906 0.58906 0.58906 0.58906 0.211084 0.58906 0.58906 0.58906 0.58906 0.58906 0.58906 0.58906 0.58906 0.58906 0.585797 0.58906 0.58906 0.58906 0.211768 0.58906 0.58906 0.57663 0.58906 0.58906 0.58906 0.58906 0.58906 0.58906 0.533697 0.58906 0.58906 0.210024 0.58906 0.58906 0.58906 0.58906 0.58906 0.58906 0.210015 0.58906 0.58906 0.238963 0.58906 0.58906 0.58906 0.58906 0.58906 0.58906 0.58906 0.58906 0.58906 0.58906 0.58906 0.58906 0.58906 0.58906 0.58906 0.58906 0.58906 0.58906 0.58906 0.58906 0.58906 0.58906 0.58906 0.58906 0.58906 0.58906 0.58906 0.58906 0.58906 0.58906 0.58906 0.58906 0.58906 0.58906 0.58906 0.58906 0.58906 0.58906 0.58906 0.58906 0.58906 0.58906 0.569754 0.58906 0.58906 0.58906 0.58906 0.58906 0.58906 0.58906 0.58906 0.58906 0.210007 0.58906 0.58906 0.58906 0.58906 0.58906 0.58906 0.58906 0.58906 0.58906 0.342786 0.58906 0.58906 0.58906 0.586214 0.58906 0.58906 0.408455 0.58906 0.58906 0.58906 0.58906 0.58906 0.58906 0.560196 0.58906 0.58906 0.541526 0.58906 0.58906 0.58906 0.58906 0.58906 0.58906 0.25031 0.58906 0.58906 0.25654 0.58906 0.58906 0.58906 0.58906 0.58906 0.58906 0.58906 0.58906 0.58906 0.58906 0.58906 0.58906 0.58906 0.58906 0.58906 0.58906 0.58906 0.58906 0.58906 0.58906 0.58906 0.58906 0.58906 0.58906 0.58906 0.58906 0.58906 0.58906 0.58906 0.58906 0.58906 0.58906 0.58906 0.58906 0.58906 0.58906 0.58906 0.58906 0.58906 0.58906 0.58906 0.58906 0.583735 0.58906 0.58906 0.58906 0.58906 0.58906 0.58906 0.58906 0.58906 0.58906 0.587906 0.58906 0.58906 0.58906 0.58906 0.58906 0.58906 0.58906 0.58906 0.58906 0.586214 0.58906 0.58906 0.58906 0.58906 0.58906 0.58906 0.58906 0.58906 0.58906 0.257992 0.58906 0.58906 0.58906 0.58906 0.58906 0.58906 0.58906 0.58906 0.58906 0.210062 0.58906 0.58906 0.58906 0.58906 0.58906 0.58906 0.58906 0.58906 0.58906 0.210026 0.58906 0.58906 0.58906 0.576219 0.58906 0.58906 0.579293 0.58906 0.58906 0.58906 0.58906 0.58906 0.58906 0.573465 0.58906 0.58906 0.574177 0.58906 0.58906 0.58906 0.58906 0.58906 0.58906 0.576169 0.58906 0.58906 0.587428 0.58906 0.58906 0.58906 0.58906 0.58906 0.58906 0.58906 0.58906 0.58906 0.58906 0.58906 0.58906 0.58906 0.58906 0.58906 0.58906 0.58906 0.58906 0.58906 0.58906 0.58906 0.58906 0.58906 0.58906 0.58906 0.58906 0.58906 0.58906 0.58906 0.58906 0.58906 0.58906 0.58906 0.58906 0.58906 0.58906 0.58906 0.58906 0.58906 0.58906 0.58906 0.58906 0.368711 0.58906 0.58906 0.58906 0.58906 0.58906 0.58906 0.58906 0.58906 0.58906 0.2127 0.58906 0.58906 0.58906 0.58906 0.58906 0.58906 0.58906 0.58906 0.58906 0.210001 0.58906 0.58906 0.58906 0.215934 0.58906 0.58906 0.58704 0.58906 0.58906 0.58906 0.58906 0.58906 0.58906 0.21515 0.58906 0.58906 0.587245 0.58906 0.58906 0.58906 0.58906 0.58906 0.58906 0.560135 0.58906 0.58906 0.231646 0.58906 0.58906 0.58906 0.58906 0.58906 0.58906 0.58906 0.58906 0.58906 0.58906 0.58906 0.58906 0.58906 0.58906 0.58906 0.58906 0.58906 0.58906 0.58906 0.58906 0.58906 0.58906 0.58906 0.58906 0.58906 0.58906 0.58906 0.58906 0.58906 0.58906 0.58906 0.58906 0.58906 0.58906 0.58906 0.58906 0.58906 0.58906 0.58906 0.58906 0.58906 0.58906 0.210221 0.58906 0.58906 0.58906 0.58906 0.58906 0.58906 0.58906 0.58906 0.58906 0.588068 0.58906 0.58906 0.58906 0.58906 0.58906 0.58906 0.58906 0.58906 0.58906 0.472861 0.58906 0.58906 0.58906 0.210219 0.58906 0.58906 0.286054 0.58906 0.58906 0.58906 0.58906 0.58906 0.58906 0.261322 0.58906 0.58906 0.5621 0.58906 0.58906 0.58906 0.58906 0.58906 0.58906 0.588283 0.58906 0.58906 0.372256 0.58906 0.58906 0.58906 0.58906 0.58906 0.58906 0.58906 0.58906 0.58906 0.58906 0.58906 0.58906 0.58906 0.58906 0.58906 0.58906 0.58906 0.58906 0.58906 0.58906 0.58906 0.58906 0.58906 0.58906 0.58906 0.58906 0.58906 0.58906 0.58906 0.58906 0.58906 0.58906 0.58906 0.58906 0.58906 0.58906 0.58906 0.58906 0.58906 0.58906 0.58906 0.58906 0.503067 0.58906 0.58906 0.58906 0.58906 0.58906 0.58906 0.58906 0.58906 0.58906 0.583357 0.58906 0.58906 0.58906 0.58906 0.58906 0.58906 0.58906 0.58906 0.58906 0.586666 0.58906 0.58906 
0.599011 0.599011 0.599011 0.599011 0.599011 0.599011 0.599011 0.579342 0.599011 0.599011 0.599011 0.599011 0.599011 0.599011 0.599011 0.599011 0.599011 0.200003 0.599011 0.599011 0.599011 0.599011 0.599011 0.599011 0.599011 0.599011 0.599011 0.216789 0.599011 0.599011 0.599011 0.379073 0.599011 0.599011 0.598441 0.599011 0.599011 0.599011 0.599011 0.599011 0.599011 0.598503 0.599011 0.599011 0.200056 0.599011 0.599011 0.599011 0.599011 0.599011 0.599011 0.597031 0.599011 0.599011 0.245947 0.599011 0.599011 0.599011 0.599011 0.599011 0.599011 0.599011 0.599011 0.599011 0.599011 0.599011 0.599011 0.599011 0.599011 0.599011 0.599011 0.599011 0.599011 0.599011 0.599011 0.599011 0.599011 0.599011 0.599011 0.599011 0.599011 0.599011 0.599011 0.599011 0.599011 0.599011 0.599011 0.599011 0.599011 0.599011 0.599011 0.599011 0.599011 0.599011 0.599011 0.599011 0.599011 0.274878 0.599011 0.599011 0.599011 0.599011 0.599011 0.599011 0.599011 0.599011 0.599011 0.597799 0.599011 0.599011 0.599011 0.599011 0.599011 0.599011 0.599011 0.599011 0.599011 0.535866 0.599011 0.599011 0.599011 0.510775 0.599011 0.599011 0.20002 0.599011 0.599011 0.599011 0.599011 0.599011 0.599011 0.200044 0.599011 0.599011 0.200037 0.599011 0.599011 0.599011 0.599011 0.599011 0.599011 0.321828 0.599011 0.599011 0.592648 0.599011 0.599011 0.599011 0.599011 0.599011 0.599011 0.599011 0.599011 0.599011 0.599011 0.599011 0.599011 0.599011 0.599011 0.599011 0.599011 0.599011 0.599011 0.599011 0.599011 0.599011 0.599011 0.599011 0.599011 0.599011 0.599011 0.599011 0.599011 0.599011 0.599011 0.599011 0.599011 0.599011 0.599011 0.599011 0.599011 0.599011 0.599011 0.599011 0.599011 0.599011 0.599011 0.596055 0.599011 0.599011 0.599011 0.599011 0.599011 0.599011 0.599011 0.599011 0.599011 0.30367 0.599011 0.599011 0.599011 0.599011 0.599011 0.599011 0.599011 0.599011 0.599011 0.219743 0.599011 0.599011 0.599011 0.200007 0.599011 0.599011 0.200741 0.599011 0.599011 0.599011 0.599011 0.599011 0.599011 0.525104 0.599011 0.599011 0.200431 0.599011 0.599011 0.599011 0.599011 0.599011 0.599011 0.56649 0.599011 0.599011 0.200115 0.599011 0.599011 0.599011 0.599011 0.599011 0.599011 0.599011 0.599011 0.599011 0.599011 0.599011 0.599011 0.599011 0.599011 0.599011 0.599011 0.599011 0.599011 0.599011 0.599011 0.599011 0.599011 0.599011 0.599011 0.599011 0.599011 0.599011 0.599011 0.599011 0.599011 0.599011 0.599011 0.599011 0.599011 0.599011 0.599011 0.599011 0.599011 0.599011 0.599011 0.599011 0.599011 0.376542 0.599011 0.599011 0.599011 0.599011 0.599011 0.599011 0.599011 0.599011 0.599011 0.54582 0.599011 0.599011 0.599011 0.599011 0.599011 0.599011 0.599011 0.599011 0.599011 0.592052 0.599011 0.599011 0.599011 0.599011 0.599011 0.599011 0.599011 0.599011 0.599011 0.200112 0.599011 0.599011 0.599011 0.599011 0.599011 0.599011 0.599011 0.599011 0.599011 0.591962 0.599011 0.599011 0.599011 0.599011 0.599011 0.599011 0.599011 0.599011 0.599011 0.204692 0.599011 0.599011 0.599011 0.598257 0.599011 0.599011 0.595892 0.599011 0.599011 0.599011 0.599011 0.599011 0.599011 0.200068 0.599011 0.599011 0.597646 0.599011 0.599011 0.599011 0.599011 0.599011 0.599011 0.305556 0.599011 0.599011 0.207006 0.599011 0.599011 0.599011 0.599011 0.599011 0.599011 0.599011 0.599011 0.599011 0.599011 0.599011 0.599011 0.599011 0.599011 0.599011 0.599011 0.599011 0.599011 0.599011 0.599011 0.599011 0.599011 0.599011 0.599011 0.599011 0.599011 0.599011 0.599011 0.599011 0.599011 0.599011 0.599011 0.599011 0.599011 0.599011 0.599011 0.599011 0.599011 0.599011 0.599011 0.599011 0.599011 0.597922 0.599011 0.599011 0.599011 0.599011 0.599011 0.599011 0.599011 0.599011 0.599011 0.201129 0.599011 0.599011 0.599011 0.599011 0.599011 0.599011 0.599011 0.599011 0.599011 0.595441 0.599011 0.599011 0.599011 0.201844 0.599011 0.599011 0.585653 0.599011 0.599011 0.599011 0.599011 0.599011 0.599011 0.541011 0.599011 0.599011 0.200026 0.599011 0.599011 0.599011 0.599011 0.599011 0.599011 0.200015 0.599011 0.599011 0.230488 0.599011 0.599011 0.599011 0.599011 0.599011 0.599011 0.599011 0.599011 0.599011 0.599011 0.599011 0.599011 0.599011 0.599011 0.599011 0.599011 0.599011 0.599011 0.599011 0.599011 0.599011 0.599011 0.599011 0.599011 0.599011 0.599011 0.599011 0.599011 0.599011 0.599011 0.599011 0.599011 0.599011 0.599011 0.599011 0.599011 0.599011 0.599011 0.599011 0.599011 0.599011 0.599011 0.578888 0.599011 0.599011 0.599011 0.599011 0.599011 0.599011 0.599011 0.599011 0.599011 0.200008 0.599011 0.599011 0.599011 0.599011 0.599011 0.599011 0.599011 0.599011 0.599011 0.338374 0.599011 0.599011 0.599011 0.596066 0.599011 0.599011 0.410021 0.599011 0.599011 0.599011 0.599011 0.599011 0.599011 0.568955 0.599011 0.599011 0.549435 0.599011 0.599011 0.599011 0.599011 0.599011 0.599011 0.241032 0.599011 0.599011 0.249301 0.599011 0.599011 0.599011 0.599011 0.599011 0.599011 0.599011 0.599011 0.599011 0.599011 0.599011 0.599011 0.599011 0.599011 0.599011 0.599011 0.599011 0.599011 0.599011 0.599011 0.599011 0.599011 0.599011 0.599011 0.599011 0.599011 0.599011 0.599011 0.599011 0.599011 0.599011 0.599011 0.599011 0.599011 0.599011 0.599011 0.599011 0.599011 0.599011 0.599011 0.599011 0.599011 0.59343 0.599011 0.599011 0.599011 0.599011 0.599011 0.599011 0.599011 0.599011 0.599011 0.597753 0.599011 0.599011 0.599011 0.599011 0.599011 0.599011 0.599011 0.599011 0.599011 0.596056 0.599011 0.599011 0.599011 0.599011 0.599011 0.599011 0.599011 0.599011 0.599011 0.252187 0.599011 0.599011 0.599011 0.599011 0.599011 0.599011 0.599011 0.599011 0.599011 0.200064 0.599011 0.599011 0.599011 0.599011 0.599011 0.599011 0.599011 0.599011 0.599011 0.200026 0.599011 0.599011 0.599011 0.584863 0.599011 0.599011 0.588837 0.599011 0.599011 0.599011 0.599011 0.599011 0.599011 0.582649 0.599011 0.599011 0.583518 0.599011 0.599011 0.599011 0.599011 0.599011 0.599011 0.585248 0.599011 0.599011 0.597313 0.599011 0.599011 0.599011 0.599011 0.599011 0.599011 0.599011 0.599011 0.599011 0.599011 0.599011 0.599011 0.599011 0.599011 0.599011 0.599011 0.599011 0.599011 0.599011 0.599011 0.599011 0.599011 0.599011 0.599011 0.599011 0.599011 0.599011 0.599011 0.599011 0.599011 0.599011 0.599011 0.599011 0.599011 0.599011 0.599011 0.599011 0.599011 0.599011 0.599011 0.599011 0.599011 0.367145 0.599011 0.599011 0.599011 0.599011 0.599011 0.599011 0.599011 0.599011 0.599011 0.202813 0.599011 0.599011 0.599011 0.599011 0.599011 0.599011 0.599011 0.599011 0.599011 0.200001 0.599011 0.599011 0.599011 0.20629 0.599011 0.599011 0.596861 0.599011 0.599011 0.599011 0.599011 0.599011 0.599011 0.205517 0.599011 0.599011 0.597118 0.599011 0.599011 0.599011 0.599011 0.599011 0.599011 0.568102 0.599011 0.599011 0.222438 0.599011 0.599011 0.599011 0.599011 0.599011 0.599011 0.599011 0.599011 0.599011 0.599011 0.599011 0.599011 0.599011 0.599011 0.599011 0.599011 0.599011 0.599011 0.599011 0.599011 0.599011 0.599011 0.599011 0.599011 0.599011 0.599011 0.599011 0.599011 0.599011 0.599011 0.599011 0.599011 0.599011 0.599011 0.599011 0.599011 0.599011 0.599011 0.599011 0.599011 0.599011 0.599011 0.200233 0.599011 0.599011 0.599011 0.599011 0.599011 0.599011 0.599011 0.599011 0.599011 0.597986 0.599011 0.599011 0.599011 0.599011 0.599011 0.599011 0.599011 0.599011 0.599011 0.477767 0.599011 0.599011 0.599011 0.200235 0.599011 0.599011 0.280145 0.599011 0.599011 0.599011 0.599011 0.599011 0.599011 0.253796 0.599011 0.599011 0.570436 0.599011 0.599011 0.599011 0.599011 0.599011 0.599011 0.59819 0.599011 0.599011 0.368501 0.599011 0.599011 0.599011 0.599011 0.599011 0.599011 0.599011 0.599011 0.599011 0.599011 0.599011 0.599011 0.599011 0.599011 0.599011 0.599011 0.599011 0.599011 0.599011 0.599011 0.599011 0.599011 0.599011 0.599011 0.599011 0.599011 0.599011 0.599011 0.599011 0.599011 0.599011 0.599011 0.599011 0.599011 0.599011 0.599011 0.599011 0.599011 0.599011 0.599011 0.599011 0.599011 0.509275 0.599011 0.599011 0.599011 0.599011 0.599011 0.599011 0.599011 0.599011 0.599011 0.592928 0.599011 0.599011 0.599011 0.599011 0.599011 0.599011 0.599011 0.599011 0.599011 0.596463 0.599011 0.599011 

</Matrix>
   <Matrix name="ratesHistory" type="complete" rows="21" columns="900" multiplier="1.0">
   0 0 0 0 0 0 0 0 0 0 0 0 0 0 0 0 0 0 0 0 0 0 0 0 0 0 0 0 0 0 0 0 0 0 0 0 0 0 0 0 0 0 0 0 0 0 0 0 0 0 0 0 0 0 0 0 0 0 0 0 0 0 0 0 0 0 0 0 0 0 0 0 0 0 0 0 0 0 0 0 0 0 0 0 0 0 0 0 0 0 0 0 0 0 0 0 0 0 0 0 0 0 0 0 0 0 0 0 0 0 0 0 0 0 0 0 0 0 0 0 0 0 0 0 0 0 0 0 0 0 0 0 0 0 0 0 0 0 0 0 0 0 0 0 0 0 0 0 0 0 0 0 0 0 0 0 0 0 0 0 0 0 0 0 0 0 0 0 0 0 0 0 0 0 0 0 0 0 0 0 0 0 0 0 0 0 0 0 0 0 0 0 0 0 0 0 0 0 0 0 0 0 0 0 0 0 0 0 0 0 0 0 0 0 0 0 0 0 0 0 0 0 0 0 0 0 0 0 0 0 0 0 0 0 0 0 0 0 0 0 0 0 0 0 0 0 0 0 0 0 0 0 0 0 0 0 0 0 0 0 0 0 0 0 0 0 0 0 0 0 0 0 0 0 0 0 0 0 0 0 0 0 0 0 0 0 0 0 0 0 0 0 0 0 0 0 0 0 0 0 0 0 0 0 0 0 0 0 0 0 0 0 0 0 0 0 0 0 0 0 0 0 0 0 0 0 0 0 0 0 0 0 0 0 0 0 0 0 0 0 0 0 0 0 0 0 0 0 0 0 0 0 0 0 0 0 0 0 0 0 0 0 0 0 0 0 0 0 0 0 0 0 0 0 0 0 0 0 0 0 0 0 0 0 0 0 0 0 0 0 0 0 0 0 0 0 0 0 0 0 0 0 0 0 0 0 0 0 0 0 0 0 0 0 0 0 0 0 0 0 0 0 0 0 0 0 0 0 0 0 0 0 0 0 0 0 0 0 0 0 0 0 0 0 0 0 0 0 0 0 0 0 0 0 0 0 0 0 0 0 0 0 0 0 0 0 0 0 0 0 0 0 0 0 0 0 0 0 0 0 0 0 0 0 0 0 0 0 0 0 0 0 0 0 0 0 0 0 0 0 0 0 0 0 0 0 0 0 0 0 0 0 0 0 0 0 0 0 0 0 0 0 0 0 0 0 0 0 0 0 0 0 0 0 0 0 0 0 0 0 0 0 0 0 0 0 0 0 0 0 0 0 0 0 0 0 0 0 0 0 0 0 0 0 0 0 0 0 0 0 0 0 0 0 0 0 0 0 0 0 0 0 0 0 0 0 0 0 0 0 0 0 0 0 0 0 0 0 0 0 0 0 0 0 0 0 0 0 0 0 0 0 0 0 0 0 0 0 0 0 0 0 0 0 0 0 0 0 0 0 0 0 0 0 0 0 0 0 0 0 0 0 0 0 0 0 0 0 0 0 0 0 0 0 0 0 0 0 0 0 0 0 0 0 0 0 0 0 0 0 0 0 0 0 0 0 0 0 0 0 0 0 0 0 0 0 0 0 0 0 0 0 0 0 0 0 0 0 0 0 0 0 0 0 0 0 0 0 0 0 0 0 0 0 0 0 0 0 0 0 0 0 0 0 0 0 0 0 0 0 0 0 0 0 0 0 0 0 0 0 0 0 0 0 0 0 0 0 0 0 0 0 0 0 0 0 0 0 0 0 0 0 0 0 0 0 0 0 0 0 0 0 0 0 0 0 0 0 0 0 0 0 0 0 0 0 0 0 0 0 0 0 0 0 0 0 0 0 0 0 0 0 0 0 0 0 0 0 0 0 0 0 0 0 0 0 0 0 0 0 0 0 0 0 0 0 0 0 0 0 0 0 0 0 0 0 0 0 0 0 0 0 0 0 0 0 0 0 0 0 0 0 0 0 0 0 0 0 0 0 0 0 0 0 0 0 0 0 0 0 0 0 0 0 0 0 0 0 0 0 0 0 0 0 0 0 0 0 0 0 0 0 0 0 0 0 0 0 0 0 
0 0 0 0 0 0 0 0.89 0 0 0 0 0 0 0 0 0 5.78 0 0 0 0 0 0 0 0 0 3.03 0 0 0 1.87 0 0 0.16 0 0 0 0 0 0 0.05 0 0 4.56 0 0 0 0 0 0 0.36 0 0 2.54 0 0 0 0 0 0 0 0 0 0 0 0 0 0 0 0 0 0 0 0 0 0 0 0 0 0 0 0 0 0 0 0 0 0 0 0 0 0 0 0 0 0 2.51 0 0 0 0 0 0 0 0 0 0.2 0 0 0 0 0 0 0 0 0 1.07 0 0 0 1.57 0 0 5.23 0 0 0 0 0 0 4.96 0 0 4.88 0 0 0 0 0 0 1.93 0 0 0.62 0 0 0 0 0 0 0 0 0 0 0 0 0 0 0 0 0 0 0 0 0 0 0 0 0 0 0 0 0 0 0 0 0 0 0 0 0 0 0 0 0 0 0.37 0 0 0 0 0 0 0 0 0 2.15 0 0 0 0 0 0 0 0 0 2.75 0 0 0 5.48 0 0 3.94 0 0 0 0 0 0 1.45 0 0 4.12 0 0 0 0 0 0 0.94 0 0 4.67 0 0 0 0 0 0 0 0 0 0 0 0 0 0 0 0 0 0 0 0 0 0 0 0 0 0 0 0 0 0 0 0 0 0 0 0 0 0 0 0 0 0 2.11 0 0 0 0 0 0 0 0 0 1.38 0 0 0 0 0 0 0 0 0 0.6 0 0 0 0 0 0 0 0 0 4.28 0 0 0 0 0 0 0 0 0 0.69 0 0 0 0 0 0 0 0 0 3.59 0 0 0 0.22 0 0 0.51 0 0 0 0 0 0 4.81 0 0 0.2 0 0 0 0 0 0 2.16 0 0 3.13 0 0 0 0 0 0 0 0 0 0 0 0 0 0 0 0 0 0 0 0 0 0 0 0 0 0 0 0 0 0 0 0 0 0 0 0 0 0 0 0 0 0 0.3 0 0 0 0 0 0 0 0 0 3.64 0 0 0 0 0 0 0 0 0 0.48 0 0 0 3.46 0 0 0.75 0 0 0 0 0 0 1.39 0 0 4.89 0 0 0 0 0 0 4.84 0 0 2.73 0 0 0 0 0 0 0 0 0 0 0 0 0 0 0 0 0 0 0 0 0 0 0 0 0 0 0 0 0 0 0 0 0 0 0 0 0 0 0 0 0 0 0.94 0 0 0 0 0 0 0 0 0 5.18 0 0 0 0 0 0 0 0 0 2.17 0 0 0 0.5 0 0 1.81 0 0 0 0 0 0 1.1 0 0 1.25 0 0 0 0 0 0 2.56 0 0 2.69 0 0 0 0 0 0 0 0 0 0 0 0 0 0 0 0 0 0 0 0 0 0 0 0 0 0 0 0 0 0 0 0 0 0 0 0 0 0 0 0 0 0 0.59 0 0 0 0 0 0 0 0 0 0.21 0 0 0 0 0 0 0 0 0 0.44 0 0 0 0 0 0 0 0 0 2.5 0 0 0 0 0 0 0 0 0 4.97 0 0 0 0 0 0 0 0 0 4.98 0 0 0 0.79 0 0 0.7 0 0 0 0 0 0 0.8 0 0 0.86 0 0 0 0 0 0 0.95 0 0 0.37 0 0 0 0 0 0 0 0 0 0 0 0 0 0 0 0 0 0 0 0 0 0 0 0 0 0 0 0 0 0 0 0 0 0 0 0 0 0 0 0 0 0 1.97 0 0 0 0 0 0 0 0 0 3.55 0 0 0 0 0 0 0 0 0 5.91 0 0 0 3.02 0 0 0.4 0 0 0 0 0 0 3.43 0 0 0.3 0 0 0 0 0 0 0.96 0 0 2.76 0 0 0 0 0 0 0 0 0 0 0 0 0 0 0 0 0 0 0 0 0 0 0 0 0 0 0 0 0 0 0 0 0 0 0 0 0 0 0 0 0 0 4.49 0 0 0 0 0 0 0 0 0 0.18 0 0 0 0 0 0 0 0 0 1.56 0 0 0 4.2 0 0 2.13 0 0 0 0 0 0 2.23 0 0 1.04 0 0 0 0 0 0 0.13 0 0 1.85 0 0 0 0 0 0 0 0 0 0 0 0 0 0 0 0 0 0 0 0 0 0 0 0 0 0 0 0 0 0 0 0 0 0 0 0 0 0 0 0 0 0 1.4 0 0 0 0 0 0 0 0 0 0.59 0 0 0 0 0 0 0 0 0 0.36 0 0 
0 0 0 0 0 0 0 1.04 0 0 0 0 0 0 0 0 0 5.56 0 0 0 0 0 0 0 0 0 2.64 0 0 0 2.18 0 0 0.19 0 0 0 0 0 0 0.11 0 0 4.68 0 0 0 0 0 0 0.32 0 0 2.53 0 0 0 0 0 0 0 0 0 0 0 0 0 0 0 0 0 0 0 0 0 0 0 0 0 0 0 0 0 0 0 0 0 0 0 0 0 0 0 0 0 0 2.61 0 0 0 0 0 0 0 0 0 0.22 0 0 0 0 0 0 0 0 0 1.3 0 0 0 1.53 0 0 4.97 0 0 0 0 0 0 4.73 0 0 4.86 0 0 0 0 0 0 2.16 0 0 0.45 0 0 0 0 0 0 0 0 0 0 0 0 0 0 0 0 0 0 0 0 0 0 0 0 0 0 0 0 0 0 0 0 0 0 0 0 0 0 0 0 0 0 0.43 0 0 0 0 0 0 0 0 0 2.32 0 0 0 0 0 0 0 0 0 2.96 0 0 0 5.13 0 0 3.98 0 0 0 0 0 0 1.61 0 0 3.89 0 0 0 0 0 0 1.19 0 0 4.59 0 0 0 0 0 0 0 0 0 0 0 0 0 0 0 0 0 0 0 0 0 0 0 0 0 0 0 0 0 0 0 0 0 0 0 0 0 0 0 0 0 0 1.99 0 0 0 0 0 0 0 0 0 1.35 0 0 0 0 0 0 0 0 0 0.51 0 0 0 0 0 0 0 0 0 4.41 0 0 0 0 0 0 0 0 0 0.65 0 0 0 0 0 0 0 0 0 3.31 0 0 0 0.17 0 0 0.42 0 0 0 0 0 0 4.72 0 0 0.25 0 0 0 0 0 0 2.31 0 0 3.33 0 0 0 0 0 0 0 0 0 0 0 0 0 0 0 0 0 0 0 0 0 0 0 0 0 0 0 0 0 0 0 0 0 0 0 0 0 0 0 0 0 0 0.22 0 0 0 0 0 0 0 0 0 3.62 0 0 0 0 0 0 0 0 0 0.51 0 0 0 3.47 0 0 0.91 0 0 0 0 0 0 1.39 0 0 4.87 0 0 0 0 0 0 5.25 0 0 2.86 0 0 0 0 0 0 0 0 0 0 0 0 0 0 0 0 0 0 0 0 0 0 0 0 0 0 0 0 0 0 0 0 0 0 0 0 0 0 0 0 0 0 0.94 0 0 0 0 0 0 0 0 0 5.42 0 0 0 0 0 0 0 0 0 1.98 0 0 0 0.48 0 0 1.97 0 0 0 0 0 0 1.16 0 0 1.3 0 0 0 0 0 0 2.71 0 0 2.29 0 0 0 0 0 0 0 0 0 0 0 0 0 0 0 0 0 0 0 0 0 0 0 0 0 0 0 0 0 0 0 0 0 0 0 0 0 0 0 0 0 0 0.56 0 0 0 0 0 0 0 0 0 0.31 0 0 0 0 0 0 0 0 0 0.36 0 0 0 0 0 0 0 0 0 2.44 0 0 0 0 0 0 0 0 0 4.84 0 0 0 0 0 0 0 0 0 5.03 0 0 0 0.82 0 0 0.73 0 0 0 0 0 0 0.9 0 0 0.92 0 0 0 0 0 0 0.88 0 0 0.35 0 0 0 0 0 0 0 0 0 0 0 0 0 0 0 0 0 0 0 0 0 0 0 0 0 0 0 0 0 0 0 0 0 0 0 0 0 0 0 0 0 0 1.84 0 0 0 0 0 0 0 0 0 3.53 0 0 0 0 0 0 0 0 0 5.86 0 0 0 3.23 0 0 0.49 0 0 0 0 0 0 3.22 0 0 0.32 0 0 0 0 0 0 1.11 0 0 2.51 0 0 0 0 0 0 0 0 0 0 0 0 0 0 0 0 0 0 0 0 0 0 0 0 0 0 0 0 0 0 0 0 0 0 0 0 0 0 0 0 0 0 4.02 0 0 0 0 0 0 0 0 0 0.27 0 0 0 0 0 0 0 0 0 1.52 0 0 0 4.23 0 0 2.29 0 0 0 0 0 0 2.65 0 0 1.02 0 0 0 0 0 0 0.24 0 0 2.16 0 0 0 0 0 0 0 0 0 0 0 0 0 0 0 0 0 0 0 0 0 0 0 0 0 0 0 0 0 0 0 0 0 0 0 0 0 0 0 0 0 0 1.33 0 0 0 0 0 0 0 0 0 0.63 0 0 0 0 0 0 0 0 0 0.49 0 0 
0 0 0 0 0 0 0 1.07 0 0 0 0 0 0 0 0 0 5.61 0 0 0 0 0 0 0 0 0 2.82 0 0 0 1.96 0 0 0.1 0 0 0 0 0 0 0.11 0 0 4.49 0 0 0 0 0 0 0.44 0 0 2.36 0 0 0 0 0 0 0 0 0 0 0 0 0 0 0 0 0 0 0 0 0 0 0 0 0 0 0 0 0 0 0 0 0 0 0 0 0 0 0 0 0 0 2.22 0 0 0 0 0 0 0 0 0 0.23 0 0 0 0 0 0 0 0 0 1.21 0 0 0 1.57 0 0 4.88 0 0 0 0 0 0 4.87 0 0 4.79 0 0 0 0 0 0 2.04 0 0 0.63 0 0 0 0 0 0 0 0 0 0 0 0 0 0 0 0 0 0 0 0 0 0 0 0 0 0 0 0 0 0 0 0 0 0 0 0 0 0 0 0 0 0 0.57 0 0 0 0 0 0 0 0 0 2.18 0 0 0 0 0 0 0 0 0 2.89 0 0 0 5.3 0 0 3.75 0 0 0 0 0 0 1.35 0 0 4.05 0 0 0 0 0 0 1.1 0 0 4.25 0 0 0 0 0 0 0 0 0 0 0 0 0 0 0 0 0 0 0 0 0 0 0 0 0 0 0 0 0 0 0 0 0 0 0 0 0 0 0 0 0 0 2.02 0 0 0 0 0 0 0 0 0 1.4 0 0 0 0 0 0 0 0 0 0.72 0 0 0 0 0 0 0 0 0 4.31 0 0 0 0 0 0 0 0 0 0.65 0 0 0 0 0 0 0 0 0 3.33 0 0 0 0.23 0 0 0.44 0 0 0 0 0 0 4.47 0 0 0.22 0 0 0 0 0 0 2.16 0 0 3.02 0 0 0 0 0 0 0 0 0 0 0 0 0 0 0 0 0 0 0 0 0 0 0 0 0 0 0 0 0 0 0 0 0 0 0 0 0 0 0 0 0 0 0.34 0 0 0 0 0 0 0 0 0 3.52 0 0 0 0 0 0 0 0 0 0.45 0 0 0 3.6 0 0 0.83 0 0 0 0 0 0 1.45 0 0 4.92 0 0 0 0 0 0 5.55 0 0 2.67 0 0 0 0 0 0 0 0 0 0 0 0 0 0 0 0 0 0 0 0 0 0 0 0 0 0 0 0 0 0 0 0 0 0 0 0 0 0 0 0 0 0 0.95 0 0 0 0 0 0 0 0 0 5.48 0 0 0 0 0 0 0 0 0 2.34 0 0 0 0.44 0 0 1.82 0 0 0 0 0 0 1.01 0 0 1.13 0 0 0 0 0 0 2.55 0 0 2.58 0 0 0 0 0 0 0 0 0 0 0 0 0 0 0 0 0 0 0 0 0 0 0 0 0 0 0 0 0 0 0 0 0 0 0 0 0 0 0 0 0 0 0.57 0 0 0 0 0 0 0 0 0 0.27 0 0 0 0 0 0 0 0 0 0.55 0 0 0 0 0 0 0 0 0 2.61 0 0 0 0 0 0 0 0 0 4.72 0 0 0 0 0 0 0 0 0 5.02 0 0 0 0.84 0 0 0.77 0 0 0 0 0 0 0.87 0 0 0.92 0 0 0 0 0 0 0.82 0 0 0.28 0 0 0 0 0 0 0 0 0 0 0 0 0 0 0 0 0 0 0 0 0 0 0 0 0 0 0 0 0 0 0 0 0 0 0 0 0 0 0 0 0 0 2.07 0 0 0 0 0 0 0 0 0 3.38 0 0 0 0 0 0 0 0 0 5.89 0 0 0 3.14 0 0 0.26 0 0 0 0 0 0 3.36 0 0 0.34 0 0 0 0 0 0 1.28 0 0 3.05 0 0 0 0 0 0 0 0 0 0 0 0 0 0 0 0 0 0 0 0 0 0 0 0 0 0 0 0 0 0 0 0 0 0 0 0 0 0 0 0 0 0 4.21 0 0 0 0 0 0 0 0 0 0.28 0 0 0 0 0 0 0 0 0 1.59 0 0 0 4.36 0 0 2.35 0 0 0 0 0 0 2.74 0 0 1.13 0 0 0 0 0 0 0.24 0 0 1.96 0 0 0 0 0 0 0 0 0 0 0 0 0 0 0 0 0 0 0 0 0 0 0 0 0 0 0 0 0 0 0 0 0 0 0 0 0 0 0 0 0 0 1.49 0 0 0 0 0 0 0 0 0 0.58 0 0 0 0 0 0 0 0 0 0.36 0 0 
0 0 0 0 0 0 0 1.01 0 0 0 0 0 0 0 0 0 5.64 0 0 0 0 0 0 0 0 0 2.77 0 0 0 1.92 0 0 0.11 0 0 0 0 0 0 0.16 0 0 4.79 0 0 0 0 0 0 0.36 0 0 2.43 0 0 0 0 0 0 0 0 0 0 0 0 0 0 0 0 0 0 0 0 0 0 0 0 0 0 0 0 0 0 0 0 0 0 0 0 0 0 0 0 0 0 2.24 0 0 0 0 0 0 0 0 0 0.26 0 0 0 0 0 0 0 0 0 1.46 0 0 0 1.4 0 0 5.16 0 0 0 0 0 0 4.67 0 0 4.72 0 0 0 0 0 0 2.2 0 0 0.61 0 0 0 0 0 0 0 0 0 0 0 0 0 0 0 0 0 0 0 0 0 0 0 0 0 0 0 0 0 0 0 0 0 0 0 0 0 0 0 0 0 0 0.37 0 0 0 0 0 0 0 0 0 2.25 0 0 0 0 0 0 0 0 0 2.92 0 0 0 5.69 0 0 4.01 0 0 0 0 0 0 1.48 0 0 4.22 0 0 0 0 0 0 1.1 0 0 4.73 0 0 0 0 0 0 0 0 0 0 0 0 0 0 0 0 0 0 0 0 0 0 0 0 0 0 0 0 0 0 0 0 0 0 0 0 0 0 0 0 0 0 2.01 0 0 0 0 0 0 0 0 0 1.24 0 0 0 0 0 0 0 0 0 0.78 0 0 0 0 0 0 0 0 0 4.84 0 0 0 0 0 0 0 0 0 0.54 0 0 0 0 0 0 0 0 0 3.26 0 0 0 0.17 0 0 0.48 0 0 0 0 0 0 4.71 0 0 0.25 0 0 0 0 0 0 2.28 0 0 3.09 0 0 0 0 0 0 0 0 0 0 0 0 0 0 0 0 0 0 0 0 0 0 0 0 0 0 0 0 0 0 0 0 0 0 0 0 0 0 0 0 0 0 0.28 0 0 0 0 0 0 0 0 0 3.76 0 0 0 0 0 0 0 0 0 0.47 0 0 0 3.83 0 0 0.74 0 0 0 0 0 0 1.3 0 0 5.26 0 0 0 0 0 0 5.12 0 0 2.69 0 0 0 0 0 0 0 0 0 0 0 0 0 0 0 0 0 0 0 0 0 0 0 0 0 0 0 0 0 0 0 0 0 0 0 0 0 0 0 0 0 0 1.13 0 0 0 0 0 0 0 0 0 5.32 0 0 0 0 0 0 0 0 0 2.01 0 0 0 0.48 0 0 1.97 0 0 0 0 0 0 1.05 0 0 1.25 0 0 0 0 0 0 2.5 0 0 2.52 0 0 0 0 0 0 0 0 0 0 0 0 0 0 0 0 0 0 0 0 0 0 0 0 0 0 0 0 0 0 0 0 0 0 0 0 0 0 0 0 0 0 0.5 0 0 0 0 0 0 0 0 0 0.21 0 0 0 0 0 0 0 0 0 0.41 0 0 0 0 0 0 0 0 0 2.59 0 0 0 0 0 0 0 0 0 4.54 0 0 0 0 0 0 0 0 0 4.98 0 0 0 0.68 0 0 0.69 0 0 0 0 0 0 0.92 0 0 1.02 0 0 0 0 0 0 0.87 0 0 0.32 0 0 0 0 0 0 0 0 0 0 0 0 0 0 0 0 0 0 0 0 0 0 0 0 0 0 0 0 0 0 0 0 0 0 0 0 0 0 0 0 0 0 1.98 0 0 0 0 0 0 0 0 0 3.71 0 0 0 0 0 0 0 0 0 6.05 0 0 0 3.26 0 0 0.34 0 0 0 0 0 0 3.13 0 0 0.37 0 0 0 0 0 0 0.93 0 0 2.86 0 0 0 0 0 0 0 0 0 0 0 0 0 0 0 0 0 0 0 0 0 0 0 0 0 0 0 0 0 0 0 0 0 0 0 0 0 0 0 0 0 0 4.32 0 0 0 0 0 0 0 0 0 0.23 0 0 0 0 0 0 0 0 0 1.68 0 0 0 4.23 0 0 2.43 0 0 0 0 0 0 2.44 0 0 0.91 0 0 0 0 0 0 0.16 0 0 1.84 0 0 0 0 0 0 0 0 0 0 0 0 0 0 0 0 0 0 0 0 0 0 0 0 0 0 0 0 0 0 0 0 0 0 0 0 0 0 0 0 0 0 1.58 0 0 0 0 0 0 0 0 0 0.61 0 0 0 0 0 0 0 0 0 0.37 0 0 
0 0 0 0 0 0 0 0.89 0 0 0 0 0 0 0 0 0 5.68 0 0 0 0 0 0 0 0 0 2.7 0 0 0 1.75 0 0 0.12 0 0 0 0 0 0 0.17 0 0 4.93 0 0 0 0 0 0 0.3 0 0 2.74 0 0 0 0 0 0 0 0 0 0 0 0 0 0 0 0 0 0 0 0 0 0 0 0 0 0 0 0 0 0 0 0 0 0 0 0 0 0 0 0 0 0 2.32 0 0 0 0 0 0 0 0 0 0.23 0 0 0 0 0 0 0 0 0 1.45 0 0 0 1.52 0 0 5 0 0 0 0 0 0 4.9 0 0 4.73 0 0 0 0 0 0 2.23 0 0 0.73 0 0 0 0 0 0 0 0 0 0 0 0 0 0 0 0 0 0 0 0 0 0 0 0 0 0 0 0 0 0 0 0 0 0 0 0 0 0 0 0 0 0 0.53 0 0 0 0 0 0 0 0 0 2.4 0 0 0 0 0 0 0 0 0 2.87 0 0 0 5.27 0 0 4.09 0 0 0 0 0 0 1.46 0 0 3.77 0 0 0 0 0 0 1.2 0 0 4.66 0 0 0 0 0 0 0 0 0 0 0 0 0 0 0 0 0 0 0 0 0 0 0 0 0 0 0 0 0 0 0 0 0 0 0 0 0 0 0 0 0 0 1.9 0 0 0 0 0 0 0 0 0 1.33 0 0 0 0 0 0 0 0 0 0.63 0 0 0 0 0 0 0 0 0 4.57 0 0 0 0 0 0 0 0 0 0.65 0 0 0 0 0 0 0 0 0 3.14 0 0 0 0.24 0 0 0.42 0 0 0 0 0 0 4.82 0 0 0.26 0 0 0 0 0 0 2.02 0 0 3.06 0 0 0 0 0 0 0 0 0 0 0 0 0 0 0 0 0 0 0 0 0 0 0 0 0 0 0 0 0 0 0 0 0 0 0 0 0 0 0 0 0 0 0.26 0 0 0 0 0 0 0 0 0 3.79 0 0 0 0 0 0 0 0 0 0.45 0 0 0 3.65 0 0 0.92 0 0 0 0 0 0 1.39 0 0 5.02 0 0 0 0 0 0 5.39 0 0 2.63 0 0 0 0 0 0 0 0 0 0 0 0 0 0 0 0 0 0 0 0 0 0 0 0 0 0 0 0 0 0 0 0 0 0 0 0 0 0 0 0 0 0 0.94 0 0 0 0 0 0 0 0 0 5.34 0 0 0 0 0 0 0 0 0 2.05 0 0 0 0.42 0 0 1.83 0 0 0 0 0 0 1.18 0 0 1.27 0 0 0 0 0 0 2.63 0 0 2.68 0 0 0 0 0 0 0 0 0 0 0 0 0 0 0 0 0 0 0 0 0 0 0 0 0 0 0 0 0 0 0 0 0 0 0 0 0 0 0 0 0 0 0.55 0 0 0 0 0 0 0 0 0 0.22 0 0 0 0 0 0 0 0 0 0.34 0 0 0 0 0 0 0 0 0 2.48 0 0 0 0 0 0 0 0 0 4.92 0 0 0 0 0 0 0 0 0 4.94 0 0 0 0.85 0 0 0.87 0 0 0 0 0 0 0.92 0 0 0.71 0 0 0 0 0 0 0.86 0 0 0.29 0 0 0 0 0 0 0 0 0 0 0 0 0 0 0 0 0 0 0 0 0 0 0 0 0 0 0 0 0 0 0 0 0 0 0 0 0 0 0 0 0 0 2.24 0 0 0 0 0 0 0 0 0 3.31 0 0 0 0 0 0 0 0 0 5.66 0 0 0 3.18 0 0 0.33 0 0 0 0 0 0 3.37 0 0 0.39 0 0 0 0 0 0 1.28 0 0 2.53 0 0 0 0 0 0 0 0 0 0 0 0 0 0 0 0 0 0 0 0 0 0 0 0 0 0 0 0 0 0 0 0 0 0 0 0 0 0 0 0 0 0 4.08 0 0 0 0 0 0 0 0 0 0.21 0 0 0 0 0 0 0 0 0 1.68 0 0 0 4.39 0 0 2.32 0 0 0 0 0 0 2.42 0 0 1.03 0 0 0 0 0 0 0.15 0 0 2.12 0 0 0 0 0 0 0 0 0 0 0 0 0 0 0 0 0 0 0 0 0 0 0 0 0 0 0 0 0 0 0 0 0 0 0 0 0 0 0 0 0 0 1.61 0 0 0 0 0 0 0 0 0 0.62 0 0 0 0 0 0 0 0 0 0.34 0 0 
0 0 0 0 0 0 0 0.98 0 0 0 0 0 0 0 0 0 5.63 0 0 0 0 0 0 0 0 0 3.17 0 0 0 2.23 0 0 0.25 0 0 0 0 0 0 0.16 0 0 5.03 0 0 0 0 0 0 0.36 0 0 2.58 0 0 0 0 0 0 0 0 0 0 0 0 0 0 0 0 0 0 0 0 0 0 0 0 0 0 0 0 0 0 0 0 0 0 0 0 0 0 0 0 0 0 2.46 0 0 0 0 0 0 0 0 0 0.27 0 0 0 0 0 0 0 0 0 1.32 0 0 0 1.53 0 0 5 0 0 0 0 0 0 4.82 0 0 4.7 0 0 0 0 0 0 2.22 0 0 0.63 0 0 0 0 0 0 0 0 0 0 0 0 0 0 0 0 0 0 0 0 0 0 0 0 0 0 0 0 0 0 0 0 0 0 0 0 0 0 0 0 0 0 0.46 0 0 0 0 0 0 0 0 0 1.93 0 0 0 0 0 0 0 0 0 2.91 0 0 0 5.4 0 0 3.98 0 0 0 0 0 0 1.49 0 0 4.19 0 0 0 0 0 0 0.99 0 0 4.4 0 0 0 0 0 0 0 0 0 0 0 0 0 0 0 0 0 0 0 0 0 0 0 0 0 0 0 0 0 0 0 0 0 0 0 0 0 0 0 0 0 0 1.79 0 0 0 0 0 0 0 0 0 1.32 0 0 0 0 0 0 0 0 0 0.63 0 0 0 0 0 0 0 0 0 4.5 0 0 0 0 0 0 0 0 0 0.76 0 0 0 0 0 0 0 0 0 3.25 0 0 0 0.22 0 0 0.54 0 0 0 0 0 0 4.79 0 0 0.29 0 0 0 0 0 0 2.6 0 0 3.45 0 0 0 0 0 0 0 0 0 0 0 0 0 0 0 0 0 0 0 0 0 0 0 0 0 0 0 0 0 0 0 0 0 0 0 0 0 0 0 0 0 0 0.19 0 0 0 0 0 0 0 0 0 3.83 0 0 0 0 0 0 0 0 0 0.46 0 0 0 3.77 0 0 0.79 0 0 0 0 0 0 1.29 0 0 5.08 0 0 0 0 0 0 5.34 0 0 2.62 0 0 0 0 0 0 0 0 0 0 0 0 0 0 0 0 0 0 0 0 0 0 0 0 0 0 0 0 0 0 0 0 0 0 0 0 0 0 0 0 0 0 1.19 0 0 0 0 0 0 0 0 0 5.22 0 0 0 0 0 0 0 0 0 2.19 0 0 0 0.48 0 0 1.79 0 0 0 0 0 0 1.12 0 0 1.42 0 0 0 0 0 0 2.76 0 0 2.48 0 0 0 0 0 0 0 0 0 0 0 0 0 0 0 0 0 0 0 0 0 0 0 0 0 0 0 0 0 0 0 0 0 0 0 0 0 0 0 0 0 0 0.64 0 0 0 0 0 0 0 0 0 0.29 0 0 0 0 0 0 0 0 0 0.38 0 0 0 0 0 0 0 0 0 2.52 0 0 0 0 0 0 0 0 0 4.53 0 0 0 0 0 0 0 0 0 4.71 0 0 0 0.84 0 0 0.77 0 0 0 0 0 0 1.02 0 0 0.89 0 0 0 0 0 0 0.92 0 0 0.26 0 0 0 0 0 0 0 0 0 0 0 0 0 0 0 0 0 0 0 0 0 0 0 0 0 0 0 0 0 0 0 0 0 0 0 0 0 0 0 0 0 0 1.92 0 0 0 0 0 0 0 0 0 3.56 0 0 0 0 0 0 0 0 0 6.03 0 0 0 3.21 0 0 0.31 0 0 0 0 0 0 3.24 0 0 0.38 0 0 0 0 0 0 1.05 0 0 2.92 0 0 0 0 0 0 0 0 0 0 0 0 0 0 0 0 0 0 0 0 0 0 0 0 0 0 0 0 0 0 0 0 0 0 0 0 0 0 0 0 0 0 4.44 0 0 0 0 0 0 0 0 0 0.19 0 0 0 0 0 0 0 0 0 1.57 0 0 0 4.14 0 0 2.47 0 0 0 0 0 0 2.41 0 0 1.06 0 0 0 0 0 0 0.17 0 0 2.06 0 0 0 0 0 0 0 0 0 0 0 0 0 0 0 0 0 0 0 0 0 0 0 0 0 0 0 0 0 0 0 0 0 0 0 0 0 0 0 0 0 0 1.5 0 0 0 0 0 0 0 0 0 0.61 0 0 0 0 0 0 0 0 0 0.46 0 0 
0 0 0 0 0 0 0 0.97 0 0 0 0 0 0 0 0 0 5.51 0 0 0 0 0 0 0 0 0 3.02 0 0 0 2.02 0 0 0.06 0 0 0 0 0 0 0.11 0 0 4.67 0 0 0 0 0 0 0.3 0 0 2.62 0 0 0 0 0 0 0 0 0 0 0 0 0 0 0 0 0 0 0 0 0 0 0 0 0 0 0 0 0 0 0 0 0 0 0 0 0 0 0 0 0 0 2.12 0 0 0 0 0 0 0 0 0 0.22 0 0 0 0 0 0 0 0 0 1.43 0 0 0 1.38 0 0 5.02 0 0 0 0 0 0 4.61 0 0 4.76 0 0 0 0 0 0 2.16 0 0 0.47 0 0 0 0 0 0 0 0 0 0 0 0 0 0 0 0 0 0 0 0 0 0 0 0 0 0 0 0 0 0 0 0 0 0 0 0 0 0 0 0 0 0 0.49 0 0 0 0 0 0 0 0 0 2.27 0 0 0 0 0 0 0 0 0 2.87 0 0 0 5.58 0 0 4.23 0 0 0 0 0 0 1.3 0 0 4.1 0 0 0 0 0 0 1.16 0 0 4.33 0 0 0 0 0 0 0 0 0 0 0 0 0 0 0 0 0 0 0 0 0 0 0 0 0 0 0 0 0 0 0 0 0 0 0 0 0 0 0 0 0 0 2.18 0 0 0 0 0 0 0 0 0 1.39 0 0 0 0 0 0 0 0 0 0.81 0 0 0 0 0 0 0 0 0 4.28 0 0 0 0 0 0 0 0 0 0.62 0 0 0 0 0 0 0 0 0 3.53 0 0 0 0.15 0 0 0.49 0 0 0 0 0 0 4.49 0 0 0.34 0 0 0 0 0 0 2.17 0 0 3.21 0 0 0 0 0 0 0 0 0 0 0 0 0 0 0 0 0 0 0 0 0 0 0 0 0 0 0 0 0 0 0 0 0 0 0 0 0 0 0 0 0 0 0.18 0 0 0 0 0 0 0 0 0 3.95 0 0 0 0 0 0 0 0 0 0.51 0 0 0 3.66 0 0 0.88 0 0 0 0 0 0 1.29 0 0 4.78 0 0 0 0 0 0 4.98 0 0 2.83 0 0 0 0 0 0 0 0 0 0 0 0 0 0 0 0 0 0 0 0 0 0 0 0 0 0 0 0 0 0 0 0 0 0 0 0 0 0 0 0 0 0 0.85 0 0 0 0 0 0 0 0 0 5.48 0 0 0 0 0 0 0 0 0 2.15 0 0 0 0.43 0 0 1.9 0 0 0 0 0 0 1.15 0 0 1.42 0 0 0 0 0 0 2.78 0 0 2.75 0 0 0 0 0 0 0 0 0 0 0 0 0 0 0 0 0 0 0 0 0 0 0 0 0 0 0 0 0 0 0 0 0 0 0 0 0 0 0 0 0 0 0.66 0 0 0 0 0 0 0 0 0 0.25 0 0 0 0 0 0 0 0 0 0.43 0 0 0 0 0 0 0 0 0 2.36 0 0 0 0 0 0 0 0 0 4.61 0 0 0 0 0 0 0 0 0 4.95 0 0 0 0.83 0 0 0.86 0 0 0 0 0 0 1.06 0 0 0.91 0 0 0 0 0 0 0.87 0 0 0.34 0 0 0 0 0 0 0 0 0 0 0 0 0 0 0 0 0 0 0 0 0 0 0 0 0 0 0 0 0 0 0 0 0 0 0 0 0 0 0 0 0 0 2 0 0 0 0 0 0 0 0 0 3.62 0 0 0 0 0 0 0 0 0 5.86 0 0 0 3.17 0 0 0.38 0 0 0 0 0 0 3.09 0 0 0.29 0 0 0 0 0 0 1.07 0 0 2.81 0 0 0 0 0 0 0 0 0 0 0 0 0 0 0 0 0 0 0 0 0 0 0 0 0 0 0 0 0 0 0 0 0 0 0 0 0 0 0 0 0 0 4.45 0 0 0 0 0 0 0 0 0 0.28 0 0 0 0 0 0 0 0 0 1.64 0 0 0 4.38 0 0 2.5 0 0 0 0 0 0 2.59 0 0 0.94 0 0 0 0 0 0 0.21 0 0 2 0 0 0 0 0 0 0 0 0 0 0 0 0 0 0 0 0 0 0 0 0 0 0 0 0 0 0 0 0 0 0 0 0 0 0 0 0 0 0 0 0 0 1.64 0 0 0 0 0 0 0 0 0 0.52 0 0 0 0 0 0 0 0 0 0.35 0 0 
0 0 0 0 0 0 0 0.86 0 0 0 0 0 0 0 0 0 5.4 0 0 0 0 0 0 0 0 0 2.81 0 0 0 2 0 0 0.15 0 0 0 0 0 0 0.15 0 0 4.69 0 0 0 0 0 0 0.33 0 0 2.69 0 0 0 0 0 0 0 0 0 0 0 0 0 0 0 0 0 0 0 0 0 0 0 0 0 0 0 0 0 0 0 0 0 0 0 0 0 0 0 0 0 0 2.19 0 0 0 0 0 0 0 0 0 0.29 0 0 0 0 0 0 0 0 0 1.54 0 0 0 1.56 0 0 5.18 0 0 0 0 0 0 4.76 0 0 4.93 0 0 0 0 0 0 2.23 0 0 0.68 0 0 0 0 0 0 0 0 0 0 0 0 0 0 0 0 0 0 0 0 0 0 0 0 0 0 0 0 0 0 0 0 0 0 0 0 0 0 0 0 0 0 0.4 0 0 0 0 0 0 0 0 0 2.18 0 0 0 0 0 0 0 0 0 2.67 0 0 0 5.37 0 0 3.98 0 0 0 0 0 0 1.48 0 0 4.25 0 0 0 0 0 0 1.19 0 0 4.56 0 0 0 0 0 0 0 0 0 0 0 0 0 0 0 0 0 0 0 0 0 0 0 0 0 0 0 0 0 0 0 0 0 0 0 0 0 0 0 0 0 0 1.8 0 0 0 0 0 0 0 0 0 1.17 0 0 0 0 0 0 0 0 0 0.68 0 0 0 0 0 0 0 0 0 4.44 0 0 0 0 0 0 0 0 0 0.57 0 0 0 0 0 0 0 0 0 3.42 0 0 0 0.14 0 0 0.34 0 0 0 0 0 0 4.52 0 0 0.38 0 0 0 0 0 0 2.13 0 0 3.03 0 0 0 0 0 0 0 0 0 0 0 0 0 0 0 0 0 0 0 0 0 0 0 0 0 0 0 0 0 0 0 0 0 0 0 0 0 0 0 0 0 0 0.23 0 0 0 0 0 0 0 0 0 3.88 0 0 0 0 0 0 0 0 0 0.42 0 0 0 3.67 0 0 0.67 0 0 0 0 0 0 1.38 0 0 5.01 0 0 0 0 0 0 5.2 0 0 2.45 0 0 0 0 0 0 0 0 0 0 0 0 0 0 0 0 0 0 0 0 0 0 0 0 0 0 0 0 0 0 0 0 0 0 0 0 0 0 0 0 0 0 0.95 0 0 0 0 0 0 0 0 0 5.25 0 0 0 0 0 0 0 0 0 2.04 0 0 0 0.44 0 0 1.66 0 0 0 0 0 0 1.19 0 0 1.15 0 0 0 0 0 0 2.74 0 0 2.4 0 0 0 0 0 0 0 0 0 0 0 0 0 0 0 0 0 0 0 0 0 0 0 0 0 0 0 0 0 0 0 0 0 0 0 0 0 0 0 0 0 0 0.59 0 0 0 0 0 0 0 0 0 0.24 0 0 0 0 0 0 0 0 0 0.61 0 0 0 0 0 0 0 0 0 2.51 0 0 0 0 0 0 0 0 0 4.8 0 0 0 0 0 0 0 0 0 4.95 0 0 0 0.9 0 0 0.6 0 0 0 0 0 0 0.84 0 0 0.85 0 0 0 0 0 0 0.63 0 0 0.33 0 0 0 0 0 0 0 0 0 0 0 0 0 0 0 0 0 0 0 0 0 0 0 0 0 0 0 0 0 0 0 0 0 0 0 0 0 0 0 0 0 0 1.9 0 0 0 0 0 0 0 0 0 3.52 0 0 0 0 0 0 0 0 0 5.72 0 0 0 3.26 0 0 0.38 0 0 0 0 0 0 3.16 0 0 0.36 0 0 0 0 0 0 1.08 0 0 2.92 0 0 0 0 0 0 0 0 0 0 0 0 0 0 0 0 0 0 0 0 0 0 0 0 0 0 0 0 0 0 0 0 0 0 0 0 0 0 0 0 0 0 4.2 0 0 0 0 0 0 0 0 0 0.24 0 0 0 0 0 0 0 0 0 1.58 0 0 0 4.22 0 0 2.29 0 0 0 0 0 0 2.56 0 0 1.11 0 0 0 0 0 0 0.24 0 0 1.82 0 0 0 0 0 0 0 0 0 0 0 0 0 0 0 0 0 0 0 0 0 0 0 0 0 0 0 0 0 0 0 0 0 0 0 0 0 0 0 0 0 0 1.58 0 0 0 0 0 0 0 0 0 0.72 0 0 0 0 0 0 0 0 0 0.41 0 0 
0 0 0 0 0 0 0 1.04 0 0 0 0 0 0 0 0 0 5.86 0 0 0 0 0 0 0 0 0 3.05 0 0 0 2.21 0 0 0.2 0 0 0 0 0 0 0.07 0 0 4.58 0 0 0 0 0 0 0.39 0 0 2.58 0 0 0 0 0 0 0 0 0 0 0 0 0 0 0 0 0 0 0 0 0 0 0 0 0 0 0 0 0 0 0 0 0 0 0 0 0 0 0 0 0 0 2.45 0 0 0 0 0 0 0 0 0 0.23 0 0 0 0 0 0 0 0 0 1.38 0 0 0 1.54 0 0 4.83 0 0 0 0 0 0 4.83 0 0 4.96 0 0 0 0 0 0 2.25 0 0 0.68 0 0 0 0 0 0 0 0 0 0 0 0 0 0 0 0 0 0 0 0 0 0 0 0 0 0 0 0 0 0 0 0 0 0 0 0 0 0 0 0 0 0 0.41 0 0 0 0 0 0 0 0 0 2.2 0 0 0 0 0 0 0 0 0 2.87 0 0 0 5.46 0 0 3.92 0 0 0 0 0 0 1.57 0 0 4.22 0 0 0 0 0 0 1.26 0 0 4.37 0 0 0 0 0 0 0 0 0 0 0 0 0 0 0 0 0 0 0 0 0 0 0 0 0 0 0 0 0 0 0 0 0 0 0 0 0 0 0 0 0 0 1.82 0 0 0 0 0 0 0 0 0 1.43 0 0 0 0 0 0 0 0 0 0.61 0 0 0 0 0 0 0 0 0 4.45 0 0 0 0 0 0 0 0 0 0.68 0 0 0 0 0 0 0 0 0 3.15 0 0 0 0.17 0 0 0.48 0 0 0 0 0 0 4.62 0 0 0.23 0 0 0 0 0 0 2.08 0 0 3.03 0 0 0 0 0 0 0 0 0 0 0 0 0 0 0 0 0 0 0 0 0 0 0 0 0 0 0 0 0 0 0 0 0 0 0 0 0 0 0 0 0 0 0.22 0 0 0 0 0 0 0 0 0 3.88 0 0 0 0 0 0 0 0 0 0.53 0 0 0 3.69 0 0 0.8 0 0 0 0 0 0 1.37 0 0 4.98 0 0 0 0 0 0 5.08 0 0 2.63 0 0 0 0 0 0 0 0 0 0 0 0 0 0 0 0 0 0 0 0 0 0 0 0 0 0 0 0 0 0 0 0 0 0 0 0 0 0 0 0 0 0 0.88 0 0 0 0 0 0 0 0 0 5.51 0 0 0 0 0 0 0 0 0 2.04 0 0 0 0.46 0 0 1.97 0 0 0 0 0 0 1.1 0 0 1.34 0 0 0 0 0 0 2.6 0 0 2.55 0 0 0 0 0 0 0 0 0 0 0 0 0 0 0 0 0 0 0 0 0 0 0 0 0 0 0 0 0 0 0 0 0 0 0 0 0 0 0 0 0 0 0.64 0 0 0 0 0 0 0 0 0 0.29 0 0 0 0 0 0 0 0 0 0.38 0 0 0 0 0 0 0 0 0 2.29 0 0 0 0 0 0 0 0 0 4.53 0 0 0 0 0 0 0 0 0 5.29 0 0 0 0.91 0 0 0.81 0 0 0 0 0 0 0.69 0 0 1.02 0 0 0 0 0 0 0.92 0 0 0.24 0 0 0 0 0 0 0 0 0 0 0 0 0 0 0 0 0 0 0 0 0 0 0 0 0 0 0 0 0 0 0 0 0 0 0 0 0 0 0 0 0 0 2.05 0 0 0 0 0 0 0 0 0 3.47 0 0 0 0 0 0 0 0 0 5.85 0 0 0 3.36 0 0 0.27 0 0 0 0 0 0 3.37 0 0 0.27 0 0 0 0 0 0 1.14 0 0 2.94 0 0 0 0 0 0 0 0 0 0 0 0 0 0 0 0 0 0 0 0 0 0 0 0 0 0 0 0 0 0 0 0 0 0 0 0 0 0 0 0 0 0 4.16 0 0 0 0 0 0 0 0 0 0.18 0 0 0 0 0 0 0 0 0 1.66 0 0 0 4.29 0 0 2.18 0 0 0 0 0 0 2.45 0 0 1.07 0 0 0 0 0 0 0.21 0 0 2.02 0 0 0 0 0 0 0 0 0 0 0 0 0 0 0 0 0 0 0 0 0 0 0 0 0 0 0 0 0 0 0 0 0 0 0 0 0 0 0 0 0 0 1.51 0 0 0 0 0 0 0 0 0 0.66 0 0 0 0 0 0 0 0 0 0.42 0 0 
0 0 0 0 0 0 0 0.96 0 0 0 0 0 0 0 0 0 5.94 0 0 0 0 0 0 0 0 0 3.03 0 0 0 1.81 0 0 0.16 0 0 0 0 0 0 0.09 0 0 4.88 0 0 0 0 0 0 0.31 0 0 2.62 0 0 0 0 0 0 0 0 0 0 0 0 0 0 0 0 0 0 0 0 0 0 0 0 0 0 0 0 0 0 0 0 0 0 0 0 0 0 0 0 0 0 2.37 0 0 0 0 0 0 0 0 0 0.24 0 0 0 0 0 0 0 0 0 1.4 0 0 0 1.63 0 0 5.13 0 0 0 0 0 0 4.89 0 0 5.01 0 0 0 0 0 0 1.83 0 0 0.62 0 0 0 0 0 0 0 0 0 0 0 0 0 0 0 0 0 0 0 0 0 0 0 0 0 0 0 0 0 0 0 0 0 0 0 0 0 0 0 0 0 0 0.36 0 0 0 0 0 0 0 0 0 2.27 0 0 0 0 0 0 0 0 0 2.76 0 0 0 5.38 0 0 3.82 0 0 0 0 0 0 1.39 0 0 4.06 0 0 0 0 0 0 1.17 0 0 4.7 0 0 0 0 0 0 0 0 0 0 0 0 0 0 0 0 0 0 0 0 0 0 0 0 0 0 0 0 0 0 0 0 0 0 0 0 0 0 0 0 0 0 1.89 0 0 0 0 0 0 0 0 0 1.28 0 0 0 0 0 0 0 0 0 0.72 0 0 0 0 0 0 0 0 0 4.64 0 0 0 0 0 0 0 0 0 0.63 0 0 0 0 0 0 0 0 0 3.29 0 0 0 0.18 0 0 0.47 0 0 0 0 0 0 4.88 0 0 0.36 0 0 0 0 0 0 2.38 0 0 3.05 0 0 0 0 0 0 0 0 0 0 0 0 0 0 0 0 0 0 0 0 0 0 0 0 0 0 0 0 0 0 0 0 0 0 0 0 0 0 0 0 0 0 0.22 0 0 0 0 0 0 0 0 0 3.72 0 0 0 0 0 0 0 0 0 0.57 0 0 0 3.76 0 0 0.85 0 0 0 0 0 0 1.35 0 0 5.07 0 0 0 0 0 0 4.88 0 0 2.74 0 0 0 0 0 0 0 0 0 0 0 0 0 0 0 0 0 0 0 0 0 0 0 0 0 0 0 0 0 0 0 0 0 0 0 0 0 0 0 0 0 0 1.08 0 0 0 0 0 0 0 0 0 5.39 0 0 0 0 0 0 0 0 0 2.14 0 0 0 0.45 0 0 1.99 0 0 0 0 0 0 1.12 0 0 1.26 0 0 0 0 0 0 2.53 0 0 2.45 0 0 0 0 0 0 0 0 0 0 0 0 0 0 0 0 0 0 0 0 0 0 0 0 0 0 0 0 0 0 0 0 0 0 0 0 0 0 0 0 0 0 0.63 0 0 0 0 0 0 0 0 0 0.2 0 0 0 0 0 0 0 0 0 0.42 0 0 0 0 0 0 0 0 0 2.5 0 0 0 0 0 0 0 0 0 4.44 0 0 0 0 0 0 0 0 0 4.83 0 0 0 0.87 0 0 0.8 0 0 0 0 0 0 0.95 0 0 0.85 0 0 0 0 0 0 0.82 0 0 0.26 0 0 0 0 0 0 0 0 0 0 0 0 0 0 0 0 0 0 0 0 0 0 0 0 0 0 0 0 0 0 0 0 0 0 0 0 0 0 0 0 0 0 1.99 0 0 0 0 0 0 0 0 0 3.45 0 0 0 0 0 0 0 0 0 5.87 0 0 0 3.13 0 0 0.39 0 0 0 0 0 0 3.41 0 0 0.37 0 0 0 0 0 0 1.19 0 0 2.71 0 0 0 0 0 0 0 0 0 0 0 0 0 0 0 0 0 0 0 0 0 0 0 0 0 0 0 0 0 0 0 0 0 0 0 0 0 0 0 0 0 0 4.34 0 0 0 0 0 0 0 0 0 0.15 0 0 0 0 0 0 0 0 0 1.73 0 0 0 4.16 0 0 2.3 0 0 0 0 0 0 2.61 0 0 0.96 0 0 0 0 0 0 0.11 0 0 2.05 0 0 0 0 0 0 0 0 0 0 0 0 0 0 0 0 0 0 0 0 0 0 0 0 0 0 0 0 0 0 0 0 0 0 0 0 0 0 0 0 0 0 1.55 0 0 0 0 0 0 0 0 0 0.69 0 0 0 0 0 0 0 0 0 0.42 0 0 
0 0 0 0 0 0 0 0.92 0 0 0 0 0 0 0 0 0 5.86 0 0 0 0 0 0 0 0 0 3 0 0 0 2.05 0 0 0.1 0 0 0 0 0 0 0.21 0 0 4.89 0 0 0 0 0 0 0.36 0 0 2.61 0 0 0 0 0 0 0 0 0 0 0 0 0 0 0 0 0 0 0 0 0 0 0 0 0 0 0 0 0 0 0 0 0 0 0 0 0 0 0 0 0 0 2.36 0 0 0 0 0 0 0 0 0 0.27 0 0 0 0 0 0 0 0 0 1.38 0 0 0 1.53 0 0 4.92 0 0 0 0 0 0 4.87 0 0 4.86 0 0 0 0 0 0 2.08 0 0 0.66 0 0 0 0 0 0 0 0 0 0 0 0 0 0 0 0 0 0 0 0 0 0 0 0 0 0 0 0 0 0 0 0 0 0 0 0 0 0 0 0 0 0 0.47 0 0 0 0 0 0 0 0 0 2.31 0 0 0 0 0 0 0 0 0 2.84 0 0 0 5.32 0 0 3.76 0 0 0 0 0 0 1.37 0 0 4.12 0 0 0 0 0 0 1.09 0 0 4.65 0 0 0 0 0 0 0 0 0 0 0 0 0 0 0 0 0 0 0 0 0 0 0 0 0 0 0 0 0 0 0 0 0 0 0 0 0 0 0 0 0 0 1.99 0 0 0 0 0 0 0 0 0 1.31 0 0 0 0 0 0 0 0 0 0.55 0 0 0 0 0 0 0 0 0 4.53 0 0 0 0 0 0 0 0 0 0.69 0 0 0 0 0 0 0 0 0 3.31 0 0 0 0.21 0 0 0.42 0 0 0 0 0 0 4.74 0 0 0.26 0 0 0 0 0 0 2.5 0 0 3.08 0 0 0 0 0 0 0 0 0 0 0 0 0 0 0 0 0 0 0 0 0 0 0 0 0 0 0 0 0 0 0 0 0 0 0 0 0 0 0 0 0 0 0.24 0 0 0 0 0 0 0 0 0 3.72 0 0 0 0 0 0 0 0 0 0.57 0 0 0 3.67 0 0 0.98 0 0 0 0 0 0 1.22 0 0 5.09 0 0 0 0 0 0 5.14 0 0 2.83 0 0 0 0 0 0 0 0 0 0 0 0 0 0 0 0 0 0 0 0 0 0 0 0 0 0 0 0 0 0 0 0 0 0 0 0 0 0 0 0 0 0 1.01 0 0 0 0 0 0 0 0 0 5.34 0 0 0 0 0 0 0 0 0 2.06 0 0 0 0.36 0 0 1.84 0 0 0 0 0 0 1.08 0 0 1.44 0 0 0 0 0 0 2.6 0 0 2.51 0 0 0 0 0 0 0 0 0 0 0 0 0 0 0 0 0 0 0 0 0 0 0 0 0 0 0 0 0 0 0 0 0 0 0 0 0 0 0 0 0 0 0.63 0 0 0 0 0 0 0 0 0 0.3 0 0 0 0 0 0 0 0 0 0.36 0 0 0 0 0 0 0 0 0 2.57 0 0 0 0 0 0 0 0 0 4.55 0 0 0 0 0 0 0 0 0 4.93 0 0 0 0.84 0 0 0.62 0 0 0 0 0 0 0.83 0 0 0.87 0 0 0 0 0 0 0.99 0 0 0.27 0 0 0 0 0 0 0 0 0 0 0 0 0 0 0 0 0 0 0 0 0 0 0 0 0 0 0 0 0 0 0 0 0 0 0 0 0 0 0 0 0 0 2.16 0 0 0 0 0 0 0 0 0 3.45 0 0 0 0 0 0 0 0 0 5.93 0 0 0 3.13 0 0 0.31 0 0 0 0 0 0 3.27 0 0 0.35 0 0 0 0 0 0 1.09 0 0 2.84 0 0 0 0 0 0 0 0 0 0 0 0 0 0 0 0 0 0 0 0 0 0 0 0 0 0 0 0 0 0 0 0 0 0 0 0 0 0 0 0 0 0 4.53 0 0 0 0 0 0 0 0 0 0.18 0 0 0 0 0 0 0 0 0 1.58 0 0 0 4.32 0 0 2.39 0 0 0 0 0 0 2.59 0 0 1.14 0 0 0 0 0 0 0.18 0 0 2.06 0 0 0 0 0 0 0 0 0 0 0 0 0 0 0 0 0 0 0 0 0 0 0 0 0 0 0 0 0 0 0 0 0 0 0 0 0 0 0 0 0 0 1.34 0 0 0 0 0 0 0 0 0 0.54 0 0 0 0 0 0 0 0 0 0.43 0 0 
0 0 0 0 0 0 0 1.15 0 0 0 0 0 0 0 0 0 5.28 0 0 0 0 0 0 0 0 0 2.94 0 0 0 1.88 0 0 0.13 0 0 0 0 0 0 0.13 0 0 4.75 0 0 0 0 0 0 0.34 0 0 2.5 0 0 0 0 0 0 0 0 0 0 0 0 0 0 0 0 0 0 0 0 0 0 0 0 0 0 0 0 0 0 0 0 0 0 0 0 0 0 0 0 0 0 2.33 0 0 0 0 0 0 0 0 0 0.28 0 0 0 0 0 0 0 0 0 1.32 0 0 0 1.34 0 0 5.1 0 0 0 0 0 0 4.77 0 0 5 0 0 0 0 0 0 2.47 0 0 0.7 0 0 0 0 0 0 0 0 0 0 0 0 0 0 0 0 0 0 0 0 0 0 0 0 0 0 0 0 0 0 0 0 0 0 0 0 0 0 0 0 0 0 0.38 0 0 0 0 0 0 0 0 0 2.12 0 0 0 0 0 0 0 0 0 2.88 0 0 0 5.56 0 0 3.95 0 0 0 0 0 0 1.52 0 0 4.22 0 0 0 0 0 0 1.15 0 0 4.29 0 0 0 0 0 0 0 0 0 0 0 0 0 0 0 0 0 0 0 0 0 0 0 0 0 0 0 0 0 0 0 0 0 0 0 0 0 0 0 0 0 0 2.07 0 0 0 0 0 0 0 0 0 1.16 0 0 0 0 0 0 0 0 0 0.69 0 0 0 0 0 0 0 0 0 4.7 0 0 0 0 0 0 0 0 0 0.59 0 0 0 0 0 0 0 0 0 3.05 0 0 0 0.18 0 0 0.43 0 0 0 0 0 0 4.6 0 0 0.31 0 0 0 0 0 0 2.01 0 0 3.18 0 0 0 0 0 0 0 0 0 0 0 0 0 0 0 0 0 0 0 0 0 0 0 0 0 0 0 0 0 0 0 0 0 0 0 0 0 0 0 0 0 0 0.19 0 0 0 0 0 0 0 0 0 3.82 0 0 0 0 0 0 0 0 0 0.44 0 0 0 3.68 0 0 0.94 0 0 0 0 0 0 1.33 0 0 4.72 0 0 0 0 0 0 5.29 0 0 2.8 0 0 0 0 0 0 0 0 0 0 0 0 0 0 0 0 0 0 0 0 0 0 0 0 0 0 0 0 0 0 0 0 0 0 0 0 0 0 0 0 0 0 0.93 0 0 0 0 0 0 0 0 0 5.27 0 0 0 0 0 0 0 0 0 1.89 0 0 0 0.45 0 0 1.9 0 0 0 0 0 0 1.11 0 0 1.09 0 0 0 0 0 0 2.48 0 0 2.46 0 0 0 0 0 0 0 0 0 0 0 0 0 0 0 0 0 0 0 0 0 0 0 0 0 0 0 0 0 0 0 0 0 0 0 0 0 0 0 0 0 0 0.7 0 0 0 0 0 0 0 0 0 0.23 0 0 0 0 0 0 0 0 0 0.47 0 0 0 0 0 0 0 0 0 2.74 0 0 0 0 0 0 0 0 0 4.81 0 0 0 0 0 0 0 0 0 4.94 0 0 0 0.97 0 0 0.7 0 0 0 0 0 0 0.96 0 0 0.85 0 0 0 0 0 0 0.81 0 0 0.24 0 0 0 0 0 0 0 0 0 0 0 0 0 0 0 0 0 0 0 0 0 0 0 0 0 0 0 0 0 0 0 0 0 0 0 0 0 0 0 0 0 0 1.97 0 0 0 0 0 0 0 0 0 3.6 0 0 0 0 0 0 0 0 0 5.74 0 0 0 3.45 0 0 0.37 0 0 0 0 0 0 3.48 0 0 0.36 0 0 0 0 0 0 1.16 0 0 2.9 0 0 0 0 0 0 0 0 0 0 0 0 0 0 0 0 0 0 0 0 0 0 0 0 0 0 0 0 0 0 0 0 0 0 0 0 0 0 0 0 0 0 4.22 0 0 0 0 0 0 0 0 0 0.21 0 0 0 0 0 0 0 0 0 1.72 0 0 0 4.24 0 0 2.25 0 0 0 0 0 0 2.54 0 0 1.18 0 0 0 0 0 0 0.17 0 0 2.04 0 0 0 0 0 0 0 0 0 0 0 0 0 0 0 0 0 0 0 0 0 0 0 0 0 0 0 0 0 0 0 0 0 0 0 0 0 0 0 0 0 0 1.68 0 0 0 0 0 0 0 0 0 0.64 0 0 0 0 0 0 0 0 0 0.42 0 0 
0 0 0 0 0 0 0 1.07 0 0 0 0 0 0 0 0 0 5.71 0 0 0 0 0 0 0 0 0 3.02 0 0 0 1.82 0 0 0.08 0 0 0 0 0 0 0.13 0 0 4.62 0 0 0 0 0 0 0.35 0 0 2.62 0 0 0 0 0 0 0 0 0 0 0 0 0 0 0 0 0 0 0 0 0 0 0 0 0 0 0 0 0 0 0 0 0 0 0 0 0 0 0 0 0 0 2.66 0 0 0 0 0 0 0 0 0 0.31 0 0 0 0 0 0 0 0 0 1.31 0 0 0 1.36 0 0 5.08 0 0 0 0 0 0 4.77 0 0 5.19 0 0 0 0 0 0 2.12 0 0 0.69 0 0 0 0 0 0 0 0 0 0 0 0 0 0 0 0 0 0 0 0 0 0 0 0 0 0 0 0 0 0 0 0 0 0 0 0 0 0 0 0 0 0 0.53 0 0 0 0 0 0 0 0 0 2.18 0 0 0 0 0 0 0 0 0 3.06 0 0 0 5.35 0 0 3.77 0 0 0 0 0 0 1.36 0 0 4.18 0 0 0 0 0 0 1.12 0 0 4.49 0 0 0 0 0 0 0 0 0 0 0 0 0 0 0 0 0 0 0 0 0 0 0 0 0 0 0 0 0 0 0 0 0 0 0 0 0 0 0 0 0 0 1.99 0 0 0 0 0 0 0 0 0 1.26 0 0 0 0 0 0 0 0 0 0.69 0 0 0 0 0 0 0 0 0 4.76 0 0 0 0 0 0 0 0 0 0.74 0 0 0 0 0 0 0 0 0 3.34 0 0 0 0.18 0 0 0.46 0 0 0 0 0 0 4.56 0 0 0.25 0 0 0 0 0 0 2.28 0 0 3.32 0 0 0 0 0 0 0 0 0 0 0 0 0 0 0 0 0 0 0 0 0 0 0 0 0 0 0 0 0 0 0 0 0 0 0 0 0 0 0 0 0 0 0.24 0 0 0 0 0 0 0 0 0 3.84 0 0 0 0 0 0 0 0 0 0.53 0 0 0 3.44 0 0 0.96 0 0 0 0 0 0 1.29 0 0 5.14 0 0 0 0 0 0 4.9 0 0 2.53 0 0 0 0 0 0 0 0 0 0 0 0 0 0 0 0 0 0 0 0 0 0 0 0 0 0 0 0 0 0 0 0 0 0 0 0 0 0 0 0 0 0 0.92 0 0 0 0 0 0 0 0 0 5.37 0 0 0 0 0 0 0 0 0 2.07 0 0 0 0.43 0 0 1.85 0 0 0 0 0 0 1 0 0 1.26 0 0 0 0 0 0 2.68 0 0 2.51 0 0 0 0 0 0 0 0 0 0 0 0 0 0 0 0 0 0 0 0 0 0 0 0 0 0 0 0 0 0 0 0 0 0 0 0 0 0 0 0 0 0 0.5 0 0 0 0 0 0 0 0 0 0.34 0 0 0 0 0 0 0 0 0 0.44 0 0 0 0 0 0 0 0 0 2.53 0 0 0 0 0 0 0 0 0 4.85 0 0 0 0 0 0 0 0 0 5.04 0 0 0 0.87 0 0 0.74 0 0 0 0 0 0 0.9 0 0 1.07 0 0 0 0 0 0 0.8 0 0 0.31 0 0 0 0 0 0 0 0 0 0 0 0 0 0 0 0 0 0 0 0 0 0 0 0 0 0 0 0 0 0 0 0 0 0 0 0 0 0 0 0 0 0 2.04 0 0 0 0 0 0 0 0 0 3.49 0 0 0 0 0 0 0 0 0 5.88 0 0 0 3.39 0 0 0.39 0 0 0 0 0 0 3.24 0 0 0.26 0 0 0 0 0 0 1.22 0 0 3 0 0 0 0 0 0 0 0 0 0 0 0 0 0 0 0 0 0 0 0 0 0 0 0 0 0 0 0 0 0 0 0 0 0 0 0 0 0 0 0 0 0 4.27 0 0 0 0 0 0 0 0 0 0.23 0 0 0 0 0 0 0 0 0 1.62 0 0 0 4.36 0 0 2.41 0 0 0 0 0 0 2.69 0 0 1.19 0 0 0 0 0 0 0.21 0 0 2.03 0 0 0 0 0 0 0 0 0 0 0 0 0 0 0 0 0 0 0 0 0 0 0 0 0 0 0 0 0 0 0 0 0 0 0 0 0 0 0 0 0 0 1.44 0 0 0 0 0 0 0 0 0 0.66 0 0 0 0 0 0 0 0 0 0.37 0 0 
0 0 0 0 0 0 0 0.89 0 0 0 0 0 0 0 0 0 5.66 0 0 0 0 0 0 0 0 0 3.09 0 0 0 1.93 0 0 0.13 0 0 0 0 0 0 0.13 0 0 4.78 0 0 0 0 0 0 0.37 0 0 2.6 0 0 0 0 0 0 0 0 0 0 0 0 0 0 0 0 0 0 0 0 0 0 0 0 0 0 0 0 0 0 0 0 0 0 0 0 0 0 0 0 0 0 2.53 0 0 0 0 0 0 0 0 0 0.17 0 0 0 0 0 0 0 0 0 1.35 0 0 0 1.6 0 0 4.94 0 0 0 0 0 0 4.85 0 0 4.86 0 0 0 0 0 0 2.29 0 0 0.67 0 0 0 0 0 0 0 0 0 0 0 0 0 0 0 0 0 0 0 0 0 0 0 0 0 0 0 0 0 0 0 0 0 0 0 0 0 0 0 0 0 0 0.43 0 0 0 0 0 0 0 0 0 2.36 0 0 0 0 0 0 0 0 0 2.91 0 0 0 5.4 0 0 3.79 0 0 0 0 0 0 1.49 0 0 3.97 0 0 0 0 0 0 1.15 0 0 4.34 0 0 0 0 0 0 0 0 0 0 0 0 0 0 0 0 0 0 0 0 0 0 0 0 0 0 0 0 0 0 0 0 0 0 0 0 0 0 0 0 0 0 2.05 0 0 0 0 0 0 0 0 0 1.42 0 0 0 0 0 0 0 0 0 0.73 0 0 0 0 0 0 0 0 0 4.45 0 0 0 0 0 0 0 0 0 0.71 0 0 0 0 0 0 0 0 0 3.45 0 0 0 0.17 0 0 0.48 0 0 0 0 0 0 4.79 0 0 0.32 0 0 0 0 0 0 2 0 0 3.11 0 0 0 0 0 0 0 0 0 0 0 0 0 0 0 0 0 0 0 0 0 0 0 0 0 0 0 0 0 0 0 0 0 0 0 0 0 0 0 0 0 0 0.19 0 0 0 0 0 0 0 0 0 3.87 0 0 0 0 0 0 0 0 0 0.54 0 0 0 3.62 0 0 0.83 0 0 0 0 0 0 1.36 0 0 4.96 0 0 0 0 0 0 4.92 0 0 2.59 0 0 0 0 0 0 0 0 0 0 0 0 0 0 0 0 0 0 0 0 0 0 0 0 0 0 0 0 0 0 0 0 0 0 0 0 0 0 0 0 0 0 0.97 0 0 0 0 0 0 0 0 0 5.32 0 0 0 0 0 0 0 0 0 2.19 0 0 0 0.57 0 0 1.81 0 0 0 0 0 0 1.26 0 0 1.15 0 0 0 0 0 0 2.71 0 0 2.61 0 0 0 0 0 0 0 0 0 0 0 0 0 0 0 0 0 0 0 0 0 0 0 0 0 0 0 0 0 0 0 0 0 0 0 0 0 0 0 0 0 0 0.6 0 0 0 0 0 0 0 0 0 0.28 0 0 0 0 0 0 0 0 0 0.47 0 0 0 0 0 0 0 0 0 2.55 0 0 0 0 0 0 0 0 0 4.73 0 0 0 0 0 0 0 0 0 5.1 0 0 0 0.84 0 0 0.72 0 0 0 0 0 0 0.87 0 0 0.88 0 0 0 0 0 0 0.93 0 0 0.36 0 0 0 0 0 0 0 0 0 0 0 0 0 0 0 0 0 0 0 0 0 0 0 0 0 0 0 0 0 0 0 0 0 0 0 0 0 0 0 0 0 0 1.93 0 0 0 0 0 0 0 0 0 3.4 0 0 0 0 0 0 0 0 0 6.24 0 0 0 3.19 0 0 0.33 0 0 0 0 0 0 3.45 0 0 0.39 0 0 0 0 0 0 1.1 0 0 2.96 0 0 0 0 0 0 0 0 0 0 0 0 0 0 0 0 0 0 0 0 0 0 0 0 0 0 0 0 0 0 0 0 0 0 0 0 0 0 0 0 0 0 4.37 0 0 0 0 0 0 0 0 0 0.26 0 0 0 0 0 0 0 0 0 1.83 0 0 0 4.23 0 0 2.32 0 0 0 0 0 0 2.47 0 0 1.16 0 0 0 0 0 0 0.2 0 0 1.99 0 0 0 0 0 0 0 0 0 0 0 0 0 0 0 0 0 0 0 0 0 0 0 0 0 0 0 0 0 0 0 0 0 0 0 0 0 0 0 0 0 0 1.43 0 0 0 0 0 0 0 0 0 0.65 0 0 0 0 0 0 0 0 0 0.42 0 0 
0 0 0 0 0 0 0 1.03 0 0 0 0 0 0 0 0 0 5.88 0 0 0 0 0 0 0 0 0 2.82 0 0 0 2.14 0 0 0.1 0 0 0 0 0 0 0.17 0 0 4.6 0 0 0 0 0 0 0.33 0 0 2.34 0 0 0 0 0 0 0 0 0 0 0 0 0 0 0 0 0 0 0 0 0 0 0 0 0 0 0 0 0 0 0 0 0 0 0 0 0 0 0 0 0 0 2.43 0 0 0 0 0 0 0 0 0 0.25 0 0 0 0 0 0 0 0 0 1.48 0 0 0 1.6 0 0 4.94 0 0 0 0 0 0 4.89 0 0 4.73 0 0 0 0 0 0 2.28 0 0 0.58 0 0 0 0 0 0 0 0 0 0 0 0 0 0 0 0 0 0 0 0 0 0 0 0 0 0 0 0 0 0 0 0 0 0 0 0 0 0 0 0 0 0 0.35 0 0 0 0 0 0 0 0 0 2.3 0 0 0 0 0 0 0 0 0 2.74 0 0 0 5.44 0 0 3.99 0 0 0 0 0 0 1.41 0 0 3.95 0 0 0 0 0 0 1.26 0 0 4.51 0 0 0 0 0 0 0 0 0 0 0 0 0 0 0 0 0 0 0 0 0 0 0 0 0 0 0 0 0 0 0 0 0 0 0 0 0 0 0 0 0 0 1.78 0 0 0 0 0 0 0 0 0 1.3 0 0 0 0 0 0 0 0 0 0.63 0 0 0 0 0 0 0 0 0 4.55 0 0 0 0 0 0 0 0 0 0.62 0 0 0 0 0 0 0 0 0 3.38 0 0 0 0.08 0 0 0.38 0 0 0 0 0 0 4.62 0 0 0.23 0 0 0 0 0 0 2.15 0 0 3.26 0 0 0 0 0 0 0 0 0 0 0 0 0 0 0 0 0 0 0 0 0 0 0 0 0 0 0 0 0 0 0 0 0 0 0 0 0 0 0 0 0 0 0.18 0 0 0 0 0 0 0 0 0 3.57 0 0 0 0 0 0 0 0 0 0.4 0 0 0 3.44 0 0 0.74 0 0 0 0 0 0 1.36 0 0 4.87 0 0 0 0 0 0 5.27 0 0 2.63 0 0 0 0 0 0 0 0 0 0 0 0 0 0 0 0 0 0 0 0 0 0 0 0 0 0 0 0 0 0 0 0 0 0 0 0 0 0 0 0 0 0 0.93 0 0 0 0 0 0 0 0 0 5.26 0 0 0 0 0 0 0 0 0 2.41 0 0 0 0.34 0 0 1.97 0 0 0 0 0 0 1.17 0 0 1.4 0 0 0 0 0 0 2.62 0 0 2.51 0 0 0 0 0 0 0 0 0 0 0 0 0 0 0 0 0 0 0 0 0 0 0 0 0 0 0 0 0 0 0 0 0 0 0 0 0 0 0 0 0 0 0.71 0 0 0 0 0 0 0 0 0 0.18 0 0 0 0 0 0 0 0 0 0.45 0 0 0 0 0 0 0 0 0 2.61 0 0 0 0 0 0 0 0 0 4.64 0 0 0 0 0 0 0 0 0 4.89 0 0 0 0.82 0 0 0.81 0 0 0 0 0 0 0.91 0 0 0.98 0 0 0 0 0 0 0.78 0 0 0.43 0 0 0 0 0 0 0 0 0 0 0 0 0 0 0 0 0 0 0 0 0 0 0 0 0 0 0 0 0 0 0 0 0 0 0 0 0 0 0 0 0 0 2.04 0 0 0 0 0 0 0 0 0 3.5 0 0 0 0 0 0 0 0 0 5.91 0 0 0 3.25 0 0 0.33 0 0 0 0 0 0 3.24 0 0 0.43 0 0 0 0 0 0 1.1 0 0 2.75 0 0 0 0 0 0 0 0 0 0 0 0 0 0 0 0 0 0 0 0 0 0 0 0 0 0 0 0 0 0 0 0 0 0 0 0 0 0 0 0 0 0 4.28 0 0 0 0 0 0 0 0 0 0.24 0 0 0 0 0 0 0 0 0 1.64 0 0 0 4.14 0 0 2.56 0 0 0 0 0 0 2.48 0 0 1.24 0 0 0 0 0 0 0.19 0 0 1.89 0 0 0 0 0 0 0 0 0 0 0 0 0 0 0 0 0 0 0 0 0 0 0 0 0 0 0 0 0 0 0 0 0 0 0 0 0 0 0 0 0 0 1.55 0 0 0 0 0 0 0 0 0 0.7 0 0 0 0 0 0 0 0 0 0.34 0 0 
0 0 0 0 0 0 0 0.89 0 0 0 0 0 0 0 0 0 5.95 0 0 0 0 0 0 0 0 0 2.79 0 0 0 2.03 0 0 0.15 0 0 0 0 0 0 0.13 0 0 4.71 0 0 0 0 0 0 0.29 0 0 2.46 0 0 0 0 0 0 0 0 0 0 0 0 0 0 0 0 0 0 0 0 0 0 0 0 0 0 0 0 0 0 0 0 0 0 0 0 0 0 0 0 0 0 2.54 0 0 0 0 0 0 0 0 0 0.26 0 0 0 0 0 0 0 0 0 1.58 0 0 0 1.46 0 0 5.09 0 0 0 0 0 0 4.74 0 0 5.02 0 0 0 0 0 0 2.21 0 0 0.57 0 0 0 0 0 0 0 0 0 0 0 0 0 0 0 0 0 0 0 0 0 0 0 0 0 0 0 0 0 0 0 0 0 0 0 0 0 0 0 0 0 0 0.5 0 0 0 0 0 0 0 0 0 2.47 0 0 0 0 0 0 0 0 0 2.88 0 0 0 5.27 0 0 3.94 0 0 0 0 0 0 1.41 0 0 4.06 0 0 0 0 0 0 1.23 0 0 4.83 0 0 0 0 0 0 0 0 0 0 0 0 0 0 0 0 0 0 0 0 0 0 0 0 0 0 0 0 0 0 0 0 0 0 0 0 0 0 0 0 0 0 2.08 0 0 0 0 0 0 0 0 0 1.28 0 0 0 0 0 0 0 0 0 0.49 0 0 0 0 0 0 0 0 0 4.65 0 0 0 0 0 0 0 0 0 0.72 0 0 0 0 0 0 0 0 0 3.33 0 0 0 0.19 0 0 0.36 0 0 0 0 0 0 4.56 0 0 0.24 0 0 0 0 0 0 2.25 0 0 3.41 0 0 0 0 0 0 0 0 0 0 0 0 0 0 0 0 0 0 0 0 0 0 0 0 0 0 0 0 0 0 0 0 0 0 0 0 0 0 0 0 0 0 0.26 0 0 0 0 0 0 0 0 0 3.86 0 0 0 0 0 0 0 0 0 0.41 0 0 0 3.59 0 0 0.88 0 0 0 0 0 0 1.41 0 0 5.18 0 0 0 0 0 0 5.19 0 0 2.8 0 0 0 0 0 0 0 0 0 0 0 0 0 0 0 0 0 0 0 0 0 0 0 0 0 0 0 0 0 0 0 0 0 0 0 0 0 0 0 0 0 0 1.04 0 0 0 0 0 0 0 0 0 5.46 0 0 0 0 0 0 0 0 0 2.26 0 0 0 0.4 0 0 1.77 0 0 0 0 0 0 0.97 0 0 1.18 0 0 0 0 0 0 2.43 0 0 2.68 0 0 0 0 0 0 0 0 0 0 0 0 0 0 0 0 0 0 0 0 0 0 0 0 0 0 0 0 0 0 0 0 0 0 0 0 0 0 0 0 0 0 0.53 0 0 0 0 0 0 0 0 0 0.23 0 0 0 0 0 0 0 0 0 0.36 0 0 0 0 0 0 0 0 0 2.59 0 0 0 0 0 0 0 0 0 4.85 0 0 0 0 0 0 0 0 0 5.04 0 0 0 0.76 0 0 0.86 0 0 0 0 0 0 0.97 0 0 0.95 0 0 0 0 0 0 0.88 0 0 0.3 0 0 0 0 0 0 0 0 0 0 0 0 0 0 0 0 0 0 0 0 0 0 0 0 0 0 0 0 0 0 0 0 0 0 0 0 0 0 0 0 0 0 2.07 0 0 0 0 0 0 0 0 0 3.26 0 0 0 0 0 0 0 0 0 5.96 0 0 0 3.3 0 0 0.48 0 0 0 0 0 0 3.21 0 0 0.25 0 0 0 0 0 0 1.03 0 0 2.79 0 0 0 0 0 0 0 0 0 0 0 0 0 0 0 0 0 0 0 0 0 0 0 0 0 0 0 0 0 0 0 0 0 0 0 0 0 0 0 0 0 0 4.09 0 0 0 0 0 0 0 0 0 0.28 0 0 0 0 0 0 0 0 0 1.82 0 0 0 4.35 0 0 2.3 0 0 0 0 0 0 2.59 0 0 1.01 0 0 0 0 0 0 0.24 0 0 1.99 0 0 0 0 0 0 0 0 0 0 0 0 0 0 0 0 0 0 0 0 0 0 0 0 0 0 0 0 0 0 0 0 0 0 0 0 0 0 0 0 0 0 1.48 0 0 0 0 0 0 0 0 0 0.6 0 0 0 0 0 0 0 0 0 0.41 0 0 
0 0 0 0 0 0 0 1.01 0 0 0 0 0 0 0 0 0 5.41 0 0 0 0 0 0 0 0 0 3.03 0 0 0 1.63 0 0 0.16 0 0 0 0 0 0 0.17 0 0 4.63 0 0 0 0 0 0 0.43 0 0 2.46 0 0 0 0 0 0 0 0 0 0 0 0 0 0 0 0 0 0 0 0 0 0 0 0 0 0 0 0 0 0 0 0 0 0 0 0 0 0 0 0 0 0 2.43 0 0 0 0 0 0 0 0 0 0.21 0 0 0 0 0 0 0 0 0 1.16 0 0 0 1.57 0 0 5.04 0 0 0 0 0 0 4.91 0 0 4.8 0 0 0 0 0 0 2.36 0 0 0.74 0 0 0 0 0 0 0 0 0 0 0 0 0 0 0 0 0 0 0 0 0 0 0 0 0 0 0 0 0 0 0 0 0 0 0 0 0 0 0 0 0 0 0.37 0 0 0 0 0 0 0 0 0 2.35 0 0 0 0 0 0 0 0 0 2.84 0 0 0 5.43 0 0 3.92 0 0 0 0 0 0 1.37 0 0 4.05 0 0 0 0 0 0 1.11 0 0 4.74 0 0 0 0 0 0 0 0 0 0 0 0 0 0 0 0 0 0 0 0 0 0 0 0 0 0 0 0 0 0 0 0 0 0 0 0 0 0 0 0 0 0 2.05 0 0 0 0 0 0 0 0 0 1.1 0 0 0 0 0 0 0 0 0 0.66 0 0 0 0 0 0 0 0 0 4.5 0 0 0 0 0 0 0 0 0 0.79 0 0 0 0 0 0 0 0 0 3.4 0 0 0 0.18 0 0 0.5 0 0 0 0 0 0 4.63 0 0 0.24 0 0 0 0 0 0 2.41 0 0 3.33 0 0 0 0 0 0 0 0 0 0 0 0 0 0 0 0 0 0 0 0 0 0 0 0 0 0 0 0 0 0 0 0 0 0 0 0 0 0 0 0 0 0 0.29 0 0 0 0 0 0 0 0 0 3.8 0 0 0 0 0 0 0 0 0 0.51 0 0 0 3.65 0 0 0.74 0 0 0 0 0 0 1.11 0 0 5.08 0 0 0 0 0 0 5.23 0 0 3.09 0 0 0 0 0 0 0 0 0 0 0 0 0 0 0 0 0 0 0 0 0 0 0 0 0 0 0 0 0 0 0 0 0 0 0 0 0 0 0 0 0 0 0.96 0 0 0 0 0 0 0 0 0 5.58 0 0 0 0 0 0 0 0 0 1.96 0 0 0 0.34 0 0 1.95 0 0 0 0 0 0 1.26 0 0 1.38 0 0 0 0 0 0 2.51 0 0 2.57 0 0 0 0 0 0 0 0 0 0 0 0 0 0 0 0 0 0 0 0 0 0 0 0 0 0 0 0 0 0 0 0 0 0 0 0 0 0 0 0 0 0 0.55 0 0 0 0 0 0 0 0 0 0.26 0 0 0 0 0 0 0 0 0 0.51 0 0 0 0 0 0 0 0 0 2.62 0 0 0 0 0 0 0 0 0 4.61 0 0 0 0 0 0 0 0 0 4.8 0 0 0 0.95 0 0 0.97 0 0 0 0 0 0 1 0 0 0.85 0 0 0 0 0 0 0.8 0 0 0.34 0 0 0 0 0 0 0 0 0 0 0 0 0 0 0 0 0 0 0 0 0 0 0 0 0 0 0 0 0 0 0 0 0 0 0 0 0 0 0 0 0 0 1.88 0 0 0 0 0 0 0 0 0 3.36 0 0 0 0 0 0 0 0 0 6.02 0 0 0 3.23 0 0 0.41 0 0 0 0 0 0 3.05 0 0 0.39 0 0 0 0 0 0 1.2 0 0 2.93 0 0 0 0 0 0 0 0 0 0 0 0 0 0 0 0 0 0 0 0 0 0 0 0 0 0 0 0 0 0 0 0 0 0 0 0 0 0 0 0 0 0 4.39 0 0 0 0 0 0 0 0 0 0.25 0 0 0 0 0 0 0 0 0 1.58 0 0 0 4.24 0 0 2.37 0 0 0 0 0 0 2.21 0 0 0.9 0 0 0 0 0 0 0.11 0 0 2.14 0 0 0 0 0 0 0 0 0 0 0 0 0 0 0 0 0 0 0 0 0 0 0 0 0 0 0 0 0 0 0 0 0 0 0 0 0 0 0 0 0 0 1.51 0 0 0 0 0 0 0 0 0 0.61 0 0 0 0 0 0 0 0 0 0.46 0 0 
0 0 0 0 0 0 0 0.9 0 0 0 0 0 0 0 0 0 5.86 0 0 0 0 0 0 0 0 0 2.74 0 0 0 1.84 0 0 0.2 0 0 0 0 0 0 0.08 0 0 4.85 0 0 0 0 0 0 0.26 0 0 2.66 0 0 0 0 0 0 0 0 0 0 0 0 0 0 0 0 0 0 0 0 0 0 0 0 0 0 0 0 0 0 0 0 0 0 0 0 0 0 0 0 0 0 2.32 0 0 0 0 0 0 0 0 0 0.29 0 0 0 0 0 0 0 0 0 1.39 0 0 0 1.48 0 0 5.15 0 0 0 0 0 0 4.67 0 0 4.75 0 0 0 0 0 0 2.17 0 0 0.58 0 0 0 0 0 0 0 0 0 0 0 0 0 0 0 0 0 0 0 0 0 0 0 0 0 0 0 0 0 0 0 0 0 0 0 0 0 0 0 0 0 0 0.47 0 0 0 0 0 0 0 0 0 2.08 0 0 0 0 0 0 0 0 0 2.87 0 0 0 5.43 0 0 3.97 0 0 0 0 0 0 1.47 0 0 4.16 0 0 0 0 0 0 1.22 0 0 4.49 0 0 0 0 0 0 0 0 0 0 0 0 0 0 0 0 0 0 0 0 0 0 0 0 0 0 0 0 0 0 0 0 0 0 0 0 0 0 0 0 0 0 1.99 0 0 0 0 0 0 0 0 0 1.27 0 0 0 0 0 0 0 0 0 0.79 0 0 0 0 0 0 0 0 0 4.58 0 0 0 0 0 0 0 0 0 0.68 0 0 0 0 0 0 0 0 0 3.33 0 0 0 0.13 0 0 0.51 0 0 0 0 0 0 4.75 0 0 0.23 0 0 0 0 0 0 2.22 0 0 3.19 0 0 0 0 0 0 0 0 0 0 0 0 0 0 0 0 0 0 0 0 0 0 0 0 0 0 0 0 0 0 0 0 0 0 0 0 0 0 0 0 0 0 0.22 0 0 0 0 0 0 0 0 0 3.79 0 0 0 0 0 0 0 0 0 0.41 0 0 0 3.5 0 0 0.81 0 0 0 0 0 0 1.37 0 0 4.98 0 0 0 0 0 0 5.48 0 0 2.8 0 0 0 0 0 0 0 0 0 0 0 0 0 0 0 0 0 0 0 0 0 0 0 0 0 0 0 0 0 0 0 0 0 0 0 0 0 0 0 0 0 0 1.01 0 0 0 0 0 0 0 0 0 5.49 0 0 0 0 0 0 0 0 0 2.03 0 0 0 0.36 0 0 1.82 0 0 0 0 0 0 0.91 0 0 1.32 0 0 0 0 0 0 2.37 0 0 2.49 0 0 0 0 0 0 0 0 0 0 0 0 0 0 0 0 0 0 0 0 0 0 0 0 0 0 0 0 0 0 0 0 0 0 0 0 0 0 0 0 0 0 0.7 0 0 0 0 0 0 0 0 0 0.25 0 0 0 0 0 0 0 0 0 0.44 0 0 0 0 0 0 0 0 0 2.46 0 0 0 0 0 0 0 0 0 4.73 0 0 0 0 0 0 0 0 0 4.9 0 0 0 0.99 0 0 0.76 0 0 0 0 0 0 0.9 0 0 0.75 0 0 0 0 0 0 0.9 0 0 0.38 0 0 0 0 0 0 0 0 0 0 0 0 0 0 0 0 0 0 0 0 0 0 0 0 0 0 0 0 0 0 0 0 0 0 0 0 0 0 0 0 0 0 2.11 0 0 0 0 0 0 0 0 0 3.46 0 0 0 0 0 0 0 0 0 5.84 0 0 0 3.1 0 0 0.32 0 0 0 0 0 0 3.34 0 0 0.29 0 0 0 0 0 0 0.95 0 0 2.61 0 0 0 0 0 0 0 0 0 0 0 0 0 0 0 0 0 0 0 0 0 0 0 0 0 0 0 0 0 0 0 0 0 0 0 0 0 0 0 0 0 0 4.24 0 0 0 0 0 0 0 0 0 0.2 0 0 0 0 0 0 0 0 0 1.62 0 0 0 4.45 0 0 2.41 0 0 0 0 0 0 2.42 0 0 1.17 0 0 0 0 0 0 0.2 0 0 2.07 0 0 0 0 0 0 0 0 0 0 0 0 0 0 0 0 0 0 0 0 0 0 0 0 0 0 0 0 0 0 0 0 0 0 0 0 0 0 0 0 0 0 1.63 0 0 0 0 0 0 0 0 0 0.61 0 0 0 0 0 0 0 0 0 0.34 0 0 
0 0 0 0 0 0 0 0.93 0 0 0 0 0 0 0 0 0 5.61 0 0 0 0 0 0 0 0 0 3.03 0 0 0 2.12 0 0 0.14 0 0 0 0 0 0 0.13 0 0 4.79 0 0 0 0 0 0 0.4 0 0 2.61 0 0 0 0 0 0 0 0 0 0 0 0 0 0 0 0 0 0 0 0 0 0 0 0 0 0 0 0 0 0 0 0 0 0 0 0 0 0 0 0 0 0 2.12 0 0 0 0 0 0 0 0 0 0.24 0 0 0 0 0 0 0 0 0 1.4 0 0 0 1.47 0 0 5.2 0 0 0 0 0 0 4.74 0 0 4.98 0 0 0 0 0 0 2.02 0 0 0.7 0 0 0 0 0 0 0 0 0 0 0 0 0 0 0 0 0 0 0 0 0 0 0 0 0 0 0 0 0 0 0 0 0 0 0 0 0 0 0 0 0 0 0.39 0 0 0 0 0 0 0 0 0 2.15 0 0 0 0 0 0 0 0 0 2.85 0 0 0 5.38 0 0 3.73 0 0 0 0 0 0 1.27 0 0 4.07 0 0 0 0 0 0 0.97 0 0 4.37 0 0 0 0 0 0 0 0 0 0 0 0 0 0 0 0 0 0 0 0 0 0 0 0 0 0 0 0 0 0 0 0 0 0 0 0 0 0 0 0 0 0 1.94 0 0 0 0 0 0 0 0 0 1.3 0 0 0 0 0 0 0 0 0 0.58 0 0 0 0 0 0 0 0 0 4.45 0 0 0 0 0 0 0 0 0 0.64 0 0 0 0 0 0 0 0 0 3.29 0 0 0 0.17 0 0 0.26 0 0 0 0 0 0 4.61 0 0 0.34 0 0 0 0 0 0 2.41 0 0 3.44 0 0 0 0 0 0 0 0 0 0 0 0 0 0 0 0 0 0 0 0 0 0 0 0 0 0 0 0 0 0 0 0 0 0 0 0 0 0 0 0 0 0 0.21 0 0 0 0 0 0 0 0 0 3.9 0 0 0 0 0 0 0 0 0 0.27 0 0 0 3.6 0 0 0.95 0 0 0 0 0 0 1.41 0 0 4.85 0 0 0 0 0 0 5.32 0 0 2.65 0 0 0 0 0 0 0 0 0 0 0 0 0 0 0 0 0 0 0 0 0 0 0 0 0 0 0 0 0 0 0 0 0 0 0 0 0 0 0 0 0 0 0.98 0 0 0 0 0 0 0 0 0 5.48 0 0 0 0 0 0 0 0 0 2.02 0 0 0 0.5 0 0 1.93 0 0 0 0 0 0 1.14 0 0 1.29 0 0 0 0 0 0 2.47 0 0 2.48 0 0 0 0 0 0 0 0 0 0 0 0 0 0 0 0 0 0 0 0 0 0 0 0 0 0 0 0 0 0 0 0 0 0 0 0 0 0 0 0 0 0 0.53 0 0 0 0 0 0 0 0 0 0.23 0 0 0 0 0 0 0 0 0 0.47 0 0 0 0 0 0 0 0 0 2.48 0 0 0 0 0 0 0 0 0 4.53 0 0 0 0 0 0 0 0 0 5 0 0 0 0.86 0 0 0.8 0 0 0 0 0 0 1.01 0 0 0.88 0 0 0 0 0 0 0.8 0 0 0.34 0 0 0 0 0 0 0 0 0 0 0 0 0 0 0 0 0 0 0 0 0 0 0 0 0 0 0 0 0 0 0 0 0 0 0 0 0 0 0 0 0 0 1.99 0 0 0 0 0 0 0 0 0 3.54 0 0 0 0 0 0 0 0 0 5.67 0 0 0 3.34 0 0 0.34 0 0 0 0 0 0 3.26 0 0 0.32 0 0 0 0 0 0 1.11 0 0 2.8 0 0 0 0 0 0 0 0 0 0 0 0 0 0 0 0 0 0 0 0 0 0 0 0 0 0 0 0 0 0 0 0 0 0 0 0 0 0 0 0 0 0 4.43 0 0 0 0 0 0 0 0 0 0.25 0 0 0 0 0 0 0 0 0 1.54 0 0 0 4.27 0 0 2.35 0 0 0 0 0 0 2.59 0 0 1.29 0 0 0 0 0 0 0.23 0 0 1.82 0 0 0 0 0 0 0 0 0 0 0 0 0 0 0 0 0 0 0 0 0 0 0 0 0 0 0 0 0 0 0 0 0 0 0 0 0 0 0 0 0 0 1.38 0 0 0 0 0 0 0 0 0 0.54 0 0 0 0 0 0 0 0 0 0.43 0 0 
0 0 0 0 0 0 0 0.89 0 0 0 0 0 0 0 0 0 5.75 0 0 0 0 0 0 0 0 0 2.92 0 0 0 2.01 0 0 0.14 0 0 0 0 0 0 0.13 0 0 4.95 0 0 0 0 0 0 0.33 0 0 2.65 0 0 0 0 0 0 0 0 0 0 0 0 0 0 0 0 0 0 0 0 0 0 0 0 0 0 0 0 0 0 0 0 0 0 0 0 0 0 0 0 0 0 2.54 0 0 0 0 0 0 0 0 0 0.36 0 0 0 0 0 0 0 0 0 1.29 0 0 0 1.31 0 0 5.14 0 0 0 0 0 0 4.75 0 0 4.81 0 0 0 0 0 0 2.2 0 0 0.64 0 0 0 0 0 0 0 0 0 0 0 0 0 0 0 0 0 0 0 0 0 0 0 0 0 0 0 0 0 0 0 0 0 0 0 0 0 0 0 0 0 0 0.4 0 0 0 0 0 0 0 0 0 2.41 0 0 0 0 0 0 0 0 0 2.65 0 0 0 5.6 0 0 3.78 0 0 0 0 0 0 1.3 0 0 4.12 0 0 0 0 0 0 1.05 0 0 4.52 0 0 0 0 0 0 0 0 0 0 0 0 0 0 0 0 0 0 0 0 0 0 0 0 0 0 0 0 0 0 0 0 0 0 0 0 0 0 0 0 0 0 2.08 0 0 0 0 0 0 0 0 0 1.4 0 0 0 0 0 0 0 0 0 0.58 0 0 0 0 0 0 0 0 0 4.58 0 0 0 0 0 0 0 0 0 0.65 0 0 0 0 0 0 0 0 0 3.41 0 0 0 0.18 0 0 0.54 0 0 0 0 0 0 4.72 0 0 0.23 0 0 0 0 0 0 2.36 0 0 3.39 0 0 0 0 0 0 0 0 0 0 0 0 0 0 0 0 0 0 0 0 0 0 0 0 0 0 0 0 0 0 0 0 0 0 0 0 0 0 0 0 0 0 0.2 0 0 0 0 0 0 0 0 0 3.83 0 0 0 0 0 0 0 0 0 0.63 0 0 0 3.66 0 0 0.96 0 0 0 0 0 0 1.31 0 0 4.91 0 0 0 0 0 0 5.28 0 0 2.69 0 0 0 0 0 0 0 0 0 0 0 0 0 0 0 0 0 0 0 0 0 0 0 0 0 0 0 0 0 0 0 0 0 0 0 0 0 0 0 0 0 0 0.92 0 0 0 0 0 0 0 0 0 5.06 0 0 0 0 0 0 0 0 0 2.2 0 0 0 0.35 0 0 1.8 0 0 0 0 0 0 1.04 0 0 1.22 0 0 0 0 0 0 2.94 0 0 2.48 0 0 0 0 0 0 0 0 0 0 0 0 0 0 0 0 0 0 0 0 0 0 0 0 0 0 0 0 0 0 0 0 0 0 0 0 0 0 0 0 0 0 0.58 0 0 0 0 0 0 0 0 0 0.36 0 0 0 0 0 0 0 0 0 0.37 0 0 0 0 0 0 0 0 0 2.32 0 0 0 0 0 0 0 0 0 4.87 0 0 0 0 0 0 0 0 0 5.12 0 0 0 1.07 0 0 0.71 0 0 0 0 0 0 0.9 0 0 0.83 0 0 0 0 0 0 0.94 0 0 0.27 0 0 0 0 0 0 0 0 0 0 0 0 0 0 0 0 0 0 0 0 0 0 0 0 0 0 0 0 0 0 0 0 0 0 0 0 0 0 0 0 0 0 2 0 0 0 0 0 0 0 0 0 3.54 0 0 0 0 0 0 0 0 0 6.16 0 0 0 3.17 0 0 0.41 0 0 0 0 0 0 3.16 0 0 0.3 0 0 0 0 0 0 1.21 0 0 2.91 0 0 0 0 0 0 0 0 0 0 0 0 0 0 0 0 0 0 0 0 0 0 0 0 0 0 0 0 0 0 0 0 0 0 0 0 0 0 0 0 0 0 4.25 0 0 0 0 0 0 0 0 0 0.16 0 0 0 0 0 0 0 0 0 1.56 0 0 0 4.16 0 0 2.33 0 0 0 0 0 0 2.52 0 0 1.14 0 0 0 0 0 0 0.2 0 0 2.15 0 0 0 0 0 0 0 0 0 0 0 0 0 0 0 0 0 0 0 0 0 0 0 0 0 0 0 0 0 0 0 0 0 0 0 0 0 0 0 0 0 0 1.44 0 0 0 0 0 0 0 0 0 0.69 0 0 0 0 0 0 0 0 0 0.45 0 0 

</Matrix>
   <Matrix name="burstinessHist" type="complete" rows="1" columns="2000" multiplier="1.0">
   170 175 206 191 208 194 193 190 188 192 181 194 196 196 198 199 183 205 188 185 189 191 197 183 198 203 195 181 202 194 207 198 188 203 180 190 198 187 197 190 188 196 190 186 204 198 206 200 209 181 207 190 185 178 194 185 188 193 202 200 204 207 197 168 195 188 175 207 207 199 209 210 192 203 197 163 185 199 188 194 180 201 190 199 175 179 180 195 192 201 176 202 202 207 201 192 187 183 202 192 194 184 207 199 200 200 179 199 182 186 194 194 193 205 201 193 200 188 205 200 190 178 203 193 191 204 203 201 190 205 175 187 197 192 184 190 182 198 186 214 185 200 197 186 184 193 190 189 184 192 184 187 211 189 195 200 191 199 191 215 196 203 199 205 189 188 215 195 199 209 197 199 219 206 172 201 198 200 206 183 195 174 199 199 194 185 179 192 201 191 186 197 190 195 179 204 179 193 183 183 195 204 201 186 208 197 197 202 181 214 176 182 204 176 205 191 214 200 188 176 202 194 201 204 174 194 196 207 190 211 194 209 211 187 201 209 203 192 194 194 193 191 199 165 174 184 184 173 190 196 184 205 197 201 205 179 185 190 188 186 185 205 211 188 199 194 193 207 193 181 216 195 190 192 193 197 195 201 192 210 192 177 209 186 174 199 180 198 204 192 169 200 191 189 192 197 196 187 175 197 199 203 200 194 191 188 175 206 185 200 196 189 228 193 186 204 198 203 186 192 199 196 186 202 197 217 206 179 203 180 192 196 194 209 205 209 193 215 188 205 209 190 187 184 194 206 208 189 190 186 185 200 205 203 209 202 169 212 197 183 188 190 194 200 195 201 189 205 188 184 205 202 173 185 176 196 210 183 181 198 194 197 200 198 193 192 193 206 183 193 204 188 183 205 167 203 201 206 190 183 197 188 194 205 203 219 186 190 207 198 182 197 193 180 187 200 192 193 185 193 197 185 189 181 217 201 192 197 193 212 184 188 203 177 186 202 180 190 184 199 193 192 211 185 195 191 201 199 193 193 197 194 194 202 191 190 201 199 199 183 190 198 186 200 196 199 192 174 190 188 202 207 204 190 184 198 188 218 210 188 174 204 195 185 187 193 209 194 195 203 204 193 191 200 195 195 200 187 209 209 195 184 191 197 200 198 206 196 195 199 198 199 208 191 187 203 206 191 208 195 202 204 205 191 202 205 188 214 187 205 202 184 193 190 188 186 193 209 210 185 198 200 211 197 192 200 177 194 198 212 177 205 188 210 211 205 202 198 195 203 197 211 189 190 188 193 198 195 196 191 207 177 193 197 186 211 197 183 192 202 186 195 212 209 190 192 175 209 190 186 208 192 195 205 182 198 210 193 185 204 206 184 202 191 190 203 182 199 186 170 199 191 218 193 207 198 208 219 184 198 193 174 189 211 195 203 203 178 197 189 201 198 195 184 212 220 212 201 172 180 180 197 184 216 180 200 208 201 203 214 205 195 208 178 197 207 191 194 199 179 185 201 195 202 195 192 186 201 180 203 206 190 216 194 182 197 185 191 192 181 192 205 195 181 181 194 191 197 196 197 202 182 184 206 206 191 194 197 192 206 180 184 211 181 182 177 194 195 192 188 184 188 190 188 183 201 173 193 200 182 188 196 208 197 190 208 183 186 187 183 199 196 201 195 210 195 184 194 191 203 197 188 197 204 207 197 191 189 191 191 203 193 191 207 174 188 193 193 184 214 196 188 197 175 195 194 181 196 205 183 204 182 183 201 192 183 195 197 187 187 191 197 205 200 203 212 190 217 176 203 190 189 207 194 187 208 201 171 192 192 193 201 196 209 198 186 185 166 186 202 195 201 197 186 204 195 204 184 183 179 191 187 187 184 202 207 180 177 216 206 192 205 207 195 199 195 184 179 194 200 191 196 189 193 165 192 186 189 201 181 187 210 205 204 192 196 199 196 201 199 197 194 206 180 191 198 194 187 183 189 200 208 172 189 198 200 212 205 190 216 218 199 195 197 177 203 214 196 202 214 188 203 190 194 200 190 217 207 213 198 184 180 188 205 193 195 186 201 198 182 186 200 197 208 203 174 206 182 168 203 203 233 209 185 198 201 214 181 197 198 187 172 198 204 171 199 211 204 193 189 196 179 191 198 202 194 204 184 216 196 197 194 197 210 194 189 203 201 209 201 207 209 191 190 195 200 189 214 175 183 197 195 196 206 193 199 200 177 185 203 190 193 203 197 212 192 210 194 197 187 183 186 196 189 178 199 205 193 197 186 203 192 201 200 176 184 208 208 213 186 195 201 213 178 200 188 194 192 196 192 200 195 186 194 192 191 179 216 181 188 188 210 175 208 185 214 211 177 216 206 189 199 175 199 197 185 207 199 183 194 181 202 198 195 179 188 179 214 210 205 188 194 204 193 209 204 190 185 188 207 186 203 195 205 213 192 210 185 196 193 189 186 179 218 201 188 200 197 181 193 193 198 201 204 206 202 199 192 192 203 202 190 205 203 184 198 197 212 187 194 195 196 192 201 193 193 197 206 193 199 182 196 190 192 194 196 190 185 192 197 179 196 196 201 199 184 219 195 200 208 179 185 192 191 195 195 208 191 186 208 210 178 187 189 190 201 201 177 218 211 198 192 188 201 192 190 193 183 196 201 193 185 197 213 201 200 199 184 203 195 202 178 200 221 185 194 193 193 190 208 187 194 182 187 201 191 183 200 199 188 191 195 196 188 184 188 197 191 193 196 193 197 206 193 214 197 203 205 195 202 194 194 205 181 198 203 187 205 215 195 193 207 172 212 215 188 213 203 196 206 197 188 188 204 214 181 217 195 184 185 200 185 185 208 208 182 202 181 206 191 201 210 193 204 200 210 208 188 208 196 194 189 185 205 190 187 199 190 175 199 189 195 214 197 188 189 206 202 193 217 190 206 192 196 188 180 202 185 198 187 215 184 217 204 212 208 192 192 207 220 203 189 205 200 194 209 205 198 211 198 193 189 195 192 185 183 183 208 193 203 212 189 181 206 183 208 198 178 195 203 191 179 212 185 194 180 206 194 197 202 202 193 196 197 205 185 220 190 202 189 193 183 195 200 198 203 198 192 195 198 183 200 214 186 207 194 203 195 182 184 186 193 199 183 205 185 184 197 202 188 192 195 210 194 199 180 184 206 200 204 187 188 192 223 177 208 201 201 195 201 195 191 200 194 175 194 208 196 188 191 187 193 187 208 174 192 203 195 190 180 201 196 185 190 175 196 192 192 202 210 193 192 188 185 190 193 207 174 198 181 190 180 194 209 203 173 192 205 200 199 203 198 175 202 174 202 198 194 196 197 186 198 206 198 216 213 186 184 198 204 208 167 195 198 196 215 187 205 204 205 208 193 189 200 201 176 185 214 194 193 209 205 210 196 205 189 198 206 192 194 195 205 201 216 199 191 216 195 191 187 209 190 198 206 204 175 196 195 205 196 196 207 204 200 177 198 195 183 186 200 193 189 195 184 196 179 185 195 190 204 198 199 193 208 211 209 186 187 202 218 206 206 180 208 220 183 194 192 193 189 182 198 195 190 200 185 196 187 194 197 197 186 187 184 196 207 199 197 188 186 189 203 203 199 189 220 188 210 193 205 205 211 168 200 197 207 173 192 198 188 211 184 200 192 189 194 191 205 210 182 205 218 196 196 189 200 191 196 191 202 206 207 216 203 185 196 200 194 180 206 207 188 202 186 182 199 195 196 203 182 192 208 189 195 197 193 189 191 196 184 204 208 199 188 186 200 184 206 208 195 183 176 190 170 195 189 220 187 191 186 200 190 214 191 202 189 190 202 208 205 201 194 210 191 204 193 178 203 194 191 191 190 181 192 192 189 198 191 174 193 204 193 192 201 193 205 189 197 185 183 202 199 180 200 200 181 191 209 206 215 197 191 194 191 208 185 208 168 188 180 192 212 176 212 187 208 188 185 193 195 186 200 200 203 191 195 224 188 195 206 193 199 192 181 188 203 202 204 195 195 185 193 177 188 206 198 204 200 191 201 187 212 208 191 203 196 195 193 199 185 199 177 219 190 200 184 191 190 193 203 199 188 177 203 204 198 193 188 197 173 212 198 203 204 198 220 188 201 197 188 168 203 184 205 213 203 196 197 205 204 198 181 221 187 184 192 188 185 185 191 191 176 188 196 187 186 173 183 192 195 202 205 203 197 167 208 195 194 202 212 186 187 180 173 184 215 187 186 180 199 192 179 194 201 189 195 190 209 194 194 187 225 203 192 192 190 187 215 196 198 206 192 189 191 192 184 190 207 199 191 190 219 183 201 192 204 191 196 192 213 180 186 183 211 182 195 198 204 195 171 197 186 192 229 202 196 196 170 217 185 200 207 196 204 213 181 184 188 216 179 189 207 194 196 196 206 190 194 205 187 201 177 207 199 209 182 230 198 194 210 175 183 194 196 195 202 190 184 220 187 201 211 177 189 201 189 202 203 211 178 191 193 196 182 185 194 198 215 208 185 180 206 213 199 194 217 188 212 204 206 
</Matrix>
   <Matrix name="spikesHistory" type="complete" rows="1" columns="200000" multiplier="1.0">
   0 0 0 0 1 0 1 1 2 3 0 2 2 1 1 3 0 1 1 0 1 2 3 1 3 4 2 2 2 4 1 2 0 3 1 0 2 3 3 0 3 1 1 3 2 0 3 2 0 2 2 2 1 1 4 2 0 0 2 3 1 1 3 5 2 2 3 2 1 0 0 2 1 1 3 3 4 1 1 3 3 1 0 1 1 2 1 3 2 5 0 3 1 3 2 1 2 2 2 4 3 3 1 2 2 0 2 2 2 3 3 0 1 1 2 2 2 1 2 3 2 2 0 1 1 0 1 1 2 2 0 1 1 2 4 0 3 0 4 0 1 0 0 1 2 2 4 2 1 2 2 0 3 1 1 2 2 4 1 1 3 1 2 1 0 0 5 1 3 2 2 1 2 2 4 1 3 2 6 0 1 3 2 2 2 2 2 1 1 4 2 0 2 3 1 2 3 1 1 3 0 2 3 2 5 3 0 2 2 2 2 4 1 1 0 2 4 4 4 1 3 2 0 1 3 0 4 4 3 0 5 3 1 3 1 0 2 5 1 4 4 0 4 2 3 0 1 0 3 0 2 5 3 2 2 0 1 3 2 5 0 4 0 3 2 1 2 1 1 2 3 0 4 3 3 2 1 3 1 1 2 1 6 1 1 3 0 2 5 1 2 2 1 0 3 3 2 2 1 0 1 5 0 3 1 1 1 1 2 1 2 1 2 6 4 3 4 1 2 2 0 0 2 1 4 1 4 3 3 3 3 0 2 2 0 1 1 0 4 2 2 3 1 3 2 4 1 0 1 0 3 2 3 2 3 3 2 2 5 1 2 2 4 3 3 0 0 1 4 0 2 1 1 5 2 3 1 1 1 2 1 2 2 1 3 2 1 3 0 0 5 0 3 1 0 2 0 1 1 3 4 2 3 2 2 3 2 1 3 3 2 3 1 1 8 0 0 0 3 1 1 1 1 2 0 3 3 1 3 2 1 3 2 0 1 0 4 2 4 0 1 1 0 4 0 3 1 3 4 4 1 2 4 1 2 1 1 4 4 2 5 0 1 1 3 3 1 2 3 1 1 2 2 0 2 2 3 0 1 3 3 0 2 4 4 3 3 2 2 4 3 2 0 4 2 3 3 2 4 1 0 1 2 1 2 4 2 1 1 1 2 1 2 4 1 2 1 0 1 1 3 2 2 1 5 3 5 1 1 1 1 2 0 2 4 1 2 3 3 4 2 4 2 0 2 2 1 2 1 1 2 0 3 5 1 1 2 3 0 3 1 2 3 5 1 1 1 3 1 2 3 0 2 3 3 4 4 0 3 2 2 5 0 1 1 0 0 2 3 3 1 5 1 3 2 3 1 1 0 3 4 2 2 1 1 4 1 2 2 0 1 1 4 4 2 1 4 0 2 4 2 2 2 2 1 2 2 0 3 2 2 1 4 1 0 4 3 1 1 3 3 1 3 1 1 2 3 1 1 5 2 2 4 2 0 2 3 2 3 2 1 1 1 3 2 1 1 3 2 2 0 1 1 2 1 2 3 2 3 1 1 2 2 1 2 1 1 0 2 2 4 5 1 0 1 2 3 3 2 2 4 3 1 0 2 4 1 4 2 4 3 3 1 2 0 0 3 0 0 0 0 4 1 2 3 2 1 2 0 0 1 3 1 3 1 3 4 2 1 3 1 5 2 3 0 1 2 3 1 1 5 4 1 2 2 1 3 3 1 2 4 2 3 0 0 1 1 1 1 3 2 2 1 2 3 0 3 4 4 0 2 2 2 1 3 2 0 3 2 0 2 2 2 3 4 1 0 1 0 4 3 1 4 3 0 4 0 4 2 0 0 1 2 1 0 4 2 4 0 1 2 1 2 1 5 1 0 2 2 3 0 3 3 1 3 0 2 3 1 0 1 5 2 2 2 2 0 7 0 2 0 3 3 1 1 3 3 0 2 0 0 0 5 1 5 1 1 4 2 2 3 0 2 2 4 1 0 2 2 1 1 2 2 1 2 3 2 3 1 3 1 0 1 1 2 3 2 5 2 3 1 0 0 2 2 1 1 4 4 1 2 3 2 3 2 1 3 4 0 6 2 1 2 1 0 1 5 2 2 1 0 0 3 2 6 1 0 2 0 3 1 2 2 3 1 2 2 2 2 1 3 0 2 6 2 2 2 3 0 2 1 3 2 2 2 1 2 1 3 3 3 1 0 3 3 2 0 2 2 1 3 1 1 1 0 1 1 1 4 4 1 3 3 0 2 3 1 5 3 1 2 1 0 2 0 1 1 4 4 2 2 0 2 1 2 1 3 4 1 0 3 5 2 0 2 5 2 1 2 0 0 1 4 0 6 3 1 0 2 0 0 1 3 3 5 1 1 0 4 4 3 3 2 2 3 1 1 1 3 2 1 1 0 3 0 3 3 3 2 0 3 1 2 2 1 1 1 1 1 0 1 0 2 3 3 1 1 1 4 1 1 0 3 1 0 3 1 7 1 3 0 1 2 3 3 1 0 0 4 0 0 2 5 1 5 1 2 1 2 2 3 1 3 1 5 0 0 2 1 3 0 3 5 1 2 1 1 4 2 0 3 2 2 2 5 2 1 3 2 3 1 2 1 3 2 1 3 2 0 2 0 3 1 2 5 1 3 0 1 0 3 2 1 4 4 1 2 2 4 3 1 2 1 0 5 3 5 1 2 0 0 0 1 1 4 1 3 0 4 3 3 0 2 1 0 0 3 2 5 3 4 1 1 1 3 0 1 5 2 2 1 5 0 2 0 2 1 2 2 1 2 2 2 3 0 3 1 1 1 3 0 1 0 1 4 2 2 1 2 5 1 1 3 3 0 0 5 1 4 5 3 1 0 1 0 1 0 3 3 2 5 5 3 1 5 0 3 1 1 0 3 2 1 1 3 4 1 1 3 3 1 1 1 2 2 1 4 5 4 1 1 4 0 0 1 3 3 0 2 2 0 3 2 3 0 3 2 0 4 2 2 1 4 3 5 2 2 1 4 1 1 3 2 3 2 2 4 3 1 4 2 1 1 4 2 2 3 1 1 2 0 0 0 1 2 0 3 3 3 1 4 2 2 3 3 0 0 1 2 1 2 2 2 2 3 3 3 5 2 4 3 2 2 0 1 2 0 2 1 3 1 2 2 1 3 2 1 0 3 2 2 1 4 1 3 1 2 3 3 0 3 0 2 1 0 0 4 3 0 3 3 3 2 2 0 3 3 1 2 3 1 1 3 5 3 3 0 2 2 2 1 2 0 2 2 2 0 3 2 2 2 2 3 2 2 4 0 5 0 0 1 2 1 2 1 3 3 1 3 1 3 3 0 1 2 1 0 7 2 2 0 3 1 1 2 4 2 3 5 3 2 0 3 2 3 0 3 1 1 4 3 1 1 1 1 3 1 0 2 4 1 2 1 0 2 3 1 0 1 3 2 3 4 0 2 0 3 4 2 7 6 4 0 2 2 0 0 0 3 0 0 2 2 2 3 4 3 1 2 1 3 2 0 3 1 3 3 2 1 2 1 0 2 3 2 4 5 1 0 0 3 4 2 3 1 3 3 1 3 4 1 0 2 1 0 3 3 3 0 4 3 0 2 2 0 4 2 4 2 3 2 3 0 0 1 4 2 3 4 2 6 2 1 0 1 0 0 0 3 1 1 1 2 1 0 3 0 2 4 0 2 3 0 2 4 2 1 4 2 0 0 0 2 1 4 4 4 1 1 0 3 0 2 4 2 1 2 0 0 6 2 3 4 2 2 1 2 1 1 2 1 2 5 1 3 2 0 5 3 3 0 2 3 1 0 2 1 2 1 4 2 1 3 5 1 1 0 2 0 1 1 2 2 2 0 1 0 5 2 7 1 3 4 0 3 2 6 4 0 3 2 3 1 3 1 2 3 2 2 5 1 1 1 2 3 1 2 1 3 1 4 0 1 0 0 3 3 1 1 2 4 4 0 5 4 2 1 2 0 0 3 1 1 0 1 2 2 1 1 1 4 3 1 4 2 2 1 3 2 0 9 2 2 0 0 0 3 2 1 3 5 1 2 0 4 2 1 3 2 3 0 0 5 3 2 3 2 2 0 3 1 3 1 2 4 2 2 2 0 1 2 0 3 2 3 1 3 0 2 1 1 0 1 0 2 1 4 1 0 1 3 4 4 1 1 4 1 0 0 2 1 1 3 2 2 2 2 2 2 3 1 1 0 3 1 3 3 2 2 3 1 2 1 3 2 2 1 2 1 1 5 4 5 1 2 2 2 4 1 2 1 5 2 0 3 4 1 2 1 0 1 1 2 1 3 1 1 0 1 3 1 3 1 2 5 1 1 1 1 3 1 3 3 5 3 1 0 2 2 4 1 0 3 1 1 2 0 3 4 1 3 5 0 2 1 3 0 2 2 2 2 1 2 1 2 3 2 0 3 2 2 1 2 3 2 2 1 3 1 5 2 0 1 1 2 2 2 4 3 1 1 0 3 4 2 3 2 3 2 1 0 1 5 3 2 0 0 1 0 1 0 3 1 3 3 3 5 6 1 2 2 0 1 1 2 2 1 2 2 1 3 2 1 1 4 2 2 0 4 0 1 1 1 1 1 2 2 2 2 5 4 2 1 1 2 2 0 1 3 1 1 4 2 3 3 0 3 3 1 4 2 1 3 0 1 4 0 1 4 1 1 3 3 2 0 1 5 3 0 0 2 2 4 1 1 3 0 3 2 3 1 2 2 1 4 3 0 0 1 0 2 1 2 2 0 2 1 3 2 0 0 1 3 3 2 2 1 5 4 4 3 0 2 1 4 3 4 1 1 1 3 3 1 2 3 2 3 3 1 1 0 3 2 0 1 0 3 3 0 1 0 1 2 4 3 3 3 1 1 4 0 2 1 2 0 1 4 1 1 4 5 1 3 5 3 1 0 3 1 1 2 6 2 4 1 0 1 1 0 4 0 1 5 2 0 2 0 1 2 1 1 5 1 3 4 3 1 5 2 1 2 2 3 0 0 2 2 2 1 6 1 0 2 0 1 1 1 1 2 2 3 0 2 1 1 2 1 1 1 2 3 1 2 3 6 3 1 1 1 2 1 1 7 2 0 0 0 3 0 4 2 2 4 3 1 1 1 1 1 1 3 3 1 2 1 2 5 1 3 2 4 2 4 1 3 1 3 3 1 2 3 1 4 4 1 0 3 1 2 2 5 1 4 1 2 2 1 2 2 4 2 3 0 4 1 1 2 2 2 2 2 2 1 4 1 1 3 0 5 1 3 2 0 2 2 2 3 2 0 3 1 0 3 0 1 2 1 1 3 2 4 3 1 1 2 1 2 3 0 2 2 1 3 0 1 2 1 1 3 0 4 1 0 2 2 1 2 2 1 0 2 2 6 1 3 2 0 1 2 3 2 2 1 1 0 3 2 3 3 0 2 3 1 2 0 2 3 4 5 2 2 2 1 2 1 2 2 2 4 1 3 3 1 1 0 3 2 2 1 2 1 0 2 3 2 0 0 5 1 4 2 3 2 1 4 1 1 4 0 3 2 2 7 0 0 3 1 2 1 2 1 0 1 2 2 2 5 2 1 0 2 2 1 1 2 4 2 2 6 4 3 0 2 2 0 3 2 2 2 0 1 3 1 3 3 2 2 1 3 1 1 3 4 3 3 2 1 2 3 0 1 4 4 0 3 1 2 1 1 3 3 2 1 1 2 1 0 2 1 1 2 2 2 2 3 3 2 3 2 1 1 4 2 2 4 5 1 2 0 2 4 0 4 3 2 1 2 4 3 1 2 0 1 4 5 0 1 1 3 3 4 1 4 0 1 7 2 0 0 1 3 2 2 2 3 3 3 0 1 3 1 4 0 2 1 0 4 2 2 0 2 1 1 1 4 3 4 4 1 1 3 2 1 3 2 0 1 4 2 1 1 1 1 2 4 0 0 3 6 1 4 2 2 1 1 2 1 2 2 0 2 2 4 2 3 0 0 1 3 1 3 2 4 1 1 1 5 1 2 0 5 3 2 0 0 2 2 0 4 3 2 1 1 1 0 3 2 4 1 1 3 7 4 0 1 2 0 5 2 0 0 2 6 2 0 2 1 1 2 3 2 2 0 2 2 0 3 2 2 1 4 1 5 3 1 3 2 1 3 1 2 2 4 4 2 0 3 3 1 1 2 0 0 3 1 4 0 1 0 4 1 0 3 0 1 0 2 3 2 4 2 1 1 3 1 3 3 2 1 0 3 1 1 3 0 0 1 2 3 1 3 3 1 1 3 2 2 2 2 3 0 1 2 1 3 0 3 1 3 1 0 0 3 3 4 4 2 1 0 2 0 2 3 3 1 2 1 4 2 0 2 2 1 2 4 0 2 5 2 1 2 2 7 2 3 2 2 2 1 2 1 3 2 2 2 2 2 2 0 2 0 3 2 0 0 1 2 5 2 4 2 0 1 2 4 1 2 1 2 2 4 4 0 4 2 0 1 4 2 2 2 2 3 2 2 0 4 6 3 2 1 0 1 1 2 3 2 1 3 2 3 2 2 1 1 0 3 4 2 1 3 2 2 5 3 2 2 2 3 2 1 1 0 2 2 3 1 2 1 4 2 4 2 3 2 3 2 2 2 2 1 1 2 2 3 1 2 0 1 2 2 2 3 1 3 2 1 0 8 1 2 2 3 1 3 1 1 2 2 2 3 2 2 1 1 0 3 5 2 3 4 2 2 1 1 2 1 1 1 0 0 4 2 1 0 3 2 1 1 0 2 1 2 2 2 1 3 0 3 3 1 0 5 1 3 2 6 4 4 3 1 2 1 3 4 4 1 1 3 2 1 2 2 5 0 5 2 0 5 1 0 2 1 0 2 3 2 1 4 1 3 2 1 1 3 2 0 2 1 3 3 3 2 2 1 0 0 2 1 1 2 2 3 1 0 3 5 3 1 0 6 1 3 1 1 2 3 1 4 4 3 3 0 3 1 2 4 2 3 2 2 1 3 0 1 2 1 3 1 1 1 3 4 3 2 4 1 2 1 1 2 0 2 3 2 4 1 3 5 4 0 2 1 1 3 4 1 4 2 0 0 2 3 1 1 1 1 1 2 0 3 0 3 3 1 3 2 2 1 2 1 2 2 4 0 1 1 1 1 5 1 2 2 3 2 2 3 1 3 2 2 0 4 2 2 1 2 4 0 3 0 5 3 2 0 2 2 4 3 1 1 2 1 1 2 2 2 3 3 2 3 0 4 0 2 1 1 1 1 2 2 2 3 1 0 3 1 3 2 1 1 1 1 1 3 4 0 4 2 2 1 1 3 1 1 0 1 1 3 5 3 3 2 2 1 3 1 2 2 1 0 1 2 2 2 1 3 3 0 1 3 3 2 2 2 2 3 2 4 1 0 1 3 1 2 4 3 0 3 2 3 2 2 3 4 2 3 1 0 4 4 3 0 1 2 0 1 1 2 3 2 0 1 0 3 1 1 1 1 2 4 5 0 0 4 3 3 1 1 3 3 1 2 2 1 4 2 4 4 2 3 0 2 0 1 0 1 3 2 1 1 2 1 2 3 1 2 3 1 5 1 4 2 5 1 4 0 0 0 3 5 1 0 0 3 3 3 1 3 1 3 3 1 3 5 3 0 3 3 1 1 2 1 1 1 4 1 3 2 3 3 2 3 2 1 2 3 3 2 3 0 2 1 3 3 2 2 2 1 4 3 0 3 2 4 0 3 4 0 2 1 0 0 1 1 0 1 3 4 1 2 3 2 0 0 4 3 0 2 2 3 2 1 0 2 0 2 3 1 0 5 0 2 1 0 1 2 3 4 0 4 1 2 1 3 2 1 3 3 1 2 1 1 2 1 0 2 1 6 3 3 1 0 0 2 3 1 2 2 3 2 1 3 2 5 1 1 1 4 0 2 2 1 2 0 3 4 3 1 3 3 1 1 2 2 1 1 3 3 0 2 2 3 3 3 1 3 2 3 0 2 4 0 0 1 2 6 1 3 3 2 0 2 2 5 2 3 4 0 5 1 2 1 0 1 1 0 1 2 2 1 1 2 2 3 3 3 3 1 4 2 2 2 4 5 1 0 0 1 1 3 1 2 3 0 2 1 0 2 2 0 1 0 1 4 2 2 2 2 1 3 2 3 2 1 1 2 3 1 2 3 3 0 2 2 2 1 1 1 3 1 1 2 1 2 0 4 2 1 3 3 4 2 2 1 1 1 3 3 4 1 2 1 0 3 3 4 3 0 1 2 0 2 4 2 0 3 1 1 6 1 2 1 3 1 3 3 2 1 1 3 6 1 4 0 0 3 1 3 1 3 3 2 1 1 3 2 0 1 2 1 1 2 3 0 5 2 4 0 4 3 2 1 1 1 0 2 2 3 2 2 1 3 0 3 3 1 2 0 6 2 2 1 4 3 1 1 3 0 2 1 3 0 4 2 4 0 0 0 0 1 3 5 3 2 1 5 1 2 0 0 2 2 1 0 4 5 2 4 2 4 2 2 2 3 1 1 0 1 0 2 3 2 1 1 1 3 6 4 0 1 0 2 2 4 0 2 0 1 2 2 3 1 1 2 0 2 1 3 3 3 0 0 2 1 0 1 1 4 3 1 2 3 4 3 3 3 5 0 2 4 0 2 1 1 3 3 3 0 3 1 5 0 1 1 2 0 1 5 1 3 0 5 2 4 2 4 1 1 2 3 1 3 2 1 2 4 0 4 1 2 0 1 1 1 0 2 1 2 5 0 2 1 2 0 2 2 4 2 1 3 1 1 3 3 1 3 3 1 1 2 2 3 1 3 2 2 4 1 3 0 1 1 0 3 3 0 2 2 1 5 4 1 3 1 2 3 0 0 3 2 3 3 3 2 0 2 3 1 3 0 1 2 2 0 1 1 5 2 1 4 3 3 2 1 3 6 2 2 1 0 1 3 2 1 1 2 2 3 5 1 2 2 3 1 1 0 1 1 1 1 2 2 2 3 3 3 0 3 1 3 3 2 3 2 2 1 2 1 3 3 1 1 2 1 1 2 1 1 3 1 2 1 5 2 3 0 5 2 2 1 1 1 1 1 4 1 4 1 0 4 1 3 1 4 2 2 2 1 4 1 1 3 2 0 2 1 4 1 4 2 0 4 0 6 3 2 1 0 0 1 4 3 1 2 3 3 1 0 1 1 1 3 3 0 4 1 1 0 2 2 0 1 2 1 1 2 1 1 4 5 0 3 2 3 0 3 0 1 3 3 2 1 1 1 4 2 0 5 0 0 4 2 1 2 1 0 3 1 0 3 0 0 2 1 3 3 2 2 1 3 0 2 2 4 2 3 1 3 1 2 1 0 1 4 0 2 4 0 1 1 3 2 2 1 2 2 2 7 4 1 2 0 4 0 2 3 4 2 0 2 2 2 2 2 1 3 2 2 2 2 3 1 1 1 3 0 3 2 2 2 2 2 5 5 0 4 2 0 2 1 3 4 3 1 0 1 5 3 2 0 2 2 2 3 2 2 3 1 2 1 3 3 0 0 4 0 2 2 1 3 1 1 2 4 2 4 2 4 3 3 1 3 1 2 2 4 1 2 2 1 0 3 2 0 0 3 2 0 2 2 1 6 1 1 0 2 3 2 2 2 2 2 3 2 0 2 4 3 2 2 2 1 1 0 3 2 1 3 4 1 1 2 2 2 1 2 2 1 2 2 3 1 4 0 1 2 0 2 3 2 1 2 3 1 2 3 2 1 0 6 0 2 2 0 3 2 4 3 1 2 0 7 3 3 1 0 2 3 2 1 0 4 1 0 4 3 0 0 1 3 1 5 1 1 2 2 0 3 4 4 0 1 1 2 1 1 1 3 0 4 4 1 1 1 3 1 1 2 1 2 4 4 3 2 1 2 1 3 1 1 2 4 3 2 0 2 0 1 4 2 2 0 2 0 1 1 0 3 1 3 2 1 1 2 3 2 2 3 1 1 1 1 3 1 2 5 3 1 1 1 3 2 1 1 2 1 0 3 4 0 2 3 5 2 2 2 3 3 1 3 0 1 4 0 1 3 2 3 2 2 4 4 1 1 1 4 2 2 5 2 6 3 3 2 2 3 1 2 1 0 3 4 3 4 3 2 1 1 0 0 3 3 3 2 3 1 0 1 2 3 0 3 2 1 1 3 1 0 1 1 1 2 3 3 2 1 2 3 4 1 2 3 1 4 2 6 2 1 1 0 1 4 1 7 2 0 2 1 3 0 0 0 0 2 1 2 2 1 1 1 2 3 1 2 2 0 0 3 4 2 3 3 0 4 1 3 2 0 1 1 1 2 4 3 1 5 1 3 0 0 1 2 2 2 2 3 2 7 3 1 1 1 1 2 2 3 3 0 1 3 3 3 2 1 1 3 3 1 6 4 0 3 1 2 2 1 0 2 2 5 2 2 1 1 2 2 0 2 1 4 2 3 4 1 2 0 1 2 1 1 3 5 4 0 3 1 3 2 4 4 1 1 2 3 1 0 0 0 3 3 1 2 3 4 1 4 0 2 1 1 0 0 0 2 2 2 4 4 4 0 2 1 2 2 4 3 5 3 2 2 3 1 2 3 2 2 0 3 3 5 3 3 1 0 3 1 1 6 2 2 2 5 1 4 2 3 0 1 3 0 3 2 4 3 1 1 3 0 1 4 1 2 2 2 2 2 1 4 2 2 1 2 3 2 4 1 1 1 3 3 1 1 1 1 3 4 1 4 3 2 4 2 3 0 3 1 1 2 5 0 0 4 3 1 3 0 1 3 3 4 1 1 3 2 2 3 0 0 0 2 1 5 2 5 4 1 0 4 1 0 2 2 2 1 1 3 0 2 0 8 0 1 4 1 2 2 1 0 3 1 2 1 3 2 1 4 4 2 1 2 1 2 2 3 0 4 2 1 2 2 3 2 6 1 1 1 1 1 3 1 5 2 2 2 2 0 4 2 2 2 4 4 1 1 3 1 2 4 2 5 2 2 3 2 0 3 1 1 0 1 0 3 7 1 2 2 2 2 1 2 3 3 2 1 1 1 1 1 3 4 3 3 2 0 2 0 1 3 4 1 1 1 3 1 1 3 0 3 4 2 1 0 4 1 2 1 2 1 1 5 1 1 1 1 2 0 1 1 0 2 4 2 2 3 4 2 0 1 4 1 3 4 2 1 3 1 1 3 4 4 1 1 0 2 1 1 4 3 2 6 3 2 1 0 1 1 3 0 0 1 0 2 3 3 1 5 2 1 3 1 1 1 5 1 1 1 1 1 2 1 1 1 1 3 2 1 1 5 0 3 2 1 0 5 4 1 0 3 1 1 2 1 2 1 3 2 0 3 1 6 1 2 0 3 0 0 6 1 1 3 0 0 6 3 2 2 1 4 0 1 3 1 2 2 1 5 4 3 1 0 0 2 4 4 5 0 7 1 0 3 1 2 2 2 3 3 3 1 2 2 2 1 0 3 3 1 0 1 4 2 1 3 3 4 4 5 2 1 4 3 1 0 0 1 2 3 3 2 1 1 2 3 3 0 0 3 2 0 0 1 1 3 1 2 4 2 2 1 1 3 0 8 1 2 5 0 0 0 0 1 2 3 1 1 3 3 1 2 3 1 4 2 1 2 2 1 2 3 2 3 1 2 2 3 2 0 2 2 2 0 3 0 2 1 1 3 3 3 1 0 3 3 1 2 2 1 3 2 2 2 0 0 3 3 0 1 4 2 1 3 3 4 2 4 3 5 0 1 3 0 2 1 1 1 1 5 2 1 3 2 0 0 0 2 3 2 2 6 0 3 1 0 1 1 1 3 5 0 3 1 3 3 1 0 0 2 2 4 1 3 0 3 2 5 4 2 3 2 3 0 1 3 4 0 1 3 3 2 1 2 1 2 2 0 2 3 1 3 1 2 1 0 0 2 1 1 2 3 2 1 0 3 3 6 5 0 3 2 2 1 0 0 3 0 4 3 0 3 1 3 2 1 1 0 3 1 1 1 1 3 2 1 3 0 1 2 2 2 1 1 0 3 5 0 5 1 1 2 1 0 3 2 5 1 2 2 2 1 0 2 2 2 1 1 0 3 0 3 0 5 2 5 3 2 1 0 4 2 3 2 5 3 1 0 1 1 3 0 3 2 2 1 2 3 0 2 2 2 0 0 2 1 3 6 1 4 2 1 2 1 1 1 1 1 2 0 2 1 2 2 2 5 1 1 1 3 2 2 2 2 0 1 2 2 4 1 0 3 0 3 2 4 4 0 5 1 1 1 4 2 1 2 5 1 1 0 1 1 1 2 0 3 3 2 1 3 1 5 3 3 0 0 1 0 2 5 2 1 3 2 1 1 1 1 4 4 2 1 0 2 0 2 2 1 2 2 1 2 1 2 4 3 1 2 1 0 0 2 5 2 5 3 1 0 0 4 4 2 5 2 0 2 1 1 4 1 1 2 2 1 3 2 3 2 2 2 2 2 2 2 0 2 2 5 1 0 0 2 1 2 0 0 3 4 2 2 0 1 3 1 2 1 1 1 1 2 2 3 2 3 2 2 1 2 3 4 1 3 1 0 3 2 3 1 5 2 0 1 1 4 3 2 1 3 2 2 0 3 1 3 3 0 3 3 1 1 1 3 0 4 1 2 2 2 5 1 0 3 1 3 2 1 2 2 4 1 3 1 1 1 0 2 2 3 6 1 2 2 2 1 2 1 3 5 2 1 0 4 4 1 0 0 2 3 4 1 2 1 2 0 2 0 2 1 1 1 1 2 2 1 2 1 3 2 2 2 4 2 2 1 0 1 0 4 1 1 0 4 1 4 4 0 1 2 2 2 4 1 2 2 1 2 4 0 1 2 4 2 3 5 4 1 2 2 3 0 2 0 0 3 2 3 2 2 2 2 6 0 2 1 2 3 0 2 3 0 3 1 2 0 4 1 2 1 5 2 1 2 1 4 2 4 1 1 5 0 1 2 2 3 1 1 4 3 2 2 0 0 2 4 4 2 2 2 0 2 3 0 1 2 3 4 3 1 1 0 1 4 1 1 1 2 3 1 5 4 2 3 2 0 1 1 1 1 1 3 1 2 2 2 1 2 2 0 3 1 0 1 4 2 1 2 2 2 0 2 4 4 6 2 2 3 1 3 3 3 2 3 2 0 2 0 3 2 1 5 1 2 3 2 2 4 3 1 2 0 2 3 4 1 1 1 2 1 3 1 2 0 1 2 3 2 1 3 2 1 1 2 3 1 2 4 0 3 1 1 3 6 2 0 1 1 2 0 3 4 4 1 1 3 4 3 3 1 0 2 2 1 3 0 0 3 5 0 1 1 2 2 2 1 3 4 2 1 4 1 3 1 1 2 3 1 0 3 1 0 6 0 4 0 1 2 2 2 1 3 5 2 2 1 0 0 0 1 4 0 0 1 4 2 2 4 3 4 2 1 6 2 2 2 3 2 3 2 0 1 2 3 3 2 1 3 3 2 2 2 0 1 0 1 1 2 2 4 2 2 3 0 1 1 1 3 0 4 1 2 4 2 1 2 1 3 2 6 4 1 1 4 2 3 1 2 2 0 4 1 2 4 4 1 2 1 1 5 0 1 3 2 1 0 0 3 3 4 1 1 4 3 0 1 4 2 2 1 2 4 1 1 3 3 1 1 2 2 4 1 1 2 1 4 2 2 3 1 1 2 1 2 5 1 2 3 3 2 3 1 1 2 2 3 2 1 5 0 0 1 2 3 3 2 4 0 4 5 0 2 3 3 2 1 2 1 3 3 2 2 1 1 2 2 2 0 3 5 4 2 1 2 1 7 0 3 1 1 3 2 5 2 1 2 2 3 0 0 0 2 3 1 2 3 2 4 0 5 1 2 1 3 0 5 3 2 4 2 3 0 0 1 1 3 1 5 4 6 1 0 1 3 3 0 1 2 3 4 2 3 3 0 2 2 1 2 2 2 2 2 1 3 2 2 0 2 2 4 1 0 2 0 2 6 1 0 4 0 2 3 4 1 1 1 4 1 5 1 1 2 1 2 2 2 1 4 2 2 2 1 3 5 2 1 0 1 2 2 4 0 3 3 1 2 1 3 4 4 1 3 1 1 2 2 2 3 1 2 2 1 5 3 2 0 3 0 2 1 2 3 4 1 2 2 1 3 2 3 3 3 1 2 2 1 1 3 4 2 1 1 2 4 3 1 1 0 0 3 1 0 0 2 2 3 1 4 3 0 2 4 1 1 0 3 1 0 2 1 1 3 1 2 1 1 1 4 3 1 2 1 3 1 0 4 3 3 4 0 1 5 2 1 2 1 5 2 1 0 2 1 2 1 2 0 1 0 2 1 7 2 4 1 2 2 0 1 1 0 4 1 1 2 1 2 3 0 0 1 0 3 0 4 4 3 1 0 1 1 2 0 2 0 4 1 2 2 1 2 0 3 0 3 2 3 1 2 1 0 2 2 2 1 0 8 1 1 1 1 1 2 1 2 2 1 1 6 3 4 2 0 0 4 2 1 0 3 2 5 1 3 0 2 0 3 1 1 2 2 4 1 1 0 2 4 2 3 2 1 2 2 1 0 3 3 5 2 2 2 0 4 1 2 2 0 0 3 2 4 4 1 0 0 2 4 4 1 1 3 3 3 1 2 4 2 1 2 2 0 3 2 0 1 2 1 2 2 3 2 0 2 1 2 3 1 0 0 1 1 2 4 2 0 2 2 1 1 1 1 1 0 3 2 1 1 1 1 1 5 2 2 1 5 2 5 3 4 0 1 1 4 4 1 2 0 1 0 3 3 5 4 2 0 4 0 1 1 4 2 1 4 1 2 2 1 3 1 1 0 2 2 3 4 3 2 4 1 3 2 2 1 4 1 3 2 1 1 1 1 4 2 1 2 0 1 4 2 2 3 1 0 3 2 0 2 1 1 2 0 1 1 0 3 2 3 2 3 0 0 1 3 4 2 3 4 3 1 0 1 1 3 1 1 0 2 2 3 8 2 3 1 2 1 2 2 2 2 1 1 3 0 3 2 0 4 1 3 1 1 4 1 1 0 3 1 2 4 0 0 2 2 1 3 0 1 1 0 2 1 1 1 1 3 3 3 1 2 1 3 2 1 0 2 1 1 2 0 2 4 1 1 2 4 3 2 0 1 2 3 2 1 1 2 4 0 2 4 1 0 3 4 2 3 2 1 5 2 1 0 3 3 4 3 0 0 0 4 2 2 2 3 4 2 2 1 2 2 2 2 3 4 6 1 3 1 3 2 1 3 1 3 2 1 2 1 0 4 2 2 1 4 1 0 1 1 1 2 3 2 4 3 4 2 0 0 2 0 3 3 1 7 2 2 1 1 0 1 1 3 2 2 3 5 3 4 1 1 3 3 2 4 2 1 3 1 3 3 1 0 1 2 2 1 2 0 5 2 0 1 4 1 5 1 3 3 2 2 4 2 2 1 1 2 3 3 2 1 3 2 3 3 3 1 0 2 2 3 1 2 1 1 2 2 3 2 4 5 3 3 1 1 1 1 0 5 3 0 1 1 1 2 3 2 4 1 1 1 3 1 2 2 3 3 2 2 1 0 5 4 2 1 2 4 0 0 1 0 4 3 0 0 1 6 3 2 3 2 0 2 2 2 2 2 2 3 2 0 1 1 1 3 2 0 2 2 2 0 3 2 3 6 4 4 0 3 4 5 1 1 2 3 1 1 2 1 1 4 3 5 2 1 2 0 2 5 0 0 3 0 0 4 1 4 2 2 2 2 3 3 2 0 1 1 3 2 1 6 0 3 2 2 2 2 1 4 2 0 3 0 3 1 1 2 2 3 3 1 1 0 2 0 0 1 3 4 2 0 2 4 4 1 5 2 3 2 3 2 2 2 1 3 4 1 0 1 0 3 2 1 3 4 3 4 0 4 1 1 1 1 3 2 3 2 4 3 1 2 3 2 3 2 1 1 3 0 3 0 1 1 3 3 0 4 2 3 0 2 0 4 2 3 2 2 5 2 3 3 1 0 4 1 1 4 3 1 2 2 3 2 2 5 1 2 2 0 0 2 3 1 3 4 0 3 1 2 2 1 3 0 2 2 1 2 1 4 3 2 2 0 4 0 1 1 2 2 2 4 1 1 1 2 2 2 5 2 1 1 1 2 0 2 2 2 3 1 1 5 6 4 2 4 1 1 4 5 5 1 2 5 1 1 4 4 2 0 1 3 2 4 2 1 0 6 3 2 1 3 1 2 4 2 0 2 3 1 2 1 3 2 0 2 5 1 2 0 2 2 4 3 2 3 2 0 3 2 0 3 2 1 3 3 2 2 2 1 0 3 1 4 3 7 2 2 0 2 2 2 3 0 2 1 2 1 3 3 0 0 1 2 2 2 5 0 2 4 2 0 2 2 2 0 1 0 2 3 4 1 0 2 0 2 2 2 0 2 4 3 2 2 1 1 2 3 3 0 1 1 0 2 3 4 1 2 3 1 2 2 3 2 3 2 2 3 2 0 1 3 3 2 1 3 2 3 3 2 2 1 4 2 2 2 1 2 1 1 2 0 2 1 3 4 2 2 0 2 1 1 3 2 1 3 0 2 2 2 1 0 3 0 1 2 2 1 3 2 3 1 4 5 2 3 3 1 1 2 1 1 1 1 2 3 4 2 3 1 1 1 3 2 3 2 8 5 2 1 4 1 3 1 1 2 2 1 2 3 2 6 1 1 4 1 0 1 4 2 2 1 4 1 1 1 5 2 2 3 2 2 2 1 2 2 3 2 1 0 4 2 3 3 3 2 4 2 1 1 3 1 2 1 2 0 4 0 3 3 1 1 0 3 1 2 3 0 1 1 5 1 3 3 1 2 4 4 3 2 1 3 1 5 5 0 3 3 1 1 1 0 3 2 0 5 4 1 1 1 1 1 2 3 1 3 0 2 2 1 2 2 3 1 2 1 0 2 1 0 3 2 3 0 1 2 2 2 3 1 1 1 2 0 3 1 2 3 2 1 1 1 2 1 1 0 2 2 1 2 1 1 1 3 2 0 3 1 2 0 2 0 1 3 3 4 0 2 1 3 1 3 2 4 1 1 4 3 1 1 3 1 3 2 1 0 1 2 1 3 2 2 1 2 2 2 1 2 0 6 0 1 0 1 2 2 0 2 2 0 3 0 2 0 1 1 1 3 3 2 2 2 1 2 2 4 1 1 1 2 3 1 0 2 5 4 2 2 4 0 4 1 0 1 2 0 3 2 1 0 1 4 1 4 1 2 0 0 2 2 1 0 2 0 1 1 3 3 3 1 4 4 2 4 0 1 3 4 2 2 3 3 1 0 2 2 1 1 3 2 2 2 2 4 1 2 1 1 2 3 3 3 0 1 2 2 2 2 3 0 2 3 1 1 1 0 3 1 2 6 3 3 2 1 3 2 2 3 1 4 1 5 2 3 2 0 2 1 1 2 2 2 4 1 3 3 1 1 2 3 0 0 1 2 5 3 1 2 1 1 3 2 4 2 1 1 1 5 3 1 4 0 1 3 4 1 3 0 2 2 2 3 3 3 3 1 2 1 2 0 1 1 2 2 3 2 1 1 2 2 2 0 0 4 1 1 2 4 2 3 1 1 2 0 1 3 3 2 0 1 1 2 2 0 3 3 2 0 3 4 4 1 1 3 1 4 3 2 3 1 0 1 4 3 0 1 3 2 2 3 0 2 2 4 0 2 5 2 3 2 1 2 2 1 1 3 1 2 2 3 2 2 0 0 1 2 2 2 1 0 1 1 0 0 2 3 0 3 3 0 2 2 2 2 3 1 0 4 2 3 2 2 1 3 4 2 4 1 1 0 1 2 0 4 1 2 2 3 4 2 1 1 1 4 2 3 2 2 1 2 3 0 1 4 5 2 3 0 1 3 3 2 5 2 1 4 0 1 0 3 1 2 3 1 5 1 3 3 3 2 5 2 1 1 2 1 0 2 2 2 2 2 3 0 1 3 0 3 0 0 2 1 1 2 4 0 2 0 2 3 2 3 3 0 1 2 0 2 0 1 4 1 5 3 0 4 1 1 7 1 2 2 1 2 1 1 1 4 2 1 2 2 4 2 1 0 0 1 1 3 1 4 0 4 3 1 2 1 1 3 2 4 2 3 1 3 1 1 4 0 1 5 1 2 2 1 0 3 3 0 2 2 2 3 0 1 2 4 2 1 2 1 2 3 1 4 2 1 1 1 4 1 1 3 2 2 1 1 2 1 1 2 2 0 1 3 3 2 2 2 2 1 4 1 0 3 2 3 1 1 1 3 0 0 0 5 0 3 1 0 2 2 2 2 4 2 3 4 1 4 2 1 3 2 2 0 0 2 2 2 6 2 1 1 3 2 2 1 2 5 0 1 1 2 4 4 2 2 2 1 3 2 1 1 3 2 3 1 3 1 0 2 1 1 1 3 1 1 4 4 3 3 2 1 0 0 2 5 2 1 1 4 1 4 3 0 3 1 3 3 1 1 3 1 0 4 6 0 1 5 4 3 0 1 0 0 1 1 3 1 1 1 1 3 4 3 3 2 1 1 3 1 1 3 3 4 3 2 0 1 1 1 4 3 1 2 4 1 1 1 0 0 1 1 0 2 2 5 3 1 1 0 1 5 4 1 4 2 1 0 2 0 3 1 1 3 2 0 3 3 2 3 2 2 1 1 3 3 0 2 1 1 2 3 1 2 3 1 2 4 0 2 3 1 1 2 3 2 1 2 1 0 5 2 3 1 1 4 4 1 1 2 0 1 2 1 5 3 3 1 2 3 3 2 3 3 1 1 2 1 3 2 2 0 2 1 3 4 0 0 4 4 1 1 2 3 3 2 2 1 0 1 2 3 2 6 2 3 2 1 2 2 0 4 5 2 1 1 4 0 1 3 3 2 2 2 5 1 3 1 0 1 5 2 1 4 0 2 0 2 2 0 2 2 3 1 2 1 2 2 0 0 2 2 2 1 3 5 3 1 2 1 0 0 1 3 1 1 2 2 2 2 1 2 2 4 2 3 2 2 2 2 2 3 1 0 0 0 3 2 5 0 3 2 2 1 1 2 0 1 1 3 3 0 2 2 2 3 2 1 0 6 2 1 3 2 1 1 3 4 2 1 2 5 0 1 3 2 2 4 0 0 4 1 0 3 2 1 2 3 2 2 1 3 2 0 1 1 4 1 0 2 1 1 0 1 0 1 4 1 0 1 2 1 0 2 0 2 1 4 2 0 1 2 2 1 2 4 4 2 0 1 0 4 5 3 2 1 2 1 0 2 2 1 7 1 1 3 1 1 1 2 4 2 0 1 1 1 2 2 1 1 0 4 2 1 1 2 4 0 1 1 0 2 3 4 1 4 3 2 3 0 2 2 2 4 0 2 0 2 1 1 1 1 4 2 0 2 2 1 0 1 3 3 3 4 1 4 3 0 2 2 1 0 3 0 1 1 2 4 1 2 1 5 4 0 0 2 0 3 1 2 1 1 2 4 2 1 1 3 0 3 3 1 2 1 2 2 3 1 3 2 2 1 1 3 1 2 2 3 1 1 3 3 3 2 0 3 3 2 4 4 2 3 1 3 1 2 0 2 2 0 0 3 1 3 1 2 3 2 1 1 2 3 1 2 2 3 2 1 0 0 1 0 1 4 0 3 3 0 3 1 3 1 3 2 1 4 2 0 3 3 4 2 1 1 1 4 2 3 0 0 0 4 0 3 2 1 6 2 3 2 3 0 2 2 2 2 2 1 1 2 2 6 2 1 0 1 5 1 2 2 0 2 1 2 1 1 1 1 2 1 3 2 2 2 3 8 1 1 0 1 0 3 0 3 2 4 2 1 1 3 3 5 3 2 1 1 1 0 1 1 1 3 1 2 3 2 5 1 1 1 2 2 3 2 2 1 1 3 2 3 1 1 3 1 4 1 0 3 2 2 2 1 3 3 4 0 1 2 2 1 1 3 3 3 0 3 2 4 1 3 2 0 0 3 2 3 1 2 1 0 1 2 1 2 3 2 5 3 1 1 1 3 4 3 1 2 1 4 2 2 1 1 1 1 2 1 2 0 4 3 1 1 3 2 2 2 0 4 1 1 2 2 5 5 1 2 0 2 2 2 2 2 1 1 1 2 3 4 2 2 0 1 2 1 2 3 2 0 4 4 2 0 2 4 3 1 5 1 2 1 2 2 0 3 2 3 2 6 2 4 2 1 6 1 3 1 2 3 2 2 4 4 2 3 2 2 2 0 3 0 2 2 2 2 4 3 3 1 2 4 1 1 0 5 2 2 0 3 1 1 0 3 3 1 1 0 2 0 0 0 4 1 1 1 2 0 4 2 4 0 0 1 1 1 1 4 1 2 2 4 1 8 3 1 0 2 0 1 2 3 2 2 0 1 1 3 2 3 2 2 2 1 2 0 2 0 3 2 1 2 1 3 2 0 2 2 2 7 2 4 1 4 0 2 0 0 1 1 3 2 3 1 3 0 1 1 3 2 2 2 0 1 2 4 0 2 2 1 1 3 5 0 1 2 1 2 1 0 1 2 4 0 3 1 1 1 1 1 1 1 1 1 3 2 4 0 2 3 0 3 5 1 2 3 3 1 4 3 2 3 3 4 0 2 1 3 2 4 2 2 0 3 4 1 2 1 1 4 2 3 4 1 2 2 1 1 1 2 0 2 3 1 1 3 2 2 4 3 3 1 3 0 1 0 1 5 2 3 2 0 0 0 2 2 1 3 1 3 3 3 2 2 5 0 0 5 2 5 0 0 1 0 2 4 1 4 2 3 2 4 2 3 2 2 0 6 1 2 0 2 3 4 2 1 3 3 1 2 2 4 1 4 1 4 1 3 1 3 4 0 0 2 4 3 1 1 4 3 3 1 4 0 1 0 1 1 0 1 1 4 3 2 0 5 1 1 1 1 3 5 4 1 3 0 2 0 3 2 0 2 2 3 2 1 3 0 3 3 3 2 1 2 2 1 1 4 4 1 1 2 0 0 3 4 2 0 2 1 4 3 1 0 1 2 2 3 0 5 5 2 4 1 0 6 1 2 2 3 0 4 4 2 3 3 2 1 2 1 1 1 4 3 5 4 0 2 2 4 0 3 4 1 2 1 2 1 1 1 3 3 2 1 3 1 1 4 0 2 2 0 2 1 1 0 3 2 2 3 3 3 4 1 3 2 4 1 2 1 0 1 2 1 1 4 1 2 4 2 0 0 3 1 4 3 1 4 1 0 2 4 0 1 1 3 4 0 0 2 4 1 3 1 0 2 3 2 2 2 5 0 1 4 4 5 4 1 3 1 3 0 0 3 5 1 3 1 3 2 5 3 1 2 2 1 1 4 4 5 1 2 0 0 1 1 4 2 1 0 2 5 1 1 1 2 3 1 1 2 3 4 2 1 1 2 2 2 3 2 4 2 5 3 0 3 0 1 1 0 1 0 2 2 1 3 2 2 2 4 3 4 1 4 0 1 1 0 2 3 2 1 1 2 1 0 2 1 1 3 0 0 2 4 3 1 3 2 3 3 1 1 2 1 1 1 0 1 2 1 0 2 2 3 1 0 2 4 2 0 5 5 2 4 1 4 3 3 0 1 1 0 3 2 0 3 0 1 2 2 4 0 2 4 1 3 3 1 0 2 3 0 2 1 2 1 4 4 1 2 4 3 1 2 3 4 3 4 1 3 0 2 1 4 1 7 1 0 1 5 2 2 0 2 3 1 2 2 1 2 1 2 3 3 1 2 3 0 2 2 2 1 2 3 3 0 2 0 4 1 2 2 0 2 0 1 4 1 1 1 3 1 1 2 1 4 0 4 2 0 5 3 4 2 0 1 3 1 0 1 4 2 4 1 3 2 3 1 3 1 2 1 4 3 1 4 0 0 3 0 0 1 4 3 1 2 0 3 0 1 1 3 1 0 2 0 2 0 1 1 2 4 4 1 1 5 1 3 3 0 1 3 0 0 1 0 0 1 2 0 4 1 2 0 1 4 4 0 2 2 1 3 1 4 2 0 2 3 0 1 1 0 7 1 1 5 0 3 1 2 0 3 2 5 2 4 2 4 4 1 1 2 4 3 2 1 0 0 2 1 3 0 5 0 3 1 3 1 0 2 3 4 2 4 3 1 1 2 0 4 3 3 5 2 3 1 0 1 2 1 2 0 1 6 0 1 2 4 0 2 3 5 2 1 2 1 3 0 2 1 2 2 1 5 6 4 2 2 3 4 2 1 1 1 3 2 4 1 2 1 0 0 3 1 4 0 2 3 2 3 3 1 3 1 2 0 5 2 3 0 5 1 2 1 2 3 2 2 2 3 0 2 2 2 3 1 3 3 2 0 0 0 1 4 0 0 1 4 1 1 3 0 4 2 0 1 1 1 2 4 3 2 1 0 3 1 1 2 3 1 4 2 3 1 1 1 1 2 3 2 3 2 0 3 3 1 1 2 1 2 4 3 2 4 0 3 1 3 1 2 3 2 0 2 1 3 2 2 2 2 1 1 2 4 1 2 2 2 4 4 4 2 2 1 1 2 2 3 1 2 1 3 3 0 1 0 4 1 1 2 1 1 1 2 6 2 1 0 3 3 0 4 1 2 2 0 3 2 4 1 3 3 3 2 5 1 1 3 5 1 5 2 1 2 1 3 1 2 0 3 0 2 4 5 2 2 0 4 1 2 4 1 2 0 1 0 3 1 3 3 3 2 4 1 3 2 1 1 1 1 3 1 1 2 2 2 2 2 1 1 1 3 3 0 3 2 1 5 1 0 0 1 1 0 0 1 2 1 2 1 7 0 1 2 3 4 2 2 0 4 1 4 0 0 2 2 3 5 3 1 1 1 1 1 1 1 1 2 2 2 2 2 3 4 1 1 1 1 4 1 2 2 3 1 2 2 2 1 2 1 5 4 5 1 0 1 1 9 0 0 3 2 0 0 2 0 1 1 2 2 0 2 4 1 1 2 1 1 2 1 5 1 3 2 2 3 1 2 3 1 1 1 2 3 3 1 3 1 0 2 1 1 2 1 3 0 0 3 3 1 2 2 1 4 1 2 4 2 3 0 1 0 0 4 0 7 2 4 2 1 2 4 2 4 0 4 1 3 1 0 0 2 3 2 3 0 0 3 3 1 2 6 1 1 0 2 1 2 2 4 1 3 5 4 0 5 2 1 2 0 2 3 1 5 5 3 1 3 0 1 2 2 1 3 3 2 1 3 2 0 3 5 1 2 1 2 2 1 3 2 1 1 3 3 0 2 3 3 1 2 4 1 3 2 1 1 3 0 3 1 3 3 1 2 4 2 0 0 6 2 1 4 2 1 3 1 1 3 0 2 2 1 2 5 2 3 3 2 4 2 2 2 4 2 3 1 1 1 1 3 1 2 1 2 3 2 2 2 1 2 2 4 0 3 0 1 2 1 0 1 0 2 1 2 1 2 5 4 1 5 1 2 0 3 2 2 5 3 4 1 1 1 1 1 1 2 4 1 1 2 1 1 3 2 5 2 2 1 1 2 1 0 1 1 3 0 2 2 0 1 2 3 2 4 5 2 2 1 2 3 1 2 2 3 1 3 1 2 1 2 1 5 2 1 1 3 4 4 2 0 3 0 2 2 0 3 1 2 0 3 2 1 2 3 2 2 0 2 5 1 2 1 7 3 1 2 1 3 2 2 2 1 1 1 2 1 4 2 1 2 3 2 3 4 3 4 2 1 1 2 2 4 1 3 1 3 4 1 3 1 2 4 5 1 2 1 1 1 2 0 1 2 5 0 3 3 3 1 0 3 3 1 2 1 1 4 3 0 2 0 3 0 0 5 3 0 2 4 2 3 2 2 1 1 1 1 3 2 5 3 3 1 2 2 0 1 2 3 0 3 3 2 1 4 1 1 3 6 1 0 4 0 3 2 5 3 0 0 2 4 3 1 1 3 1 2 0 1 1 1 5 1 1 1 1 0 1 0 5 4 0 1 1 2 3 1 1 2 0 1 6 1 2 5 0 2 3 1 1 1 1 0 2 4 3 2 0 0 2 2 3 2 1 3 2 4 1 0 0 2 1 3 1 2 0 4 2 0 2 3 1 2 2 0 1 5 2 3 1 3 2 3 3 3 2 3 1 2 3 1 2 1 2 2 1 2 0 2 1 1 4 1 1 1 0 3 3 0 3 2 4 2 2 2 2 2 2 2 3 5 4 3 3 0 1 0 3 3 2 3 0 0 2 3 2 0 4 1 2 4 4 2 3 0 1 2 3 2 3 1 0 1 5 1 2 2 1 3 2 2 1 2 2 2 2 1 2 1 0 1 1 0 1 6 4 2 1 2 0 3 3 0 3 0 1 2 2 1 3 2 3 2 0 3 1 1 1 2 2 2 4 1 2 2 5 2 2 2 3 2 5 1 3 1 2 1 2 2 0 2 2 4 3 1 3 2 2 2 1 1 6 2 3 2 2 3 3 2 2 0 4 1 1 0 1 4 0 3 0 3 1 4 2 4 1 2 1 1 0 1 4 1 0 1 1 2 2 0 0 0 2 2 1 0 5 0 3 1 1 5 0 0 2 2 2 6 2 0 3 1 3 2 2 1 4 1 1 3 0 1 0 2 1 5 1 2 1 1 1 0 2 3 0 4 0 2 2 2 3 1 0 1 1 2 4 0 4 0 1 2 3 2 4 3 4 2 1 2 2 4 1 1 0 1 0 1 2 2 5 4 4 2 1 3 0 2 0 1 4 0 0 3 2 2 4 2 1 3 3 1 2 0 2 1 1 1 1 1 5 0 3 3 0 2 2 0 1 2 1 1 3 4 3 2 2 0 2 3 1 1 0 3 2 3 3 3 4 0 2 3 0 0 2 1 4 1 1 4 3 1 3 2 1 0 4 4 2 0 3 1 1 4 4 2 1 4 2 2 3 2 1 2 3 1 0 4 4 0 2 3 2 2 2 0 3 1 1 2 3 2 1 2 4 2 2 2 1 1 1 2 0 4 4 0 1 2 0 2 1 0 6 4 1 1 4 1 0 2 4 0 4 2 2 3 4 1 1 1 1 2 2 2 1 4 2 0 2 0 2 1 1 4 4 2 2 4 2 0 1 1 3 3 1 1 1 0 1 1 1 3 4 2 1 3 1 1 1 2 3 3 0 2 1 3 0 2 2 2 3 1 2 1 1 2 2 3 1 2 4 2 2 0 1 1 0 5 3 1 3 4 2 4 1 2 1 4 4 5 1 1 2 1 1 0 2 1 2 1 5 1 2 2 2 2 0 3 2 5 0 3 1 3 1 0 4 4 0 3 2 1 0 6 1 0 1 1 2 2 3 2 1 4 3 2 1 2 2 1 1 0 5 3 4 1 2 1 1 2 1 0 2 2 4 3 3 1 3 0 4 1 4 1 1 3 6 1 0 3 5 3 2 2 1 2 2 5 2 1 0 0 2 2 1 1 2 4 2 1 2 4 2 2 3 1 1 2 4 1 1 0 1 1 1 2 0 8 0 1 4 2 3 1 2 2 0 1 1 1 1 1 4 2 1 4 3 3 3 1 2 1 1 5 4 2 1 4 1 2 3 0 4 3 3 1 1 1 0 3 3 4 3 2 1 3 3 2 1 2 1 4 2 1 2 2 1 0 5 2 2 1 0 3 1 1 2 4 1 2 1 1 1 2 1 3 2 2 5 4 2 0 3 1 1 2 3 1 2 2 3 2 1 3 1 3 1 0 2 3 3 2 2 2 3 1 4 1 1 1 2 4 1 3 2 1 3 4 3 1 2 2 5 0 0 2 0 1 1 2 1 6 0 1 2 5 4 1 1 5 3 2 1 4 2 1 1 2 1 0 2 2 3 1 2 3 2 3 2 1 2 1 2 3 1 4 1 1 1 1 0 0 1 0 1 1 5 1 2 2 4 2 1 4 2 0 5 3 1 2 2 3 2 3 1 2 2 2 1 2 4 3 1 3 3 1 2 3 2 0 4 1 1 1 2 2 3 3 2 1 0 4 0 3 3 1 4 0 1 2 0 2 2 1 2 6 3 2 0 4 2 1 1 3 3 1 2 3 3 1 3 2 0 3 2 4 0 6 1 4 1 2 1 1 3 1 0 0 2 1 0 1 2 3 0 1 1 2 2 3 2 3 3 1 0 0 3 2 6 1 3 1 2 2 3 2 3 1 3 2 4 1 3 0 0 1 2 2 1 4 4 1 6 3 2 1 1 3 2 2 1 1 1 1 0 2 0 4 4 1 1 3 1 1 3 1 1 6 2 2 2 3 2 1 0 6 2 0 2 2 3 1 3 0 1 1 2 3 1 2 6 1 3 2 2 2 2 2 4 2 2 2 2 5 1 0 1 2 6 2 1 2 3 2 0 2 1 3 4 3 1 2 0 3 1 2 2 1 3 0 1 2 3 2 1 0 5 1 3 1 2 0 1 1 1 5 1 2 3 0 1 0 2 3 1 3 4 2 2 1 4 1 1 6 3 2 2 3 0 0 0 2 3 2 4 2 1 2 1 2 3 1 1 4 2 1 2 2 0 1 5 2 2 4 1 2 1 4 1 1 1 2 3 1 1 3 0 1 2 4 4 4 2 1 0 1 1 2 0 2 2 1 2 5 4 2 2 1 2 1 1 0 3 2 1 0 1 2 1 2 4 1 4 0 4 1 2 1 4 3 0 1 0 2 1 1 3 2 2 3 2 1 0 2 2 0 8 2 2 3 2 3 3 0 2 1 2 1 2 4 4 1 1 3 3 1 2 1 1 4 2 4 3 1 0 1 5 0 5 2 2 4 2 0 1 4 4 6 0 3 3 2 0 2 2 2 1 1 4 2 3 0 1 4 0 1 3 2 4 2 1 2 2 1 1 1 3 3 2 1 2 3 0 0 3 2 2 0 1 1 2 3 1 1 3 3 1 6 0 2 3 2 1 2 2 1 0 0 4 2 2 2 2 3 4 1 1 2 2 1 3 2 4 1 2 3 3 2 2 1 0 3 2 1 4 3 2 2 4 1 3 3 1 2 3 0 2 1 4 1 0 3 3 3 2 1 2 0 2 1 0 5 3 1 1 3 5 4 2 4 2 2 2 2 2 1 1 3 3 0 1 1 4 1 2 1 1 5 1 4 0 2 2 5 0 0 2 1 1 2 3 1 2 6 4 1 1 4 0 0 3 4 1 3 4 2 0 1 3 2 1 0 0 2 2 1 0 4 4 2 2 2 0 2 0 2 3 1 4 2 0 1 4 2 1 1 3 3 2 0 0 2 1 0 3 3 3 6 1 1 3 1 2 2 0 0 4 0 3 3 2 2 0 3 0 2 3 3 2 4 0 1 2 0 0 2 0 0 2 2 4 3 0 6 0 0 3 3 4 2 1 0 2 2 1 2 3 1 1 3 3 2 0 2 3 0 0 2 3 1 1 7 1 1 1 1 0 0 2 2 3 1 2 3 4 2 1 1 0 1 2 1 1 5 2 3 4 1 3 1 0 3 1 1 2 4 2 1 0 3 1 1 1 3 2 1 3 1 1 2 1 2 3 5 1 2 3 2 0 0 3 3 1 0 4 5 1 5 2 2 3 1 4 1 0 3 0 1 5 3 2 3 2 5 1 1 1 2 0 2 2 2 1 3 1 1 4 0 1 2 2 1 4 1 4 2 0 1 1 1 3 4 3 2 3 0 1 3 2 2 0 1 1 1 1 4 3 1 2 0 2 2 3 3 3 2 5 2 0 2 3 4 0 0 3 2 2 4 3 1 3 5 2 0 1 0 2 4 2 3 1 1 3 1 3 2 2 2 0 2 1 3 2 3 1 1 4 1 3 2 1 6 2 1 0 1 0 2 3 2 1 4 3 2 0 2 3 0 1 1 0 2 1 3 2 3 1 2 3 3 1 1 2 3 1 3 2 0 1 4 0 1 2 3 3 3 1 3 1 2 3 6 3 2 3 0 1 2 2 2 2 2 3 2 3 0 2 1 3 1 0 2 0 4 1 3 1 3 3 2 2 1 4 2 3 1 3 1 1 3 4 3 0 1 1 0 3 0 1 4 4 4 2 1 0 1 2 2 0 3 3 3 2 2 4 2 1 2 1 0 3 2 1 0 2 3 1 1 2 2 3 2 1 2 4 2 0 0 1 3 1 2 3 1 1 0 1 1 1 1 1 4 9 2 0 1 1 0 2 3 2 6 2 2 1 2 2 4 0 1 1 3 1 2 2 4 1 4 4 0 2 2 2 3 2 2 5 2 0 2 2 4 1 1 0 1 1 0 4 3 4 4 3 5 2 0 2 2 1 1 1 0 2 1 1 4 6 3 2 3 1 2 1 4 3 1 2 2 4 0 5 2 3 0 6 0 5 2 3 1 1 1 4 0 0 4 1 4 2 1 3 0 3 3 3 2 4 2 1 0 2 1 1 3 0 0 0 4 1 2 2 1 3 3 2 2 0 2 2 2 1 2 3 4 0 0 2 2 1 2 3 2 2 2 3 1 2 3 1 2 0 2 3 1 1 3 3 2 5 1 1 2 1 1 3 2 3 1 3 0 2 3 2 2 4 3 1 2 3 0 0 0 0 3 7 2 2 1 2 3 1 5 2 3 5 2 4 2 0 2 3 0 1 4 1 1 1 2 0 4 1 3 0 1 3 1 4 3 3 2 1 1 4 2 1 0 5 1 2 2 3 3 3 0 6 1 2 3 0 1 1 2 1 1 1 1 3 2 4 2 0 2 3 0 2 1 3 2 3 2 2 2 2 2 3 1 4 2 3 0 0 1 2 1 1 3 1 3 3 3 2 2 1 4 4 1 1 2 0 2 2 0 2 0 3 2 3 1 2 6 0 2 0 0 3 2 2 4 2 2 2 1 0 6 4 4 0 1 5 2 3 2 2 4 2 2 1 1 3 5 0 0 1 4 4 2 2 2 3 3 3 1 1 1 4 0 2 2 1 4 2 0 2 2 3 1 3 1 3 3 0 2 1 6 2 0 2 0 1 1 1 2 3 2 3 1 3 1 3 2 3 1 0 3 3 2 3 2 3 1 1 1 3 3 1 3 3 2 1 5 4 1 1 1 1 1 0 1 0 3 1 5 2 3 2 1 0 1 0 2 2 3 0 1 2 1 2 3 1 1 4 2 3 2 2 4 1 1 2 2 3 2 2 0 5 2 1 1 2 1 3 5 3 5 2 2 0 3 2 1 2 2 2 4 2 2 1 5 1 0 4 3 3 0 0 3 0 1 2 2 3 0 3 4 2 2 4 2 2 2 2 1 1 0 1 4 4 2 1 2 5 0 2 3 5 2 1 0 4 0 1 3 2 3 2 3 1 3 1 0 3 3 1 1 1 0 3 1 4 0 2 0 3 1 1 0 0 1 0 5 2 1 2 2 2 0 3 0 1 1 3 2 2 0 0 2 4 3 0 0 3 2 3 0 2 2 1 1 0 2 4 2 4 3 1 1 3 1 0 2 2 4 0 1 3 3 1 0 0 2 3 3 0 3 2 2 1 1 0 2 1 4 0 2 2 3 1 1 3 3 3 2 1 0 1 3 3 3 1 2 3 1 2 4 4 0 1 0 4 4 2 0 0 3 1 3 1 0 3 3 1 2 0 2 2 2 3 1 1 4 1 1 6 1 1 4 2 2 3 0 0 1 2 4 2 3 3 2 1 3 1 3 0 2 2 1 1 1 2 1 3 2 3 3 4 2 2 3 4 0 0 0 1 3 3 2 1 0 1 1 2 6 1 1 1 3 3 1 1 1 2 2 1 2 2 0 1 1 3 2 1 3 3 1 4 4 5 0 1 1 2 1 1 3 4 1 2 3 1 1 4 2 1 6 3 5 1 0 5 1 4 0 0 1 2 2 1 3 3 3 1 3 0 2 3 2 2 4 4 3 1 0 5 2 2 2 2 1 0 1 1 1 4 2 1 8 2 3 2 2 1 2 1 1 1 1 2 2 5 1 2 3 0 1 1 0 2 2 1 1 2 2 1 1 3 1 3 3 3 2 2 0 0 2 0 2 2 1 6 1 0 4 0 0 2 3 1 0 3 2 1 2 0 3 2 2 3 0 3 2 5 5 1 2 2 4 1 0 1 0 1 4 1 2 1 2 2 2 2 1 5 2 2 1 1 1 2 4 2 1 0 4 3 1 1 2 3 1 3 0 2 2 4 0 2 2 1 5 3 1 1 1 1 0 1 6 5 3 1 1 1 1 4 2 1 2 2 2 1 1 3 3 3 2 1 4 1 1 1 1 2 3 5 1 2 1 1 2 3 0 0 2 1 0 3 0 2 1 1 0 4 2 0 0 3 2 1 0 3 2 0 1 5 1 5 2 3 0 0 1 2 2 2 2 0 1 1 2 2 6 2 2 0 0 2 1 2 1 4 2 3 5 4 1 1 1 2 0 1 2 5 2 2 1 4 3 3 3 1 2 0 3 0 4 2 2 1 0 1 1 3 5 1 4 1 2 2 4 1 0 2 3 0 0 1 2 1 3 1 2 2 1 1 2 2 3 1 2 2 1 4 4 1 2 1 1 0 2 3 2 4 1 2 1 0 0 1 2 0 1 2 0 5 3 2 2 3 2 6 5 2 1 0 4 3 1 3 1 2 3 1 3 4 1 1 5 4 1 0 0 3 1 1 4 2 4 3 0 2 0 2 3 4 2 2 1 0 0 3 2 1 1 4 2 1 3 3 2 1 0 1 3 1 2 2 1 1 2 1 2 4 2 4 0 1 3 2 2 0 3 4 2 4 0 2 2 2 1 4 1 3 1 1 3 0 1 2 3 1 2 0 0 2 2 3 1 0 3 1 2 2 0 2 1 3 2 2 2 0 1 1 4 3 1 1 0 6 0 2 1 2 1 3 3 3 3 1 2 3 2 2 2 3 0 0 0 1 3 1 2 3 1 4 0 5 0 1 2 3 1 2 1 2 2 3 0 3 2 0 3 2 1 2 2 3 0 1 2 3 0 1 4 4 2 0 1 3 3 2 2 2 0 3 1 2 1 2 0 7 2 7 5 0 1 0 3 2 3 2 1 1 3 2 3 3 0 3 2 1 3 0 2 0 0 1 4 1 2 6 2 3 3 0 1 4 1 1 1 1 5 0 3 1 2 3 6 0 4 2 2 1 2 0 1 1 2 1 3 1 2 4 3 1 1 2 1 1 3 2 4 1 2 5 1 1 3 1 2 1 4 0 0 2 4 2 2 2 3 0 1 0 3 1 1 6 5 0 0 2 2 0 2 3 4 1 0 0 1 3 2 2 2 2 2 1 2 2 2 2 1 1 2 2 2 1 2 4 2 2 2 2 6 1 2 4 1 3 2 1 1 0 1 3 1 2 2 3 0 2 3 1 2 1 4 0 1 3 3 0 2 0 3 2 2 0 3 2 3 1 2 0 1 2 4 3 1 0 1 2 1 2 1 2 0 6 4 3 2 1 0 5 3 6 0 2 3 2 3 2 4 1 4 0 2 1 4 0 5 3 1 2 1 0 2 4 4 0 0 4 3 3 2 1 3 0 1 2 2 1 0 1 3 2 4 1 3 2 4 4 3 1 3 1 2 1 2 1 2 1 2 5 2 2 3 1 4 3 2 4 2 3 2 1 2 1 3 2 0 2 2 1 3 2 2 1 2 2 1 2 1 3 2 1 0 0 2 2 2 2 3 2 1 4 4 2 1 0 4 1 2 3 2 0 2 1 3 3 1 5 3 1 0 0 0 1 4 1 3 6 3 1 1 2 3 1 1 2 0 1 3 0 2 1 1 3 3 1 3 1 2 0 3 3 5 5 1 2 1 1 2 3 0 2 0 2 5 0 1 1 3 1 2 3 2 2 1 0 1 3 1 2 6 3 1 1 1 1 1 1 0 1 4 2 4 2 4 1 2 1 1 1 3 3 1 2 4 1 4 2 2 1 4 0 3 0 2 1 1 0 4 1 5 3 1 3 4 1 3 4 2 2 1 1 1 1 3 6 5 1 1 0 0 4 3 0 3 2 1 1 1 1 2 0 2 1 2 2 3 4 3 2 0 3 3 1 1 2 3 1 5 2 2 0 1 0 4 2 3 3 2 2 3 3 1 2 1 4 1 1 3 4 2 2 2 3 1 2 2 2 2 5 4 1 1 0 4 2 1 0 1 2 2 1 4 2 1 2 1 3 3 1 0 3 3 3 3 2 2 2 0 2 3 1 4 1 2 1 4 3 0 1 4 1 1 1 1 2 1 2 3 3 1 1 1 3 2 4 1 2 1 1 2 4 2 2 4 3 1 0 2 0 4 3 1 2 1 2 3 0 5 3 1 1 3 1 2 5 5 4 2 0 1 2 2 5 1 4 3 0 1 0 1 0 2 2 4 0 1 2 2 2 2 1 0 1 0 2 2 3 2 4 3 2 1 3 3 1 4 2 2 4 0 0 0 2 0 1 1 3 1 3 0 1 3 2 1 2 4 2 1 2 2 0 0 1 3 1 3 3 2 1 2 1 1 3 3 1 2 1 1 1 5 2 1 2 1 1 2 1 4 1 1 1 1 1 3 1 1 2 0 3 3 0 4 3 2 2 3 1 3 0 2 2 0 1 4 1 1 1 1 2 3 4 2 0 2 2 0 1 0 2 3 3 3 4 1 3 1 2 2 3 1 4 0 0 3 2 4 1 2 4 0 2 2 1 5 1 1 3 1 1 2 0 0 1 2 0 2 2 1 4 1 4 5 3 2 0 3 0 2 1 1 1 1 0 4 3 0 1 4 1 1 1 2 2 0 4 5 2 4 0 3 0 0 1 0 2 2 3 2 1 1 2 1 2 2 2 1 2 1 1 1 1 2 4 1 1 4 4 2 2 0 6 2 0 3 0 2 0 2 0 1 8 1 2 2 3 1 2 3 4 3 3 2 0 3 1 3 1 3 2 0 3 2 2 0 6 0 3 3 5 3 2 2 3 0 2 2 0 1 3 1 1 0 0 1 0 3 0 3 3 1 3 1 1 4 0 4 1 3 2 1 1 2 2 1 2 0 3 2 1 4 2 1 0 3 4 3 2 2 2 2 2 1 3 5 2 0 2 3 1 3 0 1 3 0 1 3 0 1 0 3 5 5 1 1 2 4 2 0 4 1 2 3 2 5 0 2 3 0 1 2 2 0 2 6 2 2 1 1 4 4 1 1 3 3 1 0 1 2 3 2 2 3 2 4 2 1 0 2 1 2 3 1 0 1 2 2 5 2 1 2 2 1 2 2 1 0 5 2 2 2 1 0 1 2 3 1 2 0 1 3 2 0 5 2 3 2 0 3 1 3 1 1 3 2 4 2 2 4 2 4 2 0 5 0 1 3 1 2 2 2 3 0 2 2 1 3 0 1 2 1 1 2 1 4 1 3 1 1 1 3 2 5 0 2 2 3 1 0 4 0 5 1 4 0 2 0 4 2 0 1 2 0 1 2 4 2 1 1 3 2 2 4 0 2 4 3 0 2 1 2 2 2 1 4 5 0 3 1 3 3 3 0 0 2 3 4 1 0 0 2 1 1 0 2 1 2 2 2 0 2 1 2 0 3 4 2 1 1 2 1 2 3 3 0 3 1 2 4 0 1 2 3 4 1 4 0 2 7 2 1 2 4 0 1 1 2 1 1 1 2 3 3 1 1 1 3 1 3 5 1 1 1 1 1 3 3 2 2 1 4 2 2 0 0 0 1 0 1 2 1 2 4 2 1 2 5 3 3 1 2 0 5 0 1 2 2 2 2 2 0 5 2 0 3 3 1 1 5 6 3 0 1 0 2 0 0 0 1 5 1 0 0 4 2 2 2 3 4 2 3 2 2 0 3 8 1 3 1 2 3 1 1 3 1 1 5 0 0 1 4 2 1 1 1 0 1 0 5 2 6 2 2 2 0 2 0 1 2 3 2 2 2 2 2 2 2 1 0 4 3 3 1 1 3 0 1 0 2 4 3 1 5 1 4 0 0 1 0 3 0 4 0 0 1 1 0 2 5 3 3 1 4 2 2 2 0 4 0 1 1 3 1 4 1 0 3 1 4 1 1 1 4 1 3 2 1 2 4 1 2 1 1 4 1 4 2 1 1 1 2 5 2 3 1 0 2 4 1 2 6 2 3 1 3 2 2 3 2 1 0 5 1 1 2 0 2 2 2 2 0 1 3 1 0 0 2 4 0 4 2 0 5 2 3 0 2 1 1 2 3 2 0 3 5 1 2 1 3 2 0 1 1 2 2 3 2 1 2 1 3 0 2 3 2 2 2 2 2 3 1 0 2 1 5 2 1 0 0 1 3 0 1 3 1 1 1 3 1 5 2 2 2 0 3 3 4 1 5 2 1 1 0 4 1 2 4 0 2 2 2 2 4 5 1 4 4 0 1 0 1 3 2 0 2 1 0 2 3 5 1 3 2 1 1 3 0 1 1 4 3 1 2 1 5 2 4 3 3 2 4 1 1 0 3 0 0 0 2 2 3 5 3 6 0 2 5 3 0 1 3 1 2 3 2 3 0 0 3 3 2 0 3 2 3 2 0 3 5 4 1 1 0 1 3 3 4 1 1 2 1 2 1 1 1 4 3 0 2 1 1 2 0 2 3 2 0 1 7 1 2 1 0 0 8 1 2 0 1 3 2 1 1 0 1 3 1 7 2 3 2 1 2 1 4 1 2 2 2 1 0 3 3 2 2 1 4 2 1 4 0 2 4 1 1 0 2 0 5 3 0 2 0 2 5 2 2 2 2 2 2 1 3 2 2 2 2 3 2 2 1 0 0 0 1 2 1 3 4 0 1 0 1 1 2 2 1 2 1 2 1 2 4 0 3 2 2 3 3 1 3 2 1 3 5 2 2 2 3 1 5 1 3 2 1 0 2 0 7 0 0 3 3 4 1 3 2 2 0 0 3 0 3 1 1 1 2 1 0 4 4 4 1 2 2 1 3 4 1 2 4 0 1 1 2 2 1 2 1 1 4 3 4 4 1 1 0 4 4 6 1 2 1 2 2 3 3 1 1 2 1 2 4 1 2 5 5 0 2 2 2 0 0 1 0 0 3 2 2 0 3 2 1 2 1 1 1 3 2 2 1 1 1 4 0 3 1 2 1 1 0 5 2 2 1 3 1 1 7 2 2 1 3 4 1 5 1 2 2 0 2 2 1 2 5 1 5 3 1 2 2 3 0 4 1 3 2 1 3 1 4 5 2 2 4 1 3 1 2 2 2 2 0 3 2 2 3 0 6 5 2 0 2 2 0 1 2 0 2 2 2 2 1 4 0 0 3 2 0 2 4 0 3 1 3 0 2 3 2 3 1 0 3 3 3 2 2 2 2 1 1 1 2 1 0 4 4 1 0 3 3 3 3 2 2 1 1 4 5 2 2 1 2 0 2 2 0 3 2 3 0 1 2 2 2 2 1 3 2 4 0 1 2 3 1 3 3 2 2 1 0 4 2 1 1 1 1 1 4 2 0 4 3 2 0 2 2 3 1 2 1 2 6 2 1 2 3 2 3 1 1 4 1 0 2 1 5 0 1 3 2 0 1 2 0 2 2 2 3 2 3 3 2 1 1 2 3 1 3 3 0 0 0 2 5 1 2 2 2 0 1 1 4 3 2 3 3 4 1 1 2 3 1 1 5 2 5 6 0 3 4 1 3 1 2 2 1 2 2 1 2 0 2 0 2 0 4 2 1 2 1 4 1 3 1 1 2 1 2 2 1 4 5 2 3 0 0 2 2 1 1 2 1 5 2 4 1 2 1 1 1 4 2 5 0 2 0 2 1 1 1 0 0 2 3 3 1 5 2 3 1 1 2 1 2 3 1 5 2 3 3 2 0 2 0 1 3 2 2 2 0 3 5 2 3 0 2 1 3 0 2 7 5 3 2 0 0 1 0 3 1 4 1 3 4 2 4 0 2 2 1 4 1 3 0 4 3 0 1 1 2 2 2 0 2 2 1 1 3 2 1 2 1 4 2 5 0 6 1 1 2 7 2 0 1 2 3 3 5 1 1 2 2 5 5 3 3 1 1 4 4 1 4 0 3 1 2 1 3 2 1 1 1 4 3 0 5 3 4 3 2 1 1 2 1 1 2 3 1 2 2 2 1 1 3 2 1 3 1 3 3 4 3 1 3 4 1 1 0 3 4 1 3 0 7 0 1 2 3 5 4 1 3 1 1 2 0 3 5 4 1 1 1 1 0 4 0 0 3 1 3 0 1 3 2 1 6 2 2 2 1 3 1 2 0 3 4 3 1 1 1 3 0 3 3 2 2 1 2 2 1 2 1 5 2 1 1 1 1 2 1 0 2 1 4 1 3 2 0 6 1 1 2 2 0 2 2 1 1 2 2 2 1 4 5 2 1 5 1 2 3 1 0 2 2 3 0 0 3 3 1 4 1 1 2 2 3 3 3 4 3 1 1 2 1 1 1 3 3 1 3 2 1 2 1 1 0 0 3 3 1 3 3 3 3 4 1 0 3 1 1 3 3 1 0 1 2 5 0 3 3 2 1 4 2 1 1 4 3 3 0 2 0 2 1 3 1 3 1 1 1 2 2 4 2 2 4 2 3 3 1 1 1 2 0 0 1 4 2 1 4 5 1 2 2 1 1 1 1 1 1 3 2 3 1 0 4 5 1 3 3 0 1 4 1 1 3 1 1 1 3 3 1 2 3 3 2 2 1 4 2 1 3 4 0 2 1 3 2 4 4 3 4 0 2 5 4 1 4 0 2 0 2 1 1 3 2 0 3 1 1 0 4 3 2 4 2 2 1 1 0 3 3 1 0 1 6 2 2 2 1 3 1 0 4 1 2 3 0 2 1 4 3 1 2 4 0 1 2 1 2 1 4 5 2 1 3 6 2 1 1 1 3 4 4 1 4 3 2 0 1 5 2 3 1 1 3 0 3 1 0 3 3 1 2 1 2 3 2 1 1 0 3 2 3 3 2 2 4 1 2 2 2 2 2 2 1 0 3 1 2 1 3 2 4 5 3 0 0 2 4 5 0 2 3 5 1 0 0 1 1 5 1 3 1 2 1 1 3 1 1 1 1 2 1 2 2 0 0 0 3 2 3 4 3 2 0 3 2 0 1 1 2 6 1 1 2 0 1 2 1 1 1 3 1 2 2 1 1 4 3 3 0 2 1 5 1 1 3 3 4 4 2 2 2 2 4 3 1 1 1 2 4 2 2 0 2 1 1 2 2 2 3 3 0 3 1 3 1 2 1 4 0 2 3 0 1 3 2 4 1 2 4 3 2 1 2 1 0 1 1 1 3 1 1 1 4 3 0 6 1 3 3 1 3 0 4 3 1 2 0 1 2 3 3 2 1 1 5 1 3 0 2 2 0 2 0 3 0 4 2 0 0 2 2 1 1 2 5 0 4 0 1 3 0 3 3 1 0 3 0 4 3 1 1 2 1 1 1 5 3 4 2 4 1 1 3 4 3 6 0 2 1 2 0 2 0 3 0 1 1 1 2 0 3 1 1 1 3 3 2 1 1 1 1 5 1 4 3 2 2 3 4 2 2 5 4 4 1 4 1 2 1 2 0 5 0 1 4 3 3 2 0 3 2 2 3 2 2 2 0 6 2 1 1 3 3 2 1 1 4 3 4 3 3 0 2 2 1 0 1 2 4 0 3 1 0 2 4 3 1 1 6 3 4 2 3 2 3 1 4 0 3 1 0 0 2 5 2 2 0 0 1 2 2 0 4 1 2 0 2 0 4 1 2 2 5 2 1 6 1 2 0 2 3 0 4 3 2 1 0 5 0 0 3 1 3 3 3 1 1 1 4 2 2 1 3 1 6 1 1 5 3 1 2 1 0 3 1 0 3 0 1 2 0 4 1 2 5 4 1 2 1 3 3 0 1 1 2 0 4 3 4 1 2 2 1 1 1 3 2 2 3 3 1 3 3 2 3 2 2 3 1 3 1 0 2 2 3 0 2 0 5 3 1 3 1 1 3 2 3 3 2 3 1 2 5 2 1 1 4 1 1 1 1 1 2 3 3 4 2 2 2 1 4 2 1 1 1 1 5 1 4 2 3 2 0 1 4 1 1 0 1 3 3 2 1 2 0 0 0 5 2 1 1 2 4 2 3 3 3 1 4 1 1 2 3 2 3 3 2 1 4 1 3 0 5 1 0 1 5 0 4 1 2 4 1 1 1 3 1 3 1 0 2 4 3 1 1 0 3 1 0 3 1 1 2 1 0 2 2 4 0 2 3 4 1 4 3 2 1 3 1 2 1 2 2 2 2 3 2 3 3 0 2 3 1 3 2 2 1 4 4 2 3 1 4 2 2 7 2 1 1 0 0 2 4 0 2 1 8 0 3 2 1 3 1 0 5 3 0 2 4 3 3 1 1 1 2 6 3 1 0 1 0 2 0 2 0 1 1 2 2 5 6 4 4 0 3 2 2 1 3 1 1 5 1 1 4 0 3 0 2 3 5 0 2 2 3 1 2 2 2 1 3 3 2 1 4 0 1 2 6 2 0 3 3 2 0 4 5 1 1 5 1 2 0 2 2 0 2 0 1 2 2 0 0 1 3 2 0 1 1 1 3 1 1 2 1 5 1 3 7 1 2 0 1 8 3 1 2 2 3 2 3 1 1 2 2 2 2 2 4 1 4 0 0 3 4 1 1 3 2 0 1 1 2 2 2 3 1 2 6 0 1 0 3 1 2 1 1 5 0 3 2 2 4 1 3 3 1 2 0 4 2 4 2 1 3 1 1 3 2 1 6 3 4 2 1 5 0 2 0 1 0 2 2 3 1 3 1 3 1 4 4 1 3 1 1 3 4 3 1 1 1 1 0 1 2 2 4 6 0 4 0 0 3 4 2 2 1 2 1 2 2 3 1 1 0 0 4 3 3 2 0 4 2 3 3 1 2 3 1 2 2 1 5 2 4 2 2 4 0 0 1 1 2 2 2 2 2 2 3 4 3 2 2 2 1 1 5 3 3 3 0 2 1 3 2 2 2 1 2 2 4 4 4 1 3 2 1 2 1 2 2 3 4 2 3 3 2 2 2 1 3 3 2 4 0 3 0 0 2 4 1 6 5 0 4 1 2 0 2 2 4 3 4 2 2 2 2 3 3 1 1 2 2 4 3 2 1 2 2 2 1 3 2 2 2 2 2 0 1 3 1 0 3 1 2 5 0 3 1 2 1 4 6 5 2 2 0 2 1 2 2 2 1 2 1 1 5 4 2 3 3 4 2 0 3 1 3 1 4 5 1 3 1 1 3 0 2 4 0 1 1 0 0 1 1 1 0 2 5 2 4 1 0 1 2 0 2 1 2 0 0 3 2 1 5 0 2 1 2 2 4 0 2 0 1 2 2 0 1 3 2 1 6 1 0 0 1 2 2 4 3 3 1 3 3 1 1 5 2 3 1 1 2 1 0 0 1 1 4 3 4 2 0 3 0 2 1 0 0 1 4 3 1 1 1 1 3 2 2 0 1 0 0 3 3 0 2 3 4 2 1 1 3 1 3 1 4 3 1 2 1 1 3 5 2 1 3 3 3 1 2 3 2 1 0 4 1 1 5 1 2 3 1 1 0 1 5 1 1 2 1 3 1 1 1 1 1 3 0 2 2 2 0 2 2 3 1 3 4 1 2 1 4 2 1 4 1 3 3 0 0 3 2 2 1 0 9 1 0 6 2 1 2 3 1 2 2 3 3 2 1 1 1 4 3 3 3 2 1 2 1 1 3 1 1 3 2 0 3 3 3 5 3 0 1 1 3 1 2 2 2 2 4 2 2 1 4 4 3 2 1 5 2 1 3 1 0 1 3 4 2 3 1 1 1 3 1 1 1 1 3 1 1 3 1 3 1 1 0 0 1 4 0 5 2 2 1 1 2 5 0 1 3 3 1 0 3 3 1 2 1 3 2 3 3 1 0 0 3 4 1 2 1 3 1 2 5 2 3 2 2 0 1 4 2 2 1 3 0 2 0 3 3 4 0 2 4 5 0 2 1 4 1 1 2 3 1 3 4 2 0 0 0 2 1 1 3 2 1 2 1 1 1 3 0 2 3 3 1 3 0 4 3 2 6 2 3 2 1 2 2 1 2 3 3 3 2 3 1 1 2 4 1 2 2 0 1 3 1 1 1 3 2 4 0 2 4 2 2 4 1 2 2 2 2 3 2 0 2 4 1 2 1 2 3 3 4 3 0 0 5 1 3 0 1 2 0 3 3 3 4 2 1 4 4 2 0 3 3 2 2 3 3 0 0 2 3 3 3 3 2 3 2 1 1 1 2 1 2 2 2 1 2 2 0 1 3 2 4 1 3 1 1 2 1 0 2 2 3 1 4 3 1 4 1 2 1 2 1 4 0 3 0 2 1 4 1 2 4 2 2 3 3 1 1 1 5 4 1 4 3 5 1 2 2 0 4 3 1 0 1 0 3 1 2 3 1 3 1 1 2 2 2 1 4 2 1 1 0 2 2 0 0 4 2 3 3 4 2 0 3 1 3 3 2 0 4 3 2 1 1 1 6 4 2 2 1 2 1 1 0 3 3 0 1 1 0 3 2 1 0 2 3 0 3 5 3 2 3 2 0 0 3 0 2 1 1 2 0 2 3 3 2 2 3 2 3 0 0 0 2 4 1 3 2 1 0 6 1 1 1 2 1 2 0 1 1 3 2 3 2 1 3 1 3 2 2 1 3 1 0 1 3 2 3 3 5 1 2 2 5 2 1 4 5 3 2 1 3 0 2 4 1 1 2 2 0 3 1 4 1 3 3 4 1 2 2 4 3 0 4 1 1 2 2 2 5 2 1 0 1 2 4 3 3 0 2 1 1 1 2 1 1 2 2 2 2 0 3 3 1 2 0 0 1 1 1 1 2 4 4 2 4 3 1 3 1 1 1 4 2 4 1 0 0 3 3 1 3 0 1 0 3 0 2 2 1 1 0 3 3 2 6 0 1 2 1 5 2 2 1 4 1 2 0 3 0 1 0 1 3 1 2 1 1 3 1 4 2 1 1 1 2 1 2 2 0 1 2 0 4 0 1 2 2 0 2 1 2 3 0 3 3 1 0 1 3 3 0 3 1 4 3 2 0 0 1 5 3 1 4 3 2 1 3 2 4 0 2 2 0 2 4 2 4 6 0 2 3 2 3 2 4 2 3 1 3 2 3 1 3 0 6 3 2 1 0 1 1 1 0 3 1 1 1 1 1 5 2 1 3 5 2 1 2 1 1 1 1 4 1 2 2 3 3 2 2 3 1 0 1 2 3 0 5 0 2 3 0 1 2 3 3 1 0 3 2 1 1 1 1 2 2 2 1 1 3 1 3 1 2 2 3 4 4 0 1 0 1 2 6 3 1 1 2 3 2 4 3 3 1 2 1 2 2 1 3 1 3 2 2 2 3 3 4 1 1 1 1 2 4 0 2 1 0 0 3 1 0 1 3 2 1 4 2 3 2 2 2 2 1 0 3 2 1 2 4 3 2 2 1 1 0 1 2 0 3 2 5 3 6 1 0 1 1 1 1 3 2 4 0 2 3 4 2 2 0 1 0 1 2 3 2 2 1 1 2 3 4 3 2 2 3 0 0 0 1 5 2 2 5 1 1 6 0 1 1 0 3 2 5 2 0 3 2 3 2 0 2 1 0 1 3 5 2 2 1 0 2 0 4 0 0 2 3 4 5 4 1 3 0 2 2 3 1 0 1 3 3 1 0 1 3 1 3 3 6 2 2 0 2 1 1 1 4 4 1 2 2 4 2 4 1 4 0 0 4 1 1 3 1 2 1 3 1 1 3 4 1 1 2 4 0 2 1 2 6 1 0 1 0 0 4 3 1 2 1 5 0 1 3 1 2 1 3 2 1 2 1 1 2 2 2 2 2 3 3 6 2 0 1 0 2 0 3 2 2 3 0 0 1 2 3 1 0 2 3 1 2 2 2 1 2 3 2 3 0 1 2 3 1 2 2 0 2 1 3 1 6 4 2 0 1 4 2 1 2 1 3 2 2 1 0 2 1 2 0 0 1 1 3 1 4 3 4 4 1 1 1 1 0 3 1 4 1 3 2 3 1 4 4 1 1 1 1 5 2 2 0 2 0 1 2 1 0 3 3 3 1 2 4 0 0 5 2 0 1 3 2 2 2 0 0 3 3 1 0 5 0 0 2 1 2 3 2 2 2 2 1 4 1 3 1 0 1 1 1 2 2 2 3 2 2 1 1 4 0 2 3 1 1 1 1 3 3 2 1 6 1 1 2 2 2 1 0 1 3 2 4 1 0 3 2 1 1 1 0 1 0 1 3 1 3 4 0 1 2 1 3 1 4 4 1 1 1 3 1 0 2 2 2 2 2 4 1 2 3 1 1 1 3 2 2 1 3 2 1 2 0 3 3 1 4 0 3 3 4 3 2 4 2 5 2 2 1 1 1 3 0 4 2 3 3 1 2 3 4 2 0 5 2 2 1 1 6 3 3 2 2 6 2 2 1 2 2 1 1 0 2 1 5 3 2 0 2 1 4 0 1 3 1 2 0 1 4 2 1 2 0 2 0 1 5 1 2 1 4 0 1 1 4 2 1 1 5 2 2 2 1 1 1 2 3 2 2 2 0 0 3 0 1 4 2 5 5 3 1 4 1 3 0 4 0 1 3 1 2 0 3 1 4 3 3 2 4 0 6 1 0 0 1 1 1 3 3 1 1 0 4 0 2 1 1 3 1 3 2 2 3 3 1 3 2 2 2 2 1 2 4 3 4 2 1 1 1 3 4 1 1 0 3 2 1 3 1 6 0 3 4 3 2 0 2 0 4 2 2 0 2 0 2 1 3 2 2 3 2 2 1 2 2 0 3 1 2 3 2 4 4 2 1 0 3 0 3 2 0 2 1 4 1 1 3 1 1 2 1 3 4 4 2 1 2 4 1 0 1 3 0 2 1 1 1 2 4 2 3 2 1 4 1 0 2 1 1 3 0 2 3 2 2 0 0 2 2 2 1 1 2 4 2 3 0 2 0 5 0 1 1 1 4 4 1 1 0 4 1 3 3 0 5 1 0 1 2 1 2 2 1 1 2 2 6 4 2 2 1 3 0 3 2 0 2 3 4 2 1 0 1 4 1 2 1 2 1 3 0 2 0 0 3 4 3 2 5 0 0 1 2 0 2 1 2 5 0 1 1 2 0 4 3 3 2 5 5 2 2 0 4 1 1 2 1 2 0 2 4 3 1 0 3 0 1 1 2 0 3 2 1 5 0 2 3 1 3 2 2 1 2 1 3 1 2 1 2 3 3 1 2 0 1 1 3 1 5 2 1 3 0 4 2 1 5 2 2 5 5 0 1 0 5 2 2 4 2 2 1 2 2 1 2 3 3 0 1 2 3 2 3 3 4 3 0 3 4 0 2 2 0 2 2 2 3 2 3 1 3 2 1 1 2 1 4 2 1 1 0 2 3 5 1 0 1 0 4 4 3 1 5 0 5 1 2 2 6 1 2 1 4 1 1 0 1 1 0 0 1 4 0 0 3 2 3 4 5 2 2 0 2 0 3 2 0 1 4 0 3 0 1 1 2 3 2 2 1 1 4 4 3 2 3 2 0 2 1 2 2 1 0 0 2 4 0 5 3 2 2 0 2 2 1 3 1 3 3 3 2 0 4 1 0 3 2 1 3 0 3 3 2 1 3 3 1 1 1 4 3 3 2 0 1 3 3 1 1 0 1 1 0 1 2 4 1 1 0 0 3 2 0 2 0 7 5 0 4 1 3 3 1 5 4 5 0 0 3 1 1 2 0 1 5 3 2 4 0 0 0 1 2 0 3 4 2 2 2 1 2 1 2 2 1 3 5 2 1 2 4 3 2 3 0 0 4 1 1 1 1 2 1 1 2 1 0 0 1 2 4 4 1 2 1 4 1 0 1 0 1 3 0 2 0 0 2 2 0 0 3 4 2 0 3 2 3 1 1 4 3 1 4 1 6 2 1 1 4 1 1 1 3 2 2 1 2 1 2 1 2 2 3 2 2 1 2 2 1 3 5 4 1 4 2 2 3 2 1 1 2 2 0 4 3 2 2 3 1 1 2 2 2 2 4 1 4 0 1 3 3 1 6 0 5 0 0 2 2 2 1 1 1 1 0 1 2 4 1 3 0 4 2 1 3 2 2 0 0 1 4 2 1 2 2 6 0 1 1 4 1 1 1 0 1 3 0 2 3 2 4 4 1 0 3 4 5 3 2 2 3 3 0 1 3 1 4 3 1 3 2 4 4 1 2 0 1 1 3 2 0 1 2 1 4 4 1 1 1 1 6 3 0 2 1 2 1 2 2 2 2 1 1 2 2 0 2 2 3 1 0 3 2 1 3 2 1 1 0 3 2 3 2 3 3 4 1 3 0 3 1 3 0 0 3 1 0 3 2 1 0 3 1 1 3 4 0 1 2 0 0 2 5 2 0 2 0 0 2 3 2 2 2 4 2 0 4 1 3 1 1 6 0 2 2 3 2 2 0 2 1 2 1 1 4 5 0 2 0 0 1 2 2 2 3 0 4 0 3 3 1 1 2 2 2 2 1 5 1 3 1 1 0 2 3 3 1 2 2 1 2 1 4 2 1 2 2 2 3 0 0 2 3 3 3 2 1 2 4 0 0 3 3 1 1 4 2 2 4 3 3 2 0 2 3 1 2 3 1 3 1 0 0 2 5 4 3 1 1 2 3 0 2 1 3 3 2 5 1 1 1 1 2 0 2 2 3 4 3 3 2 2 1 1 2 2 2 1 1 1 0 0 2 0 4 0 1 2 2 4 2 3 3 3 3 3 1 2 0 0 3 1 4 0 0 2 1 2 1 2 0 2 1 2 3 3 1 2 2 1 3 2 2 1 1 3 2 2 1 2 5 3 1 3 1 2 3 2 3 0 0 0 7 3 0 2 1 2 0 1 3 0 2 0 0 7 1 2 1 2 2 2 3 1 2 1 2 3 2 1 1 0 1 2 2 1 5 3 2 1 2 1 0 1 2 1 0 4 1 3 1 2 2 0 2 0 2 1 2 1 8 0 1 5 0 3 2 2 3 2 2 0 2 4 1 1 1 0 2 3 2 1 4 0 5 4 0 4 3 1 2 0 2 3 1 2 2 0 1 2 0 3 0 2 5 1 3 2 1 2 1 1 1 4 1 1 2 0 1 1 2 2 3 0 1 4 0 3 1 1 3 2 5 3 1 3 0 2 2 3 2 2 1 3 1 2 0 3 3 1 0 1 2 3 1 3 2 2 3 1 2 2 4 2 2 3 4 1 1 0 2 4 2 5 1 2 1 2 0 1 0 3 4 3 4 4 0 4 1 1 2 5 3 1 3 0 0 1 2 3 0 2 4 3 1 2 0 2 3 3 2 2 5 4 1 2 0 2 1 4 5 0 3 3 2 3 0 2 1 1 1 1 0 3 2 0 2 1 4 2 2 2 1 3 1 1 2 3 2 7 1 4 2 1 0 1 1 1 2 2 1 3 0 2 2 2 4 2 1 2 3 1 0 3 1 7 2 5 0 5 0 1 1 4 2 1 2 1 2 2 2 5 3 1 4 2 0 3 4 3 2 3 2 2 1 2 2 1 2 0 4 3 1 1 0 3 3 3 4 0 1 4 1 4 2 0 3 1 1 3 3 2 1 1 4 2 1 1 0 3 3 1 3 3 3 1 4 0 1 2 3 3 1 0 0 2 1 3 3 1 4 2 1 2 0 0 5 1 0 1 1 2 3 3 2 3 2 2 4 2 2 0 3 2 3 1 2 3 2 2 1 2 2 4 3 3 1 4 2 3 0 2 0 1 0 3 4 2 2 4 1 4 3 1 1 1 4 1 1 3 1 1 4 3 1 1 0 6 4 1 2 2 4 0 2 3 3 1 2 1 1 1 1 1 5 2 3 2 0 1 1 2 1 3 2 3 2 1 0 3 3 1 1 4 1 1 0 3 0 1 4 3 4 0 1 2 6 1 1 2 2 2 2 2 3 3 1 1 2 1 3 3 0 1 3 2 2 2 2 1 0 0 0 4 0 3 3 0 0 2 2 2 5 3 1 2 0 4 2 1 2 1 3 0 2 3 1 2 1 2 3 1 2 3 2 0 2 2 2 3 0 0 5 1 1 1 4 2 0 0 5 2 3 2 3 0 2 3 3 5 3 1 1 3 0 3 3 4 3 2 1 3 1 1 0 1 1 3 0 4 5 3 2 2 3 1 2 0 3 1 5 2 5 4 1 1 4 2 2 2 5 3 2 1 4 2 1 0 1 0 3 1 2 2 2 1 3 3 1 3 3 4 0 4 0 0 1 1 1 2 2 2 3 2 5 2 2 0 3 3 3 1 4 0 5 2 0 0 3 0 1 2 2 5 0 2 1 2 0 2 4 0 2 1 2 0 0 0 3 3 2 0 2 2 4 2 1 0 3 3 3 2 3 3 4 0 2 1 2 2 1 3 2 2 1 2 7 4 3 0 1 3 0 2 3 2 1 2 4 2 3 2 1 2 2 0 1 1 3 3 2 3 3 2 0 3 0 6 0 3 1 5 6 2 1 1 0 1 1 1 2 7 1 1 1 1 2 1 2 3 2 3 1 2 4 1 3 4 0 2 0 3 2 1 3 2 0 6 1 2 0 2 1 2 4 1 1 4 0 4 0 3 1 1 2 1 1 1 2 2 3 5 2 1 2 1 3 2 2 2 6 2 1 1 3 2 1 1 1 1 4 3 0 1 3 2 1 0 0 1 1 1 1 3 1 4 0 2 3 2 2 3 7 2 0 0 1 1 2 3 4 1 1 0 4 5 2 4 2 1 3 1 2 3 4 1 3 1 2 1 3 3 1 3 3 2 1 5 4 3 3 1 1 1 3 0 1 1 0 4 2 5 2 3 0 2 3 1 1 1 1 3 2 1 2 4 1 3 4 1 1 1 3 4 2 2 2 2 1 0 2 3 0 1 1 0 2 3 2 2 2 1 2 0 0 1 3 1 1 2 2 4 1 1 3 1 2 1 4 2 4 1 1 1 2 1 0 0 3 0 2 1 5 5 3 3 3 2 0 2 3 0 2 0 2 1 2 0 4 2 2 1 5 1 1 2 2 3 2 3 2 2 0 2 4 2 0 0 2 1 3 1 1 3 2 4 2 4 2 0 4 1 2 2 3 0 1 0 2 2 2 1 3 1 2 0 4 4 0 2 1 3 1 4 3 2 3 1 3 3 1 2 4 3 4 2 1 2 2 3 3 4 2 1 2 3 0 2 4 0 4 1 4 2 2 1 1 2 5 1 2 0 2 2 1 4 4 4 1 0 3 1 1 5 1 0 0 4 2 5 0 3 3 1 2 1 2 2 2 1 2 3 2 1 0 4 3 1 4 2 1 1 1 2 3 2 5 6 1 0 0 3 1 0 4 2 0 0 1 2 0 3 6 0 2 2 1 3 1 2 3 2 2 4 3 1 0 0 2 3 1 0 2 1 4 2 4 3 0 2 0 1 3 2 0 0 3 2 3 3 1 2 1 2 3 0 2 0 1 2 3 3 4 0 0 1 1 3 2 1 1 3 2 2 2 6 0 0 1 0 1 2 2 4 0 2 2 3 1 0 3 0 0 4 3 2 2 1 4 2 1 2 0 2 2 4 2 0 0 4 3 1 4 2 0 1 0 2 3 1 1 1 4 0 3 2 1 0 1 0 2 2 3 3 3 0 1 2 1 2 2 1 2 0 2 3 2 3 2 2 3 3 2 3 3 3 1 1 0 3 4 1 2 1 3 3 2 3 3 3 1 0 2 1 2 3 2 2 1 4 1 1 1 3 3 3 0 0 2 2 1 3 2 0 0 2 3 1 1 3 2 3 3 1 3 3 4 1 1 2 2 2 2 2 2 2 1 2 2 1 3 1 1 0 4 2 3 5 2 3 0 0 2 3 1 2 1 2 4 2 1 1 5 1 2 5 1 0 1 2 1 3 0 0 3 4 2 3 1 4 2 5 3 1 3 0 3 1 1 0 1 1 1 1 3 3 4 2 1 3 2 1 2 2 0 3 3 1 5 3 4 3 0 3 2 0 2 3 3 1 1 3 0 0 2 1 3 1 1 1 6 0 2 2 1 0 1 2 2 0 2 4 2 3 1 3 0 0 5 2 2 1 2 0 2 2 0 2 0 1 1 2 1 2 3 2 3 0 2 3 1 2 2 1 1 1 1 2 2 2 0 3 1 0 3 3 2 2 1 1 2 3 1 0 4 1 4 4 1 4 2 1 0 2 2 3 1 1 1 3 2 2 3 1 4 2 2 5 2 0 2 4 3 1 3 3 3 2 2 2 7 1 1 0 4 3 2 0 4 4 2 1 1 3 3 2 2 2 1 1 1 4 3 3 3 3 3 2 2 0 2 3 1 2 2 1 1 5 2 1 5 2 3 2 3 0 2 4 2 1 2 2 1 1 2 2 4 1 1 2 4 3 1 1 2 2 2 0 1 0 0 2 1 1 0 3 2 3 1 5 2 3 3 3 1 0 2 0 1 1 1 2 3 1 1 2 2 2 1 2 3 0 2 1 4 3 3 1 1 0 1 1 0 2 3 2 5 0 2 2 2 1 1 4 1 2 1 1 1 1 0 2 2 3 3 2 0 1 2 0 2 3 1 4 2 2 1 1 3 3 3 1 2 2 2 3 3 3 2 2 3 4 1 2 1 2 0 2 3 4 2 1 2 0 2 3 6 0 3 1 3 2 0 3 4 1 2 2 3 1 0 1 3 3 1 1 1 3 1 2 1 2 1 5 1 2 4 2 3 2 1 1 4 2 3 2 1 2 1 1 1 4 3 2 1 6 0 2 3 3 1 4 0 3 2 2 2 2 2 5 0 0 2 1 3 1 3 5 3 3 2 1 3 2 3 2 4 2 1 2 3 2 4 4 2 0 0 2 3 3 4 3 0 0 3 1 3 4 3 2 4 0 1 2 2 0 0 2 4 5 0 1 4 3 4 2 1 1 3 0 2 0 0 3 2 0 5 1 0 2 5 1 3 1 1 3 2 1 4 0 4 2 2 1 3 2 1 3 2 1 3 0 4 4 2 3 2 1 1 2 1 2 2 1 1 3 2 5 1 1 1 1 2 3 1 2 3 3 4 3 3 4 1 1 2 1 2 3 1 2 0 3 2 3 1 1 0 3 1 5 2 1 3 1 1 2 4 1 2 4 2 1 1 0 1 2 0 1 2 0 0 2 2 5 3 0 3 3 2 4 2 1 2 2 1 0 3 2 3 2 2 2 2 4 1 2 4 2 0 1 1 2 5 1 3 2 0 2 1 4 2 2 3 2 3 2 1 2 1 3 2 3 0 3 2 1 0 2 1 2 3 1 2 3 3 3 1 3 1 2 4 2 0 4 1 3 0 1 2 2 1 1 0 1 4 1 1 5 1 2 4 0 2 3 1 1 1 0 2 0 3 0 1 2 6 5 1 0 2 2 2 1 0 2 2 1 1 1 1 2 3 0 1 1 2 0 4 2 0 2 0 3 3 0 2 4 5 2 1 3 2 0 0 1 0 7 1 1 1 0 4 3 1 2 1 0 1 4 0 0 2 1 2 2 3 2 4 1 1 1 1 2 3 4 1 2 3 4 0 1 4 1 1 1 1 2 4 3 0 3 3 4 0 0 2 4 2 4 3 1 2 2 0 1 0 1 4 4 1 2 2 0 3 1 1 2 1 3 1 1 3 2 2 3 1 2 1 0 1 4 7 1 4 0 4 2 1 2 3 3 1 4 4 3 1 0 2 0 4 5 1 1 1 2 1 6 0 1 1 1 1 4 2 1 0 4 2 2 2 0 2 1 2 3 0 2 3 1 1 4 1 2 2 1 3 2 0 3 7 4 2 1 1 2 2 2 3 1 1 2 3 1 1 3 3 1 1 2 2 1 1 1 5 0 3 3 1 1 2 0 4 2 1 2 2 4 2 2 2 2 2 1 2 2 1 3 2 3 0 3 1 1 2 0 2 3 1 1 1 2 2 3 1 3 3 1 1 2 3 3 1 5 4 0 1 1 1 2 7 3 2 1 2 4 2 1 2 1 2 1 4 3 2 3 0 3 1 0 5 0 6 2 2 4 0 2 2 1 1 1 2 2 2 2 2 2 3 1 1 4 1 1 1 2 1 1 2 1 3 1 0 3 3 1 2 5 0 6 1 3 1 2 2 2 1 2 0 1 5 5 0 1 2 2 5 0 3 1 2 2 3 3 1 4 2 1 3 1 0 3 2 1 2 3 0 2 1 2 6 2 2 0 4 1 1 4 3 0 3 1 2 1 1 2 2 1 2 2 4 4 0 2 4 2 5 4 1 1 2 1 2 0 1 2 2 5 2 4 2 1 2 2 4 1 0 2 1 2 1 2 1 0 0 2 5 0 1 1 3 2 1 2 2 2 2 2 1 7 1 1 2 2 4 3 1 4 3 1 1 0 4 2 1 4 0 3 4 0 1 4 6 3 2 2 2 2 4 3 1 1 2 2 3 1 1 2 3 2 1 2 5 2 1 1 2 2 1 1 2 2 2 2 1 0 2 0 3 1 3 1 1 1 2 2 1 1 1 1 2 0 2 1 5 3 3 2 2 2 1 0 3 2 0 1 3 2 3 2 3 0 0 1 1 3 4 3 3 2 2 3 3 0 0 2 2 0 6 2 1 1 1 2 2 1 1 1 0 1 3 0 1 2 3 2 1 0 1 2 2 1 4 0 1 4 1 3 2 0 1 4 1 2 2 4 2 1 1 4 2 2 4 1 1 0 3 1 2 2 0 5 2 3 4 2 0 0 3 4 2 1 1 3 1 2 2 1 4 1 1 3 0 0 2 4 1 1 2 0 0 2 3 2 4 1 2 4 5 2 1 1 0 1 1 5 1 6 1 2 1 2 4 1 3 3 2 2 2 2 2 1 2 2 3 1 1 0 3 2 2 2 3 0 3 3 2 2 1 5 0 1 3 2 2 0 0 2 4 1 2 2 2 1 3 1 3 0 2 3 2 2 2 1 0 1 2 4 1 1 4 5 1 3 2 1 3 4 4 0 2 3 0 1 2 2 0 4 1 2 2 1 1 2 4 3 1 0 5 2 3 0 2 5 1 0 2 3 1 3 1 7 2 0 3 3 1 3 0 0 1 2 3 3 3 3 3 1 2 1 1 2 3 0 2 2 5 1 1 1 2 5 1 1 3 1 0 0 1 1 3 2 0 4 1 2 0 3 3 2 3 0 5 4 1 3 5 1 1 2 3 2 4 2 2 0 1 3 4 2 3 0 2 1 2 2 1 2 3 2 5 1 1 4 1 2 2 1 3 2 3 2 1 3 1 2 2 2 1 4 2 4 2 2 5 2 4 1 1 2 1 1 1 1 2 3 0 3 4 2 2 2 4 0 2 0 0 3 1 1 2 2 4 2 0 1 1 3 1 3 3 3 1 1 1 0 1 0 4 2 4 5 2 2 0 1 3 2 2 0 1 0 4 2 2 2 3 0 1 4 2 3 3 3 0 3 1 1 1 2 1 2 2 0 3 2 5 4 4 3 2 0 2 1 1 3 1 0 2 1 1 2 3 6 0 0 1 2 3 3 2 4 3 2 1 0 0 3 2 2 1 2 3 2 1 2 2 2 3 0 4 3 1 1 5 1 0 2 3 1 1 2 0 2 5 1 3 5 2 2 3 1 1 1 2 5 7 2 0 2 2 0 1 4 0 3 1 2 1 4 2 1 1 1 1 3 1 2 3 0 4 1 2 3 6 1 2 4 1 1 2 1 4 4 0 5 4 4 2 3 3 0 2 1 1 1 2 0 2 2 2 5 1 4 2 0 1 2 2 1 2 3 2 5 2 2 2 1 0 1 2 3 1 6 3 1 3 4 0 0 2 1 1 1 2 5 1 3 0 2 1 0 2 1 2 3 2 2 1 0 3 2 2 2 3 1 1 1 3 1 1 2 2 1 2 1 2 1 2 5 1 2 2 3 3 1 2 3 4 3 0 0 3 0 1 2 0 2 2 3 1 3 2 1 1 4 1 3 2 2 4 2 2 1 2 4 2 2 3 3 0 3 2 2 3 1 2 2 2 1 3 2 1 0 4 5 3 1 3 0 0 5 1 0 3 7 2 2 2 2 1 1 4 0 2 2 1 2 4 1 3 0 2 2 1 6 2 3 4 1 2 3 2 2 3 0 2 1 4 4 1 3 1 2 1 1 1 5 1 3 4 4 0 2 4 2 3 5 2 6 0 0 4 3 1 1 1 1 1 1 3 4 2 0 3 4 2 3 0 0 1 3 3 3 1 2 0 0 0 2 3 2 1 2 2 1 2 2 5 2 2 1 3 1 4 4 5 3 1 3 2 2 2 0 4 2 3 0 1 2 5 0 2 4 1 1 2 1 4 2 3 0 3 1 2 0 1 4 0 3 2 2 0 1 4 6 1 1 4 2 3 1 2 5 4 3 0 4 1 3 2 4 3 0 3 0 0 4 3 2 2 1 2 3 4 3 1 2 2 2 2 1 2 3 1 1 2 1 1 3 2 1 2 1 1 4 2 4 2 0 1 1 4 2 1 1 5 5 0 1 3 1 2 1 2 1 0 3 0 2 1 5 2 1 2 1 2 2 0 3 1 2 3 1 1 1 2 1 2 3 1 2 0 3 3 0 5 2 0 1 2 2 1 3 2 1 5 3 2 2 2 2 0 0 3 0 2 2 1 3 2 2 5 4 1 2 1 1 1 2 1 3 0 4 4 2 0 2 2 1 3 0 2 4 0 1 2 0 3 3 3 1 1 2 3 1 1 4 5 0 4 1 1 2 0 4 3 3 2 1 5 3 1 0 0 0 4 1 5 2 3 1 0 1 3 0 0 1 4 1 3 3 7 2 1 2 2 3 2 2 3 1 3 2 2 2 2 1 6 0 2 0 1 0 4 2 3 4 4 0 2 3 3 1 3 0 0 1 2 1 4 0 0 1 1 2 1 2 3 2 2 0 4 1 3 2 3 2 3 3 2 2 0 2 2 3 1 1 2 0 3 4 2 3 4 5 1 1 4 2 1 3 6 3 3 6 2 0 2 1 1 1 3 1 4 3 0 4 4 1 1 4 2 0 2 1 0 2 4 1 3 4 2 0 3 4 2 2 3 1 2 2 1 1 3 1 1 4 3 1 0 2 2 2 4 0 2 0 4 1 4 1 1 4 1 3 1 2 2 2 1 0 1 0 2 2 4 5 1 0 2 4 2 0 1 1 2 0 3 3 4 1 1 2 1 2 1 0 1 4 3 3 3 4 1 1 2 1 1 3 2 0 3 2 1 3 2 3 3 0 4 3 3 1 3 1 1 0 3 3 3 2 1 2 2 3 1 2 4 2 4 1 1 3 2 5 1 1 1 0 3 1 4 3 3 2 1 3 2 1 1 3 1 4 2 7 2 3 1 0 0 1 1 3 3 4 2 4 3 0 0 2 3 1 1 1 0 4 2 2 2 1 4 2 4 6 2 2 1 2 5 3 1 2 0 3 1 1 2 2 2 1 3 0 2 3 1 0 3 3 1 3 2 1 0 3 0 3 4 0 1 1 0 4 1 0 4 4 1 4 1 0 2 1 1 3 0 4 1 2 0 1 6 1 3 1 1 3 1 2 1 2 3 2 1 2 1 2 3 1 2 1 3 2 1 0 5 4 1 2 3 1 2 2 2 3 1 4 2 0 0 1 2 2 1 0 1 2 3 3 1 2 3 1 2 4 3 1 0 1 2 3 4 4 3 2 4 1 0 3 0 5 3 2 3 1 4 1 1 2 1 3 2 1 3 3 1 2 1 4 0 1 2 2 1 0 0 3 1 3 6 2 2 0 1 2 2 1 2 1 0 3 1 2 0 1 1 1 7 1 2 2 2 2 2 5 2 3 0 3 2 2 2 1 1 4 2 2 1 1 1 0 3 4 4 3 3 2 1 3 1 1 1 3 1 4 4 3 1 3 5 2 3 1 5 2 0 2 1 2 3 3 2 3 0 2 1 3 2 5 1 2 4 0 3 0 4 0 2 0 3 2 4 2 3 1 4 1 1 0 2 1 0 2 3 2 1 1 2 1 1 1 3 1 1 3 2 2 1 2 0 4 3 0 2 3 1 1 2 0 1 1 0 1 1 5 1 4 0 1 3 1 1 3 1 1 2 4 5 2 1 2 3 1 2 1 2 1 2 1 3 2 0 2 1 0 0 3 3 2 1 3 0 4 5 0 1 2 3 1 1 2 2 0 3 3 2 1 0 1 1 3 1 0 3 4 3 1 3 3 2 4 1 1 3 2 2 1 2 0 5 1 0 2 4 4 0 1 1 1 3 1 4 3 4 2 3 1 3 2 3 2 1 2 1 2 1 1 6 6 1 1 1 0 2 1 3 0 4 3 1 1 2 1 1 1 2 1 1 0 2 1 2 5 1 2 3 0 2 5 0 2 1 2 1 3 2 1 2 2 3 4 0 3 1 0 4 2 3 3 1 1 2 6 1 1 3 3 0 6 1 1 1 0 0 3 1 5 0 2 2 4 3 1 2 4 1 1 1 1 2 1 2 2 4 4 1 3 2 1 1 1 0 1 3 1 1 3 3 1 5 1 2 1 1 1 0 2 3 4 2 1 2 2 2 3 4 1 1 4 2 2 0 2 5 5 1 2 3 1 0 2 0 2 0 1 4 4 1 1 3 3 0 4 4 3 1 2 1 2 2 3 5 3 4 1 2 2 0 2 3 0 0 1 2 1 1 3 6 3 1 2 3 3 2 2 0 1 1 2 1 2 0 3 2 4 3 0 1 3 0 3 6 2 2 3 1 1 4 1 1 2 1 3 2 5 1 1 1 1 0 2 1 0 1 0 1 2 1 0 3 1 0 3 2 2 2 2 2 1 1 1 2 0 1 2 3 1 1 4 2 2 1 2 0 3 4 0 1 1 2 0 2 4 2 1 2 1 2 3 4 1 1 4 2 1 1 0 1 1 2 0 4 2 0 0 2 1 1 1 4 3 0 4 1 3 1 1 2 0 0 2 1 3 3 1 0 3 0 1 2 1 2 2 0 3 2 1 0 2 2 3 1 0 0 1 2 0 4 1 4 0 4 2 2 2 2 0 1 1 3 2 5 1 2 0 4 3 2 2 2 2 1 2 2 1 2 3 1 2 3 1 2 3 1 0 3 2 3 2 0 2 2 2 3 4 1 1 3 1 1 3 0 4 3 2 1 1 0 1 2 3 2 1 0 2 1 2 1 1 3 0 7 1 2 2 1 0 1 0 3 1 2 2 2 3 1 2 1 1 0 1 1 2 4 4 2 1 1 0 1 2 2 1 2 2 2 0 6 0 4 1 1 4 1 2 3 1 2 3 0 0 5 1 0 3 2 3 0 3 3 1 1 3 3 0 2 2 1 4 2 2 2 0 4 1 2 2 2 2 3 1 1 3 0 1 2 1 5 3 1 2 1 5 2 0 0 1 2 3 1 2 1 0 0 1 3 1 1 2 2 2 1 1 4 1 0 1 1 2 2 2 3 3 1 2 2 3 0 2 4 1 0 2 3 5 0 2 4 1 3 4 5 4 1 4 1 4 1 1 0 1 2 2 4 0 4 4 1 1 1 2 0 0 1 4 2 2 0 2 1 3 2 4 3 4 4 5 0 0 0 0 0 1 3 6 1 2 0 0 1 2 4 2 1 0 1 0 0 1 3 3 1 1 0 1 2 2 0 3 1 2 1 1 3 4 2 1 1 3 1 3 1 0 1 0 0 1 1 1 3 3 2 3 4 0 1 1 3 1 3 0 4 1 4 3 1 2 5 0 3 0 1 3 0 0 1 3 2 2 2 2 1 3 3 4 1 1 0 2 2 2 1 5 3 0 2 0 0 2 1 2 0 4 2 0 3 0 2 3 1 3 2 2 1 1 2 3 1 2 1 4 1 2 2 1 0 6 0 1 2 4 1 3 2 1 0 0 5 2 0 1 1 1 1 3 2 3 2 5 0 3 3 3 3 1 2 3 0 3 1 2 2 4 3 3 0 2 2 1 3 5 0 3 1 3 0 1 2 2 1 2 0 5 0 2 2 1 0 0 2 2 2 3 1 0 2 2 3 1 2 3 2 1 1 3 4 2 2 1 2 0 2 0 2 3 2 5 3 3 2 1 2 1 3 1 3 2 3 2 2 2 3 1 2 0 0 3 0 0 3 3 1 6 3 1 0 2 1 1 4 1 3 3 1 2 3 1 2 3 3 1 3 3 1 1 3 1 2 1 1 0 2 5 0 0 8 2 2 3 1 0 1 1 2 3 5 0 5 0 1 2 2 0 1 2 5 2 2 3 0 1 1 3 1 2 0 3 3 0 5 2 1 1 1 1 3 4 3 2 2 3 2 0 1 1 3 3 6 4 0 0 2 0 0 0 2 0 1 5 3 1 0 2 4 4 2 1 2 2 2 5 1 1 3 1 3 1 2 1 2 0 0 0 2 1 4 0 5 3 1 1 1 3 2 3 2 3 1 5 1 4 1 0 3 3 2 2 2 2 0 4 1 2 3 0 1 2 3 4 4 2 1 2 1 0 1 1 3 0 1 0 1 1 1 3 1 1 2 2 5 1 2 2 0 4 0 0 0 2 2 3 1 1 3 1 2 4 1 4 2 5 0 1 3 3 0 4 2 1 0 3 2 2 0 1 1 2 4 2 1 4 1 1 1 3 1 3 1 2 2 0 2 3 2 4 4 1 4 3 2 0 2 4 2 3 1 0 4 3 2 5 2 4 3 3 3 0 4 2 3 6 2 0 4 2 0 3 2 1 0 1 3 0 4 2 0 1 4 0 3 2 3 3 3 1 1 1 0 3 2 2 2 0 0 2 0 4 3 2 1 2 2 0 3 0 3 0 5 1 0 5 4 1 2 1 4 1 1 3 4 0 3 1 3 1 0 3 0 1 0 3 2 2 2 2 1 2 1 3 1 4 1 3 1 3 3 2 2 4 0 3 1 2 3 1 1 1 3 5 1 4 1 2 0 5 0 1 0 0 2 3 3 2 4 2 5 1 1 1 7 3 0 0 0 2 0 0 2 4 5 1 3 1 1 6 1 1 3 2 0 5 1 3 4 1 4 1 3 0 2 1 0 3 3 4 1 2 0 1 4 2 3 0 2 3 4 3 0 2 2 1 3 0 0 0 0 3 1 2 2 2 5 0 2 2 3 1 1 4 2 2 1 1 2 1 2 5 3 2 1 1 3 1 4 4 4 2 6 2 3 1 1 3 1 1 2 1 3 3 3 2 2 0 3 2 3 3 1 1 1 2 2 2 1 0 4 0 6 2 3 2 3 0 1 1 7 1 4 2 6 2 0 0 1 0 3 4 2 2 1 3 2 0 3 3 2 3 5 1 1 1 3 1 4 1 1 3 4 3 1 1 1 1 3 1 3 3 3 2 4 1 1 1 0 2 1 3 2 0 2 2 2 4 1 2 2 1 4 3 0 2 3 2 2 1 3 0 2 1 2 6 2 2 3 0 3 1 1 2 1 0 1 0 0 1 5 4 3 3 0 0 0 3 2 4 3 2 2 5 0 3 1 0 0 4 2 3 2 2 1 0 2 2 1 1 1 2 3 1 0 2 2 2 0 1 1 3 4 1 1 1 3 0 0 2 5 1 2 0 3 1 3 0 2 1 4 1 2 0 3 2 2 3 2 3 3 3 2 3 1 1 1 0 1 3 3 1 2 1 2 5 0 1 1 1 2 1 4 0 2 2 3 2 1 1 2 2 2 1 1 2 1 3 0 3 1 1 2 0 2 2 1 3 6 3 4 2 1 4 2 2 1 1 0 2 1 1 2 2 2 3 2 1 3 1 0 1 3 0 3 2 2 1 0 4 2 2 7 1 2 1 1 2 0 1 4 0 2 1 4 2 1 2 2 1 0 2 1 0 2 1 4 2 0 3 3 3 2 1 5 6 1 4 2 1 0 2 1 2 3 3 1 1 0 3 2 2 1 1 4 3 2 2 2 0 0 2 1 4 3 2 0 2 0 5 2 2 3 2 3 3 2 1 0 3 1 4 1 2 4 2 0 2 3 1 1 1 0 2 3 2 4 1 2 3 3 3 1 2 1 1 2 0 3 0 0 4 8 3 0 2 4 0 0 2 0 2 4 0 2 0 1 2 3 2 3 2 1 2 3 2 1 0 2 2 2 3 1 3 1 5 1 0 5 1 3 2 3 1 5 3 2 2 0 1 2 2 1 2 0 2 4 2 2 2 1 5 5 1 1 2 1 1 0 2 0 3 5 1 1 2 1 2 1 4 1 1 1 2 2 3 5 2 1 0 3 1 4 3 2 3 0 0 2 0 5 3 0 4 0 2 3 1 2 2 2 0 0 0 4 3 3 4 1 0 0 1 1 1 2 1 2 2 3 3 1 1 3 1 1 2 1 1 1 3 1 2 2 1 1 3 2 1 2 1 1 1 0 2 0 1 2 1 2 2 3 3 4 1 1 3 1 2 3 2 1 3 1 0 2 4 1 3 4 0 3 3 3 2 3 1 3 1 1 2 2 1 1 0 1 1 3 4 2 1 3 1 1 2 3 2 0 3 1 5 2 3 0 4 0 1 1 3 6 3 0 1 1 3 2 2 0 0 5 2 2 2 1 2 3 2 3 3 0 4 2 0 1 3 4 1 0 0 3 2 6 2 3 0 1 2 2 2 1 0 2 1 2 4 0 1 0 3 1 0 2 7 2 0 3 6 1 2 0 0 1 0 0 2 1 5 4 2 2 1 0 1 1 5 2 2 2 2 0 5 3 0 4 4 1 1 1 3 1 3 1 4 0 2 2 0 1 2 0 3 2 2 1 2 0 3 4 1 2 1 1 0 2 5 4 2 4 2 0 1 3 6 3 2 1 2 3 2 1 4 1 3 2 2 2 2 2 1 2 0 3 2 3 1 1 1 1 5 1 3 2 1 1 0 4 1 2 3 2 1 2 3 0 2 2 1 1 6 2 2 0 1 3 3 1 1 3 1 5 1 3 2 1 2 3 2 3 2 0 2 3 4 0 2 1 3 6 2 3 0 2 2 1 1 1 3 2 4 4 1 2 3 1 1 5 3 3 1 2 2 4 1 3 2 2 3 2 1 1 2 2 4 2 1 1 2 2 1 2 2 5 1 1 2 0 2 5 3 5 2 3 3 1 4 3 1 1 1 1 4 4 6 1 0 1 3 3 2 2 1 1 3 1 0 2 2 0 4 1 0 1 3 2 2 4 2 2 2 1 3 3 2 0 3 0 2 3 1 3 4 3 0 2 2 1 1 0 1 4 0 1 2 4 3 2 0 3 3 1 2 2 1 3 2 2 1 1 3 3 0 1 1 5 4 1 1 1 1 0 1 2 2 4 1 3 1 1 2 2 4 1 1 1 0 4 3 2 3 3 5 3 0 1 3 1 1 1 0 1 3 3 0 0 1 3 5 0 1 3 2 3 3 2 1 3 2 5 2 1 1 2 1 2 1 1 0 2 4 3 2 1 0 6 2 0 1 1 1 5 2 2 1 1 3 1 3 0 1 3 3 3 0 1 3 1 0 1 2 2 4 4 1 4 3 1 1 1 2 1 3 6 1 1 4 4 3 1 3 3 0 2 1 0 3 4 3 3 2 1 2 0 5 0 2 4 5 5 0 1 3 2 2 2 0 3 1 1 1 1 3 1 2 4 1 5 0 1 1 2 2 1 3 3 2 0 0 4 1 2 4 0 2 2 1 2 0 3 1 1 1 1 1 3 0 4 2 0 5 3 1 4 4 0 1 3 0 2 1 0 0 5 5 0 1 5 2 1 2 2 3 1 2 3 4 0 0 1 1 2 5 2 1 2 3 3 1 1 4 1 3 2 2 1 0 2 2 1 0 3 3 2 1 4 1 2 1 0 1 0 4 3 3 2 2 4 2 0 3 1 3 0 1 1 1 3 1 0 1 2 5 4 3 4 1 2 3 1 4 2 2 1 1 0 2 4 8 4 0 1 1 2 3 1 6 1 1 0 2 4 1 3 1 1 0 4 1 1 1 2 1 2 0 4 2 4 3 1 2 2 0 1 0 2 1 5 0 3 2 2 2 4 1 1 3 1 0 2 1 0 4 1 2 2 1 2 5 4 3 1 1 1 4 0 3 4 0 1 1 5 2 1 0 0 3 2 1 6 2 1 3 2 0 1 0 4 2 5 1 3 2 3 2 2 1 1 5 3 2 2 3 1 1 3 1 1 5 1 0 0 2 2 4 6 5 2 1 2 3 2 2 2 0 2 1 2 0 3 2 3 0 1 4 2 2 3 2 3 1 2 1 2 3 4 0 1 0 2 2 3 3 0 1 1 3 1 4 2 2 3 2 2 4 2 1 0 2 1 1 2 3 2 2 2 1 3 2 3 2 1 1 2 2 2 2 4 4 1 3 0 1 2 3 3 3 1 1 2 4 5 1 4 3 1 1 2 3 2 1 0 2 1 4 2 4 1 0 3 2 3 2 2 2 4 2 0 0 2 1 3 0 1 3 4 1 1 2 0 3 2 1 4 1 2 1 4 4 2 3 0 1 2 3 1 0 1 0 3 0 0 3 6 1 3 0 2 0 1 2 4 3 2 2 1 1 1 2 2 3 1 3 1 1 2 5 1 3 2 0 1 2 1 3 3 5 1 4 0 2 3 0 2 1 0 1 4 2 2 1 1 0 2 2 3 3 1 2 0 3 2 2 1 2 2 3 4 1 4 2 1 2 0 1 1 3 1 2 0 2 0 3 1 0 4 4 2 2 0 2 2 1 2 1 1 2 2 3 2 4 0 0 2 3 0 0 1 2 3 1 2 2 2 1 2 4 2 1 3 1 1 3 2 2 5 1 1 3 1 4 2 3 2 3 3 3 2 2 2 0 1 1 2 1 3 2 4 3 1 1 2 0 2 3 3 3 2 1 2 2 2 2 1 1 2 3 3 1 3 2 2 2 1 4 3 4 1 2 3 6 4 4 3 3 0 0 1 3 0 2 2 3 0 1 6 2 2 0 4 4 5 1 0 2 8 2 0 4 0 4 1 2 0 2 0 1 2 4 4 1 2 2 1 3 2 3 1 1 0 2 0 4 1 5 0 3 2 1 1 4 1 1 1 2 2 2 2 4 1 2 2 1 2 4 0 3 3 1 2 1 1 4 4 1 5 6 2 1 1 1 1 1 0 5 1 4 2 1 2 1 1 2 3 2 2 4 5 2 0 2 2 0 2 1 3 3 1 2 2 4 3 0 0 2 1 3 3 1 1 3 1 3 4 1 4 0 1 1 1 1 1 3 4 0 1 1 4 0 2 1 2 2 1 3 2 0 2 0 0 4 2 0 1 3 1 3 1 2 0 3 3 2 4 0 3 3 2 0 0 2 2 1 5 2 2 4 3 3 1 1 6 0 2 1 2 2 3 3 2 0 3 1 1 2 2 5 1 1 2 2 1 0 4 0 2 1 4 2 1 2 2 1 2 3 3 2 0 1 2 3 2 0 1 1 4 2 3 2 2 1 1 0 0 3 2 4 2 5 2 1 2 2 1 5 1 1 3 3 3 1 0 1 0 0 2 1 1 2 2 3 1 3 2 0 2 2 1 1 2 5 2 4 0 2 6 3 1 1 1 1 3 0 2 2 1 4 0 3 2 3 1 0 1 2 3 0 0 4 4 0 2 3 3 1 0 3 4 1 4 0 3 2 3 4 3 0 4 3 1 1 0 1 3 1 1 2 2 3 3 3 3 2 2 3 2 2 2 0 2 3 1 3 1 1 2 1 0 0 3 2 2 1 0 4 3 1 6 1 1 4 2 1 2 2 0 4 0 1 2 2 2 4 2 2 1 0 2 4 2 1 1 3 3 6 3 1 1 1 1 3 1 1 0 2 1 4 1 1 3 1 1 2 3 2 3 3 0 2 1 3 1 2 0 0 3 3 5 1 4 3 1 0 0 0 2 1 3 1 1 3 2 2 6 2 2 2 5 2 1 3 2 1 4 4 6 2 1 1 1 4 0 0 0 1 1 2 3 2 2 2 2 2 3 1 4 2 2 0 2 2 0 0 4 1 3 2 3 3 2 5 1 0 3 2 3 3 1 3 4 2 1 1 2 1 5 2 2 0 1 1 3 3 2 2 1 2 3 5 1 0 2 0 6 0 0 0 1 3 2 2 3 4 2 0 1 1 2 1 0 3 2 4 1 2 2 4 0 3 0 1 1 1 3 4 0 3 2 1 0 6 1 2 2 2 1 2 1 2 1 2 0 2 6 1 3 2 4 4 1 1 2 1 4 0 4 4 1 4 2 0 3 1 2 2 1 4 1 2 0 3 1 0 2 0 3 3 3 0 2 3 1 2 4 3 2 1 2 2 1 1 2 2 0 3 3 4 3 0 3 1 1 1 1 1 4 1 3 2 2 3 0 4 2 2 3 0 1 4 1 3 4 3 2 1 0 0 3 1 2 3 1 3 1 4 2 2 0 1 3 1 2 0 2 3 1 2 1 4 1 2 0 1 3 3 1 5 2 0 4 0 4 2 0 3 1 4 1 2 3 2 1 0 1 5 2 0 5 3 1 4 0 1 0 1 2 3 3 0 4 1 1 4 0 2 1 2 4 2 4 3 2 1 1 3 2 1 1 4 2 5 1 4 5 1 1 3 0 4 3 3 4 3 2 0 2 2 1 0 0 4 2 2 0 3 2 6 3 2 0 2 2 4 1 0 3 1 1 2 1 3 2 1 3 2 0 0 0 3 2 3 0 2 3 4 2 5 1 0 3 2 3 3 1 1 1 4 2 2 4 0 0 1 1 0 4 2 2 1 2 2 1 0 3 1 1 4 4 2 2 0 3 3 4 0 2 1 0 5 3 4 1 1 3 2 0 1 2 1 2 3 1 1 2 3 0 2 1 1 3 2 3 3 1 2 0 2 1 2 5 2 1 3 3 2 3 3 0 1 2 2 7 3 2 2 2 1 3 1 0 1 4 1 4 1 1 3 2 2 2 6 1 3 2 3 1 1 2 0 6 0 2 2 5 0 3 3 1 2 2 6 3 1 1 0 2 1 1 3 3 2 5 1 1 0 3 4 2 2 0 2 1 1 2 6 2 2 1 3 3 1 2 0 2 1 1 2 5 1 2 1 2 2 1 0 5 1 2 3 1 2 3 2 3 1 1 2 3 2 1 1 3 1 1 1 3 3 1 3 3 2 1 2 2 3 3 1 0 4 1 0 2 3 3 8 0 2 1 1 0 6 2 3 2 2 1 0 3 1 3 1 2 3 1 1 1 1 2 1 4 2 0 3 4 2 2 0 2 2 0 2 3 0 4 1 3 2 1 2 1 2 1 1 1 1 2 1 2 2 2 4 4 2 1 2 4 3 0 2 1 2 2 1 4 1 1 2 1 0 1 1 2 2 3 3 2 1 2 2 0 1 1 1 1 2 3 0 0 3 3 3 2 0 0 2 2 1 1 5 2 2 2 1 5 3 0 2 0 1 1 2 0 5 1 1 3 1 1 2 2 4 1 0 2 0 3 4 3 3 2 0 3 3 1 1 1 0 5 1 1 1 2 1 5 3 1 3 1 4 2 1 2 0 2 2 0 3 3 2 1 2 2 2 4 2 1 0 1 4 3 5 2 0 4 1 1 3 6 0 4 1 3 5 4 0 4 1 2 1 2 3 2 3 2 1 3 3 1 0 1 3 3 0 1 1 5 4 2 3 2 0 2 1 4 3 5 1 3 2 0 1 2 4 1 2 1 1 4 1 2 3 2 2 3 1 1 1 1 2 1 3 2 1 1 2 1 0 1 3 1 0 0 3 0 3 1 2 3 5 1 2 2 2 1 2 2 1 2 3 0 5 3 0 4 0 3 3 3 2 2 2 3 1 3 2 2 1 2 1 0 3 2 1 1 1 1 4 3 0 5 2 0 1 2 1 1 0 5 4 0 4 2 3 2 0 4 3 1 0 2 1 4 2 1 5 1 0 0 3 1 1 3 1 3 1 1 3 3 1 2 1 0 1 2 2 2 2 4 1 0 2 2 1 1 3 1 3 3 1 2 4 1 2 3 2 4 3 1 4 1 1 1 1 1 3 0 2 2 1 2 2 1 1 1 1 1 2 1 0 2 1 0 4 3 1 6 2 1 1 1 1 2 0 1 1 2 1 4 4 2 4 0 1 2 1 2 2 1 1 4 3 3 0 2 5 0 0 2 2 2 0 3 1 0 2 1 2 0 3 1 1 3 1 2 2 2 0 1 2 2 3 2 1 4 4 1 1 2 3 1 2 0 2 5 1 6 2 0 1 2 3 1 3 4 1 2 2 1 2 3 1 2 7 3 1 3 3 2 0 4 0 0 1 4 3 2 2 1 1 1 2 2 2 2 3 3 5 1 0 3 3 3 2 3 3 0 3 3 1 2 0 2 1 1 1 1 0 3 3 2 1 2 1 1 3 5 0 2 1 3 1 1 1 4 5 1 2 0 2 3 2 1 1 2 1 2 2 0 5 1 4 1 1 3 1 1 3 3 1 2 3 2 2 1 1 1 1 3 1 1 1 5 0 2 2 1 2 1 1 0 1 0 2 3 2 2 1 1 4 2 3 2 0 3 1 1 1 1 4 1 2 1 1 1 2 3 3 1 2 2 3 1 1 1 2 3 0 1 1 3 4 0 3 4 1 2 2 2 2 1 2 3 1 2 0 1 2 2 2 1 2 3 0 3 2 1 2 2 2 3 2 2 5 1 2 3 1 2 3 0 2 0 3 3 3 1 0 5 2 3 1 2 3 1 1 3 2 0 2 3 3 1 0 0 2 2 2 2 2 2 1 5 1 4 1 1 6 0 2 2 2 5 1 1 3 3 2 2 0 1 2 2 2 3 2 1 2 1 3 5 0 3 1 3 2 3 3 3 0 1 5 0 0 0 3 1 1 3 0 2 0 2 4 1 3 2 0 5 3 2 4 1 1 2 5 2 1 1 6 0 4 2 2 1 2 3 2 2 4 1 1 0 2 2 2 2 6 2 1 2 2 3 3 2 3 1 3 0 1 1 2 2 2 3 5 1 2 4 4 1 0 0 1 3 1 3 4 2 3 2 5 1 4 1 0 1 1 0 2 2 2 2 1 1 2 6 1 0 4 3 1 1 2 2 0 0 1 3 2 2 1 0 0 4 1 4 5 0 2 1 3 1 2 2 1 2 4 2 1 3 2 1 1 2 3 5 2 4 3 0 2 1 1 1 2 0 3 1 2 2 1 2 7 4 1 4 4 1 0 2 1 0 1 1 3 0 3 3 1 3 1 1 3 2 1 1 1 3 2 0 4 3 0 0 1 2 4 5 1 1 2 2 1 1 3 3 2 2 4 0 4 2 1 2 0 3 1 0 5 2 3 0 1 3 3 1 3 0 3 0 1 3 0 2 2 2 1 3 7 2 2 0 1 1 1 2 1 0 3 4 0 1 2 2 0 0 1 1 1 1 1 2 2 1 0 1 3 2 3 3 1 1 2 1 2 1 2 2 1 1 2 2 1 3 2 3 7 1 1 0 3 0 0 2 3 1 2 1 1 2 3 0 4 3 2 1 0 2 1 4 3 1 2 3 2 3 2 4 0 3 3 2 1 2 2 2 0 5 2 1 2 5 2 4 0 1 1 2 1 2 2 1 4 2 0 2 4 2 5 2 4 0 0 1 2 2 2 2 2 2 2 0 1 0 1 7 1 2 2 4 0 2 2 4 7 2 2 4 2 0 4 2 3 0 2 2 2 1 3 0 2 4 3 0 1 1 1 1 3 0 3 2 0 0 2 3 1 0 1 1 3 2 2 3 0 1 2 0 1 2 0 3 3 0 2 4 4 3 0 1 1 2 0 3 2 2 2 2 1 3 3 2 5 3 4 1 3 2 0 2 2 1 1 0 3 3 0 2 0 3 0 4 3 2 2 1 1 0 2 1 4 1 2 1 4 1 2 2 1 7 1 1 1 2 3 2 0 2 1 2 2 3 4 2 5 1 1 1 1 3 1 2 2 3 3 3 0 3 0 2 1 4 0 4 3 2 1 2 2 3 1 2 0 2 3 2 1 1 2 1 2 1 4 2 4 3 2 2 0 2 1 1 1 2 1 2 1 1 3 2 0 1 1 0 2 2 2 2 5 1 0 1 2 1 0 1 1 0 3 3 2 1 2 2 2 0 6 3 1 3 3 1 3 2 2 1 0 4 5 3 2 1 4 2 3 2 3 0 1 4 1 2 2 1 4 2 2 2 1 2 3 1 1 1 4 0 1 2 2 1 0 5 0 3 1 2 4 0 1 2 1 3 1 5 4 0 2 1 2 1 2 1 2 1 3 2 1 1 2 0 3 6 2 0 1 1 3 4 1 4 0 3 1 1 1 1 1 0 2 1 1 3 2 6 1 2 3 1 3 0 2 3 0 6 3 3 2 2 1 1 2 2 2 3 1 3 4 3 3 2 1 0 2 4 2 2 0 1 3 1 2 3 1 0 0 1 2 3 3 2 1 1 1 1 6 2 3 3 0 2 0 1 2 0 6 8 1 0 2 2 1 1 1 3 2 1 0 4 3 4 4 1 0 2 1 4 2 6 2 2 3 2 1 0 1 1 2 1 1 1 0 3 0 4 3 3 1 0 4 3 4 2 0 3 0 0 6 2 3 1 2 1 2 2 0 6 2 1 1 1 5 2 2 3 2 1 0 0 5 3 0 1 0 6 2 1 3 3 0 5 2 6 3 2 1 1 2 1 1 1 1 1 2 2 1 4 3 4 1 3 0 2 1 1 2 2 2 2 2 2 1 4 2 1 1 3 2 2 2 2 1 1 1 2 2 0 6 2 2 3 0 0 3 1 2 1 1 6 2 2 0 4 1 4 6 0 2 0 4 0 3 2 2 2 0 2 2 0 1 6 2 0 2 3 2 2 0 2 2 6 3 2 3 0 1 3 2 4 1 3 0 2 5 0 3 1 3 2 0 2 0 2 1 1 3 2 4 2 2 0 0 2 0 3 2 6 3 2 0 2 1 2 0 1 3 3 1 3 3 0 2 3 3 0 0 3 3 2 3 1 1 1 6 1 3 2 2 2 2 1 2 1 1 2 0 2 1 1 2 2 1 3 3 2 0 1 1 1 0 1 2 4 3 3 1 1 2 2 1 1 1 0 3 1 1 3 3 2 4 2 0 0 2 3 5 2 3 2 3 0 3 2 1 1 4 4 1 4 1 0 4 1 2 2 5 1 0 2 0 1 2 4 2 0 4 3 2 1 0 2 0 1 2 1 1 2 0 1 1 2 2 2 2 2 1 0 1 3 1 2 1 1 0 1 3 2 4 1 1 2 4 2 1 1 1 1 4 1 1 0 0 1 4 0 4 0 3 1 3 1 1 1 3 3 2 0 0 2 2 4 2 1 1 0 2 5 1 6 3 5 2 2 0 3 3 1 1 3 1 2 1 2 3 2 1 5 5 4 2 1 0 0 1 1 4 4 4 3 1 1 2 2 6 1 2 1 1 0 0 1 1 1 0 0 3 3 3 2 2 3 2 1 2 2 3 3 0 3 2 1 2 2 0 2 2 1 3 4 3 2 1 0 0 1 3 2 3 5 0 1 3 1 1 1 2 0 1 3 2 4 4 0 2 0 1 4 3 0 3 0 2 4 1 1 2 2 2 2 3 2 0 3 0 5 2 0 2 2 5 1 4 4 3 2 1 2 1 2 0 6 3 1 1 1 4 2 2 2 1 2 1 4 2 1 2 1 4 1 4 2 2 1 3 1 4 0 3 1 0 1 4 2 4 1 2 0 2 0 1 2 1 1 3 2 4 5 3 0 3 2 1 2 5 0 2 1 3 0 2 2 4 3 2 2 1 3 2 3 3 1 4 5 2 3 0 0 1 3 3 4 1 2 2 3 4 2 2 1 2 1 3 3 2 1 2 3 3 2 2 3 3 4 1 3 1 0 0 4 2 3 3 2 1 1 3 2 0 0 3 3 3 2 0 2 2 2 1 1 0 2 0 0 1 4 6 2 3 2 2 1 0 4 2 1 3 0 1 1 3 2 1 1 0 0 3 1 5 2 2 0 1 0 5 3 1 2 2 3 1 2 1 1 2 3 2 3 4 2 4 0 5 3 2 2 3 1 1 2 2 0 1 5 4 2 0 0 3 3 2 3 1 3 1 2 3 3 2 2 4 3 0 2 1 4 1 3 5 1 0 1 4 0 0 0 3 2 4 2 2 1 4 1 1 1 1 3 2 2 2 0 3 4 0 2 4 2 0 3 2 1 2 1 4 1 1 3 4 2 2 1 2 2 1 0 1 3 3 5 1 1 3 1 5 1 4 2 1 4 2 3 1 0 2 1 0 4 1 1 3 6 4 5 1 1 4 4 3 0 1 0 1 1 2 0 1 1 2 0 0 1 2 3 0 3 4 0 4 1 2 2 0 5 0 1 2 4 1 1 3 4 2 1 1 4 1 1 2 1 3 1 3 1 4 0 1 0 3 4 1 2 1 0 0 4 3 4 1 0 3 2 1 2 2 1 1 3 3 3 2 2 1 4 1 2 5 2 1 0 2 3 3 3 1 0 3 2 1 5 3 1 4 1 4 0 0 2 3 2 1 0 2 1 1 2 2 2 6 1 0 2 1 0 2 1 4 3 2 2 3 2 1 1 2 3 2 2 1 2 2 1 5 2 2 2 2 2 0 2 2 1 1 0 3 1 1 1 2 4 2 1 2 4 5 3 2 1 3 2 2 2 2 0 3 1 4 1 1 0 1 2 2 3 1 2 3 5 2 3 0 1 2 1 4 3 0 1 0 1 3 4 3 0 1 0 4 4 2 0 2 0 3 1 1 2 0 2 5 3 0 3 2 2 4 1 2 1 1 1 1 2 2 6 1 3 1 1 1 1 2 1 1 4 1 2 0 1 1 1 1 1 3 3 0 1 3 3 2 0 5 1 0 0 1 1 2 4 3 1 2 3 3 0 1 2 0 2 1 5 1 0 1 1 4 2 2 1 1 2 3 1 2 0 4 1 0 0 0 3 2 3 1 4 1 2 3 4 4 1 1 2 2 2 3 2 3 0 0 2 2 2 0 5 0 2 0 3 0 1 3 1 0 2 2 1 5 1 2 2 0 1 2 1 0 1 1 2 3 4 2 1 3 1 3 0 3 5 4 0 1 2 2 2 1 4 3 4 2 1 2 0 2 2 4 1 3 1 4 1 3 3 2 1 0 2 3 2 3 1 1 4 2 3 1 0 2 4 1 3 0 4 1 2 4 2 0 0 4 2 3 2 5 0 2 4 1 1 2 1 5 3 1 1 0 3 1 1 1 2 1 2 4 3 0 3 1 6 2 0 1 3 5 4 1 2 1 2 1 2 4 1 2 3 1 0 2 0 5 1 3 1 2 1 2 2 2 2 0 0 3 3 0 3 3 3 4 4 2 4 0 2 2 2 2 3 1 1 3 3 4 1 0 1 3 4 4 4 1 1 1 0 2 1 1 1 1 1 3 3 1 4 3 4 0 2 0 0 4 1 1 2 2 2 2 1 2 1 0 1 2 1 1 2 3 1 3 1 1 1 1 0 3 3 3 2 3 2 2 1 1 1 2 4 2 0 2 2 2 2 1 0 2 3 3 0 4 4 2 2 4 3 1 2 1 3 2 2 0 4 2 4 2 2 2 2 3 4 0 1 1 5 2 5 5 0 1 2 4 1 1 4 3 3 1 2 2 1 0 1 3 1 2 5 1 3 3 0 0 0 1 4 1 0 3 2 1 2 3 4 1 1 2 1 0 3 5 2 1 3 1 2 1 1 1 3 1 4 4 1 0 2 2 2 2 2 0 0 2 1 2 1 3 3 1 1 3 1 2 0 1 2 1 3 3 2 2 2 2 3 2 2 2 0 5 3 0 1 2 4 1 4 1 6 3 2 1 2 1 5 1 1 2 3 2 4 1 3 0 2 1 1 0 1 1 0 3 4 3 0 1 3 2 3 2 2 2 4 2 0 4 4 1 2 0 2 1 1 2 3 4 4 1 1 1 0 0 1 3 0 4 1 1 2 2 4 3 2 4 1 0 1 2 2 0 1 2 5 4 2 4 1 2 4 0 1 2 0 5 5 3 3 3 1 3 0 2 2 1 0 2 1 1 3 3 2 1 1 2 1 2 2 2 1 3 2 0 1 0 1 1 0 2 4 5 2 1 3 0 0 2 0 1 0 3 3 1 4 2 2 0 3 0 2 3 2 4 1 0 3 0 0 4 2 2 4 1 5 2 2 1 0 2 0 4 2 1 2 4 2 3 3 1 2 2 2 2 2 2 0 1 6 4 4 2 3 1 5 3 2 2 1 2 1 2 3 3 2 0 2 3 4 4 1 1 3 3 2 2 1 1 3 1 2 6 2 2 0 0 3 4 1 3 4 5 2 3 3 4 0 2 1 1 1 2 1 6 5 3 2 5 2 1 2 0 0 4 3 1 4 2 2 4 3 0 0 2 1 3 6 1 5 2 2 2 4 1 1 2 1 0 0 1 3 1 1 5 1 4 2 4 2 1 1 1 0 3 0 2 3 1 5 1 1 1 0 1 1 3 3 1 1 2 2 2 4 0 3 0 2 2 1 7 2 1 1 3 2 2 1 2 1 0 1 4 3 2 1 1 1 0 0 3 2 2 0 0 5 3 1 2 3 2 3 4 2 4 2 1 2 2 2 0 3 1 2 3 2 1 3 1 3 3 3 2 1 3 1 4 0 5 1 2 0 0 1 3 2 3 2 3 3 1 1 1 3 0 0 1 1 3 4 2 1 2 2 2 2 0 5 1 3 2 2 2 1 0 1 2 3 4 1 3 2 2 5 0 1 3 1 2 1 0 1 4 3 4 4 1 2 1 1 1 0 0 3 1 1 2 1 5 0 2 2 2 1 2 1 3 2 1 1 2 6 3 2 0 4 1 3 1 0 0 2 1 2 2 2 5 1 4 3 1 2 3 2 1 1 0 1 3 2 3 1 4 1 1 3 1 2 0 2 2 0 1 3 3 2 4 3 2 1 1 2 4 5 3 4 0 2 1 1 4 2 0 0 2 3 2 3 1 3 0 2 2 2 2 4 2 0 5 1 2 3 3 4 1 4 2 2 7 0 1 1 3 0 2 0 3 3 2 0 4 0 3 1 5 3 0 2 1 6 0 2 0 5 4 1 0 1 2 0 3 1 2 3 5 1 1 0 3 0 2 2 1 1 3 2 1 2 0 2 2 3 3 3 2 3 1 5 4 0 2 4 2 1 1 2 3 2 1 0 2 1 1 2 8 3 1 3 2 2 2 1 2 4 1 1 1 3 1 2 2 2 4 1 2 0 4 2 2 3 1 3 1 3 4 2 4 1 0 1 0 0 3 3 3 1 5 1 1 1 3 4 3 0 0 1 3 1 1 1 3 2 1 2 2 1 2 3 2 2 2 1 5 1 0 1 3 3 4 1 4 0 0 2 0 3 4 3 5 1 2 1 2 3 3 1 2 2 4 3 2 3 2 3 1 2 3 2 2 2 0 0 3 4 0 4 1 2 4 1 1 1 2 1 2 1 0 4 2 2 0 4 1 2 4 2 2 5 2 0 2 2 0 4 5 3 0 2 2 2 2 3 0 1 1 1 3 4 0 2 1 1 2 2 1 2 3 0 3 1 4 0 2 1 2 0 2 2 2 2 4 1 1 2 2 0 2 2 4 1 2 2 2 1 2 2 1 6 2 3 2 3 5 3 0 2 1 2 1 3 1 1 2 0 1 2 3 2 1 2 4 1 2 4 3 4 1 1 1 3 1 3 1 3 1 2 2 1 1 0 4 2 4 1 0 2 1 2 0 0 3 1 1 3 2 3 0 3 1 0 3 1 2 4 1 2 4 1 4 3 2 1 3 2 1 1 2 0 0 2 3 4 1 2 2 1 0 2 2 1 2 0 1 1 3 2 4 1 4 3 3 2 2 1 2 1 0 2 0 3 2 2 5 1 1 5 1 3 3 1 1 2 1 1 1 3 4 1 1 2 3 2 2 0 1 1 6 1 4 0 2 0 6 3 2 1 0 1 1 2 2 4 2 0 4 1 1 3 2 1 1 2 0 0 1 4 4 2 1 4 3 1 1 0 3 4 1 5 2 4 2 4 0 1 0 1 3 4 2 1 1 2 3 3 0 4 3 1 3 0 7 0 0 2 1 3 2 1 0 2 2 5 1 4 2 2 3 0 1 2 4 1 0 3 0 1 3 2 2 4 1 3 3 2 2 3 2 1 1 1 2 2 3 2 4 4 2 1 1 1 2 0 1 1 3 3 2 3 1 1 2 2 4 1 3 2 1 4 2 3 1 3 2 3 3 3 4 2 1 3 1 2 4 2 2 1 1 2 1 0 4 1 1 4 2 2 2 0 2 3 2 0 1 1 2 0 1 3 1 0 2 1 1 3 2 0 5 2 2 5 1 1 4 4 2 0 2 0 4 1 2 1 4 4 3 5 0 3 2 3 4 0 1 0 4 1 1 4 2 1 1 2 3 0 1 2 0 1 1 3 2 1 2 2 1 0 4 1 1 0 0 0 1 0 4 3 3 1 4 3 1 2 4 1 1 5 2 0 0 4 2 2 3 2 1 0 3 0 2 3 0 2 1 5 0 3 0 1 2 2 1 4 0 3 1 2 5 1 4 0 1 2 2 0 4 1 0 0 1 2 3 3 2 1 1 2 3 4 2 0 0 0 0 2 5 4 2 1 5 7 1 0 4 2 2 1 0 2 3 1 1 1 3 2 2 0 0 1 6 1 2 4 3 2 3 0 2 2 1 1 0 3 2 2 3 3 3 0 0 0 1 3 2 4 6 1 2 2 1 4 3 0 2 4 2 0 3 2 0 2 1 2 7 2 3 4 2 3 2 0 2 1 3 5 0 3 2 4 0 0 4 1 1 4 2 0 1 1 0 2 2 3 1 5 2 2 2 0 5 4 2 3 2 1 2 2 2 1 1 7 0 4 2 2 3 3 0 3 1 3 4 2 1 2 2 2 4 1 2 0 2 1 3 1 2 0 2 2 0 4 3 0 2 3 1 1 3 4 3 2 3 1 6 1 2 1 1 3 1 2 1 2 3 4 2 1 2 0 1 2 3 2 1 0 0 1 1 3 3 4 0 3 1 1 3 3 2 1 1 1 0 0 2 0 2 3 3 1 5 1 2 0 2 2 4 4 0 2 4 0 2 2 3 3 0 2 2 2 1 3 3 0 3 1 3 2 0 1 3 3 3 4 1 3 4 2 1 1 1 4 1 5 0 1 1 1 1 2 1 7 3 4 3 4 1 1 1 0 0 3 5 4 4 3 4 5 0 3 1 2 5 1 3 3 3 0 2 1 4 2 1 1 1 0 5 1 4 2 3 2 5 2 1 3 2 2 2 1 1 0 6 1 2 1 1 1 2 3 3 4 6 1 3 0 2 0 3 2 2 5 3 2 2 2 2 3 2 1 0 2 1 1 2 2 5 4 6 0 3 1 4 1 2 2 2 1 4 1 2 2 1 0 2 1 1 4 2 2 1 1 2 1 2 0 1 1 3 3 3 2 2 2 1 2 2 2 3 3 3 0 3 2 1 3 1 2 3 1 3 3 0 3 0 0 0 1 2 0 1 3 3 4 2 2 0 5 1 5 6 7 4 1 2 1 0 3 0 0 1 2 4 2 1 1 1 3 1 1 0 2 3 3 2 3 1 1 1 0 2 0 4 1 3 4 1 2 2 1 1 1 4 2 1 3 4 1 2 2 1 1 3 2 3 1 1 1 1 2 4 3 3 0 1 0 0 2 3 0 3 4 1 2 1 0 4 0 2 1 1 2 1 3 0 3 2 1 4 0 3 1 5 2 1 1 1 1 2 2 1 0 1 2 1 3 3 5 4 1 3 3 2 4 3 1 2 0 3 0 4 3 0 1 0 4 4 1 2 0 3 1 2 2 1 4 2 3 1 2 3 1 2 3 1 0 2 0 2 1 3 2 1 3 0 3 3 2 2 1 3 5 2 1 0 1 1 3 2 3 1 1 3 5 3 0 2 3 3 0 0 2 1 3 4 2 1 4 1 3 1 1 3 2 3 3 0 5 1 1 4 1 3 1 1 1 0 4 2 1 0 1 2 1 2 1 1 2 3 3 2 0 1 1 2 0 1 2 1 3 2 3 1 2 3 1 1 2 0 4 1 4 2 2 3 3 2 1 1 3 1 3 1 0 0 2 1 1 3 2 0 0 3 3 2 5 5 3 0 0 1 2 3 4 2 3 2 1 2 1 1 1 2 2 2 3 3 1 1 2 5 2 1 2 1 3 2 1 2 0 3 0 3 0 2 6 0 3 0 4 1 3 3 1 2 2 2 4 4 1 2 0 4 4 1 0 1 2 1 1 2 5 2 3 0 2 1 1 2 0 3 0 1 1 2 0 2 1 0 2 2 3 4 0 2 1 1 5 3 0 1 1 1 1 3 1 1 0 4 7 2 0 2 2 2 3 2 1 4 1 4 1 1 1 0 3 3 1 2 2 2 2 4 2 3 4 2 3 2 2 1 1 1 2 0 2 4 2 0 3 3 0 3 4 2 3 0 1 3 5 1 0 3 1 2 1 3 4 2 1 4 0 1 1 2 2 3 2 6 1 1 0 1 0 1 2 2 1 0 3 5 3 2 4 1 1 2 0 4 1 0 3 0 4 3 3 2 2 2 3 1 2 2 2 0 3 4 1 1 6 1 1 2 5 1 2 0 6 0 3 2 2 1 1 2 1 3 1 2 2 1 0 1 4 2 0 4 0 2 2 1 1 3 1 1 3 3 2 2 3 2 0 3 1 1 2 1 2 2 4 3 2 3 2 1 3 3 2 1 3 2 1 3 3 4 2 3 2 2 2 3 1 1 3 3 2 7 3 1 1 1 3 2 5 1 0 2 1 0 2 3 2 2 0 1 0 1 6 2 0 0 5 1 0 4 3 3 1 1 2 1 0 1 3 1 0 0 3 3 2 1 1 3 3 3 1 0 3 2 2 3 0 1 3 4 1 1 2 2 3 1 2 2 4 5 2 0 5 0 1 1 4 1 1 0 5 2 0 0 3 1 1 2 3 2 2 2 3 4 4 0 2 2 1 4 1 1 6 1 1 2 2 2 2 2 3 2 4 1 2 0 1 2 1 1 0 3 2 3 2 2 1 3 2 3 2 1 6 4 6 2 3 1 2 5 0 2 1 3 2 1 5 0 0 2 0 1 1 2 2 3 4 4 3 3 3 1 1 2 4 1 2 2 1 0 4 2 3 4 1 1 1 3 2 3 4 1 1 0 2 4 5 2 2 2 2 0 1 5 2 2 2 1 1 1 2 2 1 1 1 2 3 3 0 6 5 3 3 1 2 1 3 0 2 1 2 2 0 1 2 2 3 2 4 7 2 3 0 3 2 1 1 1 4 2 0 0 1 3 3 1 1 1 2 2 4 0 4 1 1 2 0 2 2 2 0 4 4 4 4 2 1 5 2 0 1 1 2 1 3 1 4 4 3 3 1 1 3 2 1 2 3 0 2 1 1 1 1 2 4 3 0 5 3 2 2 2 1 2 2 1 3 2 0 2 5 3 1 1 4 0 2 1 0 4 3 1 3 3 2 2 2 1 3 1 6 4 2 1 1 0 0 4 4 3 3 3 1 1 2 4 1 2 3 0 2 0 2 1 4 3 1 1 3 1 2 2 3 3 1 3 2 0 4 2 2 1 4 3 0 1 1 2 4 1 3 2 3 2 0 2 6 0 3 2 2 4 1 5 1 1 0 1 2 2 1 2 2 2 3 2 3 0 2 4 1 3 2 4 2 2 2 1 4 1 1 2 0 3 0 1 2 1 1 4 0 4 0 2 1 0 3 2 2 1 2 4 3 0 1 3 2 2 3 1 0 2 5 2 1 1 0 2 2 1 3 3 0 4 3 1 1 1 5 3 0 2 4 2 2 2 3 1 3 1 1 4 2 3 1 1 5 3 3 1 4 1 2 3 0 2 4 3 3 1 0 2 1 3 3 3 2 5 4 1 2 1 1 2 1 5 3 1 1 0 2 3 2 0 3 6 1 4 4 3 2 0 1 4 3 1 1 4 3 1 0 2 2 0 3 4 1 2 1 0 2 1 4 0 1 1 0 1 1 4 0 3 2 3 2 0 5 1 2 3 0 2 4 1 3 3 1 2 1 3 4 4 0 2 2 0 4 2 0 2 5 2 1 3 1 1 1 4 3 2 1 3 1 1 4 1 3 1 3 0 1 0 3 1 3 5 3 0 3 1 1 3 1 2 0 1 2 4 1 5 1 1 2 2 0 3 0 6 3 1 2 1 0 0 3 2 1 3 4 4 1 2 1 0 2 4 0 1 3 5 6 2 1 3 4 1 1 3 1 1 1 5 1 3 3 1 3 1 1 2 2 1 0 3 0 3 2 0 3 1 3 4 3 1 2 3 2 1 0 1 3 4 3 0 2 1 3 1 2 2 4 1 1 2 0 2 2 2 2 6 3 2 0 2 2 2 2 0 4 1 2 2 1 3 3 3 2 2 1 2 4 4 1 2 0 2 0 1 0 1 2 4 0 4 1 1 5 3 1 2 2 2 2 2 1 2 4 1 1 2 1 2 0 2 1 2 1 2 3 4 1 1 4 4 3 0 1 3 2 1 1 2 1 1 1 2 3 2 1 3 2 4 1 2 2 3 4 5 2 0 1 4 2 3 1 1 4 1 3 4 6 1 0 0 2 1 2 2 6 5 2 5 0 2 3 1 3 3 3 2 2 2 2 1 2 3 1 3 2 3 2 2 3 3 2 3 2 3 0 2 1 1 4 2 2 5 2 2 0 1 2 5 2 2 2 3 4 0 1 3 5 5 1 3 4 0 3 1 2 1 0 1 0 3 2 2 3 2 1 1 2 2 1 0 1 0 2 1 2 2 2 0 4 2 2 1 2 3 1 2 3 1 3 4 1 1 3 0 1 3 2 2 0 1 3 2 1 2 2 0 3 0 1 2 1 1 3 3 3 3 1 3 5 2 2 1 3 2 2 0 3 3 3 1 3 4 1 2 2 6 1 0 2 1 3 1 4 0 3 1 1 1 4 2 4 3 2 1 1 2 0 1 2 1 0 0 1 2 3 4 2 1 3 2 0 2 0 2 0 1 2 0 1 1 3 3 1 0 3 2 1 3 2 2 2 0 2 0 1 2 1 1 1 2 3 4 1 2 2 1 4 3 1 1 2 2 4 0 1 1 2 3 2 1 2 3 1 1 2 1 1 1 2 3 4 3 1 0 0 1 3 2 4 1 3 0 1 0 1 3 0 1 5 1 1 0 4 3 4 3 4 3 0 1 0 0 2 1 3 0 0 2 1 4 5 2 1 4 2 1 2 1 2 1 1 2 4 1 3 2 5 1 3 1 2 2 1 2 2 0 1 0 3 1 5 3 1 2 5 1 1 1 0 2 1 3 3 2 1 0 1 2 4 1 1 1 1 1 2 3 3 1 0 1 3 0 0 2 0 4 2 0 2 0 1 1 1 7 4 3 1 2 1 3 3 1 2 3 2 1 2 3 0 3 4 3 1 0 2 1 3 5 2 0 0 3 2 0 2 1 2 2 4 2 3 2 0 4 2 2 4 3 3 3 0 1 1 2 4 1 4 1 3 0 1 3 3 1 2 2 1 1 3 2 3 5 4 1 1 0 1 1 1 2 5 3 4 1 1 5 1 3 4 0 2 4 3 1 3 1 3 1 0 2 2 1 2 1 4 0 2 0 2 2 1 2 4 3 0 4 0 4 3 2 3 1 3 0 1 0 4 3 5 0 2 1 1 6 1 2 2 4 1 3 0 2 1 5 3 1 1 1 3 2 1 3 2 2 3 3 3 3 2 2 0 1 1 2 3 4 3 2 2 0 2 3 2 1 4 2 2 2 0 3 3 0 1 1 0 2 2 1 3 2 1 3 3 2 0 2 1 0 3 3 2 1 2 6 1 3 2 1 2 4 2 2 1 0 1 0 3 2 3 3 6 1 4 1 0 3 3 4 1 0 3 3 2 4 2 1 2 1 2 2 3 1 5 1 1 6 1 2 2 1 1 3 5 0 3 3 3 1 2 3 0 3 1 1 1 4 3 4 1 3 1 4 2 0 0 2 2 1 2 0 3 3 3 2 1 2 2 2 0 3 1 4 3 3 3 1 5 3 5 2 1 1 0 3 1 4 1 1 3 4 1 2 2 4 1 0 2 1 2 1 2 1 1 0 3 2 4 2 1 0 2 0 0 2 5 1 1 3 3 0 2 2 2 4 3 0 1 1 3 2 2 2 3 1 1 1 3 2 2 2 2 2 2 0 2 1 1 3 3 3 1 2 1 0 1 4 0 4 4 1 2 3 2 1 3 1 4 0 2 1 3 3 1 3 1 1 2 0 6 3 2 2 1 2 1 2 0 2 6 1 1 0 2 1 1 3 3 2 1 3 3 4 3 2 2 2 0 0 2 3 2 0 3 1 1 3 1 1 3 3 1 2 3 1 0 1 1 2 0 0 2 3 2 2 5 1 1 4 2 3 1 3 1 2 1 5 0 3 0 2 1 3 1 5 2 2 2 1 1 1 1 3 3 4 1 2 2 1 2 1 3 0 2 1 1 2 0 3 1 3 2 1 3 1 2 2 0 1 2 2 3 0 0 1 1 3 2 1 2 1 3 0 0 1 1 2 2 1 1 2 3 0 2 2 3 1 0 6 5 1 3 1 3 1 0 7 2 3 6 2 2 1 4 1 3 1 3 1 3 0 0 2 2 2 0 2 2 3 2 3 2 2 2 2 4 3 3 3 0 3 3 2 1 1 1 0 3 1 0 2 1 0 2 2 2 4 1 1 1 0 2 1 3 3 0 1 2 1 2 2 3 0 0 1 2 2 1 0 3 2 1 2 3 5 0 0 3 2 2 2 1 2 3 2 1 1 7 3 1 3 2 3 2 2 3 3 3 2 3 2 0 1 1 0 1 0 1 2 4 2 1 2 3 2 1 1 1 3 4 4 1 2 1 0 2 0 1 3 2 2 2 3 1 2 1 1 4 1 2 2 5 1 1 1 1 1 4 1 4 1 1 2 1 2 1 1 5 3 3 3 3 1 1 1 3 1 5 1 4 2 0 2 2 4 2 3 5 5 0 1 2 1 1 4 1 2 1 1 2 6 3 0 1 1 2 0 2 3 0 2 2 6 3 2 2 0 2 0 4 0 2 3 0 3 1 2 4 2 2 1 3 3 2 4 2 3 1 0 3 7 2 1 2 3 1 1 3 0 1 1 4 2 1 0 4 4 1 4 1 2 2 1 3 4 1 4 4 2 0 1 1 0 0 7 3 4 0 2 2 1 3 0 1 2 2 3 2 1 0 1 2 2 2 2 1 2 2 1 5 2 1 1 0 0 2 2 2 1 0 5 5 2 1 3 0 2 2 1 3 2 2 4 5 1 2 2 0 2 5 3 5 1 1 2 2 0 3 2 2 1 2 3 0 5 1 2 1 3 0 2 6 2 1 1 1 1 1 2 1 2 6 3 1 5 0 1 2 2 6 3 0 1 0 1 6 1 1 4 3 1 1 3 2 1 2 2 2 2 0 0 1 0 4 2 1 6 3 2 0 7 1 1 4 1 2 1 3 3 1 2 2 1 3 1 2 4 0 1 2 2 2 0 0 4 4 3 3 3 3 4 1 1 2 0 2 4 2 3 3 2 2 1 2 5 2 4 1 3 3 0 2 1 1 3 4 4 1 4 2 1 1 2 2 3 2 1 3 0 4 3 2 4 0 0 1 2 1 2 1 1 2 4 1 2 2 1 1 1 1 8 1 2 5 6 0 1 2 2 1 3 2 3 1 2 1 1 2 3 3 2 2 2 1 1 3 4 1 6 1 1 1 1 4 4 1 1 1 1 4 2 1 1 1 1 3 3 0 1 3 3 2 3 3 2 4 0 0 2 2 0 2 0 2 2 2 3 0 1 0 0 2 7 3 1 1 4 1 1 1 5 0 4 1 4 2 2 5 3 2 0 2 1 1 1 4 3 2 0 1 4 2 1 1 2 3 1 3 0 0 5 4 3 3 0 3 2 1 1 1 2 2 2 3 1 1 2 3 1 0 4 1 1 4 3 2 5 4 1 3 4 2 2 0 1 1 1 2 1 2 1 2 1 4 1 2 2 2 3 1 2 1 3 2 1 1 6 0 1 1 0 4 2 2 2 4 0 1 3 0 4 2 1 0 2 0 1 1 1 3 0 1 0 0 3 0 3 1 3 2 1 2 3 7 0 2 1 2 1 1 6 2 2 1 2 2 1 1 3 4 0 2 1 3 3 2 2 1 1 1 2 1 0 2 1 1 3 1 1 2 0 2 2 2 3 2 2 3 4 1 4 0 3 2 3 1 1 2 1 4 3 3 3 2 2 0 1 0 4 2 4 0 2 2 2 1 0 1 4 4 1 3 2 3 3 1 2 2 4 2 1 3 0 1 2 1 3 3 1 3 4 4 2 2 2 1 3 4 0 1 3 3 2 3 4 1 3 1 0 2 2 5 0 1 3 1 0 0 2 6 2 2 2 2 1 3 4 1 2 2 2 2 3 2 4 4 1 1 0 1 3 1 1 1 1 0 3 1 4 2 0 1 3 1 3 3 1 2 2 1 3 4 2 3 0 2 1 1 4 1 5 1 4 1 4 2 0 2 0 2 2 4 0 4 2 4 2 3 2 0 4 2 1 1 0 1 1 2 0 3 1 4 1 2 1 2 2 1 1 2 1 2 2 5 4 3 1 1 1 0 1 1 7 1 2 2 3 5 2 4 1 2 2 1 1 3 2 1 0 5 6 2 1 1 1 4 3 0 3 1 0 0 0 1 2 1 1 3 4 2 0 3 2 2 0 1 3 2 1 1 2 3 0 0 2 3 3 1 2 1 4 4 2 0 1 2 5 0 0 1 1 1 5 0 2 3 3 1 1 6 1 2 4 0 2 5 1 3 2 0 3 2 2 1 1 0 3 3 2 3 2 1 1 1 3 0 5 0 1 1 2 1 2 2 3 1 2 1 2 3 2 2 5 0 1 1 1 2 2 2 1 2 3 6 1 2 6 1 0 3 6 3 1 0 1 1 1 2 3 5 3 2 0 1 1 2 2 1 1 2 3 4 2 0 2 2 4 1 1 1 1 2 2 1 3 3 2 4 2 1 1 3 1 3 2 1 1 1 1 2 1 1 2 2 1 2 1 0 3 0 2 1 0 1 1 3 2 5 2 3 1 0 2 4 3 1 3 1 0 1 1 3 0 3 1 2 1 1 1 2 2 3 3 1 0 1 3 3 1 3 3 2 0 0 2 2 4 2 2 2 4 0 2 1 1 6 5 2 4 1 1 3 1 0 0 3 3 2 0 1 2 2 3 5 1 1 2 2 2 0 2 0 4 1 4 0 1 0 3 3 1 2 3 2 2 0 2 0 5 3 1 3 1 1 3 1 2 1 2 1 4 2 3 1 1 2 2 3 0 5 1 3 2 2 3 1 1 3 1 3 2 2 2 3 2 0 1 0 0 2 2 1 2 1 1 3 2 1 1 2 0 1 1 5 1 2 1 6 2 0 4 3 1 2 3 3 3 1 2 2 1 0 3 0 0 0 3 4 5 1 4 3 1 2 0 2 3 2 2 5 3 1 1 0 2 1 6 0 4 3 3 2 3 0 1 0 1 1 2 3 5 1 3 0 1 0 2 2 1 3 2 3 2 4 2 1 1 3 1 1 2 3 3 3 2 1 2 5 4 4 0 1 1 2 0 0 1 1 2 4 3 3 1 4 2 3 0 1 3 2 3 3 3 0 0 1 4 5 3 1 0 2 0 0 1 3 1 2 3 4 5 2 4 2 2 1 4 1 4 1 2 0 3 1 0 4 1 0 2 4 2 0 1 0 5 4 3 1 1 0 3 4 2 0 2 2 5 3 2 1 2 1 1 3 4 1 4 1 2 2 1 5 1 0 3 2 5 1 0 3 2 1 2 5 1 4 1 3 1 1 4 1 1 1 3 2 1 3 4 3 1 1 4 2 1 3 4 0 4 0 1 1 4 0 2 1 1 1 2 1 4 1 4 0 2 4 3 1 0 0 0 2 0 1 2 4 2 1 4 3 2 0 1 2 4 2 2 3 3 0 1 1 1 1 0 6 1 2 3 2 5 2 2 2 1 1 2 4 1 2 4 1 4 0 1 2 3 0 3 0 1 3 4 3 2 1 1 3 2 1 2 3 1 3 0 0 3 3 0 1 2 3 2 1 2 1 3 5 2 0 0 3 0 3 2 1 2 3 2 2 4 3 4 2 1 0 2 3 1 0 1 1 3 5 4 1 3 5 0 0 2 0 5 1 2 0 0 2 3 4 3 5 0 1 2 2 1 1 3 1 3 2 2 3 0 3 1 2 0 3 2 2 0 2 2 1 1 1 1 1 2 6 2 0 0 6 5 1 4 1 3 1 0 3 0 1 1 3 4 1 2 4 1 1 1 2 1 3 4 3 3 2 1 1 0 3 2 3 2 2 2 1 1 2 2 1 5 3 1 3 0 4 2 1 2 2 1 3 3 2 0 3 2 2 3 1 2 1 0 2 2 1 1 1 1 2 2 1 3 5 2 2 0 2 2 2 4 4 1 0 2 1 2 2 2 1 3 4 2 3 3 3 3 1 3 3 0 0 3 0 2 1 3 2 3 0 1 2 2 1 6 1 0 2 1 4 1 2 2 2 2 2 1 2 3 3 2 3 4 6 1 2 0 1 2 1 0 2 3 5 2 3 6 3 0 1 1 1 1 1 1 2 3 2 3 2 2 2 0 2 3 5 1 3 1 2 5 2 3 1 4 0 3 2 2 0 1 2 3 0 1 3 4 0 2 3 1 2 0 1 1 1 1 2 4 3 3 1 3 1 1 1 4 0 1 2 1 1 1 1 1 0 5 5 3 1 1 2 1 2 1 3 3 3 4 2 2 1 1 0 1 3 2 4 3 0 1 1 0 1 3 2 1 3 2 2 1 2 1 2 3 2 1 2 3 3 4 3 2 1 2 1 1 3 1 1 2 2 2 2 1 2 2 3 1 1 2 1 0 3 2 4 1 2 1 2 2 1 3 2 1 2 1 3 2 3 2 1 3 0 1 1 1 0 2 1 2 5 2 6 0 2 4 1 3 3 1 3 1 1 3 0 3 1 2 1 3 0 2 2 2 1 3 0 0 4 1 3 3 1 2 2 0 2 0 2 2 1 4 3 1 3 3 4 1 1 0 1 1 4 1 3 1 1 2 2 2 1 3 4 3 2 1 0 2 3 1 3 1 4 2 1 2 1 1 4 3 2 2 3 3 1 5 3 1 1 0 2 1 4 4 1 2 3 2 0 2 3 2 2 4 4 1 2 2 1 1 1 0 3 4 2 3 4 1 0 1 3 0 1 1 3 2 3 1 3 1 2 2 4 1 1 3 2 1 0 3 3 1 1 4 1 1 1 2 2 3 4 3 2 4 4 0 1 0 3 4 3 3 3 3 4 1 1 4 2 1 0 1 4 6 3 1 2 1 2 2 2 1 4 0 1 2 4 1 1 2 1 3 1 1 2 4 5 1 5 3 1 2 4 0 2 3 2 1 1 3 1 1 3 1 3 2 1 0 1 0 4 2 0 2 1 1 1 1 0 3 1 4 3 3 3 0 0 2 2 2 1 2 3 1 3 6 1 3 2 0 3 0 4 3 1 3 4 2 0 3 2 3 1 2 1 0 1 2 3 2 1 2 1 0 1 0 0 2 3 2 4 2 0 1 0 1 3 2 0 0 3 3 2 0 0 5 1 2 0 0 1 4 1 3 3 1 2 4 0 2 1 1 1 3 1 1 3 3 5 2 1 0 1 2 2 2 1 1 1 0 3 2 2 3 3 1 0 2 2 0 2 4 0 2 3 3 4 4 1 2 1 1 1 0 3 4 4 2 3 1 1 1 0 0 3 0 2 1 3 4 4 2 0 1 2 4 3 2 1 3 2 1 1 2 1 0 1 0 1 1 2 2 3 5 6 0 1 0 2 1 1 2 1 0 1 3 2 3 2 2 1 2 2 3 2 3 1 3 1 5 2 4 1 1 2 3 1 1 2 2 0 4 1 0 4 3 2 2 1 0 1 1 1 3 3 0 1 3 2 2 4 1 1 1 3 3 1 1 0 2 2 4 2 1 3 1 0 0 0 0 5 2 4 2 3 1 0 3 0 1 1 1 4 3 0 0 0 2 1 2 3 1 0 2 3 0 3 1 3 0 3 5 2 1 1 1 2 1 3 1 2 2 1 3 3 2 1 2 2 2 0 0 3 3 2 0 1 4 4 0 2 2 2 4 4 1 3 1 2 2 0 3 0 2 0 1 3 1 3 2 2 2 2 4 2 1 0 3 3 1 3 1 1 1 3 3 3 1 1 5 5 0 1 1 0 3 2 0 3 1 4 1 2 3 1 3 0 3 2 1 2 1 0 5 4 2 2 1 3 0 2 1 0 1 2 4 3 2 1 3 0 1 1 2 2 0 5 3 2 0 2 2 2 0 1 2 4 4 3 1 1 8 5 1 1 3 0 1 0 2 2 5 4 1 3 2 4 1 1 2 0 1 0 1 4 2 0 2 3 3 1 3 4 0 3 3 2 2 2 2 3 4 0 1 2 1 1 3 5 3 4 2 4 1 0 0 5 2 2 1 3 0 2 1 2 1 2 3 3 5 0 2 3 0 0 3 2 3 2 2 3 2 2 1 3 1 0 0 0 2 3 1 7 2 1 1 0 2 2 2 3 4 2 3 6 4 4 2 1 2 2 1 0 1 2 2 2 1 5 0 2 4 0 3 1 5 3 3 2 4 3 4 2 1 2 1 0 1 2 3 2 3 1 2 4 4 0 0 2 2 2 2 1 4 0 1 4 2 1 0 2 1 1 0 1 0 0 1 1 2 1 3 2 3 4 2 0 1 0 2 1 4 2 0 1 1 3 1 2 3 4 6 0 1 3 0 0 3 3 1 4 2 1 2 2 3 4 0 1 4 1 1 1 1 1 3 0 3 1 1 3 2 1 2 2 3 4 0 1 0 1 2 2 1 2 3 0 6 3 5 2 2 1 1 0 2 2 2 2 2 2 1 3 1 3 1 0 2 0 2 4 2 1 0 1 4 2 1 3 1 6 1 3 0 1 2 1 4 1 1 0 0 0 4 0 2 2 3 1 3 1 2 1 3 3 3 1 1 2 1 5 4 3 1 2 3 3 1 0 1 2 2 2 0 2 2 1 2 4 2 0 1 1 1 0 3 0 2 0 0 2 2 1 5 3 3 3 3 2 1 1 2 2 3 0 0 3 4 0 2 3 2 0 1 3 4 4 2 3 2 1 1 3 3 2 2 4 1 3 3 2 1 2 2 4 3 3 3 1 1 2 2 2 0 1 5 2 4 6 1 1 4 0 2 2 1 2 1 3 3 1 0 2 1 1 1 1 3 2 0 5 0 2 0 1 2 1 2 1 3 3 0 1 2 3 3 1 2 2 4 4 1 0 3 3 3 0 1 3 3 2 0 1 2 0 1 2 1 0 5 3 0 3 2 2 1 1 2 3 3 3 1 0 3 1 5 0 3 4 2 2 0 1 2 4 1 3 2 3 2 0 1 3 1 3 0 4 1 3 2 0 0 6 2 3 0 3 5 2 2 0 3 2 0 3 2 1 2 2 0 2 2 3 2 1 0 2 2 6 3 3 1 2 0 2 1 2 1 2 2 2 3 4 3 3 0 3 2 1 3 2 1 2 2 1 2 1 5 3 0 1 0 0 2 2 1 2 3 1 2 3 1 2 1 1 1 4 2 2 2 1 1 2 0 1 2 2 3 2 3 2 0 2 1 2 1 2 0 1 1 3 1 3 1 2 2 5 2 5 2 2 2 1 2 3 2 2 2 2 1 2 3 2 2 1 0 4 3 1 3 2 5 0 3 6 3 3 2 2 1 4 0 0 3 1 0 2 2 1 3 2 3 3 3 4 1 1 4 2 3 0 2 1 3 5 2 1 1 2 0 3 0 2 5 4 2 2 1 0 3 3 1 2 3 0 0 4 0 0 5 2 2 1 2 4 5 6 1 1 1 0 0 1 4 3 3 2 1 0 0 1 2 1 3 2 4 1 5 5 0 2 2 2 0 1 2 3 3 2 0 4 0 1 2 2 4 2 2 2 4 1 2 1 2 3 3 1 3 2 1 4 1 0 0 5 0 2 3 0 1 2 3 1 1 0 3 1 2 1 0 3 3 0 1 3 2 3 1 3 1 7 3 3 0 3 0 2 3 2 3 1 1 6 2 0 3 1 4 2 2 0 4 2 2 2 2 2 2 4 1 0 1 5 1 6 0 4 1 4 0 1 3 1 1 2 3 4 0 2 1 0 2 4 1 3 0 0 0 5 3 1 1 1 0 0 3 4 1 1 1 3 1 2 2 4 3 1 0 4 0 2 5 2 2 4 1 1 1 0 4 3 2 4 1 3 4 2 1 0 1 2 1 3 1 2 2 1 1 2 1 1 3 2 2 3 3 1 2 1 1 2 2 1 1 5 2 2 2 3 3 1 1 2 0 0 2 0 2 4 4 2 3 2 1 5 4 1 3 0 1 1 3 1 2 3 3 1 0 2 4 3 1 2 5 2 2 4 1 0 3 0 0 1 3 3 1 4 2 1 1 5 1 4 2 4 1 1 1 1 1 3 2 4 1 3 2 0 4 1 3 1 2 2 2 1 1 4 0 3 0 1 3 0 1 4 1 3 1 3 1 5 3 1 2 1 0 2 1 2 6 2 0 2 1 0 2 4 1 1 2 3 2 1 2 2 0 1 2 2 1 1 2 1 4 3 3 1 2 2 6 2 0 3 2 3 2 1 1 2 0 0 1 1 3 2 4 1 3 4 2 2 1 3 0 2 2 1 4 0 2 2 2 3 2 3 3 5 3 1 1 1 1 4 0 2 2 2 1 1 3 0 2 2 2 1 6 1 1 1 1 2 1 6 4 0 2 1 0 2 1 3 3 3 1 3 2 0 2 2 2 0 3 2 3 2 0 2 5 2 1 3 0 1 2 2 1 3 1 1 4 2 2 2 2 3 3 1 1 2 1 2 2 3 1 2 3 1 1 1 1 1 3 3 2 4 1 6 4 2 1 1 4 2 6 2 2 3 0 1 2 1 0 3 3 1 4 3 3 2 1 1 1 3 1 1 1 1 1 1 2 1 2 2 2 1 3 0 4 4 1 2 3 1 2 4 1 5 3 3 2 3 2 1 1 4 2 2 1 2 4 1 1 0 3 1 3 2 2 0 1 2 1 1 0 5 0 0 2 2 3 1 1 2 3 4 2 2 5 1 3 2 1 1 2 1 2 5 2 2 5 3 2 1 2 2 1 1 2 2 1 1 3 3 1 2 2 0 0 1 1 2 0 0 1 3 0 1 3 1 0 2 3 5 3 1 2 1 2 2 1 1 1 4 0 0 4 1 3 2 2 2 2 2 2 1 2 5 2 1 4 1 1 2 3 1 2 2 0 1 2 3 1 0 2 1 3 2 2 0 2 4 1 2 0 2 0 3 3 3 4 2 2 1 1 1 3 2 2 0 3 2 2 1 2 3 2 4 1 2 2 5 4 1 1 0 2 0 1 0 3 4 3 4 1 2 0 2 1 3 2 4 5 3 2 1 1 0 2 1 3 2 4 1 1 2 3 1 4 0 2 1 3 3 1 3 2 1 4 2 1 2 2 0 3 3 0 2 1 5 1 2 1 2 0 1 2 5 3 4 1 0 3 1 3 1 3 6 2 1 1 0 5 3 1 3 1 3 2 1 4 3 0 0 2 3 1 3 3 4 1 2 2 3 4 2 0 1 3 2 0 2 5 1 4 3 0 0 1 2 4 3 4 4 0 1 0 1 1 2 0 1 2 1 3 3 3 3 2 4 0 4 1 1 1 4 3 3 1 1 4 1 1 1 1 3 1 1 1 2 3 2 2 2 2 3 2 1 2 0 1 3 2 1 5 1 2 1 1 1 3 0 6 2 3 0 2 2 5 2 4 1 0 1 2 3 1 0 4 3 2 1 3 2 1 3 5 3 2 0 0 1 2 2 0 1 1 1 1 4 2 4 0 2 2 2 2 0 2 5 1 4 2 2 0 3 2 4 1 0 1 2 1 3 2 2 2 0 1 2 1 2 1 3 2 2 1 4 2 1 1 1 5 2 0 3 1 2 0 4 2 4 1 1 1 3 3 1 3 3 1 0 3 3 0 1 2 0 4 2 1 0 3 1 1 3 3 0 0 2 3 3 2 0 2 2 1 2 1 1 0 3 0 2 1 3 0 1 2 3 0 0 1 3 0 2 2 2 1 1 3 1 4 1 2 2 2 2 3 4 3 0 1 1 2 5 1 4 3 1 0 0 4 1 4 3 4 3 2 0 6 1 2 2 1 1 1 4 2 0 2 2 2 3 0 2 1 1 2 3 3 2 3 1 1 2 1 2 2 3 1 3 2 1 0 2 2 2 3 1 2 0 3 4 1 1 1 3 1 2 2 0 1 3 2 4 3 2 2 2 4 3 2 4 0 2 2 1 4 5 0 2 3 3 2 0 4 1 2 1 1 3 4 1 2 3 3 4 1 2 1 1 1 1 4 5 4 0 1 0 3 2 1 4 4 3 2 1 1 1 2 2 0 1 3 2 1 5 3 4 1 1 1 0 5 2 1 0 3 1 1 0 1 0 2 1 1 2 4 1 1 0 2 1 1 1 2 1 2 1 0 1 2 3 0 1 1 2 2 1 4 1 1 3 0 1 2 2 3 3 3 1 1 3 1 3 2 3 2 1 1 0 1 1 3 2 4 0 2 1 1 3 2 1 2 2 2 2 1 3 3 2 1 6 2 0 1 1 3 0 4 3 4 1 2 1 3 1 1 0 0 0 0 3 2 3 2 4 3 5 1 3 2 1 1 3 3 4 2 0 5 2 3 1 0 3 1 1 4 3 3 2 2 1 0 3 1 1 2 4 3 0 2 3 2 3 3 2 1 1 2 2 3 3 2 2 3 3 0 3 3 1 1 0 3 3 2 2 3 1 3 1 2 3 2 0 1 4 3 1 3 1 3 2 2 3 3 4 4 6 4 1 1 0 3 1 1 1 5 2 2 1 0 3 4 2 0 3 1 1 4 2 0 1 4 2 2 3 2 4 2 2 1 5 3 2 2 3 0 0 0 1 1 2 3 1 1 2 2 0 1 1 3 3 1 2 2 3 3 0 3 1 4 3 2 3 1 3 1 2 2 0 2 0 1 6 0 2 3 1 3 1 1 3 0 1 1 3 1 2 3 1 3 2 3 0 0 2 1 5 2 2 3 2 1 4 3 5 5 1 2 4 1 3 1 4 1 3 1 0 3 1 3 4 2 4 2 2 1 1 2 4 2 1 1 2 5 1 2 3 3 3 4 3 3 0 0 1 1 0 4 2 0 1 1 2 2 2 3 0 0 2 3 0 2 5 1 3 2 1 2 3 1 2 2 2 4 0 3 0 0 1 2 2 3 2 3 2 4 2 3 0 3 1 6 1 2 2 3 2 2 1 1 2 3 6 2 1 1 5 1 2 2 2 2 3 2 1 2 1 4 1 2 0 1 1 1 2 1 5 2 0 2 1 2 1 7 2 1 0 4 4 0 1 2 3 1 0 0 1 1 1 4 1 0 4 1 0 1 2 2 1 2 3 0 1 1 1 2 1 1 3 5 2 0 1 3 1 2 3 3 1 0 4 2 3 2 2 1 1 0 3 3 1 1 1 4 1 0 4 0 1 1 3 0 2 2 2 1 3 2 3 5 2 5 1 3 3 2 1 1 2 0 3 1 0 2 2 1 0 4 1 2 0 2 2 2 2 3 2 1 2 2 3 3 4 0 2 1 2 0 3 3 0 0 3 1 2 0 1 1 3 4 1 3 2 3 0 1 3 2 3 0 2 4 2 2 2 1 0 1 2 0 2 4 2 4 3 1 2 3 2 1 2 3 2 1 3 2 0 4 2 0 2 2 2 1 2 2 1 2 2 0 3 4 0 4 4 3 1 0 2 2 2 0 2 3 4 2 2 3 2 4 2 0 1 1 1 3 3 3 2 1 4 4 3 0 1 1 3 7 1 1 2 2 1 1 1 1 0 7 2 1 0 3 2 4 0 1 3 2 0 3 0 3 2 2 0 1 1 3 1 3 2 3 2 2 0 2 0 2 3 2 3 2 3 1 2 1 2 2 5 3 5 1 2 1 2 3 3 1 2 1 0 3 4 1 1 1 1 4 1 1 5 1 3 0 2 2 0 1 3 1 2 1 3 4 0 1 3 1 4 0 3 0 2 1 1 1 3 3 1 5 2 4 3 2 3 0 3 1 0 0 2 2 0 3 2 0 2 1 0 0 2 2 1 2 3 1 2 5 1 2 3 1 1 4 2 4 4 3 5 2 0 1 1 2 4 3 1 2 0 0 1 2 1 2 1 2 1 1 3 1 1 4 2 2 2 3 2 1 2 2 2 4 3 4 1 0 1 2 2 3 2 1 2 3 1 1 1 1 1 0 2 3 1 4 4 2 2 1 3 1 2 1 1 2 3 0 2 2 1 4 3 3 1 2 0 0 1 1 3 7 2 4 1 0 3 0 0 5 3 2 3 2 1 1 0 2 2 3 0 0 0 2 2 0 5 2 0 1 2 2 3 3 3 2 0 1 3 0 2 4 2 2 3 1 1 2 5 1 5 1 0 1 1 3 1 1 2 2 2 2 3 1 1 1 1 5 1 1 2 3 3 2 0 2 1 3 4 0 2 7 5 0 6 0 2 2 2 1 1 1 3 5 6 2 3 1 3 3 3 1 2 4 1 1 1 3 1 1 4 2 3 2 2 3 2 1 1 0 2 2 1 2 3 2 4 0 1 2 1 3 3 0 2 3 1 1 3 3 4 5 1 3 1 3 3 1 2 1 3 4 2 3 1 3 2 1 3 1 1 1 1 4 2 7 1 0 1 3 2 2 1 3 3 3 2 3 3 2 1 4 5 2 2 0 4 1 0 2 1 0 1 0 4 3 2 2 0 4 2 2 3 3 2 2 0 2 2 1 2 1 4 2 1 1 4 2 5 1 1 1 2 1 2 1 3 3 2 2 4 0 3 0 3 4 2 1 4 1 2 0 3 1 3 1 0 1 1 0 5 3 4 5 2 2 1 2 1 5 2 2 1 3 5 2 1 2 3 3 3 1 1 0 0 3 4 7 2 2 3 2 5 3 3 0 2 2 1 2 1 2 2 2 3 1 2 0 3 4 1 3 1 3 0 1 3 1 5 3 3 3 3 3 1 1 0 3 1 1 3 2 1 5 1 3 0 0 2 3 3 3 1 4 0 1 2 3 3 4 1 2 4 2 3 1 1 2 1 4 3 2 1 2 2 2 2 0 2 2 3 3 0 2 3 1 5 1 0 0 2 1 0 0 3 1 1 3 2 3 3 3 3 3 2 2 1 2 2 0 0 4 2 0 2 1 2 2 2 3 1 4 1 0 0 4 1 1 1 2 2 2 1 0 2 3 2 2 0 3 2 2 2 2 1 2 2 4 1 2 2 3 3 1 0 1 0 1 7 5 1 3 2 2 2 1 2 2 1 1 1 1 3 0 0 2 1 3 4 2 1 2 0 2 3 2 2 4 0 5 1 2 3 2 2 1 0 2 4 0 3 2 0 1 2 1 1 2 2 2 2 1 1 2 0 1 2 4 5 2 3 1 1 0 6 4 2 2 1 1 7 0 1 0 2 1 5 1 1 2 1 2 1 2 4 3 1 2 0 0 5 1 0 2 0 2 1 3 2 2 7 3 2 1 2 1 0 3 3 1 1 1 2 3 3 2 1 2 0 3 3 0 3 2 4 2 3 5 3 2 0 5 1 3 4 0 2 2 0 1 2 1 3 2 0 3 2 2 1 2 3 3 4 2 2 3 2 3 3 3 1 1 2 3 3 1 2 2 2 1 3 1 1 5 1 3 0 4 1 4 1 3 3 2 4 1 4 1 1 1 0 0 2 3 1 1 2 1 2 1 3 6 2 2 1 0 0 2 0 3 3 1 2 3 6 2 4 0 4 4 2 3 2 3 2 1 3 0 5 1 0 2 4 0 2 1 5 2 3 0 0 3 2 0 2 0 1 2 3 1 2 2 0 1 3 0 1 2 1 4 2 1 2 3 3 2 1 5 1 3 2 2 3 1 3 2 3 4 1 1 3 1 1 0 0 1 2 0 3 2 2 2 0 2 1 4 2 1 4 6 1 2 3 0 1 2 3 4 2 0 2 1 2 1 2 1 1 4 2 3 3 2 1 2 1 0 1 0 1 0 1 4 1 3 2 1 1 1 3 0 1 4 0 0 4 3 1 1 1 3 2 3 2 5 4 0 1 2 0 2 1 1 3 2 2 2 3 2 3 1 0 6 2 1 2 1 0 1 1 1 1 1 4 2 3 2 1 7 0 4 4 2 0 2 1 1 0 1 2 3 2 1 3 1 1 1 1 0 1 3 2 4 2 0 1 2 5 1 1 0 5 2 3 1 2 4 3 2 1 4 1 2 1 4 1 1 5 3 4 1 1 0 2 3 3 3 4 1 3 1 2 1 0 1 4 1 1 0 2 4 4 3 2 2 0 1 3 1 1 1 5 1 2 2 3 3 1 2 1 3 3 1 2 1 3 2 3 0 1 1 2 3 3 3 2 1 2 2 4 5 1 2 4 4 1 1 1 0 0 1 1 2 2 4 0 2 1 5 1 3 2 2 0 4 0 3 4 1 0 1 1 2 6 0 3 2 2 2 2 4 0 2 1 4 0 1 0 1 1 2 3 2 2 1 5 1 1 0 1 1 0 2 3 1 6 2 4 4 0 0 1 0 2 4 3 4 2 2 2 3 0 1 2 1 3 2 2 2 0 2 1 3 3 0 2 4 2 1 2 1 1 1 0 4 2 4 2 0 5 2 1 1 0 2 3 2 1 2 1 2 5 0 2 0 4 0 2 4 4 1 2 1 2 1 2 1 0 4 3 3 1 2 0 1 0 3 0 3 3 0 1 1 2 1 6 3 0 2 4 1 3 1 3 1 1 1 3 0 2 0 1 1 3 2 1 3 3 0 4 2 2 2 1 2 2 2 4 0 0 2 3 3 2 1 3 2 3 0 0 1 1 1 4 3 1 1 2 1 0 1 5 4 2 1 3 6 1 2 2 1 1 3 5 0 3 1 5 3 0 1 0 0 2 6 0 2 1 2 1 1 2 1 1 0 2 2 3 2 3 1 2 1 0 2 1 3 3 7 2 1 1 0 5 2 0 1 0 1 3 2 4 1 2 1 0 2 3 3 2 1 0 2 2 2 4 1 1 3 2 2 2 1 1 2 2 5 4 1 1 2 3 1 1 2 2 4 5 5 1 1 2 1 1 2 3 3 4 2 2 2 1 4 2 3 1 5 1 4 7 1 0 0 0 0 2 3 2 2 1 0 7 0 3 1 0 2 2 3 2 1 1 4 1 2 0 1 2 0 1 4 3 3 2 0 0 2 2 2 5 1 3 2 1 1 1 0 4 2 3 1 2 4 1 4 2 3 2 1 2 0 1 2 3 1 1 0 0 2 3 3 3 3 1 0 5 0 2 3 1 2 1 2 3 2 0 2 2 1 2 2 2 1 2 2 1 5 3 3 1 2 0 2 2 3 1 2 2 3 3 2 3 1 1 0 2 1 3 2 0 2 2 2 1 1 5 1 2 0 2 5 4 1 4 1 2 0 1 2 3 3 2 2 3 0 2 0 1 2 2 1 1 0 2 3 3 3 2 2 1 5 1 3 3 4 2 1 1 2 0 1 1 3 2 2 0 1 0 2 3 0 2 2 4 3 0 0 2 3 1 0 3 2 4 1 3 4 6 7 3 4 1 1 1 2 0 2 1 3 1 3 3 2 3 3 0 1 0 4 1 2 2 2 0 3 1 1 1 3 1 1 1 2 4 2 1 3 1 2 1 1 2 0 1 3 5 1 0 1 2 3 1 4 3 1 0 2 2 4 2 3 3 2 0 2 1 2 3 0 2 2 3 0 3 3 1 1 1 1 1 6 5 1 1 3 1 0 0 2 2 2 1 1 2 5 1 2 2 1 2 3 1 3 1 2 4 3 1 0 1 1 1 2 1 3 1 4 1 0 3 0 3 5 2 2 2 1 2 1 1 1 1 1 0 2 4 2 4 4 4 1 1 2 0 1 1 2 2 2 3 3 2 1 1 3 4 3 1 1 1 1 0 4 2 1 1 0 2 2 0 2 1 1 2 4 2 2 0 5 2 1 1 1 4 0 2 1 3 2 2 1 4 2 3 0 1 3 3 1 3 6 1 3 1 2 1 3 2 1 2 5 0 0 2 0 1 5 5 0 4 5 1 1 4 2 2 1 2 4 0 5 0 0 2 0 2 2 6 2 1 2 1 0 0 2 2 1 1 1 1 1 4 5 1 5 1 3 1 1 1 3 2 1 1 3 1 2 2 2 0 3 2 4 2 0 4 1 3 1 3 3 3 1 1 2 4 1 2 4 1 1 2 0 1 1 2 4 1 1 2 5 3 1 2 0 4 2 2 2 2 3 3 2 1 1 0 4 2 2 2 4 2 1 3 2 3 2 3 3 0 1 0 0 5 2 1 4 0 0 2 3 1 1 0 4 3 1 2 3 1 0 3 3 2 3 1 6 5 4 0 2 1 2 5 1 2 0 1 0 2 0 3 1 6 1 0 1 2 1 2 1 2 1 1 3 5 3 0 0 2 2 0 5 3 2 1 1 1 5 1 4 0 0 1 3 3 1 1 3 2 1 2 3 0 0 3 3 2 1 2 2 3 2 3 1 1 3 2 2 3 1 0 1 1 1 0 1 1 2 2 4 4 1 2 1 1 0 3 2 1 3 2 0 1 3 1 1 1 3 1 2 3 1 3 1 1 3 2 2 2 0 1 2 4 2 0 1 2 3 2 1 3 0 3 3 2 1 6 0 2 2 2 3 2 1 1 4 0 3 2 3 1 1 2 4 1 1 0 4 1 3 2 4 1 2 2 4 1 3 2 4 2 2 0 2 1 2 2 1 1 2 1 1 2 2 2 3 3 3 1 0 1 2 3 2 1 1 2 1 6 2 3 1 4 4 3 1 2 2 2 0 3 2 1 3 2 1 0 2 1 1 1 5 2 0 2 1 2 0 5 2 2 2 2 2 1 1 2 1 3 0 3 1 2 5 3 0 1 0 2 1 0 2 3 0 5 0 1 2 3 0 1 4 3 2 1 3 3 1 2 3 2 2 3 1 0 0 0 3 1 2 1 1 0 3 1 1 1 3 3 1 1 4 1 2 0 2 1 2 5 3 2 1 3 4 0 2 1 1 4 3 2 1 3 0 5 3 1 0 2 3 2 3 6 0 1 5 4 3 4 2 1 1 2 3 2 0 1 3 0 4 0 1 1 2 1 0 2 1 5 3 2 3 2 3 1 0 2 1 2 6 0 2 3 2 2 3 1 2 6 1 2 5 1 2 2 1 2 3 3 1 2 4 1 1 2 2 3 7 1 3 0 5 1 1 2 1 3 1 1 2 1 1 3 2 6 2 0 1 3 3 2 3 5 2 2 2 4 0 0 1 1 2 1 1 1 0 1 0 2 4 2 4 2 2 0 1 4 2 5 0 3 0 0 2 3 1 2 0 3 1 4 1 2 1 3 2 3 2 3 1 1 4 2 1 0 2 2 4 2 3 1 0 4 5 4 1 1 1 1 4 2 3 0 4 2 5 3 2 3 0 2 5 1 0 1 3 3 1 5 0 1 3 2 1 1 1 1 2 3 2 3 4 1 1 5 3 2 2 3 0 2 4 0 0 4 1 2 3 4 1 2 1 3 1 1 2 1 2 2 3 0 3 2 1 0 1 4 2 0 4 4 1 1 4 0 2 1 3 2 0 0 3 1 0 5 1 1 3 1 1 1 0 3 3 1 3 3 6 0 1 3 4 1 2 2 2 3 0 2 2 2 0 2 3 1 2 1 2 3 0 0 2 3 1 4 1 2 4 0 1 2 4 3 0 1 3 2 2 5 1 2 1 1 3 0 2 1 4 3 1 0 2 1 3 0 1 2 2 5 2 1 2 1 1 0 3 5 0 3 1 3 3 0 2 1 1 1 0 6 2 5 4 3 1 2 1 2 0 3 2 0 1 2 2 0 4 3 0 2 2 4 3 0 3 5 2 2 2 2 3 3 2 2 3 0 3 2 0 0 3 3 2 2 2 0 1 0 3 1 2 3 1 3 5 2 1 2 0 0 2 1 4 2 1 2 2 4 0 2 3 2 5 2 2 1 5 2 1 3 2 1 1 2 4 2 0 4 1 1 2 1 4 3 3 1 1 2 3 1 1 3 1 2 3 2 2 2 0 4 1 2 2 2 3 0 2 0 1 3 3 0 3 0 2 2 0 2 3 4 1 4 0 0 2 5 3 2 1 1 1 3 0 2 5 2 6 2 2 0 1 3 1 2 1 3 2 1 2 3 1 3 1 1 3 1 1 2 0 4 0 3 1 4 4 1 4 2 1 3 1 0 2 4 1 4 2 1 3 3 1 1 1 3 1 3 1 2 4 3 3 0 3 3 1 3 1 1 5 2 2 0 3 5 0 3 2 2 1 4 4 1 5 1 3 2 1 5 2 1 4 2 1 1 2 4 2 1 2 2 3 0 3 1 1 0 3 1 3 2 4 1 4 3 1 2 0 1 4 5 0 1 1 3 1 0 0 3 2 4 1 0 1 2 1 3 2 2 0 3 3 3 1 1 1 1 2 2 1 2 2 2 3 2 2 2 1 0 0 3 2 2 1 1 2 3 1 0 2 0 1 0 2 1 4 3 1 2 2 3 2 2 5 1 2 3 3 3 1 0 0 3 3 4 1 4 3 3 0 2 0 1 1 1 1 3 2 3 0 3 1 2 4 4 1 3 0 2 1 3 1 3 0 4 1 1 1 2 5 0 0 3 4 3 2 0 2 0 1 2 2 7 1 3 2 3 3 2 1 1 0 1 1 1 0 2 2 1 0 2 3 3 2 2 4 1 1 0 4 2 2 1 3 1 1 0 4 2 1 1 1 4 5 3 0 1 2 3 1 3 5 1 2 4 1 1 2 1 1 2 2 2 2 0 0 0 0 3 2 4 7 1 0 4 2 0 2 1 0 4 2 1 2 5 1 3 2 2 2 0 3 4 1 2 5 2 1 3 3 2 0 2 3 0 3 2 2 3 3 0 1 0 1 2 3 4 2 2 3 3 3 0 2 2 1 0 2 0 4 2 2 2 2 4 4 3 1 3 1 1 5 5 1 1 0 0 2 3 2 1 2 5 5 2 4 0 1 2 1 0 2 1 1 1 2 3 2 0 2 1 2 2 1 1 3 1 1 2 0 1 1 7 3 2 2 1 1 2 2 2 4 2 3 0 2 1 1 1 1 4 1 2 1 3 1 2 3 3 2 1 1 1 2 4 6 1 1 3 3 3 0 1 2 0 2 4 1 1 1 1 1 1 3 2 1 2 3 2 1 2 0 3 2 2 0 1 1 1 5 4 2 1 2 1 2 1 0 1 0 2 2 1 2 2 3 2 1 0 2 2 0 5 2 2 2 2 1 1 3 2 2 0 1 1 5 2 1 2 1 2 0 2 1 2 4 3 1 1 1 1 4 2 1 1 3 2 0 3 1 1 1 0 7 2 1 1 2 3 2 1 1 3 2 3 2 2 5 0 3 3 3 0 2 2 2 3 4 2 1 2 0 2 3 0 1 2 1 0 4 1 1 2 2 5 2 1 3 2 2 2 1 1 3 1 0 4 1 4 3 2 2 0 1 3 5 0 1 4 1 3 2 1 0 3 0 0 3 4 2 2 0 2 3 1 4 3 1 0 3 4 4 1 1 4 0 3 2 3 0 1 1 2 3 5 2 1 4 1 3 2 2 2 1 1 2 4 3 0 3 3 1 0 1 1 2 2 0 1 3 2 3 0 2 5 0 1 1 5 2 4 2 1 3 4 3 2 3 1 1 0 0 6 2 2 1 3 2 0 2 0 0 1 3 2 3 1 4 0 2 4 1 2 1 2 0 2 0 5 1 2 3 3 0 3 3 5 2 1 2 1 2 1 3 1 4 3 2 2 1 3 0 4 2 2 3 0 2 2 0 1 5 1 2 1 2 0 4 4 0 2 2 3 3 0 0 2 4 0 2 1 2 3 1 0 0 2 0 1 2 3 3 1 1 4 0 0 2 1 3 0 3 2 1 3 0 1 3 1 2 1 0 1 2 3 4 2 1 2 3 1 2 0 2 4 4 3 3 1 1 1 0 1 4 4 1 1 1 1 4 3 4 3 2 2 1 0 1 4 0 1 1 1 5 0 6 1 2 2 2 1 3 0 1 2 1 3 2 1 2 2 3 2 3 3 1 2 1 0 2 3 2 1 2 1 4 0 2 4 1 3 1 0 6 1 1 1 3 0 1 1 2 3 2 3 1 3 2 2 0 1 0 0 3 2 1 3 2 2 2 1 6 0 1 2 2 0 1 1 1 0 2 1 0 3 4 2 1 7 2 0 3 1 0 0 1 2 2 2 4 2 2 3 0 1 1 2 1 2 2 0 0 4 4 1 1 2 1 2 5 1 3 3 1 0 3 0 2 2 7 2 3 1 3 0 2 2 2 2 3 4 6 1 2 1 2 1 1 5 3 2 1 3 1 5 1 2 0 3 3 1 2 2 3 3 4 2 3 0 2 1 2 3 3 2 2 1 3 2 1 1 2 2 1 3 3 1 4 1 3 1 2 2 3 2 1 0 3 1 2 4 0 0 1 6 6 0 3 4 1 2 3 2 2 1 0 1 2 5 2 2 1 2 1 4 1 3 0 0 1 2 4 0 6 0 1 2 0 0 1 4 2 4 1 1 0 1 1 3 0 2 1 5 4 1 2 3 3 1 1 3 0 6 3 2 2 1 6 0 2 2 0 1 1 3 2 0 1 0 1 1 3 1 1 2 2 3 1 3 1 3 4 1 1 4 3 1 1 1 1 1 1 2 4 2 1 1 2 2 2 3 1 1 3 1 1 0 1 1 1 1 0 2 1 2 0 2 5 5 3 1 2 1 4 2 1 4 2 2 3 3 5 2 0 2 2 3 2 0 4 3 5 1 2 2 1 0 2 0 1 1 3 2 2 2 1 0 3 7 1 0 3 4 1 2 1 5 2 2 1 1 2 0 1 3 1 1 0 1 3 4 2 3 0 3 1 2 2 0 4 2 0 2 3 1 3 1 0 1 2 4 2 1 4 4 1 1 1 5 2 0 2 1 1 3 4 2 2 2 1 2 4 2 3 1 0 0 4 0 3 2 2 3 0 2 3 3 2 4 2 1 4 1 0 1 1 0 4 2 2 3 2 3 3 1 2 4 2 2 2 2 0 3 1 5 1 2 7 1 3 2 3 4 1 3 1 2 5 4 2 3 4 1 0 1 5 3 1 2 4 3 2 0 2 2 1 1 1 3 2 4 2 4 2 1 1 1 2 1 1 0 1 1 2 0 2 2 4 2 3 1 4 1 0 1 2 2 4 1 2 3 0 1 7 2 1 2 2 1 3 1 0 2 1 1 3 2 3 0 0 2 2 1 2 3 0 2 5 1 2 0 0 2 2 4 3 2 3 1 5 2 3 1 2 5 3 0 1 2 0 2 1 2 2 1 2 4 3 0 2 3 4 2 1 1 1 2 2 3 1 2 2 2 2 2 2 0 3 0 2 2 1 3 1 2 4 1 2 1 2 0 2 3 3 4 1 1 0 0 2 1 3 2 2 1 3 3 1 1 2 0 2 3 1 1 0 1 3 1 1 4 2 0 2 1 5 2 1 1 2 4 2 3 1 0 1 2 4 2 1 1 3 2 2 1 0 7 2 4 1 2 0 1 1 1 2 4 5 1 2 1 1 3 0 0 2 2 2 3 2 3 4 0 0 1 1 2 0 3 4 1 3 3 3 1 0 2 0 5 2 2 2 7 2 3 0 2 1 4 0 3 3 4 3 2 1 4 0 3 3 1 3 1 2 3 0 3 2 3 3 2 3 1 1 2 1 2 2 1 1 0 4 1 1 1 0 2 0 1 1 0 3 2 2 1 3 4 2 2 2 2 0 4 0 2 0 3 4 1 2 2 3 4 2 1 1 2 3 2 2 3 2 1 1 0 1 3 1 0 4 1 1 3 3 3 1 1 2 1 2 2 0 2 2 2 2 5 3 2 2 3 2 4 1 2 1 2 5 1 3 2 2 2 1 2 1 5 1 4 1 1 2 2 0 3 4 3 0 2 5 1 2 1 2 0 3 3 2 5 0 2 1 1 2 1 1 1 4 4 1 2 1 3 2 2 2 1 0 3 1 2 3 1 2 3 4 0 3 0 2 2 1 6 3 2 1 3 1 0 0 1 3 2 4 3 2 3 3 1 1 4 2 0 1 2 4 1 3 3 2 0 2 3 2 2 2 2 3 2 4 1 2 2 3 2 3 3 1 1 1 1 6 3 6 1 0 1 0 0 4 1 4 0 4 2 1 4 3 1 1 3 1 1 3 2 3 2 2 1 2 1 1 0 1 3 2 0 1 2 5 0 4 1 0 1 3 0 1 3 0 2 1 1 5 0 0 2 3 4 6 3 1 0 2 1 2 2 3 1 4 4 2 1 3 1 2 6 3 0 4 2 1 2 1 0 2 3 2 3 3 3 1 1 4 3 3 1 0 1 1 0 2 1 2 5 5 4 2 2 2 1 2 3 1 2 1 0 2 5 2 2 1 0 1 2 1 3 3 3 2 0 3 1 0 3 0 0 2 2 2 0 0 3 2 1 3 2 3 1 3 1 3 0 1 2 2 2 3 2 1 2 1 3 0 1 2 5 4 0 1 2 1 3 1 1 2 5 5 1 1 0 3 3 2 3 2 3 2 4 3 2 1 4 5 2 3 1 1 2 4 2 1 2 0 4 1 4 1 2 2 2 1 4 2 3 2 0 2 0 0 2 0 4 1 0 2 4 1 2 1 0 2 1 3 4 1 1 0 0 3 1 3 2 4 1 3 3 2 2 2 3 1 1 3 2 1 3 1 2 2 4 4 2 2 4 1 0 0 3 2 2 0 1 5 0 1 2 3 2 0 3 2 2 1 2 2 2 0 0 1 3 2 1 2 2 0 2 7 1 0 2 0 1 2 1 3 4 2 0 2 0 2 3 4 4 3 1 4 4 0 1 4 3 4 3 4 0 1 2 1 5 2 2 1 3 3 2 2 1 2 2 1 2 0 3 2 4 1 1 3 2 0 0 0 5 2 4 0 2 0 3 1 1 3 1 4 1 3 2 2 1 2 2 3 1 3 2 1 1 4 1 1 4 2 1 1 2 1 0 3 1 1 4 4 0 2 2 3 2 2 1 4 0 0 1 2 1 1 2 1 4 1 4 1 0 3 2 3 3 1 1 1 0 2 2 2 3 5 3 1 1 1 3 1 2 3 0 2 1 0 2 3 2 4 3 4 3 3 0 2 2 1 3 2 0 3 1 3 6 2 4 2 1 4 3 3 1 3 3 0 0 3 1 2 2 2 2 3 2 0 3 2 2 0 2 1 1 0 0 4 4 2 1 6 2 1 1 4 2 3 1 0 0 0 1 3 1 4 2 0 2 1 1 1 1 2 4 0 1 1 0 5 4 0 1 0 3 3 2 1 1 1 1 1 1 1 3 3 3 1 2 4 2 1 0 3 1 3 2 3 2 1 2 3 1 2 6 2 1 1 2 1 2 1 2 2 5 2 3 2 4 5 1 2 1 3 2 3 2 1 3 3 1 2 2 1 1 2 1 1 6 5 5 2 2 0 3 1 1 3 1 1 4 1 1 1 1 4 0 1 4 1 3 1 2 4 0 3 2 2 1 1 5 3 2 1 1 0 0 3 2 2 3 2 5 1 2 2 1 6 4 4 3 0 4 0 1 1 1 3 0 2 1 1 1 3 2 2 3 2 1 2 1 3 4 1 0 0 3 1 3 2 3 1 2 1 0 3 2 3 3 2 4 2 2 2 2 1 0 1 3 1 3 3 3 1 3 3 0 0 2 2 2 1 4 1 2 4 1 2 3 0 1 3 0 0 1 2 3 0 3 2 4 3 0 1 2 3 1 0 4 1 2 4 5 4 2 1 2 1 2 4 3 1 0 4 1 2 1 1 3 3 3 4 1 1 0 1 3 0 1 2 2 0 1 1 2 3 2 0 2 2 2 3 7 2 1 1 1 0 3 1 1 3 1 5 2 2 2 0 3 2 4 2 2 2 2 2 1 1 4 0 3 1 1 0 1 2 3 3 2 2 2 1 1 2 1 2 5 0 4 5 0 1 3 4 1 4 2 1 0 5 2 1 1 1 3 1 0 2 6 2 2 2 1 1 2 1 1 0 1 0 3 2 3 3 2 3 2 1 2 2 0 0 1 3 1 3 2 2 4 2 1 1 2 3 4 1 0 2 4 4 3 2 1 0 1 1 4 3 2 2 0 2 3 5 1 1 2 1 0 1 1 2 2 2 2 2 1 3 2 2 3 0 0 1 1 1 2 2 3 2 2 2 1 5 3 1 1 4 2 4 2 2 3 2 3 1 3 3 1 3 1 3 0 2 3 1 2 3 3 0 2 1 1 3 2 3 2 1 1 1 5 0 4 0 2 3 1 1 6 3 0 3 2 0 2 2 4 1 1 0 5 2 1 3 2 4 2 2 4 0 2 3 1 1 2 1 5 1 4 3 3 6 0 0 0 2 0 1 5 3 2 2 0 2 2 2 3 3 2 1 5 3 1 0 2 1 3 2 2 3 2 0 3 1 2 0 0 1 2 1 5 1 0 1 3 4 2 1 4 1 2 2 4 2 5 1 5 0 1 2 2 1 2 3 4 1 1 2 3 2 1 2 0 1 3 3 1 3 1 1 2 1 1 4 1 3 3 0 3 1 1 3 3 2 2 3 0 4 1 2 1 2 2 2 5 2 4 0 3 1 3 2 0 1 0 1 5 3 0 1 2 1 2 4 2 1 1 1 4 1 3 2 0 4 3 1 2 1 3 1 5 1 5 0 2 1 3 1 2 0 0 1 1 1 1 0 2 1 4 4 4 3 0 3 2 2 3 2 1 5 3 4 1 2 1 3 2 2 4 0 3 1 1 3 2 2 1 3 0 1 0 3 2 4 3 0 4 3 2 3 0 1 2 0 2 0 1 3 0 3 2 1 1 2 2 3 1 1 2 1 1 3 2 2 1 1 0 3 1 2 4 4 2 4 4 1 0 2 4 1 0 4 1 2 3 5 2 2 2 3 1 4 1 2 1 1 4 1 1 2 0 0 2 1 2 0 2 2 1 1 4 2 2 0 2 1 1 1 2 3 3 4 1 2 0 3 3 3 3 2 1 1 2 2 4 1 0 2 3 1 1 4 1 2 3 2 1 1 2 1 1 2 4 2 2 3 2 2 2 2 1 2 2 1 3 1 1 3 0 2 3 4 3 3 4 5 2 0 1 1 1 3 0 2 1 4 2 1 1 0 1 1 4 3 2 2 1 2 3 2 0 4 2 2 3 3 0 2 0 3 1 2 0 2 1 3 1 2 3 1 2 1 2 0 2 2 4 2 2 2 2 2 1 1 2 2 1 0 2 0 5 2 1 4 3 1 3 1 1 4 3 1 2 4 1 1 0 5 0 1 1 1 0 3 0 4 4 1 2 3 1 2 2 0 2 2 0 7 0 2 3 3 3 2 3 1 0 1 3 3 2 3 2 1 1 3 2 1 1 0 0 0 3 0 6 1 3 1 4 3 2 3 1 2 4 2 0 3 1 3 2 2 5 2 4 0 0 1 2 1 3 2 3 0 1 1 0 1 3 2 0 1 6 1 4 1 2 4 3 2 2 2 2 0 2 1 2 4 1 1 2 3 2 1 1 2 1 3 2 3 0 3 4 3 2 3 2 1 2 2 0 4 2 3 2 1 3 1 3 2 2 2 2 0 2 2 1 3 1 2 1 1 2 5 2 2 2 4 1 1 3 1 1 0 0 0 2 3 1 2 1 2 2 3 0 3 1 1 5 1 1 3 1 1 3 5 2 4 3 0 2 3 2 3 0 1 2 3 2 3 0 2 1 1 4 1 1 4 1 2 3 2 4 6 2 1 0 2 1 0 0 1 4 4 1 2 4 3 3 1 3 2 2 2 1 0 1 5 4 0 0 1 1 2 3 4 2 0 5 1 0 3 3 0 1 3 4 1 1 0 2 0 2 3 2 2 1 0 1 3 3 4 2 3 3 1 0 4 4 1 3 2 2 4 3 0 2 1 2 2 1 2 1 2 1 4 1 3 2 2 2 2 1 5 1 0 3 1 3 2 1 1 2 2 4 3 3 0 2 3 2 3 1 3 6 3 3 3 0 1 0 1 3 3 1 4 4 2 0 0 0 2 0 0 4 0 0 3 2 3 1 3 1 4 0 1 3 1 0 2 1 1 3 1 1 3 0 1 0 4 3 6 3 2 2 2 4 2 2 2 2 3 0 5 1 0 3 1 1 2 3 0 2 2 0 1 2 3 1 1 2 2 2 3 0 1 1 1 0 3 4 0 1 1 1 0 2 1 4 0 2 2 2 4 4 2 1 5 1 2 4 0 6 2 3 2 1 1 2 1 1 3 1 1 0 2 4 1 3 3 3 2 1 1 2 5 3 2 1 4 2 0 1 3 1 1 1 3 0 3 3 3 2 1 6 7 0 0 7 0 3 2 1 1 4 1 3 1 3 2 2 1 3 3 2 3 0 2 3 1 2 2 4 0 1 0 1 2 1 6 2 4 2 3 1 0 1 1 2 3 0 5 7 2 3 2 2 3 3 3 1 1 0 5 0 2 1 3 1 2 2 1 4 2 3 0 3 1 3 0 2 1 1 3 4 4 2 0 1 2 0 1 1 0 2 1 0 6 1 2 1 3 2 0 0 1 3 1 0 5 5 0 3 3 2 1 3 1 1 1 1 4 4 2 0 2 1 2 2 1 4 2 3 2 1 3 0 1 1 0 2 1 1 2 3 1 3 1 4 1 2 0 0 1 2 0 1 0 1 5 4 4 0 2 2 1 1 3 0 4 2 0 1 1 1 1 3 2 1 1 2 1 2 2 2 1 2 1 1 1 0 0 0 2 2 4 2 1 0 2 2 1 4 6 0 3 2 1 1 2 2 5 3 3 1 1 0 1 0 0 2 3 1 1 4 1 3 3 2 3 2 0 3 1 5 2 0 4 5 0 1 2 1 1 1 2 2 1 0 0 4 3 1 1 1 2 1 5 1 2 0 2 2 0 2 3 1 2 2 3 3 1 1 1 1 2 5 1 4 3 4 1 1 1 0 2 2 4 1 1 1 7 1 4 6 1 3 0 2 3 1 1 0 2 0 3 2 1 3 1 0 3 4 2 1 2 1 0 1 0 1 1 4 2 2 2 1 2 2 2 4 3 3 1 0 2 0 4 2 0 2 1 2 1 3 2 1 2 4 5 2 1 3 1 2 1 1 2 2 1 2 3 2 0 2 1 2 0 5 0 1 1 3 1 1 2 2 0 2 5 4 2 2 1 3 0 1 3 4 4 2 5 0 1 2 4 3 1 1 1 0 1 5 1 2 2 1 2 5 3 2 2 1 4 2 1 2 5 3 1 3 2 2 1 3 3 1 1 3 1 3 5 3 0 1 0 0 3 1 5 1 3 3 3 1 2 1 3 3 2 2 0 1 2 2 0 1 3 2 3 2 5 2 4 4 2 3 2 1 2 1 2 3 2 4 4 3 3 1 0 0 3 0 2 0 1 1 3 4 0 0 0 0 0 1 3 3 3 3 1 5 0 0 2 2 2 3 2 1 3 2 3 1 2 2 2 3 0 1 2 3 1 1 0 2 1 1 5 2 4 3 4 1 1 1 1 0 6 4 2 3 2 1 1 2 5 2 4 4 4 2 2 1 2 1 3 2 0 0 2 3 1 3 0 1 0 3 1 2 2 4 2 1 1 3 3 2 3 2 3 1 0 0 3 0 5 0 4 3 5 2 2 1 2 2 4 1 1 3 2 2 2 1 2 4 2 0 2 0 4 3 3 1 3 3 1 0 2 2 1 0 1 1 2 3 3 3 2 1 1 4 3 2 4 0 0 1 3 2 0 7 3 2 1 2 2 4 2 2 5 4 1 3 2 0 2 3 2 1 2 3 3 1 0 0 2 0 2 1 1 3 2 4 5 2 1 3 2 3 2 2 3 0 1 2 3 2 3 3 3 3 3 5 2 1 1 1 1 1 2 3 1 2 0 4 1 5 2 2 3 2 0 2 1 1 2 3 1 3 1 2 2 2 2 4 2 1 0 2 3 4 2 3 1 2 2 3 0 3 1 2 4 2 0 1 4 1 3 2 1 1 4 1 2 3 1 1 3 2 1 3 4 1 0 1 2 3 2 1 0 2 2 3 4 2 0 4 1 0 1 1 4 3 2 3 1 2 0 1 0 1 0 4 3 1 2 3 1 4 4 0 1 1 0 3 1 2 1 2 3 2 0 5 0 2 5 2 0 3 1 2 3 3 2 4 2 0 1 0 3 2 1 2 0 2 3 4 3 0 0 1 3 1 5 1 2 0 3 2 3 0 2 0 3 2 4 1 1 1 3 1 5 3 2 1 1 3 2 3 1 3 4 0 2 1 0 0 4 4 1 1 2 3 1 1 1 1 1 2 3 2 2 0 1 4 2 1 0 2 3 1 1 2 1 2 0 3 2 0 3 6 0 3 0 0 3 0 1 6 2 5 2 2 2 2 3 1 1 0 1 2 2 0 1 2 1 3 2 6 5 1 1 2 1 3 5 1 2 0 0 3 1 3 1 1 1 2 2 2 2 2 4 0 0 0 2 1 5 1 2 0 4 3 4 3 0 1 3 1 1 1 2 2 3 3 3 5 1 2 2 3 2 0 2 2 2 5 0 1 1 5 1 2 1 1 3 0 2 2 6 2 0 2 2 2 0 5 2 2 3 2 2 2 1 1 1 2 2 1 4 4 4 1 1 1 1 0 1 3 1 2 4 0 5 2 2 2 2 3 3 1 0 1 1 1 0 1 2 2 2 4 2 2 0 2 5 1 2 3 3 0 1 4 3 0 0 3 4 2 1 3 4 1 2 1 1 2 2 0 0 1 2 3 3 2 0 1 3 1 0 2 3 3 3 1 1 1 3 4 5 3 1 1 2 1 2 3 1 1 1 1 1 0 2 2 1 5 6 5 3 1 2 3 1 1 0 2 4 2 1 5 0 3 3 3 2 2 3 3 4 3 5 2 2 2 1 1 4 1 2 2 1 1 3 2 2 1 3 3 2 4 0 3 0 3 2 4 0 2 2 0 3 4 1 3 2 2 1 0 2 3 3 3 3 3 0 3 3 0 5 1 2 0 3 2 3 3 1 3 3 3 5 3 1 2 2 4 2 4 3 4 1 2 0 4 2 0 2 2 6 0 4 2 1 3 0 1 2 0 1 1 2 2 1 4 4 2 4 4 0 0 0 1 0 2 1 2 2 1 1 2 1 3 1 2 1 3 4 1 1 4 3 1 2 2 0 4 4 4 0 2 0 3 4 6 3 1 2 1 2 2 1 1 4 3 2 2 3 1 0 2 2 4 1 1 4 1 2 1 0 1 1 3 3 2 2 1 1 1 2 1 1 2 6 5 2 1 3 2 3 1 3 1 0 3 1 4 2 0 3 2 0 0 6 1 2 1 3 2 0 3 2 0 2 2 2 1 1 6 0 4 3 0 1 1 3 4 1 1 1 4 3 3 0 0 3 0 2 0 2 0 2 1 2 5 1 4 2 2 2 1 2 2 0 5 2 1 1 3 1 2 1 0 2 2 5 4 1 1 1 0 0 2 1 2 2 2 0 3 2 3 0 4 1 2 1 2 4 0 0 3 3 2 2 2 1 1 0 1 3 1 1 3 1 1 2 2 0 1 0 3 3 0 3 1 0 2 3 2 3 1 2 2 4 1 3 2 0 3 2 0 2 0 1 1 2 1 3 4 2 4 2 4 1 1 1 1 3 2 3 4 2 2 1 2 0 3 1 1 0 0 3 3 0 2 4 3 3 0 0 0 2 2 2 2 0 1 5 2 2 4 0 2 1 4 3 2 1 3 3 1 2 1 1 4 1 2 2 3 0 3 2 5 2 2 3 1 2 3 1 2 3 6 3 1 2 2 1 1 2 2 1 3 1 1 2 1 0 1 2 3 0 1 1 2 1 3 4 1 3 6 2 1 1 2 1 3 2 4 1 0 0 2 4 1 5 4 2 3 3 1 1 3 2 1 5 3 0 5 1 2 1 2 2 0 2 1 1 1 1 2 3 3 7 3 2 1 2 0 2 2 2 5 3 1 0 1 1 1 2 1 1 2 2 2 1 1 0 3 3 1 5 0 0 2 2 0 3 3 3 1 2 3 0 7 1 2 2 3 1 3 2 2 1 2 2 2 2 1 2 2 2 1 4 1 4 0 1 3 3 1 4 1 2 2 4 2 2 2 2 2 1 2 3 2 1 3 2 4 0 2 2 2 1 2 0 3 1 3 2 2 2 1 6 1 3 0 2 2 2 1 0 2 0 4 1 0 2 2 2 0 2 2 3 2 2 1 0 2 6 0 3 4 0 3 3 0 0 1 1 2 2 3 1 3 2 4 1 3 2 2 0 3 2 3 2 0 3 3 0 2 3 1 1 4 0 3 1 3 1 2 1 0 0 4 2 2 0 2 1 4 2 3 3 2 0 4 2 2 2 1 1 1 3 2 0 2 2 1 2 1 0 3 0 0 6 1 3 3 1 0 1 1 2 1 3 3 0 3 3 3 0 2 1 3 0 2 1 4 1 2 3 3 4 1 2 1 4 1 4 0 2 1 0 1 2 1 3 6 0 0 2 2 3 2 1 3 3 0 2 1 0 3 2 3 0 2 0 3 2 4 2 4 0 2 0 6 0 1 2 3 3 3 0 3 2 0 1 3 2 1 1 3 3 3 2 2 2 0 1 0 3 2 3 3 4 1 3 3 3 0 2 2 2 3 2 2 5 0 5 0 1 4 1 3 2 2 2 2 2 2 1 2 1 1 2 3 5 2 2 0 2 2 4 1 2 2 1 1 0 3 3 2 3 4 2 1 1 5 0 1 3 0 2 2 0 3 1 3 1 4 1 3 3 1 0 3 1 1 0 3 2 1 1 0 2 6 1 1 1 1 2 0 2 4 2 0 1 1 0 4 2 1 1 5 2 5 5 2 4 2 2 1 2 2 3 2 3 3 2 3 2 1 1 0 3 0 2 4 1 5 1 4 0 1 3 0 2 1 3 1 4 3 0 1 0 2 3 4 2 0 2 1 4 6 1 2 3 1 1 1 4 0 0 3 1 4 2 2 2 2 5 2 3 0 2 2 2 3 3 2 2 2 1 4 2 2 2 3 2 1 2 2 0 0 5 2 3 2 0 0 4 2 2 1 2 3 0 3 1 1 6 1 3 5 0 3 0 4 2 2 2 2 2 1 0 3 3 6 4 1 1 0 3 1 0 2 2 4 3 3 0 1 0 2 1 3 0 1 2 1 4 0 1 2 3 1 2 5 1 2 0 3 0 3 0 0 1 2 4 0 3 0 5 3 0 2 1 0 3 2 3 4 3 3 3 2 2 3 2 1 5 3 1 0 3 2 5 1 2 2 1 2 1 3 1 3 0 1 4 3 2 0 1 1 4 3 3 1 2 3 5 0 5 1 2 1 2 2 2 1 2 2 3 2 2 2 2 2 3 1 2 2 2 1 0 4 0 1 2 4 1 1 3 1 1 2 2 1 1 3 1 3 1 1 0 0 4 3 4 1 3 3 1 0 3 1 1 4 1 2 1 1 3 3 1 3 2 3 1 2 2 3 2 0 1 1 0 1 2 1 4 5 4 3 2 1 0 1 0 5 4 4 1 3 2 1 1 3 1 2 2 3 2 2 2 0 0 2 2 1 1 5 2 2 0 1 2 2 3 6 0 0 0 2 2 3 1 2 4 3 4 1 4 2 1 2 0 2 3 2 5 3 3 1 3 3 1 2 0 1 2 1 1 2 4 6 1 2 1 2 0 3 3 1 3 1 2 1 2 2 5 1 4 1 2 1 0 4 1 1 2 1 0 1 1 2 3 2 3 4 4 5 3 3 5 1 0 1 1 1 1 0 0 2 3 2 1 4 4 0 1 3 4 1 2 3 3 1 1 1 1 0 5 3 4 4 2 2 1 2 0 2 4 1 0 3 1 2 4 2 1 1 4 0 1 1 2 1 2 2 3 3 4 2 3 2 4 2 2 3 0 3 1 4 2 1 3 1 1 2 1 1 2 0 2 3 3 4 1 1 3 4 3 2 0 3 3 2 3 0 1 3 0 1 3 3 2 1 0 1 1 1 3 1 3 6 2 1 3 4 1 2 1 1 2 2 1 2 4 1 2 2 1 2 1 0 4 0 1 1 2 0 0 3 1 2 2 5 1 1 5 2 5 2 0 3 1 1 1 2 0 2 6 2 2 2 3 1 5 1 2 2 1 3 2 1 1 6 0 4 1 2 2 3 2 1 3 1 2 2 1 2 4 0 3 1 2 3 2 1 1 3 2 1 1 0 2 1 0 1 2 3 3 0 5 1 1 0 7 4 3 1 1 4 0 0 1 4 1 2 3 3 1 3 2 3 3 0 2 2 1 2 1 2 2 2 3 5 3 0 1 2 0 3 1 2 5 4 0 4 2 0 0 0 2 2 1 1 5 3 0 2 1 0 2 1 1 1 3 3 1 3 2 3 3 1 0 0 5 2 1 2 1 4 1 1 3 0 3 2 1 1 1 2 4 3 4 3 2 1 5 0 1 2 0 2 2 4 6 2 0 4 3 1 1 3 3 2 3 0 0 5 4 0 2 1 1 0 3 1 0 3 1 3 4 0 2 0 2 2 1 3 1 2 3 1 2 3 2 0 2 1 2 2 3 6 3 6 1 2 2 1 0 1 3 3 1 1 3 3 1 2 3 1 1 3 1 1 2 1 2 2 1 2 0 3 2 3 1 1 1 2 2 4 2 1 3 1 1 0 2 3 3 4 0 3 2 1 1 2 3 1 1 1 2 1 2 1 2 2 2 4 4 1 2 3 2 0 1 1 1 2 0 2 0 6 4 2 4 2 0 2 1 3 1 1 2 1 1 2 3 3 3 5 2 1 1 2 0 4 4 4 1 1 6 1 1 1 2 0 1 1 2 0 3 1 2 0 1 2 4 2 3 6 2 2 3 1 2 1 2 1 1 1 2 4 3 0 1 3 5 1 0 5 0 4 0 2 5 1 0 3 3 1 1 4 2 0 4 1 2 1 0 2 3 1 2 3 1 0 0 2 0 4 3 3 1 1 1 1 4 1 2 2 2 6 3 3 1 3 1 1 0 3 1 6 3 5 2 3 1 2 2 1 2 3 3 0 1 2 2 4 3 0 1 1 2 1 1 3 0 2 1 2 1 2 2 1 5 2 2 2 2 1 3 3 0 2 0 3 1 1 2 2 1 1 0 1 1 3 0 4 1 4 1 5 4 1 3 1 2 1 1 3 2 1 1 5 4 2 3 3 2 0 5 1 2 3 2 3 1 2 2 2 3 4 2 3 2 4 3 3 2 3 3 1 1 6 1 1 1 2 0 2 0 2 5 1 1 4 3 4 3 0 0 2 2 1 3 1 2 2 2 3 5 3 2 3 1 1 1 0 1 1 1 4 0 0 1 2 2 2 2 3 1 4 4 0 2 2 0 2 1 3 2 2 1 3 0 0 4 0 3 2 2 0 3 2 2 1 5 4 0 1 0 1 3 3 2 2 4 1 1 0 2 3 3 1 0 4 0 2 3 2 1 2 1 3 1 1 4 3 1 1 0 3 2 2 2 4 2 3 1 4 2 3 0 1 2 1 2 1 3 3 1 5 3 0 2 2 0 2 1 3 6 1 3 3 1 3 2 2 0 2 2 3 1 0 3 1 1 5 1 1 3 5 0 0 2 3 4 2 2 4 2 1 1 3 3 2 3 2 2 2 2 3 2 2 1 1 2 4 0 4 4 2 1 1 1 2 1 4 2 4 1 3 3 4 2 1 2 1 1 0 1 3 0 2 0 3 0 2 3 4 6 6 2 1 3 0 1 1 2 2 6 2 1 0 4 4 1 3 0 2 2 1 2 2 4 4 3 0 4 0 5 2 1 3 1 2 4 1 3 1 1 5 0 5 5 2 3 0 0 1 2 0 0 3 3 3 2 0 0 4 4 2 2 0 1 2 1 2 2 0 1 4 3 3 3 3 0 3 1 1 1 4 5 0 1 2 3 2 4 0 1 4 3 0 3 1 4 3 0 1 3 0 3 6 1 5 1 2 1 2 3 3 1 1 4 4 2 2 1 3 1 0 0 1 5 3 2 0 2 2 1 1 1 5 2 1 1 2 1 4 2 1 4 2 1 3 0 3 4 2 0 2 2 1 2 1 0 2 3 2 1 3 0 2 2 5 2 1 4 1 2 2 4 1 2 1 1 2 2 1 0 0 1 4 1 6 1 2 1 0 1 3 0 0 2 3 0 2 2 0 1 0 2 2 2 1 7 1 5 5 2 5 0 1 2 2 2 1 0 2 4 3 4 1 2 3 0 4 0 0 1 0 0 2 3 4 2 2 1 0 0 3 2 2 3 1 2 3 2 0 0 1 3 1 1 2 1 2 2 3 2 5 1 3 2 2 0 3 3 2 1 0 1 1 3 2 1 1 3 2 2 1 2 4 1 1 1 4 3 1 1 2 3 3 0 1 0 2 1 3 1 1 1 5 4 1 1 5 2 0 2 2 0 4 2 0 4 1 1 1 3 0 1 4 2 3 1 0 2 3 3 1 3 1 3 5 3 0 4 3 2 1 3 1 3 0 1 3 3 1 1 1 3 5 5 0 2 1 3 3 3 2 3 1 3 2 1 1 2 0 1 0 0 1 0 3 2 4 2 0 1 0 2 1 2 3 2 0 0 6 3 3 2 5 0 2 3 0 0 2 3 3 4 1 0 1 2 0 2 4 2 3 2 1 6 4 1 3 4 3 2 1 1 2 1 0 1 3 2 2 0 2 2 2 2 0 3 2 2 2 2 1 2 3 1 2 1 2 2 6 1 2 1 2 1 4 2 1 3 0 1 1 0 1 2 3 2 3 1 0 5 2 1 3 1 3 3 0 2 0 3 1 4 3 5 2 1 2 2 1 2 1 4 6 1 4 0 1 1 1 2 3 2 1 5 2 2 2 0 0 5 4 5 0 1 3 2 2 0 1 4 0 1 1 2 1 1 2 2 0 3 2 1 1 3 5 2 0 1 4 1 1 1 1 1 4 2 2 1 3 0 4 2 2 2 3 3 0 5 1 2 2 3 0 1 3 3 2 2 1 3 2 1 3 0 2 4 1 2 3 2 1 3 3 2 2 2 1 2 4 2 1 2 1 0 4 4 4 1 0 1 0 3 6 2 0 1 6 1 5 1 1 2 4 4 0 0 1 4 3 1 1 2 1 3 2 0 2 4 1 1 0 1 0 2 3 1 2 3 4 1 2 2 1 2 1 4 2 3 0 1 0 3 2 4 4 1 1 6 5 1 3 3 2 0 2 2 3 2 2 2 0 0 4 1 3 2 0 4 4 1 0 2 1 0 1 3 3 2 2 2 2 2 2 3 2 0 2 0 3 4 2 3 5 5 0 6 2 0 1 3 1 2 2 3 1 0 1 2 2 3 0 1 5 2 1 0 0 3 0 5 4 2 1 2 2 2 4 3 4 1 1 3 2 4 1 5 0 3 1 4 1 1 2 4 2 1 2 1 2 2 4 2 1 3 2 3 2 2 4 1 3 3 0 3 2 0 1 1 2 3 0 2 4 1 2 1 1 1 2 2 1 5 2 3 3 0 1 2 4 0 0 4 2 3 1 3 2 0 2 4 1 0 2 3 1 2 1 5 2 2 4 2 2 3 4 2 2 2 1 0 1 3 1 3 3 1 2 1 6 0 2 2 3 5 2 1 0 0 6 2 1 2 1 1 2 2 3 2 3 3 3 4 1 0 1 4 1 2 2 0 0 1 1 4 2 2 0 2 0 1 0 3 0 0 3 3 2 5 2 0 0 2 2 2 0 2 3 0 5 4 4 3 3 1 4 2 4 1 2 1 0 2 3 2 0 3 0 0 4 2 2 1 1 1 2 4 3 1 2 2 4 3 0 2 4 1 1 2 2 1 1 2 0 2 4 2 2 2 1 1 3 1 4 2 6 0 2 2 2 1 0 2 2 2 1 4 3 1 0 2 4 1 1 2 3 1 2 1 2 1 5 3 1 0 2 2 3 1 0 3 1 1 6 2 1 4 3 1 1 0 5 0 1 2 4 3 5 1 0 2 2 2 0 4 3 2 2 2 1 2 1 1 1 2 0 1 1 4 2 1 4 2 2 3 1 1 2 2 2 2 3 5 4 2 2 5 2 0 1 1 1 1 5 0 0 1 3 3 2 4 1 1 0 4 3 0 3 3 1 3 1 1 2 0 2 0 1 1 0 2 4 3 3 3 0 1 5 3 1 4 2 1 3 2 3 2 1 3 1 3 4 1 4 2 4 0 3 1 3 3 0 1 3 2 1 0 2 2 1 3 1 3 3 2 1 2 2 3 3 0 2 3 2 2 3 0 0 1 4 1 2 2 2 2 2 3 2 1 2 1 1 2 0 2 2 4 1 3 0 0 2 1 4 2 3 0 4 3 2 1 0 1 1 0 2 3 4 3 3 4 3 2 2 1 4 1 3 2 2 2 1 5 3 2 0 2 3 2 3 6 2 1 3 2 4 3 3 3 2 1 4 1 0 1 2 2 2 4 1 2 0 1 2 1 0 0 4 0 3 1 4 5 0 4 2 1 0 5 3 1 0 1 3 4 2 4 2 4 3 1 2 1 2 1 1 2 0 3 2 1 2 0 2 3 0 2 2 3 3 2 0 1 1 1 2 3 1 0 1 2 3 4 1 1 1 2 2 2 2 4 1 1 4 1 3 5 2 2 3 4 1 2 0 2 3 2 5 2 2 4 0 0 5 4 3 1 4 1 3 3 4 2 0 1 0 2 2 1 0 2 3 0 0 4 4 0 2 2 3 3 3 5 2 3 0 0 1 3 5 2 1 1 2 1 3 2 2 2 3 5 3 0 1 2 2 1 3 1 1 2 1 2 4 1 1 1 3 2 1 1 2 3 3 4 1 1 2 1 0 4 4 3 2 0 0 1 1 1 3 4 1 0 3 3 2 0 0 2 1 2 3 4 2 3 3 2 0 5 0 1 1 2 0 1 2 3 0 1 4 1 3 1 2 3 1 3 0 3 2 2 1 4 2 1 0 2 4 2 0 1 3 1 3 3 3 0 3 1 2 2 2 5 2 1 1 2 2 0 1 2 2 5 2 3 3 1 1 5 3 1 2 0 1 0 1 4 2 3 2 3 0 2 1 3 0 0 3 0 1 2 4 2 1 0 4 1 5 1 4 2 0 4 2 2 2 0 3 0 4 0 5 0 0 4 2 0 3 3 0 0 2 2 1 1 2 4 2 2 1 2 2 2 3 0 1 5 3 0 1 1 6 1 2 3 1 2 2 2 2 3 0 2 0 2 4 1 0 1 1 0 4 4 2 3 1 3 3 2 2 2 2 0 3 1 2 4 3 2 1 1 4 2 2 3 1 0 2 2 1 3 0 3 3 1 3 4 3 1 0 2 2 1 6 3 2 2 3 2 1 2 0 2 2 2 3 0 0 1 1 6 3 3 4 4 5 4 1 4 2 1 1 0 0 4 1 3 1 2 2 2 1 1 3 1 4 1 0 3 4 0 2 1 2 1 3 2 1 2 1 1 2 4 3 2 1 1 1 3 1 2 5 2 3 2 0 1 1 1 4 2 2 2 2 0 3 2 3 3 2 1 2 1 2 3 1 4 1 2 2 1 1 1 3 1 1 2 2 2 4 3 2 1 3 0 2 2 2 1 0 4 1 2 3 2 4 0 1 2 3 3 3 2 1 1 2 2 2 3 2 0 2 2 1 2 0 3 4 1 1 3 0 4 1 6 3 2 4 2 1 1 3 3 4 3 3 3 0 3 2 1 3 0 4 2 1 4 1 3 4 1 4 1 2 0 5 3 3 0 3 3 1 2 2 2 1 1 1 1 2 0 2 2 0 5 4 1 1 1 3 0 2 0 3 4 2 2 1 3 2 3 4 6 0 0 0 4 4 2 0 2 0 3 3 1 1 0 3 1 1 1 1 1 2 3 2 2 3 0 4 1 0 2 2 2 0 1 4 4 3 0 4 3 4 4 0 1 4 2 4 0 1 0 1 1 1 1 2 2 2 3 1 5 3 2 4 0 1 3 4 3 3 2 0 1 0 2 1 2 1 0 4 2 6 2 2 2 1 0 2 1 0 0 4 3 5 2 3 0 4 1 4 0 1 3 3 4 1 1 2 2 4 0 1 2 4 5 0 4 1 2 2 3 0 4 2 2 1 3 0 3 4 4 1 1 1 3 3 3 2 1 2 0 0 1 2 3 2 2 1 4 3 2 0 0 5 2 4 1 4 1 1 5 1 2 1 2 1 2 0 4 7 1 2 5 1 1 1 4 0 3 2 3 1 2 1 2 3 1 1 2 2 1 3 1 2 2 1 1 2 1 1 3 3 1 2 1 3 2 2 3 2 2 1 1 1 1 2 1 0 0 3 2 4 0 3 0 4 5 3 1 3 2 1 2 2 1 5 3 1 1 2 2 0 2 2 1 2 1 3 4 2 2 2 3 0 1 2 4 2 2 2 4 2 5 1 7 3 0 1 1 2 3 2 1 4 1 1 3 0 3 2 4 4 0 2 0 1 1 1 5 2 2 1 3 2 3 2 4 1 1 2 2 2 1 2 2 1 1 2 5 1 2 5 1 2 2 0 1 1 3 2 4 0 0 2 2 0 3 0 2 3 2 3 3 2 2 3 2 3 1 3 1 0 0 1 3 5 3 2 2 3 1 1 4 1 0 1 2 4 1 3 3 0 2 1 3 2 2 2 2 3 2 1 4 4 1 3 3 1 0 3 1 2 3 4 1 1 5 1 3 1 5 2 2 3 2 2 2 1 2 5 3 1 3 5 1 2 2 1 3 2 2 0 1 1 0 1 0 4 3 0 4 4 4 1 1 1 1 0 3 0 5 0 4 0 1 2 1 4 3 3 2 0 3 1 2 2 2 0 2 2 0 3 0 2 4 2 2 4 1 1 2 2 4 2 3 1 3 2 0 2 3 2 3 1 4 1 1 1 3 5 2 4 3 1 1 3 0 0 2 1 0 2 5 2 4 1 4 2 0 3 1 4 1 2 2 4 1 1 1 2 5 1 4 2 2 2 4 3 1 3 2 2 5 1 1 0 0 2 1 3 0 1 5 0 2 4 1 6 1 1 1 2 1 2 1 2 2 4 0 0 2 5 0 2 6 1 2 2 0 0 3 1 2 0 4 3 2 2 4 1 0 8 1 0 5 1 1 1 1 1 2 1 2 3 1 2 1 1 2 0 7 4 2 2 5 3 2 2 1 4 1 3 2 3 1 0 1 5 1 2 2 2 4 1 1 1 3 2 2 2 1 6 3 0 2 3 2 0 1 1 1 2 3 1 2 0 2 1 0 2 2 1 1 1 3 2 0 1 2 3 2 1 2 4 1 1 0 3 1 3 2 2 2 1 1 2 1 0 3 1 0 3 1 3 3 1 3 1 2 1 3 5 0 4 2 0 2 4 1 0 2 3 2 1 3 3 3 2 1 2 5 3 0 3 3 2 1 2 0 3 1 2 3 1 1 3 2 0 2 1 4 3 1 3 3 3 2 5 0 2 3 1 0 2 3 0 5 5 2 2 0 1 0 4 4 6 2 0 1 3 3 1 4 2 2 1 0 1 1 1 2 0 1 2 5 2 3 4 1 1 2 3 2 3 4 3 2 0 2 2 3 5 2 2 2 2 2 1 3 0 2 2 3 2 1 4 2 0 2 1 1 0 0 1 4 3 1 0 3 4 1 2 2 3 4 3 3 0 2 1 3 3 4 0 2 3 1 1 6 1 2 2 1 2 2 0 0 2 0 4 6 1 1 2 3 1 3 1 4 2 2 2 1 4 0 2 4 2 1 2 2 2 4 2 1 0 0 3 4 3 1 4 5 1 1 0 1 2 5 0 2 0 2 1 1 4 3 3 3 1 0 1 3 0 4 3 0 1 1 3 3 2 3 3 3 2 3 2 3 1 1 0 1 3 1 3 2 1 3 0 2 0 1 3 2 0 3 2 2 1 4 0 2 2 1 1 4 3 1 1 5 1 4 0 5 1 1 3 1 1 1 1 3 1 2 1 2 1 0 0 2 1 2 1 9 0 1 1 3 4 1 6 0 2 0 4 0 3 1 2 3 4 3 3 3 2 1 6 2 2 1 1 2 1 3 1 2 5 2 0 1 3 1 5 2 0 1 0 3 0 1 5 1 3 6 1 2 1 5 1 2 6 2 3 1 3 2 2 0 0 3 2 2 2 1 1 1 3 3 5 2 3 1 1 2 3 2 2 3 1 3 4 1 2 1 3 1 1 2 1 3 2 3 3 0 3 1 1 1 8 2 4 1 1 0 3 5 2 1 2 4 2 0 2 1 4 2 0 2 2 1 4 1 4 1 1 0 1 2 1 1 0 4 4 2 2 1 3 2 4 0 2 1 3 2 2 2 1 2 0 2 2 1 2 4 0 2 2 1 2 1 3 0 1 2 0 3 3 1 2 3 1 2 0 1 1 3 1 2 3 3 3 4 0 1 1 0 2 2 3 1 3 0 0 2 1 3 1 4 1 3 2 0 4 2 2 1 3 4 6 1 2 1 1 0 4 1 1 1 2 2 1 3 1 4 2 0 3 3 1 2 2 2 0 3 3 0 2 5 2 6 3 1 4 1 0 2 1 2 1 5 3 4 2 2 0 4 3 0 0 2 4 6 2 1 2 2 0 1 2 2 1 3 3 3 1 1 1 0 2 1 0 2 5 4 3 2 3 1 3 3 1 1 2 4 3 1 2 0 2 3 0 1 3 1 5 2 1 5 3 4 3 1 3 2 3 3 2 1 0 1 1 1 1 2 4 1 2 5 3 1 2 4 1 2 5 2 1 0 1 3 2 6 2 0 2 1 1 3 3 4 5 2 3 1 0 2 3 1 3 1 2 1 1 3 0 0 2 1 3 3 1 3 2 2 2 1 2 1 1 0 3 4 3 2 0 0 3 0 4 1 5 2 3 1 2 2 2 2 1 0 5 3 1 3 3 1 0 1 1 1 3 0 1 2 0 0 2 0 1 3 5 1 1 1 1 2 1 2 2 3 0 0 1 1 5 3 1 3 2 3 1 3 0 1 2 2 2 3 3 1 2 1 4 3 2 2 2 3 0 3 4 0 1 2 3 2 1 1 0 3 0 1 3 2 2 5 2 2 1 1 1 3 1 2 3 4 0 0 1 1 1 5 0 0 4 2 1 0 1 1 2 2 2 3 6 1 0 2 1 2 1 5 3 2 5 3 1 2 1 2 4 2 1 1 1 3 0 2 4 3 5 0 3 1 1 1 1 1 1 0 0 5 4 0 0 1 2 2 2 3 0 2 2 1 3 4 1 3 2 4 0 0 0 3 4 2 3 1 2 0 0 5 3 1 2 6 3 0 0 2 3 1 3 1 3 0 4 2 2 1 1 3 2 3 1 3 0 0 1 2 0 1 1 1 3 2 4 0 1 2 1 2 0 1 3 1 2 2 4 0 1 2 3 1 4 2 2 2 3 2 2 0 0 3 1 4 1 2 2 7 1 1 2 2 2 1 1 2 0 1 1 6 1 4 4 1 2 3 0 2 3 2 1 3 3 2 3 4 2 0 1 4 2 3 2 1 5 1 2 1 2 3 3 1 0 1 2 2 2 1 2 1 2 3 2 0 1 4 1 1 3 1 2 4 3 1 4 1 0 1 1 5 1 2 2 1 2 4 1 0 1 5 2 2 1 2 0 2 4 2 1 3 2 1 3 3 2 3 1 3 0 1 2 2 2 0 1 1 2 2 4 2 1 0 0 3 2 3 1 1 3 2 2 1 1 3 3 1 2 3 2 1 3 3 1 1 3 2 3 3 1 0 2 1 3 1 1 4 0 2 2 4 2 2 1 0 5 1 1 0 1 2 1 2 0 5 1 3 2 2 3 2 3 0 2 1 0 3 3 2 3 3 5 2 2 0 3 3 1 2 1 4 5 1 1 4 2 0 2 2 1 0 1 2 1 1 3 1 1 0 0 3 3 3 0 0 2 1 2 3 4 1 0 2 1 3 3 1 3 1 1 1 2 3 3 3 5 1 1 0 1 2 1 4 1 0 4 2 4 0 4 4 1 3 1 4 1 1 2 0 2 3 4 3 2 1 4 1 2 1 1 1 2 2 1 4 4 0 2 1 2 0 2 2 2 2 1 0 1 2 3 1 1 3 4 1 0 2 3 2 4 2 3 3 0 2 2 4 2 2 4 0 4 2 3 1 5 2 1 3 0 0 0 5 2 2 2 1 2 2 1 2 2 2 3 3 1 1 1 1 3 1 1 1 0 1 3 1 1 5 1 3 4 2 6 3 1 3 1 1 1 1 0 2 0 2 3 3 3 3 0 1 0 0 1 5 3 2 2 6 2 4 2 0 1 1 4 1 2 4 3 2 4 1 2 0 0 1 3 0 2 1 2 2 3 2 6 1 3 3 3 3 0 0 2 3 4 1 2 5 4 0 0 3 5 1 2 0 5 2 2 1 2 3 2 0 4 2 2 3 3 3 0 1 1 2 1 1 2 0 1 3 4 2 2 3 5 4 1 1 1 3 0 2 0 2 2 1 5 5 3 3 3 1 2 2 2 1 4 1 4 1 1 3 3 3 1 3 1 2 1 1 2 0 2 2 4 0 1 3 1 3 0 1 3 1 4 4 1 3 2 3 2 2 2 0 3 1 0 3 1 4 1 2 0 2 4 2 4 2 0 3 3 4 0 1 1 4 0 2 2 2 3 4 4 4 2 1 1 6 1 1 3 1 3 3 1 1 2 0 1 2 2 1 0 2 0 0 3 2 3 3 2 1 1 2 2 2 0 1 2 1 4 0 2 1 3 1 0 0 1 0 2 3 2 3 2 3 2 0 4 2 3 2 2 3 4 2 3 1 1 3 2 2 5 2 3 1 5 1 3 1 1 1 2 0 0 4 1 2 3 0 4 1 5 2 0 1 1 0 1 4 4 3 1 2 1 1 0 4 3 3 1 0 2 1 3 4 0 2 1 0 2 3 0 2 1 1 1 1 2 3 1 3 2 3 1 0 1 5 4 0 3 2 2 1 1 1 3 1 3 2 3 4 0 1 3 1 0 1 2 3 3 1 3 1 2 2 4 1 3 2 2 0 2 4 2 1 0 5 3 1 0 2 6 0 3 2 4 4 1 1 2 1 3 6 2 2 3 3 2 0 1 3 1 3 1 3 2 1 2 1 1 5 1 0 4 1 4 2 2 3 0 0 2 2 0 1 1 2 4 1 1 0 2 4 3 1 5 0 1 2 1 2 4 3 1 2 2 1 3 1 6 1 2 1 3 1 3 0 2 2 4 1 3 1 4 1 1 4 1 2 2 3 2 3 4 1 4 6 2 3 1 2 0 1 1 2 1 3 1 3 4 0 4 1 2 2 1 1 1 2 2 2 2 3 0 4 1 3 3 3 0 1 3 6 1 1 3 2 1 4 3 0 4 2 3 4 3 0 1 2 1 0 3 5 3 1 4 3 1 5 3 1 0 1 2 2 2 5 3 2 4 2 2 1 2 2 2 1 3 1 2 2 1 0 1 2 3 6 3 2 2 1 3 0 1 0 2 6 3 2 1 3 0 1 4 3 1 3 1 1 2 2 2 1 4 2 2 1 0 2 2 2 1 3 3 1 2 1 3 3 2 1 2 1 2 0 3 0 2 1 4 2 2 2 3 2 1 4 2 1 1 2 3 1 1 2 1 3 2 1 3 5 1 2 2 1 1 4 4 1 2 2 3 2 0 0 1 4 1 0 3 1 1 3 2 2 1 2 4 1 2 2 2 4 2 1 1 2 2 3 2 3 3 0 1 3 2 2 2 3 6 0 4 5 1 2 2 0 3 2 3 0 2 1 2 0 3 3 1 0 2 5 1 2 1 3 4 3 3 5 0 5 6 3 0 0 4 1 1 3 2 0 0 1 3 2 1 0 1 4 4 2 2 2 2 1 1 2 1 2 3 1 3 2 0 1 5 1 2 0 1 4 0 1 0 1 0 2 4 0 0 4 0 3 1 6 1 2 2 1 2 2 1 3 2 2 3 1 0 1 0 1 2 2 0 1 2 7 2 2 3 2 3 1 1 3 0 0 3 0 1 2 2 2 4 1 2 2 0 3 2 2 1 4 1 2 4 0 4 2 3 2 2 1 3 2 2 2 1 0 4 1 2 1 1 4 1 3 2 2 2 2 1 2 3 1 3 1 4 5 2 0 1 3 3 1 3 1 2 4 2 3 1 2 3 2 1 3 1 3 4 3 2 6 2 0 2 2 3 3 0 0 1 5 1 3 3 1 1 0 1 0 5 0 4 0 1 1 1 0 2 1 1 6 2 0 3 2 3 2 1 3 1 6 0 3 1 0 2 2 1 2 0 3 2 2 2 1 2 0 2 0 2 3 1 2 1 3 1 1 0 2 3 2 2 0 3 1 4 1 2 1 0 2 1 7 1 2 2 0 0 3 1 1 0 1 2 4 3 3 3 1 2 0 3 2 2 2 3 4 0 4 2 2 1 0 0 1 3 0 4 2 2 3 2 0 2 3 3 2 2 2 1 0 4 2 2 0 2 1 1 1 4 3 2 1 2 1 0 2 3 2 2 0 1 2 1 3 4 2 3 0 3 2 2 2 4 1 2 4 1 1 2 2 1 2 2 2 3 5 2 2 0 1 1 1 6 2 3 2 2 1 1 2 1 1 4 3 1 2 0 2 1 0 2 1 3 1 1 1 2 2 3 4 2 5 2 2 2 1 1 1 0 5 4 1 0 0 3 2 1 2 3 2 3 2 0 3 0 2 1 1 0 4 1 1 4 4 1 2 5 2 1 1 1 2 3 0 5 0 2 3 3 1 1 1 2 1 1 1 2 0 4 3 2 3 2 2 5 4 5 3 1 1 1 2 1 0 4 2 3 0 2 3 1 0 2 3 4 2 2 1 3 2 1 3 1 4 1 1 1 1 5 1 2 1 7 3 1 2 1 3 2 2 1 1 0 1 3 2 0 0 3 3 5 2 4 0 1 1 3 2 3 4 4 1 2 1 2 2 0 3 1 4 3 0 4 2 3 1 1 3 2 3 4 4 3 0 4 0 3 2 2 1 6 0 1 2 3 1 1 0 2 2 1 1 4 0 1 5 2 3 3 2 1 3 3 1 2 1 3 3 1 3 2 0 5 2 4 2 4 0 1 3 6 4 1 0 2 3 2 0 4 2 0 2 4 1 2 2 3 3 3 4 1 2 2 1 2 3 2 3 3 2 4 3 1 1 2 0 5 1 0 2 2 3 1 1 1 0 2 0 0 1 1 2 4 3 1 2 2 1 3 3 2 2 4 0 2 1 0 3 2 1 2 0 2 0 1 3 0 3 2 0 1 2 2 0 2 2 1 2 4 0 2 5 1 0 0 1 0 2 2 1 1 0 0 1 4 2 2 7 1 2 1 1 0 0 1 4 2 2 3 1 5 4 4 6 3 1 1 1 4 1 3 1 5 3 2 0 3 4 4 1 0 0 2 1 2 4 3 2 2 1 1 3 2 2 2 0 0 3 2 2 3 5 2 0 2 3 4 0 1 1 5 0 1 0 4 1 2 0 2 2 1 4 1 2 4 3 2 1 3 0 2 1 0 2 1 3 1 4 0 2 2 2 4 3 5 0 1 0 0 4 1 5 0 2 3 2 2 2 1 0 0 2 3 2 0 5 0 2 0 0 3 2 2 3 3 1 2 2 2 2 0 0 0 4 2 1 2 1 2 2 2 2 1 1 3 1 2 3 4 0 1 4 0 1 4 2 1 0 1 1 2 2 1 4 1 2 0 2 3 2 2 5 2 1 3 0 2 1 4 2 5 4 2 1 0 3 2 3 3 1 2 4 2 5 2 0 3 1 3 1 1 3 4 1 2 1 1 2 2 2 0 2 0 3 1 2 4 4 1 1 4 2 0 1 3 4 2 4 1 4 4 1 5 3 1 0 4 4 2 0 1 4 2 0 4 3 3 2 1 0 4 0 3 3 0 5 4 1 2 5 1 2 1 2 0 2 2 2 3 0 2 1 0 2 1 2 1 2 2 2 2 3 2 1 2 5 4 1 1 5 1 1 2 1 3 3 2 2 1 3 3 3 2 3 0 2 1 3 2 3 2 2 2 2 2 2 3 3 2 2 3 2 2 2 2 1 1 2 2 0 1 3 1 2 2 1 1 3 0 4 2 4 1 1 3 3 4 4 2 2 1 3 5 2 2 8 1 3 1 1 1 4 4 3 1 2 2 2 1 2 5 3 6 1 1 2 1 2 1 2 3 2 2 0 1 1 0 2 3 1 3 4 2 2 5 2 1 1 0 1 3 0 3 1 2 4 1 2 4 2 1 2 1 0 4 0 1 3 5 2 3 1 4 1 3 1 1 2 3 3 4 2 0 0 4 3 1 3 2 5 3 4 2 2 0 1 0 3 1 3 3 4 5 4 1 3 0 2 1 2 2 1 0 1 1 1 0 2 3 3 1 3 3 0 2 2 1 6 0 2 1 1 1 7 5 4 2 0 0 2 3 4 3 0 1 4 1 2 0 1 0 1 2 1 0 4 0 9 5 2 1 4 0 4 2 2 2 1 0 4 1 1 1 1 1 5 3 0 6 1 1 1 3 4 1 2 1 0 2 1 1 1 4 2 2 2 4 0 1 3 1 1 4 3 1 2 2 5 1 2 1 2 0 2 2 0 2 2 2 0 2 0 2 2 3 3 2 3 4 0 2 2 1 2 1 2 2 2 0 6 1 2 2 1 6 2 0 2 4 3 3 1 0 0 2 3 2 1 3 5 1 4 2 2 0 2 2 1 1 2 2 3 3 0 4 1 4 3 1 3 0 2 2 2 0 0 1 4 2 7 0 2 3 2 3 1 3 7 2 1 2 0 0 3 1 0 2 0 4 1 1 3 0 1 0 4 3 3 0 1 6 0 0 2 1 1 3 1 4 4 1 2 1 1 1 1 2 2 6 0 4 2 3 5 0 3 4 1 1 2 3 1 3 1 0 4 0 1 1 5 2 2 0 1 3 1 4 1 1 2 2 3 2 5 3 1 1 0 1 3 4 0 3 3 0 1 2 1 2 2 4 2 5 5 1 7 2 1 3 2 0 0 1 2 1 2 0 2 4 1 4 1 0 3 0 2 3 0 2 2 6 1 1 3 3 1 0 1 1 3 4 0 0 4 1 0 1 2 4 2 3 1 1 3 4 0 2 3 2 2 2 1 3 2 1 3 2 1 2 2 2 1 1 6 4 2 2 3 1 1 3 1 1 0 5 2 2 4 3 0 1 2 2 3 2 3 6 0 3 4 2 1 2 0 5 3 1 3 2 0 2 1 2 2 4 2 1 1 2 3 2 2 3 0 1 4 1 0 3 3 0 3 0 1 2 2 1 3 2 2 1 3 0 3 3 3 3 1 1 2 3 0 2 2 5 1 1 5 0 0 2 2 3 1 2 1 4 3 1 0 2 2 1 0 1 3 2 2 4 2 6 5 1 3 4 2 1 2 2 4 2 2 1 1 2 0 2 3 0 2 4 2 0 1 3 1 1 1 2 2 1 0 1 3 2 3 2 3 3 1 2 2 4 3 2 2 2 1 6 2 1 2 2 0 3 1 2 2 2 4 3 1 1 2 2 1 0 3 2 3 3 4 0 1 2 2 2 2 1 1 1 0 0 1 2 4 2 1 6 4 3 1 1 3 2 3 0 1 4 2 5 1 1 3 1 1 3 1 3 3 3 6 3 5 0 2 2 4 2 5 1 1 2 1 1 4 2 2 1 2 1 3 3 0 0 2 1 2 0 1 1 2 2 5 3 0 3 4 1 1 2 2 0 2 3 3 4 0 2 0 1 1 3 1 0 0 5 3 2 3 3 3 2 3 2 0 3 1 4 4 1 2 1 1 3 1 0 4 2 1 1 3 3 1 4 0 3 1 2 2 2 6 3 2 1 2 1 2 0 3 1 1 2 0 1 2 3 0 2 4 3 0 1 3 1 0 4 2 2 1 1 2 2 3 1 2 4 0 0 3 2 5 3 1 2 3 0 2 2 0 2 1 3 3 3 1 0 3 2 4 2 3 0 2 1 3 2 3 3 4 1 1 1 2 1 1 1 0 5 1 1 3 3 1 2 3 1 2 2 2 3 2 3 0 4 0 2 1 1 3 1 1 1 1 3 1 2 1 2 1 0 3 1 3 3 2 3 0 3 1 4 2 1 2 1 4 4 0 1 2 2 1 1 3 3 6 2 1 2 0 1 4 3 3 2 1 1 2 1 2 1 3 4 2 0 2 4 1 1 1 2 4 3 4 0 2 1 2 3 2 0 2 0 1 2 1 4 1 0 3 2 2 0 1 1 2 1 3 2 2 3 0 2 3 1 1 2 4 1 1 4 2 1 0 1 2 3 3 1 2 3 1 3 2 2 2 3 1 2 1 4 3 1 0 2 3 1 1 3 5 2 0 1 1 3 3 1 2 4 1 0 1 2 0 1 4 2 1 2 2 4 3 4 1 2 2 0 3 4 0 1 2 2 2 1 2 1 0 1 3 3 2 2 2 2 2 3 2 2 1 1 3 1 5 1 2 3 1 0 1 5 2 1 2 1 3 3 1 2 2 4 1 0 3 1 3 2 3 1 1 0 2 0 1 1 3 2 1 1 1 5 2 0 4 3 1 1 4 0 1 2 1 1 3 2 2 2 0 3 1 4 1 2 3 3 0 2 0 0 3 0 1 4 3 3 0 3 2 2 2 3 0 2 1 1 4 2 4 2 4 1 1 2 5 3 0 4 4 1 1 1 4 2 1 0 2 3 3 0 3 2 3 3 2 3 2 3 4 1 2 1 2 1 1 1 1 1 1 1 3 1 0 3 3 1 5 2 2 2 1 2 3 1 2 0 3 4 0 3 0 1 3 0 2 2 1 1 3 3 2 3 3 3 3 0 3 3 0 4 1 4 0 1 1 2 3 5 2 1 3 2 0 2 2 3 1 2 1 2 3 2 4 2 5 1 2 0 1 4 2 2 2 1 1 3 1 3 2 3 1 2 4 0 0 2 4 1 3 2 0 2 2 1 4 0 1 0 0 0 2 6 2 3 3 1 2 3 2 1 2 2 2 2 1 2 4 3 3 3 0 2 0 2 3 0 3 1 4 0 5 0 1 4 2 2 1 2 4 0 0 4 3 1 3 4 2 3 2 2 2 2 2 2 0 2 2 3 0 5 1 4 1 2 2 3 2 0 0 2 1 2 3 2 5 2 1 0 3 1 2 3 2 2 3 2 3 4 1 4 1 2 2 0 0 1 4 3 2 2 2 6 1 4 1 0 0 1 2 2 3 0 2 0 2 2 4 2 2 0 6 3 1 1 1 2 1 2 2 1 1 2 1 2 2 3 2 5 2 1 2 1 1 0 2 1 3 2 3 1 1 2 0 2 4 1 1 1 2 1 5 2 3 2 5 0 2 1 2 2 0 4 3 1 3 4 1 2 1 1 4 2 2 2 1 1 3 0 1 4 0 1 3 4 3 1 1 3 2 4 3 3 1 1 2 0 2 0 4 1 5 3 1 2 2 1 3 1 1 3 1 2 3 2 2 1 3 2 1 1 1 2 2 1 1 0 0 1 2 2 2 4 0 0 2 1 4 0 2 2 5 5 4 0 4 0 2 6 0 3 1 2 2 1 1 4 0 1 1 2 2 3 1 2 2 1 1 2 1 4 1 1 5 2 0 5 1 1 1 0 3 2 2 2 1 2 4 2 0 2 1 1 2 3 1 2 3 1 1 2 3 3 4 2 3 3 2 3 3 1 1 1 0 0 1 3 2 2 3 3 1 7 0 2 3 2 2 6 0 1 1 1 4 5 1 1 1 3 0 3 5 2 4 2 0 3 1 1 3 2 3 5 0 1 3 1 4 0 2 3 2 2 4 2 2 3 1 2 2 1 1 3 5 1 1 3 2 3 0 4 5 1 1 3 3 2 2 1 4 1 4 1 0 2 0 2 2 1 1 6 1 0 3 0 3 3 1 1 0 5 1 2 1 2 0 0 2 4 0 1 3 5 1 1 2 3 0 1 2 0 4 0 0 1 2 0 2 3 2 2 2 0 0 2 0 1 2 1 2 3 1 1 1 3 2 7 0 2 2 0 2 1 0 1 2 2 0 1 2 2 3 0 3 2 3 2 1 1 1 0 6 2 2 1 2 1 4 5 1 1 0 4 3 1 2 2 3 0 2 2 1 2 3 1 1 5 0 2 1 0 0 2 1 1 2 3 0 2 2 2 1 4 2 3 4 3 1 1 2 2 2 1 4 1 1 1 0 6 2 4 4 1 3 5 0 1 4 1 3 0 2 2 3 1 2 1 2 0 1 4 0 3 4 3 1 3 1 2 5 2 3 1 2 4 1 0 2 3 2 2 3 2 4 3 2 0 2 2 1 1 2 6 5 3 1 1 2 1 3 4 2 1 3 0 0 4 1 0 1 2 3 3 2 2 2 2 5 2 1 1 4 3 0 1 2 1 2 2 1 0 0 3 1 4 3 2 1 0 2 2 2 3 4 3 2 1 2 3 2 1 1 1 2 2 0 1 3 1 0 2 2 3 0 4 3 1 0 2 1 2 1 3 0 3 3 4 1 2 0 2 2 2 2 3 4 1 2 0 2 1 1 2 2 1 2 4 2 1 2 3 4 1 2 3 3 1 5 1 3 1 2 1 3 1 3 1 2 1 2 1 3 1 0 1 3 1 1 4 2 4 2 0 1 1 3 2 0 2 3 4 2 1 3 1 3 3 0 1 1 3 0 3 2 0 1 1 2 2 0 1 1 1 4 2 2 1 4 2 2 2 3 3 1 3 3 2 2 4 2 0 0 3 3 1 2 2 1 0 0 3 1 3 3 4 2 2 1 2 1 3 2 1 0 4 5 2 3 1 4 2 1 2 1 3 3 3 3 1 5 2 1 1 1 2 2 3 2 0 1 4 2 1 2 1 3 1 2 2 2 0 4 1 1 3 2 4 2 4 1 1 1 0 4 2 3 1 6 3 1 2 5 1 3 1 0 4 1 0 1 2 3 2 2 3 2 2 4 1 1 2 2 2 2 2 1 3 4 2 4 0 2 5 2 5 0 0 3 1 2 1 1 2 3 4 2 2 3 2 2 4 0 1 2 1 3 0 0 0 2 4 0 2 2 1 2 1 2 2 2 1 4 3 1 3 3 1 3 2 3 0 0 4 2 0 3 1 1 0 4 1 3 1 3 4 1 0 6 3 0 2 2 1 5 2 1 2 1 2 3 4 1 4 1 1 2 2 2 0 4 2 6 1 1 0 1 2 0 1 3 1 1 4 1 3 3 0 1 2 1 2 4 0 2 2 1 4 1 2 5 2 0 2 3 0 0 2 3 2 3 5 2 3 0 1 0 0 2 3 1 1 2 2 0 2 2 3 1 2 1 3 0 2 0 1 5 0 1 2 5 4 2 2 2 1 1 1 3 2 1 3 1 1 1 4 2 2 0 1 1 0 4 3 0 5 4 0 0 2 1 2 4 2 2 0 0 2 2 4 1 2 0 4 3 2 2 1 0 5 4 4 3 1 0 2 3 1 1 0 3 2 1 2 2 4 1 2 2 0 1 1 5 4 1 3 2 1 1 0 3 2 2 4 1 3 3 2 2 1 0 2 1 3 3 2 2 2 0 2 2 3 0 2 4 0 0 3 1 3 2 1 0 2 5 1 2 2 3 4 1 2 2 1 3 2 1 2 5 2 1 3 2 3 3 1 2 2 2 1 2 2 2 1 6 3 1 2 0 2 1 2 2 0 1 7 1 2 2 2 0 6 3 1 3 3 0 0 4 0 0 1 5 1 2 7 2 1 2 1 3 0 2 4 3 2 0 1 2 2 0 1 2 3 1 2 3 2 2 1 2 3 1 5 0 4 1 4 0 1 1 3 2 0 3 3 0 2 2 0 1 1 0 3 4 0 1 2 3 0 3 0 0 2 5 1 2 1 2 3 1 1 5 2 2 0 5 1 1 2 2 6 2 1 3 1 1 1 2 0 0 5 2 2 2 2 2 1 4 2 1 2 1 0 3 5 1 3 3 1 1 4 1 2 4 1 0 2 5 1 4 2 0 1 3 1 5 1 1 2 0 1 0 3 4 1 1 2 1 3 0 3 1 2 1 2 3 5 2 2 1 2 0 1 1 2 1 4 1 2 1 0 2 2 2 3 4 3 0 2 4 3 1 0 1 4 0 2 4 0 2 2 4 2 5 3 3 0 1 2 1 6 4 0 3 3 3 0 2 3 1 2 1 1 1 5 4 5 2 1 0 0 0 5 2 2 0 2 1 0 3 2 1 1 0 0 0 2 5 0 2 2 2 3 2 4 2 2 1 1 3 2 2 0 2 3 2 4 2 1 3 0 1 1 1 2 1 2 2 1 3 1 2 1 2 8 1 4 1 2 1 2 1 0 4 1 0 2 2 1 4 1 2 2 2 6 1 1 3 2 3 3 0 3 3 2 0 5 1 0 4 2 1 0 1 2 0 2 1 1 7 3 4 5 2 3 3 2 0 1 0 2 3 4 4 1 4 0 1 1 1 1 2 3 1 3 3 2 1 3 4 2 6 4 3 1 1 1 2 3 3 2 1 2 2 2 1 1 2 3 2 0 0 1 4 2 5 3 0 2 1 1 3 4 1 1 5 3 1 4 2 6 0 0 0 2 2 2 7 3 2 1 2 6 2 1 3 2 0 1 1 3 1 3 4 3 1 1 5 3 1 3 3 1 0 2 1 1 3 4 3 5 1 2 2 3 1 1 1 0 1 2 3 2 4 0 3 1 4 3 2 2 0 0 5 1 1 1 3 2 3 4 0 5 2 1 2 2 2 2 2 3 0 1 1 2 2 2 2 1 3 1 3 3 3 1 4 1 2 1 2 0 1 0 1 1 1 1 1 1 5 1 4 1 4 0 1 4 3 2 2 0 3 0 2 2 0 2 1 6 2 2 1 2 2 4 4 1 1 2 3 1 3 2 1 4 1 2 2 3 4 1 1 1 5 0 1 2 3 4 0 0 3 0 1 2 3 2 1 1 4 3 1 0 0 2 2 1 2 2 3 1 2 0 5 2 1 1 4 0 6 1 0 2 2 2 1 1 1 3 0 2 0 2 4 1 1 4 0 0 1 3 3 2 6 4 2 0 0 2 2 3 4 2 5 1 4 1 4 2 1 2 1 3 1 1 1 2 2 2 5 4 0 3 2 1 1 2 3 3 4 1 0 1 1 3 1 1 0 2 4 1 0 0 4 1 2 2 2 2 0 1 1 2 3 5 1 3 0 2 1 0 0 1 2 4 3 1 2 0 1 1 1 0 2 3 4 4 2 1 2 3 0 2 0 5 1 3 2 2 0 3 2 3 3 0 0 0 2 2 0 2 1 2 3 2 4 1 4 0 2 2 1 0 3 1 2 3 1 5 2 3 1 1 1 2 3 2 0 1 2 3 1 1 3 4 0 1 2 2 1 3 1 0 1 2 0 2 2 1 4 2 2 2 2 5 2 1 1 1 1 2 2 1 1 3 3 2 1 2 1 3 2 4 2 1 3 7 3 3 3 1 6 2 3 1 4 5 0 3 2 2 0 2 4 3 3 1 0 4 1 3 1 2 3 1 2 2 0 3 3 1 1 3 2 1 0 1 3 1 2 2 0 3 4 3 2 1 3 1 2 3 2 1 1 1 3 0 3 3 1 0 1 6 2 1 1 2 2 5 1 2 0 1 3 3 3 3 2 0 2 1 2 2 0 1 2 4 5 3 0 1 1 0 1 3 2 6 2 2 1 2 1 1 4 2 1 1 1 2 3 4 0 1 5 0 0 1 2 2 3 5 1 0 3 3 3 3 2 1 1 1 1 7 0 6 2 1 3 3 4 0 5 0 1 2 0 2 2 1 1 2 1 3 2 2 0 1 1 2 1 1 2 1 1 2 0 2 3 1 0 0 2 2 2 4 3 0 5 4 1 2 1 3 1 4 3 2 1 1 2 1 3 1 1 0 2 0 5 1 1 3 0 2 4 3 1 1 1 3 1 1 5 4 1 0 3 5 4 1 3 2 2 3 1 2 2 1 0 6 1 0 3 1 1 0 0 0 1 3 0 2 2 0 2 3 3 3 2 3 2 0 2 3 1 2 1 4 0 2 0 4 2 1 1 3 2 3 3 2 3 1 3 1 1 1 2 4 1 1 4 1 3 1 4 3 1 0 0 1 4 3 2 1 2 2 4 3 1 2 1 2 2 3 2 1 3 3 3 1 1 1 2 4 2 0 1 1 4 2 2 3 1 0 2 3 4 3 1 1 5 3 2 3 2 1 1 3 2 2 1 2 2 2 3 1 1 0 1 2 1 3 2 1 1 2 3 1 2 4 2 3 3 6 3 0 2 1 3 2 1 1 0 2 0 2 1 3 1 1 3 2 2 4 1 1 0 3 0 1 1 2 1 1 2 3 0 2 3 2 0 1 4 1 2 1 4 1 3 2 1 2 5 3 4 4 2 4 1 2 1 5 1 3 2 1 2 1 1 3 1 1 2 3 3 0 1 1 1 4 2 2 0 0 3 3 1 5 3 3 3 0 4 0 2 0 4 2 2 3 2 6 0 2 2 2 4 3 4 2 2 0 0 0 0 0 2 1 2 2 1 3 2 2 0 2 2 3 0 1 1 4 3 1 2 4 3 3 1 4 1 2 0 2 1 3 2 0 4 0 1 1 4 2 2 3 1 5 2 0 1 2 1 5 2 2 3 1 0 4 0 4 3 3 1 1 3 2 5 2 6 1 1 2 1 1 3 1 2 2 1 2 1 2 2 3 1 0 3 0 3 1 0 4 5 2 4 0 4 2 1 0 4 3 4 2 0 0 0 1 5 3 0 3 2 7 4 2 1 4 4 2 1 2 2 5 2 0 3 1 1 2 3 2 1 3 1 1 2 1 1 2 3 1 0 3 2 3 3 3 2 1 1 0 4 1 0 0 3 2 2 6 4 4 1 1 1 2 1 4 3 1 1 2 1 1 1 4 6 4 1 1 1 2 3 0 2 1 2 1 2 2 1 1 3 2 3 1 3 2 1 2 1 2 3 3 1 1 0 0 3 2 2 0 2 2 1 2 1 2 2 2 3 2 1 2 0 4 1 3 0 1 0 1 4 2 2 0 0 0 4 2 1 4 2 2 1 1 1 1 2 5 3 1 2 0 2 1 1 3 2 2 0 1 3 2 2 4 1 4 2 2 3 2 4 1 2 2 4 3 3 0 0 0 0 0 4 2 0 4 4 1 1 2 4 0 5 1 0 3 3 1 1 2 1 3 1 3 0 2 1 2 1 3 4 1 1 2 3 1 4 1 0 3 0 3 1 1 2 3 3 3 0 1 0 0 2 3 2 0 2 5 3 1 2 2 3 0 2 3 2 2 4 2 1 3 1 1 2 3 6 0 2 2 3 6 0 3 1 3 5 2 3 2 2 2 1 3 2 0 3 0 1 3 1 2 1 3 3 3 1 4 2 1 1 2 4 2 2 1 0 2 2 3 3 0 3 4 0 2 3 2 4 1 2 1 2 2 0 3 2 0 0 2 2 2 2 3 2 2 1 2 3 2 2 4 0 1 1 1 3 1 3 2 3 1 1 4 3 1 2 0 5 1 3 0 2 1 1 3 3 3 2 2 4 4 1 3 1 3 3 3 4 2 0 4 2 1 5 3 2 0 0 2 4 1 2 2 3 0 5 2 5 1 4 4 3 0 2 0 1 3 3 2 1 0 1 2 4 3 2 0 3 2 2 3 1 2 1 0 2 3 2 2 3 1 3 1 2 1 0 0 2 3 2 0 1 2 1 2 2 3 2 4 2 1 4 2 3 2 2 1 1 3 0 1 3 1 1 0 1 2 2 3 2 2 3 2 2 4 2 3 4 4 1 1 1 0 0 2 2 2 3 4 2 2 1 5 0 2 3 2 1 1 6 2 1 1 1 2 1 2 2 3 2 4 1 1 5 4 0 3 2 1 1 3 2 0 4 1 1 3 0 0 2 1 2 1 1 3 0 3 4 2 1 3 4 1 1 3 3 1 1 4 0 0 3 2 0 4 0 1 4 1 2 0 4 3 1 1 1 2 3 1 3 6 1 4 1 1 1 4 1 1 3 3 1 2 1 1 1 2 1 1 4 5 3 1 1 1 0 2 0 2 0 2 1 3 0 4 2 2 1 1 0 4 2 3 0 2 3 1 2 2 1 3 1 4 3 1 3 3 1 0 1 1 0 1 2 4 2 3 2 2 2 1 1 1 2 4 4 3 3 3 5 2 1 5 1 3 3 2 2 3 4 2 5 1 1 2 2 1 2 3 4 2 0 2 0 1 1 3 1 2 1 1 2 2 4 2 3 2 1 1 2 4 1 3 2 4 2 1 2 1 0 2 3 1 3 6 1 3 1 2 4 3 3 2 0 0 5 1 1 2 0 4 3 2 2 1 1 3 1 0 4 0 2 4 4 3 3 1 0 5 3 1 2 3 1 2 2 3 1 1 1 1 4 1 5 2 4 3 3 3 2 2 1 2 2 3 1 1 3 0 2 4 2 3 1 0 2 1 2 2 1 4 4 1 0 3 0 1 0 3 2 1 3 1 1 1 3 2 2 3 2 2 2 2 2 0 1 0 2 5 4 4 2 1 0 1 3 0 2 1 4 0 1 3 0 0 3 2 3 1 2 2 1 5 3 2 3 5 3 3 1 2 4 1 2 2 1 3 1 1 2 0 0 1 5 3 1 1 2 1 2 3 2 2 3 0 2 1 2 3 2 0 1 1 2 2 1 0 1 0 4 0 2 1 0 1 2 2 4 2 1 3 3 3 3 2 1 0 3 2 1 0 3 0 3 4 3 3 1 4 3 3 2 4 2 0 3 1 1 1 1 2 1 2 3 1 2 2 2 1 4 1 3 3 1 3 2 1 4 1 3 2 0 2 2 4 3 1 3 2 1 2 1 1 2 2 3 3 2 3 5 2 1 1 2 1 2 3 5 1 1 1 1 3 0 2 2 1 1 4 1 4 1 3 2 1 1 1 0 2 0 3 2 2 3 5 2 1 3 1 2 4 1 2 3 0 1 1 2 2 2 3 2 3 1 1 0 2 0 4 1 1 3 4 4 3 1 3 2 2 0 2 4 3 0 1 2 2 1 1 1 3 1 0 2 2 1 2 2 1 1 0 5 1 5 4 1 4 2 0 1 3 2 0 1 1 2 2 2 2 4 3 0 2 3 1 2 4 3 3 2 5 0 2 1 2 0 1 4 3 0 1 1 1 0 3 1 2 4 4 1 1 1 2 2 2 1 2 3 2 1 2 1 3 3 2 2 4 2 2 1 3 0 1 5 1 1 5 1 4 2 0 2 1 1 1 3 1 5 1 1 1 3 2 4 1 1 1 1 4 2 0 1 2 0 3 2 2 5 2 4 1 1 3 4 2 2 2 1 0 0 2 2 3 2 0 1 1 3 5 3 0 2 1 0 3 0 2 3 1 4 3 2 1 2 1 1 1 4 1 1 1 3 2 2 2 3 1 1 3 1 1 1 2 2 1 2 2 5 7 2 0 1 0 0 3 2 3 3 1 1 4 3 2 5 5 5 0 1 1 1 2 1 2 0 2 1 3 2 0 1 4 1 1 4 3 1 4 3 0 6 1 4 1 2 1 2 3 2 0 2 3 2 1 6 0 0 2 1 5 1 1 3 1 1 2 5 2 3 3 0 1 2 0 1 1 2 3 5 0 2 1 2 2 1 2 2 0 6 2 0 2 1 0 1 0 4 2 1 2 1 6 0 1 3 4 0 3 2 3 3 0 4 4 2 3 2 3 1 1 2 1 0 1 0 5 2 1 2 2 1 2 1 1 0 4 2 1 1 0 3 2 0 5 1 2 2 3 0 3 0 2 1 3 1 2 1 1 4 3 1 3 3 3 5 0 3 1 1 1 1 0 3 1 2 1 0 2 2 2 2 2 0 2 3 0 2 1 2 1 7 1 0 1 1 2 3 3 4 5 1 1 2 3 2 2 1 1 3 3 1 0 2 3 4 1 3 0 2 2 3 0 2 4 2 2 2 4 1 3 2 0 0 4 0 0 2 3 2 2 4 0 1 1 1 2 2 1 3 3 3 1 2 1 1 3 1 4 1 4 4 3 0 3 3 3 0 1 3 3 1 3 2 2 3 3 1 2 1 4 0 1 4 2 2 3 2 2 1 1 2 0 1 2 3 2 0 4 2 1 3 2 1 3 2 1 1 2 4 2 2 2 1 4 2 2 0 2 2 2 2 1 0 4 0 0 1 1 3 4 2 3 1 2 1 0 1 2 2 1 1 3 2 2 3 1 3 1 5 1 2 3 0 4 0 1 1 0 0 3 0 3 2 4 1 2 2 4 0 1 2 1 4 1 3 5 1 3 2 2 1 1 1 0 2 2 3 4 2 3 1 2 2 0 0 2 1 1 3 4 1 1 0 2 1 5 2 2 1 1 1 3 3 3 0 3 1 0 1 0 3 0 2 1 4 2 3 6 1 0 2 2 2 3 1 2 0 1 4 1 2 1 1 2 2 2 2 0 3 2 1 1 1 3 1 3 4 4 0 3 0 0 1 3 5 0 1 1 2 1 2 1 0 1 1 0 1 1 4 2 0 2 3 2 0 2 3 3 2 2 2 1 5 3 1 3 4 2 4 3 1 0 3 1 2 2 1 2 2 0 2 3 3 2 4 2 1 0 1 2 3 4 2 2 3 3 0 0 2 1 0 3 6 3 2 5 3 1 1 0 0 2 1 3 3 2 2 3 1 1 2 3 1 1 2 1 1 1 2 2 2 1 4 0 2 3 2 0 1 3 2 4 2 4 3 0 2 0 3 1 1 3 3 1 1 1 2 0 3 2 2 2 2 1 2 5 2 3 3 1 1 1 0 0 2 6 1 4 0 3 2 1 1 2 0 6 1 1 1 3 0 2 2 1 1 4 4 0 1 0 3 5 3 0 2 3 1 1 2 3 1 2 1 3 0 2 1 3 0 2 4 4 3 3 1 2 2 2 4 3 1 0 1 3 2 3 2 1 2 1 2 3 3 3 0 2 1 2 1 0 2 6 6 0 1 2 3 2 1 3 1 3 0 4 5 0 2 1 4 3 3 5 1 0 6 5 3 0 1 3 4 3 2 0 1 4 5 3 0 0 2 2 1 2 0 1 2 3 4 4 2 2 1 1 0 2 5 0 1 4 1 2 0 2 3 3 0 1 3 0 1 3 3 2 1 4 3 1 3 5 3 2 3 0 1 4 3 1 1 6 1 1 1 1 1 2 1 1 4 3 2 1 3 1 1 2 6 5 4 2 3 4 1 1 0 2 1 0 1 2 3 2 1 5 3 1 2 2 4 2 1 5 3 2 0 1 2 0 1 1 2 1 3 2 3 0 1 0 3 0 0 3 0 1 2 2 1 2 0 0 1 2 2 3 1 0 2 0 1 3 1 4 2 2 3 2 4 3 1 4 1 0 4 3 0 5 3 3 1 0 1 0 2 3 2 2 4 6 4 1 0 2 3 0 0 3 0 2 2 5 2 1 4 3 1 2 3 3 3 4 4 1 1 0 2 2 2 1 1 3 4 2 2 4 2 1 2 4 2 0 3 2 1 2 3 1 2 2 2 4 1 3 3 3 2 5 3 1 3 2 2 1 5 1 0 4 3 1 2 1 1 3 3 0 0 1 1 1 2 4 0 2 1 5 3 2 1 2 3 1 1 0 1 3 1 0 2 3 2 4 3 0 2 1 3 3 1 5 6 1 1 3 0 2 4 0 3 0 2 2 1 0 0 3 1 3 1 4 2 1 1 2 0 3 1 3 4 2 2 0 1 0 8 2 1 0 1 2 2 4 2 4 1 2 1 3 1 5 2 1 2 2 0 0 2 2 3 3 1 3 1 4 2 2 1 3 5 0 1 3 2 1 2 2 2 4 3 1 3 1 1 1 1 0 0 6 3 2 1 2 4 1 2 2 1 1 1 2 0 0 6 2 2 5 1 5 1 1 2 1 1 3 2 3 2 5 3 2 2 2 0 1 2 0 2 1 5 4 2 0 3 1 2 2 1 2 3 0 2 1 0 2 1 2 3 3 1 3 1 4 2 2 1 0 3 4 3 6 2 3 0 1 4 1 2 1 2 3 2 1 4 2 4 4 1 3 2 4 1 2 3 0 0 2 1 2 4 2 4 4 1 1 5 2 2 1 1 3 2 3 3 0 3 2 1 2 0 0 2 1 5 4 1 3 1 1 2 3 1 3 2 5 1 4 3 3 2 3 1 1 1 2 2 1 2 0 0 4 2 2 4 3 3 3 1 2 4 3 3 4 2 3 2 1 3 3 2 1 1 2 3 1 1 2 3 1 4 1 0 2 3 3 2 3 3 1 3 1 2 1 3 2 2 3 2 2 2 2 2 3 7 1 1 5 3 1 0 3 0 1 1 1 3 3 4 4 1 0 3 3 4 0 2 2 2 3 1 0 3 1 4 1 1 2 2 4 3 3 3 1 3 2 3 3 3 1 2 0 0 3 3 2 2 1 2 2 1 2 2 4 0 1 1 2 4 0 1 1 1 3 1 1 4 1 3 2 1 2 1 1 1 2 1 1 3 2 0 0 2 0 1 1 1 4 1 1 3 0 2 3 3 3 2 4 1 2 1 2 2 2 1 1 1 1 2 2 2 3 2 1 1 3 3 0 5 1 0 3 1 1 1 5 1 1 1 4 2 2 2 5 1 4 2 3 2 2 3 0 2 4 2 1 1 3 4 2 4 1 2 3 2 3 2 1 0 1 2 1 1 5 1 1 1 3 2 2 2 3 1 2 0 2 1 3 1 2 5 2 2 2 4 1 1 5 2 1 2 0 2 0 1 1 3 2 1 3 3 2 0 3 1 2 4 2 1 3 3 3 1 2 1 1 2 1 3 2 2 1 2 3 1 2 3 0 1 2 4 5 3 1 6 2 1 2 0 0 2 2 1 1 2 0 0 2 3 1 0 2 2 0 0 2 4 2 4 2 1 3 1 2 5 1 0 2 2 2 1 4 3 4 0 2 2 2 0 3 1 4 3 0 2 2 1 3 3 1 0 1 1 5 3 1 2 3 3 1 2 0 1 1 3 3 3 0 1 1 2 0 3 0 4 4 1 1 2 2 2 1 1 1 2 3 3 2 1 1 1 0 0 3 4 0 2 1 0 2 1 3 3 2 1 0 4 5 1 4 2 2 0 1 0 4 2 2 1 0 2 1 2 2 1 1 2 1 0 1 6 1 1 3 3 2 1 2 2 2 1 0 3 2 1 1 3 1 2 2 2 3 2 2 1 2 0 4 1 3 1 2 3 3 2 4 1 4 1 1 1 4 0 0 3 3 1 1 1 1 4 1 1 4 0 3 3 3 3 1 4 2 0 1 0 2 1 1 1 5 0 1 1 2 3 0 2 3 0 2 3 0 2 4 4 1 2 1 1 2 2 2 3 5 1 4 1 5 2 2 3 2 3 2 1 0 4 0 0 3 3 3 0 0 1 2 2 0 2 3 1 2 3 0 1 1 2 1 0 4 0 2 3 4 1 1 1 1 1 3 3 2 1 1 5 3 6 1 0 0 1 2 3 2 5 1 0 3 1 2 2 5 2 3 1 0 0 3 1 3 2 1 1 2 5 1 2 5 2 3 1 3 2 2 3 1 3 2 6 3 0 2 4 1 3 5 2 4 1 1 1 1 2 2 2 5 1 1 4 2 1 5 0 1 5 1 3 3 3 1 1 1 3 1 1 0 1 4 0 4 3 4 3 1 5 2 2 4 4 1 1 1 2 0 2 0 2 4 3 1 3 2 1 3 2 2 1 1 1 4 1 2 0 0 4 4 1 2 2 0 2 3 0 2 5 4 2 5 5 1 0 2 0 3 3 1 1 3 4 0 3 0 3 1 0 2 1 1 2 1 3 1 3 2 2 1 3 3 2 2 0 2 5 2 2 4 2 1 1 1 0 0 2 0 1 3 4 3 2 2 4 1 2 4 1 1 1 3 0 1 1 0 1 2 2 3 5 0 2 1 3 3 0 4 3 3 1 2 3 1 4 2 5 3 1 1 0 1 4 2 3 1 0 4 2 2 4 0 1 2 2 1 2 2 4 1 2 1 2 2 1 2 1 2 3 2 1 1 2 5 1 1 2 2 2 3 4 1 2 2 2 2 3 5 3 1 2 1 0 1 1 2 2 1 4 6 1 0 2 3 0 3 2 2 0 2 2 1 0 2 3 2 5 2 0 4 2 0 1 1 1 5 0 0 2 4 1 1 1 3 5 1 2 1 2 1 1 3 4 3 6 2 1 0 2 1 1 1 2 3 2 2 1 4 1 4 1 5 1 4 2 3 0 1 2 2 2 1 1 2 2 2 4 1 2 4 4 2 3 0 1 1 1 1 1 4 4 4 3 3 2 1 2 2 2 0 4 2 3 2 3 1 0 0 2 1 2 0 0 1 0 4 0 2 3 0 2 0 2 5 2 0 1 1 1 2 3 1 2 2 1 2 2 0 2 3 2 5 1 2 5 1 3 0 1 1 2 3 1 0 3 1 4 0 3 2 3 1 2 1 2 3 2 0 2 1 2 1 2 4 2 2 3 1 2 2 2 1 2 0 0 3 2 0 3 5 2 1 2 3 2 0 4 3 1 2 2 2 2 1 3 5 2 1 3 2 0 2 2 2 0 3 3 1 1 1 3 2 2 5 1 3 2 2 3 1 0 2 1 2 2 1 0 2 1 0 3 1 3 4 4 2 0 2 3 2 2 2 2 0 0 4 4 4 2 3 0 0 2 2 3 2 4 4 0 3 1 0 3 0 0 2 1 2 3 3 2 1 2 3 1 0 2 2 5 3 3 0 1 1 2 3 4 3 2 0 1 1 3 3 5 2 0 2 1 3 1 0 2 3 2 2 4 0 1 1 0 2 3 1 3 5 1 2 1 1 3 1 3 3 4 1 0 3 5 5 1 1 1 1 0 0 4 3 1 2 0 4 1 2 1 2 2 2 1 0 1 2 2 1 1 1 1 5 3 1 1 3 2 6 4 1 0 1 2 1 2 2 4 3 1 1 3 0 1 1 1 2 5 4 2 0 0 0 5 3 1 1 2 2 0 3 2 0 4 1 1 1 2 3 2 3 0 2 0 2 2 0 0 3 4 2 0 1 0 3 3 3 2 1 2 4 4 6 1 1 2 4 1 2 3 1 3 2 0 4 2 4 2 3 2 0 2 2 1 3 6 1 3 1 0 3 2 0 2 3 2 0 1 4 1 1 2 3 3 3 2 4 3 1 1 2 3 0 1 4 1 1 0 4 7 1 1 2 2 3 3 3 0 1 2 1 2 1 3 2 5 4 2 1 2 0 1 0 1 0 2 0 2 1 2 2 5 1 3 0 5 2 4 2 2 1 2 0 3 0 3 2 1 2 3 2 2 3 1 0 5 4 3 1 2 3 3 1 1 2 2 2 2 2 1 0 5 1 2 2 1 2 1 0 1 2 2 1 5 3 4 3 3 2 0 2 4 1 1 2 2 1 4 3 1 2 3 2 1 3 4 0 4 3 1 2 2 0 1 1 0 2 4 2 2 3 3 4 2 1 0 2 1 3 0 3 2 2 3 4 0 1 4 2 4 1 6 0 1 1 2 4 2 2 2 3 0 1 0 3 3 0 1 2 1 2 1 0 3 1 2 1 1 3 8 3 1 2 0 0 2 2 4 1 2 0 4 1 2 2 2 1 2 4 2 0 3 3 2 3 1 1 0 4 3 2 1 0 3 1 3 3 1 6 2 3 0 2 3 0 2 1 3 3 4 2 2 1 1 4 2 2 0 1 2 0 1 5 2 3 0 2 1 4 1 4 0 1 1 1 3 0 0 1 5 2 3 3 0 4 1 0 2 2 2 3 4 2 2 1 1 3 2 1 2 1 4 2 2 1 1 0 2 4 3 0 2 2 3 0 0 0 1 3 2 1 0 3 1 2 3 3 2 2 0 2 2 0 1 2 1 4 5 1 4 0 0 5 0 1 1 3 3 2 1 6 2 0 2 3 2 3 1 3 1 3 0 3 0 3 1 2 4 3 2 3 4 3 2 1 3 1 2 4 2 3 3 2 2 1 2 1 2 2 1 4 2 0 4 3 3 2 1 1 1 2 0 0 5 3 3 1 2 6 2 3 1 2 0 4 2 2 1 4 1 3 1 3 1 5 4 0 0 1 0 3 2 1 2 2 3 0 1 3 5 2 3 2 1 4 2 2 1 2 0 1 4 1 5 3 1 1 1 4 2 3 4 3 1 0 3 4 1 3 2 4 2 1 4 2 1 1 1 2 0 2 4 2 5 1 2 3 1 2 2 1 3 3 1 5 2 4 1 2 3 0 1 1 4 4 3 2 2 2 2 3 2 3 3 2 2 2 0 1 1 3 3 0 4 3 2 5 2 2 1 2 0 3 3 1 0 2 3 2 1 2 2 0 1 2 0 3 2 5 2 5 5 1 0 6 3 3 0 4 1 1 0 1 1 1 0 4 2 1 0 1 2 4 3 1 6 0 7 2 0 1 5 1 2 1 2 3 3 2 2 3 0 1 2 4 3 1 2 1 4 1 2 4 0 2 4 3 3 2 1 2 2 2 1 1 3 2 1 4 3 1 3 0 1 2 4 0 1 6 1 3 5 4 2 3 3 4 2 1 1 1 2 0 1 3 4 4 0 0 5 1 0 1 0 3 1 2 1 2 0 0 4 0 3 4 4 0 2 2 3 2 4 3 3 4 3 0 2 2 2 3 0 1 3 2 1 4 1 0 2 4 2 1 1 1 4 3 0 1 4 0 2 2 4 1 5 2 1 1 4 0 2 2 0 1 5 0 3 1 3 2 1 4 4 0 2 5 2 1 3 3 3 2 0 4 1 1 1 2 0 0 5 3 3 2 1 3 1 1 2 1 1 2 2 0 3 5 1 2 2 2 1 1 1 1 4 3 3 2 1 1 0 1 1 0 1 1 2 0 2 3 2 3 1 1 2 2 0 3 1 2 1 2 2 0 3 0 2 1 3 1 2 0 3 1 2 2 2 4 0 3 3 1 2 2 2 1 3 2 0 2 4 1 3 3 0 2 1 2 2 2 1 1 1 2 0 5 3 3 1 0 1 2 4 1 1 1 1 1 2 3 0 1 0 3 3 2 1 3 3 2 1 0 1 1 2 2 2 5 4 2 2 0 2 3 0 3 1 2 1 4 1 4 0 2 1 1 2 0 1 1 0 4 0 5 3 1 1 2 2 2 2 3 4 2 0 2 1 2 1 2 1 4 1 0 2 2 3 1 3 2 1 6 1 1 2 2 1 1 3 1 1 1 1 1 1 1 4 0 0 2 1 0 2 0 5 1 4 2 3 3 0 0 2 3 0 1 2 1 1 1 1 1 2 2 3 3 3 3 4 0 2 1 2 0 2 1 0 2 2 3 0 2 2 1 5 1 2 2 0 2 0 2 2 3 2 2 1 0 2 4 1 1 0 5 3 2 1 6 3 2 3 4 1 1 1 1 1 1 3 1 3 3 1 1 2 2 2 1 1 4 0 4 2 2 0 2 1 1 3 2 1 2 3 2 3 2 0 0 2 0 2 2 1 2 1 2 3 2 1 2 5 3 3 1 3 1 0 3 0 1 2 3 3 1 1 3 1 2 1 1 5 5 2 2 3 0 3 2 1 5 0 3 1 2 1 3 0 4 2 0 4 1 4 1 3 1 4 2 2 4 2 6 1 4 4 1 1 2 1 0 3 0 2 2 2 2 2 0 3 4 1 0 2 4 5 1 2 2 0 0 2 7 3 1 2 3 2 1 4 1 1 1 1 4 1 2 1 0 3 1 1 0 1 2 2 3 2 1 1 1 3 0 3 1 2 1 4 3 0 0 3 2 5 1 2 1 1 0 3 2 1 2 2 0 3 2 0 1 0 2 3 3 1 0 3 2 5 1 1 3 2 2 1 2 3 2 4 1 0 2 3 0 1 2 2 0 1 1 4 2 2 3 3 1 4 1 5 1 1 4 5 2 5 2 1 1 2 3 4 3 1 1 0 1 2 4 2 3 1 3 1 1 1 2 2 0 4 3 3 2 3 1 4 2 3 1 1 2 3 2 1 0 1 1 2 1 3 4 1 0 2 5 1 1 2 1 1 1 3 0 7 2 2 2 2 0 2 4 2 1 1 4 1 4 4 1 3 3 1 2 2 4 2 4 4 2 2 0 2 3 3 3 2 2 0 1 1 4 3 2 7 2 4 1 1 2 1 1 1 2 3 3 1 2 2 2 2 1 0 1 1 0 4 2 1 2 3 1 1 0 1 1 2 2 2 2 4 3 1 4 1 1 2 0 1 1 3 1 2 0 1 2 1 2 3 1 2 3 2 3 4 1 3 3 0 1 0 1 3 2 1 0 0 1 4 2 4 2 1 0 2 4 2 1 0 2 2 1 0 4 3 3 2 5 2 1 3 2 2 5 4 2 2 2 1 3 3 0 2 0 2 5 0 1 2 3 2 1 1 1 0 4 0 0 5 3 0 0 2 1 4 2 4 3 2 0 3 2 2 2 0 1 1 3 2 3 3 3 2 2 3 1 0 3 2 2 1 5 0 3 1 3 3 3 5 0 2 2 2 2 1 1 1 0 2 2 1 2 4 1 1 1 4 4 0 3 0 1 2 3 3 1 3 2 2 2 3 3 3 3 1 0 2 2 4 3 2 3 2 2 2 2 1 0 3 3 4 0 6 1 1 1 3 3 1 2 3 0 4 3 5 1 2 2 2 1 2 2 2 1 1 2 4 2 1 0 1 2 1 2 0 1 3 1 2 3 4 3 4 1 0 3 1 3 3 3 2 3 2 4 4 2 1 0 1 2 1 2 1 3 4 2 3 2 0 0 1 2 3 0 3 4 3 1 2 3 0 2 1 3 2 1 0 2 1 5 3 2 2 1 2 1 4 2 3 1 1 1 2 3 0 4 2 1 1 3 4 0 4 5 2 1 1 1 0 1 1 1 4 3 1 0 5 3 2 1 2 0 2 2 6 4 2 2 2 0 2 2 1 1 4 1 2 0 3 0 3 1 4 1 3 1 2 2 3 2 1 2 2 2 4 2 2 5 1 0 2 3 2 3 2 3 3 1 2 1 1 4 3 1 1 2 2 4 2 1 2 1 2 2 1 1 3 2 2 1 1 3 1 2 2 3 1 0 3 1 2 1 0 4 0 2 1 2 1 1 3 3 1 1 1 4 3 4 3 5 5 1 6 2 3 0 2 1 0 2 3 3 5 2 2 1 0 3 1 1 3 5 3 1 0 2 0 3 3 1 4 0 2 1 1 1 3 3 4 2 2 3 2 3 0 3 4 3 1 1 3 1 2 1 1 1 2 1 2 3 2 2 2 1 5 2 0 1 4 0 1 4 2 1 2 3 3 1 4 1 4 1 2 1 0 2 2 3 2 1 8 2 3 6 3 3 1 3 1 1 2 1 0 3 2 1 2 3 1 4 2 2 0 3 3 1 2 1 4 0 2 1 2 2 3 0 5 5 1 2 2 2 2 3 3 4 4 1 6 1 2 1 3 3 2 1 2 2 1 3 5 3 1 1 3 1 2 1 1 4 1 2 4 2 0 6 1 1 3 0 3 3 3 1 2 1 1 3 4 2 0 0 2 3 3 1 5 4 0 3 1 2 3 2 3 2 4 1 1 2 2 2 2 1 6 3 3 1 1 3 2 2 2 2 4 2 2 2 1 3 3 1 1 3 2 2 0 0 0 1 1 2 3 6 3 0 1 1 1 2 3 3 4 0 1 1 1 2 3 3 0 1 2 4 2 3 7 1 2 2 4 1 2 0 3 3 2 3 0 0 2 4 1 0 4 1 1 1 3 1 3 2 2 2 1 2 4 3 1 4 0 1 1 4 2 2 0 3 4 3 3 3 2 1 2 1 1 1 3 2 4 0 1 2 3 0 3 1 1 3 1 0 3 1 2 2 3 1 3 2 2 3 1 1 1 3 1 2 1 3 0 3 1 2 1 1 2 7 2 2 2 3 3 1 0 3 4 1 3 1 1 0 3 2 1 5 0 4 2 4 2 1 2 6 4 1 1 1 2 2 1 2 2 3 1 4 1 2 4 1 1 1 2 1 1 2 2 1 4 2 0 3 1 1 5 0 1 2 2 2 4 3 1 0 3 1 3 3 3 1 2 1 0 1 3 2 0 1 3 3 2 2 3 3 3 1 1 2 3 2 2 1 3 1 1 1 8 1 2 1 2 0 1 1 2 2 2 2 0 1 4 0 1 1 0 1 0 1 0 1 0 1 2 1 2 4 2 2 1 4 2 4 2 2 0 0 2 4 3 0 3 2 4 0 2 1 2 3 3 0 0 6 7 0 1 4 0 0 3 3 1 1 3 0 1 3 3 3 3 2 3 3 1 2 0 2 4 2 2 3 0 1 3 2 0 2 2 2 1 1 3 5 0 2 1 1 2 2 2 2 3 2 3 2 2 1 1 4 2 1 3 0 3 2 3 2 1 2 0 5 3 2 1 0 1 2 0 2 3 3 3 2 2 1 3 1 3 2 2 1 2 1 2 2 3 0 1 5 2 3 2 2 3 0 2 2 2 3 3 2 1 1 2 1 2 1 1 3 2 3 3 2 1 2 7 1 3 0 1 2 1 1 1 2 3 4 2 2 1 5 1 1 1 1 1 1 3 0 1 6 0 3 2 3 4 2 4 1 2 3 0 4 1 3 2 2 2 0 0 1 2 2 4 1 2 2 3 2 2 5 5 3 1 1 0 2 1 1 1 2 2 2 1 3 2 1 1 4 1 3 2 2 2 3 2 3 2 1 1 3 3 1 2 4 1 3 3 4 1 1 3 3 1 3 2 2 3 1 3 0 1 2 4 2 3 4 1 3 2 0 1 2 1 1 2 1 4 2 7 2 3 2 0 1 1 1 2 3 4 2 1 3 1 1 3 3 2 3 1 2 2 1 4 0 2 1 2 0 1 1 3 3 3 3 4 0 1 2 4 0 2 2 2 1 3 0 0 2 3 1 2 1 0 3 3 4 1 4 4 0 0 2 3 2 3 2 2 3 4 1 2 0 4 2 3 1 1 1 1 5 1 2 1 0 3 2 3 1 1 1 1 0 1 1 2 3 1 0 3 2 1 0 3 2 3 2 2 4 0 1 2 0 0 3 4 1 3 0 2 2 1 1 1 3 5 1 2 3 2 0 3 1 4 0 1 4 1 2 3 3 2 0 1 2 2 0 5 3 4 0 4 2 2 2 2 2 1 2 2 5 2 3 1 1 2 2 1 3 1 0 3 2 3 2 0 1 4 3 2 1 2 2 2 1 1 0 3 0 2 2 3 1 4 4 5 0 1 2 3 2 0 2 1 4 2 0 2 4 1 2 1 4 1 1 2 0 3 3 0 3 2 2 5 2 3 1 1 0 1 4 2 3 1 1 1 2 1 2 2 4 1 3 4 2 3 3 0 2 2 5 1 1 2 3 2 1 0 3 3 0 4 1 3 2 0 0 0 2 1 2 2 2 6 2 1 1 1 2 2 2 1 1 4 2 3 1 2 1 2 4 4 0 2 4 2 3 3 1 2 1 1 0 2 0 4 3 1 3 0 0 2 2 0 3 1 1 1 2 5 0 0 3 3 3 0 2 2 2 3 2 1 1 1 5 2 1 0 2 4 1 5 0 7 4 2 1 1 2 1 1 1 0 1 2 1 1 3 0 1 2 1 2 4 1 3 1 4 1 1 5 4 3 0 0 0 0 0 5 4 2 0 3 1 2 0 2 1 1 5 0 3 2 2 1 3 1 2 4 0 4 2 2 0 4 1 2 0 2 0 3 4 0 1 4 3 1 1 0 3 0 4 0 1 0 6 0 2 1 0 1 3 2 2 0 2 1 2 2 0 4 3 3 4 0 2 1 2 4 1 4 2 1 4 1 2 2 3 1 2 1 1 2 2 3 2 0 0 2 2 2 1 3 1 1 4 0 6 1 1 2 0 2 3 2 2 2 0 2 4 3 1 0 6 1 1 3 0 2 1 4 3 3 2 1 1 2 1 3 2 2 3 6 1 1 5 2 2 2 3 1 1 4 2 3 0 0 2 2 1 1 0 3 1 3 2 4 3 2 2 2 2 0 0 1 0 3 3 6 3 2 1 1 1 1 0 2 1 1 2 0 0 7 3 3 1 2 1 1 2 3 3 1 2 3 0 1 1 5 4 1 0 2 1 2 3 1 4 2 2 4 4 0 1 4 1 2 3 2 1 2 0 2 1 4 3 1 2 1 0 1 2 0 4 3 2 1 2 4 2 1 3 4 1 4 1 3 2 1 2 0 5 1 3 3 1 1 1 2 6 3 3 3 1 1 1 2 1 0 1 1 3 3 2 2 0 1 1 1 3 0 3 0 4 3 1 3 3 2 3 1 3 1 1 2 2 5 0 0 1 2 5 4 2 2 2 2 0 2 3 1 1 2 5 1 3 1 1 2 4 0 4 1 1 1 2 3 1 1 2 4 3 1 5 1 0 2 3 2 0 3 3 1 1 2 4 1 3 0 1 1 1 3 0 3 0 1 3 4 4 1 2 0 1 2 3 3 2 2 2 2 1 1 2 3 2 3 6 2 3 1 1 2 2 1 1 3 1 3 0 0 1 4 3 3 1 2 2 2 4 0 0 0 2 1 1 2 2 2 4 3 1 4 3 4 1 5 5 2 0 4 2 3 2 0 6 0 3 2 2 3 1 2 0 2 0 2 2 1 2 0 3 4 2 2 3 0 1 1 1 3 2 3 3 2 3 1 2 0 4 0 2 3 3 1 2 1 0 1 1 2 2 2 5 2 2 0 1 3 3 2 2 0 1 4 1 1 2 3 2 1 3 2 1 3 2 3 2 3 2 2 1 1 3 3 3 2 1 2 2 1 0 3 1 5 2 1 5 1 3 0 1 1 1 3 0 0 3 3 2 5 1 2 2 2 4 2 1 3 3 0 1 3 2 1 2 1 2 4 2 1 2 1 0 3 1 3 2 0 3 1 4 2 1 3 3 0 0 3 5 2 2 0 2 3 1 0 3 0 0 2 1 6 4 1 1 3 3 3 2 1 1 3 3 1 6 1 2 1 1 0 1 6 3 2 0 2 2 2 5 1 1 0 4 0 3 1 1 2 2 4 1 0 2 4 0 1 2 2 0 5 1 0 3 1 3 1 1 2 4 2 4 1 1 4 3 3 1 1 3 2 0 1 2 3 1 2 2 2 2 2 2 2 2 0 4 3 2 2 2 3 0 1 5 0 1 2 2 2 1 1 2 2 2 4 2 2 0 0 3 3 2 3 0 2 0 2 1 1 2 1 1 3 1 3 1 3 5 3 2 0 4 1 2 0 1 0 2 1 2 3 1 1 0 0 3 4 1 2 1 3 4 1 1 5 3 6 2 0 2 1 3 1 2 3 3 2 3 0 1 2 1 0 3 3 0 0 4 2 0 2 2 0 0 1 5 3 1 3 1 0 1 1 4 2 3 3 1 2 2 2 1 5 2 2 3 1 3 6 3 0 2 4 1 2 3 1 1 3 1 3 4 3 1 0 4 2 0 3 1 0 2 4 3 2 2 2 2 0 0 1 3 2 1 3 2 1 2 3 2 2 0 2 2 3 3 1 1 0 3 0 2 1 1 2 3 2 1 2 2 2 2 1 1 1 1 3 3 4 1 2 2 4 2 3 2 2 2 2 2 3 1 2 2 1 2 1 3 3 2 2 0 4 2 0 6 1 0 2 2 1 2 1 2 2 3 1 1 3 5 2 1 1 2 0 2 0 2 4 2 0 2 0 3 1 0 1 2 0 2 3 2 1 2 1 4 2 3 5 2 3 1 1 1 5 2 1 0 0 2 2 1 2 3 2 1 2 3 4 2 1 1 3 2 0 4 1 2 2 3 1 1 3 1 2 0 2 0 1 1 1 5 2 4 1 4 2 1 5 1 1 2 7 1 3 1 1 0 2 5 2 0 3 5 2 2 2 3 3 0 3 0 2 3 3 4 1 1 3 1 1 0 3 4 1 2 3 1 3 2 3 3 3 4 1 0 1 3 4 6 3 0 1 4 1 1 2 2 0 2 1 2 1 3 2 2 1 2 0 3 3 2 2 4 3 1 2 1 3 3 2 0 3 2 6 4 2 1 3 4 2 0 3 2 0 2 0 2 1 2 2 3 2 5 4 0 1 0 1 2 3 1 2 3 3 2 1 0 2 1 2 2 2 2 2 2 0 5 2 1 2 3 1 1 2 5 1 2 1 2 1 1 2 2 2 1 1 2 3 2 2 0 1 2 1 2 5 4 2 2 2 2 3 0 1 2 3 1 3 3 3 1 5 1 1 1 3 2 1 2 1 2 4 1 1 4 2 2 2 0 1 1 2 1 4 2 0 2 0 5 1 5 3 0 3 1 3 1 2 2 3 1 0 4 1 3 1 1 2 4 3 0 1 1 0 0 2 2 4 2 1 3 2 4 1 3 2 0 3 1 3 2 1 1 3 2 1 3 4 4 4 1 0 1 2 2 2 2 0 6 0 5 3 5 2 1 2 1 0 1 1 4 4 2 0 2 1 4 2 3 1 2 1 1 4 1 1 2 2 5 1 3 2 4 3 1 2 1 0 3 3 3 2 2 0 7 3 2 4 0 2 2 1 2 4 0 2 1 5 1 4 1 0 3 0 3 5 2 0 3 2 2 3 3 0 3 3 2 2 1 2 3 0 1 1 1 3 3 3 1 2 2 4 4 2 2 3 3 1 1 3 4 0 1 1 2 2 0 3 0 3 4 2 1 2 5 2 3 3 1 4 0 0 2 1 2 2 2 3 2 3 1 4 0 3 1 5 1 3 0 2 2 1 0 1 1 6 1 3 0 3 3 1 0 4 0 3 1 2 1 3 1 1 1 3 3 0 1 2 1 7 2 2 2 1 1 1 1 2 0 0 3 0 4 2 2 2 1 2 2 1 0 2 2 3 2 4 2 2 0 1 4 1 2 2 2 4 2 0 1 1 1 2 6 1 3 4 2 2 3 0 5 1 2 1 0 0 2 4 2 2 1 8 1 2 0 0 2 1 1 1 2 1 1 0 3 2 2 1 1 3 2 0 1 0 2 2 1 3 1 1 1 2 1 5 4 1 1 3 2 1 1 2 0 2 2 3 4 3 0 2 1 2 3 1 3 2 4 1 1 0 1 1 4 4 2 1 3 3 1 2 2 0 2 3 5 2 3 1 1 2 2 1 3 2 2 2 3 2 1 1 1 5 1 2 2 0 4 5 2 2 0 4 1 2 4 5 0 2 0 2 2 2 0 2 1 1 1 5 2 3 3 4 1 2 4 3 0 3 1 2 1 1 4 1 1 0 1 2 2 2 1 2 3 1 1 0 3 4 1 1 1 2 2 2 2 2 1 1 2 5 0 0 0 1 2 4 3 3 1 2 3 1 3 1 1 0 4 4 0 2 6 1 4 2 3 1 1 1 0 2 1 1 4 1 2 3 2 5 4 3 1 2 1 2 1 0 3 1 2 2 0 2 0 5 1 2 1 2 0 0 3 2 6 4 1 1 0 0 1 0 3 3 1 2 2 1 0 1 2 2 3 0 2 2 5 1 1 2 1 2 2 3 2 2 3 1 2 3 5 1 2 3 4 1 3 1 1 2 2 0 1 0 1 3 0 1 6 1 1 1 2 2 5 0 1 0 1 1 0 4 2 3 3 1 2 1 3 0 1 2 0 2 2 2 2 3 1 2 1 3 2 3 6 2 3 2 1 1 2 0 4 0 0 0 0 4 3 3 2 3 2 2 3 1 5 2 1 1 2 4 4 1 0 1 3 1 2 1 0 3 2 1 5 1 1 2 1 2 0 0 2 2 1 1 3 4 1 2 2 2 2 3 1 2 0 0 0 4 3 1 4 0 4 0 1 4 0 2 0 3 3 4 4 2 1 2 3 0 0 3 5 1 2 1 1 2 3 5 0 2 1 2 0 2 3 3 2 0 2 1 4 2 4 2 5 4 2 0 0 1 4 0 1 0 4 1 3 5 2 4 0 3 2 0 2 3 1 0 3 0 1 1 4 2 1 2 1 0 4 0 2 0 0 1 4 1 1 1 3 4 3 0 0 7 2 3 1 0 1 0 1 3 0 2 3 2 2 2 3 0 0 1 1 1 3 6 1 1 0 2 2 4 3 0 2 0 0 1 3 3 3 1 1 3 3 1 2 3 1 3 4 0 1 1 2 2 4 5 2 2 3 1 2 1 2 2 1 3 4 2 1 3 2 2 1 1 1 1 3 1 2 2 1 1 1 1 0 4 4 1 3 0 3 2 5 0 1 3 1 2 1 1 2 2 2 0 0 4 2 3 3 0 0 3 5 2 1 0 3 0 1 1 2 3 2 0 4 2 0 2 5 4 1 2 2 1 4 2 1 3 2 2 4 1 1 3 1 0 2 2 3 2 1 2 2 3 3 2 3 2 0 2 3 3 1 1 4 3 2 0 1 3 1 2 1 3 3 2 1 1 1 3 3 2 3 2 2 2 0 1 0 0 3 1 1 4 2 4 6 1 2 3 0 3 0 3 1 1 3 3 0 4 2 2 3 2 1 0 2 1 1 3 2 3 3 1 3 2 3 2 7 4 1 1 2 1 1 3 3 0 4 1 4 2 1 1 2 2 2 5 2 3 1 2 2 0 4 3 2 3 0 3 2 1 4 1 4 2 1 2 2 1 0 3 1 2 3 2 2 0 4 1 2 5 5 1 2 2 1 1 1 2 2 1 3 2 4 4 1 1 1 1 3 3 2 1 1 2 3 0 3 2 2 2 3 2 3 0 1 2 1 4 1 4 1 1 1 4 1 1 1 1 1 2 1 2 4 3 1 1 2 2 1 5 2 0 1 2 1 2 4 0 1 3 1 2 1 1 2 4 3 2 3 3 1 3 2 1 0 4 2 0 2 0 3 2 5 2 2 1 2 0 2 4 1 2 5 3 0 1 1 0 1 1 1 0 3 5 3 3 3 1 1 1 3 1 2 2 2 0 2 0 1 2 2 1 4 0 2 0 5 3 1 1 2 3 2 4 1 2 1 1 4 0 1 1 1 1 2 3 2 3 2 2 4 2 3 2 3 2 1 3 1 0 4 2 1 2 2 0 2 2 0 0 0 2 4 4 0 2 1 4 1 2 2 2 0 1 2 1 0 3 4 3 3 1 1 2 1 0 1 4 1 3 1 2 3 0 3 1 1 2 3 0 2 0 1 1 0 2 3 3 2 4 3 0 1 4 6 2 3 3 0 1 3 0 0 1 2 1 2 1 1 3 1 3 0 2 4 1 1 1 2 2 3 4 1 3 0 1 1 1 0 0 1 2 2 4 3 5 3 2 1 5 0 2 1 1 2 2 0 2 1 3 2 4 0 2 0 3 1 0 0 2 3 3 2 1 2 2 4 0 1 2 3 1 2 1 2 1 4 1 3 0 2 4 2 1 3 1 1 1 1 3 3 1 2 1 1 1 2 4 2 1 1 3 3 2 2 2 2 2 5 0 3 1 4 3 2 3 1 1 2 3 2 1 1 3 2 2 4 0 5 2 1 2 1 1 1 2 1 3 2 1 1 3 1 1 2 3 3 0 4 3 2 2 4 3 1 3 0 1 1 4 2 3 1 2 1 3 2 4 2 1 3 0 3 2 1 1 1 3 4 1 1 2 2 1 2 6 2 1 2 1 1 1 2 2 1 1 2 3 4 0 3 1 1 3 1 1 2 0 3 1 2 1 3 5 4 1 3 3 1 3 2 1 2 3 0 1 3 2 1 3 1 1 0 1 0 2 5 4 1 2 3 0 2 3 1 0 2 3 1 2 4 2 1 2 3 2 1 0 4 2 2 1 1 1 2 1 1 1 1 4 3 3 3 1 1 1 0 5 3 4 1 2 3 4 3 2 2 1 1 1 1 2 2 1 1 3 1 3 0 1 5 3 2 0 4 0 2 0 3 2 5 4 1 1 3 1 2 0 2 5 3 2 2 3 3 0 1 1 1 4 3 1 1 3 0 3 2 1 1 3 0 3 3 2 2 1 2 1 0 1 5 4 2 4 3 2 2 1 5 1 2 3 1 2 2 7 1 3 0 0 2 2 1 2 3 1 1 4 2 1 2 2 2 1 1 3 1 2 3 2 2 2 0 3 1 1 5 2 0 2 2 0 2 3 4 1 2 1 2 2 3 1 0 2 3 0 1 0 4 3 1 5 0 3 3 2 4 0 1 3 0 1 3 1 1 6 1 3 1 1 2 1 1 1 2 2 3 2 1 1 3 3 3 2 1 5 1 0 4 3 2 0 4 2 2 2 2 2 1 0 0 2 1 0 4 3 2 1 0 1 4 1 2 0 2 1 4 2 3 0 2 2 3 3 4 1 4 2 1 1 2 2 0 2 1 0 3 2 4 1 1 0 0 3 1 3 4 1 2 2 2 4 2 2 3 5 4 2 0 3 5 4 2 2 1 1 2 0 2 1 3 2 3 3 4 1 0 2 0 1 6 2 0 2 3 1 1 3 1 4 4 6 1 2 1 0 5 2 4 0 0 1 4 4 2 1 1 1 6 3 2 2 2 2 0 1 1 2 1 1 4 4 3 1 1 0 0 2 3 1 2 6 1 2 3 2 1 2 4 1 1 2 1 0 3 2 2 0 2 0 2 6 0 2 2 1 2 2 0 2 2 2 2 3 4 3 4 3 0 1 5 1 2 0 1 1 3 0 4 3 1 3 2 1 1 3 2 3 3 1 1 1 1 2 0 4 0 4 3 1 1 1 3 0 1 0 2 3 1 2 3 3 1 2 1 2 1 5 3 2 0 2 3 0 1 1 0 2 3 4 1 0 2 2 3 2 4 2 1 1 3 2 2 1 3 1 0 1 4 2 2 3 3 0 3 2 2 2 2 6 3 0 2 3 2 2 3 1 1 1 0 2 0 4 2 2 1 0 1 3 1 2 0 2 4 3 2 3 2 1 2 0 3 4 0 3 2 4 3 5 3 0 1 0 4 1 3 3 0 2 0 3 1 1 0 1 1 2 1 2 1 3 1 6 2 3 0 2 4 1 0 2 1 0 3 1 1 2 3 0 1 1 2 3 4 0 0 1 2 3 2 5 2 2 2 2 3 1 0 3 0 4 0 1 1 2 2 5 2 3 1 1 2 1 2 1 0 2 1 0 4 1 1 6 1 5 2 3 1 1 1 2 1 1 1 1 2 1 3 0 3 1 1 3 3 1 1 1 5 2 1 1 4 1 0 2 0 2 3 1 2 3 5 2 1 3 2 1 2 4 2 1 3 5 4 1 2 2 2 5 1 2 0 3 4 1 4 7 1 1 1 1 0 2 5 1 2 1 2 3 2 1 1 2 1 3 2 2 2 3 1 3 0 1 1 3 2 3 1 4 3 2 1 1 3 2 2 2 5 1 3 1 2 0 2 6 0 0 1 4 4 1 1 1 3 0 0 2 2 1 1 2 4 3 2 2 1 1 3 3 3 4 3 3 2 3 1 2 2 2 2 5 2 3 0 1 3 3 2 1 2 0 0 0 2 3 2 6 3 3 1 2 3 2 1 0 5 2 0 1 1 3 3 3 1 3 3 0 5 1 2 1 0 3 2 1 4 1 2 3 0 3 4 3 1 3 3 1 2 2 4 2 1 0 2 2 3 0 2 1 0 1 3 2 3 3 3 0 2 0 5 4 0 4 0 0 1 2 1 1 1 4 2 2 1 1 2 3 3 2 0 2 2 1 2 1 1 2 2 3 0 2 1 4 0 6 2 3 1 0 1 2 1 2 5 6 2 5 2 1 1 2 2 2 2 1 2 1 4 2 2 2 1 1 3 1 0 5 0 2 1 1 3 1 1 2 2 3 2 4 3 1 1 4 2 2 2 1 4 2 3 3 1 0 5 0 2 0 0 1 2 5 1 2 2 1 1 2 1 2 3 4 2 3 1 3 0 1 2 4 2 2 1 2 0 2 0 3 2 3 3 1 0 3 3 0 1 7 2 0 1 0 0 2 4 2 2 2 1 1 1 4 3 0 2 2 6 5 0 1 1 2 2 2 0 4 1 0 3 3 2 1 3 4 0 2 0 3 2 4 3 1 2 0 0 2 2 4 3 1 2 2 5 2 2 1 0 2 4 1 1 0 4 2 1 3 1 1 1 1 1 2 2 4 2 1 1 1 4 1 3 3 1 4 1 3 1 1 0 2 1 3 4 4 5 0 0 0 3 3 3 4 2 3 1 1 3 1 0 2 5 2 0 1 1 2 3 0 0 1 3 1 3 4 2 3 2 4 5 1 2 1 1 2 1 0 2 4 1 3 4 3 3 4 5 2 1 2 1 2 4 1 0 0 1 1 3 4 2 1 0 1 1 5 0 1 3 1 1 0 1 3 1 4 2 0 0 4 6 0 2 2 0 2 0 2 2 3 1 0 2 2 3 2 1 0 3 4 3 3 2 3 2 0 0 1 1 5 3 2 4 0 1 0 2 2 3 1 1 3 2 3 3 2 2 0 3 3 2 2 4 2 0 3 2 3 4 2 1 2 3 1 3 2 3 3 4 2 1 4 5 1 1 3 3 3 4 0 4 4 1 4 0 1 0 4 2 3 0 2 3 2 3 2 2 1 1 1 0 0 1 2 1 5 0 4 4 1 1 1 2 3 4 4 3 1 3 1 2 4 1 1 2 2 2 2 0 1 1 1 0 2 2 1 3 3 1 0 2 0 2 3 5 5 1 4 2 2 1 0 1 0 3 1 2 0 2 0 3 2 0 1 2 5 0 1 3 4 0 0 1 3 3 2 2 2 1 3 3 2 0 0 2 3 0 0 1 2 1 3 2 3 2 3 1 3 1 0 3 2 0 0 3 5 1 2 1 5 0 2 0 1 1 1 5 1 0 2 4 2 1 1 4 0 7 2 3 1 0 0 1 0 0 2 1 2 4 1 4 1 1 0 3 5 1 2 0 1 3 3 2 7 1 1 1 1 1 5 2 1 0 2 3 0 0 0 3 2 4 1 4 1 2 2 4 0 4 2 2 0 0 1 2 1 1 5 4 1 3 2 1 1 0 1 0 0 1 1 1 3 2 2 1 5 4 3 1 2 3 2 2 4 1 3 3 3 3 2 5 0 2 3 4 1 1 0 1 2 0 1 3 1 3 4 1 1 1 2 2 0 0 2 2 1 1 2 2 2 2 2 2 2 3 5 2 1 2 3 2 3 1 1 1 3 2 5 3 5 3 1 5 1 3 1 2 2 0 2 1 3 1 1 1 2 4 2 3 1 1 1 4 1 1 1 3 4 0 1 2 3 4 2 3 1 3 3 2 2 1 3 1 3 2 3 3 5 2 0 1 0 2 2 6 1 0 0 2 2 1 1 5 3 4 2 1 2 0 4 2 3 1 4 2 3 4 0 1 0 2 2 1 1 3 4 3 3 3 1 2 4 0 0 2 2 1 2 2 2 4 1 1 0 2 0 1 0 1 3 2 2 0 0 1 1 1 3 2 3 2 0 1 1 5 1 3 1 1 3 2 2 2 3 1 2 5 1 0 0 1 1 4 5 2 1 0 0 2 3 3 2 1 1 1 2 0 1 3 3 2 2 5 1 2 3 3 1 3 1 1 4 1 1 3 2 1 4 0 4 0 1 0 2 3 1 5 3 3 1 0 3 0 2 4 1 1 1 2 3 1 1 0 1 2 4 1 1 2 3 0 3 3 2 3 3 1 1 0 0 3 0 4 1 1 1 2 2 0 0 3 3 1 1 1 2 1 1 3 2 3 0 4 4 4 1 2 3 1 1 2 1 3 0 2 0 3 1 3 0 1 1 1 3 4 1 1 1 2 2 2 0 2 3 2 5 3 0 4 3 2 1 2 1 3 1 1 0 2 5 5 2 2 2 2 1 1 3 1 4 2 3 0 2 0 1 2 1 2 2 1 2 1 1 1 1 1 1 1 4 4 1 1 2 1 3 1 1 1 4 1 1 1 5 2 1 2 2 0 0 1 1 5 1 0 2 0 2 3 0 2 0 6 3 1 2 0 2 0 2 3 3 1 2 1 4 6 2 0 2 1 2 2 3 1 2 0 1 2 2 5 1 0 2 1 0 2 3 3 3 0 1 2 5 0 1 5 1 1 1 4 3 0 4 1 2 3 3 2 0 2 1 2 3 2 4 2 3 1 1 2 4 0 4 2 3 2 3 3 0 0 2 1 2 3 2 3 0 2 2 0 0 2 3 3 0 3 4 0 5 6 3 1 2 2 3 3 0 1 0 0 1 3 0 4 0 1 1 2 3 3 2 0 2 2 1 2 1 0 3 4 0 3 4 0 1 0 1 2 2 3 2 4 2 6 0 2 4 2 3 3 1 1 1 0 2 1 6 0 1 1 3 6 2 0 1 1 5 2 3 1 0 4 0 1 1 0 3 5 3 0 3 1 2 1 0 1 1 1 3 1 2 2 0 2 4 2 3 5 0 2 2 2 1 4 2 2 2 4 2 0 1 1 1 3 1 2 3 2 2 2 1 4 1 0 4 3 1 1 1 0 2 3 4 3 1 4 2 5 1 2 1 2 0 2 4 1 0 1 1 1 3 2 2 1 2 2 3 2 0 2 2 1 1 5 1 0 1 6 1 0 2 3 4 2 0 2 3 1 1 2 0 2 1 1 1 5 3 5 4 2 1 1 6 1 0 2 2 1 1 0 2 3 2 4 3 2 2 0 4 4 3 2 3 2 0 1 2 2 4 1 0 2 1 1 1 3 2 3 2 2 2 2 1 0 4 2 3 2 3 2 2 0 0 3 1 3 1 2 6 3 3 2 1 0 4 2 3 2 1 3 1 4 1 0 1 2 3 1 2 1 2 3 4 2 0 2 4 1 1 3 2 1 0 3 0 2 1 2 1 3 3 2 1 1 2 1 1 1 1 0 1 2 1 2 1 1 1 3 3 2 2 4 2 2 2 2 1 0 2 1 0 4 3 3 1 3 3 2 1 3 2 1 1 2 3 3 2 1 1 3 2 1 3 1 1 3 3 1 4 1 3 3 4 1 0 4 1 1 5 1 1 2 1 1 1 4 1 4 1 1 1 2 3 2 2 0 1 2 2 3 2 3 7 1 3 1 0 1 1 2 1 2 0 1 2 3 2 2 1 1 5 2 1 3 3 1 2 1 3 1 1 3 0 2 3 1 0 3 3 0 2 1 0 0 1 3 1 0 1 2 1 1 4 2 2 1 1 0 3 1 3 0 1 3 0 3 1 1 3 1 2 2 4 0 3 0 2 1 1 0 2 2 3 3 1 1 3 1 1 1 1 1 3 4 2 0 0 6 3 1 2 0 1 2 2 3 5 3 2 4 3 2 2 0 1 3 4 1 3 1 3 1 1 3 3 0 2 3 1 3 3 3 1 2 1 4 4 2 1 0 0 1 1 4 0 4 5 3 1 2 2 0 2 0 1 4 0 1 3 2 2 0 4 2 3 4 2 2 3 0 1 2 2 1 2 2 1 4 0 1 1 4 1 2 2 1 0 2 4 2 0 1 6 2 0 2 3 6 1 1 0 0 5 1 2 1 3 1 2 1 3 4 4 1 1 1 1 2 0 1 2 2 2 4 2 1 0 2 2 2 1 3 2 3 2 1 2 1 4 0 4 3 2 2 1 2 1 1 1 1 3 4 0 3 0 3 1 3 0 1 1 1 1 1 1 2 3 2 4 2 2 2 1 2 2 2 2 2 3 4 1 3 1 2 3 0 1 2 1 2 2 1 0 0 1 2 2 2 3 0 3 1 2 3 0 3 3 1 1 0 2 3 3 1 2 3 3 2 1 5 2 3 3 1 1 3 4 0 6 4 1 0 2 1 1 2 1 1 1 4 1 2 1 3 4 0 2 3 1 3 5 0 3 0 1 3 0 1 4 4 1 0 1 0 1 3 2 1 3 2 2 1 3 3 1 2 8 2 1 1 0 1 0 0 1 2 0 3 4 1 3 1 0 1 1 1 1 4 0 4 2 3 2 2 3 2 2 1 2 1 2 3 3 0 1 3 2 3 1 1 2 5 2 1 2 2 1 4 1 1 2 3 1 3 3 3 4 0 2 1 1 1 2 0 4 2 4 3 0 1 2 1 1 0 3 1 3 1 5 2 2 1 0 1 2 1 1 6 1 2 5 4 1 3 2 0 2 0 4 2 4 1 1 5 2 2 3 0 2 1 3 1 1 2 2 2 2 0 1 6 4 2 1 4 0 2 1 0 4 1 0 1 2 2 2 1 3 1 2 5 3 3 2 1 3 1 0 2 2 2 1 1 3 3 1 1 1 2 3 0 3 1 2 4 2 2 3 1 3 0 5 2 2 2 2 4 0 3 1 2 2 1 2 2 4 0 1 3 3 3 0 0 3 4 3 1 0 0 2 2 1 2 1 0 1 1 3 0 3 0 3 2 0 2 0 0 2 0 2 1 1 2 2 2 4 3 1 1 0 4 3 3 1 2 2 1 2 2 1 3 2 1 3 0 2 3 1 2 0 3 2 0 0 3 2 2 2 1 4 4 2 2 1 2 3 2 3 1 1 0 1 1 2 3 1 1 1 1 4 0 2 3 1 2 2 3 3 4 1 1 0 4 0 1 2 0 1 1 3 2 3 1 2 1 2 2 3 1 2 2 2 0 2 2 1 2 1 1 1 5 1 2 2 1 4 4 5 1 1 2 4 1 0 2 1 1 1 1 5 3 3 5 2 1 2 1 3 1 1 2 2 1 4 4 4 3 1 1 0 2 3 3 3 4 1 2 1 2 2 0 1 3 3 0 4 0 2 4 4 0 3 1 0 3 2 2 1 3 3 1 3 2 3 3 0 1 3 0 4 1 4 2 1 0 4 1 1 0 1 3 2 2 1 4 1 2 0 2 2 2 3 0 2 0 2 4 5 3 1 2 2 3 1 0 1 0 3 4 1 1 3 1 3 1 3 1 3 3 1 3 2 2 0 4 0 2 1 3 1 2 1 1 2 3 3 3 4 1 4 4 3 3 2 1 2 3 0 2 0 2 3 1 4 2 2 2 1 3 4 0 1 2 5 1 2 3 3 1 1 2 0 1 3 0 2 4 5 1 1 3 0 5 0 0 3 1 1 4 2 2 1 1 1 7 0 1 2 3 2 1 2 2 0 3 2 1 0 0 3 2 2 1 3 2 1 3 0 1 1 4 2 1 0 2 2 1 1 4 1 0 2 1 3 5 0 3 0 3 1 0 4 2 1 1 3 0 0 2 0 3 0 4 2 1 1 4 2 1 1 2 3 0 2 2 4 1 0 1 0 0 2 5 1 3 2 1 3 1 4 0 4 2 3 1 4 2 2 4 1 2 2 4 4 1 2 2 2 0 0 3 4 3 2 3 1 1 2 0 1 1 1 3 2 2 0 0 2 3 1 3 2 2 3 0 6 1 2 3 4 1 0 2 1 1 1 3 4 3 1 2 0 2 2 1 2 2 1 3 1 2 3 1 2 2 0 1 2 4 2 1 2 1 3 1 2 0 3 1 2 4 1 3 3 1 0 3 1 3 2 0 2 3 1 0 1 4 4 2 2 3 1 1 1 2 3 1 2 3 3 3 1 2 1 1 4 2 3 3 1 1 2 3 1 2 2 2 2 4 2 2 1 1 0 1 4 3 3 2 2 2 3 2 2 2 2 0 4 2 1 2 3 2 3 1 4 1 2 1 3 2 0 2 3 4 2 2 3 2 2 1 2 3 3 3 3 2 1 2 2 2 2 1 2 2 2 1 2 1 2 2 4 1 3 3 1 1 3 2 3 1 3 2 1 2 4 1 0 5 2 2 2 0 1 3 0 2 2 1 3 1 2 3 2 3 2 5 2 0 1 0 4 1 1 3 2 3 4 2 2 3 3 4 3 1 4 2 0 1 0 4 3 1 2 2 0 1 1 1 1 5 1 3 2 2 1 0 3 1 0 2 1 1 3 0 2 3 3 3 2 3 1 1 2 2 3 4 2 1 0 1 3 1 4 3 1 4 0 3 4 0 1 1 2 2 3 2 1 5 3 2 0 2 0 6 2 3 4 3 2 4 0 1 1 1 0 2 2 2 3 3 1 3 1 2 2 5 2 3 1 3 2 1 3 3 2 0 2 4 1 2 3 1 1 1 1 2 2 3 2 0 3 1 3 2 3 2 1 1 1 1 6 2 2 1 2 1 3 2 2 3 3 4 0 2 2 2 3 1 0 0 0 3 3 2 4 4 0 3 2 3 3 2 0 2 3 3 0 1 1 0 2 1 5 3 2 5 0 4 2 2 2 1 1 3 1 2 4 3 0 2 0 1 1 2 2 3 0 3 2 2 2 2 1 1 1 1 3 1 1 1 2 1 2 2 2 0 1 4 2 4 3 1 2 3 2 1 2 4 2 1 2 0 0 4 3 2 1 0 1 1 1 2 4 2 2 2 0 1 2 4 5 2 1 5 2 0 2 0 3 1 4 2 2 3 0 6 3 1 2 1 1 4 4 1 3 2 1 2 1 1 4 1 3 0 1 3 4 2 4 2 2 2 0 3 1 1 2 1 1 4 2 3 2 1 1 1 2 5 4 2 1 2 5 3 0 0 3 4 3 0 1 2 2 2 6 1 0 2 3 2 2 2 1 6 1 2 1 1 2 0 2 0 3 3 3 1 4 1 1 1 2 3 3 2 1 2 2 0 2 0 2 2 1 1 0 0 2 2 2 5 4 2 3 1 0 0 1 1 1 2 2 5 2 3 2 3 0 4 1 2 3 3 0 2 3 4 3 4 2 2 1 0 1 1 3 3 2 1 1 1 0 0 1 1 3 1 2 1 3 1 1 3 2 2 3 2 2 2 4 3 1 1 3 2 3 0 2 3 2 3 1 1 4 2 2 1 0 2 3 2 2 1 0 1 2 0 2 1 2 0 2 1 2 3 3 1 5 2 1 1 0 1 2 0 3 1 5 1 4 4 3 1 1 1 2 3 1 2 0 2 0 2 1 1 2 2 4 3 4 0 0 2 3 1 2 3 3 1 0 1 1 1 5 2 2 3 2 3 2 1 0 2 2 1 3 1 5 1 3 0 2 1 3 0 2 2 3 2 1 1 1 1 3 2 2 1 1 3 2 2 1 2 2 1 2 2 3 2 3 0 1 2 2 3 3 4 1 2 2 1 2 3 0 1 1 1 1 1 3 1 2 3 3 3 3 0 4 0 1 2 2 5 1 1 0 1 2 2 4 2 5 0 3 1 3 0 2 1 0 2 5 2 1 2 2 4 1 1 2 1 2 1 6 2 0 2 1 2 1 3 0 2 1 1 4 3 1 1 1 2 2 2 0 2 3 3 1 2 0 1 3 1 1 1 1 3 1 1 3 3 1 1 3 2 1 3 2 4 0 2 3 1 1 3 4 2 3 2 3 1 2 1 2 3 1 2 0 1 0 1 1 0 5 3 5 3 1 2 1 1 0 1 2 2 6 2 0 2 2 1 1 0 2 4 2 2 0 2 1 1 3 4 0 2 3 3 2 3 5 1 4 4 2 1 2 3 1 1 2 1 2 1 3 2 4 1 0 2 2 2 2 1 0 2 3 3 1 0 4 3 0 1 3 2 4 4 2 1 1 3 3 2 1 2 2 3 1 3 1 4 3 2 3 1 2 0 0 3 3 1 1 4 3 0 3 1 0 4 4 2 0 1 3 2 0 1 3 4 1 4 2 0 1 1 2 5 1 0 1 3 3 2 3 0 2 3 2 1 3 2 3 3 1 1 1 1 1 3 1 2 0 4 1 2 1 2 2 6 1 3 0 2 0 1 3 0 1 1 2 5 0 1 1 2 4 1 0 5 5 1 3 1 0 2 2 4 3 0 5 1 2 1 1 1 3 2 2 3 1 1 2 2 2 2 1 3 2 4 3 3 2 2 4 4 1 2 1 0 3 2 2 0 3 1 1 2 0 3 3 2 5 2 0 0 2 4 3 1 3 2 0 2 3 1 1 2 3 1 2 4 1 1 5 2 1 2 3 1 2 0 1 3 4 2 1 5 1 2 2 0 3 1 4 2 3 0 2 1 1 2 0 4 1 2 2 4 4 2 1 2 3 4 2 1 2 4 4 2 3 3 2 2 3 1 0 1 2 1 4 3 6 1 0 2 3 0 1 2 0 0 1 2 4 0 2 3 2 3 4 2 0 1 4 1 0 7 3 2 5 2 1 2 2 3 2 1 2 3 3 3 1 4 2 3 0 3 1 2 2 0 2 1 2 2 1 3 1 1 4 3 1 1 1 4 0 1 1 1 3 2 2 4 2 2 2 0 2 4 1 1 4 0 4 2 2 2 2 1 4 0 1 1 1 1 0 4 0 1 4 1 2 5 0 0 2 3 2 1 1 0 2 1 2 3 1 1 2 2 1 0 2 2 1 2 3 5 4 1 2 0 2 1 2 3 3 4 5 3 2 0 2 3 1 2 2 2 1 1 4 4 2 2 2 4 3 4 3 1 3 2 0 0 3 0 3 3 2 2 1 4 1 2 1 4 3 1 3 2 1 1 1 1 2 3 1 2 2 1 2 2 3 2 2 2 2 2 5 3 4 4 1 2 1 1 2 3 3 1 2 4 1 2 0 2 2 0 1 3 3 5 1 1 0 2 1 5 3 1 2 2 1 3 3 3 0 2 1 1 4 1 3 3 3 1 0 1 0 1 3 1 0 4 1 2 5 1 1 0 5 3 4 3 3 1 2 3 0 0 1 3 2 1 2 2 2 2 2 1 1 1 1 3 3 3 0 1 1 2 2 1 3 3 3 2 1 1 3 0 2 1 2 0 6 0 2 0 4 4 1 5 4 1 3 2 1 3 1 1 3 4 2 1 3 1 1 1 0 0 1 4 2 2 2 3 4 2 1 4 0 2 2 1 0 1 2 2 1 3 2 2 2 3 3 0 0 3 3 0 2 0 3 4 3 1 1 2 2 1 0 3 3 2 0 4 3 0 0 4 1 0 5 1 0 1 2 3 2 3 0 4 1 2 2 1 3 2 0 3 4 1 3 2 2 2 1 1 3 3 3 1 2 2 0 1 5 2 3 2 1 0 3 3 2 3 1 1 1 0 5 3 1 3 0 0 4 3 3 2 4 5 1 0 2 2 3 3 2 1 1 4 1 1 1 2 0 3 3 2 2 1 5 2 0 2 1 1 1 4 2 1 4 1 3 2 1 0 0 3 1 2 1 1 0 3 8 3 2 1 1 0 3 0 2 3 0 1 1 2 5 2 0 2 3 0 1 2 3 2 0 2 3 2 3 1 2 4 1 2 0 3 3 3 6 1 2 0 4 1 2 1 1 1 1 0 5 2 0 0 2 0 1 0 2 4 3 1 0 2 4 1 0 1 2 2 3 4 2 1 3 3 2 0 2 2 0 5 3 2 1 1 2 2 4 3 2 2 1 0 1 0 0 5 1 0 0 2 2 4 3 1 0 3 4 1 2 1 5 0 1 1 1 1 5 3 3 6 0 3 0 3 3 3 2 1 2 1 4 2 0 2 3 2 4 0 1 3 2 2 0 2 2 3 2 1 2 2 1 0 2 3 0 1 2 1 0 1 4 1 1 2 2 5 2 0 6 1 2 4 0 5 2 3 2 2 1 6 4 3 0 0 2 0 2 2 1 5 0 3 0 2 2 3 6 4 1 0 1 1 2 1 4 4 3 2 1 1 2 3 1 2 3 5 2 3 1 1 3 2 1 1 1 2 3 3 2 0 2 3 1 1 2 1 2 3 3 2 4 4 1 2 2 1 0 3 0 3 0 1 1 2 2 2 3 2 1 3 3 2 1 3 1 1 1 3 4 3 1 1 2 3 4 3 4 4 2 1 3 1 3 0 0 3 3 3 2 2 2 1 2 1 3 1 1 1 0 4 2 6 4 2 1 3 1 1 1 1 2 1 2 1 1 4 1 4 0 0 1 1 4 2 0 5 4 0 1 0 1 2 3 4 3 1 0 1 3 3 3 0 3 2 1 2 1 3 2 3 2 1 2 3 2 1 1 3 1 2 3 2 4 2 2 4 2 1 1 1 1 1 3 3 2 0 2 1 1 1 1 0 2 1 0 4 1 3 3 1 1 1 1 0 3 3 2 0 4 0 2 2 2 2 3 1 4 1 2 2 3 1 3 3 4 0 3 1 0 1 4 1 3 3 2 3 1 3 5 4 2 4 0 3 3 2 0 2 2 0 1 0 1 4 1 4 3 2 2 2 1 3 3 3 2 1 4 3 0 5 2 4 1 2 3 1 4 1 2 3 1 1 1 2 1 3 2 2 0 3 2 2 0 3 3 1 1 0 2 4 2 5 1 2 2 0 0 2 4 0 0 1 3 2 3 1 2 4 2 0 2 2 0 3 2 3 0 4 0 1 2 2 2 2 3 0 1 3 4 1 0 1 3 2 0 3 1 2 2 1 1 3 3 4 2 1 1 2 4 0 0 2 2 6 4 1 2 4 4 2 0 2 1 2 6 0 2 5 0 2 2 3 0 1 4 3 0 3 3 1 2 5 3 3 3 1 2 2 1 1 5 1 2 1 2 0 2 3 1 2 1 0 0 1 2 3 3 2 1 4 2 2 3 1 1 4 1 2 1 2 3 1 0 1 1 6 2 4 1 4 1 5 2 2 1 0 3 2 1 4 6 2 4 3 1 1 0 3 1 2 2 4 1 1 2 2 2 4 4 1 1 1 0 2 0 3 2 3 3 4 2 1 3 0 2 1 2 2 1 4 3 0 1 1 3 1 3 2 2 2 6 2 1 2 3 1 1 4 4 2 3 1 1 3 0 1 1 4 0 3 1 1 3 2 3 2 1 3 2 3 2 2 2 2 2 2 4 0 4 0 1 1 2 1 3 3 3 1 2 1 3 1 2 1 2 4 2 2 4 4 1 0 2 2 1 1 1 0 0 2 3 1 0 4 0 4 2 4 2 1 3 4 4 0 1 1 3 4 3 2 1 3 1 2 2 1 5 1 4 3 1 1 1 0 1 1 2 3 0 4 1 2 2 0 3 2 4 0 2 3 4 0 1 2 5 1 2 3 1 1 3 3 0 6 0 1 4 1 3 1 4 1 2 2 1 0 2 0 1 1 3 2 1 4 1 2 5 2 2 2 2 1 0 2 1 1 2 2 1 2 3 0 2 2 0 0 1 1 3 3 2 2 0 1 1 4 1 6 5 3 0 0 0 3 3 0 2 5 3 4 1 0 0 4 1 2 0 7 1 1 4 3 5 1 3 3 0 1 1 1 2 1 1 2 3 3 3 3 3 2 0 0 1 4 2 4 2 0 2 2 1 2 1 0 2 1 3 2 2 1 2 4 1 5 2 1 2 3 3 1 1 1 2 2 2 1 1 0 3 3 0 2 3 3 2 0 1 3 0 4 3 1 2 1 2 3 1 5 2 2 0 1 1 1 4 0 2 4 2 2 3 1 1 3 3 3 0 0 4 3 1 0 0 2 4 0 5 4 0 0 2 0 2 3 2 6 0 0 3 1 3 4 0 2 2 0 3 3 1 1 1 1 3 1 1 1 1 0 2 3 1 5 4 1 1 1 1 1 2 0 1 4 1 2 2 4 1 1 2 1 0 1 2 1 3 3 3 2 1 2 0 2 1 4 1 3 3 1 2 1 2 1 2 1 1 2 3 4 3 2 1 1 6 1 0 2 1 2 3 2 1 4 4 1 2 2 2 1 6 2 3 4 1 2 2 1 1 0 1 3 0 5 5 1 2 0 3 4 0 3 2 2 2 2 0 3 1 4 3 5 2 0 0 3 1 1 1 2 2 2 7 0 1 2 2 1 3 2 2 2 1 1 3 2 2 1 2 0 2 2 1 1 2 4 4 2 3 2 2 2 2 1 1 2 1 3 2 2 1 5 2 1 2 2 4 0 3 0 2 0 1 3 3 3 1 3 2 6 2 1 1 0 3 3 0 2 1 1 3 2 0 3 1 2 0 2 1 3 4 2 1 1 1 1 1 1 1 3 5 0 4 2 1 3 5 1 2 2 3 0 0 0 2 3 2 2 3 1 3 2 1 2 4 2 0 4 1 3 2 1 1 4 2 1 1 3 0 1 4 3 2 4 6 2 2 0 2 1 1 0 6 2 2 2 5 2 2 3 4 1 5 0 2 1 3 2 4 2 2 2 2 0 2 0 1 2 2 0 2 2 3 4 1 3 1 3 0 1 1 4 1 2 0 4 1 3 5 3 0 2 1 0 3 1 2 2 0 1 1 1 2 3 2 3 1 2 1 3 0 1 2 1 6 3 0 1 1 3 3 2 3 3 1 0 2 1 2 2 2 2 2 3 1 3 0 2 2 4 0 3 0 0 3 1 2 2 3 3 2 2 1 3 2 4 2 3 2 3 2 2 5 0 1 3 1 4 2 1 2 2 4 0 2 3 0 4 0 1 4 3 4 2 2 0 2 2 5 2 2 0 3 2 0 1 3 3 1 2 0 2 2 0 6 2 3 5 2 0 3 1 5 0 1 2 2 2 1 0 1 4 2 2 0 0 3 4 0 2 2 0 2 2 3 0 4 4 2 2 2 1 4 5 0 2 1 3 1 2 2 1 0 4 2 2 3 1 6 3 0 2 0 2 0 0 1 3 3 2 1 0 1 2 2 0 2 2 1 1 2 3 1 1 4 1 3 1 2 2 3 2 3 3 2 4 3 2 1 2 1 2 2 1 3 3 1 1 1 1 2 7 1 1 1 2 1 1 2 1 3 0 4 1 1 1 4 0 2 2 4 3 1 0 3 1 1 1 0 6 3 4 2 0 1 3 2 4 1 4 2 3 1 3 1 3 2 1 5 1 2 1 4 1 0 4 4 4 2 2 2 2 0 1 1 4 2 1 3 3 1 4 3 1 1 0 2 3 2 4 0 0 3 4 1 1 0 1 2 4 0 2 2 2 3 1 1 1 0 4 2 0 2 1 2 5 1 1 2 4 0 0 1 0 6 1 0 3 0 0 2 1 3 3 0 0 5 1 6 1 0 2 0 2 4 1 1 2 5 3 4 3 0 1 0 4 1 1 0 3 1 0 0 0 2 3 0 1 2 2 2 3 4 1 2 2 0 0 5 1 3 4 1 1 2 3 2 2 1 2 2 1 3 2 1 1 1 2 0 4 2 2 1 0 1 0 3 1 1 2 2 3 2 1 2 3 3 1 1 2 3 1 5 1 1 1 2 2 4 0 3 1 2 0 6 2 3 1 0 4 2 3 1 2 2 2 0 1 0 1 3 2 2 2 5 1 1 0 1 0 0 1 4 3 3 4 3 1 1 2 1 0 3 5 0 2 3 4 2 2 3 5 2 1 2 1 0 0 1 2 2 3 2 1 2 1 4 6 1 0 1 3 3 2 1 2 2 1 4 3 1 0 1 0 3 0 3 3 1 1 2 2 1 2 4 3 1 1 2 2 1 0 6 4 2 1 1 3 2 0 2 2 2 4 4 1 1 0 3 3 2 1 3 1 2 5 2 3 0 2 1 1 2 1 3 1 2 3 2 1 1 1 2 1 1 1 1 4 5 2 0 1 3 3 1 3 1 2 0 2 2 2 1 3 4 1 2 3 3 1 3 3 4 2 0 1 1 3 2 4 2 1 0 3 2 0 4 5 2 1 1 2 2 4 2 2 1 2 3 0 4 2 1 2 1 3 1 4 1 3 3 1 1 1 3 3 1 1 1 4 0 4 0 2 1 0 2 3 4 2 1 2 1 2 2 0 2 3 1 2 4 1 3 2 0 0 2 2 2 2 1 5 2 2 1 3 0 1 3 1 1 2 2 3 1 1 1 6 1 5 1 0 2 2 2 3 1 0 5 1 2 1 0 3 1 0 5 2 1 1 1 3 1 3 1 4 2 4 1 3 0 5 2 1 0 0 2 2 1 2 3 0 2 5 4 1 1 1 0 2 3 1 1 0 2 4 2 2 2 4 1 3 1 2 0 2 2 0 2 3 0 2 0 2 3 2 0 2 4 0 2 4 4 1 1 1 2 2 2 5 0 2 1 2 4 3 1 2 0 1 1 1 0 2 2 2 3 0 3 3 0 4 0 1 3 3 1 3 2 3 1 3 1 6 0 3 1 2 2 1 1 3 1 3 5 3 2 3 3 0 1 4 4 2 3 2 2 1 3 0 3 2 3 1 2 4 3 3 1 3 2 1 2 2 4 2 3 2 3 5 3 0 1 2 2 2 3 3 2 2 2 2 3 3 2 4 2 4 2 1 0 2 0 0 1 1 3 1 2 3 2 1 1 2 1 3 1 3 1 0 2 2 3 0 2 4 2 1 3 3 2 0 1 0 1 3 1 0 3 3 4 4 0 1 0 3 1 1 5 3 2 3 4 0 3 2 4 1 0 1 1 2 1 2 4 3 4 1 3 1 2 1 3 1 1 1 1 3 1 3 1 3 3 2 2 1 3 4 2 5 0 1 1 0 1 3 2 4 2 1 1 2 2 2 3 2 2 1 3 1 4 2 1 1 1 0 2 3 3 1 1 3 3 1 0 2 4 0 2 2 2 3 2 1 4 2 2 3 2 2 2 1 1 4 2 2 4 1 2 3 0 0 2 3 1 1 0 2 3 1 2 2 3 1 2 2 1 2 4 1 4 1 2 1 0 2 2 4 2 1 2 2 2 5 1 4 2 1 2 0 2 2 2 4 1 1 2 3 3 0 1 0 2 2 1 2 0 2 0 2 1 6 2 1 2 2 2 1 4 6 2 0 1 4 1 4 3 2 2 2 1 1 2 0 2 1 5 4 2 3 3 4 0 2 0 2 1 2 1 1 1 4 2 1 2 1 2 4 4 0 2 1 3 3 1 1 2 1 2 4 2 0 1 2 1 7 1 2 3 2 3 2 1 1 2 3 3 0 1 2 1 2 2 2 1 2 2 3 0 2 2 2 1 1 1 2 3 3 2 2 2 1 1 0 3 1 3 1 0 1 2 3 1 2 2 2 1 0 2 0 2 1 2 2 2 1 2 4 3 4 1 1 2 0 4 2 2 1 3 0 3 1 2 2 0 3 3 3 1 2 3 0 3 1 0 4 2 3 0 1 3 0 0 2 0 0 3 3 1 3 1 4 5 1 3 2 0 0 2 2 4 1 0 3 1 1 2 0 3 3 0 1 3 4 2 4 3 5 1 4 2 0 2 1 1 1 3 2 1 0 3 3 1 3 5 2 3 2 1 2 0 1 2 4 2 3 2 2 1 2 0 2 1 2 5 3 1 3 2 2 0 2 3 4 0 2 3 1 3 2 2 0 0 1 2 3 4 2 1 2 0 4 1 1 2 2 4 3 1 3 1 1 3 1 3 2 1 0 0 2 4 4 1 2 2 2 4 2 1 2 3 1 3 4 1 2 2 1 1 2 2 1 1 2 1 1 1 1 2 1 2 0 1 1 2 0 3 4 1 2 1 5 1 0 2 4 0 2 2 1 2 3 1 1 5 2 3 2 0 1 1 2 4 2 1 3 1 4 4 3 1 2 3 3 3 2 2 1 1 2 2 5 3 4 0 1 0 1 0 0 3 2 0 1 1 7 2 2 3 1 2 0 2 1 2 4 3 2 1 2 1 4 2 0 1 1 0 1 1 3 3 2 1 0 3 1 4 2 2 4 1 3 2 1 1 4 2 1 0 1 2 2 3 4 4 0 0 1 2 3 3 1 3 0 1 1 2 0 2 1 1 2 1 3 3 4 1 3 4 2 0 4 2 0 2 1 0 3 5 2 0 1 2 4 1 1 3 1 0 5 0 1 1 2 0 2 1 1 3 3 0 1 2 1 2 5 5 0 1 2 2 1 0 2 1 0 1 1 3 5 3 1 4 1 2 2 0 4 4 2 3 0 2 1 2 2 1 1 3 0 3 3 1 1 3 2 0 2 0 2 5 2 3 3 3 1 4 2 1 2 0 2 5 4 0 1 4 1 4 0 1 1 2 3 0 1 4 3 3 3 1 1 2 3 4 2 3 2 0 1 1 1 3 2 2 3 2 2 3 0 1 2 7 4 2 1 2 1 5 2 1 0 1 0 1 2 4 2 2 1 1 0 1 1 2 2 2 0 2 2 4 1 3 4 0 3 2 1 1 0 0 4 2 2 5 1 2 2 1 3 2 2 4 1 1 2 6 4 5 3 3 0 3 4 1 1 1 4 1 4 0 1 1 2 0 0 4 4 2 1 4 1 2 2 0 1 2 5 1 1 2 1 8 1 2 3 0 2 4 1 1 3 2 0 1 1 4 3 3 0 1 1 2 2 3 1 0 3 1 2 3 3 3 3 1 1 3 0 2 6 0 1 6 0 2 2 2 1 5 1 0 1 4 4 4 6 2 1 1 0 2 1 1 3 2 2 1 2 4 1 2 1 3 0 0 2 0 1 1 2 0 1 2 1 2 1 4 1 1 3 4 1 0 1 1 2 2 0 3 4 3 0 1 2 1 1 1 2 2 3 3 2 1 2 3 3 2 1 3 1 2 2 2 2 2 2 2 1 3 0 1 0 0 2 1 3 4 4 3 3 2 2 2 5 1 0 1 3 0 2 2 3 1 0 3 1 0 1 2 2 1 5 2 0 3 3 1 3 3 2 3 2 4 0 2 1 3 3 0 2 2 2 2 6 2 4 2 1 3 2 3 0 1 5 2 2 0 3 2 3 2 3 2 3 0 4 0 1 2 4 1 4 3 0 2 1 2 1 1 2 2 2 2 1 3 1 1 2 2 0 2 2 3 1 2 2 3 1 2 0 1 3 1 5 2 1 1 4 3 2 0 2 1 3 0 2 3 1 1 2 2 4 0 2 1 1 3 2 1 0 1 4 2 2 2 3 1 1 2 1 1 2 1 0 2 5 0 3 0 9 2 1 2 1 2 1 2 2 1 2 3 1 3 1 1 2 4 0 0 4 2 2 2 1 1 0 2 4 2 1 0 3 3 1 3 2 1 2 3 0 0 1 3 0 1 4 2 0 0 3 2 3 0 1 1 2 3 3 3 3 0 1 2 2 5 2 0 0 1 2 1 0 2 4 5 4 1 1 0 1 2 1 1 2 1 5 2 2 0 0 3 2 2 2 3 3 4 2 0 2 1 1 0 2 0 3 3 1 2 4 1 3 4 2 3 2 0 3 2 3 2 3 3 2 0 2 1 1 1 1 3 1 1 1 4 1 1 2 1 0 1 4 2 1 4 1 0 1 5 4 2 3 1 0 0 2 3 3 3 4 0 1 5 1 2 0 2 3 0 2 1 1 1 4 0 3 3 4 1 1 3 0 2 2 3 1 1 4 2 2 3 8 4 2 1 2 0 5 0 2 2 1 4 1 3 0 0 2 2 2 1 1 6 1 2 4 3 6 2 1 0 0 0 2 0 1 3 2 3 1 2 3 4 2 2 0 2 2 1 2 0 2 2 1 1 3 0 0 3 5 1 1 0 2 2 3 5 1 2 1 3 2 5 3 1 1 0 3 5 2 3 0 1 4 2 1 4 3 4 4 2 3 2 3 0 0 2 2 1 3 2 2 1 2 3 3 1 2 0 1 0 1 2 2 0 1 1 3 2 5 1 2 1 3 1 0 2 4 3 5 1 5 2 3 2 0 1 2 2 3 1 3 1 0 0 3 1 5 0 0 3 1 1 2 1 3 4 1 1 2 3 1 0 4 2 3 1 1 0 1 0 2 2 5 2 1 2 2 1 3 5 3 2 2 0 2 3 0 2 2 0 1 0 3 5 1 5 0 5 2 3 2 0 1 1 1 1 3 1 0 2 2 1 1 1 2 1 4 1 3 4 5 0 4 1 1 0 2 0 2 1 3 3 2 3 2 1 1 1 2 5 3 3 2 3 2 0 2 2 1 3 1 2 1 4 5 0 3 3 0 0 2 3 1 1 1 4 1 1 2 1 1 3 2 2 2 0 0 5 0 1 1 2 0 3 6 3 0 1 2 1 3 1 1 4 2 2 3 1 2 1 1 5 2 1 0 1 1 0 0 4 3 4 3 3 2 1 3 0 2 0 2 5 3 1 0 4 2 1 5 0 2 3 2 0 3 4 1 2 1 2 0 2 3 2 1 1 3 3 3 1 3 4 0 1 2 2 1 3 2 1 2 2 2 3 5 1 0 5 1 3 1 2 1 0 4 3 1 3 0 1 0 1 3 2 3 0 4 1 6 0 2 1 0 0 1 2 2 1 1 2 1 2 3 7 1 1 2 0 3 6 1 0 3 0 2 4 2 2 3 1 0 1 0 4 5 2 8 2 1 3 0 1 1 3 1 2 3 5 0 2 2 3 2 2 2 0 1 0 3 2 2 0 1 1 1 2 2 1 2 1 1 0 1 2 2 6 1 2 2 1 2 1 2 0 1 2 1 1 4 1 3 1 2 4 3 2 2 2 1 2 2 7 2 2 3 3 1 1 3 1 2 0 2 5 1 3 0 1 1 1 0 3 3 2 2 2 4 3 0 2 3 0 1 1 4 2 5 1 2 3 0 1 2 2 3 2 4 5 3 2 2 1 0 0 4 2 2 1 5 0 3 1 0 1 2 2 4 2 1 0 1 1 1 3 0 1 5 0 1 3 2 0 2 0 2 1 2 2 3 2 0 1 5 2 1 3 2 3 3 2 2 0 1 1 1 4 4 6 4 3 1 2 3 3 0 6 4 2 0 1 2 1 1 2 1 0 0 1 2 0 2 0 4 1 0 1 2 3 2 2 0 3 1 0 1 0 1 2 1 3 3 3 3 2 4 2 0 2 1 6 2 6 3 1 2 3 3 1 2 3 0 2 5 2 1 2 1 0 0 2 1 1 1 5 2 2 1 0 4 4 1 2 1 5 3 0 1 3 1 1 1 0 2 2 2 0 2 1 5 2 2 1 1 1 3 4 3 2 2 3 2 2 3 3 2 1 3 0 1 0 1 2 1 3 0 0 5 2 1 2 1 0 2 2 0 5 4 3 2 2 3 2 0 3 3 0 1 2 1 1 0 5 3 2 1 2 1 0 2 4 2 1 3 0 1 4 1 2 2 2 5 1 2 4 0 0 3 1 3 1 0 2 7 3 2 2 1 0 2 2 2 4 2 2 3 1 3 1 3 1 0 2 5 1 3 4 3 3 4 3 2 0 2 1 2 2 2 3 1 3 0 1 0 3 0 0 3 4 0 3 0 2 5 2 2 2 0 2 1 4 0 2 0 3 1 1 3 3 3 2 4 2 3 3 2 1 2 2 0 2 2 3 3 1 2 4 2 3 1 3 4 0 2 1 2 0 0 1 2 1 4 0 2 3 5 2 4 2 2 3 4 2 0 2 3 0 3 2 1 1 4 3 2 0 4 5 2 2 1 2 0 1 3 0 5 1 4 2 1 2 3 4 0 1 0 1 2 4 2 4 1 2 2 4 1 2 1 2 3 1 0 3 1 2 4 3 3 2 2 3 2 1 2 1 2 4 0 2 2 1 1 1 0 0 1 2 2 2 3 3 2 0 3 5 3 2 3 2 4 1 1 3 0 2 2 1 0 2 4 2 3 2 0 3 0 5 6 0 0 4 1 2 2 0 3 1 4 5 2 2 3 0 4 1 3 0 1 0 2 3 4 1 3 3 1 2 2 0 2 2 4 1 1 3 3 2 0 1 4 1 3 1 2 2 2 2 2 4 2 2 0 1 2 4 0 2 2 2 1 5 1 4 1 2 2 1 3 2 2 2 1 1 0 3 2 3 3 0 3 1 1 2 1 4 2 2 1 2 1 1 5 4 4 3 0 0 1 3 1 2 4 2 3 1 0 2 2 2 1 2 5 0 4 4 1 1 3 3 3 1 1 2 3 5 3 1 3 0 1 1 3 2 1 4 2 3 1 2 1 1 5 1 4 1 1 4 2 1 2 2 4 4 1 1 3 0 3 0 2 3 2 3 1 0 3 1 3 4 3 3 0 3 5 2 3 1 3 3 4 7 2 2 1 3 2 3 1 0 1 6 3 2 2 2 3 1 2 2 1 1 1 2 0 1 3 5 2 1 4 0 3 0 0 2 2 0 0 5 3 0 2 5 4 1 2 1 0 3 1 0 1 2 3 1 1 3 3 3 0 2 0 1 3 1 2 3 1 2 1 1 2 1 3 2 1 1 1 2 1 3 3 5 1 2 1 3 2 0 2 1 1 1 3 2 1 5 4 0 3 0 1 1 2 2 2 2 1 1 4 1 2 0 2 4 1 1 0 0 2 2 3 4 3 0 2 3 3 1 4 1 2 2 3 4 2 1 4 3 1 2 2 2 7 1 2 3 2 0 1 2 4 1 3 2 3 3 3 2 3 2 1 0 3 3 2 0 6 2 3 2 3 6 1 1 2 2 3 1 1 3 2 1 1 5 1 2 0 2 1 2 4 0 3 4 4 1 0 2 1 2 0 2 3 2 3 3 3 0 2 1 1 0 3 0 1 3 3 3 1 4 1 4 4 4 3 3 2 2 3 1 2 1 1 2 5 3 3 4 1 0 3 1 3 5 2 1 0 3 1 1 1 3 1 5 1 3 1 2 3 0 0 4 2 1 1 1 5 0 1 2 3 1 5 0 1 0 2 4 2 2 0 4 1 2 1 2 2 0 2 2 4 0 1 2 1 2 3 2 2 0 1 1 4 0 2 2 1 0 2 4 1 0 2 5 4 1 1 0 2 1 2 1 2 3 0 3 0 2 0 3 2 0 4 3 2 1 3 2 1 3 2 2 1 0 1 2 2 3 1 1 0 3 2 1 1 2 1 2 6 1 0 2 3 2 3 2 2 1 1 3 2 1 1 2 1 2 1 0 4 4 0 3 1 3 6 2 2 0 2 1 4 2 3 2 3 2 2 4 0 1 2 3 4 4 0 3 6 4 2 2 4 3 3 0 0 3 1 0 1 1 1 2 2 1 1 3 5 4 1 0 0 2 1 2 4 1 0 3 2 1 2 3 6 0 2 1 1 2 4 3 1 1 1 1 2 4 1 1 3 4 4 0 2 2 1 1 6 1 5 0 1 0 1 2 1 3 3 3 3 0 0 0 2 2 3 0 3 3 0 3 1 0 2 0 5 3 1 3 1 6 1 3 2 3 2 1 2 0 2 2 0 0 3 1 0 2 2 4 5 0 1 1 2 1 1 0 0 4 3 2 4 3 0 2 2 1 3 2 2 2 3 0 0 1 2 2 6 2 4 3 1 1 3 0 3 2 1 3 2 2 0 1 2 1 2 0 2 1 5 1 2 5 3 2 2 3 0 4 1 0 3 1 1 1 4 2 3 1 2 1 1 1 3 1 2 4 2 2 2 1 1 3 1 1 3 0 4 3 3 1 1 4 3 1 0 1 1 2 2 2 6 0 1 3 4 3 0 2 2 4 0 2 1 2 0 2 1 0 0 7 0 2 2 4 1 2 2 2 1 3 2 2 3 4 1 1 1 0 3 2 3 2 0 4 4 2 0 2 3 3 3 2 4 3 1 3 2 1 2 4 2 3 2 1 1 3 0 2 2 2 1 3 4 2 2 2 3 2 4 0 1 4 1 3 3 2 3 0 1 1 3 1 2 2 1 3 1 1 1 3 2 3 4 2 1 2 1 3 1 2 2 1 0 5 0 0 2 5 1 5 4 1 1 0 2 4 0 2 3 4 2 5 2 0 3 2 2 2 2 0 3 4 3 3 0 2 1 2 1 1 1 2 2 2 0 3 2 1 4 0 2 3 2 1 1 1 4 2 2 0 3 1 2 2 0 1 3 1 1 4 3 4 1 1 2 2 2 1 1 2 4 0 2 0 4 2 1 4 3 2 0 1 1 3 4 3 1 4 3 5 0 3 2 1 1 2 2 2 2 2 0 2 0 1 2 2 0 4 3 0 2 3 1 2 1 3 1 5 0 2 0 0 5 2 2 1 0 2 3 2 1 4 2 2 1 2 2 3 1 2 3 0 3 1 1 1 2 0 1 3 2 3 2 4 1 5 0 3 3 1 1 3 2 2 1 1 2 1 2 3 2 3 0 1 2 1 2 0 1 2 1 2 2 2 3 0 1 1 3 3 3 3 2 3 2 3 3 2 1 1 1 1 1 4 1 2 2 5 1 0 1 3 2 1 4 7 1 1 4 3 4 2 3 0 3 2 4 1 0 3 3 1 1 2 2 3 0 3 2 3 0 4 0 1 3 1 1 1 4 3 3 3 5 2 1 1 3 2 1 2 2 3 1 2 0 4 1 1 2 3 5 1 3 2 2 0 2 4 2 6 0 3 3 1 0 1 1 3 1 1 1 3 2 0 0 1 2 4 4 2 1 2 4 3 1 2 2 2 2 0 1 2 3 4 4 3 4 3 0 5 2 2 3 2 1 1 4 3 1 1 2 1 1 1 2 1 2 2 2 0 3 2 3 2 1 2 1 0 2 3 1 1 1 5 4 2 1 2 2 1 3 3 1 1 0 2 2 0 6 1 1 2 4 4 2 3 1 0 1 3 5 1 2 1 1 1 4 0 1 3 2 4 0 1 2 3 4 1 3 6 2 0 2 0 2 0 5 0 3 2 1 3 1 3 2 0 4 2 3 0 0 0 3 4 0 1 2 2 3 1 1 1 2 5 2 2 2 3 1 2 1 1 0 0 3 5 3 1 1 3 0 2 4 3 3 2 1 2 0 0 0 3 2 1 3 5 2 1 0 1 0 0 1 0 3 3 2 1 1 2 1 3 2 2 3 2 1 1 3 0 2 1 2 2 1 1 0 0 1 1 3 3 1 3 1 2 4 0 1 3 1 1 1 0 3 2 1 1 6 1 0 1 1 1 2 1 2 3 1 3 2 1 1 3 2 1 0 1 2 0 0 4 0 1 2 2 1 3 1 3 3 1 1 2 1 1 0 1 1 4 2 5 5 6 2 2 0 2 2 3 1 2 3 1 1 3 2 1 6 1 2 1 2 5 1 2 0 4 0 1 0 1 2 1 5 1 3 3 3 3 3 2 2 3 2 3 1 1 5 3 1 2 0 0 3 1 2 2 1 2 2 2 1 1 1 4 1 2 2 3 0 2 2 2 2 1 1 1 3 1 0 4 2 2 3 2 0 2 2 1 1 3 4 4 6 1 2 0 1 0 2 1 1 2 5 1 2 4 1 1 2 1 4 4 1 1 2 0 3 1 1 3 1 1 2 2 3 1 4 5 2 2 1 1 1 2 5 3 1 3 1 1 1 2 2 3 3 1 4 2 2 2 4 0 1 2 3 2 4 3 2 3 5 1 3 2 0 3 1 3 2 0 2 1 1 1 3 1 0 2 2 4 5 1 0 1 0 1 1 3 1 4 3 3 1 1 2 1 0 3 1 2 0 0 6 3 0 0 4 0 2 3 1 2 4 4 2 1 1 0 1 1 0 1 0 5 4 1 1 2 1 0 1 3 2 4 0 2 5 3 5 5 2 2 3 2 1 1 1 0 0 2 2 2 2 0 3 1 3 3 2 1 3 2 2 4 1 1 0 2 2 2 3 1 6 5 1 1 0 2 2 0 4 1 5 6 1 2 0 3 2 2 3 1 1 2 2 0 4 6 0 2 2 1 1 2 3 2 0 2 2 3 3 2 1 2 4 4 2 3 2 3 3 0 0 1 4 3 2 1 0 1 2 1 5 1 0 1 1 4 1 2 2 2 1 2 5 1 3 2 3 4 3 2 2 0 1 3 0 1 2 1 1 4 0 4 1 2 1 0 1 3 2 2 1 4 2 0 3 3 2 4 1 0 2 0 2 3 1 2 2 0 1 1 4 0 2 2 3 4 3 3 0 2 2 2 0 4 2 1 3 2 3 6 4 2 0 0 3 4 0 2 3 2 3 1 0 1 2 3 2 1 0 4 3 2 0 0 3 5 1 3 6 1 1 1 1 3 2 2 1 2 4 0 3 2 0 3 2 0 2 2 1 3 1 1 3 4 2 1 3 2 0 1 3 2 2 3 2 0 8 3 4 2 6 4 0 3 1 2 4 4 0 3 4 1 0 0 6 5 0 3 1 3 4 1 2 4 2 2 5 0 2 0 0 1 1 1 4 2 2 0 4 1 3 1 2 2 5 3 1 0 1 2 3 2 4 2 1 0 3 1 3 3 1 1 1 1 1 1 1 1 3 5 4 0 4 0 1 2 2 1 3 3 2 4 0 3 4 1 0 1 3 0 1 3 3 1 3 1 0 0 2 1 2 2 3 1 2 2 2 2 5 3 4 1 2 1 2 2 3 1 0 3 0 1 2 1 3 3 1 4 3 1 2 4 1 1 3 2 3 4 3 2 1 3 1 3 1 3 1 1 3 1 1 3 3 5 3 2 0 1 1 2 1 0 3 2 2 3 2 2 1 0 4 3 3 1 3 0 2 3 4 1 3 1 1 2 1 1 3 1 1 3 1 4 2 1 1 3 1 1 2 2 1 5 2 2 3 1 1 2 1 1 0 3 3 1 1 0 2 3 2 4 1 1 1 3 2 4 0 2 1 2 2 2 5 1 2 2 0 1 1 0 1 6 4 2 1 2 1 3 1 3 3 1 2 1 0 3 2 0 1 2 2 2 0 3 2 5 3 2 1 1 1 2 3 3 1 1 1 1 3 1 1 2 2 1 0 2 3 1 3 1 3 1 0 2 2 0 1 5 3 2 1 0 4 2 2 1 1 3 2 2 2 4 1 3 2 1 0 1 2 4 2 3 5 1 0 5 0 3 2 1 2 2 0 1 3 4 2 2 3 3 1 0 0 2 0 4 5 1 4 1 2 2 0 1 2 3 1 2 1 0 2 4 0 1 0 1 2 3 2 0 0 1 3 4 2 0 1 1 2 1 4 0 1 1 2 2 3 0 3 3 2 0 0 0 1 2 3 0 3 2 0 4 2 2 1 1 1 0 0 2 3 1 3 1 1 1 4 1 3 1 2 0 2 1 0 1 2 2 1 2 0 1 3 2 6 2 1 1 2 5 2 2 0 2 2 5 0 0 1 1 0 2 3 1 3 4 2 1 1 0 4 1 2 2 2 1 3 1 4 0 1 0 2 2 0 5 3 2 1 0 1 1 3 3 2 2 2 2 4 3 1 1 4 2 2 2 0 3 0 2 2 2 1 1 1 5 3 2 2 0 0 2 2 1 1 1 1 2 1 2 2 5 0 2 3 4 2 1 2 1 2 3 1 1 2 3 1 4 1 1 2 1 2 1 0 4 5 1 1 2 0 1 5 2 2 2 3 2 0 1 3 2 2 2 2 3 3 0 4 2 5 1 3 0 2 0 2 2 1 1 1 1 2 2 2 5 0 2 3 0 2 3 2 4 3 1 5 1 2 3 1 4 2 3 3 0 0 1 0 3 7 1 3 2 3 2 4 2 3 2 2 1 1 1 0 1 5 0 0 0 4 2 1 4 3 0 3 3 3 0 1 1 1 3 0 2 1 2 3 1 2 1 2 4 2 3 4 1 3 3 2 0 1 3 3 3 0 2 0 1 3 0 1 5 4 3 4 3 3 1 0 0 3 1 3 0 3 2 2 5 3 2 1 3 1 0 1 3 2 5 3 2 0 2 1 0 2 0 4 2 1 3 3 1 0 1 2 0 1 5 1 0 3 1 0 3 4 3 5 0 2 2 2 4 1 2 1 6 0 2 3 1 1 1 2 3 5 2 1 3 2 3 3 3 3 1 1 1 0 2 0 0 1 4 1 3 1 3 4 4 0 2 2 1 1 2 1 2 1 0 1 3 1 0 5 2 2 5 3 1 2 4 2 1 1 6 0 1 3 2 1 3 1 2 1 1 5 0 3 1 2 2 3 1 3 4 4 4 4 4 0 0 2 2 2 1 1 1 0 5 3 0 1 0 4 2 2 4 3 1 3 0 1 0 3 2 0 1 2 2 3 1 3 3 1 2 1 1 1 1 5 0 5 2 3 1 2 2 2 0 2 3 2 0 2 6 0 0 2 1 2 2 3 0 2 0 2 2 1 0 0 1 3 2 3 1 3 4 1 0 3 3 4 0 1 4 3 1 3 2 0 1 2 2 4 3 2 2 1 2 0 4 2 2 3 3 2 2 2 5 3 0 3 1 3 1 2 2 2 0 1 2 3 3 6 0 1 5 4 1 2 2 4 1 2 1 1 0 2 4 4 0 2 2 2 1 2 0 0 2 3 3 1 0 2 4 1 1 2 2 2 3 0 1 0 4 2 2 2 3 0 2 2 2 1 0 1 4 0 1 2 2 2 2 1 1 4 1 1 3 0 1 1 2 2 3 0 2 0 2 0 3 2 3 3 2 4 2 1 3 1 3 0 1 5 2 3 1 5 1 4 4 1 2 0 0 0 0 5 2 2 1 3 2 4 4 3 6 0 0 1 0 1 4 4 3 1 1 5 0 1 2 0 0 0 2 1 7 2 2 0 4 3 3 1 2 1 3 2 4 1 2 3 0 2 3 4 4 0 3 1 0 3 1 1 2 0 2 1 3 2 3 1 5 5 3 1 1 1 3 5 1 0 1 1 3 2 2 0 4 5 2 1 3 3 0 0 1 1 1 4 2 3 3 3 1 1 1 2 3 4 1 4 1 3 1 1 1 3 3 2 2 5 2 1 3 1 0 0 2 2 0 2 4 1 2 2 1 0 5 0 1 3 1 3 2 3 0 0 1 1 1 2 0 2 3 3 2 0 2 2 4 2 2 1 1 2 5 2 1 3 2 4 2 1 2 3 1 4 4 3 1 1 2 5 2 2 0 0 3 2 3 2 1 1 3 1 1 5 4 1 2 2 2 0 2 1 3 2 2 2 2 3 4 0 0 2 1 1 4 4 3 2 2 3 1 3 4 0 3 3 2 3 2 0 1 3 3 3 0 3 4 1 1 2 4 2 2 1 1 1 3 0 1 1 1 1 2 1 3 3 5 0 4 1 0 3 2 2 0 1 2 2 4 2 2 1 4 2 4 1 1 1 0 1 7 5 1 0 2 2 2 2 3 1 0 3 2 1 4 0 1 3 4 4 1 2 4 2 3 1 2 4 3 1 3 5 1 1 1 2 0 6 0 1 1 0 2 0 0 2 1 1 3 1 1 3 0 2 4 3 0 3 2 1 0 2 1 0 2 2 3 2 2 2 2 3 1 1 1 2 3 2 4 2 3 3 2 1 2 1 2 6 1 2 0 1 2 2 3 1 0 3 6 1 5 2 1 3 1 1 2 3 3 3 2 3 0 1 3 2 4 2 2 0 3 4 1 0 3 3 1 0 1 0 4 2 2 2 0 1 1 1 2 1 0 1 4 3 1 2 3 1 1 3 0 5 3 1 0 3 0 1 4 1 3 2 2 0 3 5 1 3 2 0 4 1 4 2 2 1 2 3 1 2 2 1 0 0 1 4 3 2 4 1 1 3 1 0 2 1 2 1 1 3 2 1 0 2 0 1 1 2 3 4 1 2 0 2 1 3 1 1 3 1 2 0 3 1 3 2 1 2 3 2 0 2 2 4 3 1 2 1 3 2 1 3 2 0 4 1 2 2 1 1 1 2 1 2 2 3 2 1 1 3 1 3 1 3 1 5 1 3 0 1 2 1 1 1 1 3 0 0 1 3 2 2 5 5 2 3 0 3 1 4 3 2 2 4 2 0 1 4 1 2 2 1 0 3 2 0 2 0 1 2 0 1 1 5 2 2 3 2 1 2 1 2 1 2 2 3 1 1 4 0 1 1 0 1 2 3 3 0 2 2 0 1 0 1 3 3 5 2 2 0 0 2 4 3 0 1 3 3 2 3 3 1 1 1 5 1 3 1 1 2 1 1 3 2 1 2 1 4 1 4 4 2 2 2 2 3 2 0 1 2 1 2 2 3 2 4 2 4 2 1 3 1 2 2 2 1 2 3 0 3 0 5 1 2 0 4 3 1 1 4 0 1 1 2 3 3 2 0 1 1 1 1 1 4 3 2 0 1 2 2 1 1 5 0 0 2 3 4 2 1 3 3 0 2 3 1 4 3 0 1 1 3 4 0 1 5 0 1 0 4 4 4 3 2 3 2 2 2 1 1 0 3 3 3 1 1 0 1 0 0 2 2 2 0 3 0 0 1 2 1 4 4 3 3 5 3 1 0 1 1 1 1 2 4 1 2 3 3 0 2 3 0 1 1 2 3 4 4 0 2 0 6 0 0 1 1 2 1 2 3 1 2 4 2 2 1 0 0 1 0 4 3 2 3 2 0 0 2 2 2 1 1 1 0 2 2 5 4 4 1 4 0 2 4 3 1 3 3 1 0 1 1 1 3 1 6 4 2 4 3 1 3 0 0 5 3 1 3 5 1 1 0 0 1 1 2 0 0 1 5 3 2 1 1 3 0 3 2 0 1 1 0 2 2 2 1 1 4 1 5 3 0 2 4 3 2 0 0 4 0 2 2 1 3 3 3 3 4 2 3 2 0 4 3 4 1 1 3 1 3 0 2 3 2 0 4 3 2 1 4 0 1 2 4 0 0 1 1 3 3 1 2 3 0 3 0 3 0 1 0 2 3 4 2 1 1 1 0 0 1 4 1 2 0 1 3 0 0 0 3 4 3 0 3 1 1 2 6 2 1 2 1 1 3 1 1 0 2 1 4 1 5 3 1 4 0 0 1 3 1 4 4 2 2 2 2 2 2 2 2 3 2 2 2 1 3 0 1 2 1 1 3 2 2 3 1 2 1 0 1 1 1 4 2 3 3 3 2 3 1 1 3 2 4 1 1 1 2 3 4 4 3 1 0 1 2 3 1 1 3 1 2 1 0 1 2 7 0 2 2 2 1 1 4 1 3 2 0 0 2 0 2 1 2 4 3 3 5 0 2 2 3 4 2 3 1 4 1 3 2 2 2 0 2 4 1 3 3 2 1 0 2 3 1 2 0 4 3 4 1 1 3 0 2 5 1 1 3 2 3 1 3 4 4 3 2 1 3 3 1 0 0 2 0 2 1 0 1 2 4 2 2 6 1 0 1 4 4 5 4 0 1 1 1 5 3 1 4 2 1 3 2 1 3 1 2 0 2 6 1 0 2 0 3 1 2 0 6 2 3 4 1 2 1 3 2 3 2 1 2 2 0 3 1 1 0 1 1 2 2 2 2 1 0 4 2 1 1 2 3 3 1 1 3 2 1 0 2 3 2 1 3 2 0 1 2 1 1 3 1 3 0 2 4 2 2 3 1 5 0 1 0 2 2 2 3 4 3 3 1 2 1 6 1 1 0 1 3 1 2 2 4 0 3 4 1 4 2 1 2 2 3 0 2 3 2 1 0 0 2 0 2 2 1 2 2 1 2 4 1 3 4 4 3 1 1 4 1 2 2 1 6 2 1 2 1 1 1 0 1 1 1 4 0 2 1 2 0 4 1 1 1 0 3 0 2 1 3 0 5 1 3 1 3 0 1 1 3 1 1 3 1 2 2 4 0 0 5 2 1 0 2 0 2 2 0 3 1 5 2 0 1 0 3 5 1 1 1 1 4 1 2 0 2 1 2 4 1 1 1 3 2 3 2 0 1 4 3 1 1 4 2 2 0 3 2 0 2 2 3 3 2 1 2 1 0 1 6 2 0 3 4 2 1 4 2 0 1 6 3 2 1 2 1 0 3 1 1 2 2 2 4 1 1 2 6 2 4 0 0 2 2 1 3 6 2 1 2 0 2 1 1 3 2 0 3 4 2 1 6 0 1 4 1 6 3 0 5 0 3 3 3 6 6 1 1 2 3 2 1 2 2 1 4 0 3 4 1 3 0 1 2 2 1 1 3 4 1 3 1 1 4 3 5 0 0 2 2 2 1 2 2 6 1 1 3 4 2 2 2 2 2 1 2 1 1 0 1 3 1 1 4 4 1 2 4 2 4 0 3 1 0 2 1 5 3 0 1 3 3 3 2 1 3 2 2 5 3 4 1 3 1 1 1 0 4 3 2 1 2 4 2 0 1 3 3 3 0 1 4 2 0 1 3 2 3 4 2 1 1 3 4 3 2 0 1 1 4 1 1 1 5 3 1 0 2 0 1 1 3 2 3 2 3 4 3 3 3 3 0 0 0 2 1 1 2 3 2 1 2 0 2 5 1 0 1 2 0 3 2 1 5 4 2 2 1 2 0 2 3 1 1 1 4 2 1 1 2 0 0 2 2 4 5 1 3 2 2 3 0 0 0 1 2 1 6 3 3 1 3 2 3 1 1 2 3 4 1 2 1 0 2 4 4 1 0 1 2 4 2 2 1 1 3 2 2 0 1 3 0 3 4 2 1 4 1 1 1 4 3 4 0 0 1 3 3 1 3 1 3 1 2 2 1 1 3 3 3 1 2 4 2 0 2 2 0 2 2 4 1 3 1 5 2 4 1 0 2 2 3 2 0 2 3 1 0 2 4 0 4 4 0 2 0 5 2 2 2 6 1 2 4 2 5 5 1 3 0 1 1 0 2 1 2 2 1 3 2 5 1 2 1 4 1 2 4 1 1 1 3 1 4 5 3 0 2 3 3 1 4 0 1 2 1 1 4 0 2 1 4 2 3 1 2 2 1 2 1 1 5 3 0 2 2 2 0 3 1 2 4 2 1 3 0 5 4 0 1 3 2 2 4 4 2 2 2 4 0 2 2 2 2 4 3 2 1 0 2 1 0 0 5 1 6 1 2 3 3 1 3 1 3 0 1 1 2 2 3 2 2 2 1 2 2 4 3 2 2 1 1 2 0 1 4 2 5 1 2 0 2 2 2 1 2 6 2 0 2 1 2 1 4 4 1 1 2 4 2 0 2 1 0 5 0 1 3 5 2 0 2 5 1 0 0 2 2 1 4 2 3 3 3 3 3 0 3 0 0 4 1 2 2 3 1 2 2 1 3 4 0 2 4 2 1 2 1 2 2 2 1 1 2 1 1 4 4 3 3 2 1 0 4 4 1 0 0 2 4 2 3 2 4 4 2 2 3 0 3 2 2 8 0 4 1 2 3 1 1 0 3 3 2 3 1 0 1 3 2 5 3 0 3 1 2 2 1 4 1 0 4 5 1 2 1 7 2 0 1 2 3 1 0 0 1 2 1 1 1 2 3 0 0 4 2 2 1 2 2 1 3 1 0 1 1 0 3 2 2 2 4 1 1 2 1 1 1 4 3 3 1 3 0 2 2 1 2 1 2 3 3 2 0 1 1 5 4 2 0 1 1 2 1 0 2 3 2 0 1 2 4 2 4 1 3 0 0 3 3 2 1 4 0 1 1 1 4 2 2 2 0 1 2 1 3 4 3 2 0 4 1 1 3 2 1 1 3 1 2 3 2 3 2 2 4 2 2 1 2 7 1 2 3 3 2 1 1 6 1 2 1 1 3 1 2 2 2 4 1 2 0 2 1 3 3 1 4 2 0 5 4 1 3 2 3 0 2 1 1 4 0 3 2 0 0 1 4 1 0 2 4 0 3 4 1 2 3 0 3 3 2 3 0 1 1 2 2 3 1 1 3 0 0 2 2 0 3 5 4 2 1 0 1 1 3 2 2 0 0 3 1 2 3 1 4 4 4 4 1 0 3 1 1 2 0 1 1 4 0 0 1 5 3 2 2 2 1 1 3 3 1 1 2 1 1 2 4 3 1 0 2 1 3 2 2 4 4 2 1 1 2 2 4 0 3 1 2 1 2 1 2 2 0 2 5 0 2 0 2 1 3 3 1 1 2 1 1 3 2 2 4 0 1 0 0 1 1 1 5 4 1 2 1 2 1 2 0 4 1 0 0 2 2 3 3 2 1 2 1 1 3 3 2 1 0 2 4 0 3 0 0 2 3 2 0 1 4 2 5 2 2 3 0 1 0 2 2 0 2 2 2 1 4 3 2 2 1 2 2 0 3 2 5 2 1 1 2 2 3 2 0 1 2 1 2 4 2 3 2 2 2 3 2 0 3 6 2 2 2 2 0 2 2 1 1 2 3 1 2 4 3 5 2 2 1 0 1 3 2 1 3 2 3 3 1 1 1 0 3 2 2 1 1 0 0 3 0 5 1 2 2 2 0 3 1 2 1 1 4 1 4 6 1 4 2 3 1 1 0 3 1 4 1 1 0 3 2 1 3 1 2 3 1 3 2 3 1 0 2 5 3 1 0 2 4 2 1 2 1 2 4 0 2 0 2 3 3 4 2 1 2 2 3 2 1 3 1 1 2 2 2 0 0 6 3 2 0 3 2 2 3 1 4 6 1 1 1 2 2 5 1 5 1 0 1 3 3 1 1 0 1 2 1 2 1 5 2 1 2 4 1 3 2 1 0 2 3 1 4 3 0 2 3 1 3 1 3 2 1 3 1 3 4 3 2 2 0 2 1 0 5 3 4 3 1 2 2 1 4 0 3 1 2 4 1 1 3 1 1 1 1 1 0 2 2 1 2 3 4 2 1 1 0 0 0 1 0 3 5 1 3 1 0 3 2 0 1 3 4 3 0 0 2 5 3 1 5 1 3 1 0 1 3 3 3 2 0 2 2 2 0 2 4 2 3 1 2 2 0 2 1 1 2 4 1 1 2 2 0 4 3 2 2 2 4 1 6 2 3 3 1 1 1 3 1 0 3 1 1 1 1 3 2 1 1 1 3 2 2 3 1 2 1 0 3 2 2 2 3 2 2 3 1 5 2 1 0 1 1 3 2 4 1 2 2 1 1 4 1 3 3 4 2 1 0 3 6 2 2 1 0 1 2 3 0 1 3 1 3 2 1 0 3 1 1 1 2 3 3 2 0 1 1 1 4 2 5 1 1 0 1 0 3 0 0 4 3 4 5 2 2 4 0 3 1 2 0 3 3 1 2 3 0 1 4 1 3 4 1 0 3 0 1 3 1 0 1 3 3 0 2 0 2 0 5 2 0 3 4 2 4 0 1 3 1 3 1 3 3 2 3 3 0 2 2 2 4 1 2 2 3 0 2 4 2 4 1 0 2 4 2 0 5 2 0 4 4 3 1 1 2 2 2 3 2 2 2 2 1 0 1 1 5 3 1 0 2 3 1 2 0 3 0 2 1 3 0 2 2 2 2 2 2 0 1 3 1 2 2 4 1 0 3 0 4 2 4 2 2 2 2 4 2 1 0 1 3 1 1 1 2 3 5 3 1 0 3 1 2 2 3 2 2 0 0 3 1 4 1 3 4 1 2 0 1 1 2 1 2 0 0 1 1 2 1 0 2 4 4 1 1 0 2 4 0 4 1 0 0 2 2 0 1 1 1 2 1 3 3 2 1 1 1 2 2 1 0 3 1 2 0 1 3 2 0 1 3 3 3 1 1 3 3 2 2 0 2 3 0 5 2 0 1 1 0 1 3 2 2 3 3 3 1 3 2 1 0 0 1 0 2 1 2 3 3 2 2 2 2 8 1 2 0 2 2 1 1 1 3 5 1 1 4 3 3 2 2 0 2 2 1 5 2 1 2 1 0 3 3 2 1 1 1 3 4 1 2 0 1 2 3 1 2 0 2 3 1 1 5 1 5 2 1 1 1 1 3 1 2 3 2 2 1 3 2 3 2 2 3 1 2 2 1 0 0 3 1 1 2 4 1 1 3 3 2 3 1 3 0 1 2 2 3 3 1 3 1 1 5 2 2 4 2 5 1 3 2 1 1 2 2 1 2 3 0 2 2 0 2 2 3 1 1 3 1 1 1 1 1 1 3 0 0 5 1 3 2 1 3 5 6 2 0 2 0 1 0 4 1 1 2 2 1 4 3 1 2 0 1 3 0 3 5 2 4 1 5 0 2 1 1 0 3 3 2 3 3 2 1 1 1 0 2 3 2 2 1 0 1 3 0 3 1 0 2 4 2 1 4 0 2 2 0 0 3 0 4 2 4 6 0 2 2 2 4 1 0 2 1 0 1 3 3 0 1 2 0 1 3 1 4 0 0 1 1 5 4 2 0 3 3 1 2 2 3 3 1 4 0 0 3 0 0 2 2 1 1 3 4 0 1 2 4 2 0 0 5 2 2 1 6 5 1 2 1 2 0 1 7 0 1 4 1 3 1 2 2 0 5 1 1 0 3 2 4 3 1 1 2 1 2 1 2 2 2 2 0 0 7 4 0 1 2 2 2 1 0 0 0 0 2 1 4 6 2 2 2 2 3 1 4 0 3 1 3 3 2 0 1 0 6 2 0 0 2 2 3 2 4 1 3 0 2 2 1 5 2 1 6 2 3 2 4 2 1 2 0 2 2 3 1 2 2 1 1 2 2 2 4 2 4 2 3 1 2 2 1 2 1 4 1 3 2 1 1 1 2 3 5 2 2 1 3 2 2 4 0 4 4 0 0 3 3 2 1 1 2 4 4 3 3 2 4 0 4 3 2 1 2 1 1 1 2 1 3 3 1 2 3 0 1 1 1 3 4 2 2 0 1 2 1 1 0 0 4 1 1 2 3 3 1 1 1 2 1 2 2 0 3 0 2 3 1 1 2 3 2 1 0 2 3 1 0 1 3 1 4 0 3 1 1 2 2 1 3 3 1 0 1 1 4 2 1 1 2 1 0 4 1 3 3 3 3 3 2 2 1 3 0 1 0 2 2 2 5 4 2 1 1 1 3 6 1 1 3 1 0 4 0 1 1 4 3 1 1 1 1 0 1 2 5 2 3 1 0 2 0 5 1 0 1 0 0 2 1 1 3 2 3 3 4 1 0 0 4 3 2 0 1 5 1 4 2 1 4 1 2 0 1 1 5 3 0 4 0 3 0 2 1 5 1 1 4 1 4 2 3 3 2 2 5 4 0 3 1 1 2 5 1 4 3 5 2 2 3 5 2 2 4 2 3 3 2 2 0 4 1 2 3 4 2 0 1 0 2 3 3 3 1 1 1 2 3 0 4 0 3 4 2 0 1 1 1 1 1 3 2 1 0 2 1 0 3 3 3 0 3 1 2 4 4 2 1 0 5 2 3 1 0 2 3 1 1 4 3 2 2 1 2 1 0 0 1 1 3 3 2 2 3 2 1 1 2 3 3 0 2 2 1 2 1 2 5 1 3 2 1 2 1 1 3 3 3 2 2 3 1 4 2 1 1 3 2 1 1 4 3 4 4 2 1 3 3 2 3 2 2 2 2 4 1 1 3 0 5 1 1 3 3 0 0 3 1 4 2 4 4 4 2 0 0 2 3 6 0 1 2 0 3 2 1 0 2 3 0 4 0 4 1 1 2 0 2 4 2 3 2 4 2 3 1 2 3 0 2 3 2 1 3 1 1 3 2 3 0 4 3 2 2 3 1 3 2 2 7 3 2 3 0 2 1 3 0 2 1 3 3 2 0 1 3 3 0 0 1 1 4 3 2 2 2 2 0 0 5 2 5 3 2 2 0 1 0 1 2 5 0 2 2 2 3 3 1 2 1 2 2 1 3 4 2 4 1 0 1 2 2 4 0 2 3 2 3 1 2 1 1 1 2 1 1 4 1 1 2 4 2 3 4 1 1 2 3 0 1 2 1 5 1 3 0 3 2 4 0 2 2 0 3 2 0 0 4 1 1 5 2 0 3 3 0 2 2 3 1 2 3 1 2 3 5 1 2 4 2 1 4 2 1 1 1 4 0 0 3 2 3 3 0 3 1 3 2 2 1 2 3 5 2 3 3 2 2 0 1 2 1 0 2 1 0 0 3 3 4 0 3 4 0 2 4 1 2 3 4 3 1 1 1 0 6 1 1 1 2 0 1 2 2 3 1 1 2 5 3 1 1 1 1 2 2 1 1 3 2 4 2 2 2 4 1 0 1 4 3 1 0 1 3 2 1 2 2 2 2 2 0 1 2 2 2 1 1 2 3 4 0 5 1 4 2 4 4 1 3 3 1 2 0 0 2 2 2 6 1 3 1 3 0 1 1 0 4 2 0 3 0 2 4 1 4 2 3 1 0 3 2 2 1 1 1 4 1 3 1 3 0 1 2 3 3 3 4 1 2 3 0 0 0 4 3 3 3 2 1 1 1 2 0 3 5 3 1 3 1 2 5 0 1 3 5 0 0 1 5 2 1 1 3 3 1 2 2 2 3 0 3 1 3 2 3 0 0 1 2 3 5 1 3 0 1 1 3 1 1 2 1 5 3 4 2 3 2 6 2 1 3 1 1 5 1 3 0 1 2 4 1 2 3 2 2 1 2 1 2 2 2 2 2 1 2 0 3 3 1 2 2 3 1 4 4 3 4 1 1 0 1 0 4 0 1 3 1 3 3 0 0 1 1 0 2 2 4 2 2 0 2 1 2 3 4 3 1 2 2 2 0 1 4 1 4 2 3 0 1 3 3 1 1 5 2 1 4 0 1 4 1 1 2 3 2 2 4 2 0 1 0 3 0 1 2 2 3 2 0 4 2 2 1 0 3 3 0 3 4 2 2 3 3 1 1 1 4 4 2 5 2 1 1 3 4 1 1 0 1 3 3 2 3 4 3 4 1 1 0 2 4 1 5 2 3 0 0 1 4 2 2 2 1 1 1 1 3 4 1 2 3 3 0 1 2 2 2 0 2 3 2 0 4 3 3 3 1 1 2 1 4 2 3 0 2 2 1 1 2 2 2 4 2 3 2 4 2 3 1 2 2 2 0 0 0 4 1 3 2 4 1 3 2 5 0 1 4 1 3 3 1 6 2 0 6 3 0 1 0 1 4 1 3 0 1 3 2 1 4 2 3 3 3 0 2 3 1 2 1 1 1 0 2 1 1 1 3 2 1 1 1 1 1 3 5 2 2 1 3 1 2 4 0 4 2 1 3 3 4 1 4 1 1 1 1 1 3 2 2 1 2 1 3 4 5 2 0 0 1 0 5 1 3 3 1 1 2 2 3 2 0 1 1 4 2 1 2 4 3 6 0 1 2 2 2 2 2 5 2 0 0 3 3 2 3 6 1 1 1 1 1 1 1 4 2 0 4 0 3 2 3 1 2 2 1 3 2 4 1 3 1 0 4 1 2 1 0 1 2 2 3 0 2 2 1 3 3 1 1 3 2 1 2 3 3 0 0 1 0 3 2 5 2 1 2 1 4 4 0 3 3 0 1 1 3 1 5 1 3 2 1 2 1 1 2 2 1 1 3 2 4 4 0 3 2 0 4 1 2 3 0 3 0 3 2 3 0 2 3 1 0 1 2 2 2 2 3 1 3 2 1 2 3 1 4 1 0 0 0 2 5 0 2 6 2 4 0 0 2 2 3 0 5 4 1 1 2 1 2 5 3 3 1 1 3 2 0 4 1 3 4 2 1 1 2 2 0 1 4 3 3 3 0 3 1 2 1 2 1 4 2 0 4 1 2 4 3 1 1 1 1 2 3 4 0 2 4 3 5 3 1 1 2 3 1 0 1 1 3 1 0 5 1 2 2 0 0 3 3 2 2 1 3 4 0 3 2 3 3 2 1 1 1 1 1 2 4 3 0 4 5 3 0 1 1 1 2 3 4 3 5 4 1 1 3 0 1 0 1 0 0 3 2 1 1 2 2 6 3 1 3 1 3 1 0 1 6 2 4 1 1 4 0 1 3 3 1 3 0 2 3 1 2 4 1 1 0 1 5 1 2 1 0 2 1 1 1 0 1 1 1 1 1 2 3 5 3 1 0 3 1 3 1 2 4 0 0 3 4 2 2 2 3 0 2 2 2 1 6 0 2 2 2 1 0 4 3 1 2 3 1 2 3 1 1 0 2 3 1 4 1 2 4 1 2 2 1 4 0 4 4 1 0 2 2 1 1 0 1 2 1 1 3 1 2 2 2 4 0 3 4 4 0 2 1 0 2 1 3 4 1 2 3 2 1 2 1 2 2 1 1 1 1 2 2 3 4 1 2 4 0 0 1 0 2 1 1 0 3 2 2 0 1 6 4 2 1 2 4 3 1 2 1 1 3 2 4 3 4 0 0 1 5 3 3 2 2 0 2 1 4 1 1 1 2 2 2 2 2 4 4 0 0 2 1 4 0 4 3 2 1 4 2 2 4 1 2 2 2 2 0 4 3 3 3 1 1 4 0 1 2 3 2 0 1 1 0 3 3 0 0 3 2 4 1 3 2 1 0 4 1 0 3 2 0 1 2 4 2 4 1 0 2 4 2 2 3 4 4 5 1 2 0 2 0 3 2 1 4 2 1 3 4 1 1 3 4 1 3 1 1 0 3 3 1 1 2 1 1 1 1 1 2 1 1 3 1 3 3 3 0 1 1 1 1 3 2 1 4 3 5 2 1 4 1 0 7 2 1 1 5 4 3 0 1 0 3 2 4 0 4 2 2 1 1 3 3 4 0 1 0 0 1 2 3 3 3 4 2 5 4 0 2 0 4 1 1 0 0 0 2 5 0 1 2 1 3 2 1 1 1 3 4 3 1 4 3 3 2 2 2 1 2 2 0 1 3 3 3 1 1 3 4 2 1 3 1 1 1 1 2 0 2 4 1 2 2 3 5 1 1 1 2 2 1 1 1 3 0 1 0 3 4 2 3 1 3 4 1 1 1 1 1 3 1 4 1 3 1 1 1 5 1 1 2 3 1 0 2 1 2 5 2 0 2 2 2 2 2 0 2 3 1 3 3 0 5 0 0 0 2 5 0 1 2 3 1 3 2 1 1 0 2 1 1 2 1 1 0 2 2 1 4 0 1 3 3 4 0 2 4 1 1 0 0 4 0 0 1 1 2 0 3 2 3 1 2 2 1 2 1 2 2 4 2 3 4 1 3 4 0 2 4 2 0 3 2 3 2 0 3 1 1 1 1 3 1 2 2 3 0 4 2 1 2 0 2 2 0 1 2 2 2 3 6 1 1 4 0 4 2 4 2 1 2 2 3 1 0 3 4 4 2 1 3 2 3 1 3 1 0 2 2 2 1 1 2 3 0 1 2 3 0 1 1 0 0 2 3 2 2 3 0 2 7 2 1 2 1 3 3 4 2 1 5 0 1 4 2 2 0 3 0 1 1 2 0 3 0 1 3 2 2 2 3 1 3 3 1 0 2 3 1 1 3 1 3 4 1 2 0 4 3 2 2 3 2 3 2 3 0 0 2 2 1 4 2 5 2 3 3 3 1 2 1 0 3 3 1 2 0 2 1 1 3 4 3 2 0 3 3 3 1 2 3 1 2 3 3 0 1 1 2 4 5 1 2 2 3 1 1 0 2 0 0 3 2 3 3 3 2 0 2 3 2 4 2 1 2 3 2 0 0 2 2 4 0 2 0 2 3 1 6 0 5 1 0 2 0 0 1 4 2 4 3 2 1 1 2 3 5 0 3 0 2 0 2 1 5 3 3 1 3 2 6 0 0 3 3 2 3 3 2 2 1 3 0 2 1 0 4 2 4 2 1 2 1 1 3 1 1 2 3 4 0 0 2 3 4 2 1 4 2 4 3 4 2 2 0 2 1 5 1 4 4 0 2 3 2 3 3 1 0 2 3 2 2 6 2 0 3 3 1 1 1 2 3 1 1 2 4 1 2 1 3 1 1 2 3 0 3 0 3 1 2 2 3 2 2 5 2 0 3 1 1 1 0 3 2 1 1 4 1 5 2 1 1 0 3 1 0 1 1 1 2 3 1 3 3 2 1 2 1 3 2 1 1 2 2 1 0 2 0 1 5 1 3 0 1 0 1 1 0 3 1 2 3 0 1 1 1 4 1 2 1 3 1 4 3 2 3 1 1 0 0 2 2 2 1 4 2 1 1 0 4 1 4 2 3 2 1 3 1 2 1 2 2 2 2 0 1 1 0 5 3 0 1 1 2 2 3 2 1 3 1 3 3 3 1 3 0 0 1 2 5 2 1 1 4 3 2 2 2 0 4 1 0 1 0 3 1 0 3 4 1 1 1 2 4 4 1 1 2 0 1 1 2 4 3 2 1 2 3 1 1 2 6 1 3 1 1 2 0 2 3 1 2 3 2 2 3 6 3 0 3 2 0 2 0 4 1 0 2 5 0 1 2 1 0 1 2 4 1 2 0 5 2 0 4 1 4 4 1 2 2 0 2 2 3 1 1 1 2 2 3 2 6 2 2 1 2 1 0 2 1 0 1 3 2 5 2 3 0 1 2 3 3 0 2 1 1 1 2 3 5 0 3 0 0 3 1 3 0 2 3 2 2 2 5 1 4 3 2 1 1 1 3 2 1 3 4 2 2 0 6 1 2 2 3 1 2 3 2 2 3 5 0 4 1 2 2 1 3 2 2 3 0 2 2 0 1 2 2 2 1 0 6 3 1 3 6 2 2 2 6 1 1 1 2 0 1 1 2 3 3 2 3 2 4 3 2 0 2 2 2 2 0 0 1 1 4 5 0 5 3 2 1 1 1 1 3 2 1 3 2 0 1 6 5 3 1 3 0 1 3 2 2 2 0 2 0 0 3 2 2 2 2 3 2 1 2 2 2 1 2 2 1 3 2 3 3 2 1 2 4 2 1 0 2 2 3 2 4 0 1 0 0 0 1 2 6 6 3 0 1 3 1 3 0 1 5 3 1 2 1 1 2 2 5 4 3 3 0 3 1 3 3 2 1 3 1 3 1 1 0 3 2 3 1 1 2 5 2 2 2 1 2 2 2 1 2 2 6 2 3 2 0 3 3 1 1 2 4 2 2 3 1 3 5 0 2 0 5 4 2 0 4 2 0 0 2 2 2 0 3 4 3 1 0 0 1 4 2 2 6 3 2 2 1 4 3 2 2 1 2 5 5 2 1 1 3 1 2 2 4 1 3 2 3 1 3 1 1 1 5 2 4 3 1 3 1 0 3 2 2 4 3 1 2 0 0 0 1 1 0 4 3 1 3 2 0 2 1 4 1 0 2 0 3 3 4 1 3 4 3 1 2 1 5 3 0 2 2 5 0 4 2 1 1 1 1 2 2 2 2 4 1 3 3 3 3 1 1 1 2 2 0 3 1 1 1 1 3 0 4 3 1 2 1 3 4 1 2 2 1 0 3 0 2 4 0 4 2 0 5 3 1 1 0 1 1 1 3 1 3 0 2 2 4 3 2 2 1 2 2 2 2 2 3 1 4 4 2 7 2 1 1 2 3 1 1 2 1 2 0 3 1 1 0 1 4 1 2 2 1 2 5 2 3 1 2 5 4 2 2 1 2 0 2 2 4 2 0 0 1 6 3 1 0 1 2 2 0 6 5 1 5 1 1 2 1 0 0 2 2 2 4 3 2 2 3 2 2 1 1 2 1 3 1 0 1 2 6 1 3 2 2 5 2 2 4 1 1 1 4 4 3 5 0 1 0 5 1 2 2 3 3 3 0 2 0 2 4 3 2 5 3 3 1 1 3 2 2 2 0 2 3 1 4 2 3 2 1 5 2 2 0 6 2 2 2 3 1 1 3 1 0 3 0 1 3 2 3 1 0 4 1 3 2 3 4 1 5 4 3 0 3 0 2 2 2 1 2 4 1 3 4 2 2 6 0 4 2 2 1 4 2 4 2 1 2 4 1 2 2 4 1 1 4 0 4 2 1 3 0 3 0 0 1 5 2 4 0 0 1 2 2 3 2 3 3 2 1 5 1 0 2 3 3 3 0 1 1 3 2 0 2 1 4 2 1 1 4 2 0 3 2 4 4 2 1 4 2 2 2 2 0 0 2 4 1 1 3 4 2 0 5 1 2 1 4 1 1 4 2 2 1 3 2 0 4 0 3 1 5 2 3 2 3 3 0 1 0 1 3 2 2 2 4 0 4 0 2 3 4 2 0 1 4 1 2 0 2 1 3 4 4 1 1 2 3 1 0 3 1 2 1 3 1 2 3 2 0 0 4 2 1 1 2 2 3 1 2 5 3 3 0 0 1 1 3 4 1 0 2 0 2 5 2 0 2 0 5 3 3 1 1 1 3 3 0 4 1 2 4 0 2 2 1 3 4 1 2 1 1 0 4 1 1 5 1 0 3 0 5 3 1 1 6 3 3 1 3 1 3 0 2 3 2 0 1 3 1 2 2 1 3 3 1 4 3 1 2 1 1 1 2 2 2 0 3 6 3 2 0 2 2 1 2 1 1 3 3 3 1 1 5 0 1 2 3 1 2 2 1 1 6 2 2 3 4 1 0 1 3 3 2 1 4 4 1 3 1 1 2 3 3 3 0 1 2 2 2 2 2 3 4 0 0 1 0 3 3 4 4 4 0 2 1 1 1 2 2 2 4 4 0 0 0 2 2 0 1 2 1 3 2 5 1 2 3 0 1 2 2 2 1 1 2 2 0 5 2 1 1 2 1 2 2 1 6 2 2 1 2 1 2 1 3 1 2 2 4 0 1 4 3 2 0 2 0 2 2 2 2 0 2 1 1 2 0 0 1 2 2 1 2 3 2 0 3 2 4 0 4 2 1 3 2 1 2 1 3 2 1 2 2 1 3 2 1 2 2 1 3 3 2 1 2 0 2 2 1 2 2 0 3 1 1 0 1 3 1 5 2 0 1 5 3 1 3 3 2 2 0 1 0 0 4 4 3 0 1 6 2 2 0 1 2 1 2 3 2 5 3 1 1 2 3 2 2 2 1 2 6 1 2 5 3 1 1 1 2 2 2 2 2 3 1 3 4 1 3 2 0 1 4 3 3 1 1 2 6 1 2 2 4 2 0 2 2 3 1 3 3 0 2 0 3 1 1 1 2 0 4 1 3 2 2 3 1 2 2 1 1 1 3 2 0 3 3 5 0 3 1 1 0 3 0 4 5 1 2 5 5 1 1 3 2 2 4 4 1 1 2 3 1 1 3 3 5 0 3 6 3 1 0 2 4 3 3 1 2 2 3 4 2 1 1 0 3 0 4 1 0 2 3 2 3 2 2 2 2 2 2 0 1 2 4 0 0 2 3 3 1 1 1 5 2 2 1 3 3 2 2 0 1 3 4 1 2 4 1 1 4 2 1 1 1 4 2 4 3 1 1 2 3 0 1 1 3 3 3 2 0 0 3 4 1 1 1 1 3 4 2 0 1 1 2 3 0 3 2 3 2 2 4 2 3 1 0 3 0 5 3 4 2 5 1 2 2 2 3 0 0 2 1 2 1 1 0 2 3 4 2 2 2 2 3 6 1 2 1 4 0 2 2 0 2 0 1 1 1 3 2 2 1 4 5 1 3 3 1 1 1 1 0 4 1 1 4 1 3 5 4 0 3 1 0 3 3 3 1 1 1 2 2 1 2 2 0 0 5 0 1 3 3 4 1 4 1 2 1 1 3 4 1 3 2 0 3 1 1 4 2 4 3 3 0 2 0 1 3 4 2 1 0 1 4 0 0 5 3 2 3 2 2 3 1 1 4 3 1 0 3 0 3 3 0 2 1 3 3 1 6 1 0 2 3 3 1 4 0 2 4 1 1 2 1 2 2 3 2 0 5 2 2 1 5 2 2 5 3 1 2 1 3 3 4 1 3 3 4 4 1 1 2 2 2 2 1 2 3 2 2 4 1 1 1 1 2 2 0 3 3 4 3 2 2 5 2 0 1 3 1 1 0 2 0 4 4 2 3 2 3 6 2 3 0 1 2 3 1 2 3 1 3 1 1 2 3 3 2 3 0 4 1 1 0 2 3 3 3 0 3 6 1 1 0 4 2 0 1 3 0 9 3 1 2 1 2 5 4 0 3 2 1 3 4 5 1 3 3 0 4 2 0 2 3 4 2 1 1 1 0 1 2 0 0 5 2 1 5 2 1 1 1 0 0 2 1 3 0 1 1 3 2 0 2 1 4 3 1 1 1 2 3 1 1 3 2 0 2 1 1 2 2 0 1 2 2 1 4 2 1 2 0 4 1 3 3 0 0 2 3 5 1 1 1 2 6 3 1 0 0 4 0 1 1 3 2 0 4 4 2 1 4 3 2 5 2 0 3 0 3 2 1 1 2 3 1 3 3 1 2 3 1 1 0 2 2 2 1 1 0 4 1 1 1 2 3 4 1 1 2 2 2 3 1 2 1 3 4 4 4 3 4 3 2 3 4 0 2 2 3 2 0 0 5 1 2 2 2 2 1 2 1 1 4 1 3 2 1 0 3 6 3 1 1 1 1 4 1 1 3 4 3 2 5 0 1 0 2 1 6 1 1 1 2 1 2 1 2 5 0 3 0 3 4 2 3 1 2 2 2 2 3 2 1 0 0 2 2 2 1 1 0 2 3 0 3 0 2 1 5 5 0 2 2 3 1 3 2 3 2 0 2 2 1 3 0 2 3 1 1 1 1 1 5 1 1 0 2 2 3 2 2 1 0 2 1 4 0 1 6 3 2 1 1 3 3 4 4 3 1 3 3 2 3 1 1 1 2 1 4 2 0 2 1 3 2 1 3 1 0 1 2 5 3 0 1 2 3 5 3 1 1 3 3 2 3 1 2 1 2 0 1 1 3 3 5 3 4 2 1 1 1 0 3 0 2 2 1 2 2 3 0 2 1 1 1 1 3 0 2 0 2 4 3 2 5 0 1 0 1 3 2 1 2 1 1 2 1 6 1 6 0 4 2 2 2 1 3 1 2 5 3 1 0 1 2 2 1 0 2 3 3 1 3 1 2 1 3 0 3 2 2 5 4 1 0 1 5 3 2 2 2 4 0 1 3 1 1 1 3 1 0 2 1 2 3 3 5 1 0 4 2 2 1 5 5 2 1 1 1 2 1 0 1 4 3 3 1 1 3 1 4 1 2 3 4 0 0 0 2 2 1 2 2 2 5 2 3 0 0 2 3 2 1 3 1 2 2 1 3 1 1 3 1 2 0 0 0 2 3 2 2 3 2 0 0 2 3 3 1 2 7 2 1 3 3 1 2 1 1 2 1 3 2 1 1 4 3 2 0 1 3 2 2 1 5 3 0 1 2 2 3 3 1 2 1 2 2 3 2 2 1 4 1 2 1 1 3 1 0 0 4 4 4 5 2 0 2 1 2 1 1 1 2 1 3 2 2 1 2 1 2 1 2 1 6 1 1 3 4 3 2 0 3 4 0 1 1 2 1 4 4 0 5 3 2 2 1 0 2 4 1 1 5 0 4 2 6 2 2 2 2 3 1 1 2 2 3 0 2 2 3 2 0 2 4 3 1 6 0 1 2 3 1 1 0 3 3 5 0 3 4 2 3 2 2 2 1 4 3 5 4 4 0 5 5 2 3 2 1 2 1 1 0 1 2 1 1 1 1 2 1 4 2 0 0 4 0 3 2 2 1 6 6 3 0 3 2 1 0 3 3 3 4 0 2 3 2 4 2 1 1 2 1 3 0 2 5 1 1 2 0 3 5 1 4 0 3 1 3 1 1 2 1 2 1 2 5 2 2 2 0 1 4 2 3 1 1 1 5 1 1 2 2 2 3 2 1 3 4 1 3 2 0 1 3 3 1 2 1 4 3 2 2 2 1 3 1 5 0 3 3 3 2 1 0 1 2 1 3 1 3 1 1 2 6 3 3 0 1 6 4 2 2 2 3 1 1 1 3 0 2 5 2 1 2 0 6 3 1 2 2 3 1 2 3 1 0 1 3 4 1 2 4 3 0 1 4 2 4 1 2 0 4 1 1 3 1 6 1 2 3 3 4 1 0 1 3 1 1 2 0 2 2 0 2 3 2 3 3 4 0 4 3 1 3 2 2 2 4 1 3 0 0 0 2 1 3 2 0 3 2 2 4 1 2 3 2 1 3 1 3 1 3 5 2 0 3 6 1 3 5 2 2 1 4 1 1 1 0 3 3 2 0 4 0 1 2 1 2 2 0 1 0 2 2 0 3 0 3 4 5 1 2 3 1 2 2 2 0 2 1 2 2 1 2 2 4 1 1 4 2 1 1 2 5 4 2 3 0 0 6 3 1 2 4 3 1 2 1 1 3 1 5 0 1 1 0 3 1 2 2 3 3 0 0 2 2 0 2 1 3 0 2 2 2 3 4 3 2 2 2 2 1 5 2 1 1 1 2 1 3 2 3 0 4 2 3 1 1 0 4 2 1 4 3 1 3 0 2 3 1 1 1 0 1 2 1 0 4 2 3 0 3 4 1 0 2 2 3 2 1 1 1 2 4 2 2 1 1 5 3 0 4 2 1 0 1 2 2 3 1 0 3 0 0 4 2 0 1 4 1 1 2 2 2 3 2 1 1 3 3 1 3 2 1 1 2 1 1 2 0 0 1 2 2 2 2 1 1 3 3 1 2 2 0 1 4 2 4 0 3 2 1 3 2 2 2 2 1 3 2 2 0 0 2 4 2 3 1 1 2 2 2 5 2 3 0 0 0 4 2 4 2 1 3 1 0 2 2 1 4 2 3 0 2 1 1 4 1 2 1 2 1 0 1 2 1 5 3 0 4 2 3 1 4 2 2 2 0 0 5 3 1 0 4 2 3 1 1 2 6 2 1 1 2 0 2 0 1 2 1 3 4 0 2 3 0 2 2 3 2 1 0 4 2 3 0 4 2 0 2 1 2 2 2 0 2 2 6 4 1 0 3 2 5 1 3 3 2 1 3 1 2 0 1 2 1 1 2 1 1 1 1 3 3 2 3 1 0 3 1 2 4 2 0 4 3 1 4 1 2 0 3 5 4 0 0 2 1 4 4 1 1 2 1 1 2 2 1 3 0 3 3 2 3 0 6 2 2 2 1 1 3 3 2 4 2 3 2 2 0 3 0 4 0 1 3 2 2 0 2 3 3 2 3 2 2 1 2 2 2 2 5 3 3 3 3 1 1 2 1 3 1 1 1 1 1 4 1 1 3 1 2 1 4 3 1 2 1 2 1 6 4 1 1 3 0 0 2 1 0 0 0 1 3 4 4 1 2 0 3 4 1 1 2 3 1 3 1 0 5 4 3 2 0 2 2 2 4 4 0 1 2 4 2 4 0 2 4 4 1 1 3 2 5 3 2 2 1 2 3 1 1 2 2 0 0 1 2 3 2 2 0 1 2 0 1 1 3 2 2 2 3 3 0 1 3 3 1 2 3 2 3 2 0 4 2 0 0 3 1 3 3 5 1 0 2 0 1 0 0 3 1 3 2 3 4 1 1 1 0 2 3 2 3 3 5 2 0 2 3 1 3 3 3 1 4 4 1 1 3 7 0 1 1 2 6 0 1 1 3 4 0 2 4 0 2 1 2 3 0 4 2 3 3 4 0 2 2 2 2 2 4 1 2 1 3 0 2 0 0 2 3 1 3 1 1 3 2 0 1 4 1 0 2 1 1 2 1 1 1 5 2 5 2 1 4 2 2 5 0 1 2 2 0 1 1 1 1 1 0 2 3 3 2 3 2 2 1 2 3 1 2 4 1 0 4 1 3 0 4 3 0 0 3 1 1 6 0 1 2 0 0 2 0 6 1 1 5 2 1 2 0 2 0 3 1 0 4 0 1 1 3 0 2 4 1 3 0 0 2 2 4 3 3 2 4 2 4 2 2 0 1 0 5 0 2 3 0 6 2 3 1 1 0 4 0 3 4 3 4 0 0 1 3 0 2 3 1 1 1 1 1 2 1 2 1 3 4 2 4 5 3 0 3 0 2 0 1 2 2 3 0 3 1 0 4 2 1 3 1 3 4 1 2 2 5 0 0 2 1 3 5 1 1 3 1 2 4 0 1 4 2 2 2 2 2 2 0 1 1 1 2 5 4 2 2 1 2 3 2 1 2 3 2 6 0 2 2 1 2 2 3 4 0 0 0 4 6 2 3 1 1 2 2 1 1 5 0 1 4 1 1 1 4 3 2 3 1 2 1 1 3 3 2 2 0 2 0 2 2 0 3 1 1 1 3 0 4 1 1 7 2 2 2 1 1 1 3 4 0 1 1 1 5 2 4 3 1 3 1 0 2 1 4 2 3 4 0 0 3 3 0 5 0 2 1 2 2 1 8 2 0 3 1 2 4 0 2 1 4 1 5 1 0 4 1 2 1 1 3 1 0 1 1 3 2 2 1 1 0 4 1 1 0 2 3 0 3 0 1 4 3 1 1 2 1 2 2 6 2 4 3 0 2 2 3 0 2 1 3 0 1 4 0 4 1 1 0 3 4 0 1 3 2 3 3 1 5 0 2 4 1 3 1 0 6 4 3 1 1 1 2 2 1 0 1 2 2 0 1 1 1 0 3 2 2 2 2 1 2 4 3 1 0 3 0 2 3 0 3 2 1 3 2 0 2 4 1 2 0 2 1 3 4 4 0 5 1 1 2 3 2 0 3 4 2 0 3 1 4 0 2 0 5 1 1 1 1 3 2 2 3 3 2 1 1 1 2 2 0 3 0 4 0 0 2 3 1 3 1 0 1 3 2 3 4 0 0 3 1 1 0 4 4 3 2 3 1 2 0 2 1 1 2 5 2 0 2 1 3 2 3 3 1 2 1 0 1 1 3 2 1 4 3 0 1 2 2 1 2 0 5 4 2 2 5 2 2 1 1 5 3 1 0 0 2 4 2 2 1 2 3 2 2 0 2 3 3 4 1 2 4 0 1 4 1 2 2 1 1 3 3 1 1 1 1 4 2 2 1 2 2 1 1 4 2 5 3 1 0 2 2 2 1 3 2 2 2 2 3 3 0 4 0 3 2 2 2 3 2 3 2 2 5 1 3 2 1 0 3 2 4 0 1 2 1 1 1 2 1 2 3 3 0 1 0 3 1 4 5 5 0 2 1 4 1 3 2 0 1 1 1 1 0 3 0 2 3 2 1 2 2 6 2 3 2 0 2 3 3 0 1 1 3 1 1 3 3 4 1 4 2 2 2 2 0 1 3 3 3 0 2 2 2 2 1 3 1 4 0 2 4 1 3 2 0 2 4 4 1 3 3 2 2 3 1 2 9 2 0 3 2 1 4 0 3 1 1 3 2 4 1 2 1 2 1 3 2 0 1 1 0 2 2 4 3 2 0 2 4 1 0 0 1 2 3 0 0 5 3 0 2 2 2 0 2 3 2 2 1 0 3 1 3 4 1 1 2 1 1 3 2 2 5 1 3 1 2 2 1 1 3 1 1 0 6 3 6 1 3 2 5 3 3 1 5 2 3 1 1 1 1 2 4 3 0 4 1 1 3 3 0 3 4 4 0 3 5 5 3 3 0 2 3 2 2 5 0 1 5 0 0 1 2 3 3 3 1 1 4 1 3 0 5 4 2 4 2 2 0 4 2 4 2 1 0 2 2 1 1 2 1 2 1 1 0 1 3 2 0 4 0 3 2 4 1 1 3 3 1 1 0 2 3 1 2 2 0 1 0 1 2 5 3 3 1 3 3 0 0 0 2 1 4 2 4 2 0 1 2 0 1 2 2 3 1 4 0 2 3 0 4 5 2 3 1 1 1 0 2 1 3 0 3 3 0 4 5 0 1 1 1 1 0 0 0 4 2 3 3 2 2 4 1 0 5 0 4 1 1 1 2 3 0 5 2 1 1 1 5 0 2 1 1 1 3 1 1 2 1 6 2 1 1 0 1 2 3 2 0 1 1 4 1 2 2 0 1 2 4 3 3 3 1 0 3 1 2 1 1 3 5 1 2 4 3 0 0 2 2 2 1 4 1 2 0 0 1 5 2 1 2 1 2 5 3 5 2 0 2 0 1 2 2 3 2 1 1 3 1 2 2 1 0 2 4 3 4 3 1 4 1 1 1 1 1 1 2 1 4 1 3 3 3 2 1 2 2 0 1 1 2 3 4 2 3 3 0 3 0 5 2 3 4 1 3 4 3 1 4 1 3 3 1 0 0 2 3 1 6 1 1 0 1 2 0 3 1 4 1 1 6 3 0 2 2 1 2 2 2 2 3 2 2 3 0 1 0 2 0 2 3 4 1 3 1 3 1 2 1 2 0 3 0 0 3 0 3 0 1 2 1 2 1 1 4 3 1 0 1 2 3 3 2 0 2 1 2 2 3 0 4 1 1 0 1 2 2 3 1 2 3 4 3 2 2 4 3 2 3 3 2 4 3 2 2 2 1 0 1 0 2 2 2 3 3 1 2 2 0 2 0 1 5 1 3 0 3 0 2 1 0 2 2 2 1 1 1 3 0 3 1 2 2 1 2 0 2 2 0 1 3 3 0 1 0 2 1 3 3 0 1 0 1 2 3 3 3 2 2 2 3 1 1 3 2 0 3 2 1 3 1 2 1 3 2 3 2 1 3 2 1 1 1 0 1 2 0 2 0 5 2 3 5 0 0 1 3 1 2 2 0 2 1 2 3 0 2 1 3 2 0 2 2 2 4 6 2 0 1 4 2 1 2 1 3 3 2 0 2 0 2 2 3 2 3 2 0 3 0 3 3 3 3 1 0 2 2 3 1 1 2 2 4 4 5 3 2 2 0 1 1 1 0 2 3 5 2 2 4 2 2 0 3 2 3 3 2 3 3 1 3 4 0 3 1 1 2 4 4 1 2 3 0 3 3 1 2 3 4 3 0 3 4 4 1 2 4 0 4 2 0 0 1 1 3 3 3 5 0 2 2 2 2 2 4 4 4 1 2 1 4 1 2 1 1 1 1 4 1 2 2 1 2 1 1 2 3 3 2 1 2 3 2 1 4 0 2 2 2 1 1 4 2 2 2 2 2 4 2 3 1 2 2 2 4 2 0 1 1 0 3 2 1 1 0 1 2 4 0 3 1 3 3 1 2 3 1 2 1 3 2 0 3 2 3 2 3 3 3 4 1 2 2 5 5 3 1 3 0 4 2 5 1 2 3 0 0 2 4 3 3 4 2 4 1 3 2 1 4 2 3 3 3 4 3 2 4 2 3 0 2 1 1 2 3 0 1 4 1 1 2 1 1 6 2 3 4 2 1 1 4 3 2 0 4 2 1 1 2 1 4 4 3 2 4 3 1 1 1 1 1 3 2 1 2 3 4 1 7 4 3 3 2 3 0 2 0 3 1 1 4 2 1 4 3 2 1 3 1 4 3 3 1 2 1 1 4 4 0 5 0 3 2 2 0 3 3 1 2 2 2 2 3 0 1 2 6 1 0 3 2 0 3 2 3 2 1 1 0 3 1 1 4 1 1 3 1 2 4 4 1 1 2 3 0 3 3 1 3 1 3 0 2 2 2 2 5 0 2 3 4 1 3 0 4 1 2 2 2 1 2 4 3 1 3 0 1 1 2 4 0 1 2 4 3 2 0 2 4 4 1 0 0 1 2 2 0 1 2 2 1 3 2 2 2 0 3 2 1 1 1 1 4 3 2 0 5 3 0 3 5 3 1 3 0 3 1 1 2 3 3 0 4 2 4 3 2 2 1 0 4 2 0 1 3 1 1 1 1 1 1 1 1 2 1 2 1 2 4 2 0 5 4 0 2 4 2 0 3 1 1 4 2 3 2 2 4 5 0 3 2 1 3 2 2 0 3 3 4 3 1 3 1 1 1 0 2 2 0 4 4 0 1 2 1 3 4 0 3 0 3 3 5 1 2 1 1 2 1 3 2 1 0 2 0 2 1 3 1 0 3 2 2 2 1 4 2 3 1 3 1 1 2 1 0 3 1 1 5 0 3 2 4 1 2 2 1 1 1 2 1 3 0 3 3 1 2 1 1 3 2 2 1 2 1 2 4 0 6 3 1 0 2 2 3 3 3 4 2 3 2 3 2 3 1 2 0 1 2 2 0 2 2 1 2 2 2 2 2 2 3 2 1 3 2 3 2 2 1 2 0 4 2 0 1 3 5 2 6 8 3 1 0 2 1 0 0 3 5 1 3 1 3 1 3 3 0 3 0 1 2 1 0 1 1 1 6 1 3 3 2 1 1 3 4 1 1 1 1 1 2 3 2 1 2 0 1 3 4 0 2 4 0 4 3 4 3 2 5 2 1 2 2 3 0 2 0 5 3 4 2 2 1 2 3 1 0 1 0 1 8 2 3 3 4 2 0 2 0 1 4 2 4 1 5 1 0 4 1 0 1 3 5 1 2 0 1 1 4 3 2 1 2 4 4 3 3 2 2 2 1 3 1 4 3 2 2 1 0 2 2 0 1 1 0 2 4 1 3 4 3 1 2 0 1 0 2 1 4 2 4 1 2 0 2 3 4 1 2 1 4 3 3 1 2 5 0 3 0 0 2 0 3 3 1 1 2 2 1 0 1 1 0 3 2 2 5 3 1 1 3 0 2 2 4 0 3 1 2 1 1 0 2 2 1 2 2 6 1 0 2 1 2 0 3 2 1 3 2 2 2 1 3 2 4 1 3 0 2 1 2 2 1 2 0 1 3 2 2 5 1 3 0 3 1 3 2 4 1 3 3 4 0 1 1 0 1 2 3 0 2 5 4 2 1 4 3 3 0 1 2 2 1 1 0 1 5 2 3 2 2 2 2 0 1 3 1 1 3 1 0 1 3 3 0 3 4 1 3 3 1 1 3 0 3 3 4 2 1 3 3 1 3 1 1 4 0 0 2 2 3 5 4 2 0 3 2 2 3 1 1 1 2 0 2 3 3 2 3 2 1 6 0 1 1 0 3 1 3 1 3 2 4 3 2 5 2 2 2 0 2 0 5 2 3 2 3 1 0 2 2 2 2 2 0 1 4 1 1 1 0 5 2 1 3 2 3 4 0 4 2 2 2 2 0 5 0 3 2 5 0 3 4 1 1 2 1 2 4 3 2 0 0 2 0 3 3 4 3 3 0 1 3 0 2 1 0 2 2 1 2 2 1 4 0 2 6 0 1 4 1 3 2 2 2 0 0 0 0 3 1 1 2 5 2 2 3 1 5 2 3 3 1 3 2 1 0 2 1 2 5 3 1 0 0 2 1 0 3 8 2 1 0 1 1 2 2 2 2 2 2 2 1 4 4 2 1 5 2 1 1 1 2 1 1 1 0 1 0 1 6 1 4 2 4 1 2 2 2 0 0 3 1 1 3 2 0 5 3 0 0 3 1 0 2 0 3 0 0 0 0 1 3 0 1 2 4 4 2 0 0 1 1 1 0 0 2 2 3 1 2 0 4 1 3 3 3 3 3 2 0 0 2 1 1 5 2 2 4 1 2 1 0 1 2 3 0 1 2 2 0 3 4 3 2 1 3 1 0 2 0 1 1 2 2 3 2 2 4 6 0 2 2 0 2 5 0 0 0 1 3 0 2 3 3 3 3 3 3 0 3 2 3 2 0 0 0 3 4 0 0 2 2 1 1 1 4 2 0 2 3 1 3 7 1 4 3 3 0 3 2 2 1 2 2 3 1 2 0 5 2 2 1 5 3 4 2 2 1 1 2 3 1 2 2 1 3 5 1 2 1 2 1 0 1 1 1 1 2 2 1 3 2 3 2 3 3 4 1 0 1 1 2 4 2 1 0 5 2 4 3 2 0 1 1 2 2 1 5 2 2 0 2 2 6 2 3 2 1 0 2 2 0 4 4 0 0 1 3 2 3 0 2 1 3 3 2 2 3 2 1 1 2 3 1 1 3 0 3 0 0 1 2 5 3 3 5 2 1 3 2 1 0 1 2 2 2 3 2 2 1 2 1 1 3 0 2 5 5 5 3 2 0 4 1 1 0 3 5 0 1 3 5 1 2 0 2 3 3 3 2 3 3 0 1 1 3 1 1 2 2 2 1 5 0 0 2 2 3 0 2 1 3 3 0 2 2 2 0 2 2 2 2 0 0 1 6 4 0 1 1 4 1 3 0 0 1 1 2 1 1 3 1 5 4 0 1 2 1 2 2 2 1 2 0 1 2 1 3 1 1 2 0 2 2 1 0 2 2 2 1 1 5 3 1 4 1 1 1 2 1 0 3 1 0 1 3 1 4 2 3 3 2 0 0 2 6 1 0 2 3 1 2 1 1 1 1 2 6 2 4 4 1 3 1 1 3 1 3 5 4 4 1 1 3 2 1 2 3 0 1 2 2 0 2 0 4 0 8 2 0 2 1 3 1 2 4 1 2 1 4 2 2 2 3 1 1 0 2 3 1 4 1 4 2 1 1 3 2 4 2 1 2 1 0 1 0 2 5 3 1 0 1 2 1 6 0 3 1 0 5 0 0 3 5 1 2 1 0 4 2 2 0 5 3 2 1 1 1 4 2 2 3 1 3 1 0 8 2 3 2 0 1 2 3 1 1 1 1 3 6 3 3 0 1 1 4 2 4 3 1 1 2 3 1 1 4 1 1 3 3 3 2 2 2 2 3 2 3 1 1 3 2 1 0 3 0 3 1 4 1 0 0 1 3 1 5 2 0 4 1 4 2 3 2 0 2 1 3 2 4 4 2 4 2 2 4 4 1 1 1 1 4 1 1 4 4 3 2 0 2 2 2 2 3 3 1 2 3 2 2 5 0 2 1 3 1 3 2 4 1 2 2 1 2 3 1 2 2 0 1 3 1 3 0 1 4 2 1 1 3 3 0 2 2 4 3 3 2 3 2 0 1 3 4 3 6 4 1 2 1 0 3 2 1 3 0 0 1 0 4 0 4 2 2 1 2 0 1 3 0 8 2 4 0 1 3 3 0 6 2 2 0 1 1 1 4 1 4 1 2 3 1 3 1 2 1 3 1 0 4 2 2 4 1 3 1 2 1 3 0 2 1 4 0 3 1 2 2 3 3 0 1 3 1 1 0 2 2 1 1 1 1 2 2 0 3 2 3 2 1 2 4 1 4 2 2 0 3 2 0 2 3 4 2 3 2 0 1 4 1 0 4 4 2 3 3 1 2 2 2 0 0 6 3 1 2 0 0 1 4 1 2 3 1 4 1 1 0 3 0 4 1 2 2 0 2 1 3 2 0 2 3 2 4 1 3 2 0 5 2 1 1 1 0 2 2 3 5 0 3 3 1 2 4 1 1 3 3 2 2 2 1 3 2 0 1 2 2 4 3 4 2 3 2 0 2 2 2 3 0 1 0 3 1 3 1 0 3 2 1 3 2 1 3 3 2 4 1 1 1 1 6 0 3 0 1 2 4 1 2 2 4 1 0 3 4 0 0 2 1 1 5 3 1 1 2 4 4 2 4 2 2 1 2 2 2 1 0 2 4 1 0 3 1 2 0 3 3 5 3 1 2 1 1 1 1 0 1 0 5 3 3 1 0 1 3 4 2 1 2 2 1 1 0 1 5 3 1 4 2 4 1 1 1 1 2 2 0 3 4 3 1 2 3 2 2 2 1 3 1 1 5 1 1 1 3 1 6 1 3 1 1 0 3 2 2 0 1 6 1 1 4 3 1 1 0 4 0 0 1 1 3 2 6 1 3 1 0 1 2 2 4 1 2 3 1 0 2 1 0 5 1 1 2 5 3 0 2 1 0 1 3 0 2 1 0 5 1 1 1 3 1 2 2 1 1 1 2 1 2 0 4 3 0 1 1 3 1 1 0 3 2 2 1 3 4 2 2 4 0 1 2 3 1 2 3 1 2 0 3 1 3 1 1 1 3 1 2 2 1 4 3 2 2 3 3 5 2 3 0 1 0 2 2 1 2 1 3 2 1 1 2 2 2 2 0 2 4 0 1 5 1 3 3 3 3 1 4 0 5 1 2 2 0 2 1 2 1 0 1 3 1 6 2 4 2 2 1 1 3 3 0 5 0 1 1 1 2 1 5 2 4 0 0 1 0 1 0 4 2 3 3 2 1 2 2 2 1 1 3 3 0 1 0 1 1 1 1 2 3 2 2 1 0 1 3 4 3 1 2 1 2 5 3 2 3 0 2 1 1 1 1 2 2 0 2 0 3 2 2 3 5 2 3 3 2 5 2 2 1 4 7 3 2 1 1 3 1 2 2 2 2 1 2 3 3 5 0 1 5 0 0 1 3 1 0 2 7 2 2 3 2 2 0 4 2 1 1 0 4 1 0 3 1 3 1 1 1 1 1 2 5 5 1 2 2 2 2 3 5 2 1 1 1 1 1 3 2 3 0 3 1 2 3 1 0 2 4 3 2 2 2 1 2 7 3 0 0 1 3 1 1 3 7 4 1 3 1 0 3 1 3 3 5 2 2 1 3 0 2 2 0 1 1 2 1 2 1 3 1 1 3 5 0 4 0 4 0 2 4 3 1 1 1 4 1 3 1 1 1 1 5 2 1 2 1 3 0 2 2 3 0 3 2 3 1 1 2 1 1 0 1 4 3 2 2 1 4 3 0 0 2 1 0 3 2 1 0 2 2 1 2 1 4 3 1 3 2 4 2 1 1 2 0 2 5 1 4 2 0 2 3 0 1 1 2 1 2 2 1 1 1 1 3 2 4 1 0 2 1 3 2 2 5 2 3 2 1 4 5 1 3 1 4 1 3 2 1 2 4 4 2 1 3 3 1 4 1 1 4 1 3 1 1 3 2 4 3 1 3 1 1 2 1 3 2 4 6 1 1 0 1 1 5 3 0 6 0 1 4 0 1 1 1 4 2 0 3 2 3 1 1 5 2 1 2 3 1 2 6 0 1 4 3 2 0 4 2 1 2 3 1 0 1 4 5 1 1 1 1 3 1 1 1 1 3 3 1 2 3 0 1 2 2 2 3 3 5 0 3 2 0 3 5 1 0 1 4 2 1 1 0 0 6 2 4 3 2 2 4 1 2 0 0 0 0 4 0 1 2 3 4 2 3 2 2 2 1 0 1 2 1 1 0 4 4 1 0 0 0 2 2 3 0 0 5 0 2 2 3 3 1 1 4 1 3 4 2 2 1 2 3 1 4 6 1 3 0 1 0 3 2 2 2 2 2 4 0 3 2 3 1 1 4 2 3 0 0 0 1 2 1 0 4 0 3 2 0 1 2 5 3 5 2 1 0 1 3 1 1 4 2 0 2 2 4 2 1 1 2 3 5 1 2 1 2 2 0 0 1 2 1 5 4 1 0 2 1 1 1 3 4 3 4 3 2 4 2 2 1 3 4 3 2 4 4 1 3 3 2 2 0 3 2 1 2 4 0 2 2 3 2 1 2 2 4 0 0 1 2 3 3 3 3 3 2 3 2 0 0 5 4 3 3 5 0 2 2 0 2 1 1 5 0 1 2 2 3 2 2 1 1 2 1 3 2 2 3 3 2 2 1 3 1 2 1 3 1 3 1 1 3 3 2 3 0 1 2 3 4 3 2 0 2 2 1 5 1 1 0 1 3 0 3 4 3 1 3 1 1 1 2 6 5 0 1 5 2 1 2 3 2 3 2 3 0 4 2 3 0 3 2 2 1 1 1 2 0 0 1 2 2 3 4 1 2 5 1 3 0 0 6 2 1 0 0 1 5 1 3 2 0 1 2 3 1 1 2 2 2 2 1 4 1 1 1 3 4 2 1 2 1 7 1 2 0 3 2 2 3 2 2 4 0 2 1 3 2 1 3 2 2 3 0 2 4 1 0 0 0 2 5 2 5 4 0 2 0 2 1 2 2 2 1 3 4 4 1 2 0 0 2 4 1 3 2 1 1 3 4 1 4 1 1 2 2 0 4 0 1 5 2 2 1 3 1 2 1 2 2 3 0 0 2 4 3 1 5 2 0 2 4 1 4 2 1 0 2 4 4 1 2 2 3 1 2 3 3 1 1 1 1 1 1 4 3 2 2 2 1 2 3 0 2 2 3 2 2 4 0 1 5 1 0 0 4 5 0 4 1 1 1 0 4 2 1 1 1 1 1 3 6 3 2 1 2 0 3 0 2 3 4 0 2 2 0 1 0 3 2 3 2 1 3 2 1 1 3 1 2 1 2 2 0 1 6 2 1 2 0 1 2 2 1 1 1 0 3 3 0 2 3 1 1 4 2 2 3 4 1 1 2 1 2 1 2 1 5 4 3 2 1 2 1 4 1 4 2 4 1 2 5 3 1 1 1 2 1 1 1 5 2 1 1 6 2 1 0 1 4 2 3 1 2 2 3 1 5 1 1 5 1 1 0 1 4 3 3 3 2 1 3 2 2 0 2 3 0 0 1 1 1 0 5 2 2 4 4 1 4 4 6 3 2 2 1 3 1 2 2 4 2 1 1 2 2 1 1 2 3 3 4 2 1 2 2 1 0 1 4 1 0 0 2 3 3 1 1 1 4 5 4 1 0 0 0 2 3 1 4 3 2 1 1 1 5 4 4 4 1 1 1 1 2 1 3 3 1 1 2 4 1 2 1 4 6 2 1 0 3 3 0 2 3 4 0 2 1 1 1 3 1 3 3 2 2 3 5 2 4 1 0 2 0 3 2 1 0 2 0 3 0 2 3 2 2 1 3 2 2 0 4 1 1 2 2 4 2 3 5 0 2 1 1 3 3 3 0 2 4 1 0 0 2 3 2 2 3 2 1 2 2 3 2 0 0 3 2 3 5 1 4 3 0 0 2 1 2 2 1 3 2 2 2 3 3 4 1 5 3 2 2 1 0 0 0 6 2 3 0 1 2 1 3 3 1 3 2 3 5 1 1 1 1 2 2 1 1 0 0 2 0 1 2 1 1 2 1 2 6 2 1 3 3 2 1 2 4 3 2 1 2 3 3 1 3 0 7 1 3 1 0 2 0 2 1 1 3 1 1 3 1 2 3 2 3 0 1 0 3 0 1 2 2 1 5 1 1 3 1 4 2 1 3 2 2 4 0 2 1 2 0 3 1 1 1 3 2 2 1 1 0 0 3 2 4 0 2 1 3 2 5 3 2 1 2 3 0 0 3 1 3 1 2 3 0 2 2 1 0 5 2 5 1 4 1 3 2 4 2 0 2 2 4 1 1 4 3 3 1 3 2 3 1 2 1 1 5 5 1 2 3 1 5 0 2 1 1 3 1 3 1 2 1 4 2 3 2 0 1 4 3 2 4 2 1 3 1 1 1 1 2 3 4 3 1 0 2 2 1 2 2 0 3 1 4 4 3 3 3 2 0 0 1 1 3 6 2 4 2 2 1 2 3 4 2 1 0 0 1 0 0 3 3 4 3 1 4 1 1 3 4 1 2 2 1 2 2 4 2 1 5 1 4 0 1 1 3 4 0 2 2 0 1 5 1 2 1 1 2 2 4 1 3 1 1 5 3 2 2 1 0 0 3 3 3 2 3 1 2 3 3 0 1 0 1 4 1 3 4 2 2 2 1 2 0 3 6 5 0 2 1 2 3 4 0 0 2 4 3 0 1 1 4 3 3 0 2 2 1 2 4 1 2 2 4 3 1 3 0 2 3 2 4 3 1 1 0 2 3 3 3 1 2 2 1 0 2 4 4 1 1 3 0 2 2 4 3 5 2 1 2 0 1 2 1 4 2 0 2 2 2 3 2 3 5 3 3 2 3 1 1 4 2 0 3 1 2 4 3 2 0 4 3 2 2 2 0 4 4 5 0 0 2 1 2 0 0 6 3 3 1 1 0 1 2 4 1 0 0 4 2 1 1 3 6 1 2 3 0 1 2 2 1 2 0 3 3 2 2 2 2 3 5 1 0 1 2 3 2 1 1 4 3 0 0 1 1 2 1 3 2 1 1 2 4 1 4 3 1 2 3 3 1 4 3 1 2 3 1 3 1 2 3 1 1 2 4 3 1 2 2 3 1 1 2 3 1 0 0 0 0 4 0 1 3 3 3 0 1 2 3 2 3 2 3 2 1 3 1 1 2 3 4 0 3 0 1 5 5 1 3 4 1 3 3 2 3 3 0 0 3 2 0 4 3 3 3 2 1 2 1 0 2 4 5 5 3 3 2 2 1 0 4 0 6 4 1 1 1 1 2 1 4 3 1 2 2 3 2 5 0 1 2 2 5 1 0 1 2 0 1 1 1 3 2 2 1 3 3 2 5 0 5 4 2 2 3 2 2 1 1 1 1 5 4 3 1 0 2 3 1 1 3 0 2 1 6 2 1 1 0 6 7 2 2 3 1 4 2 3 3 2 1 3 1 0 1 1 1 1 1 2 3 1 2 6 4 1 1 4 1 1 2 1 3 2 2 2 1 3 3 1 3 2 1 4 1 6 0 2 2 1 1 0 2 2 2 7 1 1 2 2 2 1 2 3 5 2 3 3 0 1 1 1 3 2 3 0 1 2 3 0 3 2 1 0 2 2 3 2 1 3 2 1 1 0 2 4 3 0 1 1 1 2 1 2 2 1 1 5 4 1 1 1 4 2 0 2 3 0 6 1 0 2 1 2 2 3 2 1 2 3 1 0 2 2 3 2 4 0 2 3 1 2 3 0 2 0 0 1 0 2 3 2 4 2 2 3 0 1 4 1 1 1 2 0 4 3 1 5 2 0 2 0 3 2 1 3 2 1 1 4 0 2 4 3 2 1 0 1 0 3 3 2 4 1 0 3 2 2 2 6 3 3 2 1 0 3 4 0 2 3 1 4 2 0 2 2 1 1 4 0 4 2 1 1 3 1 2 2 0 2 2 0 3 3 3 4 0 3 1 3 2 0 4 0 3 4 1 1 2 0 4 5 2 1 2 1 2 2 2 3 2 2 3 3 2 0 1 1 3 2 2 2 3 0 2 4 0 1 3 2 4 4 3 1 2 3 4 3 0 1 0 0 3 1 0 3 3 6 2 3 0 2 2 1 1 3 2 1 1 0 1 3 5 3 3 0 0 2 1 1 1 3 1 2 4 2 1 0 1 1 1 2 2 6 3 3 0 2 1 4 0 3 1 3 3 1 3 5 0 3 1 0 1 3 2 5 1 5 0 0 3 2 3 0 2 0 3 1 2 2 3 3 1 2 2 1 5 0 2 1 2 2 2 3 4 1 2 2 3 1 3 0 8 2 1 2 2 1 2 3 0 5 1 0 4 0 0 6 1 3 3 1 2 2 1 2 5 1 1 0 2 3 1 0 0 3 6 2 1 1 2 1 1 2 2 1 4 1 1 1 2 2 3 0 1 2 3 2 3 3 2 3 2 1 1 2 1 2 3 4 1 0 2 1 2 1 1 2 1 4 2 3 0 4 5 0 4 1 1 2 3 2 1 2 1 2 1 0 0 4 5 1 3 1 4 2 2 0 2 2 0 1 1 2 4 0 1 1 3 1 5 2 0 1 3 1 3 3 0 2 3 2 4 1 1 0 2 2 0 1 2 0 3 2 2 2 2 4 1 2 4 2 3 1 2 1 0 4 2 2 5 2 2 1 2 4 1 1 1 1 3 3 2 3 3 0 5 3 1 0 1 4 4 1 1 3 1 2 1 1 6 3 3 2 3 1 1 3 1 2 3 1 3 3 1 1 2 1 1 2 4 0 2 3 1 4 0 1 3 6 3 3 1 4 2 0 1 3 2 3 4 2 0 2 1 4 1 1 4 2 1 1 3 3 2 0 5 1 4 3 2 2 3 3 1 3 0 3 1 1 1 5 2 1 2 2 0 1 4 2 2 2 2 3 1 3 0 0 2 2 0 0 1 0 3 1 2 1 2 2 3 0 1 5 3 1 2 0 4 1 2 4 1 1 2 3 2 0 0 0 2 2 2 0 0 4 4 1 0 2 2 1 2 3 1 0 4 1 0 5 0 0 1 4 1 3 1 2 4 0 4 0 1 0 3 3 3 3 3 1 4 0 2 0 0 0 2 0 5 5 3 1 2 1 2 2 1 1 1 2 3 1 1 3 1 4 4 0 3 4 3 0 2 4 3 3 2 1 1 0 1 1 0 3 4 1 3 1 0 0 4 3 2 1 3 2 2 3 0 1 2 2 2 1 2 2 2 0 4 2 1 2 2 1 1 3 0 3 1 1 4 1 1 1 2 1 1 4 2 2 2 2 3 1 0 3 2 2 2 0 3 2 2 1 2 1 2 1 2 3 1 6 2 0 4 2 1 3 3 3 7 3 2 1 1 2 3 1 4 1 0 1 2 2 0 1 3 3 5 2 0 4 2 1 3 2 0 2 1 1 2 4 4 0 1 3 2 2 1 4 0 1 2 0 1 4 3 3 1 4 1 1 1 2 3 2 1 1 0 2 0 2 5 0 0 1 1 2 1 3 1 1 3 5 4 2 4 0 1 3 0 3 2 4 3 2 4 2 0 0 4 0 5 2 2 3 2 1 4 2 0 2 2 7 2 3 1 2 1 0 2 4 4 5 0 3 3 2 0 0 2 2 1 3 3 2 2 3 0 4 2 1 1 2 2 1 6 1 5 2 1 1 2 1 2 2 1 2 1 0 0 0 3 2 1 2 4 3 0 2 0 3 0 2 3 1 2 1 2 1 1 2 1 2 0 0 3 3 3 3 2 1 1 1 2 3 1 2 0 6 3 2 1 0 2 0 1 0 3 2 4 1 0 3 3 3 2 2 2 2 3 0 0 0 1 3 2 1 2 2 2 2 2 1 3 0 2 2 1 3 5 1 2 2 0 2 4 1 0 3 1 7 3 1 1 3 3 3 2 0 4 2 3 0 4 3 0 1 3 3 1 4 1 2 1 1 2 2 4 1 2 2 2 0 2 1 1 3 5 3 2 2 2 2 2 1 2 4 1 1 1 4 2 4 0 1 1 2 4 3 4 2 2 4 2 1 2 1 2 4 3 2 1 1 3 0 1 0 1 2 2 1 3 3 2 1 4 1 1 5 3 1 2 1 2 2 1 2 2 2 1 3 0 1 0 3 0 5 2 3 4 6 1 2 3 0 2 1 5 3 1 2 0 3 3 1 2 2 1 3 4 3 1 4 4 1 4 2 0 0 2 2 2 1 2 3 2 1 1 1 4 1 0 2 2 1 2 2 1 2 1 2 4 2 1 2 4 3 3 2 1 0 2 2 2 2 0 1 0 4 3 2 2 4 1 1 1 4 1 2 1 0 5 0 3 1 3 4 0 1 3 3 3 0 2 2 3 2 2 4 1 2 2 6 1 0 4 2 6 0 2 1 3 1 1 1 1 3 1 2 0 1 1 2 1 2 1 3 4 1 3 0 5 1 1 2 4 3 3 2 4 3 1 3 2 3 2 3 5 1 3 2 0 0 2 0 1 2 3 3 1 0 1 0 1 6 3 6 0 0 3 2 3 0 2 1 3 3 1 3 2 3 2 0 2 2 3 1 2 3 2 1 2 4 0 3 3 1 2 1 0 4 3 1 3 3 1 4 2 0 1 1 0 3 1 1 1 3 0 2 3 3 1 3 1 2 2 1 1 3 2 4 2 2 4 1 4 0 4 2 1 6 2 2 3 4 2 3 2 5 0 1 2 1 2 4 2 0 1 2 3 3 3 1 3 2 0 0 5 3 1 3 2 0 2 2 1 1 2 1 2 5 2 1 1 2 2 0 6 1 3 2 1 0 3 0 2 2 3 2 1 4 1 2 2 2 2 2 1 2 0 1 3 1 1 3 2 1 0 1 2 1 0 7 1 1 2 2 2 2 3 2 3 1 5 2 2 1 2 1 3 0 1 5 1 1 1 2 2 2 0 2 5 0 1 3 0 2 0 1 4 0 0 3 0 2 2 1 1 0 4 3 3 2 1 1 1 1 2 3 4 2 1 2 2 1 3 2 1 0 1 1 3 2 4 0 1 0 2 2 5 3 2 1 1 2 0 3 3 3 0 2 2 1 1 2 3 0 2 1 2 0 4 0 3 1 2 4 3 0 2 4 1 3 0 0 1 2 2 1 2 2 0 2 1 2 4 1 2 1 4 1 3 5 1 0 0 2 2 3 3 1 3 3 2 3 0 2 3 4 0 4 1 1 0 3 2 3 3 2 1 2 1 1 0 1 2 1 1 2 1 4 1 1 4 2 4 0 3 4 1 0 1 0 1 1 3 1 3 2 2 0 3 3 1 2 4 1 1 4 3 1 3 1 1 4 2 2 2 2 0 0 4 2 4 3 2 2 2 1 1 3 2 2 1 1 3 3 0 4 3 2 4 0 1 1 0 4 2 4 3 2 1 0 3 2 1 1 1 4 2 2 3 4 3 2 0 0 0 3 3 1 2 1 3 5 3 3 0 3 0 2 3 2 2 1 3 1 1 2 4 1 3 2 0 0 2 3 3 1 1 1 2 4 1 4 3 1 0 2 1 0 3 4 3 2 1 4 0 3 3 2 4 2 3 3 2 1 2 1 2 3 0 3 1 1 1 1 2 2 3 3 2 2 4 0 0 3 2 1 3 4 4 0 3 2 1 1 1 5 2 3 1 1 3 0 2 1 2 2 3 1 2 2 3 4 1 2 0 2 2 2 1 5 1 3 1 2 3 1 3 3 2 1 1 1 1 2 2 2 4 1 2 1 2 1 0 4 1 1 3 4 1 2 1 4 1 4 0 2 0 0 1 0 2 3 1 2 0 1 1 2 1 3 4 3 3 2 3 2 2 3 2 0 2 1 3 8 1 1 1 0 1 0 3 1 4 1 7 1 4 1 1 2 1 2 1 1 2 4 1 4 2 2 1 2 2 2 4 2 0 1 1 0 4 9 1 1 1 2 1 1 1 1 5 0 1 2 2 2 2 2 3 1 2 2 2 1 0 2 1 1 4 4 5 1 0 2 0 0 0 2 4 2 3 1 2 2 2 4 4 1 2 2 0 2 1 0 6 1 2 2 4 3 3 4 1 1 1 2 3 1 0 2 1 3 5 4 1 0 2 4 0 4 5 1 4 1 2 2 0 3 1 1 1 1 1 2 0 3 4 2 2 1 2 3 0 2 1 3 2 1 2 0 2 0 1 3 1 1 1 3 3 6 4 4 2 0 2 0 1 2 3 5 4 1 1 1 3 4 0 1 3 0 3 2 0 2 3 1 0 3 2 3 2 3 2 6 2 1 0 4 2 6 2 0 0 5 2 1 1 5 0 0 1 1 1 4 1 3 0 2 0 1 2 3 2 1 1 2 2 2 2 2 1 0 3 2 2 1 2 1 6 1 1 3 1 1 2 1 3 3 3 0 1 2 4 1 3 1 4 2 3 2 1 2 6 2 2 1 0 2 4 2 2 2 4 3 4 1 2 1 0 0 2 1 3 4 3 6 3 0 1 2 1 4 1 3 2 3 2 2 2 3 2 1 1 3 2 0 3 2 0 4 5 2 3 2 2 5 3 1 3 3 1 1 3 2 2 1 1 1 2 4 3 1 1 3 3 1 3 2 2 3 3 1 2 3 4 2 1 1 2 3 1 1 3 4 4 1 1 3 4 3 0 2 2 3 0 0 2 3 3 1 3 0 2 4 1 2 0 2 0 1 2 2 1 2 0 3 2 2 0 5 2 2 7 1 1 1 0 2 1 3 1 1 3 4 1 2 3 4 2 1 0 3 0 6 0 2 3 1 4 2 2 2 1 0 2 3 3 2 0 1 1 1 5 3 1 2 2 0 1 3 1 5 3 0 1 0 2 3 2 0 1 2 1 4 1 3 3 3 1 0 1 2 3 2 2 4 1 2 2 2 3 2 2 3 0 1 4 1 1 1 1 0 2 1 5 5 5 3 1 4 0 1 5 2 1 2 1 2 4 0 2 2 3 4 2 2 4 4 3 3 0 0 1 1 1 4 4 3 3 1 2 0 3 1 1 2 5 4 1 3 2 1 0 1 1 2 2 3 1 1 2 1 3 0 3 6 5 3 4 2 1 3 1 1 3 0 2 4 0 4 2 3 1 0 1 2 3 2 2 2 2 1 0 3 2 1 3 1 2 3 2 3 2 2 2 2 2 2 4 1 0 2 3 2 0 1 2 2 3 2 3 3 2 1 5 0 1 4 3 1 2 2 0 1 0 3 2 1 2 3 3 1 0 2 0 2 1 4 0 1 4 1 1 1 1 4 2 2 2 2 1 3 2 1 1 0 2 1 1 2 7 5 1 3 5 1 1 5 2 0 2 1 0 4 3 2 3 2 2 1 5 0 1 1 1 0 4 2 1 0 1 2 3 2 2 3 7 3 1 2 0 2 2 3 0 1 0 3 1 1 5 3 0 3 1 2 2 1 2 3 1 2 2 0 5 2 2 2 4 0 0 1 4 1 0 0 2 2 2 4 2 1 4 1 1 3 3 1 1 3 0 0 4 3 3 0 0 2 2 2 5 1 3 4 2 2 1 4 2 2 3 1 1 1 1 1 4 1 3 3 2 4 0 0 4 2 2 1 4 4 3 2 1 1 0 1 1 3 3 1 1 5 0 2 0 3 1 3 0 3 2 2 1 1 0 1 0 2 1 2 2 3 1 0 6 0 4 3 5 2 1 0 2 4 0 1 4 1 1 3 2 4 2 1 2 1 1 2 2 2 0 2 3 3 1 2 2 4 3 2 3 1 4 2 1 2 0 3 2 0 2 0 2 1 2 2 3 1 1 3 2 1 4 3 1 2 4 0 1 1 0 3 1 2 2 2 2 1 3 2 2 1 2 2 0 1 2 2 2 2 0 3 1 4 0 1 0 0 1 0 6 1 1 1 2 4 2 1 3 1 1 3 3 1 4 4 0 4 1 2 4 0 4 3 3 2 1 2 2 2 1 2 0 0 2 1 3 2 4 2 1 2 4 2 3 0 2 2 3 0 0 4 0 0 2 0 2 1 0 3 0 3 6 4 0 2 3 1 3 2 1 2 2 2 4 2 1 3 1 2 3 1 1 2 3 4 3 3 1 2 0 3 2 3 0 0 1 1 6 3 1 0 2 2 1 4 3 2 2 1 2 2 0 1 3 1 3 1 4 0 0 2 2 0 1 3 0 1 1 2 0 1 4 2 3 2 3 1 1 2 0 2 3 3 3 4 5 3 1 1 3 2 3 0 1 4 1 0 1 2 3 0 2 1 4 0 0 2 2 2 1 3 2 2 2 3 2 4 3 5 2 3 2 0 2 2 2 2 1 1 2 3 5 3 1 3 1 1 3 2 1 3 1 0 0 1 0 1 0 3 2 1 2 2 1 1 4 1 2 1 2 2 2 3 2 1 2 0 2 2 3 2 3 3 0 1 3 2 0 2 1 1 1 2 5 2 4 2 2 1 3 1 4 3 3 1 2 1 1 0 1 2 3 1 2 5 2 3 3 0 0 2 1 2 1 4 3 1 1 1 3 1 2 1 5 2 2 4 4 0 2 3 0 4 2 0 2 3 2 3 6 2 0 0 2 2 2 2 3 2 1 1 1 1 2 1 3 1 1 3 1 1 4 2 2 2 0 1 2 3 2 2 3 1 4 0 2 1 0 1 3 1 5 1 4 2 1 2 2 1 4 3 1 3 1 2 1 5 1 1 1 0 1 2 0 4 2 2 2 2 3 3 3 2 2 2 0 1 4 2 1 3 2 1 1 4 1 3 1 0 2 2 1 2 2 1 3 0 1 4 1 5 6 2 0 2 4 1 0 4 0 2 0 2 0 2 2 1 1 2 2 1 1 2 8 3 2 0 2 0 2 0 2 0 1 1 2 3 3 1 1 1 1 1 0 3 4 3 2 1 1 1 1 2 1 2 1 1 1 2 1 2 1 1 1 4 5 1 0 4 0 2 4 3 0 1 2 1 4 1 5 2 2 1 0 4 2 0 1 3 4 1 3 1 2 2 4 1 0 1 8 1 1 2 2 2 4 1 1 2 0 1 2 4 2 1 4 2 0 2 2 4 1 1 0 0 3 1 2 3 1 1 4 5 0 4 1 4 0 1 4 3 1 0 1 4 2 2 3 1 2 1 2 2 4 2 1 1 3 3 2 2 1 1 2 1 3 0 4 1 2 1 2 5 3 2 0 1 3 4 0 4 0 1 0 4 3 0 3 0 1 2 1 2 3 4 3 2 4 4 2 4 0 0 2 1 1 1 2 4 1 1 4 2 0 2 1 3 1 3 0 5 2 1 3 3 1 3 4 4 0 2 1 0 2 4 4 1 4 3 1 0 3 2 1 0 7 2 0 0 3 2 5 5 0 3 0 0 0 3 2 2 4 0 3 1 4 2 3 2 2 1 1 4 3 2 3 2 3 3 2 3 4 2 0 0 2 3 0 1 1 2 5 5 0 1 2 1 5 1 2 0 2 2 2 0 3 0 2 0 3 0 2 2 1 1 1 3 2 2 1 2 1 2 3 0 3 2 1 3 4 1 3 1 1 3 1 2 1 1 0 4 3 1 1 2 1 4 6 2 2 4 0 2 2 3 0 6 1 3 1 0 0 2 5 1 1 3 1 0 0 2 1 3 1 3 3 2 2 4 1 3 4 2 2 1 2 3 1 2 3 0 1 1 0 3 3 2 1 2 3 2 1 5 3 1 4 3 1 4 1 2 3 2 3 4 4 1 1 0 6 1 1 0 2 2 1 2 0 2 3 2 2 1 1 2 0 1 2 2 1 2 2 1 1 3 1 2 1 2 1 2 1 1 4 2 4 0 2 0 3 2 2 3 5 3 1 3 3 2 0 3 2 3 0 2 3 1 2 1 1 1 1 3 2 1 3 2 5 0 2 2 0 2 3 1 2 3 4 1 3 1 4 8 0 1 0 1 2 1 3 1 1 1 2 1 0 2 2 2 0 1 3 0 4 6 2 2 0 0 4 0 0 6 0 0 2 1 2 5 2 4 0 2 4 1 4 2 2 0 2 1 1 1 2 4 1 0 4 3 1 1 1 3 1 1 2 2 2 0 5 3 3 0 3 2 1 1 4 1 4 2 2 2 0 2 0 3 2 1 2 1 3 1 4 2 2 2 1 2 1 4 2 2 6 2 3 0 3 1 2 2 1 2 1 1 3 1 1 5 3 1 1 2 2 2 2 2 3 2 2 0 3 1 0 0 2 2 5 1 3 0 3 2 0 2 4 1 5 3 1 3 0 3 3 2 3 2 2 1 3 1 1 2 3 3 1 5 1 3 2 4 1 1 1 2 1 3 1 0 4 0 2 1 3 0 2 4 2 2 0 2 0 1 2 2 2 1 2 3 1 3 4 0 3 0 1 2 2 0 2 4 4 6 3 1 1 1 1 2 0 1 1 1 2 1 1 2 3 2 2 0 2 4 2 3 0 0 2 3 3 2 4 1 1 2 3 1 6 2 4 1 0 2 1 4 2 1 6 0 4 2 1 3 2 2 2 2 1 0 2 3 1 3 0 3 3 2 1 3 1 1 1 3 1 2 3 2 1 4 1 2 1 6 1 1 1 1 2 0 1 1 2 4 3 1 4 1 1 4 3 3 1 2 3 0 1 4 4 2 3 1 2 5 0 0 1 0 0 4 0 1 1 1 3 5 4 0 1 6 2 3 0 3 3 4 3 4 3 2 0 1 1 3 0 1 2 2 2 6 1 2 1 3 3 2 2 1 2 2 0 1 3 0 0 2 2 3 2 2 1 1 1 2 2 0 3 1 1 3 6 1 1 1 6 2 1 1 3 2 3 0 2 4 1 4 2 1 4 0 1 2 1 3 3 0 1 2 4 2 1 3 2 1 5 3 2 2 3 3 4 0 5 3 1 2 1 4 3 1 1 2 4 0 0 1 1 1 3 0 5 2 3 4 2 3 1 3 3 1 2 2 1 1 0 3 2 3 1 0 1 7 1 1 1 1 2 2 1 2 3 4 2 0 3 0 3 1 1 0 2 2 1 1 0 0 4 1 1 1 4 0 2 2 1 0 2 2 1 2 2 2 2 2 2 1 5 1 3 2 2 4 1 4 0 6 1 2 1 4 2 0 1 3 1 2 1 6 1 1 1 0 2 1 0 1 0 2 2 0 0 4 2 4 1 1 1 2 3 3 2 2 1 4 2 1 1 2 1 4 2 2 0 4 1 2 1 1 0 0 0 4 3 1 2 4 1 1 3 1 0 0 2 3 2 2 3 2 3 2 3 0 2 4 0 3 1 1 2 1 2 1 1 2 2 2 2 0 3 3 0 2 1 2 2 0 1 1 1 1 1 2 2 0 1 4 4 2 1 5 2 3 2 3 1 2 2 1 3 4 1 1 1 1 1 2 2 2 2 4 2 3 4 1 3 3 0 2 2 5 3 3 2 2 2 4 2 1 3 3 0 1 5 1 0 3 5 2 4 3 0 2 1 2 5 0 2 2 3 0 2 0 1 1 1 1 1 1 2 4 3 1 1 1 1 1 3 1 6 5 0 4 3 3 3 2 2 1 2 1 1 2 1 3 2 2 3 2 0 4 4 1 2 2 3 2 3 1 1 2 1 4 1 2 3 2 3 5 2 1 2 3 2 3 1 0 2 0 1 3 4 0 4 4 3 1 0 2 2 1 2 4 3 2 4 2 2 1 2 1 2 2 4 0 5 1 3 1 2 3 1 1 4 3 4 2 2 1 1 1 2 1 1 1 1 3 0 2 2 4 1 2 2 2 2 3 0 0 5 0 2 1 2 4 2 1 4 0 1 4 1 3 1 2 3 2 2 1 2 1 4 3 2 2 0 4 3 0 1 1 5 2 1 2 4 2 4 1 4 2 5 1 3 1 1 7 1 0 3 2 1 2 3 2 1 2 1 1 1 1 3 3 1 2 1 2 2 4 1 1 3 0 2 4 2 1 0 3 3 2 2 2 4 2 3 1 4 2 5 2 0 6 1 1 0 2 2 0 4 0 1 0 6 3 2 0 1 2 1 1 4 3 4 4 1 4 7 1 3 2 1 4 0 1 3 2 6 2 0 1 3 1 2 1 4 1 4 2 1 1 1 1 1 1 2 2 3 3 1 1 3 4 2 2 1 4 1 0 0 1 1 0 3 4 1 1 0 1 2 1 1 2 1 3 3 2 1 2 1 3 3 3 3 0 1 2 3 2 1 2 0 2 1 7 2 1 0 4 4 2 3 3 0 4 1 2 1 3 2 1 2 3 0 2 1 3 4 3 4 2 1 2 4 2 0 3 0 1 0 1 1 1 0 3 2 1 2 4 3 0 1 6 3 2 1 1 1 2 2 5 8 1 4 2 1 3 1 0 1 0 2 4 4 4 5 3 3 2 0 1 1 0 2 3 2 1 1 3 2 1 2 2 1 3 3 1 3 1 2 1 3 2 2 2 1 3 1 0 2 1 2 3 2 2 1 2 2 2 5 0 2 1 3 1 0 2 0 3 3 1 1 1 4 0 0 1 2 2 2 2 1 0 4 3 2 3 1 2 2 1 1 0 1 4 5 3 2 1 1 2 2 2 1 1 3 1 3 2 0 4 1 1 0 1 3 2 0 4 1 3 1 2 3 2 4 2 1 4 0 2 0 3 0 4 3 3 2 7 1 2 3 2 2 2 1 3 0 7 2 1 3 0 1 4 3 3 4 3 0 2 2 2 2 1 1 2 4 0 4 3 2 2 1 2 4 1 2 2 3 2 2 1 2 0 0 0 0 3 3 1 2 1 4 1 1 3 0 6 4 1 3 2 3 2 1 4 2 2 0 1 3 1 1 2 5 2 0 2 0 2 3 2 3 7 6 1 2 1 1 1 2 0 6 4 1 4 1 1 3 1 3 2 3 2 2 3 1 3 1 1 2 1 2 4 1 1 4 2 2 2 2 2 3 1 2 3 4 2 0 1 3 2 2 0 1 1 2 2 3 3 1 5 2 3 0 1 1 4 3 1 1 4 1 1 1 2 2 4 3 3 0 2 3 3 4 1 3 3 3 0 4 1 1 2 0 0 5 2 1 2 0 2 0 2 1 2 1 1 4 1 4 3 3 0 1 0 3 1 4 1 0 1 1 4 5 3 1 2 1 3 1 1 1 3 3 2 1 0 4 0 4 2 2 0 2 1 2 1 3 1 0 1 0 1 2 1 2 3 0 2 2 1 3 2 0 3 1 0 2 3 7 0 4 0 0 2 3 2 4 3 3 1 2 4 1 2 1 3 2 2 2 4 4 1 3 1 0 2 1 1 2 2 0 1 2 4 0 1 2 3 0 1 1 0 1 3 2 3 0 1 0 1 2 2 2 8 5 0 2 2 0 1 1 3 1 1 0 4 3 1 1 0 1 4 0 3 3 3 3 2 3 1 3 2 4 3 1 1 2 4 6 0 3 3 2 0 1 2 3 1 3 0 3 2 2 1 4 1 1 5 2 3 1 1 3 2 3 2 2 2 2 1 1 1 2 1 2 3 1 2 1 3 0 4 5 3 1 1 4 2 3 2 2 2 1 2 0 3 2 0 1 0 4 1 0 2 1 2 0 2 1 2 2 6 1 1 2 1 2 5 4 0 0 2 1 2 2 3 0 3 1 3 4 2 4 2 0 1 1 1 0 4 1 2 1 4 0 3 0 2 3 2 1 3 2 1 2 1 1 2 3 1 1 2 0 6 0 1 1 2 2 2 1 2 6 4 0 2 0 2 2 0 0 2 1 1 2 4 1 1 2 2 4 3 2 2 1 0 1 1 1 3 0 4 1 6 2 3 0 2 1 2 1 3 3 2 1 2 3 0 2 5 2 4 6 0 2 0 1 3 3 0 3 4 2 1 2 2 3 3 2 4 4 1 0 0 1 2 2 3 3 3 2 2 2 1 0 1 3 2 1 1 2 4 2 2 2 1 2 1 0 2 1 3 0 2 2 1 4 3 3 0 1 3 3 2 0 2 1 0 2 2 4 5 3 2 2 3 0 1 1 4 3 5 2 1 1 2 2 3 1 3 1 0 4 1 3 2 2 3 0 2 3 0 7 2 1 1 1 1 2 0 1 0 3 1 1 1 2 2 4 1 0 4 1 0 1 2 7 1 1 1 0 3 1 3 0 0 1 4 1 3 2 3 3 2 2 3 3 0 1 1 2 4 3 1 1 3 2 3 5 3 0 2 2 0 4 2 0 3 1 0 1 3 0 3 1 2 4 3 2 3 0 1 2 2 4 2 1 1 1 4 1 3 2 1 6 1 0 0 2 1 1 2 4 3 1 2 4 3 2 1 1 3 1 2 2 2 2 2 2 1 1 2 3 3 3 4 2 2 0 2 2 1 1 4 0 3 1 4 0 4 3 3 5 2 1 0 3 2 2 3 0 2 3 1 1 4 3 3 1 1 1 1 1 6 2 1 2 1 0 2 3 2 2 5 1 0 1 2 1 1 2 1 2 2 2 1 5 3 0 2 3 1 4 4 1 1 2 3 2 1 2 2 2 2 3 2 3 3 2 0 1 1 1 3 1 0 0 3 1 1 0 4 5 1 2 2 1 3 1 0 3 1 1 2 0 3 2 5 2 0 2 4 4 0 3 1 2 1 1 4 2 0 4 3 1 1 1 2 1 1 3 4 3 0 2 0 4 1 0 6 3 1 2 2 2 2 2 3 1 0 3 4 3 1 1 3 1 2 0 1 2 4 1 3 2 1 3 3 2 5 1 2 1 3 2 2 1 1 4 1 3 4 1 1 4 1 1 3 4 3 2 2 0 2 1 2 1 2 3 3 3 1 2 0 1 2 1 1 0 3 3 2 1 5 4 1 1 2 3 1 6 3 1 5 2 2 0 1 1 3 2 2 0 4 3 1 2 2 2 1 2 1 1 1 2 2 1 0 1 2 0 0 2 2 3 4 2 0 5 2 1 1 2 3 2 0 3 1 3 2 3 4 2 1 0 1 0 5 0 6 2 3 2 3 2 0 2 3 2 1 3 4 0 1 3 0 3 1 2 1 1 4 2 2 4 4 2 2 2 2 2 2 1 2 2 0 2 2 5 0 0 2 2 3 4 2 1 2 0 3 1 2 3 2 1 1 3 1 0 2 2 2 1 0 4 2 1 0 1 1 1 2 0 2 1 3 1 2 3 2 3 2 2 2 2 2 2 2 4 2 1 1 4 1 2 0 1 3 3 0 2 1 3 8 1 2 0 2 1 3 3 1 4 1 2 0 0 3 2 4 5 0 3 2 0 5 1 1 1 0 0 1 4 3 2 2 3 2 0 1 1 0 1 2 4 1 2 1 5 1 3 3 1 1 1 3 3 1 1 2 1 6 2 2 0 2 2 1 3 5 2 0 2 2 2 0 1 2 3 1 1 2 0 4 5 2 2 5 1 2 0 0 2 0 1 2 4 3 1 2 2 4 3 1 2 3 1 3 0 1 2 2 2 3 1 1 3 2 3 3 3 0 3 3 2 0 2 2 1 3 1 3 0 3 1 3 0 4 1 0 1 2 0 2 3 2 2 3 4 3 4 2 1 1 2 1 1 1 4 1 0 2 1 3 1 3 2 0 4 2 1 3 4 2 1 1 7 2 3 2 1 3 4 1 3 3 0 0 1 2 2 0 2 1 0 0 0 4 2 2 4 2 1 0 1 2 0 1 1 1 8 5 1 3 3 0 1 1 2 1 0 5 2 1 1 2 3 2 0 2 3 0 1 3 1 2 2 3 4 0 2 3 0 2 5 0 1 0 0 1 4 1 2 3 4 3 2 2 0 2 3 1 3 0 3 2 0 4 1 2 3 2 3 1 3 0 1 2 3 3 1 2 3 1 2 1 1 1 4 4 5 1 2 3 0 2 2 2 4 1 1 0 0 1 4 1 4 4 1 2 0 2 1 3 6 1 0 4 1 2 2 3 3 1 3 0 1 2 4 2 2 1 0 4 1 2 0 2 2 1 4 3 1 1 3 5 1 2 1 1 0 0 4 1 2 2 3 0 1 1 3 3 2 3 5 0 2 0 0 0 2 2 5 0 1 3 3 2 4 3 0 1 0 1 2 0 2 4 0 0 3 2 0 2 3 1 0 3 2 4 5 0 1 3 0 2 0 3 1 1 0 2 2 1 4 0 2 1 0 1 4 1 2 4 2 2 2 2 1 1 4 1 5 1 0 2 3 3 0 3 1 0 4 2 3 2 2 3 3 2 2 3 3 2 2 2 2 3 1 2 0 2 2 1 5 0 3 3 2 1 3 1 4 5 1 1 4 3 3 2 3 1 0 3 2 2 0 2 4 1 3 1 0 4 1 3 1 1 1 2 2 4 3 6 5 1 0 2 0 3 0 5 1 3 8 2 1 0 2 0 1 2 0 5 2 1 3 1 0 3 1 2 2 1 0 1 1 4 5 2 1 0 1 1 2 1 1 1 2 2 1 2 3 1 1 2 4 2 1 3 1 5 2 2 4 1 1 1 0 1 1 2 5 1 2 0 2 1 2 3 1 5 4 1 1 2 0 2 2 4 1 2 3 2 2 0 3 1 1 0 2 4 1 2 2 1 0 4 1 3 2 3 2 2 4 0 3 4 2 2 5 1 1 0 0 1 2 1 1 1 1 1 4 1 3 2 3 0 2 1 2 0 0 0 4 3 1 2 2 2 4 1 0 2 1 2 2 1 2 1 4 6 1 0 3 1 1 2 4 2 3 2 1 1 2 0 1 3 8 2 3 2 2 1 0 3 4 1 2 1 1 2 2 3 1 1 3 4 2 2 2 1 4 1 0 2 3 1 0 0 2 2 1 3 4 2 2 0 2 1 3 3 0 0 2 3 1 2 0 3 6 1 1 0 1 0 2 3 3 3 3 2 1 1 1 1 0 0 1 3 2 1 3 1 0 1 6 2 2 3 2 2 2 3 3 1 2 3 2 5 3 1 2 1 0 1 1 0 3 5 3 0 3 4 1 2 5 3 1 3 1 4 0 1 2 1 3 3 3 1 3 4 2 1 4 1 3 0 0 1 1 1 1 0 2 2 2 1 0 1 2 3 5 1 7 2 3 2 0 2 3 1 2 1 2 2 2 0 0 4 3 0 3 1 1 5 2 4 1 2 0 2 4 2 4 3 3 3 5 2 2 0 4 1 0 2 3 1 2 0 2 1 2 3 4 2 3 1 3 5 0 1 4 4 2 0 2 2 2 1 2 7 0 1 1 2 3 3 1 4 1 0 2 2 0 2 4 0 3 0 4 1 6 0 2 2 2 1 1 2 3 4 3 3 2 1 2 1 3 2 2 2 2 2 0 3 3 1 1 3 4 2 0 0 0 0 1 4 2 4 1 3 0 1 1 1 3 1 3 2 3 2 2 2 0 3 3 3 2 2 0 3 2 0 2 1 1 0 2 0 3 3 2 3 2 1 1 2 3 0 1 1 1 3 3 0 2 1 2 4 0 0 3 1 0 1 3 1 2 1 1 5 0 0 3 3 0 2 6 5 1 2 1 1 1 3 0 1 3 1 4 0 2 0 1 4 1 5 2 2 2 2 1 3 5 6 3 1 1 1 2 5 1 3 5 0 2 0 3 1 4 1 1 2 2 1 0 0 3 0 5 0 4 1 0 0 4 4 2 0 5 1 2 3 1 2 1 2 0 1 3 3 2 3 3 0 1 3 3 3 2 1 3 2 1 0 3 4 5 2 4 1 2 2 0 2 3 1 6 1 1 2 3 1 0 1 0 1 1 1 5 1 2 4 3 1 1 2 2 3 1 3 1 0 0 2 3 2 2 3 1 2 2 1 0 1 4 1 1 2 2 3 1 1 2 4 0 1 3 1 0 2 1 1 3 2 4 2 2 2 3 1 1 1 1 4 1 1 3 2 2 2 4 0 3 6 2 1 2 1 4 2 3 2 2 3 3 1 0 3 4 2 1 0 2 0 0 2 2 2 3 2 3 1 2 2 3 3 4 1 0 3 4 2 2 2 3 2 3 3 4 3 2 2 2 2 3 0 1 1 2 2 1 2 1 4 2 1 3 4 1 4 3 5 1 4 3 1 0 0 4 3 1 1 2 3 3 0 1 2 0 5 1 3 1 1 0 2 2 5 1 2 2 1 3 1 4 3 3 2 1 1 2 1 2 2 3 3 3 3 4 1 1 2 2 1 2 4 3 1 0 1 1 4 2 1 2 0 3 2 1 2 0 3 1 1 4 4 1 2 3 1 2 0 0 1 0 2 3 5 4 3 4 1 5 3 1 1 2 0 0 3 3 0 2 5 2 1 3 2 2 2 1 5 0 1 2 3 4 3 0 2 4 0 4 3 5 4 1 0 0 2 4 0 3 1 1 1 4 0 2 1 2 3 2 1 2 4 7 4 6 2 2 0 2 3 1 0 2 2 2 2 2 1 1 4 3 0 5 1 0 1 1 1 0 0 6 1 1 1 5 1 4 1 1 0 0 0 3 3 2 1 5 0 1 2 2 3 1 1 3 4 1 1 1 2 3 1 0 2 0 2 3 2 2 1 3 0 0 3 1 2 5 1 3 2 3 3 0 2 0 2 5 1 1 2 2 2 2 1 1 2 1 4 1 1 3 4 1 3 1 1 2 2 0 1 2 1 2 1 0 1 3 0 4 3 6 2 1 0 1 4 2 2 3 2 2 5 3 4 4 0 1 3 4 2 1 2 3 3 5 3 2 5 2 0 2 1 3 1 1 1 3 1 1 6 1 2 0 2 3 2 1 1 1 0 3 2 0 3 2 2 3 5 0 3 1 1 3 2 1 1 3 2 0 6 1 2 3 1 0 3 4 4 2 1 4 4 3 2 0 6 2 1 0 1 4 3 3 2 0 2 3 3 1 2 0 4 4 2 3 1 0 0 3 2 0 3 1 3 2 3 0 0 3 0 1 2 1 4 2 1 1 5 2 1 3 5 2 1 0 3 2 3 1 4 2 2 0 2 4 1 4 1 0 2 1 1 2 2 4 1 4 2 4 1 1 3 1 4 2 2 1 3 1 0 2 5 3 4 4 1 3 2 4 2 1 1 0 5 1 0 5 1 2 1 4 1 2 3 2 1 1 1 3 6 2 1 0 4 2 0 1 1 2 1 2 2 4 4 3 3 2 1 1 2 0 1 4 4 1 1 2 3 1 3 2 2 1 3 1 3 0 0 1 4 1 2 1 3 3 1 2 3 3 4 1 3 2 2 2 2 1 0 2 3 4 2 2 1 1 2 0 2 2 0 2 1 1 0 2 3 2 2 2 3 3 3 3 1 1 4 2 0 2 0 0 5 1 2 2 2 1 1 2 2 0 2 4 6 0 1 3 4 2 1 2 3 2 1 4 2 0 1 3 2 3 2 2 2 2 1 3 3 3 5 0 1 3 4 1 2 2 1 0 4 2 2 2 2 2 3 0 0 1 3 4 3 0 1 4 2 3 3 0 2 2 1 2 2 1 0 2 0 1 4 5 0 1 1 1 2 3 4 0 2 1 4 4 1 1 1 2 1 4 1 1 5 2 1 2 2 0 2 1 2 2 3 2 0 1 1 1 5 0 2 2 3 1 2 0 2 2 2 4 3 1 2 1 2 1 2 1 4 2 0 1 0 1 4 2 2 1 1 2 4 5 0 2 2 0 2 1 0 4 2 2 1 2 2 0 2 4 0 0 1 3 1 1 5 1 5 2 1 1 1 1 3 1 3 1 1 2 1 1 2 1 3 1 0 3 1 3 2 2 0 1 2 2 4 2 1 0 1 1 5 4 1 1 3 3 2 1 4 1 3 2 2 1 1 3 1 1 1 2 2 3 0 1 2 3 2 1 2 4 1 5 1 2 2 1 2 1 0 2 2 0 4 0 6 0 0 2 1 2 3 1 1 4 0 1 2 3 3 3 0 1 2 1 4 3 1 0 1 3 1 6 0 4 2 2 4 4 1 1 3 0 0 5 3 2 1 4 2 4 3 1 2 1 4 0 2 1 0 1 1 0 4 3 0 1 3 3 3 3 2 0 2 2 2 5 2 2 1 2 2 1 3 2 8 0 1 2 2 3 2 3 0 1 1 0 3 0 1 3 1 3 1 1 3 1 4 3 0 3 1 2 2 3 0 0 1 3 4 0 1 2 1 4 5 2 1 2 1 4 0 2 2 2 5 0 1 3 1 0 3 3 1 5 3 3 2 2 3 1 2 4 0 1 0 1 2 1 3 3 0 5 3 1 2 1 0 3 0 3 1 3 2 2 2 0 2 3 5 1 0 1 2 2 2 1 3 1 3 0 2 3 2 1 1 2 2 1 0 2 3 1 2 1 2 4 1 2 3 3 1 1 2 2 0 3 2 3 3 3 4 2 2 2 1 1 0 2 2 5 1 2 2 5 1 2 4 0 1 1 1 0 1 1 3 4 0 2 5 3 1 1 0 0 1 4 1 1 1 2 4 3 5 2 1 2 3 4 3 0 1 2 3 1 2 4 2 3 1 1 3 4 3 2 2 2 4 4 4 1 3 1 4 1 2 0 1 2 3 1 6 2 1 1 2 2 1 4 4 3 0 4 3 2 0 1 1 1 4 1 3 4 2 5 1 2 0 1 3 0 1 1 0 1 1 2 0 1 1 3 3 2 0 2 3 1 5 7 2 1 0 2 2 1 2 0 2 1 3 1 7 3 3 1 5 3 3 2 2 1 0 2 2 1 2 4 1 3 2 0 2 0 1 1 2 1 2 1 3 2 4 0 2 3 0 0 0 3 2 1 4 3 5 0 2 3 2 0 3 2 3 2 1 0 1 1 1 1 6 2 3 2 3 3 1 3 0 1 3 3 1 3 4 2 1 1 1 3 3 4 3 0 1 2 1 1 3 2 4 4 1 1 1 1 5 1 1 2 3 0 1 1 0 2 3 1 1 1 2 2 4 0 3 4 3 1 1 2 1 0 0 3 3 2 2 2 5 1 1 3 1 1 3 1 2 1 1 2 4 1 1 1 2 1 2 2 0 4 0 0 5 2 3 1 3 1 0 2 3 1 1 4 1 1 0 1 2 2 2 3 4 3 2 3 3 0 3 5 1 1 0 3 1 4 1 0 1 2 6 0 1 2 3 1 3 4 4 2 2 5 2 1 3 2 2 0 0 1 1 3 1 2 3 1 1 4 1 2 2 1 1 4 1 2 2 2 4 4 3 1 2 1 2 3 2 0 1 4 4 1 0 1 2 1 2 6 4 0 3 0 1 5 0 0 1 2 1 2 2 2 3 4 2 4 1 1 1 4 1 1 0 1 0 3 1 2 3 5 1 2 0 3 1 1 1 2 0 1 2 4 1 2 1 5 0 2 1 2 0 6 3 3 1 2 3 4 1 0 1 1 2 2 1 4 3 1 3 2 4 0 2 3 4 2 1 1 1 0 2 1 2 4 4 1 2 1 0 0 2 1 2 0 2 4 4 3 0 1 3 1 4 2 1 1 3 3 1 1 2 2 3 0 2 2 1 2 4 5 0 1 0 2 1 2 0 1 1 1 3 3 1 1 0 3 1 2 1 0 1 3 1 1 1 3 3 3 2 1 3 3 2 2 0 1 1 2 0 5 3 0 2 3 2 1 3 3 3 1 4 0 0 2 1 0 3 3 2 2 0 4 2 2 1 4 3 1 0 0 4 1 1 5 3 3 2 1 0 1 3 0 1 4 3 2 3 2 0 2 0 2 1 0 5 2 2 1 2 1 4 3 3 3 4 3 0 2 3 1 1 3 2 4 1 2 2 1 6 3 0 3 4 0 3 2 6 1 2 1 1 4 2 0 3 3 0 3 3 2 2 1 3 1 1 2 0 5 2 1 1 1 0 2 4 2 3 1 4 4 1 2 2 4 1 1 2 0 2 0 2 3 1 3 5 0 1 3 3 3 1 1 4 1 1 0 0 1 5 7 4 0 0 1 0 1 4 1 3 2 2 5 1 2 1 0 1 3 2 5 0 1 1 0 4 1 3 1 3 1 2 4 0 3 2 1 1 6 3 2 1 1 1 1 3 1 2 1 3 3 0 2 1 0 0 4 1 2 0 3 1 6 1 3 1 2 1 2 1 1 3 1 4 1 1 1 3 0 2 2 2 4 3 3 3 4 1 4 1 3 0 3 2 1 0 2 0 6 2 1 4 0 2 1 4 3 3 2 2 2 1 2 0 3 1 4 2 0 1 2 2 2 2 3 1 1 1 2 1 3 5 1 2 3 4 2 1 4 3 2 2 0 1 3 0 0 1 0 6 0 5 0 1 1 3 2 4 3 2 1 2 3 0 3 1 4 1 1 3 0 1 2 2 1 2 0 1 2 2 2 7 0 1 2 1 3 0 4 2 2 1 0 0 1 4 1 3 4 1 2 1 1 1 0 1 0 1 3 0 1 0 5 3 4 1 2 1 3 1 3 2 1 1 1 2 1 5 0 1 1 3 1 2 3 1 0 2 3 0 3 1 1 1 3 1 2 3 4 1 0 1 0 3 2 2 3 4 2 0 3 4 2 4 1 5 1 1 2 0 4 2 1 4 0 0 2 1 1 2 0 1 2 4 3 2 0 2 3 1 2 2 3 0 2 1 5 2 2 2 1 3 2 0 2 0 5 1 0 1 0 4 2 2 4 1 1 0 3 1 0 1 0 1 1 3 2 2 6 4 3 3 2 1 4 2 3 1 0 0 2 2 1 4 1 2 3 2 1 2 0 2 1 0 2 1 3 0 2 3 3 6 1 2 3 0 2 2 3 1 3 3 3 1 0 1 0 3 2 3 1 1 0 2 2 2 3 1 4 2 2 0 2 4 1 2 1 2 0 1 2 2 3 1 1 1 4 3 2 1 3 0 0 2 2 2 1 3 4 3 2 1 2 1 2 2 1 5 0 1 1 2 2 2 0 3 0 5 3 2 0 1 1 0 2 2 1 1 2 5 2 1 1 2 1 0 3 1 4 2 1 1 2 4 1 3 3 0 3 0 1 6 4 3 2 3 3 3 2 2 0 1 2 2 2 5 1 2 3 1 4 5 0 2 3 3 2 2 2 0 1 0 2 6 1 1 4 3 3 1 0 0 1 3 1 1 4 5 1 2 0 4 3 3 2 3 2 5 2 2 4 1 1 2 6 1 1 3 5 2 3 0 1 6 3 2 2 5 2 0 2 2 2 3 5 1 1 2 2 3 2 2 4 1 1 0 0 1 2 2 5 4 0 5 2 1 3 3 2 1 1 4 5 1 1 1 4 2 2 2 3 2 3 1 1 3 0 5 1 1 3 1 2 2 2 0 6 1 2 2 3 3 1 3 2 0 4 2 1 2 1 1 1 2 3 1 1 1 1 1 2 1 3 2 4 1 3 0 3 2 3 2 1 4 1 1 2 2 5 1 2 1 3 4 1 6 4 4 2 2 1 1 2 2 3 3 2 1 2 1 1 1 2 3 0 3 2 3 1 1 1 2 3 0 2 3 1 0 1 1 0 3 4 3 1 0 1 2 4 4 5 4 1 0 1 0 0 3 4 3 2 3 3 5 2 2 3 1 2 1 1 4 0 1 3 0 3 1 2 2 3 1 3 4 1 1 2 4 2 0 0 2 1 6 1 3 2 3 1 0 4 2 3 3 2 0 0 0 4 1 3 0 0 0 2 0 0 4 0 4 1 2 2 3 0 3 1 3 0 0 1 1 6 5 2 0 4 2 0 0 4 2 1 2 5 0 2 1 3 2 5 1 2 3 0 4 1 0 2 1 5 0 1 2 6 2 0 5 1 1 2 0 2 2 3 1 1 1 3 1 3 0 1 2 6 2 2 1 1 0 1 4 0 3 2 3 1 2 1 0 1 1 4 3 3 1 3 2 1 2 2 0 1 0 0 2 0 1 0 4 1 4 1 2 1 2 4 1 2 4 2 2 1 3 3 3 2 1 2 3 2 2 2 3 2 5 0 3 3 5 2 4 3 3 0 0 2 1 3 1 2 2 2 1 4 3 3 1 0 1 2 4 2 2 1 3 0 1 1 2 4 5 3 0 1 2 1 1 2 5 4 5 1 1 4 3 0 2 1 3 0 3 4 2 2 0 0 2 2 2 1 2 4 1 2 3 1 1 1 3 1 2 0 0 0 1 2 3 4 4 3 1 2 0 3 1 1 3 2 4 3 1 0 3 3 6 1 2 1 1 4 3 3 2 1 2 1 3 4 2 3 1 4 2 1 0 1 1 2 2 3 2 1 4 2 1 1 4 3 0 4 4 1 3 0 2 1 2 4 0 1 3 0 2 2 3 2 1 2 1 2 1 4 5 0 3 0 1 2 3 2 1 2 1 0 3 2 3 2 1 3 0 2 1 1 3 3 0 1 1 1 2 2 1 0 4 0 0 2 0 2 2 7 3 3 1 4 1 4 0 2 2 3 4 1 2 7 1 1 0 2 3 3 1 2 0 4 3 1 4 2 0 2 2 1 0 4 3 3 2 2 5 2 0 1 1 3 1 4 3 3 0 2 2 1 1 2 3 1 2 2 2 3 4 2 4 4 2 1 5 1 2 1 1 2 1 1 1 0 2 4 1 2 2 0 2 4 7 3 3 1 2 2 1 1 2 0 2 4 2 6 2 3 6 2 0 2 1 4 1 1 1 2 1 1 2 3 1 1 0 4 0 2 3 1 2 2 2 1 5 3 1 1 3 4 3 1 3 2 1 1 2 4 3 0 2 1 1 1 3 2 2 0 5 1 1 3 2 1 3 3 2 3 2 1 4 3 4 1 2 2 0 5 2 5 3 1 1 2 2 2 0 3 1 0 7 2 4 2 3 2 0 2 0 6 4 2 1 4 2 4 2 1 6 1 2 2 2 3 2 1 2 2 2 3 8 2 0 0 1 0 1 1 1 3 1 1 3 1 1 2 2 1 1 2 1 0 1 1 3 0 2 1 3 2 2 1 4 2 3 1 0 1 3 2 1 3 3 2 2 1 5 0 4 4 1 2 1 3 4 1 1 1 3 1 3 2 0 0 2 2 2 1 2 1 2 3 2 4 3 2 5 1 1 1 2 1 2 1 1 4 2 1 3 2 2 0 2 1 5 0 0 1 2 1 2 3 2 1 0 6 2 3 3 2 2 1 0 2 0 2 2 2 3 1 3 2 0 0 4 2 3 0 1 2 1 2 2 3 2 2 3 2 3 1 0 1 1 2 4 0 1 2 1 1 5 3 1 5 3 2 0 1 0 1 1 0 4 3 0 2 1 3 3 1 2 3 2 2 1 0 0 0 5 1 4 2 1 1 1 2 3 6 1 0 1 2 0 2 3 2 0 1 3 0 2 3 3 3 2 2 2 1 3 3 4 1 1 3 1 2 0 2 0 1 3 1 3 1 4 3 2 2 1 2 1 2 0 3 1 2 5 4 2 1 1 1 2 1 1 3 2 4 2 2 1 0 0 4 1 0 2 1 0 5 0 0 1 3 3 0 1 3 2 0 3 2 1 1 0 4 5 1 1 5 3 2 1 2 2 0 3 4 2 3 2 3 2 1 0 2 1 1 6 3 2 1 4 1 0 4 1 1 1 1 2 1 3 3 1 2 2 5 0 0 2 2 1 4 3 2 4 0 0 2 1 4 4 4 0 1 3 2 1 3 1 4 2 1 3 1 2 2 2 2 2 2 1 2 3 1 2 1 4 2 5 0 0 2 2 3 1 0 1 2 5 2 3 5 1 5 3 3 4 1 1 2 1 4 0 3 0 0 1 1 3 1 2 1 0 1 3 3 4 2 5 3 1 3 2 3 3 1 1 2 2 2 3 2 1 1 2 4 1 3 1 2 1 1 3 1 6 0 2 1 2 2 5 3 3 2 1 2 3 0 0 3 2 1 2 2 0 3 1 3 1 5 3 4 0 1 1 2 1 1 0 2 2 3 0 1 0 5 1 2 3 1 2 2 2 2 2 3 3 2 1 0 1 1 3 2 4 0 0 1 1 4 2 3 3 1 1 2 3 0 1 2 4 3 3 1 1 4 3 0 1 1 2 0 2 2 3 3 4 1 0 3 2 1 1 3 1 4 0 0 3 1 4 4 1 3 1 2 3 2 1 2 3 0 2 1 1 2 4 4 1 2 3 3 3 0 1 1 2 2 2 1 1 1 2 2 4 3 3 0 1 3 5 2 1 1 2 2 2 2 1 0 1 4 1 2 1 2 1 2 2 1 4 1 3 4 2 4 0 2 4 3 4 1 2 1 2 3 3 1 1 2 2 2 2 3 2 1 3 4 5 1 2 1 1 0 2 2 2 1 5 1 2 3 4 1 1 0 2 1 1 0 3 3 3 3 4 2 2 1 1 1 1 2 3 2 3 1 3 3 4 3 0 0 3 4 1 0 1 4 2 2 2 2 2 3 1 1 0 0 0 4 1 2 4 1 2 1 2 1 3 2 1 3 3 6 3 2 3 1 0 2 1 0 1 2 2 3 2 0 1 2 2 4 0 2 3 0 1 2 4 3 3 1 1 4 2 4 0 1 2 5 1 2 1 2 1 2 2 0 1 3 2 3 3 1 3 0 2 3 0 2 0 4 5 3 2 1 1 2 2 3 0 2 0 4 2 3 1 1 3 1 2 2 3 1 3 4 3 4 5 0 2 3 2 2 0 2 2 2 1 3 2 1 4 0 1 4 4 2 2 2 3 2 2 1 0 1 3 4 1 3 2 2 0 5 2 3 2 0 2 2 1 2 1 3 3 3 1 2 2 0 2 1 3 2 4 2 2 1 2 3 2 0 2 3 2 1 3 2 1 1 2 3 1 2 1 4 3 3 3 3 1 1 2 2 0 2 2 2 2 1 1 3 0 4 1 1 4 1 3 2 4 3 1 5 2 2 2 1 3 1 3 3 2 3 2 2 2 4 3 3 2 1 1 3 3 1 3 1 2 3 4 0 2 3 3 2 1 1 1 2 4 2 2 1 5 3 4 1 1 0 1 2 4 2 2 0 2 2 1 1 3 1 1 2 3 1 4 2 1 3 3 2 0 1 4 0 0 4 4 1 3 4 3 4 0 2 3 1 1 1 0 1 4 1 1 2 1 1 1 2 3 1 2 3 0 3 2 2 0 4 2 0 4 2 2 1 2 1 5 1 2 2 2 3 2 3 1 4 1 1 3 2 4 2 2 1 1 0 2 3 3 1 1 3 5 1 2 1 1 3 3 0 9 3 1 4 1 4 0 3 2 2 2 0 5 1 2 3 1 2 4 2 0 3 2 1 2 1 3 4 3 1 2 2 4 3 0 4 1 2 0 1 2 3 2 5 2 2 1 2 2 3 1 1 0 2 5 1 1 1 4 1 1 4 3 2 1 2 3 1 1 3 1 1 2 2 5 1 2 1 3 3 1 2 1 2 1 2 3 4 1 3 2 1 2 1 3 1 2 1 0 1 1 0 2 2 0 0 2 3 4 2 4 0 2 0 2 2 2 2 1 0 1 1 1 2 3 3 2 3 0 2 4 1 0 3 1 1 3 2 1 1 1 1 4 3 1 3 1 2 3 3 0 4 2 3 1 0 4 2 1 0 2 5 3 4 3 0 2 0 0 2 6 2 2 1 4 1 4 0 3 1 3 1 2 2 2 2 3 2 3 4 1 2 1 0 1 2 1 1 1 3 2 2 1 2 3 0 0 0 3 2 5 1 1 0 0 2 3 1 1 4 3 2 2 4 4 1 1 3 0 1 4 1 1 2 0 6 3 2 2 1 1 3 2 2 0 5 4 3 2 1 2 2 2 1 1 4 1 2 5 0 3 1 4 1 0 2 5 2 2 1 1 2 3 2 1 0 5 2 0 2 2 1 2 4 2 2 1 2 2 3 4 2 0 4 0 1 3 1 0 0 1 2 2 1 2 1 6 1 2 2 6 1 1 1 2 1 2 1 0 1 1 4 1 3 2 3 2 2 1 6 2 2 2 2 0 2 4 3 0 2 1 1 3 2 0 4 1 1 4 2 1 5 4 3 1 1 1 2 2 0 2 2 1 2 0 4 1 2 8 1 2 0 1 0 4 3 1 3 3 2 3 1 1 4 2 2 1 0 1 1 2 3 1 1 2 3 2 4 1 3 3 0 0 2 6 5 3 1 2 0 2 2 2 0 1 0 1 3 1 3 2 1 1 4 3 0 0 1 1 3 3 6 0 0 1 2 1 4 4 1 2 2 1 0 1 0 4 2 1 4 0 4 1 3 4 1 2 0 4 1 3 3 1 3 2 2 2 1 2 1 1 7 0 4 1 2 1 2 0 3 0 2 6 1 1 4 1 2 0 1 0 2 0 1 3 2 3 0 2 6 1 3 2 2 0 1 0 1 2 1 1 1 1 2 1 0 3 0 3 1 0 3 0 3 5 2 0 3 0 1 4 0 3 2 2 3 3 1 1 1 1 3 1 2 3 5 3 1 2 0 2 5 1 2 1 0 5 2 2 0 1 4 2 3 4 1 3 1 1 0 3 5 3 1 3 2 5 0 0 1 1 1 0 1 3 2 3 0 3 4 2 1 2 2 2 1 2 3 2 0 0 1 4 2 2 1 0 2 2 1 2 2 3 1 3 1 1 3 2 0 0 1 3 3 3 3 0 0 2 3 2 3 2 1 1 2 1 2 2 3 2 1 2 4 4 1 5 1 1 2 1 3 0 3 1 2 2 1 1 1 0 0 1 2 2 1 1 2 3 0 1 0 1 3 3 1 2 1 5 1 1 0 2 1 3 1 4 1 2 2 5 5 1 4 0 2 2 1 3 0 3 2 1 2 1 3 2 3 4 3 2 3 1 1 2 1 5 4 2 2 4 1 3 2 2 1 1 3 3 2 1 1 2 0 2 3 3 4 0 4 3 3 1 2 1 1 0 4 0 3 2 3 4 0 2 2 3 3 2 1 1 2 2 4 2 6 2 2 2 3 0 1 3 5 2 1 2 3 2 3 0 3 1 4 2 1 1 4 2 3 2 1 0 6 1 4 2 2 2 1 1 1 1 2 1 2 3 3 1 2 3 3 1 1 3 2 2 3 3 0 2 3 2 2 3 1 3 5 1 0 2 2 0 2 4 6 0 2 1 2 2 3 5 0 2 1 3 0 6 1 1 6 0 1 1 1 1 2 2 2 2 2 4 3 2 2 0 5 0 0 2 0 1 2 4 2 2 2 3 5 3 1 2 2 3 1 0 2 2 3 2 2 0 3 3 1 1 0 3 1 2 3 2 0 3 2 1 2 3 3 1 0 1 4 1 3 1 1 1 3 4 2 6 3 1 1 1 0 1 3 2 4 2 4 0 0 1 1 1 3 2 4 2 2 1 0 3 2 1 2 2 3 2 3 1 0 0 3 3 1 0 1 4 2 0 1 2 2 2 2 1 4 0 1 2 2 0 2 2 2 2 5 1 3 4 2 2 3 2 4 4 0 1 1 1 2 1 0 2 3 4 5 4 1 1 2 1 1 2 2 1 0 3 4 2 2 4 2 1 0 0 2 1 2 4 3 3 2 0 1 3 3 1 3 2 2 2 5 2 2 3 0 6 2 3 3 3 0 1 1 3 0 2 0 3 3 1 2 2 1 2 2 2 0 2 2 3 0 2 1 0 6 3 0 2 2 0 1 2 2 2 4 2 2 1 3 2 3 5 1 5 2 0 4 0 0 0 2 3 2 2 3 1 0 2 2 2 0 1 4 2 1 4 1 4 0 3 3 2 0 4 1 2 2 0 3 4 1 4 2 2 2 5 4 2 3 1 0 1 2 3 0 1 4 6 1 1 4 3 1 1 1 1 0 2 0 1 4 0 2 3 2 1 2 0 2 2 1 3 1 4 5 2 1 5 1 2 1 0 1 0 2 2 3 5 1 2 1 1 1 2 2 3 5 1 2 2 3 2 5 1 1 0 3 2 2 3 1 1 0 2 2 1 4 0 3 2 1 2 1 1 4 1 2 1 3 1 1 1 0 3 5 2 1 1 3 3 1 1 1 2 1 3 1 0 4 1 1 0 2 0 2 3 2 1 3 4 5 1 0 3 1 1 1 1 1 3 1 0 0 0 1 3 4 4 4 2 2 0 1 1 1 1 1 1 2 3 2 1 3 6 2 3 1 2 2 2 4 0 2 0 2 3 2 2 0 3 1 3 3 0 4 1 3 2 1 2 2 2 1 3 2 1 0 2 3 2 4 2 1 1 1 3 2 1 2 1 3 0 3 4 0 0 0 2 3 4 1 0 2 0 3 2 5 2 1 1 4 2 1 1 4 3 2 2 3 2 3 2 0 2 1 3 1 0 3 2 3 0 0 3 3 1 0 2 1 3 0 9 3 2 2 4 3 0 1 3 2 3 2 5 1 1 2 3 3 0 2 2 0 1 2 0 3 3 0 6 1 2 2 1 1 1 1 0 2 1 1 2 0 2 2 2 0 4 3 1 5 2 2 1 2 2 1 2 1 2 3 3 4 1 0 1 3 0 2 2 0 4 1 4 3 4 0 0 1 2 2 0 2 2 3 3 2 5 1 2 1 3 2 3 1 2 2 2 0 1 1 2 1 3 1 6 4 2 3 1 2 1 3 3 0 2 3 0 0 2 4 3 2 3 3 1 4 2 3 2 0 1 1 0 2 1 2 3 4 3 3 4 1 4 2 0 1 2 6 1 4 0 2 2 2 1 2 3 2 2 2 2 2 1 1 5 1 3 2 3 1 1 2 3 4 2 3 2 2 1 4 2 1 0 1 2 2 1 1 5 1 0 2 2 1 3 1 4 2 1 1 0 1 1 4 2 1 1 3 3 1 1 4 0 1 4 2 5 2 4 1 3 3 3 1 2 2 0 5 4 0 1 2 1 3 3 2 0 2 0 9 2 0 5 1 0 0 0 0 4 4 2 2 2 1 4 3 1 2 2 7 2 1 0 2 0 0 3 5 2 1 2 1 4 0 5 1 1 1 2 0 1 0 3 1 1 4 3 3 0 3 2 1 2 2 1 2 2 3 2 0 3 2 4 2 1 2 0 2 2 3 3 4 1 0 1 2 3 0 1 3 4 1 5 3 1 0 0 2 2 2 1 1 2 2 1 2 5 2 1 3 1 2 1 1 1 1 1 2 4 2 2 3 1 4 3 2 2 1 1 1 2 0 2 5 1 4 1 2 0 1 2 2 3 0 3 1 3 4 4 1 2 2 3 0 1 1 2 0 4 1 4 1 2 3 4 0 3 0 3 3 7 4 5 1 1 3 3 1 0 2 3 3 2 3 0 2 1 2 5 1 0 6 1 4 1 2 2 1 3 4 1 1 4 2 1 3 3 2 1 1 0 3 2 0 3 3 1 2 0 1 5 3 5 2 2 5 1 1 1 1 4 2 3 2 1 4 5 1 1 0 1 1 6 0 1 2 2 3 1 3 5 2 2 2 2 1 1 3 1 1 1 2 3 4 0 1 1 4 2 1 5 1 2 2 0 0 3 3 1 6 2 2 1 3 1 3 1 3 3 3 0 4 0 2 1 1 1 5 4 1 2 1 3 4 2 2 1 0 1 2 1 3 3 1 3 1 5 0 2 1 2 4 2 3 1 3 3 0 1 1 4 1 1 4 2 1 1 3 3 2 1 0 0 3 3 4 1 1 4 1 1 4 3 1 1 2 1 3 3 2 1 2 1 5 3 3 2 0 1 3 2 1 4 1 1 0 3 2 2 3 4 1 3 0 1 2 2 5 2 0 2 2 2 1 0 2 4 3 1 2 1 1 6 1 2 3 2 3 1 3 2 1 1 3 2 1 2 1 1 1 6 2 2 2 2 2 3 1 0 0 3 2 2 1 1 1 0 1 5 3 2 0 0 1 3 3 2 2 2 5 2 0 4 3 1 2 1 0 4 0 3 2 0 0 2 2 2 2 1 2 7 2 3 3 2 2 0 6 1 0 0 1 4 4 3 3 2 0 3 0 3 1 1 3 0 1 1 3 2 1 2 2 3 2 2 2 3 2 2 1 2 2 2 2 0 3 2 1 3 3 2 1 1 3 2 1 0 1 3 2 2 1 0 1 0 0 4 3 0 3 4 2 2 2 3 5 0 0 0 2 4 1 0 1 2 1 5 2 1 3 4 6 1 1 2 2 1 2 2 5 1 4 4 3 3 0 2 1 1 2 4 2 1 0 4 2 4 4 1 0 2 3 2 1 2 1 2 2 1 0 4 2 0 1 2 2 3 4 2 1 4 1 3 0 1 3 1 1 3 1 1 0 3 0 2 1 0 2 0 4 6 2 2 2 3 3 1 1 3 1 3 6 2 0 1 2 1 3 1 1 3 2 0 1 1 3 0 1 2 0 0 8 2 5 2 3 0 3 0 2 3 2 2 1 2 5 2 0 2 0 2 4 3 2 2 2 0 2 4 1 0 1 4 0 4 1 1 0 1 5 2 3 1 2 3 1 2 4 2 2 0 3 2 3 2 4 3 1 5 3 3 1 4 1 2 2 4 1 2 2 0 0 1 4 1 1 1 0 5 3 2 2 2 3 1 3 1 3 0 2 2 1 2 3 2 1 0 1 3 4 4 1 3 3 0 0 3 2 2 1 1 4 1 3 2 2 5 1 3 0 3 1 1 3 1 1 1 2 1 2 4 1 3 2 3 5 2 2 3 1 2 1 0 6 1 3 3 2 0 2 2 5 0 2 3 4 3 1 1 1 2 1 1 4 0 2 4 3 2 3 3 0 2 4 2 2 2 3 6 4 0 0 1 2 1 2 0 2 2 7 2 1 2 2 2 0 2 3 1 1 1 1 0 2 2 0 4 1 2 3 1 4 2 2 2 2 1 2 1 2 5 1 5 3 2 0 3 1 2 1 1 4 1 2 4 2 0 2 2 2 3 0 3 2 1 2 2 0 1 5 4 1 2 0 1 0 3 2 2 2 2 3 1 1 2 1 5 3 0 2 3 0 2 2 1 2 0 3 5 4 1 0 0 1 3 0 3 3 3 3 4 2 0 2 2 2 3 1 2 1 1 4 2 0 5 0 0 3 1 3 1 2 2 0 0 2 3 1 2 2 0 5 1 0 1 5 1 0 3 0 2 5 2 2 1 4 4 3 2 1 4 1 1 4 2 2 0 3 4 4 1 1 1 0 6 1 1 1 3 2 3 0 1 2 2 3 2 0 0 1 3 0 5 2 3 3 2 2 2 2 2 6 0 1 2 1 0 1 0 2 5 1 4 2 3 6 3 1 1 2 2 2 1 2 3 3 2 2 2 4 3 1 1 1 1 1 1 4 4 2 5 1 2 2 2 2 0 2 3 1 3 0 3 2 3 2 1 1 6 2 3 1 1 2 1 3 1 3 3 2 1 3 2 3 2 2 2 3 1 2 2 1 0 2 2 0 1 4 3 2 1 3 1 2 2 3 1 1 0 4 1 3 1 2 2 0 0 2 0 3 6 7 4 4 3 2 1 3 2 4 1 1 1 1 1 1 2 1 4 2 4 1 1 2 0 3 2 0 2 1 3 1 1 5 1 0 0 4 3 0 1 1 2 4 2 2 2 1 2 2 1 3 5 2 1 0 2 4 2 2 1 2 2 3 1 1 4 1 2 1 3 2 4 1 2 3 1 2 2 1 1 1 1 0 1 4 2 1 4 0 1 3 0 3 4 3 1 1 2 1 0 2 1 2 1 2 1 2 2 2 1 2 4 2 2 2 3 4 2 1 2 1 0 1 2 2 2 1 1 1 2 1 4 6 3 3 0 2 1 1 1 4 2 3 5 1 2 3 1 2 3 4 0 1 2 3 0 1 3 2 3 1 2 2 1 3 1 1 2 1 2 1 2 2 2 4 1 2 1 1 1 1 2 1 1 2 3 3 4 3 0 1 3 1 2 2 1 0 3 1 4 0 2 0 2 4 1 4 3 3 3 0 2 1 0 2 1 2 2 1 1 3 2 5 2 2 5 3 5 3 0 2 1 0 1 2 0 2 7 2 2 0 3 2 3 0 1 1 3 0 4 1 4 2 3 1 0 1 3 1 1 2 4 0 1 4 3 3 2 2 2 2 3 2 1 5 1 3 3 2 2 4 1 1 1 0 0 4 4 4 2 1 0 4 3 1 2 0 0 4 1 2 3 6 0 4 5 1 0 2 1 1 1 0 2 1 3 1 2 3 1 3 0 3 3 1 3 0 0 2 2 1 5 0 3 4 3 3 4 3 1 1 3 1 0 0 2 2 1 3 2 2 5 2 0 0 3 5 0 4 4 3 0 2 1 3 1 1 3 2 4 1 3 0 2 2 1 3 1 5 2 1 1 3 1 3 0 1 2 1 1 1 5 2 2 2 3 4 0 1 2 4 4 2 1 4 1 1 1 5 3 2 5 2 2 2 1 1 2 2 3 3 2 3 2 5 0 2 0 4 4 4 1 2 0 0 3 0 1 2 4 2 1 1 0 3 1 1 2 1 2 1 2 0 2 4 0 1 2 2 3 1 3 0 4 3 0 2 2 1 3 2 1 8 2 3 1 0 2 4 1 2 0 0 2 1 2 2 0 0 1 2 1 2 2 3 5 5 0 2 1 4 1 2 3 1 2 2 4 2 2 2 3 2 2 2 2 2 1 1 2 2 1 3 0 3 1 3 1 2 3 1 2 2 3 2 2 3 2 1 3 1 3 5 0 2 2 2 2 1 1 2 3 1 1 2 4 2 2 2 1 4 1 0 2 1 3 3 2 3 2 0 1 3 1 1 2 4 1 0 2 2 3 3 1 1 4 1 3 2 1 1 2 3 2 3 3 1 1 4 2 1 0 3 2 3 1 4 1 1 0 3 1 2 2 3 2 1 0 0 2 4 2 0 3 3 3 2 2 2 3 2 4 4 4 5 1 2 2 3 0 1 6 3 1 2 4 1 1 1 1 1 2 0 2 1 1 4 2 1 1 3 0 4 1 1 4 1 1 4 0 2 4 4 1 2 4 0 1 2 1 1 2 1 2 1 2 3 1 4 2 3 3 2 1 1 2 4 3 2 2 3 1 1 3 1 4 1 0 3 1 2 2 2 1 1 3 1 2 2 0 2 1 2 1 0 1 2 1 0 5 2 2 2 2 2 1 0 3 0 4 2 3 2 1 5 3 3 1 1 1 2 1 0 0 3 1 3 1 1 4 2 1 2 1 2 0 1 3 3 2 1 0 3 4 1 0 1 3 1 5 0 2 3 0 0 4 0 3 0 5 1 3 4 1 2 3 1 1 2 2 5 2 3 3 0 1 2 2 4 2 1 5 1 3 2 1 3 1 1 3 5 1 2 2 2 1 3 3 0 4 3 3 3 3 2 0 1 2 0 0 2 6 0 0 2 0 1 2 2 5 1 1 5 2 2 4 0 1 3 3 1 2 0 2 2 2 3 3 2 0 3 2 1 3 0 4 2 3 3 1 1 3 0 1 1 3 4 2 3 3 4 1 2 1 2 2 4 0 3 2 2 3 3 0 1 0 3 1 4 1 3 0 1 0 1 2 2 0 0 3 3 2 5 0 0 3 2 6 1 2 0 1 3 4 0 0 0 4 1 2 1 4 0 4 2 2 4 3 1 1 4 1 1 4 0 1 0 1 4 0 1 0 3 1 2 3 2 3 0 1 3 2 2 2 3 3 2 4 1 2 1 4 4 1 2 4 1 3 0 5 1 2 2 0 7 3 1 2 1 3 3 0 2 1 2 2 2 4 2 1 1 0 2 5 3 3 0 3 3 1 1 3 2 1 2 1 2 2 2 2 2 1 1 2 2 4 0 1 1 4 3 4 2 2 1 1 3 1 0 2 5 2 0 1 6 0 3 3 1 2 1 2 3 0 0 1 1 5 0 0 4 1 1 3 3 4 1 3 1 1 2 3 1 1 2 4 2 1 3 2 4 0 2 2 3 3 0 1 3 2 1 1 5 4 1 2 1 3 1 3 2 0 1 2 1 3 2 3 2 1 1 0 3 4 0 1 3 2 2 0 3 2 1 1 3 2 2 2 2 2 1 2 3 5 1 2 1 2 2 2 3 3 1 1 2 1 3 1 2 1 1 1 1 6 1 3 1 0 3 1 1 3 1 1 0 0 3 1 1 0 3 2 0 4 3 2 1 2 3 1 1 4 1 4 2 3 3 2 1 4 1 2 4 3 2 3 0 0 1 3 2 1 2 1 1 2 3 3 2 0 0 3 4 4 3 3 2 2 3 5 3 3 3 1 2 0 1 3 1 4 2 1 1 1 5 2 3 0 1 4 1 2 1 2 0 2 1 2 6 2 5 0 2 2 1 1 2 2 3 1 1 0 2 2 2 2 1 2 4 1 0 1 3 4 0 3 1 3 1 2 2 0 1 1 1 4 2 3 1 3 2 3 0 1 3 1 2 0 3 0 3 1 3 3 4 3 4 1 2 2 0 4 3 2 1 3 1 1 0 3 1 5 1 2 4 2 2 0 2 3 2 2 2 1 2 0 1 0 1 6 2 5 1 1 0 2 3 4 2 7 1 1 0 1 1 3 2 4 2 2 2 2 7 4 1 1 4 2 4 2 1 1 0 2 5 1 2 3 2 2 2 0 1 3 1 1 4 3 3 3 0 4 2 2 1 2 0 2 1 3 3 1 1 1 0 3 1 2 2 1 3 4 1 4 1 2 3 1 2 4 2 1 1 1 3 5 0 3 3 1 2 1 5 3 0 0 2 2 0 0 5 2 1 3 1 1 3 2 2 1 0 3 3 1 1 3 2 1 3 4 1 1 4 1 3 1 1 0 5 3 2 3 2 3 6 3 0 3 1 0 1 0 1 4 3 2 3 7 1 0 1 2 0 3 1 2 2 3 2 1 2 3 4 2 1 0 2 1 2 3 2 2 0 0 2 0 1 6 4 4 2 1 2 2 2 1 1 4 4 1 5 4 0 1 2 1 3 0 5 1 5 1 1 2 1 7 0 1 0 0 2 3 3 2 1 1 1 1 3 0 0 4 2 2 6 3 1 2 1 1 0 1 2 0 4 1 4 4 4 2 0 0 1 3 0 1 2 0 2 2 3 3 1 6 1 3 2 1 1 2 1 4 1 2 2 2 3 1 1 0 2 1 2 2 2 1 3 1 3 2 1 2 1 2 1 0 0 2 2 1 1 4 1 1 1 3 0 0 3 2 3 1 2 1 2 2 2 2 1 1 3 3 1 7 1 4 1 5 1 2 3 0 5 2 2 3 1 1 0 1 4 3 0 3 1 1 4 0 1 1 0 1 0 3 2 2 3 3 1 1 1 1 4 0 2 1 2 3 1 1 3 3 3 1 3 1 1 2 1 4 2 2 0 4 2 2 1 2 2 3 5 0 2 2 3 1 1 2 2 4 4 3 3 1 1 1 4 0 0 1 2 1 3 0 1 0 1 3 5 1 2 4 2 1 2 2 2 5 1 1 3 3 1 0 3 3 2 0 2 2 0 1 1 3 1 0 0 2 2 2 2 2 1 1 3 2 1 2 1 3 2 2 3 2 2 1 1 1 3 1 0 1 2 1 1 2 2 8 6 4 2 1 2 2 3 2 4 4 2 4 0 1 3 3 0 1 4 2 4 1 0 1 4 0 1 2 1 4 1 1 4 2 2 3 3 2 4 1 3 1 0 1 3 0 2 1 1 2 2 2 4 1 1 0 0 2 3 0 4 2 2 0 2 2 4 2 3 3 2 1 2 2 2 1 4 4 1 4 0 2 1 2 2 2 2 1 1 2 5 2 2 2 2 1 1 0 0 3 1 1 1 2 3 2 3 2 1 1 4 2 0 0 1 2 2 2 1 2 0 3 1 3 1 1 2 0 1 2 0 6 2 3 1 3 1 2 4 0 2 2 2 3 2 3 3 2 4 1 0 0 1 2 3 1 4 2 4 2 2 3 1 0 2 2 3 2 3 3 0 2 2 4 1 2 0 0 3 2 1 3 2 2 3 3 3 2 2 2 2 4 0 3 3 1 1 1 4 1 2 0 0 3 5 1 3 1 1 0 4 1 2 2 2 2 1 1 4 0 3 0 1 0 3 1 4 5 0 3 1 0 2 2 3 3 2 1 2 0 2 1 1 5 1 4 0 2 5 3 0 3 2 1 2 1 0 2 3 2 2 2 1 4 1 4 2 0 1 3 0 0 2 3 1 3 1 4 5 2 2 2 2 2 3 3 1 2 1 1 3 2 2 3 2 2 3 3 1 2 2 2 4 2 0 2 2 0 2 5 7 3 1 1 1 2 2 0 2 0 4 2 1 3 5 1 1 1 2 2 2 0 0 3 6 1 3 0 4 4 3 3 1 0 3 1 1 1 2 4 1 1 1 2 2 0 4 1 2 2 1 1 2 5 2 2 3 1 3 1 2 3 1 2 3 1 2 2 0 3 2 1 2 1 1 5 3 2 2 2 1 1 0 4 2 1 2 1 3 0 2 1 2 0 2 1 1 5 2 3 1 0 3 4 1 0 0 0 3 0 0 1 3 3 3 2 2 0 3 2 2 1 2 4 2 1 4 2 1 0 1 0 1 3 4 2 1 4 3 3 2 1 1 3 0 4 5 4 0 2 1 3 3 2 2 5 1 1 3 0 0 2 1 1 1 4 2 3 4 3 1 3 2 1 1 1 2 2 1 2 3 3 1 1 3 1 0 2 1 5 3 2 3 3 0 0 0 2 2 2 1 0 3 2 4 3 1 0 0 3 2 2 1 3 1 2 3 3 4 1 1 0 5 2 1 0 2 4 2 5 1 2 1 2 0 3 2 2 1 4 2 1 0 4 2 3 0 1 4 2 1 2 0 1 2 1 3 0 2 1 1 2 1 3 4 2 1 1 3 0 2 1 1 3 1 2 2 3 4 1 1 0 0 1 0 3 5 3 2 1 2 4 2 1 0 4 0 3 2 2 1 2 2 3 1 1 1 3 5 2 2 2 1 1 1 1 2 3 1 2 0 1 1 3 5 3 1 2 2 2 1 3 5 0 2 0 2 1 2 3 0 4 3 2 3 2 3 2 4 3 1 0 1 1 5 1 0 1 4 3 2 2 1 2 1 1 2 1 3 1 1 1 4 0 1 4 0 2 1 3 4 3 2 2 0 3 1 2 1 4 0 1 2 0 3 3 4 0 3 2 1 1 3 3 2 2 3 0 1 0 4 2 4 1 1 0 3 2 1 3 2 1 2 4 3 3 0 1 2 2 1 1 2 2 2 1 2 1 5 1 2 3 0 1 3 2 2 1 1 4 1 3 2 2 2 3 1 3 2 4 2 3 3 1 0 2 1 2 3 2 1 3 3 1 1 5 0 2 2 0 2 1 3 1 2 1 1 2 2 4 2 2 3 3 1 3 3 5 0 2 1 1 1 1 0 2 3 4 2 2 2 3 3 3 1 6 2 0 2 1 2 3 4 2 2 1 1 2 5 1 1 3 1 3 0 1 1 3 3 1 2 2 1 3 0 1 1 2 2 3 3 2 0 0 1 0 0 1 3 3 1 2 3 3 2 1 1 1 2 2 1 2 2 4 2 1 3 0 1 3 4 1 2 0 4 2 0 1 2 2 1 1 3 0 2 0 1 2 2 2 1 6 1 3 0 0 0 2 2 2 3 3 1 2 3 1 4 3 1 3 4 1 1 2 0 3 0 3 4 0 0 0 3 4 0 5 2 1 1 5 3 2 3 1 1 2 4 1 2 3 3 2 2 4 3 5 3 2 0 2 1 0 0 1 5 2 1 2 4 1 0 1 3 1 2 3 1 1 2 2 1 1 2 3 2 2 0 3 3 1 3 3 0 4 1 0 3 1 0 2 0 6 0 4 2 2 1 3 2 3 4 1 2 3 3 1 3 1 2 4 3 2 0 2 2 1 2 1 2 5 2 1 2 1 3 1 3 1 4 1 3 2 2 3 0 3 1 3 0 2 2 1 1 1 5 2 2 3 0 2 0 2 1 2 1 2 2 3 1 4 1 1 0 2 2 2 1 2 2 2 1 5 2 0 3 4 3 1 3 1 1 1 2 3 0 3 1 1 2 2 1 8 3 0 2 1 1 1 2 2 5 1 3 0 2 3 0 5 3 1 2 0 0 4 2 2 1 2 3 0 3 0 3 2 1 0 0 6 1 2 0 4 0 5 5 2 4 0 1 1 1 2 2 3 2 0 1 4 1 3 1 0 2 0 3 3 2 4 1 1 5 1 2 3 3 1 3 1 4 1 3 3 1 2 3 1 1 4 2 3 2 1 2 5 3 2 0 0 1 2 0 2 1 3 1 2 4 0 3 3 2 0 2 3 0 4 2 1 0 2 4 0 0 8 1 3 2 1 2 2 1 1 4 3 0 0 1 1 4 3 0 1 2 5 1 2 2 1 1 3 0 3 2 1 1 2 0 3 2 1 1 2 3 1 1 1 4 2 0 2 2 2 4 0 3 2 3 4 1 6 4 2 0 1 2 1 2 1 5 2 2 4 3 1 2 4 3 2 3 0 1 4 0 1 3 4 2 3 0 0 1 3 1 1 2 1 2 2 2 0 2 2 3 4 1 0 2 1 0 0 3 3 0 3 2 4 2 1 2 2 2 0 3 0 4 3 3 0 4 1 1 2 3 1 3 1 1 2 2 2 1 3 1 3 4 2 1 0 5 0 1 3 3 3 2 2 1 2 2 0 2 5 1 1 1 0 0 1 2 2 6 4 1 1 3 1 4 1 1 3 3 0 3 2 4 0 2 1 4 2 3 6 2 1 2 1 6 2 2 0 2 0 0 3 3 3 3 0 1 3 2 2 0 4 1 1 2 3 1 3 6 0 2 0 6 1 0 3 3 2 2 3 5 1 2 1 0 3 0 1 3 1 4 1 2 1 1 3 3 3 6 2 5 2 1 1 0 4 1 3 2 4 2 2 3 1 1 0 5 3 4 3 4 1 4 0 2 3 1 3 3 4 1 2 2 1 1 2 1 1 0 4 2 3 2 2 1 3 1 1 4 0 2 2 3 2 1 1 0 3 2 3 1 0 1 1 4 4 3 4 4 3 1 3 4 1 0 1 0 1 2 0 1 1 1 2 5 4 2 1 0 2 4 1 2 1 3 2 2 1 1 4 3 3 1 1 1 1 1 6 1 1 3 0 2 4 2 1 2 6 1 0 0 2 1 6 2 1 2 0 4 1 3 4 5 5 1 0 1 2 3 3 1 2 2 3 2 1 3 4 1 0 3 3 1 2 1 1 0 3 3 3 2 3 0 2 1 1 2 6 0 2 0 0 1 3 1 2 0 2 0 3 4 0 2 4 3 2 1 3 2 2 3 0 2 2 4 1 3 2 1 1 0 1 2 1 6 1 3 0 1 2 1 6 2 2 2 3 1 3 3 2 1 1 3 4 2 2 1 0 3 1 1 6 0 4 1 2 4 1 2 2 2 1 2 3 3 1 4 0 1 2 1 2 2 2 2 0 4 2 0 3 2 0 3 2 4 2 1 2 1 2 5 2 4 2 0 1 1 1 5 2 1 1 3 1 2 1 2 1 1 3 3 5 3 3 1 2 2 3 3 2 1 4 3 1 2 0 3 2 5 3 0 6 3 1 2 3 0 1 4 2 2 0 2 3 2 3 1 2 1 1 1 2 1 2 2 1 0 2 1 2 3 3 3 2 1 3 2 1 6 0 2 3 2 1 0 0 1 2 0 3 0 2 1 0 1 1 9 5 1 1 0 2 5 3 3 0 1 2 3 1 2 1 1 2 4 1 2 2 1 2 1 2 3 2 1 1 2 5 5 0 0 1 1 0 2 1 3 0 3 1 3 3 2 1 0 0 2 4 1 1 1 3 3 3 1 1 1 4 4 1 1 0 2 1 3 3 3 2 2 2 2 1 4 4 1 0 1 0 4 1 1 1 2 2 3 1 1 3 1 1 0 3 1 1 1 3 2 2 2 3 0 2 1 2 2 1 1 3 4 2 0 1 0 2 1 2 2 3 0 3 3 4 3 2 3 1 2 2 3 1 3 1 3 2 1 1 1 1 2 1 1 2 3 2 4 2 3 1 1 1 1 0 3 2 2 1 4 2 2 1 2 2 1 0 3 3 3 1 1 1 1 2 4 3 0 0 5 2 2 2 2 4 3 2 2 3 1 2 2 2 4 0 2 5 2 4 3 2 0 2 1 2 1 1 2 3 3 3 2 1 1 3 3 1 1 1 2 2 0 1 2 2 3 3 1 0 1 0 4 1 3 2 5 1 1 1 3 1 3 4 2 1 1 4 1 2 1 0 2 0 4 2 2 3 0 1 1 1 3 2 2 2 1 0 1 3 0 1 3 3 3 2 1 2 0 0 2 3 0 2 3 2 1 3 2 0 3 2 1 5 0 2 4 1 1 3 2 2 1 1 2 2 1 0 2 3 1 2 5 2 1 0 2 4 5 0 2 0 1 5 3 3 0 2 2 1 3 3 3 3 5 1 1 1 2 1 2 3 2 2 1 2 3 0 1 2 4 1 1 3 2 1 1 2 2 4 2 1 3 0 3 3 2 3 3 1 2 0 1 3 3 0 3 2 2 2 2 1 4 1 3 0 3 1 3 1 3 4 2 1 2 1 2 2 2 2 1 0 5 3 2 1 3 1 0 1 1 5 0 4 3 2 1 2 1 2 2 3 1 5 1 2 5 3 4 1 0 1 2 1 1 2 0 1 1 2 4 1 5 2 4 1 1 1 1 1 4 0 1 4 3 2 1 2 1 1 2 0 0 5 2 4 1 3 2 3 2 3 3 1 2 1 1 1 0 0 1 4 5 2 1 1 1 1 3 2 2 3 2 1 1 2 1 0 1 2 2 2 2 0 2 2 0 3 1 5 5 0 3 0 3 3 3 1 1 4 2 0 3 1 1 2 0 1 1 4 4 1 4 3 1 3 1 4 2 1 3 1 0 0 4 3 2 1 0 4 4 3 4 3 2 2 1 4 2 0 1 1 6 2 3 3 0 2 0 3 2 3 1 4 5 1 2 0 3 1 1 0 1 2 0 4 1 3 2 1 1 2 2 4 2 5 0 4 2 2 1 3 3 0 6 3 3 1 1 3 6 2 1 3 2 3 1 1 3 2 0 1 2 0 2 2 1 3 1 4 2 0 3 1 2 2 1 3 4 3 2 2 4 2 0 0 2 0 3 1 4 4 1 3 3 1 1 3 0 2 4 0 1 2 1 2 2 1 3 3 3 0 1 1 1 4 0 1 4 5 2 4 1 3 1 2 3 1 4 1 0 2 1 1 4 4 1 3 3 3 1 0 2 1 1 2 1 2 1 1 6 4 4 0 2 0 1 0 1 3 0 0 2 2 3 2 2 2 1 2 3 2 3 2 3 2 2 1 0 4 3 0 2 0 1 2 1 3 1 3 2 3 2 3 4 3 1 2 2 1 2 1 1 1 2 3 4 4 1 1 1 1 0 2 1 2 2 1 1 1 3 1 2 0 7 0 4 2 3 1 2 5 2 1 1 0 5 1 0 1 1 0 5 2 1 2 5 0 2 2 1 3 2 1 3 3 1 0 2 2 1 2 7 0 0 1 1 3 4 0 5 0 1 3 0 0 3 3 2 3 1 0 3 1 2 1 2 3 0 5 3 2 0 1 0 0 0 3 4 3 4 3 3 2 0 2 2 3 2 2 2 2 2 1 2 0 3 0 4 1 5 1 1 4 2 1 1 3 1 2 2 2 0 2 2 1 1 3 4 0 0 3 1 3 4 3 0 1 4 2 1 3 1 2 2 1 3 3 5 3 3 0 1 1 1 2 1 3 2 1 4 1 3 3 4 2 3 4 1 2 3 2 3 2 1 2 3 4 2 4 1 2 3 1 0 3 0 3 2 5 1 3 1 0 4 2 1 2 0 1 2 3 3 1 2 6 4 2 2 3 0 0 1 1 2 4 1 2 1 3 3 6 3 0 2 2 2 0 3 3 2 1 5 0 2 7 4 0 4 4 2 1 2 4 1 1 2 0 5 3 2 2 1 3 0 3 1 0 0 2 3 2 1 3 2 4 2 3 2 2 1 2 2 0 2 1 1 4 2 3 4 0 0 3 2 3 1 2 4 2 2 1 1 2 2 3 1 2 1 2 2 1 1 1 2 5 2 0 1 1 0 2 1 3 0 2 3 1 1 2 0 2 4 4 1 1 1 3 1 4 1 3 4 3 6 0 2 2 1 1 2 3 2 3 3 2 2 0 2 1 2 0 4 4 0 0 2 4 2 3 0 1 3 1 3 0 3 2 2 1 1 1 1 3 3 3 0 1 2 1 2 2 1 1 0 0 2 4 2 0 1 3 1 4 1 1 6 1 0 1 0 1 1 3 2 1 5 2 3 4 2 1 3 5 4 1 2 1 1 1 2 2 6 2 3 3 2 3 3 4 1 1 2 0 1 3 0 2 0 2 2 3 2 2 0 0 0 3 2 4 0 0 1 2 3 1 4 1 1 0 2 3 2 2 2 0 2 3 2 2 1 1 1 0 1 1 1 3 2 0 1 2 1 5 4 0 1 2 3 2 1 4 1 0 1 3 1 4 2 1 1 4 2 3 2 0 1 3 3 1 2 0 0 1 2 1 5 1 4 2 0 1 2 0 1 1 4 2 1 3 2 3 4 4 3 2 4 1 0 4 2 2 2 0 6 1 4 1 0 3 1 2 3 0 3 2 1 5 3 1 2 2 0 2 1 2 3 1 2 2 2 1 2 1 1 2 2 1 2 0 1 1 1 2 1 3 1 3 3 2 1 2 1 1 2 1 2 0 2 1 3 0 4 4 2 3 2 2 2 0 0 2 1 1 2 3 2 2 2 4 1 1 2 3 1 0 0 2 0 1 3 3 1 1 2 3 2 1 1 1 2 1 2 2 3 2 1 3 2 3 2 3 0 1 0 2 2 4 4 2 1 2 1 1 3 2 4 3 1 4 4 2 2 2 3 0 0 0 4 0 4 2 2 2 3 3 2 2 1 2 5 1 3 2 0 4 2 3 2 2 4 2 1 1 4 1 2 0 0 1 2 5 2 3 1 0 2 4 2 2 0 1 1 1 2 4 2 1 2 2 1 1 4 2 4 2 3 3 1 3 1 0 1 1 2 1 2 0 2 2 1 5 1 3 5 1 0 1 1 3 0 4 2 1 5 4 0 2 1 4 3 2 0 1 8 1 1 4 2 0 3 3 4 2 3 1 3 1 3 2 0 3 3 1 2 2 3 1 0 1 3 4 2 2 3 1 2 2 1 0 2 2 0 2 3 2 5 1 4 2 3 1 3 1 2 3 2 3 2 3 2 1 4 2 1 1 0 1 1 2 3 0 2 1 1 2 1 3 3 3 4 2 2 2 1 4 2 3 0 0 1 2 2 0 3 2 0 2 2 0 6 1 3 4 3 2 1 1 1 2 2 1 4 2 1 2 2 4 4 3 2 0 3 3 0 1 1 1 3 1 1 2 0 4 2 2 2 2 3 2 2 0 3 2 1 1 2 2 3 1 2 2 1 3 1 2 0 1 4 1 3 0 2 1 2 1 3 2 0 2 0 3 1 2 1 1 2 3 1 0 2 4 1 0 2 3 2 3 1 4 1 0 2 4 1 2 2 0 2 1 1 2 0 2 4 0 2 3 4 3 4 3 3 1 1 1 2 3 0 3 1 1 3 3 3 1 0 3 2 0 1 2 3 1 2 3 1 2 2 2 3 2 3 4 1 3 4 1 1 4 0 2 2 2 3 3 3 6 1 4 2 0 2 4 1 3 2 1 2 3 3 3 0 2 2 4 3 4 0 2 1 2 2 1 2 2 4 3 2 1 2 0 3 2 2 3 2 2 3 1 1 1 1 1 2 1 3 4 2 6 0 2 5 3 2 2 3 3 3 1 2 2 3 2 4 1 3 2 1 1 2 5 2 2 4 3 4 2 4 3 2 2 1 4 0 2 1 1 3 3 1 1 4 1 1 1 2 0 3 1 3 2 3 1 3 2 3 0 0 2 1 1 1 1 4 3 1 0 4 3 1 3 5 1 3 2 1 0 3 2 3 3 4 1 2 0 0 5 1 3 2 5 3 0 1 0 3 3 2 4 4 5 1 5 2 1 0 2 1 1 1 2 4 1 4 0 4 1 3 4 0 2 2 0 1 2 2 1 2 3 0 0 2 2 2 1 5 2 1 3 0 3 2 1 3 1 2 1 1 1 5 1 1 1 1 1 0 3 2 0 4 2 3 1 2 1 0 3 3 3 4 2 1 0 1 2 4 3 1 2 2 0 0 4 1 3 4 1 7 3 0 1 1 2 3 2 1 1 3 2 3 4 3 4 3 1 2 3 2 4 0 0 1 1 2 2 2 1 1 1 3 3 4 3 1 0 3 2 0 2 4 2 2 0 1 4 2 6 4 2 3 1 1 2 0 3 3 3 1 1 1 4 3 0 3 2 1 1 4 2 1 3 1 2 2 1 0 1 4 2 1 2 1 4 1 1 2 1 1 4 5 2 0 4 1 1 3 2 0 2 0 2 2 3 3 1 1 2 1 1 3 2 3 1 1 0 2 2 4 2 3 4 2 3 0 2 4 2 3 2 1 2 1 2 2 2 1 1 3 2 3 1 0 1 4 3 1 4 2 1 3 1 0 0 4 1 1 1 2 5 0 3 2 4 2 1 0 2 2 1 0 2 1 1 2 3 1 3 3 2 1 2 2 2 2 1 0 2 3 0 2 1 2 1 2 2 3 3 2 1 2 1 2 1 2 3 1 1 0 2 4 1 3 4 2 1 2 3 3 1 3 5 3 1 0 2 2 3 0 2 0 3 4 0 2 5 2 1 1 2 3 1 1 1 2 1 1 3 4 1 1 1 3 6 0 1 1 0 2 0 2 2 4 2 1 2 0 4 1 6 3 2 4 1 2 3 2 1 3 1 2 1 1 1 0 2 1 3 0 2 4 3 2 2 3 3 2 3 2 2 2 3 3 3 0 5 1 2 2 1 1 0 2 1 2 5 5 1 4 1 1 3 0 3 1 0 0 4 3 2 2 0 2 1 2 1 1 2 4 3 1 2 0 0 2 1 3 2 4 1 1 2 1 4 4 2 1 3 1 2 2 1 3 1 1 4 2 2 1 2 5 1 0 1 2 3 1 1 4 1 0 2 3 1 2 4 0 2 5 2 2 3 0 1 1 2 4 0 2 4 3 1 1 2 1 0 0 1 3 2 6 3 3 1 8 0 0 2 3 2 1 1 2 3 3 2 3 3 3 0 2 2 4 1 2 3 3 2 2 2 0 2 2 2 2 2 2 2 3 0 0 1 5 2 3 2 1 1 1 5 1 1 2 1 3 1 4 1 3 2 1 1 1 1 3 0 1 2 2 3 1 1 1 2 2 1 1 3 1 1 1 1 1 0 2 6 1 2 1 1 1 2 6 2 2 4 3 0 1 2 4 1 0 0 1 2 2 2 6 2 2 5 2 3 0 0 1 3 1 3 4 1 4 1 2 1 3 1 0 0 2 5 4 1 2 2 4 1 3 2 0 1 3 1 2 0 2 6 3 0 0 2 2 0 1 1 2 3 1 3 2 4 1 3 1 3 2 2 1 0 0 2 2 1 1 3 2 4 2 0 1 3 0 3 2 3 4 1 1 2 0 2 2 3 2 4 2 0 7 2 3 2 3 4 1 3 0 0 1 1 1 1 2 1 1 2 1 2 2 4 0 0 1 2 1 2 4 4 3 2 1 1 1 1 3 0 1 1 4 3 1 2 3 0 0 0 2 2 2 1 4 3 0 2 2 1 6 4 1 0 0 3 1 2 2 1 0 1 2 1 4 2 0 0 0 1 3 3 4 5 4 1 2 3 0 3 5 0 1 2 2 2 3 2 2 0 3 0 1 3 2 3 3 2 1 2 4 1 0 2 2 3 0 2 2 1 2 3 2 2 1 1 2 5 0 3 2 1 1 2 2 2 2 5 2 1 1 2 0 2 1 1 2 3 2 3 4 2 2 3 2 2 0 2 1 4 1 1 1 2 1 1 1 2 1 2 5 2 1 4 0 3 1 1 3 2 3 1 0 2 2 3 5 2 2 1 2 1 1 2 1 1 3 4 3 1 2 2 0 3 2 1 1 2 1 4 4 5 1 2 3 1 3 2 2 2 3 1 0 1 1 5 1 1 5 1 2 1 4 1 0 3 1 3 3 1 2 4 5 2 3 3 3 1 2 1 1 1 6 3 2 3 2 1 1 7 1 0 1 2 2 0 0 3 2 2 3 3 1 1 4 2 1 1 2 0 4 3 2 2 1 2 1 1 3 1 3 0 2 0 2 3 0 5 3 2 0 2 1 2 1 3 1 4 1 4 1 5 0 3 1 0 2 5 3 5 1 1 1 0 4 1 3 1 2 0 4 3 1 1 1 4 5 1 1 3 1 1 1 1 0 2 2 3 1 0 3 1 4 4 0 4 1 2 0 4 2 3 0 2 1 1 0 2 4 2 3 4 1 0 1 2 0 6 3 2 2 1 3 1 3 2 2 1 0 0 2 2 1 1 3 1 4 4 1 1 0 1 3 3 4 3 3 2 1 1 4 1 3 2 0 1 2 1 1 0 4 4 1 2 2 2 4 4 3 2 0 0 0 2 2 1 0 3 4 3 2 2 1 0 1 2 4 0 1 3 0 2 2 1 4 1 2 3 1 2 3 2 2 2 4 0 1 3 0 3 0 1 3 2 3 1 3 3 2 1 2 1 0 2 1 2 1 0 1 2 2 5 0 1 2 3 0 1 4 3 4 1 0 4 2 1 0 1 3 1 6 2 1 1 4 3 0 2 1 2 0 1 1 7 1 1 0 3 2 1 1 2 4 1 4 2 1 2 4 3 1 1 1 3 2 0 2 3 3 1 3 1 1 3 4 1 3 2 5 3 0 1 1 2 4 3 1 2 3 5 4 0 1 0 2 1 1 3 1 1 6 1 2 2 1 3 2 4 2 0 2 0 2 3 3 0 3 0 3 3 1 3 2 3 1 2 3 2 1 1 2 1 1 2 2 3 2 1 3 2 4 2 2 0 6 3 4 1 4 0 5 3 1 0 2 0 3 5 0 3 2 1 1 3 0 1 0 5 0 3 2 0 6 3 1 3 2 0 3 4 3 3 1 2 3 1 0 1 2 3 2 2 0 0 3 5 0 3 5 1 3 2 2 2 2 3 0 3 1 1 2 2 2 3 5 4 0 3 3 0 3 2 3 0 3 3 0 2 3 0 1 1 4 2 4 2 2 1 4 0 1 2 2 4 2 1 2 2 2 1 2 0 2 1 1 5 2 3 0 3 3 4 1 3 0 4 0 2 4 2 0 1 0 2 3 4 5 1 0 0 1 2 5 1 1 1 3 3 1 4 1 1 5 5 2 3 3 2 2 0 4 1 1 2 3 2 2 4 3 0 4 2 5 3 2 2 0 3 1 2 1 5 4 3 1 3 1 0 0 0 0 1 3 1 0 4 2 2 2 0 2 0 3 0 3 1 2 1 2 5 2 2 3 0 0 2 1 2 7 1 3 1 1 0 3 2 2 0 1 1 3 4 0 2 3 5 4 3 4 3 1 0 4 2 4 1 1 2 1 1 2 1 4 3 4 1 2 2 1 1 1 2 2 2 2 3 1 1 3 1 2 3 2 1 2 2 0 1 0 3 6 2 3 3 5 1 3 1 1 2 1 0 3 1 2 2 0 1 1 3 2 1 3 2 2 3 1 1 1 2 1 0 0 3 1 2 1 5 2 0 1 0 2 2 1 1 2 2 4 1 2 3 3 6 3 1 2 1 3 4 1 3 1 2 1 4 5 1 1 1 0 0 3 3 1 1 4 4 0 1 3 0 1 1 3 1 4 2 0 3 1 0 2 6 0 4 2 1 4 3 3 4 2 0 3 2 2 3 4 2 2 2 2 2 4 2 1 1 2 3 1 4 0 3 0 5 0 2 1 2 2 3 1 1 3 1 3 0 3 3 1 2 5 0 3 2 0 0 1 4 3 2 0 1 0 2 1 3 1 3 4 4 0 3 0 1 2 3 2 3 2 0 0 4 3 2 2 1 0 2 1 2 1 6 0 3 2 0 0 2 2 3 1 1 1 4 2 0 1 4 2 4 3 4 1 1 2 0 3 0 0 1 3 1 4 3 2 0 2 3 2 2 1 1 2 2 1 5 2 6 2 0 3 5 2 0 1 4 0 2 1 0 1 4 3 1 4 4 1 2 2 0 2 1 2 2 4 2 0 3 3 4 4 5 0 1 1 0 0 1 4 4 3 2 0 1 2 2 1 2 1 2 3 3 2 0 2 2 1 3 1 0 1 2 2 0 2 2 3 3 2 3 1 0 2 3 4 2 6 3 1 4 0 2 3 1 3 0 2 3 2 1 2 2 1 0 2 1 1 1 1 3 1 2 3 3 4 0 2 2 1 3 3 4 0 2 4 1 3 1 1 3 0 2 1 2 3 3 1 1 2 0 1 5 5 2 1 1 4 4 1 2 3 2 1 6 3 1 2 3 0 1 3 0 3 1 2 2 2 1 2 1 4 0 3 0 0 1 5 4 1 4 1 0 1 2 3 2 1 2 1 4 1 1 5 5 0 2 1 6 4 1 2 2 3 2 3 0 1 2 0 2 3 2 2 1 1 5 3 4 2 2 3 1 2 2 0 0 2 3 1 3 4 1 2 1 0 3 1 1 0 0 2 2 2 1 1 3 0 4 1 4 1 2 2 3 0 2 2 2 3 3 3 4 4 3 2 1 1 2 1 0 1 1 3 3 3 3 4 1 3 2 4 0 0 2 3 2 3 3 1 1 2 2 3 0 0 4 2 4 1 3 0 1 5 5 0 0 1 0 2 3 1 1 3 1 4 3 1 1 3 1 2 2 3 3 1 0 1 3 1 3 3 1 2 4 4 3 0 1 3 2 0 4 0 2 0 1 0 3 0 0 1 4 2 3 1 1 2 3 1 3 1 1 3 2 1 2 4 1 0 1 2 1 0 4 0 1 2 1 4 3 0 3 2 1 2 1 1 0 5 1 2 1 2 1 0 3 1 2 3 5 3 3 1 1 2 2 1 4 1 3 2 2 1 4 2 3 5 2 0 1 2 1 3 1 4 1 2 0 2 2 2 4 1 2 2 2 2 2 0 0 1 3 3 0 2 2 2 1 2 0 1 1 0 4 2 4 0 3 5 3 0 3 5 0 2 1 2 3 4 3 2 0 1 3 1 1 3 2 0 4 3 0 1 1 3 2 3 1 4 3 2 2 3 4 5 2 1 5 3 4 1 1 4 1 4 5 3 1 1 1 1 1 0 3 4 3 1 1 2 2 1 2 6 1 3 1 3 2 2 2 4 1 3 3 3 0 1 1 2 0 7 1 2 3 0 4 1 3 2 1 2 2 5 3 1 3 2 1 2 1 4 0 0 4 4 4 0 1 2 5 2 4 2 0 3 0 1 1 1 2 4 2 5 3 1 1 1 1 2 1 2 2 5 0 1 0 1 2 1 3 1 0 2 1 3 2 1 4 3 1 4 1 1 5 2 1 1 0 0 1 2 1 3 3 1 1 2 3 1 3 3 1 1 1 2 4 0 2 1 1 1 1 2 5 3 5 2 1 0 4 2 1 1 1 2 0 2 4 1 2 5 3 2 2 2 2 4 0 0 1 2 3 2 1 2 2 2 2 2 2 3 1 0 3 3 2 1 2 3 3 2 2 1 2 1 1 3 0 4 2 0 3 2 2 5 2 1 1 2 1 3 3 2 1 0 1 1 0 1 3 1 2 2 2 4 3 2 0 2 1 2 0 2 1 4 3 2 1 3 0 1 1 3 5 5 0 1 3 2 3 1 0 3 3 2 3 1 0 6 1 0 3 2 3 1 2 1 0 6 3 0 0 1 2 2 2 2 2 2 2 2 1 4 3 2 2 5 2 1 3 1 2 2 5 4 2 0 3 3 2 4 2 2 1 0 2 2 1 0 2 1 6 2 2 1 1 2 2 2 1 5 2 1 1 1 1 4 4 1 2 1 2 3 2 2 2 5 1 3 2 2 3 0 3 3 1 3 2 3 2 1 1 2 0 1 1 3 2 2 3 2 0 0 1 3 4 3 3 1 3 0 1 1 1 2 2 1 0 2 1 1 1 1 4 2 1 0 4 1 2 2 3 2 1 3 1 1 1 2 1 2 1 1 4 4 2 0 3 2 3 4 3 2 0 1 3 0 1 0 3 0 1 5 4 2 0 2 4 2 2 0 0 4 2 0 0 2 4 2 2 2 2 3 3 1 2 3 2 1 1 0 0 2 4 3 3 2 4 3 1 4 2 1 0 2 3 3 1 1 2 1 1 3 2 3 2 5 4 2 2 2 2 1 1 2 3 2 1 0 2 1 2 1 2 2 2 2 4 7 3 1 0 4 2 2 0 0 1 4 2 4 2 2 2 2 3 2 3 2 2 2 0 1 0 2 0 4 0 1 2 4 0 2 2 5 3 2 1 0 5 0 3 1 4 0 1 1 1 5 2 0 2 1 1 1 1 2 2 7 0 4 3 0 1 2 3 1 1 1 1 2 3 2 2 3 1 3 1 0 1 1 2 4 2 3 0 0 1 1 0 2 2 4 3 1 3 3 0 1 2 3 1 3 4 1 2 2 1 2 3 4 2 3 1 1 1 4 5 2 3 1 3 1 2 4 0 3 2 2 2 5 1 3 3 1 5 1 2 0 2 2 2 2 2 2 0 2 4 2 3 0 5 1 4 2 4 3 2 0 1 1 3 2 2 0 3 4 2 3 1 2 1 5 3 3 0 0 2 3 0 4 2 2 1 2 0 1 1 1 1 2 2 2 4 2 2 1 3 4 4 1 1 1 4 5 1 2 2 2 1 1 0 3 5 3 1 1 2 2 0 2 3 1 3 0 0 1 1 1 2 1 6 1 5 2 0 0 3 1 3 1 0 2 2 2 2 2 0 1 0 0 2 2 4 0 3 2 3 3 1 2 2 2 2 3 0 3 1 2 3 1 1 1 2 1 2 5 3 1 1 1 6 2 0 1 1 0 2 4 2 2 0 2 3 1 2 3 1 3 2 1 2 1 1 1 1 2 2 3 2 2 1 1 2 0 3 2 4 1 0 3 2 5 2 2 1 0 1 1 3 2 4 4 3 1 2 3 1 1 1 4 1 2 3 0 1 0 3 1 3 0 2 1 5 2 1 1 2 3 3 5 0 1 1 1 3 1 2 4 4 5 1 1 0 5 4 3 1 4 1 2 0 1 1 3 2 2 2 0 1 2 2 2 1 1 1 1 3 1 1 2 3 0 2 4 0 1 3 1 6 2 1 3 0 1 2 1 2 4 2 1 1 4 0 1 2 0 2 1 2 3 1 2 2 6 3 1 0 1 0 0 5 3 1 2 2 0 1 3 0 4 2 2 0 2 2 1 2 1 3 1 0 3 1 2 2 0 4 4 1 1 3 2 1 1 0 1 3 5 5 5 2 0 2 2 1 4 0 1 1 1 2 3 3 0 1 1 1 1 0 1 2 1 2 4 2 0 2 1 3 4 2 3 1 3 2 3 2 0 1 3 2 6 3 4 1 1 0 1 2 1 3 2 1 3 3 0 2 2 2 3 1 6 1 3 2 0 0 1 1 3 0 0 2 2 1 0 1 2 0 5 2 2 2 1 2 3 1 3 4 2 2 1 1 3 4 1 3 1 3 0 2 3 2 2 0 3 1 2 3 2 3 1 2 3 3 0 1 1 2 4 1 2 1 3 0 2 5 6 3 1 1 0 2 3 4 1 1 3 1 5 1 3 1 1 6 4 2 1 1 1 3 0 4 3 4 4 1 0 3 3 2 1 1 2 1 4 3 2 1 1 1 3 1 2 0 3 1 3 2 1 0 4 1 1 1 1 4 4 4 0 1 3 3 2 0 1 1 2 1 1 3 2 2 3 0 3 4 0 2 1 4 0 4 3 3 1 2 1 1 1 3 2 2 4 1 1 4 3 1 1 6 0 1 1 2 1 2 0 2 1 2 1 3 1 2 2 3 0 2 3 0 0 2 2 5 2 4 2 2 1 3 1 2 2 5 0 2 0 1 1 0 2 2 1 2 1 3 0 1 2 3 0 2 4 6 2 2 1 2 0 2 3 5 4 0 2 2 4 0 1 1 1 0 2 0 0 5 3 1 3 3 3 0 0 3 2 1 1 0 2 2 2 1 4 0 2 2 2 1 3 0 1 4 2 3 3 1 2 3 0 2 1 4 3 2 2 2 0 2 0 1 1 2 2 5 1 2 2 0 0 1 2 1 4 1 3 2 2 2 3 2 0 3 0 3 4 1 1 5 1 4 2 4 3 1 0 0 1 5 2 1 1 0 1 3 1 2 5 3 2 2 2 2 3 3 0 1 3 1 2 0 1 1 4 1 3 0 6 3 2 1 1 4 1 2 0 2 2 1 2 2 2 3 3 0 2 1 1 3 0 2 3 1 2 1 2 4 4 4 3 0 0 3 1 2 3 3 5 2 2 2 1 1 0 3 1 1 2 2 5 1 1 3 2 2 2 1 0 1 1 2 0 5 3 2 2 3 3 1 1 6 2 2 1 2 2 4 5 4 1 1 0 0 1 1 0 1 5 2 2 3 1 0 1 1 1 5 0 2 4 1 3 1 0 5 3 4 1 2 0 1 4 1 3 4 0 0 4 3 4 1 2 3 1 3 2 1 0 0 0 1 3 4 3 4 0 2 0 0 2 3 3 2 4 1 3 3 2 3 3 0 1 2 5 5 3 2 1 1 1 0 5 0 4 0 5 2 1 0 2 5 2 2 0 2 1 3 3 1 3 1 2 2 0 5 1 1 3 0 0 1 4 5 2 0 3 1 0 1 4 3 1 3 1 2 4 3 2 2 2 2 2 4 0 2 3 2 2 2 0 4 1 2 0 1 1 2 2 1 2 2 2 2 4 0 1 5 2 0 1 1 2 0 2 2 2 3 0 1 5 3 3 1 4 0 3 1 0 0 1 2 1 3 1 3 3 3 2 1 4 2 1 1 1 2 3 4 2 3 2 2 0 4 0 1 2 2 0 1 2 1 2 0 3 5 2 4 3 1 1 2 1 1 3 3 0 2 2 1 0 5 4 2 0 1 3 1 1 2 2 4 3 0 0 2 4 4 1 4 1 2 0 2 0 2 3 0 1 3 4 3 5 2 1 3 2 5 3 2 1 1 4 1 1 2 1 4 0 1 1 2 1 2 2 1 2 2 0 2 1 1 1 0 2 1 2 2 3 3 2 2 1 0 4 2 1 0 0 2 4 1 4 1 2 3 3 3 1 0 1 2 1 2 6 3 2 0 2 1 0 4 0 4 2 1 3 1 3 1 3 0 2 3 3 2 3 4 2 3 3 2 2 0 6 0 1 1 3 3 1 1 1 1 6 1 2 1 5 0 1 3 1 1 0 1 2 3 2 4 3 2 1 2 1 1 3 2 1 1 4 1 3 2 4 3 2 0 2 0 0 2 1 0 0 2 2 3 7 0 1 3 1 6 4 0 2 2 2 0 1 2 2 2 3 0 2 3 1 1 2 3 1 2 8 3 1 0 3 0 3 1 2 5 3 1 2 2 2 0 2 0 2 1 0 2 4 1 0 2 0 2 3 3 1 4 0 1 4 2 0 1 3 1 3 3 2 3 1 1 1 2 1 3 2 1 2 2 3 1 3 0 1 3 1 2 4 3 4 5 2 1 1 1 1 0 1 2 6 0 3 1 4 1 2 0 1 2 2 2 2 4 4 3 1 1 1 0 1 2 1 2 4 1 0 2 2 2 2 5 1 1 1 2 3 3 2 1 2 1 4 2 1 0 1 0 4 4 1 1 2 3 0 3 1 3 2 1 2 5 1 3 4 2 0 2 3 0 8 0 2 2 2 0 3 3 1 5 2 1 1 2 1 2 2 3 3 2 2 0 1 2 3 0 0 5 2 0 2 3 0 0 1 3 2 3 0 2 4 1 1 4 1 1 0 2 2 3 1 1 0 1 2 1 3 1 1 5 0 0 2 2 1 1 2 6 2 4 0 1 3 3 2 2 0 0 0 0 3 1 5 1 0 1 2 1 1 3 0 2 0 5 1 1 2 1 2 3 2 3 3 1 1 1 7 1 2 2 3 2 0 2 2 2 2 3 2 1 1 5 3 1 1 0 1 3 1 4 2 3 1 3 2 2 1 1 0 1 6 0 2 4 2 4 3 1 2 1 0 1 1 1 1 0 3 3 0 3 1 3 4 3 2 0 3 1 1 4 4 2 2 1 0 3 2 2 2 1 2 2 5 3 3 3 0 3 0 1 0 2 1 0 2 1 3 3 2 0 1 4 3 1 1 0 2 2 0 6 1 1 4 0 0 3 1 3 2 7 3 1 6 2 2 0 2 2 0 1 0 1 2 2 2 0 1 3 4 1 2 2 1 5 3 3 3 0 5 2 2 1 3 3 4 0 0 1 2 3 0 1 0 1 1 1 2 2 4 1 2 0 2 2 3 5 2 3 1 2 0 1 3 1 0 0 2 1 2 2 1 3 2 1 2 1 3 2 1 3 4 0 1 2 4 3 2 1 3 3 1 1 1 3 5 3 1 1 1 2 3 2 3 3 1 2 4 1 2 1 1 5 3 3 1 2 2 1 0 1 0 4 3 0 4 2 2 3 1 4 1 2 1 2 1 2 2 1 4 2 3 1 2 2 4 3 1 4 3 2 3 1 1 4 1 2 0 3 0 1 3 2 1 2 2 4 2 2 3 3 2 0 0 3 0 2 0 2 2 3 1 4 0 3 0 3 2 5 1 1 3 1 4 2 0 2 3 3 1 2 1 4 0 0 2 1 3 2 3 2 1 3 0 0 2 3 2 2 7 3 4 2 2 1 3 1 2 2 3 1 2 0 2 0 1 1 2 1 2 4 3 0 1 2 3 5 3 0 0 1 1 4 2 1 2 1 1 2 1 3 1 2 3 1 3 1 2 2 1 1 4 2 1 3 2 3 1 4 0 1 2 2 2 4 2 2 3 0 1 2 2 1 4 1 2 4 1 5 1 2 2 1 0 2 1 2 2 1 2 2 1 2 0 3 2 3 2 1 0 3 1 3 4 3 2 2 2 0 4 2 0 3 0 2 0 2 0 1 1 4 1 2 2 2 2 1 3 1 3 2 2 3 1 1 3 1 1 3 0 1 1 1 0 1 3 2 3 1 3 2 1 5 2 3 2 3 4 2 2 0 1 2 3 1 4 1 3 2 4 1 1 4 0 4 1 2 2 2 3 6 1 2 2 2 0 1 1 3 3 4 3 0 4 1 1 3 2 4 1 2 1 0 1 4 2 1 1 3 0 0 4 1 2 2 3 5 1 3 0 3 1 0 3 3 0 2 0 0 2 2 2 1 2 1 4 1 2 2 3 3 2 0 3 4 1 3 1 2 3 0 3 4 0 2 2 0 3 4 3 0 0 1 1 0 4 0 2 3 2 1 4 1 1 1 4 3 4 0 2 2 5 1 5 2 1 3 3 2 2 2 1 1 1 1 4 1 4 3 0 2 3 2 1 1 1 3 3 0 3 2 3 3 2 3 0 1 4 1 1 1 0 1 2 3 1 2 1 1 3 3 6 1 1 2 2 1 0 4 1 2 5 1 1 0 3 0 2 3 2 3 4 2 2 2 1 2 3 3 2 2 2 3 0 2 0 3 2 2 3 2 2 4 0 1 4 2 2 2 0 1 1 4 2 1 0 3 3 3 2 2 1 1 3 3 3 2 1 0 3 4 3 3 3 2 1 2 0 1 3 5 3 3 0 4 2 1 0 1 4 0 4 1 0 5 2 0 2 2 4 2 4 1 2 3 2 4 2 4 3 1 1 0 3 2 3 1 2 4 3 3 1 1 2 0 1 1 1 4 0 2 1 4 2 2 2 1 2 1 4 1 2 2 3 1 1 4 1 4 3 2 1 5 0 3 1 0 2 1 1 4 1 4 2 4 0 1 2 4 2 1 1 1 2 2 3 4 3 2 2 0 1 2 2 1 2 2 2 4 3 0 3 3 0 1 2 0 3 4 3 1 1 3 2 3 3 1 1 3 1 2 1 3 1 2 3 1 5 2 1 2 2 3 1 0 3 2 2 1 3 1 2 3 3 1 0 2 1 2 4 4 0 1 3 1 0 1 2 2 2 0 2 4 2 2 3 2 1 1 0 2 0 3 3 2 4 4 3 1 0 0 0 4 2 2 1 3 1 2 3 3 1 3 4 3 1 2 0 1 3 2 5 5 3 1 1 2 3 3 4 1 0 5 2 0 1 5 0 2 2 2 7 1 1 1 4 5 3 3 4 1 3 2 3 0 2 3 2 6 3 0 1 2 3 1 0 0 5 2 3 2 3 0 2 1 1 2 3 2 1 3 4 3 1 0 0 3 0 3 3 0 4 1 3 0 2 1 1 4 0 2 1 1 1 0 1 4 5 4 3 1 5 4 1 1 2 2 3 6 1 1 2 2 5 5 3 0 1 0 5 2 1 0 3 3 2 2 2 2 2 3 2 1 2 1 4 0 1 2 1 5 0 1 1 3 2 2 3 2 3 3 2 0 1 0 1 4 1 3 2 2 3 1 0 1 2 2 3 0 4 2 0 2 1 2 6 1 2 1 0 1 3 0 1 3 1 2 1 2 2 4 2 4 2 3 1 1 1 1 2 2 1 5 3 1 1 1 2 1 3 4 1 3 2 2 2 2 1 1 0 3 3 4 1 2 3 1 2 3 0 3 2 3 3 5 1 2 1 2 3 0 3 1 1 3 3 1 0 1 2 1 2 3 0 3 0 1 7 3 1 0 1 7 4 3 3 0 1 0 1 3 1 4 1 2 1 2 3 2 2 2 2 2 4 2 1 1 4 2 2 1 3 1 2 2 2 0 3 1 3 1 4 1 0 2 3 3 0 2 0 1 3 0 2 3 4 2 1 1 1 1 3 1 7 0 2 2 3 1 1 3 2 1 2 3 0 2 1 4 2 5 3 2 3 3 2 2 1 3 0 1 1 0 4 5 3 0 1 3 4 1 1 1 4 4 3 1 2 2 2 0 3 1 3 4 3 4 0 3 0 5 1 1 1 1 6 1 0 1 2 2 4 1 2 1 1 2 0 4 2 3 0 2 1 2 0 1 1 1 1 3 2 4 3 2 2 4 3 2 2 2 0 1 1 2 5 0 3 3 2 3 1 5 3 0 2 0 1 4 4 2 3 3 1 1 0 0 3 2 0 2 7 3 1 1 3 0 0 5 3 2 1 2 1 3 2 1 1 3 4 0 4 2 1 3 3 2 2 0 2 1 2 1 4 1 3 3 2 0 1 3 0 4 0 1 4 2 4 0 3 4 2 0 1 3 0 4 2 2 3 1 1 1 5 3 3 1 3 3 3 1 3 0 3 1 2 0 1 1 2 3 2 2 3 1 4 3 1 0 2 0 3 2 4 3 2 2 3 2 1 2 0 4 4 1 3 1 2 1 3 4 3 2 1 2 2 3 2 1 4 2 0 1 3 2 3 1 1 5 1 3 2 3 0 1 0 3 2 3 3 3 2 1 0 2 4 2 1 2 3 2 2 1 3 2 2 5 2 0 0 0 2 2 2 5 1 2 2 2 1 2 3 1 1 2 3 2 0 0 4 3 3 0 1 2 3 1 0 1 2 0 3 1 2 1 3 2 4 1 4 0 3 4 1 1 2 2 2 1 3 1 0 1 2 5 1 5 3 4 1 1 0 1 1 2 1 2 4 0 4 1 4 1 0 1 5 2 5 2 3 0 1 3 1 3 2 1 5 0 3 4 4 0 2 2 1 2 3 1 4 2 1 1 0 0 6 5 1 1 0 5 5 1 0 2 0 3 1 2 2 2 1 0 1 4 1 2 1 5 0 3 1 2 2 4 1 2 2 2 2 1 3 1 2 3 1 0 4 1 2 2 1 3 3 2 0 2 1 2 2 0 1 4 4 1 1 2 3 1 0 2 2 2 1 3 1 3 2 1 4 1 1 4 2 3 3 4 3 2 3 3 2 3 0 0 3 1 2 1 0 2 4 2 5 3 1 4 0 0 1 3 2 5 3 2 2 1 1 1 0 0 2 2 4 2 4 2 0 1 1 2 1 2 3 2 2 2 2 0 1 2 2 2 1 2 2 1 4 2 3 3 0 1 2 3 1 1 2 4 1 6 2 3 2 3 1 1 2 3 3 4 1 1 3 0 3 2 0 1 3 4 1 1 3 2 0 0 3 0 4 3 0 1 2 2 4 6 2 3 2 0 3 4 0 0 3 2 2 3 0 4 0 2 1 0 0 1 3 0 1 0 1 1 3 4 5 3 2 1 3 2 1 1 1 1 2 3 2 2 0 5 0 4 2 2 2 1 3 1 2 2 0 1 2 1 4 5 1 2 3 3 1 2 0 0 4 1 1 2 1 1 2 2 1 0 1 3 2 2 3 0 2 1 2 3 2 3 4 1 3 2 2 2 0 1 2 1 5 3 1 2 1 2 2 0 3 2 3 1 1 0 1 3 5 3 2 2 1 1 3 3 4 3 2 0 1 5 4 1 1 1 2 1 4 0 0 4 2 0 2 0 3 4 2 2 1 3 2 3 2 1 1 2 4 2 0 2 0 2 1 3 2 1 0 5 2 1 2 3 1 2 1 7 0 3 0 3 0 1 2 1 0 3 1 2 2 2 2 0 1 4 2 2 6 1 1 4 3 3 3 2 1 2 2 2 2 3 1 4 2 1 5 1 2 2 1 3 0 2 1 2 1 5 1 1 4 1 2 1 3 1 2 2 4 1 3 2 0 1 3 2 3 2 1 2 6 5 1 3 1 1 2 2 1 1 2 5 1 2 1 1 3 2 3 1 1 1 3 2 5 0 0 1 3 2 3 1 2 0 4 2 0 2 5 1 0 2 3 3 3 2 1 3 2 2 1 0 2 1 1 5 3 0 2 1 3 3 4 4 0 3 1 1 2 1 0 3 0 3 0 4 0 1 4 2 0 3 1 2 2 2 3 1 1 2 0 0 1 4 1 1 1 4 3 3 5 0 1 4 3 2 1 1 2 2 2 2 1 3 1 2 2 3 2 1 0 3 5 3 4 1 0 1 0 1 1 2 1 4 1 1 3 2 2 3 2 2 2 1 0 3 2 1 3 2 6 3 3 0 1 0 1 3 0 1 0 2 1 2 2 6 1 1 1 3 2 1 5 3 1 1 3 2 0 0 2 5 0 4 4 3 2 4 3 2 2 0 2 4 3 0 3 0 2 2 4 3 1 1 1 2 3 3 2 2 1 2 1 2 2 3 2 2 1 2 6 0 2 4 1 4 2 0 0 3 4 1 2 2 1 1 1 2 3 2 5 0 1 2 1 2 2 1 0 2 4 2 2 4 1 1 0 4 2 3 4 2 3 1 2 1 4 2 1 1 3 0 3 1 3 1 4 2 2 3 2 4 1 4 2 4 0 4 1 4 3 0 3 1 2 2 2 3 6 2 2 0 0 2 3 1 0 2 2 3 1 4 0 4 5 2 3 6 2 2 4 3 1 0 2 4 2 1 2 2 3 1 3 4 1 1 3 1 4 1 1 0 5 3 4 4 2 1 2 1 1 2 0 2 4 0 2 1 2 1 3 1 1 1 3 1 2 2 2 2 0 4 1 2 1 3 2 2 4 0 2 2 1 1 0 2 2 6 2 3 0 0 3 1 4 1 4 0 3 4 7 0 2 2 2 3 2 0 1 2 3 4 3 0 2 0 4 0 3 0 2 2 1 1 1 4 2 2 2 2 1 1 3 2 1 0 1 1 3 4 4 1 5 1 1 0 1 3 3 4 2 2 3 2 1 3 0 0 1 1 2 3 2 1 3 0 5 3 1 2 0 3 2 2 4 0 4 2 1 4 1 3 1 4 1 4 3 1 0 3 1 4 2 4 0 1 2 1 3 1 1 4 1 5 2 2 1 1 2 3 2 3 2 2 2 0 1 1 1 3 2 4 1 1 2 0 2 1 1 1 1 3 3 1 2 0 4 1 2 1 3 4 2 2 3 1 2 2 0 1 2 4 0 3 3 2 3 3 1 3 3 0 2 2 2 2 3 3 3 2 2 2 1 1 1 2 4 3 1 0 3 1 2 2 3 2 2 2 0 3 3 2 1 2 3 4 3 3 1 1 0 6 1 4 2 2 0 2 1 5 2 3 4 1 1 2 1 3 4 3 1 2 2 2 1 1 1 0 2 1 4 2 2 2 0 2 3 4 1 4 2 1 1 1 0 0 0 3 2 1 3 1 1 2 2 2 1 1 3 3 1 0 3 4 1 0 2 0 3 2 4 3 3 0 3 1 1 3 1 1 0 3 2 3 2 4 1 1 1 1 1 3 0 3 2 0 1 2 2 1 2 2 2 3 0 2 2 2 1 3 0 2 1 2 1 2 0 1 5 3 1 1 0 1 2 1 1 2 3 2 3 1 0 0 3 0 0 2 3 3 3 3 0 3 1 3 2 4 1 1 2 2 2 2 3 3 0 3 2 0 3 1 0 1 2 4 3 3 4 3 4 1 1 1 1 1 3 4 2 4 0 2 2 1 1 6 2 1 3 1 1 2 6 1 3 2 2 1 4 2 5 5 2 4 1 1 2 5 3 1 3 2 2 1 4 0 1 3 3 2 2 2 2 1 1 4 2 3 3 1 0 0 5 4 3 3 5 0 1 3 1 1 0 1 0 2 3 1 3 0 2 2 1 2 2 1 1 2 0 3 4 2 4 3 4 4 1 2 3 0 1 2 3 1 0 4 1 0 2 6 1 2 3 4 4 1 1 1 3 3 2 1 1 1 2 1 3 3 2 1 4 2 3 1 1 2 6 3 5 1 1 3 1 1 2 2 5 3 1 4 1 2 2 1 0 3 1 4 3 3 5 5 0 1 5 1 3 0 3 3 1 0 0 2 2 4 1 0 0 1 4 1 3 2 5 2 1 3 1 2 1 1 3 3 3 1 1 2 2 0 0 0 4 2 1 2 3 3 1 3 1 3 6 1 1 2 1 2 2 2 1 3 2 2 3 1 2 1 5 2 3 1 1 2 3 1 1 3 0 2 1 1 1 3 3 1 1 2 2 4 1 3 1 2 3 0 2 0 0 3 2 2 6 0 2 4 3 3 0 1 1 0 4 2 4 3 3 2 2 0 2 1 2 2 2 2 2 0 0 2 1 5 2 5 0 3 0 0 4 0 3 1 2 6 3 2 0 1 0 2 3 1 6 0 2 1 1 2 1 2 2 2 1 2 3 1 3 5 5 2 2 5 2 3 2 1 0 5 4 1 1 1 1 3 3 1 4 3 0 3 3 1 4 2 4 1 1 4 1 2 3 1 1 2 4 2 0 2 3 5 3 1 0 3 1 0 2 4 4 3 2 2 1 3 0 1 2 3 2 3 3 3 0 6 1 1 0 3 3 1 1 5 3 6 3 1 2 1 1 0 1 1 1 4 0 2 3 1 1 1 1 0 6 2 3 2 0 6 1 0 3 1 2 3 2 4 1 2 2 2 4 1 2 7 3 0 0 3 2 2 3 1 1 3 1 1 0 2 1 1 3 2 3 1 1 2 1 2 2 1 2 1 2 1 3 1 4 4 1 6 1 3 1 0 1 4 1 3 2 0 1 2 3 3 0 1 2 4 1 2 3 2 2 5 0 1 4 2 2 5 1 4 0 1 2 0 3 1 1 2 2 2 2 3 0 2 2 2 5 0 1 1 4 1 2 1 2 1 3 0 5 5 2 0 6 2 3 1 0 1 1 1 6 2 2 3 1 0 1 1 1 6 1 2 2 4 0 3 1 1 2 6 2 2 0 1 3 2 2 2 3 2 1 1 1 2 0 4 3 3 2 3 1 2 2 1 2 2 2 2 4 2 3 1 4 0 3 2 0 1 4 1 4 0 3 1 1 3 5 1 1 3 0 1 2 3 2 3 1 5 1 4 0 2 2 1 2 0 1 5 2 1 1 2 3 4 2 0 3 1 5 0 2 2 2 4 2 2 2 0 3 1 2 4 0 1 2 2 1 3 0 2 2 3 1 2 3 3 1 0 3 1 1 2 2 3 2 0 2 3 2 1 2 1 2 1 3 2 2 3 1 3 2 3 2 1 1 3 2 0 7 3 0 1 1 2 2 3 1 2 0 0 1 3 1 4 2 5 4 6 1 0 0 3 1 1 3 2 1 3 5 1 4 2 2 2 1 1 1 1 2 0 1 1 3 4 4 2 2 2 4 2 0 3 1 2 1 2 3 1 1 1 4 3 3 2 1 4 2 1 1 0 2 5 1 4 3 1 2 4 3 2 1 1 0 4 2 2 1 1 2 4 2 2 1 2 5 0 2 1 1 4 3 1 3 2 3 2 2 2 2 1 2 0 2 5 1 0 0 0 1 0 7 2 0 1 4 1 2 2 1 0 3 2 3 0 2 2 1 3 2 1 1 2 1 3 3 0 2 1 1 3 0 3 2 2 1 2 2 2 4 1 3 0 2 3 2 8 1 2 3 3 4 3 1 0 1 1 2 0 2 1 2 4 2 1 2 0 3 2 5 1 0 1 0 0 1 2 2 2 1 1 2 3 2 2 2 1 0 2 1 1 4 3 2 3 2 4 0 0 0 0 4 3 2 3 1 1 1 0 0 2 4 1 1 3 0 1 1 3 5 3 1 1 3 2 3 0 4 4 1 2 5 2 0 2 5 0 3 3 4 0 0 3 1 1 1 2 3 0 6 2 3 1 3 5 5 3 0 1 4 0 1 2 3 1 5 1 1 0 3 4 2 1 2 2 3 2 2 2 7 1 3 1 1 2 3 3 4 0 3 1 5 1 1 0 0 2 3 3 2 0 0 2 4 3 2 2 0 1 0 4 0 3 1 3 0 2 0 3 1 0 1 4 1 1 2 2 3 2 4 2 1 2 3 2 0 0 2 4 2 1 0 4 2 2 1 4 1 2 0 1 1 5 2 4 2 1 2 3 1 2 4 1 2 5 1 2 2 1 3 2 0 5 5 3 2 2 1 3 2 2 4 2 2 2 1 4 2 4 2 4 1 2 1 2 2 2 2 3 2 2 0 3 1 2 1 0 2 3 3 3 5 0 3 1 2 4 3 2 5 0 3 3 2 3 2 2 1 2 0 3 4 6 2 2 2 1 2 0 3 0 0 4 1 2 3 5 1 1 1 2 1 1 4 0 0 2 1 3 2 0 1 2 1 2 1 3 4 3 0 2 1 2 3 2 4 0 1 1 3 1 2 1 1 1 2 1 2 1 2 3 4 3 2 0 1 1 1 0 3 1 1 2 3 4 4 2 2 2 0 1 1 2 1 2 0 1 1 1 1 0 2 2 4 2 3 1 2 1 5 3 2 3 3 3 7 1 1 0 1 4 2 1 3 4 1 3 7 0 5 3 3 2 1 1 2 2 3 2 4 1 3 2 4 4 2 4 0 2 3 2 0 2 1 2 2 2 2 2 1 3 2 0 2 1 1 2 0 0 5 4 3 2 0 1 1 3 1 2 5 1 1 4 1 3 5 2 2 3 3 0 1 3 2 1 0 3 2 1 2 0 4 0 0 2 3 4 2 4 2 2 3 1 3 1 0 2 1 4 0 1 3 0 3 1 2 3 4 0 4 2 1 2 5 2 0 0 2 1 2 2 0 1 2 1 1 1 3 2 3 1 1 1 2 3 4 0 2 2 5 2 1 0 5 1 3 1 1 0 3 1 2 2 2 5 0 4 2 0 2 2 1 2 0 1 4 2 1 2 2 3 4 1 3 3 3 1 1 2 1 3 1 4 1 1 4 2 6 3 2 1 2 1 1 2 1 1 4 3 2 0 3 1 2 2 0 0 1 2 2 0 4 3 1 1 1 2 3 2 1 5 2 3 2 1 0 1 3 3 3 3 1 1 3 1 3 1 1 1 1 1 0 3 5 4 0 1 1 3 0 2 1 1 1 4 0 0 3 3 1 1 4 2 1 3 0 1 1 2 2 3 0 5 2 1 4 5 3 3 0 2 1 0 2 2 2 2 3 2 3 2 1 3 5 1 3 4 0 1 1 3 0 4 2 0 1 4 1 1 1 3 0 1 6 0 3 3 2 1 2 1 1 1 2 1 2 2 1 3 4 0 2 5 0 3 0 0 1 2 4 2 2 3 2 1 0 1 0 1 1 3 1 2 3 4 1 5 2 2 0 0 3 3 6 0 0 4 2 2 2 0 1 2 2 1 2 1 2 1 1 2 0 2 5 0 1 2 2 2 4 2 0 0 4 1 3 1 1 0 1 0 2 1 4 2 2 2 4 3 1 3 1 0 1 2 2 2 0 3 0 2 2 1 3 4 2 0 2 1 4 3 3 4 3 1 3 3 0 2 4 1 3 1 1 2 2 2 3 0 4 3 1 3 3 3 1 2 1 1 1 2 4 3 3 1 3 1 2 2 3 1 3 2 2 5 2 1 2 2 1 3 0 4 1 2 3 1 3 2 3 3 1 0 1 3 2 0 1 1 3 1 0 2 3 3 1 2 1 1 1 0 3 3 0 2 1 3 3 1 3 1 3 3 0 1 1 3 4 2 3 1 4 2 3 1 1 2 2 2 2 0 4 1 3 1 2 2 2 2 2 2 2 1 2 3 4 3 2 3 0 2 0 3 3 1 4 1 5 1 2 0 2 1 2 3 1 3 2 0 0 4 1 2 2 4 1 1 1 1 1 2 1 2 3 2 1 1 5 2 2 1 3 2 1 0 2 2 1 2 1 2 4 0 1 2 2 1 2 3 0 3 0 2 3 0 1 3 1 0 2 3 3 2 1 1 2 3 2 0 2 4 3 3 0 3 4 0 0 2 1 1 3 2 2 1 2 1 1 4 4 2 1 3 2 1 2 5 2 1 1 2 3 1 1 3 2 2 0 3 2 0 1 1 0 1 3 1 2 5 4 3 1 1 4 3 2 3 2 2 2 4 2 3 1 5 1 2 0 2 1 2 0 3 1 4 2 3 1 1 2 4 2 3 3 0 3 4 2 0 0 4 2 1 0 1 4 5 1 5 1 1 4 0 1 3 1 3 1 3 0 3 1 1 5 1 0 2 0 2 2 0 3 3 4 4 2 2 3 4 4 2 2 2 3 4 0 0 1 1 2 3 1 3 0 2 2 2 3 2 2 2 6 1 5 4 1 1 1 3 0 1 2 4 2 2 3 2 2 2 5 2 3 2 0 2 2 1 1 1 2 2 0 6 2 0 1 1 0 4 4 2 5 1 3 3 1 2 1 3 1 4 3 4 2 0 1 3 2 2 2 2 4 0 0 2 4 2 1 3 3 0 5 1 2 0 0 1 3 3 3 1 0 4 2 1 1 0 5 2 2 0 3 0 4 4 2 2 2 1 3 2 2 3 1 1 2 2 4 1 3 3 2 3 2 2 0 0 2 2 1 2 0 1 1 1 4 1 0 3 0 3 1 2 2 2 2 3 2 1 1 4 0 1 3 3 3 0 1 2 0 3 0 4 3 1 2 3 3 1 2 2 2 2 2 3 1 2 0 1 4 4 1 2 2 0 2 0 1 4 1 2 2 5 4 2 2 1 2 1 1 2 3 1 1 3 1 2 0 1 1 1 7 1 2 1 3 0 1 0 1 5 0 0 0 3 2 2 1 2 2 2 2 1 1 4 1 2 0 3 4 2 0 4 1 2 1 1 3 3 3 2 1 1 5 3 3 2 2 2 1 0 1 4 1 1 2 0 2 5 2 2 2 1 0 3 3 1 3 4 2 4 1 2 3 0 2 3 4 2 4 0 2 1 5 3 3 1 0 3 2 1 2 6 3 2 3 1 1 2 1 1 1 1 1 0 1 0 2 4 2 3 2 2 1 1 1 2 3 0 3 1 4 0 2 3 0 2 3 4 1 2 5 1 2 2 2 2 2 1 2 2 1 1 1 2 2 0 2 3 0 0 2 2 2 2 0 5 2 2 5 2 4 1 0 1 2 2 3 3 3 0 3 2 1 2 1 1 4 3 4 1 3 2 3 1 0 4 2 0 0 1 0 2 2 1 2 1 1 4 1 1 5 6 4 2 4 0 1 1 0 6 2 2 1 2 1 2 1 1 3 3 0 2 0 2 2 3 2 2 1 1 1 3 3 2 2 3 5 3 3 3 0 0 2 2 2 1 5 3 2 0 3 1 2 5 4 0 2 1 2 1 3 2 2 4 2 3 2 2 3 2 5 3 2 2 1 2 2 1 1 0 1 3 2 2 3 1 4 4 2 0 1 2 2 1 0 2 0 1 2 4 0 1 2 2 1 2 2 3 2 2 3 1 2 4 3 0 2 2 2 1 0 3 3 1 4 1 1 3 1 1 2 0 1 4 2 7 0 1 1 1 1 1 5 2 1 1 3 2 2 0 0 3 2 2 0 2 0 2 1 2 0 4 3 0 2 1 1 1 3 4 3 2 1 1 2 2 1 0 3 2 2 1 3 2 2 4 2 0 4 2 0 1 3 3 0 5 6 2 3 4 0 1 0 0 4 4 0 4 2 4 2 1 2 0 1 3 0 3 6 0 2 0 2 1 3 2 2 1 1 1 0 1 4 1 7 1 3 1 6 2 2 3 2 3 1 1 3 1 0 3 4 2 0 2 2 4 2 2 0 1 3 0 2 5 3 2 0 2 3 2 4 1 1 3 2 1 3 1 4 2 0 3 0 3 2 3 1 4 3 1 5 1 1 3 0 3 1 1 2 3 1 2 6 1 6 1 1 1 2 2 1 6 3 0 1 6 3 0 5 3 3 2 1 0 1 1 2 3 3 3 4 1 2 1 0 1 2 3 1 4 3 4 0 1 0 1 1 0 3 3 3 2 2 4 0 3 5 2 0 3 2 1 1 2 2 3 1 5 4 3 1 1 1 0 1 1 1 1 2 1 2 2 1 4 2 2 3 3 2 2 0 2 3 0 5 1 3 3 4 1 2 0 1 0 2 0 3 1 1 2 0 3 0 3 3 2 4 2 0 1 2 0 5 3 1 2 5 1 2 6 1 3 2 1 2 2 1 6 2 2 2 3 4 1 2 5 1 3 3 0 2 5 1 1 2 0 1 3 1 1 1 1 0 2 1 4 1 2 0 5 2 1 1 3 2 1 1 3 0 4 5 3 1 1 2 1 2 1 1 3 3 1 1 3 3 4 0 1 1 0 4 4 3 3 2 4 2 0 2 1 2 2 1 1 1 3 0 2 2 0 5 3 2 2 2 4 2 2 0 2 2 3 2 0 0 3 4 4 0 0 5 1 2 4 0 2 2 2 1 4 0 2 3 1 2 3 3 1 3 1 1 1 2 3 2 2 3 2 2 3 1 2 1 4 1 0 4 3 2 3 2 1 3 1 1 3 2 2 2 5 2 3 2 2 1 2 3 1 1 4 2 1 2 2 0 0 2 0 4 1 3 4 2 2 1 2 1 3 1 5 2 1 4 1 1 0 2 3 1 1 3 5 1 1 1 1 2 2 3 1 2 4 3 2 3 3 0 2 1 3 2 4 0 2 2 2 1 0 3 1 0 1 3 2 2 2 2 1 1 5 3 2 3 0 0 3 1 3 3 5 0 1 3 3 4 5 1 1 0 3 2 0 3 1 1 2 3 3 4 3 1 1 2 2 1 2 1 3 2 2 2 1 4 4 2 0 2 3 2 1 2 0 0 2 4 2 2 2 3 3 1 1 3 2 3 3 1 0 4 4 1 1 2 2 2 2 2 4 0 2 1 3 1 1 0 5 1 2 2 3 4 1 6 3 1 1 1 3 1 2 3 2 1 3 2 3 3 1 4 2 2 1 2 2 2 4 5 0 0 1 2 4 3 3 2 4 3 1 2 2 3 4 1 4 0 4 3 2 2 0 3 5 1 5 1 2 3 2 0 0 2 1 1 2 5 0 0 2 1 2 4 3 1 6 0 3 1 0 2 1 2 2 1 4 0 3 2 4 1 2 2 3 1 0 3 3 2 1 1 4 3 1 4 4 2 2 3 1 0 0 2 3 2 3 3 2 3 3 4 5 0 1 1 1 1 2 3 3 3 0 2 2 3 3 0 2 1 4 1 3 2 1 0 2 0 1 2 2 2 2 5 3 1 1 2 1 3 2 2 1 0 3 1 4 1 1 1 3 1 2 3 0 1 1 5 0 1 0 1 4 2 2 1 2 0 2 2 1 1 2 2 2 1 3 2 3 5 0 1 1 2 3 0 3 1 3 0 4 2 4 1 5 2 4 1 1 2 4 2 1 1 0 3 0 1 2 3 0 1 0 1 0 4 1 3 4 5 7 1 1 1 3 3 2 2 1 2 2 3 1 4 2 2 5 2 2 4 2 1 2 1 0 1 4 2 4 0 3 0 2 1 2 4 2 3 2 1 2 2 0 3 3 1 1 3 1 2 2 2 1 1 2 1 6 2 1 1 0 5 2 3 1 3 2 5 1 2 2 2 2 2 0 3 0 2 2 5 3 2 1 2 2 4 4 1 3 4 2 1 0 1 2 4 1 1 3 5 0 2 4 2 1 2 2 1 3 0 4 5 3 1 1 1 3 0 2 2 0 6 0 1 4 2 2 1 2 1 0 1 3 4 2 2 3 1 2 4 1 3 2 2 1 3 1 2 2 0 2 1 2 3 2 1 1 0 3 2 4 1 2 4 3 1 0 3 1 1 2 3 0 2 1 1 2 3 3 2 6 2 0 3 1 4 5 1 1 1 2 1 1 1 3 3 1 4 0 2 2 1 3 3 3 0 0 0 4 2 4 2 2 0 2 0 3 0 5 2 2 4 1 3 3 2 2 1 0 0 1 4 0 3 4 0 0 0 2 2 4 4 0 2 2 3 3 4 3 1 2 3 1 1 1 1 6 2 1 2 2 3 1 2 3 1 1 5 1 1 0 1 0 1 2 3 2 0 4 4 0 0 1 3 0 5 1 1 1 1 3 5 0 0 4 1 4 2 3 2 2 3 1 1 5 4 2 1 2 1 7 1 1 1 2 1 3 3 1 2 1 0 2 4 4 2 2 5 1 1 2 2 3 0 2 2 4 3 0 2 3 2 0 1 1 3 2 4 2 2 0 7 2 1 1 2 2 0 5 2 1 1 0 2 1 3 3 1 1 2 2 1 2 3 2 3 1 2 2 3 1 1 1 1 2 0 1 3 2 1 0 1 2 1 0 2 2 2 1 2 3 1 0 2 3 3 1 2 2 1 2 2 6 2 0 4 4 0 2 3 1 3 2 1 0 2 2 1 1 4 2 3 2 4 2 0 0 0 2 0 1 2 0 4 1 1 1 3 4 0 1 3 2 2 1 1 3 2 2 2 2 1 4 2 1 0 0 6 0 4 2 2 2 3 0 1 4 4 3 2 0 0 1 2 1 1 2 2 5 2 3 2 1 2 2 2 2 1 0 2 0 2 2 3 3 1 3 1 1 1 4 0 2 2 2 4 2 1 2 2 4 2 2 3 4 1 2 1 3 1 2 0 1 2 0 1 1 5 3 2 1 3 2 3 0 2 2 1 0 2 2 5 1 0 2 0 2 3 3 1 3 4 2 2 1 2 2 3 3 5 3 2 2 2 1 1 1 0 4 1 3 2 2 1 5 5 5 0 0 1 1 3 1 2 1 1 1 1 2 6 3 4 0 0 0 2 1 2 1 1 0 1 5 1 2 2 4 0 3 0 0 1 4 2 4 4 1 3 2 0 4 2 6 0 3 1 4 4 1 1 0 0 3 1 1 2 3 0 3 3 1 1 3 0 5 1 1 4 0 3 5 0 3 2 1 0 1 0 3 2 5 1 2 4 4 2 0 3 1 3 5 1 1 1 2 0 1 3 1 3 1 3 1 2 0 1 0 5 1 4 1 4 1 0 1 2 0 4 2 3 2 1 0 2 4 1 3 0 3 0 2 3 2 3 2 3 2 3 1 0 0 2 0 2 5 0 6 2 3 0 1 0 1 2 2 2 3 1 1 0 2 0 3 1 2 5 3 2 1 4 2 4 3 3 1 1 4 1 0 2 0 0 1 2 2 3 1 2 2 2 1 0 0 5 2 3 6 2 1 1 1 2 2 3 3 1 2 2 1 3 1 3 2 1 1 0 5 2 1 2 0 4 3 3 3 0 0 5 1 1 3 0 2 3 2 4 2 2 2 4 1 2 1 2 3 2 2 3 0 2 1 4 1 1 1 2 1 1 2 2 1 4 5 0 1 1 3 4 0 3 4 1 0 1 3 0 1 6 2 0 2 5 1 2 3 2 3 2 2 2 1 2 2 3 0 4 2 1 2 2 0 3 3 1 2 1 3 3 3 2 1 2 1 3 3 3 2 3 1 3 1 2 2 2 1 1 2 1 1 0 1 2 5 0 1 2 3 1 5 1 1 2 1 2 2 3 1 0 4 2 3 1 3 5 4 2 3 1 3 4 1 0 1 0 1 2 1 5 3 3 0 1 1 5 2 5 2 1 2 0 2 0 1 2 1 4 3 0 2 0 1 0 3 1 2 4 1 2 0 0 2 0 1 3 2 6 1 4 2 3 0 1 2 1 2 4 1 1 2 1 0 2 3 3 4 3 1 1 1 1 1 2 3 1 2 3 2 1 3 1 1 4 3 0 1 2 0 1 0 2 4 5 4 3 0 1 3 2 2 0 0 2 1 0 0 0 6 1 2 3 1 2 1 0 2 1 0 4 2 1 3 3 0 0 1 1 1 0 3 3 1 1 2 1 1 3 2 1 2 0 4 3 2 2 0 5 1 0 2 5 2 1 3 4 2 1 1 3 4 0 3 4 2 3 1 3 2 1 1 2 3 2 3 4 2 4 7 1 0 1 1 0 3 0 1 1 2 1 6 2 0 3 0 3 4 2 1 1 1 2 1 2 3 2 4 2 3 0 2 0 4 2 3 1 0 0 1 3 1 3 3 1 1 3 1 2 0 1 3 1 4 0 0 2 2 1 1 2 5 1 0 2 3 3 0 2 3 4 3 2 3 2 0 1 1 3 1 2 2 3 4 1 0 3 2 0 1 3 3 3 5 2 1 4 2 1 2 0 1 1 4 1 2 1 3 1 2 2 1 2 2 2 1 0 0 2 2 1 2 3 3 3 3 3 2 1 2 0 1 4 1 0 1 0 3 1 3 5 2 1 4 2 2 1 2 0 2 3 2 2 1 0 4 0 6 2 1 2 1 1 1 2 4 2 1 3 1 1 3 2 3 3 0 2 3 3 2 1 2 2 0 3 3 2 2 1 4 3 0 0 2 0 3 0 3 2 1 2 3 4 1 1 3 1 0 4 1 3 2 1 3 2 0 2 4 7 1 1 3 1 2 2 1 0 3 1 5 3 0 0 3 1 1 1 3 2 2 2 1 1 2 2 2 2 3 4 2 1 2 0 0 5 1 4 6 1 2 0 3 0 1 1 4 2 4 1 2 1 1 1 3 4 2 3 4 2 2 1 6 3 3 1 2 1 1 2 3 4 3 3 3 1 2 2 2 2 1 4 3 0 6 0 2 1 2 4 1 2 2 2 0 0 2 2 1 4 0 3 2 1 2 3 2 0 5 2 4 4 1 3 2 1 2 3 3 1 1 3 2 4 0 0 3 0 2 5 2 2 1 0 1 2 2 3 3 3 2 1 3 2 1 2 2 3 3 4 2 0 2 1 5 1 1 1 2 2 2 4 2 3 0 3 1 0 4 2 0 3 1 2 3 3 1 2 1 3 3 4 1 3 1 2 3 2 0 0 5 1 2 0 1 3 0 2 3 3 2 2 3 0 1 0 3 2 1 1 3 0 2 2 3 4 1 7 3 1 3 3 2 1 2 4 2 0 0 2 1 4 4 1 3 1 1 3 3 1 0 3 2 1 2 2 1 2 2 3 1 2 3 1 3 2 3 2 2 1 4 2 3 3 1 2 2 1 0 2 2 1 1 0 5 2 2 3 1 2 5 2 2 1 3 2 2 2 1 4 1 1 3 3 1 0 2 1 1 1 0 7 2 3 1 1 3 4 0 0 4 2 2 2 0 2 2 1 1 3 2 0 0 2 1 0 2 1 1 4 1 4 2 2 1 3 2 2 0 2 1 3 2 2 0 2 2 2 0 3 2 3 2 2 2 3 1 0 0 2 2 2 2 2 1 5 4 0 4 1 1 1 3 3 0 1 1 1 2 2 6 2 1 1 2 3 1 1 1 2 3 1 2 3 4 1 3 1 1 2 4 2 1 3 2 1 2 2 1 0 3 3 5 1 3 3 2 2 3 1 0 1 5 3 1 1 5 4 1 2 0 1 1 1 0 1 3 5 1 0 2 3 0 2 1 3 0 2 0 2 0 2 1 3 5 1 2 1 1 2 1 2 2 3 3 1 0 1 2 3 2 1 2 1 1 1 3 5 3 2 3 1 2 1 2 3 2 2 1 2 2 2 1 2 4 1 0 0 2 2 1 8 3 0 1 2 1 2 6 1 1 5 3 3 4 2 2 3 2 2 3 0 3 0 2 0 0 3 3 3 2 3 2 1 1 1 3 3 0 1 5 0 3 4 3 3 2 1 0 4 3 2 2 3 2 3 3 1 0 1 1 4 2 1 0 1 1 3 1 4 0 3 6 1 0 3 3 3 0 2 3 1 2 2 3 2 2 1 1 1 4 2 2 3 1 2 2 1 2 4 1 2 1 4 4 2 3 1 2 3 3 2 3 1 1 4 1 3 2 1 3 1 4 2 1 3 1 2 2 4 0 1 4 1 1 1 3 1 3 4 1 3 1 1 3 5 3 2 1 2 1 1 1 1 0 5 3 1 2 1 2 3 3 2 1 4 2 2 1 1 1 3 4 2 2 1 0 1 2 3 1 2 1 1 0 3 4 2 0 3 0 4 2 1 1 3 1 2 4 2 2 1 1 1 3 5 3 1 2 1 1 1 2 1 5 1 0 3 5 1 2 2 4 0 2 4 0 3 2 2 0 0 3 3 1 2 2 1 1 2 3 3 3 0 2 4 2 1 4 1 0 1 2 1 2 4 1 3 2 1 2 4 0 6 1 2 4 0 3 1 2 0 2 2 3 0 0 4 2 2 4 3 3 3 2 2 3 2 2 1 2 0 5 2 1 0 2 1 2 1 3 0 3 4 3 0 2 3 1 3 2 2 4 4 1 2 2 4 0 2 4 4 4 2 3 2 1 2 2 2 2 0 4 0 1 2 2 3 1 3 4 4 4 1 2 2 2 2 3 1 2 5 4 0 3 1 1 3 3 0 3 1 6 1 3 3 1 2 2 1 1 3 0 3 0 4 3 3 1 0 0 2 2 2 0 0 3 3 4 3 0 2 2 1 1 3 1 2 1 2 2 4 1 2 1 1 2 3 1 3 3 2 2 3 2 1 3 0 1 1 1 4 4 2 2 3 2 3 1 2 0 2 4 1 0 1 2 2 3 1 1 4 2 4 3 3 1 1 1 1 2 3 1 2 0 1 4 3 3 1 3 0 3 2 2 1 1 2 2 1 3 0 0 1 2 4 1 2 3 1 0 4 3 2 2 1 2 0 2 3 1 3 4 3 1 1 2 1 3 2 5 0 1 3 0 2 7 2 3 2 1 2 0 2 0 4 3 5 2 2 3 3 3 1 3 0 3 2 1 1 0 4 3 4 2 1 1 1 4 0 0 4 5 1 2 2 5 3 1 2 0 2 1 2 3 2 1 1 4 2 3 1 1 0 1 2 0 2 1 0 3 2 3 2 4 2 1 2 3 3 0 3 3 2 2 6 2 1 1 0 1 1 3 1 1 0 4 1 2 1 2 1 2 3 0 6 0 1 2 2 1 0 5 1 4 0 2 4 3 2 0 1 2 1 4 2 3 0 1 2 2 2 1 3 3 3 3 3 2 2 4 2 2 2 2 1 5 3 2 1 1 1 2 1 1 2 1 2 4 4 1 1 1 3 2 1 1 4 2 2 0 2 2 0 3 2 3 3 2 2 3 2 3 4 1 0 4 2 5 1 0 2 2 3 2 2 0 2 2 2 3 2 2 2 2 3 5 0 1 1 1 1 1 4 2 1 2 1 4 1 1 1 0 5 1 2 3 0 1 5 0 1 1 2 2 1 1 2 4 1 2 3 2 3 3 0 1 1 1 2 3 2 1 1 6 2 0 1 3 1 2 1 0 1 1 1 2 2 1 1 1 3 1 1 4 5 3 1 0 1 2 2 0 1 3 6 1 2 0 0 0 4 1 5 1 2 1 4 0 4 1 3 2 1 3 5 2 5 1 1 1 0 2 5 2 1 3 2 3 1 2 0 2 2 1 2 2 1 5 2 2 2 0 1 2 2 3 5 2 1 2 2 2 3 1 1 1 1 0 3 3 2 4 2 2 0 1 0 1 1 1 2 0 4 1 1 3 2 1 2 4 0 0 0 1 2 0 3 0 1 1 1 3 2 2 1 3 4 0 1 2 5 3 1 3 0 2 1 2 3 1 2 1 0 3 5 1 4 2 2 0 2 0 1 1 1 3 2 3 2 3 4 3 3 2 5 1 1 4 3 4 0 3 0 3 2 1 1 2 1 0 1 2 4 1 3 1 1 3 3 0 2 2 0 2 2 0 0 0 5 3 1 3 1 2 1 0 3 3 4 0 1 1 2 1 2 3 2 4 0 1 0 0 0 2 3 3 3 2 4 2 3 2 2 0 3 3 1 2 1 0 3 3 2 2 3 0 1 2 1 1 4 3 0 4 0 2 3 3 4 0 0 2 1 3 0 3 2 2 2 3 4 2 1 3 3 0 4 1 4 4 0 1 3 3 2 4 3 1 2 6 3 5 1 2 2 0 1 4 5 2 2 3 3 4 2 1 2 1 0 3 0 1 4 1 2 2 1 0 1 0 0 5 2 6 2 2 6 2 0 2 1 3 2 2 3 1 0 2 3 1 0 2 3 0 3 3 2 2 2 1 1 2 2 3 2 1 3 1 3 0 1 2 3 0 1 1 0 0 0 3 2 0 6 1 4 6 1 3 3 2 0 1 2 1 0 1 3 5 0 1 1 1 0 1 3 1 0 3 1 3 1 2 3 2 4 0 0 3 2 2 2 2 3 1 3 3 2 3 2 1 4 3 0 1 1 1 4 3 3 1 2 2 2 2 1 1 3 5 3 2 1 1 3 3 0 3 1 1 2 1 4 3 0 1 3 1 2 2 2 3 2 0 3 4 1 3 2 1 4 3 2 1 4 3 2 1 2 1 2 5 2 1 4 0 2 1 1 1 0 0 0 4 2 1 3 2 0 1 5 1 3 4 0 4 0 2 3 2 2 1 0 0 1 2 2 2 1 3 0 2 1 0 3 5 3 0 1 2 2 3 2 1 1 6 1 1 1 1 0 3 2 2 0 1 3 4 2 4 1 0 3 1 1 1 5 4 1 1 1 4 1 2 1 2 3 3 1 0 1 1 3 4 4 2 3 2 1 3 1 0 3 0 1 2 1 4 2 0 2 4 1 3 1 3 1 2 4 3 3 1 1 2 5 2 2 2 1 1 5 2 1 3 2 1 3 0 0 2 0 5 3 2 4 1 2 1 1 3 1 4 1 1 2 3 1 0 3 1 2 2 4 5 4 2 1 1 1 1 2 1 2 1 3 4 3 3 2 2 4 0 0 5 1 2 4 3 2 1 2 3 3 3 2 2 2 3 2 0 1 3 0 5 2 2 2 3 1 1 3 4 4 1 1 3 2 2 0 2 6 4 2 0 1 0 1 2 3 6 3 1 3 2 1 0 1 1 5 0 1 1 1 1 1 2 4 0 3 2 1 1 2 0 1 2 2 1 1 2 1 2 2 2 1 4 1 1 2 4 0 2 3 2 2 0 3 4 4 4 2 1 1 4 0 3 1 0 2 2 3 0 1 3 0 3 2 3 4 3 4 2 0 0 1 1 0 3 2 3 1 1 5 3 1 0 0 2 1 3 2 1 0 4 3 4 5 1 1 0 1 2 4 0 3 3 1 2 4 0 3 3 2 3 1 2 3 2 5 3 2 2 1 3 0 1 0 3 3 2 2 2 2 1 2 0 2 3 2 2 4 2 4 3 3 2 0 0 1 1 1 3 2 4 1 0 2 3 3 3 5 3 0 3 2 1 2 3 2 1 0 2 5 3 2 3 0 2 4 2 3 4 2 3 3 2 4 0 1 4 2 2 2 3 2 1 4 1 0 3 2 0 0 2 2 3 3 4 3 0 0 2 3 1 6 1 4 2 2 2 1 2 3 4 2 0 4 0 2 2 3 1 2 1 3 1 5 5 3 1 0 1 2 2 3 2 4 3 0 2 3 0 2 2 2 2 2 4 3 0 1 1 4 5 4 2 1 2 2 2 2 0 4 3 2 3 0 1 0 1 2 1 2 2 2 2 2 4 2 4 2 1 1 1 3 3 4 1 1 2 1 3 1 0 4 0 2 0 3 3 5 3 2 3 3 2 4 3 2 1 5 1 3 1 3 2 5 2 2 1 1 0 4 5 2 2 5 2 2 2 3 0 2 5 2 3 1 0 0 0 3 1 0 2 1 2 3 2 4 4 3 1 0 2 1 2 0 2 3 2 4 2 0 0 4 1 1 2 1 1 1 1 2 5 0 3 6 2 2 1 4 4 1 2 1 2 3 3 1 2 0 4 1 3 1 1 4 4 1 2 2 4 2 4 2 1 1 1 1 3 1 2 3 3 5 3 2 2 2 1 1 1 2 1 2 3 1 4 2 4 2 3 3 3 3 2 3 1 1 1 3 2 4 1 3 5 2 2 0 4 2 0 1 3 1 3 2 2 1 2 2 0 5 1 2 1 2 1 2 1 2 2 1 2 1 1 2 3 1 1 1 1 1 1 1 2 3 2 6 1 2 1 1 2 2 2 2 4 1 2 1 1 0 4 3 3 1 1 3 2 2 3 1 2 3 4 1 1 1 2 3 2 2 1 1 4 3 2 3 0 0 0 2 3 1 2 1 1 1 2 2 1 1 1 3 2 5 2 2 0 3 3 1 1 2 4 2 0 1 3 2 3 4 2 2 3 2 2 3 0 2 3 1 1 1 5 1 2 1 2 3 1 1 2 3 4 2 4 1 2 4 1 0 2 2 3 6 4 2 1 0 3 1 1 3 2 3 4 0 1 4 0 1 2 2 3 2 1 3 2 2 0 3 3 1 2 2 1 2 2 3 1 1 0 0 1 1 2 0 1 3 1 2 4 2 2 0 2 2 1 4 4 0 1 1 1 3 5 2 2 4 0 0 1 1 2 2 1 4 1 3 1 1 2 4 2 2 3 5 1 3 0 2 2 1 2 1 3 1 6 2 1 0 1 0 1 3 2 3 3 2 4 2 2 4 2 1 4 1 2 3 3 3 2 0 1 0 1 2 3 1 1 2 2 2 2 3 3 4 3 3 1 1 5 0 1 1 2 1 1 6 2 3 2 1 3 1 1 3 0 3 2 2 1 2 0 4 2 0 1 3 3 3 1 3 3 1 0 5 2 3 2 2 3 4 1 2 1 2 2 7 1 1 2 3 1 2 3 2 3 3 2 1 3 5 1 2 1 1 2 2 1 2 1 2 2 1 6 2 4 2 3 1 1 1 2 0 0 6 0 1 1 3 1 2 0 7 1 2 1 3 4 2 3 1 2 4 2 5 1 2 2 1 4 3 0 1 1 1 2 2 4 3 4 4 3 4 1 1 1 2 0 4 2 2 6 2 1 3 2 2 4 3 0 2 2 3 3 2 2 3 2 1 2 0 2 2 3 0 4 1 4 1 1 3 1 3 0 1 0 3 2 6 1 2 2 2 2 1 4 2 1 1 2 1 1 2 1 3 0 1 3 3 4 4 3 4 4 2 3 1 3 3 1 2 1 1 2 3 2 2 3 3 1 1 1 4 2 0 2 5 2 1 2 1 2 2 0 5 1 0 0 4 0 5 0 2 2 4 2 2 2 1 5 2 0 2 3 2 6 2 0 0 1 1 1 1 3 2 0 3 0 4 3 4 1 1 5 2 3 2 1 3 2 1 2 2 1 2 2 0 2 4 0 2 2 1 1 2 1 4 1 3 1 0 1 3 2 2 2 5 0 0 3 1 2 1 2 1 2 1 1 1 1 3 0 1 3 4 0 2 0 1 1 2 3 3 5 1 2 2 2 3 3 2 3 2 1 0 2 3 1 0 6 2 1 4 3 2 0 1 2 3 1 1 2 1 2 5 2 1 0 3 5 1 0 2 1 1 5 2 3 2 1 3 0 2 2 1 3 2 1 0 0 2 3 1 3 3 1 1 5 2 0 1 1 0 1 3 6 0 1 1 1 0 3 2 2 5 3 2 3 3 3 3 1 2 1 5 2 1 4 3 2 3 0 1 2 0 2 2 1 2 3 0 4 3 3 2 1 3 3 3 4 3 4 4 1 2 1 2 2 2 4 2 3 2 2 0 3 1 1 0 4 0 4 3 2 1 1 1 2 1 3 3 3 2 4 2 1 1 1 1 1 3 2 2 1 2 4 1 5 2 0 3 0 2 1 4 1 1 1 2 3 5 1 5 1 1 0 4 1 4 1 2 1 3 4 1 2 2 5 1 2 3 2 3 3 5 2 1 1 0 2 1 1 2 0 1 4 0 4 1 4 0 3 2 2 6 2 1 2 2 0 1 4 1 0 2 2 3 1 3 4 1 1 3 2 1 3 3 7 1 0 1 0 2 3 4 4 2 2 4 3 1 1 0 1 2 1 3 3 1 4 3 1 1 1 1 3 1 2 1 6 2 3 3 2 0 1 1 3 2 2 3 4 1 2 1 1 2 2 0 2 3 1 2 3 0 2 2 1 2 2 1 3 4 1 2 1 0 1 2 0 1 3 0 4 6 1 2 3 2 1 6 1 4 0 1 3 2 1 0 3 2 2 1 2 2 4 1 1 1 0 7 2 0 1 2 2 3 1 2 2 2 3 3 2 0 2 1 2 1 3 0 1 2 2 3 2 1 2 0 1 3 3 3 0 2 0 2 4 3 3 3 3 1 3 4 2 4 1 1 4 0 1 2 0 4 3 4 1 4 0 5 1 3 1 3 2 2 0 2 1 6 1 3 2 2 0 1 1 5 4 2 2 0 4 2 1 4 0 0 5 1 5 2 2 2 3 5 2 1 2 0 3 3 1 3 1 2 3 1 0 5 1 2 2 1 1 1 2 3 5 2 4 3 2 5 4 0 1 0 2 1 3 2 4 2 0 0 3 6 4 1 1 1 1 2 3 0 4 1 1 2 0 1 3 3 1 2 2 2 3 4 2 0 1 1 2 2 3 4 0 1 1 2 2 4 3 1 0 3 2 2 0 3 4 3 0 2 2 2 3 1 1 1 2 1 3 2 1 2 4 2 1 3 0 2 0 1 4 0 1 3 3 2 3 2 2 0 4 3 3 1 0 1 1 3 1 0 2 1 1 8 4 1 0 1 4 0 4 1 0 2 3 3 2 4 3 2 3 1 3 2 3 1 1 1 3 3 2 2 2 2 1 2 2 2 1 2 1 5 3 1 1 2 0 1 1 1 2 2 2 4 2 1 1 1 2 1 3 2 3 2 3 1 1 1 2 1 1 2 1 2 6 2 0 2 5 2 4 2 2 1 4 1 3 2 1 1 3 0 3 4 1 1 2 3 4 3 2 1 0 2 2 4 2 4 2 2 0 1 1 0 3 2 2 4 4 2 3 3 2 4 3 2 2 2 1 4 4 1 0 1 2 4 1 3 2 1 2 4 2 5 5 0 3 1 1 4 1 3 2 2 2 0 4 2 4 1 1 2 2 4 2 0 3 0 1 3 4 0 2 0 1 3 4 3 6 4 1 0 2 0 1 4 0 1 0 0 2 4 5 4 3 1 1 2 2 1 1 1 3 3 2 3 1 5 1 4 2 1 2 2 0 2 2 3 4 1 2 4 2 2 2 0 1 0 2 1 3 0 3 1 3 3 2 0 2 2 5 1 3 2 0 0 3 2 5 2 1 2 2 3 1 1 3 0 3 1 1 2 3 4 4 3 1 3 1 1 0 1 1 2 3 2 5 2 1 2 0 1 4 1 0 3 3 2 0 2 2 2 4 0 2 1 0 2 2 2 3 2 2 1 2 0 1 1 3 2 2 2 2 0 1 1 3 6 0 3 2 1 2 2 3 4 3 2 3 2 0 2 3 1 1 5 1 0 2 1 7 1 1 2 1 0 3 1 2 2 2 1 0 1 0 3 3 0 1 4 0 2 2 3 3 3 2 0 2 0 1 1 1 4 2 3 3 1 1 4 3 0 1 0 2 2 1 2 3 5 2 4 2 1 1 1 0 3 2 2 1 1 2 4 1 4 3 0 3 2 3 2 2 1 4 1 5 1 4 0 1 1 4 2 1 3 3 1 4 1 0 3 0 0 4 3 4 0 0 0 4 3 1 2 1 1 0 2 1 3 4 3 1 1 3 2 0 3 0 1 0 2 1 0 0 0 1 3 3 1 3 3 0 1 4 0 5 2 3 2 1 4 1 5 2 1 0 1 5 1 4 1 3 3 2 2 4 0 3 0 3 1 5 3 2 2 1 5 2 2 1 2 1 3 3 2 1 0 0 1 1 2 1 1 4 2 3 4 4 2 0 3 1 2 2 1 3 1 4 0 2 0 1 5 3 2 3 0 5 0 2 1 2 1 0 5 2 1 2 0 0 2 1 2 2 1 0 4 1 1 0 3 3 1 3 6 1 1 2 1 3 0 1 3 1 3 3 4 0 2 2 2 3 3 1 2 2 2 1 4 1 0 5 3 3 2 2 3 3 0 2 0 2 3 1 3 1 2 2 2 3 2 3 0 4 1 2 3 4 3 2 2 1 3 1 2 3 1 0 2 1 1 1 3 0 3 1 5 0 4 1 1 2 1 1 4 2 1 3 1 3 2 1 2 0 4 1 0 6 0 0 2 1 1 2 6 1 2 0 1 0 1 1 3 1 1 3 2 1 3 1 2 0 1 2 6 2 1 2 2 4 2 3 1 0 3 2 1 0 4 5 5 0 1 3 4 1 2 2 0 1 2 0 3 1 0 0 4 0 4 3 3 1 2 2 2 2 1 0 3 1 1 2 3 2 2 1 3 0 6 4 2 1 2 1 0 4 1 1 1 1 2 2 1 4 4 2 1 2 1 0 2 3 1 2 0 4 4 2 2 0 0 2 1 2 2 5 0 1 3 1 2 1 4 1 4 1 2 1 3 2 3 4 1 0 1 5 0 1 2 0 3 1 4 2 1 0 2 3 0 3 3 1 1 1 3 3 1 0 3 2 4 2 0 3 0 1 2 1 0 2 3 3 2 1 0 6 3 4 2 4 0 1 2 0 2 2 4 2 1 1 2 1 2 1 1 3 2 2 1 2 0 3 5 2 2 0 1 0 1 1 2 3 2 0 1 2 4 3 2 2 4 1 1 3 2 1 2 2 0 1 1 2 2 1 3 2 3 3 2 1 3 3 2 1 2 2 3 0 2 0 2 1 0 1 4 0 4 1 2 1 0 4 0 5 4 0 0 0 1 3 0 1 4 1 2 2 1 1 3 2 2 3 2 5 4 0 1 1 0 5 2 0 0 5 2 0 4 3 1 1 2 5 0 3 2 2 3 2 4 1 2 1 2 3 2 2 0 1 0 1 5 1 2 3 1 1 5 1 1 2 2 2 3 3 2 1 1 2 1 3 1 4 3 0 2 2 2 2 1 2 5 2 1 1 1 2 1 5 3 3 5 1 3 6 2 3 1 1 3 3 1 3 1 1 1 1 2 2 4 5 1 2 2 1 1 4 4 2 1 1 2 1 6 3 2 3 3 0 1 0 3 2 0 2 1 2 1 5 0 2 0 2 1 1 2 1 2 4 1 3 1 3 1 0 0 1 2 4 1 3 3 4 2 2 0 2 4 3 2 2 1 2 2 3 0 1 3 3 2 0 4 0 2 2 0 2 3 2 1 1 2 4 0 7 0 2 1 1 2 0 1 2 5 1 2 2 1 1 2 2 5 5 2 3 1 1 1 1 1 1 1 4 2 4 2 2 2 1 2 1 3 0 1 0 2 5 1 2 0 6 2 2 0 1 2 0 2 3 5 3 3 1 3 1 1 3 2 4 5 1 3 1 2 4 0 4 0 5 1 2 2 1 2 2 3 2 0 1 3 0 1 3 3 2 2 3 1 3 6 2 4 0 0 2 3 0 1 2 2 4 1 3 1 2 0 2 1 2 2 0 4 1 3 2 2 3 3 4 0 1 1 1 0 4 6 1 3 0 4 2 1 2 3 4 3 2 0 4 0 5 3 1 3 1 1 1 1 0 1 1 3 2 1 5 2 2 2 2 3 2 4 3 1 3 2 3 1 2 1 2 1 1 2 2 2 4 1 5 1 2 3 4 1 1 1 2 3 3 5 2 1 2 2 2 2 1 3 4 3 3 0 2 1 1 4 2 0 1 2 2 2 3 2 1 4 2 3 1 2 2 1 0 4 2 2 4 1 4 0 2 1 0 3 2 1 1 3 1 4 1 2 0 3 2 1 2 3 0 3 4 1 1 6 0 0 3 3 3 0 3 2 1 2 1 2 2 0 1 1 2 1 5 4 1 4 1 2 4 1 0 1 0 2 1 1 0 4 1 2 3 1 3 4 3 3 2 0 1 3 3 2 2 1 2 1 2 1 0 2 5 1 1 1 2 4 4 2 2 1 0 4 3 3 2 3 2 3 2 3 3 1 0 3 2 0 0 0 1 2 2 2 1 2 1 0 1 2 3 1 3 1 1 3 1 3 1 3 2 3 0 1 4 3 1 0 3 3 1 0 1 2 1 2 1 3 1 3 1 3 2 3 3 1 1 2 3 1 1 1 1 2 2 3 0 0 1 2 0 0 5 1 4 3 0 4 0 1 3 0 2 1 0 2 5 4 1 5 1 2 3 1 1 0 1 2 1 2 4 2 0 0 2 1 2 3 3 3 4 1 1 1 1 1 2 1 1 0 3 3 0 4 4 3 0 1 7 1 1 1 2 2 0 3 4 2 3 3 2 1 0 1 5 3 4 1 4 1 2 0 2 3 4 1 4 0 1 2 1 1 1 4 2 4 4 2 3 6 2 2 3 4 0 2 4 2 0 1 2 0 1 4 1 1 3 1 2 1 1 0 0 2 4 2 2 3 2 1 1 2 2 4 0 3 1 2 2 3 1 2 2 2 1 0 1 1 3 2 2 2 2 1 1 1 4 1 1 1 1 2 3 3 1 3 2 5 1 2 3 4 2 3 1 2 3 1 1 0 4 1 0 3 1 5 0 1 3 2 1 0 5 3 4 3 2 2 2 2 3 1 1 0 1 2 1 2 3 4 1 1 4 1 1 3 0 2 3 1 5 3 4 6 2 1 1 1 2 0 2 2 0 1 3 2 2 2 4 3 2 1 2 1 3 0 1 3 6 3 1 1 4 0 0 3 3 5 2 1 1 0 1 1 2 2 4 4 5 4 1 3 3 0 2 2 0 1 2 1 2 4 1 2 2 1 2 2 3 4 1 1 0 4 2 2 2 0 1 4 0 3 4 1 4 1 1 3 2 2 1 2 0 2 1 4 3 3 1 2 2 1 2 6 5 1 1 5 3 0 4 2 2 3 2 4 3 1 3 3 0 2 2 0 3 1 0 2 2 4 3 1 1 0 2 1 2 6 1 2 1 0 3 3 3 1 3 3 4 1 0 3 2 0 1 1 3 2 0 1 0 1 0 3 3 2 2 4 1 2 2 2 2 2 2 0 2 2 2 3 3 3 2 0 1 1 1 4 4 3 1 1 0 3 0 2 2 1 2 1 3 2 2 3 1 1 1 2 4 2 1 1 1 2 2 0 4 5 2 2 1 2 3 1 0 1 1 2 2 2 2 0 2 0 3 3 1 2 3 2 2 1 3 1 2 3 4 0 1 2 2 2 2 2 3 1 2 2 0 1 1 2 3 3 1 3 3 2 2 1 1 3 0 3 2 0 2 1 1 1 0 4 0 3 2 0 2 2 1 4 2 4 2 2 2 3 1 1 3 1 1 2 2 4 5 2 0 2 3 0 2 1 1 2 2 4 1 0 2 1 2 2 1 2 1 4 1 1 1 2 1 3 1 0 3 2 3 3 0 1 6 3 1 3 1 2 1 6 3 2 1 1 3 1 2 1 2 1 3 1 0 1 4 2 2 2 1 4 0 1 2 4 0 0 2 5 3 2 2 0 2 0 1 2 1 5 3 3 1 2 2 1 1 2 0 2 3 2 2 0 4 2 0 4 4 5 2 1 1 1 4 2 0 1 2 1 1 4 3 2 3 0 1 1 2 3 3 2 5 1 2 2 5 1 2 3 0 1 1 4 1 3 1 1 1 2 2 3 2 3 3 0 1 1 3 4 2 5 2 1 4 2 0 2 3 4 2 0 2 3 2 1 2 3 2 0 2 4 4 0 2 0 0 3 2 3 4 2 1 1 1 3 1 1 0 1 5 2 2 1 1 3 2 1 5 3 1 1 3 1 2 2 2 3 0 1 2 0 0 1 2 4 2 6 2 4 2 3 0 2 2 1 2 0 1 1 1 2 1 4 1 1 2 2 5 2 1 4 2 2 2 1 2 3 5 2 3 0 1 2 0 0 3 2 3 3 1 2 1 3 3 2 3 2 0 1 0 1 2 3 2 1 0 3 4 3 1 4 1 1 1 1 3 0 0 2 4 4 5 3 1 4 3 0 2 1 1 0 2 0 4 1 5 0 2 3 1 1 2 3 1 0 2 3 2 2 0 0 1 5 5 0 1 1 2 5 2 2 2 1 3 2 1 1 0 1 2 1 3 3 0 2 0 1 5 1 0 0 0 1 4 4 2 0 0 3 2 5 1 0 2 2 1 4 1 2 0 2 1 1 2 0 3 1 2 2 3 4 1 2 2 4 3 2 1 1 1 2 2 2 0 5 6 1 2 2 2 1 1 0 1 3 4 2 6 0 3 1 1 1 1 2 1 5 1 4 1 1 2 3 2 3 0 0 2 4 5 4 1 1 4 1 1 3 3 8 4 3 1 2 3 2 0 0 3 1 3 1 0 3 2 1 3 3 3 1 0 3 2 3 1 2 1 4 0 2 1 1 1 1 3 4 4 4 0 3 2 3 1 2 1 4 1 5 4 0 2 1 2 2 3 2 4 1 1 0 2 2 4 6 3 1 1 1 2 2 2 2 3 3 1 2 0 1 0 1 0 5 4 3 0 2 1 0 3 1 3 1 1 4 5 2 0 3 1 2 1 0 2 3 2 1 2 2 1 0 2 1 1 0 1 2 3 1 1 3 1 2 2 2 2 1 4 0 4 2 3 2 0 4 1 0 1 2 3 4 0 0 1 5 1 1 3 2 0 2 3 3 3 2 2 1 1 1 3 0 1 3 2 3 1 1 1 2 0 3 1 3 4 2 1 2 1 4 0 2 2 2 1 6 1 1 1 2 3 2 1 3 2 3 4 1 3 2 2 1 3 2 1 0 0 1 2 2 2 2 1 2 4 2 4 3 1 3 0 3 1 3 2 3 4 2 2 1 1 1 3 2 1 1 1 3 1 3 2 1 3 1 1 3 2 5 4 1 2 1 2 3 2 2 1 1 4 4 2 3 3 2 2 1 0 1 2 0 4 0 1 3 4 1 0 1 0 2 1 3 2 0 3 0 1 4 4 0 2 0 3 1 1 1 3 4 3 1 3 3 0 1 2 0 0 1 2 4 3 1 0 0 2 3 1 2 0 1 3 2 3 1 1 3 1 1 5 1 3 1 1 2 3 1 1 3 2 0 1 2 3 0 2 1 5 3 2 1 2 2 2 2 5 0 2 3 1 1 2 0 4 0 2 1 1 4 1 1 3 1 1 2 4 2 2 1 3 2 1 2 2 2 1 2 0 5 4 4 1 1 3 1 2 4 4 3 4 0 1 1 2 2 4 0 0 5 0 0 2 1 1 5 3 1 4 1 2 0 1 2 3 0 4 1 2 1 6 0 1 1 6 0 3 1 3 1 1 3 3 5 3 3 2 1 2 2 2 5 2 3 0 1 0 2 1 4 5 2 1 2 0 4 1 1 2 1 1 4 4 1 1 0 2 0 3 0 1 2 3 2 3 3 1 1 3 1 2 2 0 3 2 3 5 1 5 1 2 4 0 1 3 2 2 3 0 0 2 2 3 3 1 5 2 2 2 2 0 3 0 2 2 3 1 1 4 1 5 3 1 0 1 2 1 1 5 1 0 2 2 4 1 1 1 1 2 1 4 3 2 0 3 1 6 1 4 1 7 1 0 2 0 3 0 1 6 1 1 0 1 1 0 0 4 1 3 2 2 3 1 0 4 2 0 2 2 1 1 2 2 0 5 3 1 2 1 2 5 1 3 1 1 1 1 4 0 0 0 4 2 2 4 3 1 2 1 3 0 2 3 3 3 1 1 2 3 2 2 4 1 0 1 2 7 4 2 3 5 1 2 1 0 3 0 1 3 1 0 2 4 1 0 2 3 1 2 2 1 3 3 1 1 3 2 3 2 1 2 1 1 3 2 2 2 2 1 3 2 3 0 2 1 1 2 0 3 2 4 1 1 4 2 2 5 1 6 3 1 2 3 1 1 3 3 4 2 3 2 3 0 1 1 3 4 2 3 2 3 3 0 1 3 1 4 2 0 3 2 2 3 5 3 3 1 1 0 1 2 3 0 1 4 1 1 2 3 1 2 1 1 2 4 1 5 3 1 2 2 1 1 4 1 2 1 1 3 0 3 0 2 0 4 3 4 0 4 3 4 1 1 1 3 2 5 2 1 1 3 1 3 1 0 0 2 0 1 4 2 1 0 5 1 3 0 2 4 2 1 2 2 1 2 0 3 3 6 1 2 2 1 5 3 3 1 0 3 2 2 1 4 2 1 1 2 2 2 4 3 1 3 2 2 3 1 2 2 2 1 3 3 1 3 3 2 2 1 3 1 2 0 0 2 0 0 2 3 0 2 5 1 3 3 2 2 2 1 1 0 2 2 1 4 2 0 3 2 1 5 4 3 0 2 0 2 0 2 2 3 3 2 1 2 2 2 0 2 2 0 3 1 3 3 2 3 4 2 1 4 2 2 6 0 0 1 2 3 2 3 2 2 3 0 3 5 0 2 2 2 2 3 0 2 1 1 0 1 5 5 2 3 0 3 1 2 3 2 3 1 3 1 1 2 1 0 2 1 3 1 2 2 1 0 7 1 1 2 0 0 1 2 5 2 1 0 1 1 3 1 2 2 2 1 2 1 1 3 5 1 2 2 2 4 0 3 1 2 1 4 3 2 0 0 3 1 1 7 3 2 4 2 1 2 4 5 2 1 2 2 1 1 3 1 0 2 4 3 3 4 1 1 1 3 0 4 2 0 1 3 5 5 1 3 2 4 3 2 3 3 2 1 0 2 1 2 0 4 0 0 3 1 2 0 4 2 3 2 4 0 3 7 2 1 0 2 1 1 1 2 1 1 1 2 3 1 1 3 2 2 4 1 3 2 3 1 3 3 2 2 2 3 1 2 1 2 0 3 2 2 1 3 2 1 1 1 3 1 3 4 2 2 0 1 3 1 2 2 1 1 3 1 2 1 2 3 1 2 3 0 1 2 3 2 2 6 2 1 1 2 2 2 0 6 2 3 4 0 1 1 0 1 3 2 3 1 2 0 1 1 2 0 3 2 3 3 2 1 5 2 1 0 1 3 5 4 2 2 0 5 0 5 0 3 5 0 1 3 5 4 5 1 1 0 4 0 0 3 1 2 0 1 2 3 3 4 5 1 2 1 2 3 1 3 2 6 0 2 1 1 2 2 1 1 1 4 1 3 0 2 2 1 0 2 1 3 1 2 4 1 4 2 1 2 1 0 3 1 3 6 1 3 0 2 1 1 0 0 1 1 4 1 2 4 1 2 7 2 1 1 3 1 2 0 2 2 0 4 0 2 1 5 1 1 5 1 0 0 5 1 0 2 3 2 4 1 3 2 3 3 1 1 3 1 0 0 3 0 2 3 0 1 0 4 3 0 2 2 5 1 4 0 1 2 2 1 1 4 2 1 2 0 4 1 2 5 1 2 3 1 3 1 2 2 3 2 2 3 2 0 1 4 4 3 2 2 1 1 2 2 3 3 1 3 2 1 3 3 3 2 2 4 1 1 1 1 2 1 3 4 1 3 3 5 3 2 3 3 1 1 2 0 3 4 2 4 3 4 2 2 2 1 2 2 0 2 1 4 3 0 2 2 6 2 2 3 0 0 4 2 1 3 3 3 3 1 1 1 2 1 2 1 0 0 3 1 1 4 3 2 2 5 3 0 1 3 3 0 0 2 1 0 7 0 1 0 5 2 4 0 3 3 1 3 2 1 4 2 0 3 2 1 0 2 0 6 1 3 4 2 2 1 1 3 2 7 1 1 2 2 1 1 1 4 4 2 4 2 1 5 3 1 1 1 0 1 1 2 3 0 0 3 0 1 9 1 0 2 0 2 1 2 1 1 2 0 1 2 3 3 1 2 1 1 2 1 2 2 1 1 3 2 2 0 3 4 3 2 2 2 0 1 2 3 2 0 1 1 1 0 3 1 2 1 6 3 3 1 2 2 0 1 3 2 1 3 3 2 0 3 0 2 2 0 4 2 0 5 4 3 2 5 3 1 1 1 2 1 3 1 0 1 0 5 2 3 3 2 4 4 3 4 0 2 1 4 2 4 4 4 1 0 4 3 1 2 2 1 2 3 7 2 0 1 3 1 1 2 3 1 3 2 1 1 4 0 5 3 1 2 0 2 5 0 2 2 1 0 2 2 2 1 3 1 0 0 3 2 1 5 1 3 3 0 1 3 0 1 2 2 2 1 3 2 2 1 1 0 3 2 2 2 2 0 2 2 1 1 2 1 6 0 3 1 3 3 1 4 0 1 3 2 2 5 3 1 4 1 3 2 2 0 1 2 1 2 4 0 3 1 1 5 5 3 3 1 3 1 1 1 3 3 3 1 4 1 4 2 1 1 0 3 1 2 1 1 0 3 1 3 2 1 1 3 6 2 2 1 2 0 2 1 5 1 2 3 1 2 1 0 2 1 0 2 3 2 2 0 1 3 0 1 3 0 1 2 1 1 1 2 4 4 1 2 1 3 1 3 2 4 3 2 1 2 1 2 2 1 1 4 1 4 0 3 3 3 0 1 2 3 3 1 1 2 1 4 1 1 0 2 2 3 0 1 3 1 3 1 1 3 2 0 1 2 2 1 6 2 0 1 0 0 1 2 3 1 5 2 1 2 1 4 4 3 3 1 4 0 2 0 1 4 1 3 0 3 2 3 1 6 2 1 2 1 0 1 2 3 1 1 3 3 1 1 3 5 1 2 1 2 2 0 1 0 0 2 2 3 1 0 2 2 4 2 3 2 0 3 3 1 4 2 2 7 2 2 0 3 1 1 1 3 1 1 1 1 2 1 2 1 1 3 2 2 3 1 2 5 2 1 0 1 0 3 4 3 0 1 4 2 2 1 2 3 1 1 3 1 3 0 2 1 4 1 3 4 5 2 0 1 1 4 2 2 2 2 1 2 1 2 2 5 1 1 2 1 1 2 4 0 1 0 3 6 2 1 1 0 5 1 2 2 4 1 1 2 4 4 1 3 0 3 1 1 2 2 1 1 0 3 2 0 5 0 1 2 3 3 2 0 0 2 3 4 3 3 4 1 1 5 1 2 3 1 3 2 0 1 3 2 1 2 4 2 5 1 1 2 1 4 2 0 1 4 2 2 1 1 2 3 1 1 2 4 6 2 0 2 2 1 2 1 1 3 4 3 2 0 1 4 1 3 1 2 3 3 2 1 1 1 0 4 3 2 0 5 1 1 1 2 1 1 1 1 4 0 2 3 3 2 1 1 3 1 2 0 2 1 3 1 6 1 2 2 1 2 2 1 1 1 3 3 3 2 0 0 2 1 1 2 7 3 2 0 1 3 4 3 1 2 3 2 4 0 1 0 4 5 2 2 1 3 3 2 2 1 0 2 2 3 3 1 1 2 5 0 3 4 1 1 3 1 3 3 2 3 0 1 2 2 1 5 2 1 1 3 3 0 2 2 2 0 3 2 1 5 1 2 3 3 3 1 1 5 2 1 3 2 5 3 3 2 0 2 3 2 2 4 2 2 1 4 0 5 0 2 3 4 2 2 0 2 5 2 1 2 2 0 4 2 3 1 2 2 2 2 3 2 1 0 1 2 2 0 3 0 2 1 0 5 0 3 2 4 1 4 0 2 1 0 5 4 1 3 2 0 0 2 4 2 1 0 2 3 0 3 1 1 1 0 3 2 1 2 1 1 5 1 3 3 1 3 3 0 1 2 3 2 2 3 1 1 0 0 3 3 3 2 3 1 1 1 3 3 6 0 5 2 2 2 0 3 4 2 0 0 2 1 2 3 2 1 1 4 2 2 0 3 0 1 1 0 1 2 3 2 0 4 2 2 1 4 2 2 2 4 4 0 3 5 3 4 1 1 0 3 1 3 4 1 2 1 3 1 3 1 1 2 4 2 1 2 2 2 1 4 0 3 1 3 1 1 1 3 4 2 0 2 1 1 4 4 0 4 1 2 3 1 2 2 2 1 1 4 1 2 2 2 4 1 4 1 0 0 0 1 1 4 1 5 0 1 2 2 3 2 4 2 3 2 3 1 3 0 1 1 1 2 0 3 4 2 1 1 2 1 1 0 5 0 1 4 3 2 1 3 1 3 1 2 2 1 6 2 2 1 1 3 2 1 3 1 0 5 3 3 2 3 1 0 2 5 2 1 0 2 2 0 1 1 2 4 2 2 2 2 4 3 2 1 3 2 4 4 0 0 4 2 0 2 2 2 5 1 2 1 1 1 3 2 1 2 5 0 0 0 2 2 1 1 5 3 3 3 1 1 1 2 2 1 0 1 2 2 3 4 4 3 1 1 2 3 0 1 2 2 2 1 3 4 2 5 1 0 0 2 6 3 0 0 3 3 4 2 4 0 3 3 0 3 0 0 4 3 2 2 4 1 2 3 4 1 3 1 3 0 2 1 0 6 2 5 2 1 1 2 1 1 3 0 4 4 0 0 3 3 1 2 3 3 2 0 2 2 2 2 3 1 2 1 1 2 2 4 2 2 0 2 4 2 0 2 2 2 1 2 4 0 1 2 1 2 1 3 3 2 4 0 2 1 2 1 1 1 1 3 1 2 6 0 0 0 3 2 2 1 4 1 3 1 4 1 4 1 2 1 1 1 2 1 1 2 0 2 3 3 3 4 2 1 1 0 2 3 0 1 1 2 3 1 1 4 2 2 0 1 2 1 3 6 1 2 2 2 2 0 2 3 0 2 0 2 3 1 4 1 3 1 4 1 0 2 4 0 2 1 1 2 2 2 1 0 1 4 2 1 0 3 0 2 3 5 2 1 2 2 5 6 1 1 3 1 0 2 3 3 6 3 2 2 1 1 1 2 0 1 2 1 3 2 1 1 1 1 2 1 1 6 1 0 2 2 2 3 2 1 3 3 2 2 1 1 5 2 0 2 1 1 2 3 1 2 5 5 1 1 2 1 2 0 4 0 0 1 0 3 4 2 1 7 0 0 2 1 3 1 2 1 6 2 5 2 1 0 2 1 3 1 4 3 0 1 3 2 3 1 1 2 3 4 1 3 0 2 5 3 1 2 3 1 2 3 1 2 5 1 2 2 1 3 1 2 1 2 3 3 2 2 2 2 2 1 4 2 1 1 3 5 2 1 3 0 1 1 2 1 2 3 2 3 1 4 3 1 1 0 3 2 4 3 3 1 3 0 0 2 4 2 2 0 3 2 4 0 4 3 1 2 4 9 1 1 1 1 0 1 2 3 2 2 3 3 2 2 5 1 0 5 2 1 2 1 2 0 3 1 2 4 0 3 2 4 1 1 4 1 1 2 3 1 4 1 0 2 2 3 3 1 1 1 0 4 2 2 0 0 3 2 5 1 0 1 2 0 3 3 5 1 3 0 0 0 1 3 2 4 2 2 1 1 1 1 3 4 0 1 3 1 3 2 0 1 6 3 3 1 3 1 1 3 4 2 1 1 2 2 1 0 2 4 3 0 3 1 1 0 4 3 0 3 2 2 4 0 2 2 1 0 2 1 3 2 0 2 2 1 0 4 6 2 3 1 1 1 3 4 1 2 5 3 1 2 1 4 3 2 1 1 2 4 0 3 0 1 1 3 2 3 3 3 0 0 2 6 2 3 0 2 4 4 3 2 2 3 2 3 3 0 2 3 3 1 3 1 2 1 3 4 0 2 2 1 1 3 5 3 1 0 1 1 2 4 1 2 2 4 2 0 0 3 2 1 2 2 1 1 5 1 2 2 0 2 1 3 2 2 3 3 1 3 2 1 8 1 0 1 2 2 1 2 0 0 3 3 5 3 3 3 1 1 0 1 2 1 2 0 2 5 3 2 3 2 0 4 2 0 2 2 1 1 5 4 1 4 3 4 2 5 4 4 0 2 1 0 3 1 1 1 1 0 1 1 0 2 2 1 1 4 0 2 1 1 3 1 3 2 1 3 1 3 2 5 2 0 2 5 0 1 3 2 0 1 0 0 1 2 3 1 2 4 1 2 2 2 1 1 3 4 1 2 3 2 4 4 4 2 2 2 3 3 3 2 2 1 0 1 4 1 1 1 2 1 1 2 1 2 1 0 0 2 2 4 3 4 1 2 3 1 1 2 1 4 0 2 4 2 3 6 1 2 3 2 1 3 1 2 1 2 3 3 4 1 2 3 2 2 2 3 0 1 1 3 2 0 0 2 3 0 2 1 4 2 1 2 1 2 4 3 0 2 2 3 5 1 6 3 1 3 3 0 1 4 2 1 3 3 1 1 3 0 2 3 1 1 0 1 3 2 2 1 2 2 2 3 4 1 0 0 4 2 3 2 0 2 1 3 1 2 3 1 1 0 4 3 0 2 4 1 1 1 3 4 3 1 2 3 3 0 3 1 4 2 2 1 3 3 0 4 2 2 3 2 1 1 0 1 2 2 0 5 5 3 2 1 2 1 2 1 2 4 2 1 2 0 4 2 2 0 2 3 1 3 0 2 0 1 0 0 2 1 3 1 1 2 1 2 1 1 2 0 8 3 2 0 0 2 1 1 6 3 2 3 3 1 1 1 3 3 3 3 0 3 2 2 1 0 0 3 3 3 0 1 2 1 2 1 2 1 1 1 4 1 0 5 1 2 2 0 0 2 3 0 3 0 1 3 1 5 0 0 3 3 2 2 1 4 3 3 2 0 1 2 3 5 0 3 4 2 0 2 6 1 0 1 3 1 3 1 3 1 1 2 2 4 1 2 3 2 2 1 1 2 5 2 1 0 2 2 0 1 3 2 0 3 2 2 4 0 3 2 1 1 4 0 2 1 0 4 2 0 3 0 1 1 3 2 1 1 1 2 0 2 3 2 3 0 6 2 0 0 3 1 1 1 1 2 3 1 2 2 1 0 2 4 3 0 2 1 4 2 1 1 1 0 1 2 2 3 3 2 1 3 1 1 1 1 3 0 1 4 3 0 3 3 1 2 4 1 2 0 3 1 0 3 2 0 2 4 1 0 4 2 4 1 6 2 4 1 1 1 2 1 2 1 1 1 0 0 1 4 5 3 2 1 3 2 0 1 3 2 2 0 4 3 5 2 1 3 0 2 2 4 2 1 2 4 0 2 1 2 0 1 4 1 3 1 5 1 5 1 2 3 0 0 2 3 3 4 6 3 0 3 3 2 1 2 0 1 1 1 2 5 3 1 5 1 2 4 1 1 1 1 1 2 1 4 3 3 2 5 1 2 1 2 2 0 4 2 1 3 0 3 0 1 1 3 1 2 2 0 1 0 2 0 1 1 2 2 3 0 1 0 5 4 2 1 1 6 3 5 2 3 0 4 2 3 0 1 2 2 3 0 1 4 1 1 4 3 4 1 2 1 4 3 2 0 1 3 0 0 2 2 3 1 2 1 6 3 5 1 3 0 1 2 3 4 0 3 3 2 0 1 2 3 0 3 1 1 3 1 1 0 3 2 1 1 1 2 1 4 0 3 4 1 2 2 2 0 5 3 1 0 3 1 4 2 4 0 1 2 2 2 1 1 2 3 3 2 1 2 4 1 1 2 3 2 1 0 2 4 4 1 1 3 1 1 1 0 1 1 2 3 4 0 1 0 2 1 1 3 3 3 2 3 1 1 1 2 1 1 2 2 1 1 2 1 2 2 1 2 3 2 2 2 4 2 1 2 1 2 2 1 4 0 2 0 2 1 4 4 2 3 0 0 3 2 1 2 0 3 1 0 1 0 3 1 4 3 1 3 1 5 1 1 5 0 3 3 3 1 2 5 1 1 1 3 4 3 3 3 3 2 2 1 4 2 4 0 2 1 4 6 1 1 1 1 0 1 4 3 0 2 2 2 3 2 2 2 3 1 3 2 3 3 7 0 1 1 0 2 2 3 2 4 1 2 5 1 1 1 2 2 1 0 3 1 1 2 1 1 0 2 2 2 0 2 0 1 0 6 6 1 3 1 0 2 2 2 1 2 4 4 1 2 3 1 1 2 1 3 6 2 3 2 2 2 1 2 0 0 1 2 1 1 0 1 3 4 2 4 2 0 2 2 2 0 1 5 1 1 0 2 1 3 2 0 0 3 3 1 3 1 2 3 2 2 3 4 1 3 0 4 2 2 0 3 2 1 1 3 4 1 4 2 1 4 3 0 5 3 2 0 0 1 4 2 0 2 1 2 2 3 3 1 2 1 1 1 1 1 4 0 2 2 0 2 1 2 3 0 1 2 4 0 4 2 0 3 1 0 1 5 1 1 0 0 3 1 0 1 5 2 1 2 4 2 0 2 0 1 2 5 2 2 0 2 2 0 5 3 4 1 2 0 0 4 2 1 3 0 4 4 1 2 2 4 0 2 2 4 1 1 3 2 2 4 3 0 1 1 1 2 3 2 1 2 2 2 0 0 1 1 5 4 2 1 3 1 5 1 1 0 1 1 2 3 2 2 1 1 4 1 3 1 3 1 2 1 2 1 2 1 2 1 2 1 2 3 3 2 1 2 4 3 2 1 3 5 1 2 2 3 2 0 2 4 1 1 2 2 4 3 1 2 4 3 2 1 3 4 3 2 4 1 1 2 2 1 1 4 2 2 1 0 1 4 2 2 5 0 3 1 3 2 0 1 0 0 2 1 1 1 5 4 1 1 1 1 0 2 3 3 0 0 4 4 1 2 1 2 3 2 2 1 4 0 1 3 2 1 3 4 6 0 0 3 0 2 1 1 1 1 4 3 1 3 2 2 1 1 3 3 2 2 2 1 2 1 2 0 2 4 3 2 1 2 1 2 2 2 4 2 3 2 3 1 0 4 3 3 1 2 2 1 2 3 1 0 1 3 4 1 1 2 2 4 1 1 0 3 1 2 2 2 3 1 3 3 4 2 3 1 2 4 2 0 2 1 5 1 2 1 0 5 4 7 1 1 1 1 0 2 0 2 1 1 1 2 2 4 1 0 4 4 4 2 1 2 2 3 1 2 2 0 5 0 2 1 3 0 5 0 3 1 0 1 4 2 1 2 0 3 1 4 3 1 4 1 2 1 3 1 4 1 3 3 4 1 2 3 2 0 1 1 2 1 0 3 3 0 2 3 2 1 0 2 3 2 4 1 0 0 2 0 3 2 3 0 0 1 3 0 1 3 1 3 1 3 1 3 1 1 3 4 3 3 2 0 2 2 1 1 3 1 1 3 1 1 3 1 3 2 0 4 2 2 2 1 0 5 2 4 5 2 1 3 0 2 1 1 1 1 3 2 3 0 1 1 2 4 5 1 1 3 1 2 2 3 1 2 4 1 2 1 1 2 3 2 0 3 4 1 0 3 1 1 5 3 1 1 3 0 2 2 3 2 4 1 0 2 1 5 3 5 0 0 1 2 1 0 1 2 5 1 1 0 0 4 2 5 2 3 1 0 3 0 3 2 2 3 3 2 1 1 1 1 1 7 1 2 3 2 1 2 2 2 1 4 4 2 0 2 3 3 1 3 3 2 3 3 6 1 1 0 1 4 3 3 2 1 1 0 1 1 1 2 4 2 3 0 2 1 1 1 0 2 2 1 2 2 0 5 4 0 2 1 2 5 1 0 1 1 2 2 3 2 1 3 4 5 1 1 3 1 1 1 0 0 4 0 2 1 2 2 2 2 0 2 0 2 0 4 1 4 1 2 4 2 4 1 2 2 2 4 1 4 5 2 4 0 1 1 0 4 5 3 1 4 2 3 2 3 2 4 0 1 0 2 3 3 3 2 1 4 3 2 3 4 2 3 4 0 2 2 3 2 1 0 3 6 2 0 0 3 2 4 1 2 5 3 1 2 1 1 3 1 2 1 1 3 1 2 2 2 4 2 1 2 1 3 0 0 1 2 1 2 2 3 1 2 0 4 3 2 3 3 2 2 3 1 0 4 0 0 0 3 3 4 2 1 1 2 1 0 1 3 3 4 0 0 1 3 3 2 1 4 4 1 1 1 3 0 3 2 2 6 0 1 0 2 1 0 2 3 4 3 4 4 1 2 1 1 3 1 4 2 2 2 1 2 4 2 2 1 0 0 1 4 2 2 1 5 1 2 4 1 3 2 4 0 1 3 1 1 1 4 1 4 1 5 0 3 3 2 1 0 2 2 2 2 0 0 1 3 2 2 3 5 1 1 0 5 2 1 0 3 3 0 3 1 3 3 0 2 2 2 3 1 5 3 4 3 2 1 2 3 2 2 3 2 2 0 4 1 0 2 2 2 2 0 4 2 1 1 3 4 1 2 2 4 1 1 2 1 4 2 1 2 3 0 1 2 2 0 1 5 2 0 0 5 1 3 0 1 2 1 6 1 2 1 1 0 3 0 3 2 5 2 5 1 2 5 1 4 1 1 2 2 4 0 3 1 2 0 1 2 2 4 2 1 0 4 0 2 1 2 4 3 0 2 1 0 1 1 0 3 2 2 0 4 2 1 2 1 1 2 0 2 2 4 1 0 1 0 1 0 4 2 1 2 0 2 3 2 2 1 2 0 2 0 3 2 2 3 1 0 4 2 3 0 3 3 3 0 0 2 0 0 2 5 0 3 2 1 1 4 3 2 2 2 1 1 0 4 2 2 3 3 2 1 3 0 1 2 2 2 1 4 3 0 3 2 3 2 0 3 3 1 6 1 0 1 0 3 2 1 2 3 1 1 2 2 3 1 4 1 2 2 1 2 3 1 1 1 2 6 1 0 3 0 2 5 0 2 1 0 0 1 3 1 2 1 3 7 0 0 1 3 2 2 1 3 5 0 1 3 1 2 2 3 4 2 3 2 0 3 1 4 3 2 4 1 3 1 1 5 1 2 4 1 1 3 2 0 6 2 0 2 1 2 0 2 3 4 1 3 2 2 2 5 3 2 4 1 0 2 2 3 1 3 1 1 1 5 1 3 1 0 0 2 4 3 2 1 3 2 2 3 3 3 1 4 0 1 0 1 3 2 6 1 2 4 3 4 1 4 1 2 1 3 1 1 1 0 2 3 2 2 2 0 2 2 3 1 2 3 4 1 3 1 4 2 1 2 6 3 2 2 0 0 1 2 3 1 2 3 3 3 4 1 2 2 4 0 1 3 3 1 0 0 2 2 1 3 4 0 1 3 2 0 3 1 0 1 1 2 5 2 4 1 1 0 5 1 1 0 1 5 6 1 2 3 4 2 2 3 4 1 1 3 0 3 1 3 1 0 1 1 2 2 1 5 2 4 2 1 4 4 1 1 4 3 3 2 0 2 2 2 2 3 4 3 1 0 2 3 2 2 2 2 1 1 0 1 0 3 1 1 2 1 0 2 2 1 4 4 1 2 1 0 1 0 1 3 2 3 4 7 3 0 1 1 2 4 6 2 0 4 3 0 2 1 0 2 3 2 2 2 4 4 2 1 2 2 1 2 0 0 1 3 4 1 1 0 0 0 5 5 1 1 6 1 1 1 1 1 4 1 0 2 2 3 2 2 3 1 2 4 1 1 2 2 0 3 1 1 7 5 2 3 2 1 1 3 3 1 2 0 1 1 1 1 0 4 1 1 2 1 1 3 0 2 4 1 5 0 2 2 2 1 1 0 1 5 0 0 4 3 2 4 1 2 3 0 1 1 1 2 1 1 1 3 2 2 2 1 1 3 0 0 4 2 0 3 2 2 0 1 1 1 1 1 0 0 1 3 3 2 3 1 8 4 1 0 1 2 2 1 3 3 1 1 1 0 6 1 2 3 4 2 2 1 2 3 2 2 3 1 3 2 2 2 2 1 2 3 1 1 2 2 1 2 4 1 2 1 3 1 2 1 3 0 2 4 1 7 2 2 0 2 2 1 1 6 0 1 2 2 2 1 4 4 2 3 1 0 3 1 1 1 3 2 1 1 4 3 5 0 2 3 1 1 4 0 0 0 0 1 5 4 1 2 0 1 4 3 1 3 2 1 1 2 5 0 1 1 1 3 1 3 3 2 1 1 2 3 1 1 1 0 5 2 5 1 0 1 2 0 3 1 3 2 0 1 1 0 3 2 2 1 6 3 2 3 2 2 2 2 2 1 3 4 3 2 1 2 1 4 2 1 2 1 4 1 1 2 2 5 2 1 4 5 1 4 1 0 1 4 2 1 2 2 0 3 3 3 3 5 1 3 1 1 3 1 3 2 2 2 3 2 2 2 1 2 1 4 3 4 1 5 4 2 2 2 5 1 2 4 1 0 1 2 2 1 2 4 3 1 2 3 5 1 4 1 2 3 2 2 5 3 4 4 1 2 0 2 3 1 1 2 3 0 1 0 3 2 2 0 2 2 0 0 4 0 1 2 1 1 0 3 3 3 2 1 1 1 2 3 4 1 1 3 1 1 0 1 1 2 1 2 4 1 1 2 0 3 3 3 3 0 1 1 2 0 1 1 4 2 2 0 2 2 0 2 1 3 1 2 2 3 1 0 2 3 2 1 3 3 4 0 3 4 1 1 5 2 3 1 1 0 2 2 1 2 1 1 1 4 1 5 2 1 3 2 3 1 2 1 1 1 4 3 2 2 3 5 3 0 1 3 2 2 3 2 6 0 1 4 0 2 1 1 2 1 2 3 2 2 3 3 2 1 5 1 0 2 4 0 3 1 3 3 3 5 2 2 0 0 3 2 0 2 4 2 3 2 1 1 1 2 4 2 6 1 1 3 4 2 2 3 1 0 1 1 3 3 1 1 3 4 3 3 0 1 1 2 2 3 2 4 0 2 1 2 2 1 1 3 3 3 1 1 1 1 1 5 1 0 2 2 3 3 5 4 1 3 2 1 3 1 3 2 3 1 4 0 1 0 3 2 3 1 2 2 2 3 0 3 5 1 3 6 3 1 3 0 0 1 1 1 4 5 0 0 0 1 3 2 0 1 4 3 2 0 4 4 4 2 3 4 0 1 3 1 3 3 0 2 1 0 2 2 4 0 1 4 2 3 1 2 1 1 4 0 2 1 1 2 2 3 0 5 0 2 1 1 3 4 6 0 5 1 1 2 1 2 3 2 3 1 0 4 1 0 3 1 3 0 3 4 1 2 2 2 1 0 2 1 2 2 1 2 3 1 4 1 4 4 0 2 2 1 3 1 1 2 2 1 4 3 2 0 2 4 1 2 3 1 5 1 1 4 1 3 1 3 1 2 3 1 3 1 2 4 3 2 4 2 1 0 1 2 4 0 3 1 3 2 3 1 1 5 3 4 1 2 2 0 0 5 0 0 3 1 4 3 3 2 1 1 0 0 1 4 1 3 4 1 1 5 3 0 0 2 3 3 4 1 2 4 2 3 3 3 0 1 0 3 3 2 2 1 1 1 2 1 1 0 0 2 1 0 3 3 1 4 1 2 2 1 3 3 0 2 1 2 4 5 2 4 4 1 0 3 1 3 4 0 1 3 1 1 3 1 1 1 2 3 2 0 0 1 4 2 2 2 1 3 2 2 1 3 3 0 1 1 2 1 4 2 3 2 1 0 0 2 1 2 0 3 0 2 5 2 1 1 2 2 2 1 5 1 3 0 3 1 5 2 3 3 0 1 4 1 1 5 2 3 0 1 4 2 1 2 1 0 3 2 2 3 0 4 3 0 3 3 2 1 0 1 4 3 3 5 1 1 4 3 6 2 2 2 4 3 0 2 0 6 0 1 0 1 1 4 1 3 2 2 3 0 3 3 2 2 4 2 1 2 2 1 1 0 1 4 2 1 2 1 0 2 1 3 3 2 2 1 6 1 3 3 1 1 1 2 4 1 2 1 3 3 1 2 1 3 4 3 0 1 2 1 4 3 0 4 2 3 2 1 3 2 2 4 0 1 1 2 0 2 2 2 5 4 3 1 0 2 3 0 3 3 2 0 3 1 1 2 2 2 3 3 1 0 2 1 1 5 1 2 5 3 2 1 0 3 2 1 1 3 3 0 3 2 1 2 3 1 2 0 2 2 1 2 2 4 3 2 0 4 1 1 2 2 2 4 2 1 1 2 2 3 1 2 1 3 5 2 0 1 1 1 2 3 2 5 3 0 2 2 3 0 1 2 1 2 2 1 5 1 2 1 0 3 2 1 2 1 2 0 2 2 2 4 0 4 1 5 4 2 2 1 2 1 2 2 4 1 2 3 2 2 4 2 2 1 3 1 0 3 1 2 1 4 2 1 4 5 2 0 2 2 2 1 2 1 1 1 3 2 1 0 1 0 6 4 4 4 3 3 1 2 0 2 3 3 2 3 2 1 1 0 3 1 3 4 1 0 3 0 4 3 1 1 2 2 1 2 0 3 3 2 0 2 2 2 3 1 0 3 2 3 1 0 0 2 4 2 2 1 3 1 4 4 0 2 2 2 0 1 0 2 3 0 2 0 3 6 3 4 1 5 1 1 2 1 3 3 1 3 2 0 0 2 0 1 3 1 1 1 0 4 2 4 3 1 2 3 2 1 2 0 2 0 2 5 4 1 3 2 1 1 1 4 2 2 3 0 4 1 2 1 2 2 1 3 1 1 3 4 1 3 4 2 1 3 1 2 2 1 2 1 3 2 3 2 0 0 2 4 1 1 2 4 2 2 1 4 2 3 2 3 3 0 1 5 1 1 1 1 2 3 2 0 4 0 3 0 2 1 1 0 3 1 1 1 1 2 1 3 1 4 4 4 3 0 1 1 1 2 3 2 2 2 0 3 2 1 1 0 3 3 2 2 0 2 1 2 0 1 3 1 3 1 1 2 2 2 2 0 0 1 1 2 1 1 2 1 2 2 1 3 2 1 3 3 2 0 2 2 6 1 2 2 0 1 1 4 3 5 2 3 3 2 0 5 1 2 2 3 3 0 1 0 3 1 1 1 2 0 2 4 3 3 2 0 1 2 1 3 0 2 2 2 4 0 2 4 0 2 1 1 0 2 0 3 3 1 1 3 0 4 4 3 2 4 2 2 0 4 0 3 1 1 1 2 4 0 3 2 5 0 0 1 4 3 4 2 0 3 1 5 1 2 0 1 2 1 0 4 3 0 2 3 7 4 1 0 1 0 1 1 3 3 6 0 1 2 2 1 0 3 5 3 2 3 3 4 0 2 2 3 1 1 3 2 3 2 4 3 1 2 4 0 1 4 3 3 1 1 3 1 2 2 2 3 4 2 4 0 0 2 2 0 1 3 0 2 4 3 1 1 2 3 1 2 1 0 1 1 1 5 1 3 3 1 5 4 1 1 3 1 2 2 2 2 3 2 4 3 3 1 4 3 1 4 0 2 3 1 2 1 2 4 2 2 2 1 2 1 1 3 1 2 1 4 0 3 2 1 0 3 2 2 1 2 1 2 1 1 0 4 4 0 1 4 1 0 2 2 3 2 2 0 0 2 0 2 3 3 2 1 5 0 1 3 2 3 1 2 1 6 2 0 3 1 4 2 2 0 7 1 1 3 2 2 1 0 1 1 2 3 2 3 1 5 2 2 2 3 5 0 5 2 1 1 2 1 0 3 3 0 1 0 2 1 2 1 3 2 3 3 2 0 1 1 2 6 2 0 3 2 1 1 0 3 3 1 2 3 3 2 3 0 1 1 0 3 2 3 1 2 2 0 2 1 3 1 1 2 1 2 1 4 5 3 2 2 2 2 0 2 1 1 1 2 2 3 3 2 1 2 3 2 3 5 2 1 2 0 2 0 3 3 1 3 0 2 0 1 4 1 2 6 0 1 3 1 3 1 1 3 1 3 2 1 0 3 3 0 0 5 3 4 3 1 0 2 0 4 1 3 2 1 1 3 3 3 1 3 2 2 0 1 2 3 3 3 0 1 2 4 1 0 2 2 1 2 4 3 5 3 2 2 3 0 2 0 3 1 2 3 1 1 1 1 3 1 1 3 1 3 0 4 3 1 2 2 2 2 1 3 1 0 3 1 1 1 3 2 3 3 0 3 1 1 0 1 3 3 1 2 3 2 0 2 3 2 0 0 1 4 2 3 2 2 0 1 2 2 0 0 4 1 2 0 0 1 3 2 4 2 1 3 1 2 3 0 0 6 2 2 3 1 1 2 6 1 1 1 2 2 2 3 4 1 3 2 1 2 2 3 2 1 5 1 4 1 0 6 2 3 5 0 0 2 0 0 1 0 4 4 2 2 1 1 0 1 1 1 3 1 3 1 3 3 3 2 0 0 6 1 2 0 4 4 2 2 1 1 1 5 3 2 2 6 2 1 1 1 1 1 3 2 2 1 3 0 3 1 0 0 3 2 2 1 1 3 4 2 3 1 3 3 1 0 3 4 2 1 3 2 6 0 2 2 1 1 2 5 2 0 0 2 2 4 1 1 2 7 1 2 2 0 3 2 1 1 2 2 2 0 1 1 1 0 2 4 2 3 2 1 0 1 2 3 1 1 2 2 0 3 2 1 2 1 0 1 1 4 1 2 3 3 1 1 1 1 3 1 3 2 3 3 1 3 1 2 0 2 3 3 2 2 3 6 3 1 2 3 2 0 3 1 5 2 2 0 4 1 0 6 6 3 1 1 1 1 1 2 1 3 3 0 1 0 2 3 1 3 1 1 1 1 1 1 2 0 1 2 1 4 1 3 1 1 2 2 4 0 0 2 0 3 3 0 2 2 1 2 0 4 1 3 1 1 4 4 2 3 1 3 1 3 3 2 3 0 1 1 5 1 4 1 2 3 2 0 4 5 2 3 1 5 1 2 0 2 3 0 1 4 2 2 0 3 1 0 4 4 2 2 1 1 3 0 0 2 2 2 0 2 8 6 1 0 2 2 1 1 2 5 3 2 2 0 3 3 5 0 1 2 4 1 5 1 2 3 2 2 2 2 2 2 4 2 0 3 2 1 0 2 2 1 4 2 0 1 1 4 0 3 1 1 6 4 2 2 1 0 0 1 0 2 3 1 0 0 2 2 1 3 0 0 0 0 2 3 1 1 2 2 4 3 1 3 3 1 0 1 2 1 2 2 0 3 2 1 1 3 3 2 2 3 1 1 1 3 3 2 4 1 1 1 4 1 0 4 1 0 2 3 0 1 3 1 3 4 3 0 1 2 0 1 1 4 0 3 2 2 2 3 1 0 1 2 3 2 3 3 5 0 1 3 1 1 2 1 1 1 2 2 2 2 3 1 1 3 4 1 1 4 1 1 3 1 4 1 3 2 0 0 2 2 1 2 3 0 2 1 3 1 1 0 2 5 3 3 6 1 3 1 2 2 1 1 4 2 3 4 4 3 0 2 3 1 0 2 0 4 2 2 3 0 2 1 1 3 2 6 1 0 4 2 1 5 4 1 1 1 0 2 1 3 0 3 3 4 2 1 2 0 3 0 2 2 2 2 1 3 0 3 2 0 1 4 2 2 5 0 2 1 1 4 1 0 0 1 4 6 2 1 3 0 3 3 3 3 0 2 3 0 0 5 2 2 3 2 2 4 0 1 2 2 3 0 2 0 2 3 3 0 0 3 4 0 2 1 1 4 1 2 5 2 3 4 4 1 1 1 2 4 1 2 0 1 1 0 1 2 4 2 2 2 1 1 0 2 0 1 3 5 2 6 0 1 3 3 3 2 2 0 1 1 0 1 3 2 0 4 3 6 1 6 2 1 0 1 3 3 1 6 1 1 3 2 4 1 6 2 2 3 2 1 1 2 1 2 1 3 1 4 0 1 1 3 3 2 1 3 1 2 1 2 1 3 1 1 2 4 3 1 2 3 1 1 2 5 2 1 1 1 1 4 2 1 2 3 0 1 3 3 2 2 1 3 3 2 6 0 0 0 2 2 4 1 3 1 1 4 3 2 4 1 2 0 3 3 3 3 2 3 2 2 1 3 0 1 1 1 1 2 0 1 2 3 4 1 1 2 0 3 0 1 3 4 2 1 3 2 3 4 0 1 1 2 1 1 0 1 3 1 4 1 2 0 0 1 2 4 1 1 3 6 1 2 1 0 2 2 1 4 0 2 1 2 2 0 2 1 4 1 1 2 5 2 1 1 1 2 0 1 5 1 0 1 1 3 2 2 0 2 4 0 2 3 3 1 1 2 0 1 2 1 0 0 0 4 0 4 2 2 1 3 3 3 0 2 2 3 1 2 1 1 5 1 0 2 2 4 0 0 2 2 2 3 3 1 3 2 3 4 4 0 2 2 1 2 2 4 2 5 2 2 1 1 0 4 1 2 1 1 4 3 4 2 2 4 3 2 3 1 1 2 3 3 0 2 2 2 1 3 4 2 3 1 1 2 1 2 1 0 2 3 2 3 2 1 0 2 1 2 2 3 3 4 3 2 1 3 1 1 5 0 1 2 2 4 0 1 3 4 3 3 1 0 1 0 2 2 3 0 4 1 2 3 1 3 1 1 2 4 0 1 6 1 1 2 2 1 3 0 1 3 2 3 2 3 3 2 0 3 1 1 2 2 3 2 2 1 4 0 1 2 1 1 4 4 0 1 4 4 1 3 0 3 0 3 1 4 0 3 0 2 1 2 3 3 1 4 8 2 0 3 2 0 1 1 3 3 1 4 3 2 1 0 1 2 3 1 5 1 0 4 1 1 2 5 0 5 2 0 2 2 3 1 1 4 0 1 1 1 1 4 0 0 4 1 2 2 1 0 1 2 3 4 3 4 1 4 2 0 1 1 1 0 3 1 3 1 2 2 3 1 3 3 4 4 2 4 0 3 1 1 1 3 1 0 2 4 1 2 3 1 4 1 1 3 2 1 2 3 5 2 2 0 2 1 0 4 3 2 2 4 2 2 1 0 1 1 0 2 3 1 0 2 3 1 1 0 1 3 2 2 2 3 2 0 2 3 1 1 2 5 0 1 0 1 4 3 1 3 0 1 0 2 3 2 3 0 4 4 2 0 2 2 0 2 2 2 3 2 2 3 3 2 2 2 0 0 2 1 1 4 0 3 2 0 2 5 3 2 1 1 1 1 1 0 2 3 2 3 3 0 1 3 2 5 3 1 0 0 2 3 3 4 3 1 3 1 4 0 6 1 1 2 2 1 2 2 2 2 0 3 3 1 0 1 1 2 1 3 2 1 1 0 2 3 3 5 2 0 1 1 5 2 0 6 1 2 2 0 1 3 1 1 3 3 4 2 1 3 0 2 2 2 1 2 1 2 2 5 0 3 3 1 0 1 2 4 3 0 1 2 2 1 0 1 2 0 1 3 1 3 1 1 5 0 2 1 0 0 4 4 2 2 4 0 1 1 3 1 2 1 2 0 1 1 1 2 2 1 3 3 0 4 1 2 1 3 2 1 3 1 4 1 1 2 2 0 0 2 1 2 3 1 1 3 2 3 2 4 1 1 1 3 3 2 3 2 0 1 3 1 4 0 1 6 2 3 3 1 0 4 2 2 1 4 4 1 0 5 4 2 0 5 1 1 2 2 1 3 1 2 1 1 2 0 2 0 0 2 1 2 4 1 3 4 0 1 3 1 1 2 2 1 3 2 0 3 2 1 1 0 7 3 0 2 1 0 1 2 1 3 3 1 4 1 4 3 3 3 1 1 2 1 1 5 0 5 1 4 2 1 2 1 3 1 2 3 7 3 4 2 0 0 1 2 1 1 2 1 3 2 1 1 1 1 1 1 2 1 5 1 3 2 2 2 0 0 0 1 0 2 2 3 1 1 1 0 4 1 1 5 4 1 2 0 1 3 2 1 0 1 3 5 1 2 3 3 0 1 3 3 1 4 3 4 1 2 2 2 1 4 1 1 4 3 2 0 2 0 3 3 3 2 0 1 2 1 0 7 2 1 1 3 1 2 3 1 1 2 3 2 1 5 4 2 3 1 1 0 2 1 0 0 4 3 6 2 2 1 0 2 3 3 1 3 2 2 3 0 2 0 1 1 2 1 4 1 3 2 3 2 6 1 3 2 1 4 0 3 0 0 0 0 3 0 2 2 2 0 1 2 4 1 4 2 1 3 1 2 3 2 1 2 1 1 2 2 1 3 1 3 1 4 3 2 4 2 1 3 4 1 3 2 1 0 4 4 2 0 3 0 2 2 1 2 4 2 3 4 1 1 3 2 2 5 1 2 2 2 2 1 4 2 3 3 1 1 1 1 3 1 2 1 1 1 1 4 1 5 1 0 2 0 2 1 1 4 1 3 1 4 3 2 2 2 2 3 1 3 2 4 2 1 2 1 0 1 2 2 4 4 2 3 2 1 0 2 2 2 1 3 2 2 1 1 2 2 4 0 3 2 2 4 0 3 3 2 2 1 5 4 2 3 1 4 1 0 2 2 1 4 0 2 3 2 1 2 3 0 4 1 1 4 1 2 3 4 1 2 1 5 1 0 0 1 7 2 1 1 2 3 1 3 0 3 4 3 1 4 2 2 3 1 3 3 3 1 1 0 2 2 2 5 3 0 0 1 3 1 3 5 2 2 0 1 3 1 4 1 2 1 1 2 5 2 3 6 3 0 2 1 2 1 3 1 5 4 0 3 0 1 2 2 0 2 1 1 0 2 3 2 0 6 4 0 2 1 1 2 3 1 1 2 3 3 1 3 2 4 1 2 3 2 3 2 5 2 2 1 2 3 4 4 2 3 0 4 1 1 3 2 1 0 2 0 3 4 2 4 1 1 1 0 1 1 3 0 4 2 1 3 3 0 0 1 1 4 0 0 3 1 1 1 1 0 0 2 2 1 3 5 1 1 1 4 6 2 0 1 1 0 1 6 2 4 1 2 0 2 2 0 2 5 2 4 1 3 2 2 4 3 1 0 3 1 2 2 4 1 2 3 0 0 4 1 4 4 3 2 0 1 4 2 0 1 1 3 4 1 2 1 1 3 4 0 3 1 0 5 2 2 3 1 0 2 1 0 3 0 3 1 1 1 5 1 0 7 2 2 0 1 0 1 1 2 3 4 0 2 1 0 3 2 3 0 0 1 2 4 3 2 1 0 1 3 0 1 2 1 3 2 2 2 2 0 1 0 3 5 1 3 1 3 3 2 2 0 3 2 3 2 1 2 1 2 2 0 4 1 2 2 5 1 0 2 0 1 3 0 2 3 3 2 5 4 2 2 0 2 1 2 5 1 2 4 3 1 1 2 4 2 0 2 2 0 2 4 1 0 2 3 2 0 2 4 1 3 1 0 2 0 4 2 3 3 3 0 1 2 1 3 2 2 1 4 1 0 4 1 3 2 0 2 2 2 1 2 2 3 4 2 2 2 1 2 1 2 0 2 3 2 2 2 3 2 0 1 1 1 3 0 2 1 2 0 3 0 2 3 1 2 3 2 4 3 5 2 1 2 0 2 1 3 1 4 2 0 4 1 5 3 0 1 0 2 1 1 2 0 4 0 2 1 2 1 2 1 3 1 2 4 1 1 0 0 1 3 0 3 2 2 1 3 2 0 1 2 2 0 2 2 3 3 2 3 2 2 3 2 1 1 0 2 2 3 0 2 1 5 2 1 2 3 5 5 1 1 2 2 1 2 1 1 0 2 1 5 0 1 2 2 3 2 2 0 3 6 1 1 4 2 1 2 0 2 3 3 3 2 3 3 1 0 2 1 2 2 2 2 2 2 2 4 1 3 1 1 3 1 0 2 1 1 4 3 2 6 0 0 2 6 1 0 0 2 2 2 2 3 2 1 1 3 2 2 2 1 1 1 3 4 4 2 2 1 2 6 2 3 5 5 0 1 1 2 2 4 2 2 1 0 1 2 2 1 3 1 3 2 3 0 0 4 2 2 3 1 2 1 0 1 1 2 0 3 0 3 2 3 6 1 1 0 2 2 0 3 3 3 0 2 0 1 3 1 1 5 0 2 2 5 4 3 3 1 3 0 2 4 1 1 1 1 2 4 0 2 0 2 1 5 0 3 3 2 3 3 0 0 2 1 2 2 2 1 6 4 1 3 0 3 3 1 2 2 5 3 4 2 2 3 5 0 0 2 3 1 3 1 2 3 2 4 3 5 2 4 2 1 1 1 1 1 1 0 1 2 3 0 1 2 2 4 5 3 1 0 1 2 0 4 3 0 1 2 1 1 0 1 2 3 3 4 3 6 2 4 1 1 4 2 0 1 1 4 1 3 2 2 1 1 3 1 3 1 3 1 0 5 2 1 1 3 0 0 2 3 2 5 2 2 2 3 1 0 1 1 2 2 1 1 1 1 0 2 1 1 1 0 3 3 6 0 2 2 0 4 1 2 3 4 1 2 2 1 1 2 3 0 0 0 0 1 1 3 0 2 3 1 1 2 0 0 1 2 1 1 4 1 4 2 1 2 2 3 3 2 3 1 1 6 1 4 2 0 3 1 2 1 2 2 2 3 1 1 1 0 2 5 2 2 2 1 2 1 2 2 2 1 2 1 3 1 2 3 2 1 3 2 4 2 3 2 2 0 2 3 1 1 2 2 0 1 3 2 6 1 2 0 1 1 2 2 4 1 3 1 5 0 1 1 2 1 2 3 0 2 2 2 3 3 3 2 3 1 1 0 3 0 0 2 1 1 3 1 0 4 0 2 4 2 5 0 3 0 0 2 1 5 0 2 2 1 0 3 3 2 4 1 0 0 2 2 6 1 2 3 2 1 1 2 1 3 2 1 1 2 2 2 2 5 2 2 2 0 4 2 1 1 1 3 4 2 2 0 1 3 1 2 2 1 0 1 1 2 4 0 6 2 1 2 4 3 2 2 1 1 1 1 0 3 4 0 2 2 1 1 2 3 2 2 3 0 2 0 3 2 3 1 2 2 3 3 2 1 2 1 4 1 1 2 3 1 0 2 1 0 0 3 1 1 2 1 3 1 2 1 2 1 2 3 4 1 3 3 1 3 2 2 1 1 1 3 3 6 1 2 0 0 0 1 4 3 3 2 2 3 1 1 1 1 1 4 1 1 1 3 4 5 0 1 1 3 3 4 2 1 4 1 4 0 0 1 5 1 3 1 3 1 0 1 0 1 2 2 7 2 2 2 0 2 1 4 2 3 6 3 0 2 0 1 3 2 0 1 0 2 4 1 2 2 3 0 1 0 2 2 1 2 1 1 3 1 1 2 1 2 2 3 2 2 2 0 2 2 0 3 3 1 1 0 2 4 1 3 2 0 1 2 0 1 2 2 1 1 4 2 4 3 6 1 1 0 0 1 4 3 1 2 1 6 1 2 1 0 1 4 4 2 1 3 3 1 1 4 3 5 3 3 2 3 2 2 0 3 0 0 3 0 0 4 1 1 1 1 3 4 0 2 1 1 0 5 2 3 2 3 2 0 4 3 1 1 1 2 3 2 2 2 4 1 2 2 3 2 0 0 1 4 0 4 2 1 2 1 2 5 0 1 0 1 0 3 1 3 3 2 2 4 3 2 1 5 2 0 4 1 3 2 0 0 2 1 2 4 3 3 1 2 3 1 4 3 3 3 3 2 2 3 0 1 1 1 0 6 1 0 4 4 0 1 5 1 2 1 2 2 3 5 0 2 0 2 3 1 0 1 1 4 3 1 9 2 2 2 0 2 0 3 2 2 1 4 2 2 1 2 2 2 2 4 3 0 1 1 1 3 3 0 2 5 2 1 4 0 2 2 1 2 2 0 1 2 2 6 2 1 2 2 2 2 3 4 1 4 2 2 2 2 3 0 2 3 1 2 2 1 5 0 2 4 2 3 2 3 2 4 0 2 1 0 6 0 3 1 0 3 1 1 6 2 0 2 2 1 2 1 1 2 4 2 2 4 2 0 1 3 2 1 1 4 2 2 0 1 0 3 3 4 0 5 2 2 2 3 3 3 3 2 0 2 2 1 3 2 2 2 1 3 2 0 5 1 3 3 3 3 0 1 1 2 2 0 3 6 3 2 1 1 1 1 0 0 3 0 4 1 0 1 2 1 2 2 1 2 3 3 2 0 1 2 2 3 0 2 2 1 3 4 1 3 0 0 1 4 3 2 1 2 0 2 0 1 3 2 0 1 3 1 3 0 0 4 2 2 0 3 1 1 4 0 1 2 3 3 2 0 3 5 3 1 1 3 3 2 1 4 1 2 1 3 1 2 1 3 0 1 0 2 1 0 2 3 1 1 1 1 1 0 3 3 3 3 1 1 4 4 2 3 1 2 1 0 2 1 3 2 3 5 0 5 3 3 2 0 3 1 1 3 2 2 1 0 0 0 2 4 0 5 2 1 3 3 3 2 2 1 3 1 2 4 3 0 1 0 1 3 5 2 1 1 1 2 2 1 2 3 2 3 0 1 0 1 1 1 1 4 3 3 2 1 3 1 3 1 0 3 2 6 2 1 3 1 0 1 2 4 1 1 2 3 2 0 1 3 4 2 2 4 2 3 1 2 0 1 3 4 0 3 2 4 0 2 1 3 2 4 0 2 1 2 2 2 3 3 2 0 3 5 3 1 4 1 1 1 1 5 0 3 1 2 2 4 3 1 0 2 2 3 4 2 4 3 3 2 0 2 1 2 2 2 2 4 1 1 1 4 2 1 1 4 4 1 2 2 1 1 1 1 3 2 1 1 3 4 4 0 3 3 1 2 6 2 1 0 1 0 1 1 4 2 3 2 3 3 2 2 2 4 1 2 3 2 2 1 0 1 0 3 1 3 4 3 2 1 4 0 2 3 2 4 1 0 3 2 2 0 1 4 0 0 4 2 2 3 2 3 3 4 2 2 1 1 1 1 2 2 0 0 2 0 5 3 1 1 1 1 3 3 2 1 2 4 1 2 2 2 2 3 1 1 3 2 4 3 4 1 3 2 2 1 1 0 2 2 1 1 1 0 2 3 1 2 5 1 5 2 3 1 2 3 3 2 2 4 2 3 1 2 1 2 1 3 1 5 2 1 1 1 3 1 0 4 1 2 3 2 0 1 2 3 4 2 1 1 0 4 4 2 1 1 0 0 3 1 2 2 2 1 0 3 2 5 1 1 2 3 4 2 2 2 5 0 1 3 5 0 2 2 2 2 3 2 1 1 0 0 3 0 6 3 3 1 4 0 0 1 5 1 2 4 0 2 1 2 1 1 2 0 6 0 2 2 2 1 1 0 1 4 2 0 2 5 2 3 1 2 5 2 0 2 1 2 4 3 2 1 3 2 0 3 0 2 2 3 4 4 3 4 1 1 3 3 1 2 1 2 0 3 0 1 3 0 3 2 1 3 2 4 1 2 1 2 2 2 0 3 2 5 3 2 5 2 4 1 1 1 4 2 0 2 3 2 0 1 2 1 3 2 1 2 1 3 4 0 2 2 2 4 3 1 0 1 3 1 0 5 4 1 3 1 2 4 2 1 5 1 2 3 1 1 3 1 3 0 3 5 0 1 1 1 1 2 4 2 1 3 4 0 2 2 4 5 1 2 1 1 1 2 5 2 1 2 2 2 1 5 2 2 2 3 2 1 3 1 3 1 2 1 1 2 3 2 0 4 0 3 4 1 2 4 3 0 3 1 0 0 0 2 1 4 0 3 4 2 0 0 1 3 3 0 1 3 3 1 3 2 3 2 1 1 3 5 2 1 1 2 1 3 1 0 2 1 1 3 1 6 1 3 3 5 3 0 2 3 0 3 2 2 0 1 0 1 2 2 2 3 2 0 0 1 3 1 2 3 0 1 0 1 2 1 1 1 2 3 1 1 3 1 1 3 1 1 0 1 3 2 4 2 2 3 3 1 1 1 4 2 2 3 5 1 2 2 3 1 1 4 0 0 2 2 3 3 4 3 1 1 2 1 1 1 2 1 3 2 1 3 2 4 0 2 0 3 2 2 5 3 2 0 2 3 0 2 5 1 3 3 2 1 1 2 1 1 3 2 1 7 1 5 1 1 2 0 0 4 0 4 3 0 0 2 4 2 2 3 1 2 1 3 0 1 1 4 1 2 2 1 2 1 1 1 3 1 2 1 1 0 0 1 3 1 2 4 5 2 3 3 2 2 2 1 1 4 1 1 2 1 0 6 2 2 1 4 0 1 1 0 2 0 0 3 0 0 1 2 2 2 2 2 5 1 1 2 1 1 1 2 1 0 3 3 0 1 3 1 1 1 4 1 3 0 2 3 1 2 5 2 2 2 2 1 0 4 2 0 3 1 4 2 0 1 1 4 2 4 1 5 0 1 4 1 0 2 1 1 3 0 1 1 3 3 2 0 3 2 0 2 1 5 0 1 1 1 4 3 4 0 4 4 5 3 2 3 1 1 0 3 2 2 3 3 2 2 3 0 0 0 2 1 3 4 2 2 0 6 1 2 3 0 0 2 2 2 2 1 4 3 1 2 1 3 2 2 3 3 2 0 2 2 5 2 0 1 2 4 1 2 3 4 1 5 0 4 0 1 3 2 3 3 2 4 0 2 1 4 3 1 3 1 2 0 0 0 1 1 2 1 1 1 4 0 4 2 2 2 2 3 2 4 1 1 0 4 2 2 4 2 3 2 1 2 4 2 1 3 3 1 2 6 2 2 1 0 3 1 1 1 1 4 0 4 5 2 1 0 4 3 2 4 1 1 3 3 0 0 4 1 2 2 2 1 2 1 2 2 5 0 1 1 4 1 1 2 2 5 3 2 2 2 3 4 1 2 3 2 2 0 7 0 1 0 2 4 3 2 1 1 2 4 2 2 1 4 0 4 2 2 1 1 0 3 1 1 2 3 3 3 2 1 1 2 3 4 0 2 2 0 3 1 0 2 1 4 0 2 4 1 1 2 2 2 1 2 3 1 2 2 1 1 2 1 1 2 5 1 0 3 2 1 3 1 0 0 5 2 3 1 3 0 1 1 3 4 1 2 1 4 3 2 1 2 2 1 4 2 2 0 0 5 1 1 3 2 2 2 4 3 0 2 2 2 3 3 1 0 4 1 2 1 2 0 0 2 1 2 0 2 2 3 4 1 1 2 1 2 4 3 1 1 2 3 0 4 0 4 3 6 0 3 0 2 1 1 2 4 3 1 2 1 2 3 2 3 3 3 1 1 1 3 0 2 1 2 4 1 2 2 3 3 1 1 3 2 1 1 6 0 5 3 2 1 0 1 1 4 0 2 3 5 2 2 0 1 1 5 3 0 1 2 3 0 4 2 1 0 1 3 2 5 0 3 2 3 1 4 2 0 2 3 3 0 1 2 1 1 0 6 2 2 4 3 0 3 1 2 2 4 4 3 2 1 0 3 1 1 0 2 4 2 0 3 1 3 3 2 2 2 3 2 0 1 2 2 0 2 2 0 0 2 3 3 2 4 1 3 1 1 1 1 5 0 3 1 2 3 1 1 1 2 2 3 3 2 2 3 1 3 0 1 2 1 2 3 4 2 1 4 0 1 3 2 1 1 4 2 0 0 2 2 2 4 4 1 3 1 2 3 0 2 2 1 0 4 2 0 2 0 1 0 1 2 1 2 4 1 2 4 2 1 1 2 2 3 2 3 2 0 0 0 2 0 3 0 4 3 1 1 4 1 3 1 6 2 3 2 2 2 0 3 3 2 0 2 2 2 2 5 4 0 3 0 2 0 3 2 3 5 3 1 3 0 5 2 1 2 0 5 2 3 3 2 1 2 2 2 1 0 1 1 0 2 3 1 4 3 5 3 2 0 3 0 2 3 1 2 1 0 4 1 1 4 2 2 2 0 3 1 0 2 0 7 3 2 1 0 2 1 1 1 4 0 1 1 4 3 2 2 2 1 5 2 3 2 0 2 3 1 5 0 2 1 2 0 0 2 4 4 1 1 1 1 2 3 3 3 0 1 2 5 5 1 1 0 2 3 1 1 4 2 5 2 2 2 0 1 1 2 1 5 2 2 2 0 2 0 1 3 1 1 2 5 2 1 5 2 1 2 1 1 1 2 0 1 2 6 1 6 1 2 2 2 2 3 1 4 3 3 2 4 1 0 2 2 3 1 1 2 3 1 3 4 4 3 2 0 2 2 3 1 2 2 4 1 3 2 2 2 1 2 0 1 2 4 0 1 4 1 2 0 1 3 2 2 3 2 0 2 1 2 7 1 1 3 4 1 1 2 0 3 2 2 2 2 2 1 3 4 1 0 4 4 2 1 1 2 1 0 3 6 2 1 2 1 4 3 1 1 1 4 2 1 2 6 2 3 3 1 2 2 2 1 4 1 1 0 3 2 1 0 2 1 3 3 2 3 1 0 2 0 1 5 5 2 4 1 0 7 1 2 3 0 1 2 4 1 5 1 1 2 4 3 0 2 1 1 1 1 3 1 3 7 0 2 3 0 1 1 4 2 4 3 3 4 4 1 3 2 1 1 3 2 2 1 2 2 3 0 2 4 3 2 2 3 3 4 1 3 3 1 2 1 1 2 0 3 4 2 2 2 1 1 5 3 1 2 1 3 4 2 0 1 4 2 1 6 4 6 1 1 2 0 1 2 2 3 2 0 6 4 3 4 4 1 2 2 0 2 2 1 2 0 3 3 1 1 0 4 2 1 4 2 1 3 3 2 1 1 3 1 2 2 2 1 3 4 1 2 3 0 6 1 1 1 0 3 2 1 1 6 3 2 1 2 1 0 2 1 2 2 1 2 5 4 1 1 2 2 0 8 3 2 3 3 3 3 2 1 2 3 2 2 0 1 0 2 3 1 1 3 1 0 5 1 1 3 2 2 0 3 4 1 3 4 2 4 1 1 2 1 4 2 3 1 1 2 5 1 0 0 0 1 1 2 0 1 2 1 2 0 4 2 1 1 0 3 2 5 3 0 0 4 1 4 2 2 2 0 0 2 1 2 2 1 5 3 0 3 1 1 3 1 1 0 2 3 3 1 4 3 3 2 2 2 2 3 0 3 2 0 2 2 0 2 3 1 2 1 1 3 1 0 2 4 1 2 0 1 7 0 0 0 3 3 0 2 2 2 2 1 1 2 1 0 4 1 2 0 1 5 2 3 2 1 5 3 1 0 1 1 4 1 1 3 4 1 1 3 3 2 6 0 0 2 1 2 2 1 1 3 5 1 2 1 4 2 3 1 2 1 0 3 1 0 0 3 2 1 1 2 2 3 3 3 0 1 3 0 2 2 1 3 2 1 5 2 2 2 1 4 3 3 3 2 1 1 1 0 4 2 2 1 3 1 2 1 2 0 3 3 2 1 1 1 3 6 1 3 3 1 2 1 0 3 1 1 4 3 4 2 1 2 3 3 2 2 0 1 3 3 3 2 2 2 2 2 5 3 0 1 1 1 0 2 0 5 3 2 2 3 0 1 1 2 3 1 1 1 2 1 3 2 3 1 4 0 2 1 2 7 3 2 0 1 1 4 0 2 0 1 3 2 2 6 4 3 1 3 4 4 1 3 1 4 4 1 2 0 2 2 1 1 2 0 1 1 1 3 3 1 4 1 4 1 1 0 2 2 0 4 2 1 1 1 1 2 2 0 2 2 2 1 2 2 4 3 4 0 2 4 1 1 0 2 2 5 3 3 4 1 3 3 3 4 2 4 1 1 0 1 2 3 2 0 2 1 2 1 5 1 1 4 2 4 0 2 4 2 4 1 1 3 6 3 1 3 2 0 1 2 2 0 4 2 2 1 1 2 6 0 1 0 3 2 3 1 4 2 3 2 2 3 1 0 2 1 3 0 1 4 3 2 4 1 1 0 1 3 1 2 0 0 2 4 5 3 2 1 2 3 0 2 3 6 0 1 3 0 6 0 3 1 1 5 0 2 3 3 7 3 3 2 0 2 1 1 0 2 0 1 1 4 2 5 2 2 0 0 1 1 5 3 2 1 0 2 0 1 1 2 0 2 4 1 2 2 2 1 1 3 2 0 0 1 1 1 3 1 1 1 2 1 0 1 1 3 1 4 2 1 3 3 1 3 0 3 3 0 3 2 2 4 2 0 2 2 1 3 2 3 2 3 1 2 4 2 2 2 0 4 1 0 3 3 1 1 2 3 2 2 0 1 0 1 2 0 1 1 1 3 1 2 3 0 3 2 3 3 0 2 2 1 1 4 6 2 4 0 2 1 1 1 2 2 4 6 0 1 2 1 2 4 3 1 1 1 0 4 1 2 6 2 2 0 3 1 1 1 0 2 3 0 4 2 1 2 2 0 2 2 2 4 0 1 1 3 2 2 2 3 1 2 4 2 2 1 2 1 1 1 1 2 2 2 1 1 2 3 0 1 3 2 2 0 1 4 2 1 2 3 3 3 4 3 2 2 1 1 0 2 2 2 3 2 3 3 0 0 3 1 3 4 3 3 1 2 2 0 4 1 1 2 4 2 1 0 3 3 0 1 1 2 4 4 5 2 1 1 2 0 1 1 1 1 1 3 1 5 2 2 1 2 3 2 2 1 3 1 2 0 0 2 6 3 2 1 1 2 4 2 0 1 1 0 4 4 3 3 5 2 0 2 1 4 2 3 2 2 2 2 0 2 4 2 2 0 0 0 2 2 1 3 2 2 3 1 1 2 1 5 3 4 4 2 2 2 0 0 1 1 1 5 2 0 3 1 2 2 3 2 1 0 1 2 1 2 2 2 2 1 2 1 2 3 2 3 4 3 2 2 0 3 1 3 2 1 1 1 1 2 1 1 5 1 2 2 1 5 1 4 4 5 1 0 1 2 2 2 4 2 2 2 1 5 3 0 2 2 3 2 3 4 1 0 2 0 1 1 0 2 3 2 0 1 4 1 2 4 2 2 5 2 0 1 2 6 2 3 1 1 2 3 3 3 3 1 6 3 0 2 3 3 4 3 2 2 1 2 3 0 0 1 2 6 3 2 4 1 4 1 3 1 0 3 2 3 2 1 3 2 3 2 1 1 1 2 1 4 1 1 3 1 2 1 3 2 4 0 2 2 5 2 2 2 2 3 1 2 1 6 2 3 4 1 1 0 3 0 3 3 2 4 3 1 1 0 0 3 2 0 2 2 4 3 0 1 5 2 2 1 0 0 0 0 0 4 3 3 1 4 1 1 1 0 2 2 2 6 2 2 4 0 2 3 3 2 2 1 1 3 3 1 3 2 2 0 1 1 1 3 1 3 2 1 3 1 1 3 4 3 5 0 3 0 0 2 3 2 1 3 2 3 1 0 1 1 2 5 3 2 1 1 2 1 2 2 2 3 1 1 2 2 1 2 5 3 7 1 1 0 0 2 4 1 3 0 3 0 3 0 1 2 2 0 1 2 4 1 0 4 2 6 1 3 1 1 1 1 4 3 0 1 4 1 3 3 2 1 0 0 3 2 2 5 4 2 3 5 3 3 3 1 1 0 3 0 4 3 0 4 4 3 1 6 2 0 3 2 0 0 3 2 3 2 1 1 2 0 2 0 4 3 3 1 2 1 0 3 1 2 1 5 5 1 3 2 4 3 2 2 1 3 5 1 0 0 1 2 2 1 2 2 3 2 6 2 2 2 4 2 1 2 1 3 1 0 1 1 1 3 2 3 3 3 1 3 0 1 1 2 1 0 4 2 4 2 1 3 3 1 3 1 1 4 3 2 4 1 2 1 1 2 0 4 4 1 1 2 3 1 3 2 1 1 3 0 2 3 1 2 3 3 4 0 3 2 0 4 0 0 2 1 2 1 3 1 1 3 1 2 2 1 3 1 3 2 3 1 3 2 3 1 2 1 3 1 4 6 2 0 2 2 3 3 0 3 4 2 2 1 1 2 2 1 2 0 4 7 2 1 2 0 3 4 2 0 3 3 2 2 3 1 5 2 0 1 3 2 2 1 1 1 2 4 0 3 4 5 3 1 2 0 2 1 4 1 2 1 2 2 2 2 4 3 1 0 4 2 2 4 2 2 1 4 3 1 1 0 1 3 5 2 1 2 2 0 0 1 3 3 5 2 0 1 3 4 1 2 2 2 2 3 2 0 1 0 2 5 2 1 3 2 3 1 1 1 2 0 1 4 2 4 3 2 2 3 4 0 2 2 4 1 2 4 0 3 3 3 2 1 4 4 5 1 1 3 3 0 2 0 3 1 3 1 1 0 2 4 1 2 1 3 5 0 4 2 1 2 2 2 3 1 3 4 0 3 1 6 2 2 3 0 1 2 2 1 2 2 4 1 1 1 1 0 1 1 2 3 3 2 3 1 2 2 3 2 1 2 2 3 3 3 2 1 0 1 2 3 4 2 1 1 3 1 3 3 2 0 2 3 2 0 3 1 1 2 1 1 4 1 0 0 3 4 2 1 2 2 2 0 2 1 2 1 5 0 3 2 1 5 1 0 3 4 3 1 4 3 1 3 1 3 2 3 3 1 2 3 3 1 0 3 2 2 1 0 2 3 1 2 2 2 2 0 2 2 4 2 3 3 2 2 3 0 1 2 3 2 0 2 4 2 2 2 0 1 2 5 1 1 0 0 2 4 5 2 3 2 2 1 0 4 3 0 2 1 0 2 2 1 2 1 1 3 1 0 2 1 3 0 4 3 2 4 2 1 1 0 1 3 3 2 2 1 1 2 3 0 0 0 1 3 4 0 0 4 3 2 1 2 3 3 2 1 0 4 1 3 1 2 3 0 1 1 0 1 3 3 2 2 0 1 4 3 2 2 2 5 2 2 2 1 2 0 3 1 2 2 3 1 0 2 6 4 4 1 1 2 3 0 0 0 3 3 4 0 1 3 1 3 2 2 4 2 4 3 1 1 4 1 1 2 1 1 6 3 2 2 1 5 1 3 1 1 4 3 1 2 0 2 0 1 2 1 4 3 2 2 0 1 2 3 2 1 1 1 2 1 3 1 2 1 2 3 1 3 2 1 2 2 4 1 6 4 1 1 2 1 1 5 4 3 2 2 0 3 2 1 1 3 1 2 2 2 1 0 1 3 1 7 2 1 1 0 1 1 5 2 1 4 3 2 0 2 0 4 3 3 5 1 1 1 2 2 1 1 4 3 5 2 2 2 4 2 1 0 0 4 1 2 1 2 2 3 3 1 0 0 1 1 4 4 0 1 2 1 0 1 1 5 1 4 1 2 2 3 3 1 4 1 1 2 4 1 2 1 2 2 2 0 3 1 1 1 2 5 3 1 3 1 3 3 2 3 1 0 1 1 0 2 1 2 2 1 4 1 0 2 1 1 1 3 2 0 6 2 0 5 1 3 2 0 1 1 1 1 3 2 1 0 4 2 0 3 1 1 2 1 1 3 1 1 5 1 4 2 2 0 3 2 0 2 1 1 1 1 2 0 0 3 4 2 0 3 1 2 3 3 0 2 3 2 1 1 3 2 1 2 0 3 1 1 3 0 2 1 3 4 2 2 3 2 1 1 3 1 2 0 3 6 1 0 2 1 2 2 5 3 2 1 1 4 2 5 1 3 1 2 1 2 2 1 2 2 3 2 1 1 1 4 1 0 0 3 2 6 2 2 2 3 3 0 3 3 2 5 3 2 1 1 1 0 2 2 1 2 2 4 0 1 3 2 5 4 0 5 2 1 1 1 3 0 2 3 2 2 1 3 6 1 0 4 1 6 0 1 2 7 4 2 2 0 1 3 3 0 2 1 1 1 1 1 2 0 1 3 3 2 2 1 0 2 0 3 1 5 4 4 4 2 2 0 2 1 2 2 0 4 1 2 3 4 4 2 3 1 2 4 2 2 4 1 1 0 4 0 3 4 3 1 2 5 1 5 1 7 1 1 1 0 2 1 1 3 1 1 1 1 3 2 3 2 0 0 1 3 1 2 2 1 1 5 1 2 1 1 3 2 5 2 1 2 1 5 1 5 0 0 3 0 0 1 1 1 2 3 1 2 3 0 1 3 0 2 1 2 2 2 7 1 4 0 4 0 2 4 1 1 2 3 3 3 2 1 1 1 3 2 1 1 1 1 2 3 3 1 0 2 0 2 2 2 2 5 2 0 2 1 1 3 2 1 2 1 3 1 0 2 1 6 2 1 4 0 2 1 2 1 1 3 1 0 3 1 1 2 0 4 2 3 3 0 6 1 1 0 3 2 2 3 6 4 2 2 1 2 3 1 3 2 3 3 3 4 3 1 2 2 3 3 0 3 3 3 1 1 2 3 0 0 0 2 3 1 1 3 3 3 1 3 4 1 5 1 2 1 0 0 3 2 1 2 1 4 3 3 0 3 1 3 1 1 4 1 6 3 4 2 4 1 0 1 0 3 5 3 0 3 1 1 4 0 6 1 3 1 2 2 0 3 1 1 1 2 3 0 0 5 3 3 3 1 2 1 2 0 2 1 4 1 4 1 3 5 2 2 1 1 1 1 3 5 0 0 4 2 2 2 1 3 3 1 3 2 2 3 2 0 1 0 3 3 2 2 3 1 4 1 1 1 3 1 2 1 2 5 1 2 0 4 2 2 3 1 1 7 0 1 1 4 4 5 1 0 3 1 5 2 3 0 2 0 0 4 3 3 3 0 1 3 0 2 4 2 1 2 2 3 1 1 6 1 0 2 4 2 3 3 5 3 0 0 3 3 1 3 1 2 4 4 3 0 1 2 2 3 1 1 0 3 0 2 2 2 2 2 2 0 3 3 0 2 1 3 1 1 1 4 3 2 2 4 2 2 0 5 3 1 3 0 0 6 0 3 1 1 3 2 3 0 3 2 0 4 1 3 3 1 1 1 2 2 1 3 3 2 0 1 2 3 1 0 5 5 1 0 4 2 2 3 3 0 1 5 5 4 1 4 1 2 1 1 2 3 2 0 1 2 1 3 2 2 2 3 4 3 2 3 4 4 1 2 2 1 3 1 3 5 3 0 3 4 1 3 2 2 0 3 2 1 2 4 1 1 1 4 0 0 2 4 0 6 2 1 2 0 4 3 2 2 3 1 3 2 2 0 1 2 5 0 4 0 3 0 2 3 1 1 3 3 2 1 0 1 1 0 4 2 3 2 1 3 0 3 0 3 5 3 2 2 1 2 2 1 2 1 1 5 2 1 1 2 2 3 1 0 1 1 3 4 1 1 3 1 3 0 2 1 0 3 1 3 3 3 5 2 2 2 1 0 2 2 5 3 1 3 1 2 2 2 2 4 2 1 0 0 2 1 3 4 2 2 0 1 4 1 2 2 3 2 1 4 2 1 1 6 0 2 4 5 0 1 0 2 1 5 1 5 1 1 0 3 1 1 5 3 1 1 2 3 4 0 2 2 0 2 1 1 2 1 3 2 5 3 0 1 2 4 2 2 2 1 5 2 4 1 1 6 4 2 0 0 2 1 0 3 5 1 5 1 0 2 2 3 3 0 0 2 2 1 2 2 0 4 1 0 4 0 2 2 3 1 1 2 0 3 1 2 4 0 2 3 5 4 1 1 4 2 0 2 2 3 3 3 1 1 2 1 2 7 0 1 5 0 0 0 1 1 2 4 0 1 1 2 1 2 4 2 0 3 1 4 3 1 3 2 1 0 2 0 3 3 3 2 1 0 2 3 3 4 5 1 4 1 4 0 4 0 2 2 1 4 1 1 1 2 2 3 4 1 3 1 3 2 0 1 4 3 3 0 2 0 4 1 1 3 2 2 1 2 3 2 1 3 3 0 0 4 2 2 3 2 4 1 1 1 3 1 3 0 3 2 2 1 3 0 1 3 2 1 1 1 2 1 3 2 1 4 2 3 1 4 0 1 2 5 3 3 1 4 1 0 1 1 1 0 5 1 2 2 5 2 4 1 1 3 1 4 1 1 1 1 5 2 1 5 1 2 1 0 0 2 1 5 0 2 2 1 3 0 1 4 3 1 3 4 3 1 2 1 3 3 2 4 2 3 0 4 0 0 3 1 0 1 5 4 2 2 1 0 0 4 1 1 7 3 0 1 2 4 3 2 0 1 2 2 0 2 3 1 5 2 6 2 3 0 2 2 3 1 2 3 0 5 0 2 3 2 2 1 1 3 2 3 2 1 4 3 0 1 1 2 4 0 5 4 3 0 2 2 0 1 2 4 2 2 2 1 1 3 4 1 1 0 2 4 1 2 0 0 4 1 0 1 0 3 0 2 2 3 2 3 0 0 3 3 4 0 1 3 3 1 3 4 2 1 1 1 1 2 2 2 1 2 2 3 3 3 4 2 4 2 3 4 2 1 1 0 1 0 4 2 2 1 1 2 0 1 4 3 3 1 1 2 3 1 0 1 2 1 1 4 3 2 4 1 1 4 1 0 2 4 2 6 0 0 2 2 1 1 1 1 2 2 5 0 3 1 1 1 3 3 1 2 3 2 2 1 1 1 2 0 3 1 1 2 1 3 3 5 0 2 3 2 2 3 1 3 2 2 2 3 3 3 3 1 3 1 5 3 1 2 2 1 0 1 2 1 0 4 0 1 4 1 4 2 1 1 3 2 1 0 1 4 3 4 2 3 2 3 0 3 2 0 3 2 5 0 0 2 0 3 2 3 3 2 1 2 0 1 2 1 5 2 1 2 4 3 2 2 1 1 1 2 5 3 0 3 2 4 1 3 2 5 1 2 3 0 2 2 0 3 0 1 3 0 3 0 3 3 0 3 3 4 1 1 3 2 1 1 1 3 1 3 0 3 2 0 2 1 3 1 3 3 1 2 2 1 3 2 5 6 1 3 1 1 0 4 2 3 3 5 1 5 1 0 2 3 0 2 2 2 0 4 1 2 2 2 3 2 2 2 1 3 1 2 3 3 1 2 1 2 1 3 1 3 0 2 1 3 3 3 2 3 2 4 1 1 1 5 1 3 2 3 1 0 0 3 1 2 5 1 1 1 2 2 0 0 3 1 1 2 4 1 1 1 1 0 3 7 0 3 3 3 3 2 3 1 0 1 3 3 2 3 3 2 3 1 2 2 1 2 0 3 4 2 1 1 1 1 2 4 2 2 0 0 4 4 4 3 3 2 1 0 3 0 2 6 1 2 1 0 5 0 1 3 2 3 2 1 1 1 2 4 3 0 3 2 1 2 1 2 4 1 4 1 4 1 2 0 1 3 2 2 1 3 1 4 4 2 2 3 1 2 2 1 2 4 0 2 3 3 2 0 2 0 0 2 3 6 6 2 2 1 1 2 3 2 1 2 4 1 3 5 4 1 1 4 2 0 2 0 5 2 3 1 3 2 5 2 0 0 0 2 0 3 4 2 0 4 2 4 2 1 1 2 2 2 2 5 2 3 2 2 2 2 0 2 6 4 0 3 0 7 0 3 1 2 2 3 1 3 2 2 0 1 1 1 1 0 2 1 1 2 6 2 3 4 6 0 1 2 1 3 3 3 0 1 2 2 1 2 1 1 2 1 2 3 4 3 2 2 1 1 2 1 3 2 6 5 3 1 2 0 5 4 3 5 0 1 3 3 1 2 3 1 1 2 3 1 1 1 2 1 0 1 1 1 3 0 1 3 3 1 3 2 3 2 0 2 1 0 3 2 4 2 3 0 4 1 1 1 5 4 1 2 3 2 1 3 1 1 3 2 1 3 1 2 2 3 3 2 2 1 1 4 0 4 2 1 0 1 0 1 0 4 2 2 2 0 3 3 1 2 4 3 1 1 1 3 2 1 3 4 4 2 1 2 0 5 1 1 0 2 3 1 0 3 2 2 6 1 1 4 3 2 2 1 2 1 3 1 1 4 0 1 2 1 1 0 1 0 7 3 3 1 1 1 3 0 0 4 0 4 1 4 2 5 1 2 3 0 1 2 0 3 2 1 1 1 3 2 6 1 1 1 2 0 2 2 2 3 1 3 1 5 3 1 3 2 0 1 2 3 3 2 3 4 0 3 4 3 1 3 1 0 1 4 1 8 2 3 1 3 1 3 2 0 1 2 2 1 0 3 2 0 1 3 2 4 3 4 1 5 0 1 3 2 4 3 1 3 2 4 4 2 3 2 3 1 1 2 2 0 1 0 1 4 1 6 1 5 1 4 2 2 4 0 1 2 2 3 1 2 3 1 2 2 1 1 2 2 2 2 2 1 0 5 3 2 3 3 1 1 1 1 3 3 2 1 2 3 2 2 4 0 3 1 1 2 2 1 1 2 4 2 1 1 2 1 2 0 3 0 1 3 3 1 3 3 2 1 4 0 2 2 1 2 3 2 1 1 0 4 1 4 1 4 1 2 6 2 3 5 1 1 0 2 1 1 3 0 5 6 2 1 3 1 3 2 1 0 3 0 2 3 3 2 2 1 3 0 1 4 3 0 3 1 1 2 2 2 2 2 0 1 3 0 2 4 4 4 2 0 2 2 3 0 0 3 2 0 0 2 1 2 1 5 1 4 2 2 3 2 3 1 0 0 2 2 5 2 1 1 1 1 2 1 3 1 5 1 1 1 1 3 2 2 0 1 0 3 2 2 4 3 2 0 5 3 4 0 1 1 1 1 1 1 7 4 0 3 4 0 2 1 2 1 5 2 1 1 0 2 2 1 2 2 2 1 1 2 2 0 3 0 1 3 3 2 2 0 2 1 4 0 3 7 0 3 2 1 2 2 6 1 1 3 3 2 2 2 0 1 2 2 2 0 0 1 0 2 6 2 3 1 3 1 2 1 3 3 2 1 2 1 1 6 1 1 2 2 1 1 3 0 3 2 3 0 2 0 1 0 3 2 3 4 1 4 4 2 2 0 1 4 2 2 3 4 5 4 0 7 1 4 2 1 1 4 2 3 1 2 1 3 4 3 1 0 1 4 2 2 3 4 0 3 3 2 2 0 1 2 3 1 3 4 3 4 2 3 1 1 1 4 0 0 3 1 1 1 5 2 1 3 2 0 0 3 2 2 2 3 1 2 2 0 1 1 0 4 2 1 2 4 0 1 3 3 1 1 1 1 2 2 4 1 2 2 4 0 0 4 3 2 0 2 2 2 4 0 3 4 3 4 0 3 1 0 3 3 1 2 4 1 1 0 1 4 0 3 0 0 1 2 2 4 4 3 3 0 1 3 0 1 4 2 4 2 0 1 1 1 1 1 1 2 2 3 1 2 0 1 4 2 4 2 1 4 3 2 1 1 3 4 1 6 3 0 0 2 3 1 3 0 1 3 1 0 3 3 1 3 0 4 1 1 2 0 3 1 3 1 3 0 1 3 2 0 3 2 0 0 5 1 2 2 0 4 2 1 2 2 5 3 1 1 3 1 1 1 4 2 1 2 2 2 3 3 3 3 2 1 3 0 3 4 1 0 3 3 3 1 4 2 3 1 1 2 3 3 2 2 1 1 1 2 0 3 2 2 3 1 3 1 2 4 0 3 1 3 3 8 0 1 1 1 1 1 3 3 1 2 1 2 2 2 0 2 2 4 1 1 3 1 1 0 3 2 5 1 1 0 4 2 1 2 0 2 4 4 1 2 1 0 5 3 3 3 1 2 2 2 5 0 2 3 2 2 2 1 0 1 0 4 4 1 1 2 2 4 0 1 2 3 0 3 5 2 3 2 2 4 3 3 2 0 2 0 2 3 3 2 2 1 2 1 4 3 2 2 1 0 3 3 0 0 1 3 2 4 3 1 2 1 4 6 4 0 2 3 1 3 1 3 1 1 2 5 0 0 3 3 2 1 1 3 4 0 2 2 1 1 1 2 4 3 4 5 1 2 3 1 1 3 1 3 0 1 3 2 1 0 1 2 2 2 2 5 2 1 1 1 3 2 4 2 1 5 1 1 3 3 4 3 2 2 0 1 1 1 3 3 2 3 1 1 4 2 0 4 2 4 1 4 2 2 1 1 2 4 0 1 3 2 3 1 2 2 3 1 2 3 1 1 2 0 3 1 3 3 1 0 4 3 1 1 2 0 1 0 2 2 4 3 0 2 2 1 3 1 2 1 4 3 1 3 2 0 2 2 1 2 3 4 2 0 0 4 2 2 3 1 4 0 1 1 1 2 2 3 3 2 0 3 4 1 0 1 2 4 1 1 4 0 1 2 1 2 0 0 0 1 3 3 0 1 2 1 0 3 4 3 1 0 0 3 1 5 4 2 1 0 1 0 2 2 3 2 0 1 1 1 5 1 2 1 1 2 1 2 2 2 0 2 1 3 2 2 1 1 3 1 5 3 2 3 3 1 2 2 2 1 2 3 3 2 0 0 1 0 0 2 3 4 1 2 1 2 1 2 3 3 2 3 2 1 3 1 2 4 3 2 2 2 5 1 3 1 0 2 1 6 6 4 0 3 1 1 1 2 2 2 0 1 5 0 2 1 3 4 3 2 1 2 1 1 0 1 2 1 4 1 1 4 0 1 2 5 0 0 1 0 0 6 3 3 4 2 3 2 1 1 5 1 2 4 1 0 4 3 3 2 3 3 0 3 1 4 0 3 3 2 1 0 1 0 4 0 0 4 3 0 1 4 1 4 1 1 0 1 3 2 0 3 4 0 4 1 2 3 0 4 2 4 2 6 2 0 2 2 2 5 5 1 1 2 0 0 0 2 0 3 3 3 2 2 3 1 1 2 2 4 2 0 3 3 0 2 3 1 1 2 1 3 0 1 2 1 2 0 1 3 1 5 4 0 4 2 2 4 2 1 3 4 3 1 2 1 2 4 1 1 0 0 8 2 1 4 3 2 0 4 3 1 5 5 2 2 2 1 2 2 2 0 1 1 2 4 2 5 0 2 3 0 3 0 2 3 4 2 2 1 1 0 1 2 2 1 3 5 0 2 2 1 3 1 2 2 1 1 1 1 2 4 2 1 1 4 1 1 1 4 3 4 3 1 1 1 3 1 2 3 2 1 3 0 1 0 4 1 4 1 1 1 3 2 3 3 0 0 2 0 1 7 3 1 1 5 3 1 1 2 1 2 1 0 2 3 1 2 2 4 3 2 2 2 3 2 3 4 1 1 2 2 5 6 2 0 3 1 1 0 5 0 2 1 3 0 2 1 3 1 2 4 4 1 0 1 3 4 0 2 2 1 3 3 3 3 2 2 1 2 1 2 4 1 1 2 3 3 1 5 2 3 0 5 2 1 0 4 0 3 1 4 2 3 2 1 2 1 3 0 1 2 2 0 1 2 4 1 1 3 4 1 4 5 0 0 4 3 2 0 0 3 1 2 1 2 1 0 3 0 0 0 4 4 1 3 5 1 2 3 2 1 2 2 2 1 1 2 2 2 0 2 1 2 0 1 1 1 4 3 5 2 2 1 3 1 2 2 2 1 2 1 1 3 1 6 0 1 4 2 3 6 1 1 1 2 3 3 1 0 1 3 2 0 3 2 1 2 2 1 4 4 1 4 2 0 2 2 2 1 1 0 4 1 1 6 2 3 1 2 3 1 1 1 1 2 3 1 3 6 1 2 4 2 1 3 4 3 4 2 3 3 3 1 1 1 2 1 2 2 2 1 1 3 1 3 3 3 2 4 0 0 2 4 0 0 2 4 6 2 3 2 3 4 2 0 5 3 1 0 0 2 0 4 2 2 1 5 1 5 1 3 4 0 1 1 3 1 2 2 2 4 1 1 2 1 4 1 4 2 2 2 2 1 2 1 2 1 1 1 2 1 1 3 4 1 2 1 2 5 2 0 2 2 3 2 2 1 3 2 5 2 1 3 0 2 1 1 1 5 1 0 2 2 1 4 2 1 1 2 2 3 1 3 2 2 1 1 3 2 5 3 2 2 3 2 2 2 1 2 4 1 1 4 1 0 3 2 0 4 0 2 1 3 3 2 2 5 3 2 3 2 2 0 0 2 5 2 2 3 1 4 1 0 2 2 3 2 0 1 4 2 1 2 4 1 1 2 3 1 0 4 3 0 3 2 2 2 0 2 3 4 1 2 1 2 3 0 3 2 1 2 6 1 3 1 2 1 3 1 1 2 2 1 2 0 1 2 0 1 1 4 1 1 3 0 2 3 1 2 1 2 0 1 3 1 3 3 3 1 2 2 2 2 1 2 4 4 3 0 4 2 2 0 1 2 1 1 1 3 0 2 2 0 3 4 1 2 3 2 2 2 3 0 4 1 1 2 2 0 2 3 1 0 2 1 3 3 1 1 2 1 2 2 2 2 1 1 0 2 2 1 1 3 1 3 4 3 1 3 2 0 1 2 2 1 0 2 4 2 4 2 1 5 2 0 3 3 2 1 0 3 2 2 1 2 0 1 2 2 0 2 4 2 2 3 1 1 3 0 2 1 3 2 2 2 4 3 0 1 2 3 2 2 0 1 2 4 5 0 1 2 4 2 2 3 3 1 0 3 6 4 0 1 2 2 2 0 2 0 3 2 1 3 2 1 2 0 6 2 3 2 2 3 2 1 3 0 3 1 1 4 2 0 1 1 0 4 2 0 1 1 7 1 3 3 1 2 1 2 4 1 1 0 0 2 0 2 1 4 2 2 2 3 2 1 3 2 3 5 3 1 3 5 1 2 3 5 3 2 2 0 4 0 2 0 1 1 2 3 2 3 2 1 0 4 2 2 4 1 4 1 2 0 0 2 1 2 3 0 3 1 4 0 3 2 4 2 1 1 1 1 0 2 1 1 0 1 3 2 5 3 2 2 0 2 1 1 2 3 0 2 1 5 1 1 1 1 2 1 0 1 1 0 3 0 2 9 2 3 1 0 2 2 0 2 3 3 1 4 1 3 2 4 3 1 2 3 1 2 3 4 1 3 2 1 1 2 0 3 3 2 3 3 0 2 1 1 1 4 0 0 4 0 1 0 2 1 2 3 3 4 1 2 2 1 2 2 1 3 1 1 2 1 4 1 1 3 0 0 4 5 1 0 3 2 2 4 2 0 0 2 0 2 1 1 2 0 3 4 1 2 4 2 2 1 0 0 3 2 1 3 0 2 1 1 2 4 1 2 1 1 3 3 1 2 5 1 0 3 1 0 1 2 3 3 3 1 1 3 2 1 0 5 3 0 2 3 2 7 1 1 2 0 2 2 4 4 0 1 3 6 1 1 1 4 1 1 1 1 1 6 2 6 3 2 1 5 3 1 1 1 1 2 2 4 1 1 2 2 1 0 1 3 5 3 1 2 5 1 1 1 3 4 1 0 2 1 4 1 0 0 1 3 4 3 2 3 2 1 2 2 0 6 1 2 0 1 2 3 1 4 1 1 3 1 2 2 2 5 1 0 3 0 2 3 1 1 2 3 1 2 1 1 0 1 3 4 0 2 4 4 0 1 2 2 1 2 4 1 2 2 6 6 2 1 2 4 3 0 1 0 0 6 2 3 2 0 2 1 2 2 1 4 2 0 1 1 3 3 1 1 1 2 3 0 1 0 0 0 2 6 3 1 0 2 2 1 4 2 0 3 5 2 1 2 1 1 1 0 1 1 2 2 1 2 5 1 2 2 3 1 1 3 2 3 1 0 3 2 2 2 2 2 1 2 3 4 1 3 1 0 2 0 2 4 6 1 3 4 0 1 2 1 4 3 4 1 1 1 3 3 4 0 1 2 0 1 1 2 3 5 0 0 3 4 4 2 2 1 2 2 3 2 1 1 2 1 3 1 4 1 1 4 1 1 3 2 2 4 2 0 3 2 3 0 2 1 2 4 2 1 0 2 6 4 1 1 1 3 0 3 1 2 3 0 0 1 3 4 0 1 1 1 1 2 0 3 2 5 1 1 3 1 1 1 2 5 0 1 0 3 3 3 3 0 1 0 2 2 5 2 1 1 2 1 3 2 0 2 2 2 3 3 2 2 1 2 2 2 4 0 3 0 1 0 4 4 2 0 3 1 1 2 0 0 4 2 2 2 2 5 2 1 5 2 2 1 2 0 1 3 3 3 6 1 5 2 0 2 0 1 1 1 1 2 2 1 3 1 4 3 0 2 3 1 1 2 2 2 4 2 0 4 1 2 3 2 0 3 1 1 2 3 0 1 4 0 2 2 4 1 2 2 0 3 0 3 0 1 4 1 1 2 3 4 2 2 4 1 1 1 3 0 6 0 1 1 1 2 2 3 1 0 2 1 2 3 1 2 2 0 0 4 4 2 4 1 2 3 2 1 1 2 1 1 2 5 1 1 1 1 2 1 0 1 0 4 2 0 2 1 2 2 1 6 2 3 1 2 1 2 0 2 3 1 2 4 5 1 2 3 2 2 2 2 1 5 3 0 1 1 2 1 1 1 1 1 3 2 0 0 3 3 2 1 3 6 1 2 2 4 0 1 3 2 2 2 1 2 0 2 3 1 1 3 2 1 1 0 4 2 1 1 1 1 1 4 5 1 5 1 1 2 5 0 4 1 1 2 3 1 1 0 8 2 2 1 3 1 5 1 2 0 2 4 2 2 3 3 2 1 1 2 2 1 1 3 1 1 4 2 3 2 2 4 1 0 6 2 4 2 2 1 0 6 0 1 5 2 1 2 0 3 1 3 2 0 2 1 1 2 2 4 3 3 1 4 1 1 2 3 1 1 1 2 3 1 0 0 1 2 1 2 6 0 2 2 1 1 4 2 1 0 2 1 3 1 3 2 2 2 0 1 1 0 1 1 1 3 0 1 2 2 4 0 3 1 1 3 2 0 3 1 1 3 1 3 2 1 0 0 2 5 1 0 1 3 1 1 0 2 2 1 2 2 3 5 4 5 2 1 1 0 2 3 0 3 2 1 4 0 4 0 0 3 6 1 1 2 3 4 1 0 4 2 3 3 1 0 2 0 2 2 1 0 1 1 2 4 4 4 1 1 2 0 0 1 2 2 3 1 4 0 3 0 2 0 1 3 1 1 1 0 1 4 1 5 1 2 2 2 0 2 2 3 1 4 0 3 3 2 2 1 3 2 2 0 1 1 1 4 1 2 1 1 3 0 2 1 2 5 4 2 2 1 2 2 2 4 1 3 0 3 2 0 4 3 1 1 2 1 0 3 4 2 2 4 0 0 1 1 2 3 2 2 3 1 2 3 2 2 2 3 4 1 0 1 1 3 2 3 2 2 0 0 0 3 4 2 1 2 6 4 0 0 1 1 0 4 1 1 2 3 2 3 3 6 3 1 2 0 1 2 3 3 0 3 1 4 2 1 2 2 2 2 2 5 0 1 3 0 1 3 0 0 3 2 5 2 3 1 1 1 1 2 3 2 0 5 0 3 1 1 0 2 2 2 2 1 1 2 4 3 2 0 3 2 4 3 4 1 2 3 3 1 2 1 3 0 2 3 1 1 2 2 2 3 4 0 1 3 1 3 2 1 1 3 1 1 1 3 3 1 2 0 2 1 2 3 3 3 0 3 3 3 1 2 0 2 3 1 2 0 4 1 4 3 2 1 1 2 1 2 1 4 2 2 3 2 0 4 2 0 3 1 2 1 1 1 1 3 2 2 6 3 0 1 1 0 3 1 4 3 3 1 5 0 5 2 3 0 2 5 3 1 2 4 6 1 1 1 2 2 4 3 4 2 2 3 3 3 4 1 0 1 0 1 2 1 1 2 2 1 1 0 2 2 2 4 1 2 0 2 2 1 2 1 2 2 2 1 2 1 2 1 1 1 1 1 3 2 0 4 3 0 2 4 1 0 3 2 5 4 1 1 3 0 2 4 1 2 2 0 3 1 3 0 3 4 3 5 3 0 2 3 1 0 2 2 3 4 1 3 2 1 1 4 1 2 3 1 1 2 4 4 2 3 6 2 1 0 1 0 1 4 2 4 1 4 2 2 0 1 1 3 2 3 0 4 1 0 2 4 1 3 4 2 0 0 1 3 2 0 3 2 1 2 1 1 1 4 1 1 0 2 0 2 4 1 1 2 0 1 2 2 3 3 3 4 1 0 1 2 1 1 3 3 0 2 3 3 2 5 2 1 2 0 3 3 1 3 1 0 2 4 1 3 5 3 1 2 4 1 1 2 3 2 4 1 3 4 0 2 2 2 2 2 1 2 3 5 2 4 4 1 1 4 1 2 1 2 3 2 2 3 2 0 0 0 0 2 2 0 2 1 1 2 4 0 3 1 3 0 2 1 1 3 2 2 1 1 0 1 3 1 1 4 1 4 2 3 3 4 0 0 0 5 0 3 3 2 2 4 3 1 2 6 1 1 2 2 2 2 1 3 2 1 3 3 3 3 2 4 1 2 1 4 1 4 2 2 2 1 3 2 2 1 2 2 3 1 2 3 3 1 3 2 1 1 0 3 2 3 3 2 3 2 5 5 0 0 0 2 4 1 2 0 2 1 1 2 2 3 2 2 2 1 1 2 3 1 0 2 6 3 1 2 3 2 2 2 0 4 2 2 1 0 3 2 0 1 2 0 5 1 2 2 2 2 1 2 3 4 4 4 3 4 1 2 3 2 0 1 2 0 1 4 2 2 2 2 3 1 5 1 1 4 2 3 1 5 4 2 1 2 3 2 1 0 2 2 0 1 2 4 1 1 2 2 0 2 2 2 1 3 3 2 2 1 3 0 4 5 7 2 1 1 3 2 2 1 3 3 0 1 0 3 1 4 1 2 1 3 4 4 2 1 0 2 4 0 3 3 3 3 1 1 1 2 3 3 2 1 2 2 3 0 1 0 3 5 3 1 4 3 2 4 1 4 2 2 4 3 2 2 3 3 0 1 0 3 0 2 1 2 4 0 4 4 2 2 1 3 3 2 1 1 3 5 1 3 3 3 0 2 0 5 2 0 1 2 0 4 1 2 1 5 3 1 2 2 2 1 4 1 3 0 2 2 4 1 1 1 1 1 0 1 0 2 3 3 4 1 4 1 1 2 2 2 4 3 3 2 2 1 3 1 3 3 1 6 3 1 3 3 1 3 1 2 3 5 2 0 4 2 2 3 3 0 3 3 3 2 3 3 0 2 0 2 1 2 2 3 2 1 0 1 2 0 1 2 5 0 4 2 1 0 2 0 3 0 1 1 3 2 3 4 2 2 0 1 2 2 3 1 1 4 1 0 2 1 1 3 2 2 3 0 0 3 0 1 3 6 2 5 0 0 3 2 6 3 2 2 2 1 1 3 1 2 2 1 2 3 2 1 0 3 5 3 2 0 2 0 1 3 3 1 2 2 2 0 1 1 2 4 2 2 2 4 0 0 1 1 2 1 1 1 3 0 4 1 1 1 4 3 1 0 2 3 5 4 3 2 2 2 1 2 2 2 2 3 3 4 3 1 2 2 4 1 2 2 0 1 3 2 1 1 5 4 1 0 2 2 3 1 1 4 1 2 3 2 1 1 1 1 3 1 3 3 2 1 0 1 2 4 0 1 4 2 2 1 0 1 3 0 0 2 2 4 2 2 1 2 2 0 1 1 3 3 1 3 1 3 1 5 5 2 1 1 1 4 2 2 3 2 2 4 1 0 3 4 1 1 1 1 2 6 1 2 1 3 1 3 2 0 1 3 0 1 3 2 1 1 3 1 1 2 3 3 0 3 3 3 1 0 0 1 2 4 1 2 1 3 3 4 1 3 1 1 2 1 0 5 4 4 2 1 2 2 2 1 3 2 1 3 2 3 3 1 2 1 0 3 2 2 1 2 2 4 2 3 4 0 1 0 1 2 2 2 5 1 2 5 2 1 3 4 0 4 0 3 0 1 1 3 1 0 3 4 3 3 3 3 1 1 3 2 1 4 1 3 6 3 2 2 3 2 2 5 2 0 0 3 2 2 5 1 5 2 4 4 3 3 3 1 2 3 3 5 2 0 1 1 3 2 1 5 1 2 4 1 3 0 3 4 2 0 3 2 0 1 2 0 2 0 2 2 2 1 2 3 3 5 0 1 2 2 3 1 5 2 3 2 0 2 4 0 4 3 0 1 3 2 2 2 0 3 1 2 2 2 3 1 1 3 2 0 2 2 2 6 1 2 0 1 3 1 6 2 1 2 4 1 1 2 0 2 2 1 1 3 1 1 4 4 3 1 3 1 2 1 3 1 4 2 1 2 3 2 1 2 2 0 4 6 2 1 2 1 2 2 3 4 1 2 1 2 2 2 2 1 4 0 2 3 6 0 3 0 4 1 0 2 3 3 0 0 2 0 3 5 3 4 1 1 2 3 3 4 2 2 2 1 0 0 0 2 2 3 2 2 4 1 0 3 1 1 2 1 1 5 3 3 3 3 0 3 5 1 4 2 1 3 1 3 2 1 2 3 1 2 3 3 2 2 2 3 1 1 0 2 2 1 2 4 1 2 4 2 1 2 2 5 2 1 1 3 3 1 2 2 0 0 1 1 3 2 2 4 3 1 3 6 1 1 0 2 2 2 2 1 3 0 0 1 4 3 2 1 0 4 2 3 4 1 0 0 2 0 3 0 1 2 3 4 0 1 3 3 1 1 0 4 1 2 5 1 2 1 2 1 0 2 3 2 1 1 2 1 1 1 2 3 2 1 1 2 3 1 2 2 2 5 0 2 1 1 1 2 4 3 0 0 4 2 4 0 1 3 2 4 3 3 0 2 3 1 2 3 1 1 4 2 1 5 2 0 2 3 2 4 4 2 0 2 3 2 0 1 2 4 4 1 1 3 1 1 2 3 2 3 1 2 2 2 0 1 6 1 2 4 2 2 1 1 1 4 1 1 2 3 2 3 3 7 1 3 1 2 4 1 1 1 4 1 0 4 1 3 2 1 1 3 1 3 2 3 2 3 2 3 0 0 3 1 2 0 2 2 2 1 3 1 2 2 0 4 3 0 1 4 2 6 2 3 2 2 2 3 3 3 3 2 3 2 5 1 4 3 2 0 1 2 0 2 2 5 1 4 2 2 2 2 1 0 2 3 0 4 1 4 1 3 0 3 2 3 0 2 0 4 2 2 2 3 2 1 3 2 0 3 1 3 4 5 1 4 1 3 2 2 1 2 1 0 2 3 5 3 1 2 1 1 2 3 2 3 2 2 6 3 3 1 0 2 2 3 4 0 3 2 0 0 3 3 3 3 5 0 1 0 0 5 1 2 1 3 0 5 1 1 2 0 0 1 1 4 1 1 3 3 2 1 0 4 3 3 1 0 0 2 1 2 3 2 1 3 3 1 0 3 3 1 5 1 1 1 1 2 1 2 3 1 0 2 3 1 3 0 1 5 1 2 3 1 2 2 3 1 0 4 2 0 3 2 2 3 2 1 1 2 1 6 0 4 3 0 3 0 1 3 2 3 2 2 3 4 3 2 2 1 3 0 3 3 3 1 1 1 1 4 3 4 6 0 1 2 0 3 1 1 4 1 1 2 1 1 0 5 0 2 3 1 1 1 2 5 1 1 1 1 1 1 0 1 2 2 3 1 3 3 4 1 1 4 3 1 3 0 0 1 2 3 1 2 1 2 3 2 2 2 1 3 2 3 2 3 1 2 0 0 1 1 1 0 3 0 4 7 2 3 3 0 2 1 3 4 1 2 0 1 2 2 1 1 2 5 1 3 3 0 1 2 2 2 2 1 1 2 3 2 2 4 3 2 1 1 3 5 3 2 3 0 1 0 1 1 4 2 2 0 1 2 4 1 4 1 2 0 2 2 2 0 1 1 1 2 1 1 3 1 3 3 1 0 3 2 2 2 1 4 2 5 3 2 3 2 1 2 2 1 4 4 2 2 2 4 0 0 1 0 0 2 1 1 1 3 4 2 1 2 2 1 1 2 3 5 4 4 2 1 3 2 0 0 6 2 2 5 3 2 1 2 0 1 0 2 3 1 4 0 3 2 1 1 2 1 2 1 2 2 2 1 0 3 2 3 1 4 1 3 2 4 5 3 3 1 1 1 2 1 0 1 0 3 5 3 0 3 2 0 2 3 0 2 1 1 1 2 3 0 5 1 0 4 0 2 3 2 5 1 2 1 2 3 4 1 2 3 1 1 1 0 1 2 0 1 2 0 1 2 1 1 1 1 5 4 0 2 1 1 2 4 2 1 4 0 0 4 0 1 1 2 1 0 3 3 3 1 4 4 0 3 3 2 2 0 2 3 0 2 4 1 1 2 1 3 0 1 2 2 1 3 5 3 2 2 4 3 1 0 2 2 2 2 2 4 2 1 4 1 1 1 1 3 1 0 1 3 2 1 0 2 1 2 1 2 2 0 3 0 2 0 0 2 3 2 0 2 1 2 2 3 3 2 2 1 1 1 3 3 6 1 0 3 3 0 1 6 1 6 2 0 2 2 1 3 0 1 1 1 2 1 0 2 4 1 0 1 3 1 2 2 2 1 3 2 2 1 6 5 1 0 2 3 1 2 2 2 2 3 0 0 0 3 6 2 6 2 1 3 1 4 2 1 1 1 1 4 1 5 2 3 1 2 3 0 3 1 2 1 1 2 3 3 1 3 2 2 2 1 2 0 1 1 2 2 3 1 1 4 3 2 3 1 8 1 2 2 2 0 1 2 3 1 3 2 3 3 0 2 2 4 0 1 2 3 1 3 1 1 3 1 3 3 3 2 4 2 2 1 3 2 2 1 1 2 3 1 1 3 2 1 1 1 5 1 0 3 0 3 1 0 0 1 1 2 0 2 2 4 3 3 1 1 1 1 5 3 0 0 4 0 1 2 2 0 3 1 1 1 1 2 1 0 4 1 2 1 5 2 4 3 1 2 2 1 2 4 2 2 1 2 2 2 1 0 4 1 3 3 1 2 0 3 1 2 1 2 3 2 0 4 1 3 4 4 4 2 1 0 1 3 2 6 1 2 2 3 3 1 1 2 2 3 1 0 4 3 5 2 2 3 1 2 0 3 1 3 1 2 2 1 0 1 1 1 2 0 0 2 1 2 1 4 0 2 3 2 2 3 2 3 0 1 2 2 5 1 2 3 2 2 1 0 1 1 1 2 5 2 3 3 3 1 0 4 3 2 4 2 1 0 2 2 3 3 1 3 2 2 4 5 0 0 4 1 0 4 2 2 2 0 1 1 3 0 0 2 2 2 2 2 3 1 2 3 2 3 5 3 0 1 3 2 1 3 2 2 2 1 2 0 3 1 2 3 5 0 2 4 0 4 4 2 2 3 2 3 0 2 2 2 2 2 1 2 2 2 1 4 2 0 1 1 4 1 2 3 1 0 4 2 2 3 1 4 2 2 0 3 2 2 1 2 4 0 4 2 2 1 2 4 1 0 2 1 2 3 2 0 5 5 4 0 2 1 2 1 3 1 2 5 0 0 3 1 3 1 2 6 3 1 0 0 1 1 0 2 4 2 1 2 1 2 1 2 2 0 5 3 3 2 1 2 0 3 1 4 2 1 1 2 6 2 1 0 5 3 2 2 3 1 3 3 0 0 2 6 2 1 1 4 0 2 3 0 3 1 0 3 0 0 1 2 2 0 1 1 2 2 1 4 4 3 3 4 1 0 0 1 3 1 1 2 3 0 1 0 2 2 0 3 2 2 1 4 0 1 5 6 2 0 1 5 1 1 1 1 1 1 3 0 1 1 3 2 2 0 1 3 0 3 0 2 0 4 3 2 0 4 3 1 1 3 1 4 2 1 2 2 4 1 2 0 0 1 4 1 2 3 4 2 2 3 3 1 1 3 2 3 1 2 1 5 1 1 2 1 2 3 1 2 1 1 3 4 3 5 2 1 3 0 1 0 4 2 3 2 4 1 2 1 2 0 4 0 4 4 1 2 2 1 1 3 2 4 4 2 2 0 4 5 2 0 2 2 1 2 1 4 2 1 3 0 0 3 1 2 1 1 4 1 0 1 2 2 0 3 5 2 1 1 2 2 2 1 2 4 0 5 2 2 2 2 3 2 3 0 2 2 4 0 1 2 3 3 3 2 3 1 1 1 1 0 2 2 2 1 0 3 1 1 4 4 0 1 4 2 2 1 4 1 1 0 0 2 3 1 0 3 2 1 0 5 3 3 1 0 2 2 1 2 4 4 0 1 3 0 0 3 2 2 0 2 1 2 1 3 2 2 2 3 2 1 1 3 2 3 2 1 0 0 3 3 2 5 2 0 1 1 3 3 3 4 0 2 2 2 4 1 0 1 5 2 1 3 1 1 6 4 1 2 2 1 3 0 2 2 3 4 2 0 3 3 2 1 0 2 3 2 2 3 1 2 1 1 0 3 1 4 3 3 0 1 1 0 3 2 3 5 3 4 4 1 0 0 1 0 1 1 2 2 3 3 3 4 3 2 0 4 3 2 1 2 0 0 2 2 2 1 5 1 1 4 3 1 0 2 5 0 2 3 1 3 3 1 0 1 4 0 4 2 3 0 1 0 1 1 2 2 4 2 2 3 1 1 5 2 1 0 3 1 3 2 1 2 2 0 4 1 1 2 1 5 2 1 2 1 5 5 2 3 1 2 3 1 3 0 3 3 5 5 3 5 2 2 2 1 1 0 1 1 2 4 2 4 3 2 0 1 0 4 3 1 2 3 3 2 3 1 0 1 2 3 1 1 1 0 4 3 2 3 2 2 1 0 3 0 1 3 3 1 6 0 1 2 1 2 2 2 0 2 4 3 3 4 1 0 4 1 2 0 2 2 2 0 1 3 1 1 2 1 1 4 2 1 2 0 1 2 1 3 1 4 3 2 1 0 1 4 3 1 0 2 2 3 4 3 1 1 3 1 1 1 2 2 1 1 0 2 4 1 3 2 2 4 0 3 1 1 2 2 0 0 2 2 3 3 0 3 3 0 2 3 6 3 1 1 1 0 1 0 2 1 3 4 5 2 2 3 0 0 0 3 4 3 1 1 3 0 4 0 0 1 5 0 1 4 1 1 3 2 2 0 3 2 3 0 2 2 3 0 3 3 0 1 1 2 3 2 2 3 5 0 0 3 1 2 2 1 2 0 3 0 2 0 2 3 1 4 3 4 0 2 2 3 2 1 0 1 2 1 1 0 5 2 0 2 4 0 2 1 2 4 1 1 3 0 2 2 3 3 5 3 2 0 4 1 0 2 0 2 1 1 3 2 2 3 0 2 0 1 6 3 5 1 1 4 0 2 0 2 2 3 6 1 1 0 1 3 3 1 1 2 2 2 1 2 2 6 1 3 1 0 0 1 2 3 2 6 2 5 2 0 1 2 1 5 1 0 2 0 1 3 1 1 2 2 4 4 1 1 2 2 2 0 0 2 3 4 1 1 1 2 3 1 0 2 2 2 1 1 3 0 3 2 3 1 2 0 6 2 2 3 1 2 2 1 1 1 1 1 2 1 0 4 1 2 5 3 0 1 1 0 2 2 2 3 1 1 2 3 3 2 1 2 1 1 0 4 0 1 4 2 1 0 5 0 3 2 0 2 0 3 0 4 1 2 1 2 3 3 5 2 2 2 4 1 2 4 2 1 2 1 2 0 4 5 4 1 1 2 1 1 0 4 2 3 1 2 2 3 0 2 2 1 5 1 3 0 0 4 4 3 0 4 2 3 3 2 0 2 2 1 1 1 1 2 2 1 3 2 4 2 4 1 1 0 2 2 3 3 2 0 1 2 1 3 3 1 2 3 2 3 1 4 2 2 2 0 1 1 2 0 5 2 2 3 2 4 1 1 3 2 0 2 2 1 2 2 5 1 2 4 1 3 4 3 1 1 3 2 0 3 4 5 2 1 1 3 1 3 1 3 2 3 4 0 3 2 1 2 4 3 0 1 3 4 3 0 2 3 2 1 1 3 1 2 2 0 0 3 3 1 1 3 2 5 0 3 0 2 0 1 1 1 2 3 1 2 1 1 1 4 1 2 2 3 3 3 1 4 2 2 2 3 2 1 1 1 2 2 4 4 0 0 2 3 1 1 3 2 2 1 2 1 0 4 1 4 3 5 2 2 3 2 1 4 4 2 3 0 2 5 1 0 4 0 2 3 3 1 3 1 3 3 0 2 1 5 3 1 1 0 3 2 2 3 1 1 2 0 3 1 2 2 1 3 3 2 3 0 0 4 1 1 2 5 1 2 1 3 5 2 1 2 4 1 0 1 1 6 2 4 2 2 2 4 2 1 1 2 2 3 3 3 1 3 3 1 3 1 2 0 4 0 2 3 2 0 2 2 2 2 2 0 2 1 1 1 4 3 4 0 5 2 2 1 1 4 2 1 1 0 0 1 5 1 3 1 1 1 3 3 0 1 2 2 2 1 1 3 4 2 0 2 1 3 3 1 0 4 1 2 3 3 3 1 2 1 1 1 3 4 1 2 4 0 1 2 2 1 2 4 0 4 0 3 1 0 2 2 4 1 1 5 2 2 5 0 4 1 3 2 2 1 1 0 2 0 0 1 1 2 2 3 0 4 4 0 0 1 1 1 2 6 3 1 0 2 2 2 2 2 2 3 1 1 0 1 3 5 2 1 2 1 1 1 1 4 5 1 3 1 4 0 2 2 2 0 4 1 0 3 3 1 2 4 3 1 3 0 3 5 2 2 2 1 2 0 1 1 1 2 3 2 2 1 3 3 2 1 3 2 1 3 2 1 2 2 1 1 2 1 3 1 3 3 2 0 3 3 1 2 3 0 1 4 2 0 2 2 3 0 2 3 1 2 1 2 1 2 1 2 1 0 1 2 1 4 1 3 0 2 1 1 2 3 3 0 3 3 2 0 5 2 2 3 1 2 0 1 1 3 0 1 1 0 2 2 2 1 3 3 2 1 3 4 5 1 1 1 1 3 4 1 1 1 3 2 1 1 0 2 1 1 3 2 2 2 3 1 3 3 4 2 0 0 2 1 1 2 1 1 1 4 4 3 3 2 1 1 1 2 2 2 2 3 2 2 8 2 2 1 3 0 1 0 1 4 3 2 2 4 2 2 3 1 2 1 1 0 2 5 3 0 3 0 1 0 2 2 1 3 2 0 4 1 3 3 1 3 2 2 1 2 3 1 1 4 1 1 5 1 2 4 2 4 2 2 1 3 3 2 1 1 4 1 0 2 1 5 2 0 1 2 3 3 1 2 1 1 1 1 3 1 2 3 1 4 2 3 2 4 3 1 0 2 1 2 3 4 1 2 3 4 0 3 2 2 3 2 3 2 1 3 1 3 1 3 4 0 3 1 2 1 2 2 1 1 2 1 3 1 2 2 2 3 0 0 2 0 4 3 1 0 0 4 2 3 2 2 3 0 0 2 2 0 3 2 2 3 3 5 1 1 1 0 1 5 3 2 2 1 2 6 1 2 4 3 0 0 3 3 1 4 1 1 3 1 1 1 0 5 1 3 4 2 1 2 1 4 3 1 1 3 2 1 0 4 1 2 5 3 0 2 4 4 1 2 1 1 0 1 5 6 3 3 2 0 1 2 1 2 4 0 3 0 4 1 0 3 1 4 1 2 2 1 1 4 0 3 3 2 3 2 3 0 0 2 1 2 7 0 2 3 2 2 2 3 5 3 2 0 1 2 0 4 2 2 1 1 2 2 1 0 1 2 5 2 3 4 0 2 2 0 2 2 4 2 1 2 1 3 0 2 1 4 1 1 2 4 2 4 3 2 2 1 0 2 3 1 2 3 4 2 3 3 2 1 3 3 4 2 3 2 0 4 1 1 2 0 1 0 0 2 3 3 0 3 0 3 2 2 4 2 2 1 1 0 2 1 2 2 0 0 2 2 5 2 1 2 0 3 3 4 5 3 2 1 2 0 1 4 1 2 2 2 3 2 2 3 3 1 1 4 0 2 4 1 0 3 3 2 1 2 2 4 1 0 2 3 1 2 6 4 1 1 0 1 0 2 2 1 3 4 0 0 1 0 1 3 1 2 1 3 1 0 2 4 1 2 3 3 4 3 0 1 2 0 3 3 4 4 1 0 1 0 2 3 2 4 4 4 4 1 3 0 3 2 0 3 6 3 0 2 2 1 3 4 1 3 2 2 1 2 1 3 4 0 3 5 1 2 2 2 6 1 2 1 2 2 1 3 1 3 2 2 3 3 1 3 4 1 2 3 3 4 3 2 2 2 1 3 2 2 2 2 3 3 3 1 3 1 0 1 0 0 1 2 1 1 2 3 1 2 1 6 1 4 2 1 3 3 3 3 3 2 1 0 3 2 1 1 3 1 1 5 0 0 1 2 1 4 2 1 1 2 3 1 1 1 1 1 2 2 1 2 0 3 1 3 2 5 2 6 0 7 0 1 3 2 0 3 7 0 1 2 1 2 2 0 0 1 0 1 3 3 2 5 1 1 2 0 1 3 3 3 2 1 3 2 4 1 0 2 4 4 0 0 2 2 2 4 3 2 1 0 1 2 1 6 1 0 1 4 4 1 4 3 1 2 3 0 2 1 7 3 1 2 0 2 4 2 2 3 4 0 2 2 2 3 0 4 2 3 2 3 1 2 2 0 4 0 2 3 2 2 2 3 2 5 1 2 0 2 0 3 3 2 3 2 2 3 1 1 4 1 1 5 2 1 2 3 1 2 1 0 5 2 1 3 4 2 1 2 1 3 5 0 2 0 0 0 1 2 1 3 2 2 2 4 1 1 5 1 0 1 2 2 1 5 1 1 1 2 3 1 2 0 2 3 0 2 1 1 0 2 4 6 0 3 2 1 2 1 4 1 5 1 1 3 2 2 2 1 2 1 4 2 1 1 1 2 0 2 3 3 2 1 2 1 5 0 1 4 0 0 2 3 3 2 1 2 5 2 6 1 3 1 3 1 1 5 0 1 4 1 2 4 2 1 2 1 3 3 1 2 0 1 3 3 3 0 2 2 1 3 4 4 2 2 0 2 2 1 2 1 2 1 4 4 2 2 2 1 2 1 2 5 3 2 0 3 2 1 3 3 3 3 3 0 0 2 6 1 1 1 4 1 4 1 1 1 3 1 2 1 3 1 1 0 0 3 1 0 3 3 2 3 1 4 2 3 4 2 3 4 2 3 4 2 5 2 0 1 1 0 4 2 2 2 4 2 2 1 2 3 5 3 2 2 1 3 3 0 1 1 1 2 4 3 1 3 1 0 4 2 3 1 8 2 1 2 0 2 2 2 2 0 3 2 3 3 1 2 1 2 1 1 2 1 4 1 2 3 2 2 2 4 2 1 1 3 2 0 2 1 0 1 7 1 2 3 1 2 3 3 1 2 2 2 0 1 3 1 2 3 2 2 4 0 0 1 3 3 3 2 0 3 1 3 1 1 1 2 4 2 3 1 3 3 3 1 3 3 4 4 2 2 4 0 0 1 3 2 1 3 0 3 0 2 1 2 1 2 1 3 3 5 3 0 1 3 2 4 1 4 2 2 2 0 4 1 2 1 1 4 4 0 2 2 1 2 1 1 5 3 2 0 1 2 3 4 1 3 3 2 0 3 2 1 3 3 2 3 3 4 3 1 1 1 1 1 1 2 2 0 3 1 1 1 2 1 2 1 1 3 1 4 4 1 5 0 1 3 0 1 3 3 3 1 4 2 2 2 0 0 2 0 1 0 0 3 2 2 0 0 2 2 1 3 1 3 0 3 0 0 3 1 1 2 3 2 2 3 0 0 3 1 3 0 2 3 2 3 3 2 0 0 1 4 0 1 4 2 2 1 2 3 1 6 4 1 3 2 1 0 0 1 1 5 2 2 2 1 1 4 4 1 4 0 1 5 3 3 1 3 1 2 3 2 2 2 1 4 1 5 1 1 1 4 1 1 2 1 1 1 4 0 2 0 2 4 0 3 2 4 1 1 1 3 3 1 2 2 0 2 1 3 4 1 2 1 0 1 2 1 3 1 1 3 2 5 3 2 3 0 4 1 3 3 2 3 1 1 1 2 7 1 2 3 1 1 2 1 1 2 1 1 2 1 2 2 2 3 4 2 3 3 1 1 2 2 1 2 3 2 3 2 3 0 4 2 3 1 5 1 3 0 1 1 1 1 2 3 4 2 3 1 3 2 1 5 0 1 1 3 2 2 0 0 2 2 6 1 2 3 3 0 6 0 2 2 1 1 3 3 3 4 1 2 0 1 1 2 1 1 1 1 1 4 3 1 2 3 1 2 4 1 0 0 1 2 3 1 3 5 0 2 1 2 3 2 1 4 4 3 1 0 1 1 1 3 2 3 1 0 0 6 1 2 1 2 1 2 4 1 2 0 1 2 5 1 2 0 2 6 3 1 1 2 0 4 3 3 3 1 3 2 2 6 1 5 2 0 3 0 2 5 2 2 0 3 3 2 3 4 0 2 1 4 2 0 1 3 0 1 1 5 0 0 2 4 0 0 2 4 1 2 1 2 2 4 3 3 5 2 3 1 4 2 3 2 2 2 2 2 0 2 0 1 3 1 0 1 2 0 0 1 5 3 0 2 3 1 3 0 3 2 1 1 4 0 2 5 0 1 0 0 1 3 4 2 2 4 2 0 1 0 2 2 2 2 1 1 3 1 1 4 1 0 2 3 3 0 0 5 1 1 6 1 4 0 1 2 2 2 1 1 0 3 1 1 4 3 1 2 2 2 3 1 1 5 0 0 0 1 2 0 4 2 1 1 2 2 0 2 3 1 0 2 2 2 3 1 1 4 2 0 2 3 2 1 8 2 0 1 0 3 2 1 0 3 3 1 1 3 2 1 3 3 4 4 0 1 4 3 2 0 0 0 4 1 3 0 1 2 2 2 2 2 0 3 2 1 3 2 2 1 0 3 1 0 1 3 0 2 2 2 2 2 1 3 2 3 1 2 2 4 0 3 2 2 5 3 3 5 2 1 1 1 1 3 4 3 3 2 1 2 2 3 2 2 1 3 0 4 2 3 1 5 1 0 1 1 1 3 1 2 3 0 3 2 5 0 2 3 0 2 2 2 3 2 4 3 2 2 3 3 2 1 1 0 3 2 0 5 0 0 1 1 2 2 1 2 2 3 4 1 2 4 1 3 3 2 1 1 5 1 3 1 0 2 2 3 3 2 2 3 1 2 3 1 1 1 2 3 1 2 1 0 4 1 1 1 2 6 4 2 1 0 5 2 0 1 2 1 2 0 1 1 2 2 2 5 1 1 0 0 1 2 2 4 3 1 3 2 4 1 2 1 2 5 3 3 0 4 1 1 2 4 2 3 0 5 2 2 0 2 6 1 1 2 1 2 2 1 4 0 3 1 0 2 1 1 2 3 0 1 1 1 6 0 3 0 1 1 4 1 2 4 2 0 0 2 0 2 4 2 3 2 2 2 2 4 2 1 1 1 2 5 0 4 1 3 2 0 2 0 2 0 2 0 2 3 1 5 2 2 1 2 3 2 2 1 1 1 2 1 2 2 2 3 1 0 7 1 2 4 0 4 2 1 3 2 2 1 2 1 5 4 1 3 2 1 4 2 2 0 1 3 1 3 4 2 2 3 2 1 1 3 6 3 2 2 0 5 4 2 3 3 1 2 3 3 0 1 3 2 3 3 0 1 1 2 1 1 3 1 1 0 2 2 3 2 1 1 3 3 1 3 0 1 2 1 2 1 2 1 1 3 5 2 2 2 4 3 6 0 1 2 2 3 0 1 0 3 3 1 3 0 1 1 0 3 1 3 2 3 2 3 0 2 2 2 2 4 4 1 2 1 1 2 1 0 5 2 4 1 3 1 2 1 2 1 2 0 2 2 4 1 2 2 1 0 1 3 2 3 1 1 1 2 2 0 1 2 3 0 1 2 1 1 4 4 1 1 0 2 2 2 4 1 4 1 3 1 0 1 2 4 1 3 1 1 3 3 2 2 3 2 1 2 4 1 3 2 3 5 4 1 1 2 2 3 1 2 2 5 0 0 3 2 3 0 3 0 2 2 1 8 0 2 1 0 1 2 4 1 4 4 1 2 0 4 3 4 1 0 2 2 3 2 1 1 3 3 2 2 3 2 0 3 2 2 2 2 1 1 4 2 3 1 0 1 5 2 2 0 1 2 3 2 2 3 2 3 0 3 1 1 1 0 3 4 0 4 3 0 4 3 3 1 0 2 2 3 5 4 1 1 1 2 2 0 4 1 4 1 2 0 2 0 1 4 0 1 1 1 4 1 1 2 1 2 1 1 3 4 2 2 3 2 3 1 3 0 2 2 4 1 3 1 3 2 1 1 2 1 5 3 1 1 4 2 1 1 0 2 1 2 2 3 3 1 3 1 2 2 0 2 1 1 2 0 2 1 2 1 4 2 1 1 3 2 3 1 1 3 5 0 1 1 0 1 1 3 2 3 5 2 3 3 0 4 0 3 4 2 1 4 2 1 0 4 1 1 3 2 2 1 1 4 4 0 2 1 4 2 4 2 2 2 1 1 4 0 0 2 0 2 1 2 1 2 4 1 1 2 2 1 4 1 0 2 5 2 0 3 2 4 1 1 2 6 4 1 0 2 0 5 1 2 0 3 3 0 5 1 3 0 3 5 3 1 0 1 1 1 1 2 2 2 3 2 2 1 3 3 1 1 1 4 0 3 2 2 0 0 1 2 1 3 3 4 1 1 2 1 2 2 0 5 3 2 2 0 1 1 1 2 1 2 4 1 1 3 5 4 3 1 0 2 0 1 2 1 5 1 2 1 2 1 2 2 4 3 1 0 2 1 3 4 4 0 2 1 1 3 2 2 2 1 1 4 3 2 1 1 3 2 2 1 1 1 2 4 1 3 5 2 3 0 1 1 4 1 3 1 2 2 1 2 3 1 0 2 3 4 2 4 2 0 2 1 3 1 0 4 0 3 0 1 1 3 2 3 0 4 0 0 3 3 2 3 1 1 2 4 6 2 1 1 1 2 3 0 0 1 0 4 3 2 2 1 3 0 2 4 1 4 1 2 1 3 2 5 3 3 2 1 1 2 4 2 2 2 2 4 2 2 2 1 1 1 1 2 1 5 1 1 0 2 3 3 1 3 1 1 1 1 0 4 0 0 4 4 4 3 2 1 0 3 4 1 0 0 3 2 0 4 4 1 1 3 2 1 2 4 4 0 2 6 2 5 2 1 3 0 5 0 2 3 1 1 2 0 4 3 2 1 2 1 1 1 1 4 1 3 2 1 2 1 2 2 2 2 3 2 2 2 2 5 4 3 3 2 2 1 3 2 4 2 3 1 1 3 2 1 1 3 1 1 3 1 2 1 1 1 0 4 2 2 3 1 5 5 5 1 2 2 1 1 1 1 1 5 2 2 2 4 2 4 3 2 5 1 3 3 3 0 1 2 1 7 1 1 0 3 3 1 3 0 1 0 1 3 2 3 2 1 2 1 4 2 2 1 2 1 1 2 3 2 2 1 3 2 3 3 4 0 1 3 2 2 0 1 1 1 5 0 3 2 3 1 2 0 1 0 2 2 2 2 1 4 1 2 2 0 2 3 3 1 2 1 0 1 4 1 2 4 2 1 0 2 1 4 4 0 0 1 4 2 2 1 2 4 4 2 5 0 0 1 1 3 0 2 1 3 0 1 3 3 3 1 1 1 0 1 2 2 3 1 4 1 3 0 1 3 1 2 0 5 2 1 1 1 4 2 3 1 2 1 1 2 3 3 2 2 1 3 1 2 0 3 1 3 2 1 1 0 1 1 0 2 5 3 5 5 3 3 1 2 2 0 3 1 3 7 3 1 3 3 3 1 0 2 0 6 1 1 4 0 2 3 3 2 2 2 2 1 2 2 3 2 3 0 0 1 1 1 4 2 2 2 2 4 4 2 2 2 3 1 1 3 4 2 1 0 6 0 2 3 3 2 2 3 5 4 1 0 2 1 3 1 2 2 2 3 3 5 1 2 2 1 0 3 3 0 0 0 1 4 2 2 6 0 2 3 2 3 3 0 4 2 1 3 2 1 1 2 5 1 1 2 2 3 3 2 3 1 7 2 0 2 3 1 2 4 0 3 4 0 2 3 3 3 2 2 2 4 2 0 4 2 1 3 2 2 3 3 3 2 3 2 3 4 4 3 2 0 5 2 3 2 1 3 1 1 2 5 6 1 0 1 3 0 1 0 1 1 0 2 1 3 1 1 1 3 1 2 2 3 1 1 2 1 4 0 2 1 3 3 1 1 0 2 0 3 1 4 3 2 0 2 2 3 0 3 2 2 1 0 1 4 4 1 2 6 0 4 1 1 1 2 2 5 3 1 2 2 3 0 1 2 3 2 0 0 0 1 0 0 1 1 3 5 5 2 2 1 2 2 4 1 0 1 1 2 5 5 1 0 1 3 0 2 2 1 4 3 4 1 2 4 0 3 1 4 2 1 0 1 2 3 1 2 1 2 0 5 1 1 2 1 2 4 4 1 2 2 2 2 2 0 4 3 3 4 1 3 1 1 1 2 0 1 1 6 3 1 3 0 2 2 1 2 3 1 1 3 3 3 5 1 4 1 0 2 0 4 3 4 0 2 1 1 1 3 2 2 3 5 2 1 2 2 2 2 1 2 1 0 3 0 3 3 3 0 4 2 0 2 3 3 1 3 0 0 3 3 3 2 2 1 1 1 1 4 0 4 5 2 2 4 1 3 1 1 2 3 1 0 0 3 2 1 2 1 0 3 1 2 1 1 5 2 2 3 1 1 2 1 2 0 4 1 0 1 5 3 2 0 1 2 2 2 2 0 0 3 2 4 2 1 2 3 1 1 3 3 0 0 1 3 0 3 3 2 2 1 1 2 2 4 4 3 2 0 2 0 2 4 0 1 3 4 4 2 2 2 4 3 2 1 2 0 2 2 3 2 3 3 0 2 0 4 2 1 2 4 6 2 0 1 2 3 1 2 1 2 2 2 2 4 1 2 3 2 2 0 0 6 1 3 0 1 3 1 2 5 0 1 2 1 2 2 4 3 1 1 2 2 2 2 0 2 3 1 1 3 0 3 2 4 1 2 0 4 3 3 1 3 2 4 1 0 2 0 2 1 1 6 3 1 2 4 1 2 1 3 2 2 3 3 1 0 4 2 2 2 2 0 1 7 3 1 1 5 3 1 0 3 1 1 0 4 2 3 2 0 2 1 1 3 2 1 2 1 1 1 5 2 1 0 2 5 0 2 1 1 3 1 0 2 0 1 4 3 1 6 1 3 1 1 0 2 3 2 1 4 1 1 3 1 1 0 3 1 0 3 0 0 3 3 2 3 3 1 5 2 1 6 2 1 0 4 2 3 0 2 1 2 2 2 3 3 2 1 1 1 5 2 1 1 2 4 2 2 3 3 2 1 4 2 0 5 2 1 4 0 1 2 1 1 2 2 0 2 1 1 2 2 2 6 2 2 3 0 1 2 3 5 0 2 1 0 1 5 1 2 2 2 1 1 1 0 4 4 1 6 3 0 4 3 1 1 1 3 3 2 1 1 4 5 1 0 3 1 0 2 0 4 0 3 4 1 5 2 2 2 0 2 4 1 1 3 4 1 2 1 2 1 1 0 3 1 0 1 2 3 4 0 1 3 1 0 1 1 0 3 2 2 2 2 2 4 1 0 1 1 0 2 4 0 3 4 3 3 1 3 0 2 2 2 1 1 4 3 1 2 2 2 0 1 1 4 2 1 4 1 0 1 2 3 2 2 1 4 3 4 3 1 2 2 2 0 3 3 1 3 3 2 0 1 3 1 6 2 1 2 6 3 3 1 2 4 2 0 1 2 1 1 0 0 1 3 4 1 0 3 6 1 4 3 3 0 1 2 2 1 1 3 2 0 2 8 1 2 3 3 3 1 0 3 2 1 0 5 0 1 2 3 2 2 1 1 2 6 1 1 2 0 4 1 2 0 2 2 5 0 2 0 4 2 0 3 2 4 1 0 2 4 2 0 1 1 2 4 2 2 1 2 2 5 4 3 1 4 2 1 1 4 1 2 3 3 1 3 3 4 0 4 2 3 2 2 1 2 1 3 3 3 2 2 1 1 4 1 2 1 2 1 1 1 1 2 1 5 0 4 4 1 0 2 0 1 3 3 4 1 3 3 0 3 4 2 0 4 2 3 5 2 0 1 1 3 1 3 4 2 1 4 1 0 3 1 2 2 5 1 2 3 1 2 1 4 3 0 1 1 0 0 3 3 2 1 3 2 3 2 2 2 2 0 1 2 2 1 3 3 1 2 1 1 3 2 2 0 2 2 2 0 3 7 1 5 2 4 3 2 2 1 2 2 0 1 4 0 5 0 2 2 3 2 2 2 2 2 0 3 1 2 2 3 3 3 5 1 3 3 2 1 2 3 2 1 2 3 4 2 3 4 0 2 1 1 4 2 4 3 2 3 2 1 2 1 2 1 1 3 1 3 3 4 4 2 4 1 3 3 1 1 2 2 1 0 4 2 2 2 0 4 1 2 2 2 1 4 1 6 0 0 3 1 0 2 1 1 4 1 1 3 4 2 1 3 4 0 4 1 1 1 2 1 4 4 3 2 3 2 2 3 3 0 2 5 3 3 0 2 3 3 3 1 4 2 0 3 0 3 1 3 3 2 2 1 4 2 3 1 0 2 0 2 3 1 2 2 3 2 2 2 1 2 0 2 2 1 1 5 4 2 1 2 3 2 0 2 2 3 2 2 2 1 4 1 1 2 2 3 0 5 4 2 1 1 1 2 2 3 2 0 3 4 1 2 2 3 0 1 5 4 2 1 1 2 6 1 0 2 3 1 3 0 3 1 4 1 2 1 0 3 1 5 3 3 1 3 4 2 1 4 3 1 1 1 0 2 2 1 3 3 1 2 1 0 1 2 2 4 2 2 2 1 2 1 2 0 4 1 3 2 3 2 2 1 1 0 0 2 6 4 4 3 0 0 1 3 1 1 3 2 1 3 1 0 1 3 1 2 1 1 3 1 1 3 1 3 3 3 0 0 7 0 1 0 3 3 0 2 2 3 0 0 3 1 3 1 5 2 2 0 2 1 4 2 3 2 2 1 0 1 3 1 4 1 1 1 4 0 5 2 1 2 2 0 1 2 6 1 2 2 1 2 2 0 1 3 0 1 1 2 7 2 4 2 3 0 0 3 2 1 1 2 5 4 2 1 0 3 0 4 2 2 3 2 1 2 0 3 4 1 2 1 2 3 3 1 3 3 0 2 3 0 0 3 3 0 2 4 0 4 3 2 1 3 0 2 2 1 2 4 1 2 1 2 1 2 0 2 2 2 4 2 2 0 0 3 2 7 1 0 5 1 0 3 1 3 2 1 6 0 4 4 1 0 1 5 1 1 4 3 0 1 4 2 2 0 1 5 3 6 3 3 2 1 1 2 1 1 1 2 3 1 2 3 2 2 2 2 2 1 2 0 1 3 1 1 3 3 4 2 2 1 0 0 1 1 2 3 3 2 2 4 1 0 4 0 1 2 2 2 1 2 0 2 2 3 1 1 1 5 0 4 3 3 3 3 0 2 0 2 2 2 3 2 4 1 3 1 1 2 1 2 1 2 4 3 0 1 3 1 4 0 3 3 5 2 2 2 0 0 0 4 3 1 3 3 0 1 3 2 1 6 1 3 0 3 1 0 0 3 2 2 2 3 3 2 3 3 1 3 1 2 1 4 2 3 3 0 2 1 4 1 1 1 1 3 1 4 0 0 1 3 1 3 2 2 1 1 1 3 3 5 2 1 5 1 1 1 2 4 3 3 1 1 3 1 1 2 2 1 2 2 1 2 1 2 4 3 2 0 1 2 1 1 0 4 2 0 1 1 2 0 0 3 3 3 0 1 2 3 2 1 2 3 0 0 0 0 1 1 1 3 4 4 1 1 0 5 5 0 0 3 1 2 3 1 3 1 4 3 3 1 2 1 0 2 2 3 5 0 4 3 2 3 2 2 2 2 2 3 4 3 0 2 1 1 1 2 4 0 1 1 3 3 3 1 3 1 2 3 2 3 3 0 0 1 1 3 2 2 2 3 2 1 2 3 0 0 4 2 1 3 2 5 0 1 1 1 4 0 3 4 2 3 2 2 1 2 3 2 1 1 0 2 0 3 4 2 1 4 1 4 4 1 1 3 1 3 6 1 1 2 1 1 4 0 2 3 3 2 1 3 3 1 1 3 0 1 2 4 2 3 2 1 2 2 1 2 1 2 2 0 6 1 3 1 6 1 1 4 1 2 2 3 2 3 2 2 2 0 0 5 2 2 2 1 1 3 1 4 1 3 0 4 2 1 3 4 5 3 1 3 1 1 1 1 3 4 0 2 3 4 5 3 2 1 2 3 2 2 3 3 0 2 1 1 1 4 2 2 2 1 2 1 0 0 2 1 0 2 2 2 1 2 4 2 1 2 2 1 0 7 3 1 3 3 3 3 2 4 0 0 3 0 4 2 4 1 0 0 0 2 2 1 1 1 1 2 1 2 4 2 2 0 1 5 2 2 2 1 0 2 2 2 3 3 5 2 2 3 3 0 1 2 3 1 2 1 2 2 1 2 1 2 2 2 0 3 3 4 2 3 2 1 0 1 2 1 3 4 1 3 1 1 1 2 1 2 5 1 1 1 3 5 0 0 3 2 1 2 5 0 2 1 1 0 3 1 3 2 1 7 3 1 3 0 2 1 3 1 0 1 3 2 3 4 0 3 3 1 0 3 1 1 1 2 6 0 2 4 2 2 2 1 2 0 1 3 0 1 2 2 3 2 3 3 1 0 0 1 3 4 3 3 6 0 0 4 2 3 1 2 1 4 3 1 4 2 1 0 5 0 0 4 6 1 1 3 1 4 4 3 0 1 2 1 0 2 2 1 3 1 1 2 1 4 2 4 4 0 1 1 4 3 4 1 0 2 1 1 2 1 1 2 1 3 2 1 0 1 3 1 1 1 2 0 2 3 2 1 3 1 1 2 0 4 1 1 1 1 3 2 5 0 2 2 3 4 1 0 6 1 3 2 2 3 3 2 0 0 4 3 5 2 2 1 2 2 3 0 1 4 1 1 0 1 3 2 1 7 1 2 1 1 1 1 3 2 1 3 2 1 3 1 1 0 3 5 3 0 2 1 1 1 1 1 1 1 0 1 2 2 3 3 1 1 2 3 1 2 2 2 0 2 3 1 4 1 0 0 1 3 0 1 2 3 4 2 2 2 1 4 0 2 4 1 1 1 1 2 2 2 3 2 4 1 3 3 2 2 2 2 3 1 2 2 2 6 1 2 2 1 1 0 0 1 0 3 1 2 0 1 4 4 3 1 1 2 4 1 1 3 3 3 1 1 1 3 2 2 0 3 5 3 2 3 3 2 2 0 3 0 2 2 2 2 2 0 2 2 2 1 1 3 5 4 3 0 2 2 1 1 1 3 1 2 0 2 3 1 4 3 2 1 5 2 4 2 1 1 4 0 2 1 4 1 3 1 4 1 2 1 2 3 3 2 2 4 0 1 3 1 1 0 2 3 2 1 1 2 2 3 0 4 1 1 3 1 3 2 2 3 1 1 1 1 2 6 2 2 1 3 2 4 1 2 2 2 2 1 0 0 1 1 3 2 4 1 2 2 1 1 0 5 1 2 4 2 1 0 2 3 4 3 0 0 3 3 2 2 3 1 2 1 2 3 2 2 1 3 1 1 1 1 5 2 1 2 0 2 1 4 1 0 3 7 4 1 0 3 3 1 3 0 3 2 1 1 4 2 2 3 1 1 2 2 4 1 2 3 1 5 0 2 0 0 0 2 3 3 0 2 2 1 1 1 1 3 3 0 3 2 0 5 3 2 0 2 3 2 1 3 5 3 3 1 0 3 4 1 2 5 2 4 3 2 0 2 2 2 2 2 0 0 2 1 1 3 4 3 1 2 4 0 2 3 0 1 0 0 0 3 5 2 1 4 2 3 2 2 1 3 2 3 1 3 1 1 3 3 2 1 4 3 2 1 1 1 3 4 2 0 2 4 1 6 1 1 0 3 2 4 4 2 1 4 2 1 2 1 2 2 0 1 2 1 6 1 2 3 0 1 2 4 2 1 2 2 5 3 0 6 2 0 4 3 0 3 2 3 2 3 4 1 2 1 1 2 1 1 3 1 3 3 1 4 1 0 2 1 4 3 1 1 1 2 1 1 3 3 0 1 1 1 2 1 1 3 1 1 2 1 2 0 2 2 3 1 2 2 0 3 2 3 0 0 2 0 2 3 2 2 2 1 1 2 2 2 1 2 2 2 0 4 4 0 2 2 1 1 6 3 1 1 2 5 3 2 1 2 3 2 2 3 0 2 1 2 2 2 0 0 5 1 0 0 4 2 2 0 1 3 1 1 2 4 2 2 2 1 2 1 1 4 1 3 3 0 0 1 4 2 6 1 1 2 3 1 1 0 0 4 2 3 3 1 1 1 0 2 4 3 1 2 2 4 2 3 2 1 5 0 2 0 1 2 2 2 1 0 3 1 3 4 0 3 4 0 2 3 3 1 3 0 2 4 0 1 3 4 1 1 2 0 1 1 0 4 1 2 3 1 2 3 4 2 3 3 0 2 1 3 4 2 0 3 4 4 1 3 3 0 2 1 2 0 1 0 1 3 0 3 2 3 3 3 1 1 3 2 1 1 3 2 0 2 1 5 2 2 0 1 3 0 2 3 1 2 1 1 2 1 3 3 1 2 3 2 4 0 1 1 4 3 2 3 5 2 1 1 2 3 3 3 4 1 5 1 1 1 1 2 3 2 1 3 3 2 3 4 2 4 2 2 4 2 3 0 2 4 3 2 3 0 2 5 1 3 1 2 1 2 1 1 4 2 0 0 3 3 2 3 1 1 2 1 1 4 1 3 3 0 3 0 1 1 3 5 5 0 0 3 5 2 4 2 2 2 1 1 1 3 3 1 1 1 4 2 0 1 4 2 4 3 1 1 0 0 3 4 0 2 2 3 3 3 2 1 2 2 3 0 0 2 1 1 1 1 2 5 4 2 1 1 2 1 0 6 4 7 1 0 1 3 2 0 0 4 1 0 0 1 2 1 2 1 5 3 0 0 2 2 1 1 0 3 4 2 1 3 0 1 2 3 1 4 5 2 3 1 1 1 3 2 2 0 0 2 1 3 1 5 1 2 0 3 2 0 2 0 4 1 3 0 1 3 3 1 2 2 2 0 2 1 5 3 3 1 1 1 6 2 2 2 2 2 2 1 1 2 0 1 3 2 1 1 0 2 3 3 2 2 3 4 1 3 1 2 1 0 3 0 2 4 3 2 3 2 1 2 0 3 2 3 3 1 1 2 3 2 1 1 2 2 1 3 3 1 2 1 3 2 0 1 3 1 4 2 4 1 4 1 3 2 0 3 2 3 0 1 1 3 1 2 1 2 2 2 6 3 0 0 4 0 2 1 4 2 3 1 4 2 2 2 1 4 2 2 1 0 4 0 3 1 2 2 5 3 0 1 1 2 3 1 1 3 3 1 1 5 2 1 0 1 4 1 2 2 1 1 0 7 2 2 3 2 1 1 2 1 6 0 2 2 1 1 0 2 1 1 1 0 1 1 6 7 3 2 2 0 0 1 3 4 0 0 5 2 5 2 3 0 0 0 2 3 1 1 2 1 6 1 2 7 0 0 2 3 0 2 2 1 3 0 1 5 1 0 4 1 1 2 2 0 3 1 1 0 1 2 3 0 4 3 3 1 4 3 2 5 0 3 1 1 2 4 2 1 3 2 1 0 3 4 3 3 1 0 3 1 1 2 2 3 1 0 2 2 2 4 3 2 1 0 1 1 3 1 0 3 0 4 0 5 1 4 3 0 2 1 2 2 1 0 3 1 3 2 5 1 1 2 1 2 0 3 0 2 2 2 4 3 3 1 3 1 4 4 3 1 5 0 1 3 2 2 2 2 0 1 3 1 3 1 0 3 4 3 0 2 3 0 1 3 1 1 2 4 1 2 2 3 0 4 0 2 0 3 2 1 0 1 3 0 0 0 3 1 0 3 2 1 4 2 2 2 0 0 1 4 3 0 2 5 3 1 3 1 2 1 1 1 3 2 1 0 1 3 1 3 3 5 4 1 2 0 0 3 0 3 5 1 3 5 1 3 2 4 1 1 0 6 0 1 4 0 1 3 3 3 2 0 1 3 0 1 1 3 3 2 3 3 4 1 5 3 1 2 1 2 1 2 1 3 1 2 1 5 1 5 2 2 1 1 2 2 2 3 2 0 2 2 1 3 2 1 2 0 3 0 5 1 1 5 0 1 3 1 1 2 2 2 0 5 2 3 2 4 2 1 1 2 5 2 4 2 1 6 1 1 2 3 1 3 1 1 1 3 2 2 1 1 2 0 2 4 1 3 3 1 0 4 0 1 2 0 0 2 3 1 1 6 0 0 3 0 3 2 1 7 0 1 4 2 1 1 0 3 2 1 1 3 4 2 2 2 3 4 0 2 2 2 2 0 1 2 2 1 2 1 0 2 1 1 2 3 3 2 2 1 3 2 1 1 3 1 4 2 0 2 1 2 2 1 3 4 0 0 3 2 1 3 3 1 1 2 0 2 1 2 3 2 3 1 1 1 2 1 1 4 1 4 3 2 4 1 1 0 2 2 1 2 2 2 2 1 4 3 2 3 1 1 3 1 2 2 0 4 1 2 7 3 1 0 2 4 4 2 3 0 1 2 2 1 3 2 2 3 1 1 1 0 6 2 3 1 2 0 0 3 5 2 1 2 2 2 1 1 0 3 7 0 3 2 3 1 4 1 0 1 4 3 1 5 2 3 5 3 1 3 5 0 1 1 0 0 2 1 5 2 0 3 1 1 2 2 4 2 1 4 1 2 0 6 0 1 0 2 2 2 5 0 0 3 1 3 2 3 0 2 0 2 1 1 0 0 7 3 1 1 2 2 2 0 4 2 2 3 3 1 4 2 2 0 0 5 3 2 2 0 2 4 1 1 3 0 2 4 4 5 0 3 1 5 5 4 3 3 1 2 2 0 1 0 1 2 2 3 4 3 1 1 2 6 2 0 2 2 0 0 2 3 1 0 5 3 2 1 2 5 1 1 1 0 2 2 6 0 3 1 4 1 1 4 3 1 2 2 4 4 0 2 4 1 3 0 0 3 2 1 2 4 0 0 3 2 2 3 1 2 1 2 4 1 2 6 0 2 3 0 0 0 1 4 2 2 1 2 2 0 2 2 4 2 4 2 1 4 2 2 7 1 1 2 5 1 1 2 0 1 4 1 5 1 0 0 2 5 3 2 4 3 3 2 2 2 3 1 2 1 1 1 1 1 3 2 3 4 0 1 2 0 2 1 2 4 0 2 1 1 0 1 2 1 2 2 4 2 3 1 2 1 1 3 4 0 1 2 2 3 0 2 2 1 0 3 3 3 1 3 0 3 0 2 1 1 5 1 1 5 0 3 3 4 0 1 2 3 1 3 1 1 1 2 3 4 1 3 2 2 4 0 1 1 2 1 1 2 2 3 2 3 1 2 1 2 2 2 4 2 1 3 2 2 2 1 1 2 2 3 2 0 1 3 3 1 2 2 2 1 3 3 4 1 3 0 0 2 1 0 2 2 2 2 3 4 3 2 2 2 0 1 2 7 1 0 5 1 1 3 3 3 3 1 3 3 0 4 3 3 1 1 2 1 0 2 4 5 0 0 1 1 1 1 1 2 2 3 1 1 0 2 2 1 3 4 1 2 3 3 1 0 0 1 4 2 2 1 2 4 4 0 1 2 2 1 1 0 2 1 3 1 1 2 1 2 3 3 3 2 3 1 1 4 1 2 4 2 2 4 1 1 2 0 0 5 2 2 1 1 4 0 0 0 1 2 3 1 0 5 0 2 2 3 2 3 1 1 2 2 1 1 1 2 1 1 2 4 3 4 2 2 1 2 1 2 1 2 2 3 2 2 4 4 2 2 1 2 4 0 1 3 2 6 3 4 1 1 1 3 0 3 2 3 3 2 3 0 3 1 1 2 3 2 0 1 0 2 3 2 1 1 2 1 1 2 2 0 1 2 4 1 2 1 4 0 2 1 3 2 0 5 1 2 2 5 2 2 1 1 2 1 1 2 4 2 1 0 2 3 0 3 2 2 1 2 1 1 1 0 5 1 1 3 2 3 5 5 1 1 0 2 0 3 0 2 4 0 2 4 5 3 2 2 0 1 0 1 2 1 3 1 2 1 4 3 1 1 1 1 1 2 5 3 1 2 2 2 2 2 1 2 6 1 2 5 2 0 1 0 1 4 2 3 3 1 2 3 2 1 3 1 1 2 2 2 1 0 7 2 1 2 2 3 1 1 3 1 2 3 5 1 2 1 4 2 2 2 3 3 2 0 1 3 2 2 1 3 2 1 1 2 3 1 4 0 1 4 1 3 0 3 0 2 1 0 2 1 2 6 1 1 3 3 3 8 2 1 1 2 2 2 2 3 1 3 3 3 1 4 1 0 1 1 1 4 5 2 3 3 0 2 5 1 0 1 1 2 1 4 2 1 4 2 2 1 4 3 5 5 3 0 2 3 2 2 0 1 2 1 3 2 1 2 4 4 3 2 4 1 1 1 2 2 1 3 2 2 2 1 5 3 3 3 1 2 3 3 1 3 1 1 3 2 2 1 2 2 2 1 0 1 2 4 3 1 3 1 2 1 0 2 4 0 0 1 2 1 4 0 1 0 5 1 2 3 0 2 1 3 2 2 4 3 2 2 3 0 2 0 3 2 4 3 3 1 2 6 0 2 0 3 1 2 1 0 1 1 3 1 1 2 1 4 2 4 1 1 3 1 2 2 0 2 6 2 4 1 2 2 1 3 0 2 5 2 0 3 4 3 0 3 4 2 0 0 0 3 3 0 4 2 2 1 3 3 3 0 1 2 3 2 2 1 0 2 0 2 3 2 2 4 4 2 1 7 1 2 0 0 2 2 3 1 1 1 3 4 4 3 1 1 4 0 0 1 0 2 3 4 0 0 2 1 2 3 2 3 1 1 1 1 1 3 1 2 5 0 4 2 0 2 5 1 4 3 2 1 1 1 2 1 2 3 2 2 2 0 0 1 2 3 1 2 0 2 2 2 5 1 0 1 3 1 2 1 1 0 2 3 1 1 1 2 2 2 2 3 2 4 2 2 0 1 0 1 0 1 2 0 3 0 2 4 2 1 1 2 4 1 0 0 1 4 1 0 0 4 2 2 4 1 0 2 1 1 4 1 4 1 1 0 5 2 3 2 2 1 1 2 0 1 1 0 6 2 1 0 3 1 6 2 2 1 3 1 1 1 3 2 3 0 2 3 4 2 4 0 2 0 2 2 2 2 4 2 0 1 1 1 3 0 1 3 1 2 4 2 2 1 1 1 2 1 2 5 1 2 2 2 5 2 4 1 3 0 5 2 3 1 1 1 3 2 3 3 1 3 3 3 2 2 0 2 0 4 2 1 3 1 5 1 2 1 0 0 4 1 1 3 3 2 1 3 2 2 1 1 2 0 2 3 5 1 1 1 1 4 0 1 1 0 1 0 1 1 4 2 1 2 2 3 4 2 0 0 4 2 1 0 0 1 1 5 2 3 1 3 2 3 2 1 1 3 0 3 3 0 3 0 1 4 1 4 1 1 2 2 1 1 2 2 2 1 1 2 2 0 2 0 1 4 2 2 2 0 2 1 1 0 2 2 1 1 0 0 2 0 0 4 1 4 2 3 0 2 2 2 2 2 2 0 0 3 5 2 1 2 2 3 1 2 2 1 5 0 2 3 1 0 3 2 0 3 1 2 2 1 2 0 2 3 3 0 2 2 1 2 2 2 1 0 1 2 2 0 1 1 1 6 1 2 4 1 3 3 3 1 0 1 2 2 3 2 5 2 3 3 3 1 0 1 1 1 2 1 2 4 1 2 3 5 3 2 2 1 2 3 4 3 2 2 1 4 2 0 4 1 0 2 2 1 3 3 1 3 1 2 2 2 0 2 2 1 4 0 0 2 3 1 3 1 0 3 3 0 2 3 6 2 3 0 1 2 1 3 1 1 4 0 1 1 3 1 5 1 2 1 1 5 2 2 1 2 0 2 2 2 1 0 0 4 3 0 1 3 5 2 2 1 4 1 1 2 3 1 1 0 2 1 1 3 2 1 2 3 1 1 1 1 0 1 4 0 7 3 4 4 3 2 0 1 4 3 0 1 4 1 1 3 2 5 1 3 3 3 1 1 1 0 1 3 3 1 3 1 0 1 0 2 2 3 2 2 2 3 0 5 2 4 3 3 0 1 2 5 2 2 2 5 2 3 1 2 2 1 5 1 2 1 3 2 0 2 3 1 3 2 4 2 1 1 4 1 2 1 2 4 3 3 2 4 0 1 4 2 1 2 3 2 1 3 3 4 1 1 1 3 1 2 4 2 2 1 1 1 3 1 1 4 1 3 1 5 3 0 0 2 1 0 3 3 4 2 2 5 3 1 3 3 4 1 3 3 0 0 2 0 0 2 3 6 2 1 1 1 3 0 2 0 3 2 1 2 4 1 3 4 2 2 2 2 1 1 1 1 2 3 0 1 6 0 5 1 1 2 1 1 0 1 2 1 4 1 2 0 2 1 2 2 0 0 3 1 4 3 2 0 3 4 3 2 0 1 2 3 1 3 2 3 3 1 2 4 0 2 4 1 1 2 3 4 1 2 2 1 3 1 3 2 3 2 2 1 1 2 1 1 2 3 1 0 2 2 1 3 1 1 3 2 6 1 2 1 2 0 1 6 2 2 0 3 1 2 1 0 2 2 1 2 4 1 1 3 0 4 2 2 2 1 1 3 2 2 0 2 0 4 0 2 2 3 0 1 0 3 1 3 3 7 3 4 1 5 0 1 1 1 3 4 4 4 0 3 0 3 1 2 1 3 0 0 3 0 7 2 2 0 1 1 3 1 2 2 2 4 1 1 2 1 3 1 2 2 3 3 2 0 0 5 2 1 1 5 3 1 3 1 0 2 2 1 1 1 1 2 2 2 1 0 2 1 5 3 7 1 2 0 2 1 4 1 1 1 1 5 2 0 1 2 1 1 0 0 2 1 5 3 4 4 3 5 0 0 2 2 0 0 2 2 2 1 2 3 3 4 2 1 0 0 3 3 4 1 3 3 0 2 0 2 2 1 3 0 0 3 4 2 2 3 1 3 2 4 1 3 0 3 3 1 2 3 5 2 2 3 1 2 3 2 2 4 1 4 2 2 3 3 2 1 3 1 2 1 3 0 3 4 3 2 0 3 0 1 0 3 4 1 2 1 3 1 3 0 1 4 3 1 5 3 1 1 0 2 2 0 0 0 4 4 1 2 0 0 2 2 1 5 1 2 0 1 4 0 1 2 4 4 1 1 0 2 4 1 0 0 5 0 2 1 1 3 2 5 2 2 1 4 1 0 0 2 2 0 1 2 3 1 2 2 2 2 3 3 4 2 1 4 1 2 1 3 3 1 1 0 2 3 1 4 2 2 1 0 4 1 3 3 0 1 3 2 1 2 0 2 3 1 4 3 1 1 4 2 3 2 1 1 0 4 1 2 3 3 4 1 2 0 1 2 2 3 1 1 1 1 2 1 3 4 3 0 2 0 3 2 2 2 2 7 1 4 1 3 4 3 1 1 0 3 0 3 1 1 5 1 1 5 4 3 0 2 4 2 4 1 4 0 1 0 4 2 1 3 2 1 2 3 2 0 0 4 3 1 3 4 3 3 2 3 1 0 2 5 4 0 1 4 3 1 0 5 1 2 0 0 2 5 3 0 2 2 3 3 3 2 2 1 2 3 1 1 1 2 0 3 4 0 3 3 3 3 2 1 1 2 3 2 2 0 1 4 3 3 3 1 2 1 4 2 3 3 4 1 2 2 4 2 1 1 2 3 1 4 0 1 4 0 2 1 2 2 1 1 1 1 3 2 0 1 3 3 1 1 2 0 1 3 0 4 1 5 3 3 2 2 1 0 2 4 1 0 1 4 2 5 0 2 4 0 3 1 2 3 2 0 1 7 4 1 2 0 0 0 2 0 4 2 3 1 0 0 1 3 1 5 1 2 2 2 2 1 5 1 2 5 4 2 2 2 2 1 2 3 0 2 2 0 0 3 3 1 1 3 0 2 1 2 1 5 1 0 4 3 0 2 3 2 4 1 1 3 0 1 2 3 5 2 3 0 1 5 0 4 3 0 3 1 5 1 3 0 1 0 1 3 4 1 2 0 3 1 3 2 3 1 2 1 1 3 4 0 2 2 5 1 2 3 0 3 1 2 3 2 2 5 2 1 2 2 2 1 1 2 3 2 6 3 2 1 0 0 3 2 0 1 2 2 3 3 0 3 1 2 3 2 0 4 2 3 2 0 0 1 3 2 2 4 6 3 2 1 3 4 2 1 0 1 2 3 2 1 2 3 3 0 2 1 0 1 3 3 3 1 1 3 1 2 1 0 0 3 0 2 0 1 1 1 5 1 3 4 4 0 0 1 3 2 3 2 1 1 1 1 3 2 2 2 2 1 4 0 2 4 3 1 0 1 2 4 2 2 1 1 1 4 4 0 2 1 2 0 2 2 2 1 2 3 3 1 0 2 4 2 3 2 1 0 4 0 2 1 2 7 3 2 1 0 1 3 3 2 1 3 0 2 4 2 4 5 0 1 1 1 1 1 1 2 1 3 3 0 2 1 2 2 1 2 4 0 5 4 1 1 1 1 2 0 2 2 0 2 6 1 1 5 1 2 0 4 1 2 3 1 3 1 1 2 1 4 1 3 2 2 2 2 2 2 2 5 0 0 3 3 1 2 1 2 3 1 0 2 2 1 2 4 3 0 4 2 3 2 1 1 2 4 1 3 4 2 5 3 0 1 1 6 2 1 4 3 1 4 2 2 1 1 1 2 2 4 0 0 0 0 3 4 3 3 0 2 4 8 1 1 3 0 1 0 2 0 1 2 3 1 1 3 5 4 4 0 0 5 5 4 1 2 2 2 2 0 4 4 3 1 1 0 2 3 1 2 3 2 2 1 3 3 1 2 3 4 2 1 1 1 1 3 0 2 2 3 3 0 4 4 2 0 2 3 3 1 0 0 2 3 6 2 3 1 0 2 1 1 1 0 4 3 2 5 2 1 0 0 2 1 1 1 1 4 1 0 2 5 2 2 3 2 4 4 3 2 1 1 1 1 3 2 2 1 1 2 2 2 1 1 3 0 1 3 1 0 1 5 2 1 1 4 5 0 1 1 5 4 1 4 3 1 2 1 0 1 2 2 3 3 3 0 0 2 6 4 2 2 1 0 2 2 2 1 3 0 4 3 3 3 3 4 1 0 1 2 3 0 1 6 1 0 2 4 1 2 0 1 5 2 3 2 2 5 1 3 1 4 1 3 4 1 0 4 3 3 0 1 3 1 3 2 4 3 1 1 1 2 5 2 4 0 3 2 1 4 2 4 1 1 2 2 3 1 1 2 1 2 2 1 5 2 3 0 0 2 3 1 0 1 1 3 2 3 0 5 3 2 0 1 3 3 1 5 1 3 3 2 2 1 0 4 2 0 3 4 1 0 2 0 1 1 1 2 7 2 1 1 5 1 1 5 1 3 2 2 3 3 2 0 2 3 2 3 2 0 1 2 2 1 2 1 3 4 1 5 2 1 1 3 1 1 1 0 3 2 0 2 4 3 2 1 2 1 1 2 0 4 3 2 2 0 2 2 0 2 4 2 1 0 4 2 1 2 2 1 1 2 3 7 3 1 1 1 4 1 3 1 2 2 0 4 1 3 2 5 3 4 1 1 0 1 6 2 1 2 4 1 0 3 0 0 0 1 1 3 2 1 2 2 1 1 2 4 3 2 4 3 1 2 0 2 2 1 2 1 3 6 5 1 1 1 4 1 4 2 0 1 3 1 1 0 6 2 2 2 2 2 3 1 2 2 4 2 3 0 3 3 2 4 1 0 1 5 0 0 0 1 3 4 4 2 2 3 3 0 2 3 2 1 3 0 4 3 4 0 2 1 0 0 4 2 2 0 2 6 2 2 7 2 3 2 2 1 2 1 0 2 2 1 2 4 0 2 3 2 4 2 1 3 1 0 2 3 0 1 1 0 6 2 2 1 4 0 3 2 2 2 1 3 1 3 3 2 0 4 4 1 2 1 3 2 2 1 0 1 2 0 2 1 3 3 1 1 0 2 2 1 0 1 1 3 1 4 1 4 0 2 3 2 4 2 0 3 3 1 0 0 7 1 1 2 1 3 4 3 3 0 2 0 6 5 0 3 3 3 2 4 2 0 0 1 3 3 2 1 3 1 2 0 2 1 2 3 3 2 1 1 2 0 2 2 3 0 2 2 4 2 3 3 1 2 2 1 1 4 5 3 3 3 0 4 1 0 1 1 1 4 1 3 2 2 4 1 2 5 2 2 5 2 3 1 3 1 4 5 3 0 3 1 1 1 3 2 2 4 0 1 4 2 4 1 1 4 2 1 3 0 5 0 0 2 2 3 1 1 0 1 1 1 2 4 1 4 0 2 1 1 1 2 3 2 2 2 0 2 2 1 1 1 3 1 2 2 2 3 1 0 3 0 1 5 0 1 2 2 3 3 4 1 2 2 0 0 0 4 1 2 5 2 3 2 1 4 3 2 1 2 1 2 1 3 3 3 3 1 1 2 2 0 3 3 3 2 1 3 1 2 0 2 2 4 1 2 2 1 1 3 1 2 4 2 1 3 2 4 2 0 5 0 1 4 0 0 3 1 2 2 2 4 2 1 2 2 2 1 2 2 2 2 1 0 0 2 2 3 0 2 2 1 1 1 1 4 5 4 2 0 2 0 1 2 2 1 5 3 3 2 2 2 1 1 1 0 1 2 3 1 5 1 4 1 3 0 0 1 0 1 1 2 1 2 3 2 1 1 3 3 1 2 3 1 2 3 0 4 1 2 1 2 4 0 2 1 4 0 1 3 0 2 4 1 2 3 3 0 3 1 1 2 2 3 0 1 3 2 2 2 0 1 4 2 0 1 3 4 3 3 4 1 0 4 0 1 2 0 2 2 3 0 3 3 1 2 3 1 1 0 3 5 2 4 0 1 2 5 1 1 4 0 1 0 0 3 3 2 0 3 7 2 3 0 2 3 3 3 1 1 4 1 5 1 4 2 1 0 1 2 2 1 3 1 3 1 1 0 2 3 2 1 5 4 3 4 2 1 3 3 2 2 1 1 3 0 3 1 1 3 3 3 2 3 3 3 0 3 1 3 2 2 1 2 1 3 2 1 3 2 2 1 1 3 4 2 1 0 0 1 0 3 1 0 1 2 6 1 1 0 2 5 5 1 2 1 2 4 1 3 2 1 1 4 2 5 4 3 1 1 3 0 1 2 0 3 1 0 3 3 1 0 2 3 1 2 6 1 1 3 2 3 1 3 2 1 3 3 2 1 0 2 0 2 0 2 3 3 3 3 1 4 0 0 1 1 2 4 1 1 2 5 3 3 2 3 4 2 2 0 1 2 2 0 3 0 4 1 0 3 2 0 2 1 2 2 2 0 4 1 1 1 3 2 5 2 0 3 2 3 1 0 0 3 4 4 1 0 1 1 5 3 1 3 1 2 3 2 2 2 1 1 1 1 5 1 2 2 2 5 2 1 2 0 1 4 1 3 1 1 1 1 2 2 0 1 2 3 2 0 5 0 2 3 2 3 1 0 2 4 1 2 0 0 1 2 2 0 1 2 1 2 4 4 3 1 1 0 0 3 3 2 3 2 1 2 6 3 1 0 2 2 2 3 4 3 0 2 2 0 3 2 3 1 3 3 3 1 2 0 2 0 1 3 1 4 0 3 3 1 1 5 3 1 1 3 2 3 4 1 2 0 3 1 0 2 0 2 3 4 1 2 3 3 1 2 3 1 0 2 1 4 2 3 1 2 3 0 2 2 0 2 5 1 1 3 2 2 1 3 2 1 2 0 6 2 2 4 2 2 3 0 1 2 2 2 1 3 1 2 5 1 0 2 2 2 1 1 2 1 3 1 3 2 3 4 1 3 1 2 3 2 2 2 3 4 0 0 1 2 4 1 1 1 1 1 2 2 1 1 2 1 4 0 4 0 3 2 3 1 0 2 2 2 3 0 1 2 0 0 2 2 4 1 0 2 1 1 4 1 5 2 2 1 1 3 3 0 1 1 4 1 1 1 1 1 3 2 3 3 3 2 0 2 2 1 3 2 1 2 1 3 1 0 1 3 2 3 1 1 6 3 1 5 1 0 1 4 1 1 0 2 2 0 4 3 2 0 3 3 1 4 2 3 2 4 3 1 4 1 1 0 1 0 2 3 2 1 1 0 2 1 1 2 5 2 3 2 3 0 0 1 3 1 2 5 4 1 4 2 1 3 1 4 1 1 3 3 4 2 2 2 3 2 1 3 1 1 2 2 0 3 0 2 3 3 2 3 5 2 0 1 3 0 0 3 1 2 2 3 5 1 4 1 1 1 1 1 2 3 0 0 1 2 4 1 0 2 0 2 1 0 5 2 0 2 1 3 2 1 2 1 0 2 1 1 1 1 3 3 4 1 3 2 2 3 4 2 6 1 1 0 3 1 4 2 0 1 3 3 1 2 2 3 1 2 0 3 1 2 2 2 1 2 0 6 2 2 0 4 2 1 1 1 1 6 2 2 0 0 2 1 1 5 2 2 2 3 2 6 2 2 2 1 1 0 3 3 3 1 1 1 0 2 1 1 2 1 1 1 2 1 4 1 2 2 2 3 1 5 1 1 3 2 2 2 2 0 1 0 1 2 5 0 2 3 4 4 0 0 1 0 1 5 2 2 0 1 3 1 4 5 3 2 2 0 2 3 4 3 1 3 3 3 2 1 2 1 1 0 1 6 2 3 0 1 3 2 1 2 1 2 1 2 4 2 3 0 3 2 4 0 1 2 3 5 2 1 4 1 2 3 1 2 1 1 1 1 1 1 1 2 1 4 1 0 3 1 2 3 1 2 4 0 3 0 1 1 0 2 3 1 1 2 2 5 0 1 3 0 0 1 3 1 2 3 1 3 1 7 1 1 3 3 2 2 3 1 3 0 5 4 4 0 2 2 2 3 4 4 1 3 2 0 0 0 3 3 2 1 1 0 4 2 0 4 1 0 2 3 3 0 2 1 5 0 1 2 2 5 4 2 1 1 4 2 2 1 1 2 4 3 1 2 0 1 2 0 3 2 3 1 1 0 4 0 2 1 3 0 2 3 3 3 2 2 1 3 1 4 1 4 2 1 2 3 5 1 0 2 1 1 4 3 2 1 3 1 3 2 0 0 3 1 1 2 4 4 3 0 0 0 2 3 1 1 0 0 2 1 3 3 3 4 1 3 0 3 2 0 4 0 2 1 0 4 1 2 2 2 4 2 3 5 0 2 1 3 3 1 2 2 1 2 1 3 2 2 2 1 3 5 1 1 0 1 3 1 2 1 3 0 2 1 1 1 3 2 0 2 2 2 1 3 4 3 3 2 2 0 2 0 3 1 1 3 1 0 0 4 2 2 0 0 0 4 5 2 2 1 3 3 2 1 0 1 1 4 1 2 4 1 1 1 1 1 1 3 1 1 3 3 5 0 3 0 3 1 3 1 0 5 0 0 2 2 0 5 1 4 0 1 1 2 0 1 3 1 1 1 0 2 1 1 1 4 1 1 4 3 3 2 1 1 2 1 1 3 3 2 1 3 6 1 2 0 1 2 0 1 1 2 1 2 3 1 1 1 5 1 4 2 1 4 2 0 1 1 7 1 1 1 1 1 2 2 3 2 3 0 2 1 0 1 4 2 2 3 3 2 6 3 1 2 0 2 1 1 3 3 4 2 0 4 3 2 2 2 0 0 1 1 1 3 2 3 1 1 2 0 4 3 3 3 1 1 3 2 2 3 4 1 0 4 3 3 0 4 2 1 1 2 4 1 0 1 2 5 3 2 1 2 2 1 0 1 3 1 1 3 3 2 2 1 2 3 1 6 3 3 2 0 2 4 3 1 3 1 4 1 1 1 4 2 5 1 1 4 0 0 2 2 2 3 2 4 1 4 0 3 2 1 0 2 3 4 2 1 1 1 3 1 3 0 0 2 2 6 4 1 1 1 5 0 1 0 2 5 2 4 1 1 0 4 1 2 1 2 1 2 2 0 3 5 2 1 2 2 0 4 6 1 4 0 1 3 3 3 3 1 1 4 1 3 3 2 1 1 1 1 1 3 3 1 1 2 0 4 4 2 0 4 2 0 0 1 1 4 2 1 0 3 2 3 3 0 1 1 1 1 0 1 0 4 2 2 1 2 3 1 2 2 3 2 0 2 4 2 3 1 2 4 1 1 1 1 0 4 5 2 2 4 1 3 1 1 3 0 1 2 1 0 1 2 5 1 1 3 5 1 0 1 2 3 2 3 3 1 0 4 1 4 5 3 2 1 4 3 3 2 2 0 5 0 1 4 2 2 1 1 2 1 2 3 1 2 1 0 4 3 0 2 4 2 0 3 6 2 1 2 2 2 1 3 0 3 0 1 1 2 0 3 3 0 1 2 2 1 2 1 2 1 3 1 5 2 2 1 1 2 2 2 1 2 2 3 3 2 1 2 0 1 1 2 2 1 2 4 1 2 3 2 2 0 1 3 4 4 2 1 0 1 1 1 2 0 0 2 0 5 1 3 2 0 1 4 0 3 2 4 0 3 1 2 3 4 1 1 0 0 2 0 1 3 1 2 0 2 3 0 4 1 4 4 3 2 2 2 1 4 1 3 0 4 1 4 3 1 2 3 6 1 5 5 2 1 2 4 5 2 2 1 2 4 1 2 2 1 0 2 3 0 1 6 2 3 4 1 3 3 0 2 1 2 0 1 1 0 0 0 5 3 3 0 1 2 4 1 1 1 1 2 2 1 3 2 5 1 3 0 4 2 1 2 2 1 3 1 2 3 1 2 2 2 4 2 2 0 1 2 2 4 0 2 1 1 5 3 0 2 1 3 3 3 3 1 4 3 1 3 2 2 0 2 0 3 0 2 2 1 5 2 2 3 2 1 0 0 1 3 5 0 1 3 3 3 4 1 1 4 3 3 0 1 1 0 2 3 3 1 3 3 2 0 3 1 2 5 2 0 2 1 0 2 4 2 0 4 3 5 3 2 0 2 2 0 1 1 2 1 4 3 3 0 1 4 2 1 5 2 2 1 2 1 1 1 3 1 2 0 2 0 5 1 5 2 2 2 2 1 4 3 2 2 4 0 2 3 1 1 2 4 6 1 4 3 2 5 2 1 4 0 0 2 0 2 0 3 3 3 1 1 3 3 2 3 2 2 1 2 1 3 2 2 0 1 1 1 3 1 1 0 3 3 3 3 3 1 2 0 2 1 3 1 3 1 0 1 1 1 2 1 3 2 4 2 2 1 2 1 0 3 1 2 2 1 2 0 2 2 5 1 2 2 4 1 0 4 3 1 1 2 4 3 2 2 1 4 0 1 2 4 2 2 1 1 0 1 5 2 4 1 1 0 2 4 2 1 1 4 2 0 3 3 3 3 1 0 2 2 1 5 4 2 2 1 2 3 0 1 3 3 0 2 1 1 1 3 0 1 2 4 3 1 2 1 2 0 1 0 4 2 1 4 2 5 2 0 2 2 0 5 3 3 0 3 2 2 1 2 1 0 3 2 4 2 2 3 2 1 1 2 0 0 3 2 2 4 2 3 3 2 5 4 0 0 0 6 2 3 1 5 0 2 3 3 0 0 2 4 0 0 2 1 6 3 3 1 1 0 3 1 4 2 0 1 2 0 7 1 0 0 1 3 3 1 3 1 1 0 2 1 0 4 1 1 1 2 3 3 2 2 1 1 3 1 2 2 1 3 2 1 1 3 2 1 2 3 3 2 2 1 2 4 1 0 4 3 1 1 1 2 2 3 0 2 0 6 1 2 1 2 2 0 2 3 3 3 1 1 1 3 1 5 0 4 2 1 3 1 1 0 1 2 2 2 3 4 2 2 2 0 2 0 2 0 0 3 2 1 2 1 0 1 2 1 4 3 0 3 2 2 4 2 3 2 1 3 1 2 0 0 0 7 4 1 1 2 0 1 2 1 4 1 1 1 2 1 3 0 4 2 1 2 1 2 1 2 4 2 2 1 3 2 1 2 0 3 1 2 2 3 4 2 2 2 2 3 3 2 3 1 3 1 1 2 1 2 1 4 0 0 1 2 2 1 3 1 2 0 1 4 2 0 3 3 5 2 2 4 0 2 4 1 2 1 2 5 1 2 0 1 1 2 6 1 0 0 2 3 3 2 4 1 6 2 2 0 3 0 2 1 2 1 6 1 3 3 7 1 1 0 5 3 1 1 3 3 2 2 1 2 1 0 1 1 0 4 0 3 1 3 5 2 3 2 1 3 2 3 3 1 1 2 0 3 3 3 0 3 2 1 2 0 6 0 0 0 2 2 6 1 1 1 4 1 3 3 3 1 1 0 3 4 3 4 1 4 1 1 3 1 0 2 1 0 3 1 2 3 2 2 1 0 2 1 0 4 1 3 6 1 1 5 2 1 3 1 1 3 2 3 1 3 1 0 0 2 3 5 2 2 2 2 0 2 4 1 4 3 3 1 1 1 1 1 3 1 1 2 3 0 1 2 3 1 5 2 2 2 1 2 0 3 3 1 1 1 1 3 1 0 1 4 2 0 0 1 1 0 2 2 0 4 2 2 1 3 0 1 4 1 3 3 3 1 1 3 1 2 2 0 1 3 3 1 1 1 4 1 3 1 2 1 3 5 0 2 1 3 4 1 1 4 1 3 1 4 1 2 2 1 3 2 4 2 2 0 3 1 2 1 1 0 1 2 5 2 1 1 1 2 5 2 3 2 5 0 2 1 5 4 1 0 2 2 4 2 1 6 0 1 1 3 1 1 1 2 1 2 1 0 2 1 0 2 3 0 7 2 2 1 6 1 2 3 0 0 5 1 2 1 1 0 1 2 2 1 2 2 1 1 1 1 1 1 5 3 4 2 2 1 1 1 4 2 4 2 2 2 1 3 6 2 5 0 1 0 4 4 2 2 1 3 1 1 3 2 0 2 3 2 3 2 3 4 2 2 1 0 5 1 3 3 2 0 1 3 1 3 4 0 3 2 4 3 2 3 6 1 1 1 1 1 2 1 2 1 1 1 2 0 2 2 2 1 2 2 2 1 4 1 3 1 4 1 3 0 5 1 1 0 1 3 4 2 1 4 5 2 4 0 2 0 3 1 3 2 1 2 2 2 0 3 1 0 0 5 2 3 2 2 2 2 0 1 3 1 1 1 2 2 1 3 1 1 2 2 1 2 0 2 2 3 4 1 0 2 2 1 1 2 2 2 3 5 3 2 2 2 0 3 1 1 2 3 3 2 2 2 0 1 1 0 2 3 3 1 2 2 3 1 2 1 4 1 2 1 0 2 2 2 1 1 1 2 0 2 2 4 2 0 4 2 0 3 2 5 1 2 0 2 1 1 4 6 1 1 3 1 2 1 2 0 3 1 3 1 4 3 1 2 2 1 0 2 2 3 2 2 2 1 3 2 1 3 1 1 2 2 1 3 6 1 2 2 4 2 1 0 4 2 1 1 1 2 3 2 0 1 4 1 2 1 2 2 2 6 3 1 4 1 2 0 1 0 4 0 2 1 1 1 2 3 1 1 2 1 2 4 5 3 3 0 3 1 2 3 2 1 2 0 2 2 3 1 1 2 2 2 2 2 1 0 3 2 2 1 1 2 3 3 1 1 0 2 2 5 1 3 6 4 1 1 3 2 0 2 2 1 2 3 2 1 2 5 1 4 2 2 0 3 1 4 5 2 1 2 3 1 3 1 2 2 2 3 1 1 1 1 2 1 4 0 3 2 5 1 1 3 4 1 0 2 4 3 1 2 5 4 1 4 1 1 0 2 5 1 3 1 2 3 0 2 2 4 2 3 0 3 2 2 0 3 2 2 3 0 0 2 2 1 5 1 1 2 2 5 3 0 1 2 3 2 2 2 2 3 0 2 5 2 1 1 4 1 2 4 2 1 3 2 3 2 3 1 3 2 0 2 3 0 6 1 2 2 4 2 2 2 3 2 3 2 1 1 4 4 3 1 2 1 2 1 2 2 1 0 1 0 1 2 0 5 4 3 1 3 1 4 1 7 0 4 2 0 3 1 0 4 1 0 2 2 1 3 1 1 0 2 3 3 3 4 2 1 0 2 2 1 0 3 1 1 3 1 1 2 3 1 1 3 3 2 4 3 5 1 2 0 7 1 1 1 2 3 2 1 2 1 5 4 1 3 1 1 1 0 1 0 4 4 1 4 1 4 2 4 2 1 3 3 4 1 1 3 2 6 3 5 1 1 3 0 0 3 3 1 4 1 4 4 2 1 1 2 3 3 4 1 3 3 0 3 3 4 5 1 2 1 1 1 1 2 0 1 4 2 1 3 3 1 4 4 2 2 1 0 3 1 2 3 2 2 2 1 4 2 2 2 3 2 2 2 1 0 3 1 1 2 1 4 2 1 1 3 2 2 2 4 1 4 1 1 0 2 3 1 1 3 1 1 2 2 1 2 2 0 1 1 2 2 3 1 4 3 1 3 2 2 0 4 2 1 3 3 3 1 3 2 1 1 3 2 4 1 2 3 3 3 3 3 1 2 1 2 1 3 3 4 2 2 1 1 2 1 3 1 3 2 2 2 3 2 2 1 4 2 4 1 1 0 0 4 3 5 1 2 1 2 2 2 1 5 0 3 3 3 0 1 2 2 1 1 1 2 4 2 1 0 0 2 3 0 1 4 3 3 2 1 1 3 0 2 1 1 1 1 5 2 1 1 1 2 1 0 3 1 1 2 3 2 0 3 4 1 2 1 1 2 0 0 3 3 0 5 0 1 3 2 4 5 4 0 0 1 1 2 4 3 1 0 2 2 1 3 0 3 1 2 2 4 0 1 3 2 1 3 0 2 3 2 0 5 3 1 2 1 3 3 4 1 0 2 3 5 1 2 2 3 0 2 1 2 4 1 0 2 3 6 1 3 0 0 4 1 1 1 2 1 1 2 1 1 4 1 2 2 2 3 1 3 2 0 2 6 0 3 1 1 1 3 1 2 1 3 3 2 2 1 2 1 3 3 0 1 2 2 6 2 4 2 2 3 1 0 1 0 1 4 1 4 4 0 0 1 2 3 2 1 2 1 1 3 1 4 1 1 1 2 1 3 1 4 1 2 3 3 4 1 2 3 0 2 1 0 2 1 4 2 0 3 1 0 0 5 6 1 5 3 0 1 1 2 2 2 1 0 4 1 1 2 3 3 0 2 0 1 3 1 1 5 3 2 2 2 3 3 1 0 3 1 1 1 2 3 1 2 2 3 2 3 1 4 2 1 5 3 3 0 2 2 2 3 2 2 2 2 0 2 4 2 3 3 1 4 6 3 1 3 2 2 2 0 2 3 2 3 4 2 2 1 2 2 1 5 0 2 1 0 2 0 3 1 1 2 1 5 1 4 2 1 4 1 1 2 3 1 2 1 1 3 4 0 1 3 3 0 3 1 3 0 3 2 1 1 1 3 3 1 5 1 1 0 3 1 4 4 1 3 1 1 3 2 2 3 1 1 3 0 2 2 2 2 2 2 2 2 2 0 0 2 1 3 2 2 2 1 2 2 2 0 3 1 3 1 1 3 2 2 1 1 3 2 3 2 2 3 0 3 2 1 1 0 0 2 3 2 3 7 2 1 2 1 1 2 2 2 1 3 3 2 0 2 1 3 1 2 5 1 3 0 4 1 3 0 5 1 3 4 2 2 2 2 2 3 6 1 2 4 1 3 1 1 2 1 2 2 2 3 3 1 2 3 0 1 1 5 0 1 3 1 2 0 1 3 2 3 4 1 1 4 3 1 0 3 5 1 1 2 0 1 4 3 3 2 0 4 3 3 2 1 3 1 1 3 3 3 3 2 1 2 1 0 3 3 2 1 2 0 3 3 1 0 1 1 2 4 3 0 3 2 0 2 1 2 0 2 2 1 2 1 3 1 1 1 3 2 1 0 3 1 4 0 1 4 1 5 1 1 3 2 1 3 3 0 1 1 0 0 4 0 4 4 2 2 2 2 3 2 3 1 1 1 1 0 1 1 2 2 1 1 1 3 1 1 0 2 1 1 1 2 1 3 2 2 2 2 1 1 0 1 1 0 2 1 1 6 4 3 1 2 3 2 1 1 3 4 1 2 1 1 4 3 2 2 2 2 1 2 3 1 3 0 1 1 2 1 2 6 2 5 0 3 1 1 3 5 0 3 2 1 1 1 1 3 3 2 1 1 1 3 2 4 0 2 4 2 1 2 1 1 1 2 3 0 4 0 3 3 2 0 0 1 1 2 4 4 2 1 2 0 2 4 0 3 1 1 4 1 0 1 4 1 1 1 3 1 1 1 2 3 2 4 2 3 1 2 1 0 3 1 2 2 1 2 0 1 4 5 5 2 1 0 0 2 3 1 1 6 1 2 0 0 2 0 2 1 3 1 2 1 1 1 1 5 4 2 0 2 2 5 1 1 3 1 4 2 2 0 2 0 1 4 2 2 1 3 0 2 1 2 1 4 2 1 1 2 5 2 3 1 1 0 3 0 5 0 2 1 2 1 3 1 3 0 3 1 2 1 1 0 1 3 4 2 1 1 2 2 1 1 0 2 2 0 1 1 5 1 4 2 1 3 0 2 4 1 3 1 1 2 2 2 1 3 2 2 0 3 0 2 2 2 3 2 3 0 1 1 3 2 4 5 1 3 3 3 1 0 1 2 4 4 1 2 3 3 1 1 2 3 1 2 1 1 4 2 1 3 3 1 2 3 2 2 1 1 2 0 1 4 2 1 3 4 3 0 1 0 2 1 2 1 3 1 2 5 1 3 2 2 2 2 1 1 3 4 0 2 6 4 3 1 1 0 0 0 2 2 4 2 2 2 2 1 0 2 2 2 4 0 1 3 1 3 2 4 1 3 3 1 0 0 2 3 3 3 2 3 1 1 6 2 0 1 3 3 2 0 3 1 4 3 2 3 0 1 2 5 3 0 3 2 3 0 2 1 3 0 5 1 2 3 3 2 1 0 4 5 4 3 4 1 2 0 0 2 1 3 3 2 1 1 0 2 3 3 0 2 1 0 3 1 4 1 4 0 3 2 4 2 3 1 1 1 1 0 1 1 1 3 2 4 1 3 2 5 1 4 1 2 1 2 0 3 3 2 1 1 4 0 2 0 0 1 2 4 5 1 3 0 3 0 2 1 2 2 3 2 2 4 1 2 0 2 2 0 1 3 5 0 2 0 2 1 1 1 2 1 3 0 2 4 1 1 3 2 2 3 0 0 1 1 2 1 2 4 3 1 2 1 0 2 2 2 1 2 3 1 2 2 1 0 1 1 2 3 4 2 4 2 2 1 1 2 1 1 5 2 0 3 1 2 1 2 4 3 4 1 1 2 2 1 2 1 1 3 2 2 0 4 2 2 1 3 5 5 0 1 4 2 3 2 0 0 3 4 3 6 1 2 6 0 6 3 3 1 2 3 3 3 5 0 1 1 4 1 2 2 2 3 3 0 1 0 0 3 2 0 3 2 3 2 2 4 0 2 2 2 0 4 0 1 1 2 0 3 1 4 3 3 4 0 4 1 1 1 1 1 1 3 1 5 2 0 0 0 2 3 2 1 1 4 2 3 4 3 2 1 2 3 2 0 2 1 5 1 2 4 3 4 2 3 4 1 2 1 0 1 2 1 2 1 0 0 3 0 4 3 1 2 3 4 0 3 0 4 1 4 0 1 1 1 4 2 1 1 1 2 4 3 5 0 0 1 2 1 2 6 3 3 4 5 2 3 1 4 3 0 0 1 2 1 2 1 3 2 3 1 3 2 3 2 1 0 2 4 1 1 0 3 5 1 4 3 1 4 2 1 3 1 1 2 2 2 2 4 2 4 1 1 3 1 1 2 1 1 4 2 4 2 2 2 5 1 1 1 5 1 2 0 1 2 4 1 2 1 1 1 2 4 0 1 4 1 2 1 3 1 3 2 4 1 2 3 1 0 2 3 2 0 3 4 2 2 4 2 4 2 0 1 1 1 3 1 0 0 0 1 3 1 2 4 0 1 4 0 3 2 2 4 3 1 3 1 2 2 1 2 3 0 3 2 1 2 5 1 3 3 2 1 2 1 4 1 3 2 4 0 2 2 2 2 1 1 1 0 2 0 0 2 4 2 3 2 2 4 1 3 3 1 1 3 0 3 2 1 4 2 1 1 1 2 0 1 1 4 3 1 1 2 1 3 2 3 3 2 3 3 2 1 1 1 1 0 2 1 5 1 0 3 3 2 3 1 0 4 2 0 0 1 4 4 2 4 2 0 2 5 2 2 0 0 1 4 3 0 4 4 2 0 1 1 1 0 1 2 1 1 2 2 3 2 2 0 2 1 2 2 1 1 3 1 1 4 3 3 1 1 0 6 2 2 1 2 0 1 2 2 3 1 2 2 4 4 1 2 0 2 1 2 1 1 0 2 3 1 7 3 1 0 3 1 1 1 1 4 2 3 2 3 1 4 2 2 5 2 2 1 4 0 1 2 2 0 1 2 1 1 1 1 3 2 2 1 3 2 2 0 1 0 1 3 3 4 6 2 1 1 1 0 2 2 1 6 2 3 2 1 2 0 3 6 2 1 2 0 2 3 2 3 1 2 2 0 1 2 3 3 1 2 3 2 2 0 0 3 1 0 0 2 2 2 2 3 2 6 1 3 0 1 2 1 4 2 1 1 0 2 2 3 3 0 1 1 1 3 3 2 3 3 1 2 4 0 4 3 0 2 3 1 1 3 3 3 3 4 2 2 1 2 2 4 3 2 0 2 0 2 2 0 1 3 3 2 2 3 0 5 1 1 2 0 2 2 2 2 3 2 2 6 0 2 1 0 2 4 1 3 1 2 2 1 2 2 2 1 0 3 1 2 1 2 1 0 1 1 1 2 1 0 1 3 3 1 4 4 3 0 1 3 0 2 2 4 1 4 4 2 4 3 5 2 1 1 2 2 0 1 3 1 1 3 0 3 1 1 1 3 3 2 1 3 1 0 3 0 4 1 0 2 2 3 2 2 5 0 0 3 1 3 2 0 7 2 4 3 1 1 0 2 2 4 3 1 4 3 4 2 1 0 2 1 4 0 1 1 0 1 1 3 3 1 1 1 2 2 1 1 1 1 3 2 1 2 0 0 3 4 2 2 2 2 4 3 0 0 0 0 3 1 2 4 1 4 2 4 1 2 3 3 2 3 3 3 2 1 0 3 2 3 6 1 0 2 1 1 5 1 1 3 2 1 2 3 0 4 4 4 3 1 1 1 3 0 2 2 3 1 0 0 0 2 4 1 0 3 3 0 3 1 1 0 2 4 1 3 4 2 0 2 2 3 3 3 2 2 4 3 2 1 0 3 1 0 2 3 3 3 3 2 1 1 1 7 3 0 3 4 0 1 1 4 4 4 3 0 2 0 1 3 3 0 3 6 2 0 1 3 0 0 4 1 2 4 0 1 3 3 2 6 1 2 2 2 0 2 1 4 4 2 0 3 1 2 5 2 1 1 2 3 2 2 0 4 3 3 5 2 2 2 0 3 1 4 2 1 1 1 3 4 3 1 0 1 0 2 1 1 3 5 0 1 2 3 5 1 0 1 3 2 2 0 3 1 4 2 0 1 0 0 1 1 5 2 3 1 2 0 1 1 3 6 2 2 1 4 2 0 4 1 3 3 2 2 2 2 0 1 2 1 4 2 2 3 4 3 3 2 2 1 4 0 0 3 2 1 3 3 0 2 3 1 1 3 1 2 4 2 4 2 1 2 1 3 1 2 0 2 0 2 1 5 2 1 2 1 4 2 2 4 1 1 3 2 3 1 5 2 5 2 0 2 1 1 6 2 2 3 1 3 0 1 1 2 1 2 0 2 0 0 1 4 2 1 3 1 0 1 2 1 5 1 3 3 5 1 1 1 3 0 1 1 3 3 3 0 3 1 2 0 5 1 1 1 0 2 1 1 2 3 0 2 3 2 1 2 2 3 2 1 1 1 2 2 1 2 1 3 2 2 3 3 2 4 1 3 0 3 1 1 0 2 2 1 2 2 2 4 1 3 1 4 2 5 4 2 2 1 2 3 1 1 1 4 5 2 1 2 1 1 6 2 0 2 1 3 4 2 1 2 1 1 1 3 2 0 2 1 3 3 4 2 0 2 2 3 3 3 2 1 1 2 1 2 2 1 3 3 3 2 4 3 4 4 2 3 2 0 3 2 3 4 4 1 0 5 0 2 2 1 1 2 1 2 3 5 0 2 2 4 1 1 2 2 2 3 3 2 3 3 3 1 0 3 1 2 2 4 2 3 3 0 3 2 2 4 4 2 3 1 2 1 1 0 3 5 4 5 2 3 3 0 1 3 4 3 3 2 2 2 2 1 2 1 3 1 0 2 0 4 2 8 0 2 1 3 2 0 2 1 2 0 1 1 2 2 1 4 2 3 1 2 2 1 1 0 3 2 3 0 0 2 2 3 1 3 0 2 4 1 3 3 1 2 3 3 0 1 2 2 1 5 2 2 0 2 3 1 2 0 0 1 5 2 0 3 1 0 6 3 1 2 3 3 3 0 1 3 1 1 2 0 2 1 0 1 3 0 4 2 0 1 1 7 2 1 2 4 4 2 2 3 1 1 3 1 2 1 0 3 3 2 2 1 4 3 3 3 2 2 4 1 1 1 0 0 3 1 3 4 1 1 2 1 2 3 2 2 2 2 2 2 1 1 2 3 2 3 2 3 2 2 2 2 0 3 1 0 2 2 4 1 0 0 1 4 2 3 3 2 1 4 2 3 2 3 2 2 2 1 2 1 3 3 1 1 1 3 2 1 3 4 0 3 1 3 1 3 2 1 1 2 1 0 3 3 5 4 2 3 1 0 1 2 3 3 0 0 5 1 0 2 1 1 2 1 5 3 3 3 3 3 0 2 3 1 2 2 3 2 1 4 3 2 2 2 3 1 0 1 1 1 2 1 2 2 0 0 0 3 3 4 2 5 1 1 2 1 2 2 1 1 3 0 2 4 1 5 3 1 2 2 1 1 4 2 2 2 2 0 2 2 2 2 1 1 6 3 2 5 6 2 1 2 2 2 0 3 1 0 3 1 3 3 1 3 3 4 2 2 4 1 2 3 0 1 1 4 2 1 1 1 3 5 2 2 3 2 3 0 0 3 5 2 0 2 0 2 0 2 0 3 6 1 1 3 1 0 2 2 2 2 1 2 1 2 1 1 5 1 1 0 0 2 1 3 2 4 1 5 1 5 2 0 2 1 4 4 1 1 2 3 4 4 0 2 0 2 0 3 1 3 6 8 2 0 2 1 2 0 0 2 1 2 1 1 4 1 2 2 2 2 1 1 3 2 2 4 3 2 3 1 2 1 3 3 0 1 2 0 3 1 0 1 6 3 4 2 0 3 0 3 0 1 1 3 2 3 4 2 0 0 2 2 1 3 2 4 1 5 2 3 0 1 3 0 4 4 0 2 2 1 1 1 3 2 1 3 2 2 1 1 1 1 2 3 2 0 4 2 5 2 0 2 2 1 2 1 1 2 3 2 3 5 4 3 1 1 1 1 2 3 1 2 3 2 2 0 4 5 4 3 0 0 0 1 4 3 3 0 2 0 3 2 2 2 2 0 2 2 3 4 0 0 3 3 1 3 3 0 1 2 1 2 2 0 2 2 2 1 0 3 7 1 0 2 2 1 1 2 2 2 2 2 2 3 0 1 1 1 1 3 2 4 2 2 4 0 2 3 3 1 0 3 3 1 5 1 1 0 2 3 2 0 2 0 2 4 1 0 4 1 3 1 0 1 1 1 2 2 1 0 4 1 2 1 4 3 2 5 0 1 0 0 4 0 1 2 3 2 1 6 2 3 2 0 1 1 3 0 0 1 0 3 4 3 2 0 2 2 0 1 2 3 2 2 3 2 2 3 0 1 1 0 2 3 3 1 3 0 2 1 2 3 3 3 2 3 5 1 3 2 6 0 1 3 0 2 0 4 3 2 1 3 2 1 1 2 3 0 2 1 1 4 0 2 2 3 1 3 1 0 4 0 6 3 1 3 0 3 2 1 1 2 3 0 2 1 3 2 2 3 1 1 2 2 5 0 3 1 3 1 2 1 2 4 3 1 3 0 0 2 1 1 3 5 0 3 2 2 2 1 2 0 2 2 3 3 3 2 1 3 1 0 2 2 0 1 1 1 4 1 1 0 0 3 2 2 2 2 3 3 2 2 1 3 3 1 1 3 4 3 5 1 0 1 2 2 3 1 0 2 2 3 1 3 2 3 2 4 2 1 1 2 2 3 1 1 3 3 1 6 0 2 3 2 2 3 2 3 1 2 1 3 1 3 3 0 1 0 3 4 0 5 1 3 2 2 2 2 0 2 2 1 3 5 2 4 1 0 2 2 2 2 2 2 4 2 0 3 1 1 0 3 2 0 3 6 1 5 1 4 0 1 1 1 1 1 2 5 0 2 3 0 3 2 1 2 4 3 2 1 1 2 2 1 5 1 3 1 4 1 2 0 2 3 2 2 4 2 3 0 2 1 1 1 2 2 2 0 4 2 1 2 1 2 2 3 2 4 1 2 2 2 2 3 2 1 2 1 1 4 3 3 1 2 3 1 3 1 1 1 1 3 1 3 3 5 5 0 3 4 3 0 2 1 1 2 4 0 1 2 2 6 3 1 1 2 3 0 4 2 1 1 3 2 1 3 2 2 1 0 2 3 5 2 1 4 1 2 1 0 1 1 4 1 5 3 2 2 1 3 3 1 2 2 0 4 3 3 1 4 4 3 0 3 1 1 1 3 3 1 1 0 0 2 1 2 5 4 1 2 3 0 0 2 1 7 1 6 2 0 2 1 6 1 1 1 3 1 1 3 1 2 1 2 4 3 4 1 2 1 3 1 4 2 1 3 0 1 2 3 1 1 2 0 2 1 1 2 3 1 3 1 1 1 1 3 0 2 2 2 3 2 2 3 4 3 2 3 2 2 5 1 1 0 2 1 3 2 1 1 2 4 2 3 2 2 0 1 4 0 2 2 1 2 2 1 1 4 1 3 3 0 1 0 1 6 1 1 2 1 2 2 1 3 2 2 5 4 2 4 0 0 1 2 7 1 0 2 4 2 1 3 1 1 4 3 1 2 1 1 4 3 1 3 1 2 1 1 3 1 0 0 2 5 2 2 1 2 2 1 1 1 3 2 0 0 0 2 2 0 2 0 2 6 3 5 3 0 4 3 2 2 2 3 1 5 4 0 2 1 1 2 3 4 3 2 2 0 1 1 3 2 1 3 1 2 1 1 3 1 1 2 4 1 3 4 1 1 2 2 1 1 2 1 4 3 2 2 2 1 1 0 3 0 3 1 5 4 1 1 1 1 1 2 3 1 2 3 2 1 1 1 4 1 5 3 3 2 0 4 1 1 2 2 2 2 0 2 1 1 0 2 1 1 4 3 2 3 2 3 0 5 3 3 2 2 0 1 1 1 2 2 2 2 1 1 1 2 0 2 1 1 4 2 3 2 2 2 0 0 2 3 0 4 3 2 2 1 2 3 0 2 1 3 0 5 4 3 2 4 1 3 1 0 4 2 1 2 3 4 1 1 2 4 5 3 1 2 0 2 0 1 3 0 2 0 1 2 1 6 4 1 0 6 3 1 1 4 4 2 1 2 1 2 0 3 2 3 6 1 0 0 2 2 2 1 2 3 0 0 0 3 2 2 3 0 4 3 1 1 1 1 2 1 2 1 2 0 2 2 3 1 1 2 2 0 2 2 3 1 1 1 1 1 0 1 2 1 1 3 2 0 2 5 2 1 2 3 2 2 0 1 0 2 3 0 3 3 2 1 1 6 1 1 1 2 0 1 0 3 3 1 5 1 0 4 3 2 2 4 0 1 2 2 1 1 2 1 3 1 2 3 4 0 1 5 1 1 1 2 4 1 0 5 1 4 0 2 1 3 1 0 1 3 0 4 1 2 0 4 1 4 2 1 2 0 2 2 2 2 4 1 2 3 1 0 2 0 1 1 4 0 0 1 2 2 1 1 1 1 1 3 2 3 4 2 0 4 2 2 4 1 3 4 1 2 2 4 3 1 2 1 3 2 1 2 2 2 3 5 0 3 0 2 3 0 3 1 1 0 1 3 0 1 2 1 1 2 3 2 3 2 3 0 1 3 0 1 2 3 3 1 2 1 2 1 2 1 2 2 4 1 2 3 0 1 4 7 1 1 2 2 1 1 0 3 3 1 3 2 1 2 0 1 0 5 4 2 4 0 0 2 1 4 4 4 3 2 1 1 3 3 2 3 1 3 3 1 5 2 3 3 2 2 2 3 1 2 3 3 2 1 4 1 1 4 1 2 1 2 3 6 0 2 2 0 2 2 2 1 1 2 3 2 4 3 5 0 1 3 1 5 0 2 0 2 3 0 1 1 3 0 1 2 4 4 1 1 2 0 3 4 4 1 0 2 1 1 1 1 4 2 0 5 0 1 1 1 4 1 3 2 2 1 3 3 5 3 2 1 3 1 3 5 1 2 5 0 2 2 1 2 3 3 1 3 4 2 2 3 3 0 3 1 2 2 2 1 1 3 1 0 1 3 2 3 2 2 4 1 0 3 0 3 2 1 1 1 5 2 1 3 2 4 0 2 1 3 1 0 2 2 4 1 2 1 0 2 2 3 5 1 4 2 1 2 4 0 0 2 1 3 1 2 1 1 1 1 2 3 5 3 2 4 1 0 1 1 2 2 1 2 4 3 3 1 2 3 0 2 3 0 4 2 2 3 2 0 3 3 2 2 3 0 1 3 1 4 2 1 4 3 2 3 3 1 1 1 1 3 1 1 2 1 1 4 2 2 3 5 2 5 1 1 0 2 3 3 2 2 2 2 0 3 1 0 2 1 5 4 1 0 4 1 3 1 3 2 1 3 1 4 0 1 1 4 0 0 4 2 2 3 6 3 0 2 3 4 3 2 1 0 0 2 0 1 0 6 4 3 0 4 1 1 2 2 2 1 3 3 1 4 3 4 1 3 3 0 5 3 1 3 3 1 0 0 2 1 2 2 0 4 3 0 3 0 2 2 1 0 2 3 2 2 1 3 2 2 4 0 2 2 0 0 2 5 0 1 6 0 2 3 1 1 2 3 1 1 2 0 0 3 3 2 0 1 3 3 3 1 3 2 2 2 1 1 4 4 6 0 3 3 2 2 0 5 2 1 2 1 4 0 2 1 2 3 3 3 1 4 0 0 1 1 2 5 0 3 1 1 3 1 0 2 3 2 1 3 1 1 1 2 3 2 0 2 1 4 3 5 1 2 1 0 3 3 5 1 3 4 0 1 1 3 0 3 0 0 2 1 2 1 1 3 1 0 2 3 1 5 2 2 3 1 2 3 3 2 2 3 2 2 2 2 1 2 0 2 3 2 2 2 2 1 1 2 1 7 3 3 1 3 0 0 2 1 0 4 2 3 1 1 2 1 1 2 7 1 4 4 2 1 1 1 1 2 1 2 3 2 1 2 0 4 2 0 1 0 1 5 2 6 3 1 2 2 3 3 3 1 2 0 6 1 0 3 4 1 1 0 0 3 2 4 0 2 3 0 0 2 2 3 1 1 4 2 0 2 1 4 2 2 1 1 3 2 3 1 0 1 3 0 1 3 2 0 1 2 6 4 2 2 0 5 2 4 1 0 1 1 5 3 0 3 2 3 1 4 1 2 2 1 1 4 1 2 3 1 2 3 3 0 2 2 1 2 2 5 1 1 2 3 4 1 1 2 1 2 1 2 2 2 3 1 0 0 3 2 0 1 1 3 0 2 4 1 1 2 2 2 2 2 1 1 4 1 4 2 2 2 0 4 1 0 3 2 3 4 3 1 2 3 0 1 4 3 1 3 1 3 1 0 2 4 1 3 3 3 3 3 7 1 4 1 2 4 2 1 1 3 6 2 1 1 2 1 1 2 5 3 3 3 0 2 1 1 2 2 1 0 2 1 2 1 2 3 3 0 2 3 2 3 2 0 4 6 2 2 2 2 2 3 2 1 5 0 1 4 2 2 2 5 0 3 0 0 1 4 1 4 1 4 6 0 1 1 1 1 0 1 0 4 1 4 3 2 4 2 1 6 2 2 2 0 0 0 1 4 5 2 3 1 3 0 3 3 2 3 1 1 2 2 2 0 5 4 1 4 2 1 1 2 1 2 1 4 1 2 3 5 2 1 2 1 2 3 0 6 3 1 0 0 4 1 3 4 1 2 2 2 1 3 5 1 2 1 3 2 1 2 1 4 0 4 4 1 1 0 2 5 2 0 2 0 2 3 3 2 0 2 3 3 4 3 2 0 1 1 3 0 2 3 3 1 3 3 4 1 1 4 1 0 1 1 1 1 0 5 1 1 0 1 2 2 0 0 3 3 2 1 1 1 2 1 7 3 0 6 1 2 0 2 3 1 1 4 2 4 3 0 0 5 4 2 1 0 1 2 0 3 2 3 1 4 0 1 1 2 2 2 3 2 3 1 1 0 0 2 1 1 3 3 4 2 3 3 0 3 3 1 1 2 2 4 1 2 4 3 1 2 5 1 1 1 1 6 4 1 2 1 3 2 3 2 0 0 3 2 2 3 2 1 1 1 1 0 3 3 1 7 3 2 0 4 4 0 2 0 2 1 1 3 2 4 0 1 1 3 1 2 3 0 2 4 3 1 4 1 4 1 2 4 3 1 1 5 2 5 4 4 2 3 3 2 0 1 2 3 2 1 3 0 4 2 0 1 0 1 1 4 1 2 1 1 2 3 0 3 0 3 6 0 1 5 2 1 2 1 1 3 2 2 2 2 2 1 3 3 2 3 4 0 2 0 0 2 3 1 1 2 7 1 1 1 1 0 2 4 4 2 0 3 3 1 1 0 0 1 1 2 2 3 0 2 2 4 3 3 0 3 6 0 3 1 2 2 2 2 3 1 1 1 0 4 2 4 2 2 1 1 2 2 0 1 4 4 1 3 2 1 4 2 1 0 4 2 5 3 1 2 3 2 3 1 1 1 1 1 0 3 3 2 2 2 2 2 3 1 1 0 3 1 2 0 1 2 1 2 3 1 2 2 1 2 5 4 3 2 1 1 3 1 1 2 1 2 2 1 5 2 3 2 1 0 1 0 0 4 4 2 1 7 1 3 2 3 3 0 1 2 1 1 0 1 1 3 2 3 2 1 2 2 2 4 0 3 2 0 3 3 1 3 3 2 3 3 2 3 1 0 1 2 2 2 2 1 3 2 3 1 3 2 1 2 3 3 1 3 1 2 2 1 3 0 1 2 3 0 3 3 7 5 1 2 0 1 0 2 3 1 0 2 0 1 0 0 1 4 2 2 2 3 4 4 2 0 0 3 1 0 2 4 2 1 0 2 1 3 0 1 2 3 4 2 2 3 1 2 5 4 0 2 4 1 0 2 0 0 2 2 4 2 3 4 1 1 1 1 2 3 2 1 2 2 2 5 1 4 2 4 2 5 1 2 0 1 3 2 4 2 0 2 1 4 1 1 2 2 2 1 2 1 0 4 2 2 2 5 1 2 3 4 1 3 2 0 3 1 0 3 1 1 2 1 2 2 3 0 4 1 1 2 0 4 1 0 3 1 4 1 4 1 1 0 3 6 0 0 1 2 2 1 3 1 5 1 2 1 1 0 7 2 4 1 0 5 1 1 2 1 1 1 0 2 1 2 3 1 0 1 1 1 2 5 1 2 2 2 2 1 0 2 3 0 3 3 2 2 2 1 1 2 3 3 2 1 0 1 1 2 3 1 4 1 3 0 0 4 6 2 2 3 0 3 1 2 6 0 2 1 3 4 1 0 3 2 2 5 3 2 2 0 3 0 2 4 0 5 2 4 3 2 0 1 2 4 0 4 3 0 2 3 5 1 1 2 2 1 1 5 2 1 1 1 3 3 4 3 1 1 0 0 5 1 4 0 2 4 0 2 1 3 0 3 0 1 0 4 3 3 6 2 2 0 0 3 1 2 1 0 1 2 5 2 1 1 1 4 4 2 2 0 0 0 6 0 1 2 2 3 3 5 3 1 0 0 1 0 4 3 3 3 1 0 1 1 2 3 1 1 2 2 2 0 1 2 1 1 1 4 2 1 0 2 3 4 1 3 1 5 1 1 1 2 1 1 1 1 1 0 1 4 3 0 3 2 3 1 2 3 2 0 2 1 1 2 4 0 5 2 2 2 1 2 1 2 0 0 4 5 1 4 4 2 0 2 2 0 1 0 2 1 1 2 2 0 1 2 3 5 1 1 1 2 0 2 2 2 2 1 5 1 6 0 4 1 2 2 3 2 4 1 2 1 2 2 3 2 0 1 3 0 0 2 3 2 0 4 4 3 1 3 3 3 0 0 3 3 2 1 2 2 2 3 2 3 3 5 0 4 2 2 3 2 0 3 4 3 2 1 2 2 3 2 0 2 3 3 4 3 1 0 3 2 2 4 3 0 0 2 2 1 2 2 2 8 3 3 4 3 3 0 0 6 2 3 1 3 1 2 0 2 2 1 5 1 1 3 1 2 0 1 3 2 2 4 0 2 3 1 0 1 0 1 1 3 2 4 3 3 3 0 3 6 1 4 2 0 2 0 4 0 3 3 1 4 3 1 0 2 4 2 1 2 1 0 1 3 0 3 2 2 2 0 1 3 3 3 1 2 2 4 2 0 3 1 2 2 3 1 1 1 3 2 0 2 2 0 3 1 2 3 2 3 2 4 3 0 1 2 1 1 4 1 5 3 1 1 4 3 1 1 3 2 3 1 4 2 1 1 4 0 1 8 0 2 0 1 2 2 1 2 2 0 3 0 1 0 4 0 1 0 3 2 1 2 4 3 3 1 1 1 1 4 3 1 2 4 4 4 2 0 3 4 3 0 3 1 0 2 1 1 1 2 1 1 2 2 1 0 6 2 2 4 5 1 3 3 0 3 1 1 1 3 1 2 2 5 1 0 1 1 3 4 1 2 3 1 2 1 4 1 2 2 0 0 2 2 2 2 1 2 1 1 3 3 3 2 1 3 3 1 1 4 3 2 1 3 1 1 1 1 3 2 0 2 1 0 3 3 1 2 1 1 3 2 0 2 1 4 2 2 2 1 1 1 2 1 5 1 3 2 0 3 4 1 3 2 1 3 5 1 0 0 1 1 2 1 4 2 1 1 2 5 0 2 1 2 1 2 2 1 4 1 2 0 0 2 1 3 4 1 1 1 3 1 0 1 2 2 0 0 3 3 0 3 1 3 0 1 2 2 1 1 1 3 3 1 2 3 1 2 4 5 3 2 1 2 3 0 3 0 1 2 1 2 1 0 3 1 2 8 0 2 4 0 3 1 1 2 1 1 1 4 4 5 0 4 2 2 2 4 3 0 2 2 1 1 8 1 3 0 1 4 3 3 2 0 2 0 3 1 1 3 0 1 2 1 2 1 5 4 5 1 0 2 1 1 2 0 1 1 2 5 1 3 1 3 3 0 3 2 0 3 0 6 2 1 3 0 1 2 2 3 2 1 4 3 1 3 1 2 1 2 4 1 0 2 1 0 3 2 3 5 3 4 0 1 1 3 2 2 3 1 0 3 1 4 1 1 2 1 1 2 2 0 3 2 3 1 3 1 4 3 4 1 1 2 1 3 4 0 2 2 1 0 5 1 1 4 0 5 4 0 1 2 1 0 1 3 3 0 0 3 3 2 6 3 2 2 0 3 2 3 2 0 2 3 1 3 0 3 2 0 1 5 1 2 1 0 0 4 4 2 2 1 1 2 1 1 0 2 6 0 0 2 5 2 3 1 2 2 1 1 0 4 1 6 2 1 0 1 2 1 2 3 3 2 1 0 4 1 2 3 2 1 3 1 2 2 3 0 3 2 4 3 1 0 1 1 3 4 2 4 2 1 1 2 1 1 2 0 2 1 2 1 0 1 3 1 3 5 3 0 1 0 3 1 1 4 3 3 2 0 0 0 2 5 1 1 3 2 4 2 3 4 0 2 3 2 2 4 3 2 2 2 3 3 4 2 4 0 2 3 0 4 4 2 3 3 4 0 1 0 3 2 2 2 1 0 2 2 0 0 0 4 1 0 2 3 4 2 2 3 1 1 1 3 4 2 2 2 1 4 2 1 2 2 3 4 2 0 1 1 3 4 2 0 2 4 2 3 4 0 1 2 1 1 2 2 3 5 2 0 4 3 1 2 1 2 1 4 3 1 3 2 3 1 2 0 1 2 1 3 3 2 2 2 0 2 2 4 1 4 1 2 1 1 0 2 3 2 2 2 5 6 1 0 2 2 1 0 0 1 2 3 0 0 4 1 0 2 1 4 3 0 5 3 1 2 2 0 1 1 1 2 1 3 2 5 3 4 1 0 3 2 2 3 1 1 1 3 1 2 1 3 2 2 4 3 2 2 3 5 0 2 1 0 2 0 3 1 1 0 2 0 4 0 2 1 1 2 5 3 1 2 1 0 1 2 2 7 1 1 5 1 0 2 4 0 1 3 2 1 4 0 4 4 2 2 1 5 3 0 1 2 0 1 2 2 3 3 2 1 6 2 0 0 0 2 2 2 3 2 4 1 0 1 1 2 3 5 1 2 1 0 1 3 2 3 0 2 1 3 0 0 3 4 2 0 3 0 4 2 3 3 3 0 2 0 1 2 4 1 1 3 4 4 0 2 2 3 0 3 2 2 1 1 1 1 3 1 3 4 0 0 1 1 0 1 1 2 1 1 1 2 3 0 2 1 1 0 2 3 3 4 3 0 1 1 2 1 0 2 2 4 3 0 4 2 3 0 2 1 4 1 2 0 2 1 2 4 1 3 3 0 3 2 3 1 6 1 2 1 2 0 1 4 0 3 3 1 1 2 3 3 2 3 3 4 2 1 0 1 2 5 2 2 2 2 2 1 5 0 2 3 1 2 2 3 0 2 2 3 1 2 5 0 3 1 3 1 1 2 3 4 2 2 4 3 1 2 1 2 0 3 3 0 3 0 2 6 1 1 0 1 1 5 1 2 1 3 1 3 3 1 3 2 1 4 2 5 2 0 2 1 1 3 2 3 3 2 2 1 2 1 1 1 2 4 0 4 2 2 1 4 1 1 2 1 6 3 5 2 2 0 1 3 1 3 2 3 1 2 2 1 3 2 3 4 0 3 1 0 3 3 2 4 2 1 5 3 3 2 2 2 0 0 1 2 2 4 1 1 1 4 2 1 2 1 1 1 1 1 2 2 1 3 1 0 2 6 0 4 2 4 1 4 1 2 2 1 1 3 2 1 4 2 3 5 5 2 3 0 4 3 1 1 0 2 3 1 2 3 1 2 2 3 1 1 3 3 1 0 1 2 2 2 0 2 4 2 4 0 1 0 1 3 0 0 2 2 0 2 2 5 2 1 3 4 2 0 4 3 3 3 2 1 2 1 1 2 1 2 1 4 1 2 1 1 4 1 6 3 3 3 2 3 3 2 2 5 0 2 2 2 1 4 1 6 1 1 0 1 1 1 2 2 2 3 0 3 0 4 2 1 1 0 2 3 3 1 1 1 2 3 0 4 2 1 2 4 2 1 4 2 0 1 0 3 3 4 0 2 1 2 2 8 0 2 1 2 3 0 2 2 1 1 1 3 0 2 1 3 0 3 1 2 2 0 2 3 5 3 4 2 3 3 2 0 1 4 0 7 2 2 3 0 0 4 1 2 3 0 1 5 2 1 0 1 4 0 5 1 3 1 4 2 3 1 3 3 3 1 0 2 0 2 3 1 2 6 2 0 0 0 2 1 3 1 3 1 2 0 0 0 1 1 2 0 6 2 2 0 1 1 3 3 1 1 2 2 0 0 1 3 1 0 4 3 1 5 2 4 1 0 1 0 3 1 1 2 4 3 0 1 2 2 1 6 2 0 2 5 2 2 1 2 5 1 2 3 0 1 2 3 0 0 5 4 3 2 1 0 3 0 0 2 4 2 1 5 1 2 1 1 1 4 2 1 4 3 1 0 4 3 1 3 3 1 0 2 2 0 2 4 0 3 0 3 4 0 3 2 2 1 4 3 3 3 4 1 0 4 1 1 0 2 0 3 1 2 2 1 2 1 3 3 1 0 3 4 3 0 0 2 2 2 2 1 1 1 2 0 2 1 1 4 2 2 3 1 2 3 2 1 2 0 5 0 3 3 2 3 1 0 3 2 1 3 3 0 0 1 3 1 4 5 2 1 0 1 2 0 1 1 4 2 1 1 2 2 1 1 3 1 2 2 2 0 2 0 0 0 3 4 2 4 2 1 0 2 4 1 1 2 0 4 1 1 1 1 4 1 0 3 4 0 1 4 1 3 5 2 3 2 0 7 1 2 1 3 4 1 1 1 2 1 1 3 3 1 1 0 2 2 2 3 4 4 6 0 3 2 5 3 1 1 1 3 1 1 2 3 3 2 3 1 2 0 2 2 3 1 0 2 3 1 1 1 3 1 0 1 2 1 0 2 3 2 4 3 1 1 0 2 4 2 5 3 4 3 0 0 1 5 2 1 1 5 1 0 5 3 3 3 4 1 1 1 4 0 2 1 1 1 1 2 3 4 1 1 4 4 2 1 0 1 3 4 2 2 1 2 2 1 2 4 5 2 3 0 0 0 4 1 0 1 8 2 3 0 2 0 3 0 1 2 0 1 5 3 3 4 4 2 0 2 1 3 2 3 0 2 2 2 1 1 1 2 2 0 5 1 2 1 7 0 2 1 2 2 4 1 5 2 0 0 0 2 1 8 1 3 2 2 2 0 2 0 3 3 0 2 1 1 4 3 4 1 0 4 0 5 0 4 0 3 3 2 1 2 2 0 4 2 2 0 4 3 1 1 2 1 2 5 2 5 2 1 2 1 3 1 2 0 2 3 1 3 1 2 4 2 1 0 2 3 3 1 2 1 1 1 3 1 3 0 2 4 3 2 3 2 2 3 2 2 4 0 3 0 3 3 1 2 3 1 0 1 3 2 3 1 3 4 1 3 3 4 2 2 1 1 4 3 2 1 1 3 0 1 4 1 2 3 3 1 0 1 0 2 2 0 2 3 4 1 1 2 1 2 5 1 2 1 1 3 3 1 2 2 3 3 2 3 0 1 1 1 2 3 0 2 4 1 4 2 1 0 2 2 2 2 2 2 6 4 1 3 1 2 1 5 3 2 3 0 2 0 3 1 2 3 2 0 1 4 3 4 2 5 2 3 3 2 2 1 2 1 1 3 1 0 2 2 3 1 5 5 3 0 1 2 2 2 0 2 4 3 0 2 3 4 2 0 1 2 1 1 1 3 1 3 7 2 1 1 3 4 2 0 1 3 2 4 1 1 5 1 3 4 3 0 0 3 1 3 1 3 1 5 4 2 3 1 0 0 1 0 1 1 3 5 0 1 0 5 2 1 4 3 1 5 1 1 3 3 0 1 3 1 0 0 2 3 1 2 2 2 0 2 4 2 2 2 1 3 3 2 1 1 0 1 2 2 1 2 1 2 3 2 2 3 2 3 2 1 1 1 4 3 3 4 4 3 2 5 1 0 2 4 1 1 2 4 2 1 1 4 2 2 3 4 2 4 0 0 2 3 1 4 1 3 1 2 4 0 1 4 2 0 2 1 1 2 6 4 3 3 3 4 2 1 1 2 3 0 1 2 3 6 3 3 2 6 1 2 1 2 2 1 2 2 2 2 1 2 0 5 1 6 3 3 1 4 2 1 1 1 1 0 0 2 5 1 3 0 0 1 0 1 4 0 0 0 2 3 1 2 1 2 2 6 2 3 2 3 1 1 2 2 2 1 2 2 2 4 0 0 3 4 1 1 2 2 6 2 2 1 0 2 0 2 4 3 3 1 1 1 3 0 2 2 3 2 0 2 1 1 0 3 1 6 1 2 5 3 0 0 1 0 0 1 2 4 3 1 3 2 3 1 2 1 3 2 1 1 2 3 1 1 1 6 5 2 4 3 1 1 6 0 1 3 2 4 3 2 2 2 2 1 0 1 3 0 3 2 1 5 0 4 4 0 1 2 0 1 1 2 2 1 2 1 3 1 2 3 0 2 1 2 3 4 4 0 1 0 1 1 1 4 2 1 5 6 5 2 2 1 3 0 1 2 3 3 4 3 0 1 3 2 0 1 3 2 3 1 0 3 0 5 3 2 1 0 0 2 1 3 2 2 2 2 3 2 2 0 3 0 2 2 1 4 2 1 3 1 2 1 1 2 1 3 3 1 2 3 3 2 2 4 1 1 0 2 1 3 2 0 1 2 4 1 3 2 2 3 1 3 2 3 2 3 1 1 1 2 2 6 5 2 4 0 0 2 3 4 0 5 0 0 1 1 2 2 5 3 3 1 4 3 4 0 2 3 2 1 2 2 1 0 3 1 0 4 1 1 1 2 3 0 0 0 1 1 1 1 2 2 0 2 2 2 3 2 3 3 6 2 2 0 5 1 3 3 2 2 1 2 3 1 1 0 4 4 2 0 1 1 2 1 2 2 3 1 0 3 1 5 1 1 1 3 3 3 1 4 3 1 2 1 2 2 1 2 2 4 1 1 0 1 1 2 3 2 4 4 0 1 0 2 1 3 1 0 0 2 2 1 2 1 2 2 1 2 0 1 0 3 2 1 1 0 2 2 2 3 0 4 0 2 3 2 1 1 3 6 1 1 1 2 2 2 2 1 4 0 1 4 0 0 0 3 3 0 1 2 4 1 0 1 2 2 4 1 3 0 1 5 2 0 3 1 1 4 5 1 0 2 3 1 0 2 3 1 2 0 2 2 3 0 1 0 2 2 5 2 2 1 1 0 2 3 1 5 1 5 2 2 1 2 2 3 1 4 2 1 1 0 2 2 3 3 1 2 0 4 1 2 1 3 3 3 4 3 1 3 2 0 3 2 1 2 0 5 1 2 2 0 1 3 4 1 2 2 2 6 1 1 1 2 2 0 5 2 0 4 1 0 3 3 2 2 1 3 3 1 0 4 3 1 1 1 2 1 0 6 3 2 1 3 3 4 2 1 4 1 1 3 0 1 6 5 1 1 2 5 0 1 0 0 2 4 5 1 2 1 1 4 3 1 2 0 2 2 1 2 6 2 0 2 0 1 1 4 4 2 1 1 2 2 3 3 2 1 1 2 2 1 1 3 5 1 0 2 1 1 4 0 1 2 1 0 3 0 3 0 2 3 4 3 0 4 2 0 1 0 2 4 3 1 0 1 4 2 3 3 2 0 0 2 1 0 1 0 0 2 5 0 2 1 1 1 4 0 3 4 0 0 1 3 5 1 1 3 1 2 3 1 4 0 4 5 0 1 0 3 6 1 2 0 5 1 2 2 5 3 1 4 1 1 2 2 4 1 0 2 0 2 4 3 3 2 0 2 2 1 2 2 2 1 3 3 2 4 3 1 1 4 5 2 3 2 5 1 2 0 2 1 2 2 4 1 3 2 2 0 1 1 1 1 1 2 3 5 2 2 1 1 0 2 3 1 1 8 1 2 2 2 2 1 1 0 4 3 1 3 1 4 1 3 3 2 3 2 1 2 1 4 0 1 2 2 2 6 0 0 4 3 1 2 1 3 2 7 0 1 2 2 1 4 3 0 1 5 2 3 2 1 3 3 3 5 0 4 3 4 5 0 0 2 0 1 2 3 2 0 1 4 2 4 1 1 2 2 4 4 0 0 3 5 2 2 3 3 1 1 0 2 2 1 1 4 4 1 0 2 3 3 1 0 3 6 6 1 1 0 0 0 3 4 0 1 1 1 2 3 3 2 3 1 2 3 2 2 2 0 2 3 0 3 2 2 2 1 2 1 5 1 4 3 3 0 4 2 2 1 2 2 2 2 2 1 4 4 2 2 2 3 2 3 3 3 3 4 1 4 2 2 1 1 0 2 1 1 1 2 2 1 3 4 4 0 2 3 0 1 0 1 1 0 2 2 4 0 4 2 1 4 1 1 1 4 0 1 6 4 2 2 1 2 2 2 2 3 4 1 3 1 2 0 0 0 2 2 2 1 4 2 2 0 3 1 4 5 3 2 1 1 0 3 4 3 2 2 0 1 1 1 1 1 2 3 2 2 2 3 1 1 2 2 2 1 4 0 5 4 0 3 0 3 2 2 4 1 0 2 3 0 0 3 5 4 2 3 0 2 1 1 3 0 2 3 1 1 3 2 3 1 3 5 2 3 3 3 2 1 1 2 1 2 0 1 1 1 4 4 0 1 2 2 0 3 4 6 2 2 4 3 2 1 2 2 0 5 1 4 3 3 1 3 6 0 1 0 2 2 1 4 3 1 1 2 2 2 0 5 1 3 2 1 1 1 1 2 3 1 1 3 1 2 2 1 2 1 2 0 1 2 1 3 1 0 3 1 3 0 4 3 2 1 2 3 2 1 3 1 2 1 1 3 1 1 4 4 2 2 1 4 3 1 4 3 2 4 6 0 1 2 1 1 1 4 1 2 3 0 0 1 1 1 4 1 5 3 2 2 2 3 2 2 3 2 4 0 3 1 2 1 1 4 4 1 3 3 3 1 0 1 2 4 2 2 1 0 2 1 5 3 2 1 0 2 3 1 0 2 1 4 4 0 4 2 5 1 0 1 1 1 2 5 1 0 1 0 1 2 1 3 3 2 3 1 0 2 0 5 3 5 3 0 2 2 2 1 1 2 2 2 4 0 2 2 3 3 0 4 3 0 0 4 1 3 3 2 2 1 2 4 3 6 0 1 2 1 0 2 2 1 1 8 1 4 1 1 3 1 2 1 0 5 3 1 1 1 2 1 3 2 1 5 3 4 2 3 1 3 2 1 2 1 3 1 3 2 1 2 3 2 1 5 3 4 2 0 3 0 1 1 0 0 3 4 5 0 1 2 2 3 1 2 2 1 2 3 2 3 2 2 0 3 3 1 0 4 2 1 0 1 3 1 3 3 2 0 1 0 0 1 4 1 2 2 2 1 3 4 5 2 1 1 2 4 1 2 4 2 3 2 2 1 0 1 4 5 0 3 5 2 2 2 4 0 1 2 2 0 2 2 1 2 2 4 1 4 0 4 1 2 0 1 2 1 4 3 1 1 1 2 1 3 0 2 4 1 5 1 2 2 3 2 2 3 4 1 1 1 3 2 1 2 1 0 1 2 0 3 4 1 1 1 3 0 1 2 2 1 4 1 2 0 2 2 3 3 1 1 4 1 3 3 1 1 1 2 1 1 2 2 2 1 1 2 2 2 2 4 0 2 7 0 2 2 2 3 1 4 2 0 0 0 1 1 0 3 4 0 3 3 0 5 1 1 3 1 6 2 1 2 2 3 3 4 2 5 2 1 3 3 2 1 2 1 4 1 3 3 3 2 3 4 0 2 2 1 1 4 2 1 2 6 3 4 2 1 2 3 1 3 2 1 3 2 0 0 3 3 3 1 2 0 5 2 2 1 2 3 1 2 2 2 2 3 2 3 2 2 2 1 2 0 2 2 3 1 2 5 1 4 2 2 4 3 0 0 2 3 2 4 2 3 2 0 2 1 1 4 0 0 3 2 1 5 3 1 2 4 4 2 4 1 0 1 1 2 4 2 2 1 1 2 2 2 0 1 0 1 3 2 0 0 2 3 4 0 1 1 4 2 3 5 2 2 0 2 1 2 2 4 1 0 3 2 2 1 2 1 1 3 1 4 1 3 1 2 0 3 1 3 2 1 1 0 4 1 0 1 2 2 4 2 0 1 4 2 2 5 0 1 1 2 4 1 2 2 1 3 4 0 1 3 0 1 0 2 2 4 3 2 3 1 3 0 2 4 4 2 0 1 4 0 0 4 2 2 2 3 1 2 2 1 3 2 1 2 0 3 2 1 2 5 4 0 0 1 1 1 1 3 1 4 2 2 0 1 1 3 0 2 1 1 2 0 3 0 0 1 3 1 1 3 1 4 2 2 2 2 2 1 1 0 4 2 5 2 2 2 4 0 2 1 3 3 2 1 4 4 1 1 1 3 1 1 3 0 1 1 3 2 2 1 1 1 0 0 4 1 3 4 1 2 0 1 2 2 5 1 4 3 3 0 4 0 3 4 5 0 3 0 3 3 0 0 3 0 3 1 0 3 3 2 2 2 2 2 2 2 1 2 3 2 1 1 1 2 2 3 5 4 2 1 1 0 4 3 1 1 1 5 0 0 2 2 3 2 4 2 0 1 2 0 1 3 2 3 1 3 1 5 2 2 2 1 0 1 3 2 2 2 2 3 1 4 2 0 3 2 3 4 0 3 2 3 0 0 0 0 1 1 1 3 2 0 2 1 4 3 2 1 1 4 2 3 1 3 1 1 4 2 2 2 4 2 3 1 2 1 2 2 5 4 1 3 1 1 1 1 2 2 3 4 0 1 2 2 1 2 3 1 0 3 2 1 1 2 1 0 3 4 2 5 1 0 1 0 1 4 1 1 1 2 2 1 2 2 1 2 1 0 0 3 1 5 3 0 4 2 2 3 1 4 1 1 0 2 2 5 1 1 2 0 1 4 0 4 0 1 4 6 2 2 1 1 3 1 1 2 1 2 0 2 6 0 1 1 1 2 1 1 0 4 2 1 3 1 2 2 2 2 1 5 3 1 2 3 0 4 4 3 1 0 1 4 4 1 0 0 1 2 3 6 2 1 3 2 0 1 1 3 2 1 1 2 0 2 2 1 4 1 0 2 2 0 0 6 3 0 2 1 2 2 3 1 1 1 3 2 0 2 3 4 1 3 0 2 0 3 2 0 4 0 2 1 2 4 1 4 1 3 0 2 1 1 2 3 0 3 1 0 2 4 1 3 1 2 2 1 1 0 1 4 1 1 1 4 1 1 3 2 3 4 3 2 0 2 3 2 4 2 0 1 0 1 2 1 2 4 3 2 2 1 2 2 6 1 2 2 1 3 5 2 2 4 2 0 2 0 1 1 0 2 1 0 0 3 3 2 1 5 3 3 3 2 3 3 1 3 0 0 0 2 2 2 7 3 2 0 1 4 1 0 2 3 3 4 0 1 2 1 0 3 2 0 2 3 3 0 3 4 3 3 1 2 3 1 1 2 4 1 0 2 2 3 2 0 1 2 1 0 2 2 1 2 4 2 2 0 5 0 2 1 1 0 2 2 5 0 0 2 3 0 2 3 4 1 2 5 1 1 1 2 1 2 2 1 3 3 3 1 2 2 0 0 1 4 4 1 0 2 3 2 1 2 1 4 1 2 0 0 1 4 0 2 4 3 2 2 4 5 1 1 0 1 0 2 4 3 1 4 2 3 3 0 0 2 0 4 2 3 2 3 1 1 2 1 7 1 2 2 2 0 1 1 2 3 2 0 3 1 1 0 0 0 1 2 0 1 2 4 1 3 2 4 0 2 2 2 2 3 2 4 0 1 2 0 1 1 2 0 5 3 4 2 1 3 2 1 1 0 3 2 3 0 1 0 3 2 0 4 3 2 2 3 1 2 2 1 2 4 1 2 2 1 0 1 1 6 0 3 2 1 2 3 2 2 3 2 1 2 1 2 4 0 2 2 1 3 0 2 3 3 2 2 3 1 1 0 0 0 0 1 6 4 2 1 2 3 0 1 3 2 1 1 1 5 1 0 2 2 3 3 2 0 2 1 0 4 1 2 0 2 1 4 3 1 2 0 2 3 2 2 0 4 3 0 1 2 1 1 1 3 3 1 1 1 0 3 3 2 0 2 2 0 0 2 2 2 3 2 1 2 1 5 3 2 3 3 3 2 3 3 3 1 2 2 2 4 3 0 0 2 1 1 5 1 0 1 4 2 2 1 2 0 5 4 3 1 1 4 1 1 0 2 2 2 3 2 5 3 3 1 2 0 1 1 3 2 2 2 4 1 1 1 1 1 1 2 4 1 1 2 4 4 0 1 3 3 0 2 1 1 1 2 6 1 2 1 4 3 1 2 0 2 8 4 1 3 2 2 1 0 3 1 1 3 4 3 2 1 0 1 1 3 0 2 2 3 3 1 1 5 1 0 0 4 2 3 1 1 5 1 2 1 1 1 2 3 1 2 3 0 1 2 0 3 3 0 4 2 2 1 2 1 2 2 3 2 1 1 3 3 1 2 3 2 2 5 2 2 1 1 4 0 0 2 5 1 2 3 0 1 2 2 2 0 1 2 1 4 2 4 0 2 2 4 2 2 1 1 1 2 2 1 1 4 1 0 4 2 0 3 1 5 2 1 0 1 4 4 3 2 1 2 3 0 2 2 1 2 2 1 3 3 4 2 3 1 2 1 3 0 2 2 2 0 1 1 2 3 2 1 1 1 1 2 5 3 5 0 2 1 3 3 4 2 2 2 3 1 0 2 2 2 0 0 2 1 0 0 4 0 3 2 0 3 2 1 2 1 2 2 1 0 0 1 6 2 3 2 1 2 0 1 3 2 4 3 1 1 1 1 2 4 0 4 3 2 1 1 5 1 2 2 0 0 1 1 1 1 2 1 2 4 2 0 1 0 2 4 3 2 1 2 2 0 1 3 2 2 4 2 2 2 1 2 2 0 1 0 3 1 2 1 0 2 0 2 2 2 1 2 0 0 2 5 3 1 3 1 0 1 3 3 1 2 2 1 2 4 0 2 0 1 1 3 1 1 2 4 2 3 2 1 1 2 4 3 1 2 0 1 1 3 3 6 1 2 1 1 1 1 3 2 4 2 3 1 0 2 1 0 1 3 2 4 2 2 1 2 0 4 3 0 2 2 1 4 0 3 2 1 1 2 3 3 2 1 0 2 2 1 4 1 0 0 0 2 4 3 4 2 2 1 4 0 1 1 2 2 2 2 5 1 1 4 2 0 4 3 1 1 1 2 0 3 2 1 1 0 2 0 2 3 2 2 1 2 0 2 5 4 2 0 2 2 1 3 2 4 0 1 0 5 1 3 1 3 4 4 4 1 4 0 0 1 4 1 1 2 1 2 0 0 5 4 1 3 0 2 4 2 1 5 1 3 4 1 1 0 3 3 0 3 0 0 2 1 2 3 3 2 6 0 0 1 2 3 1 1 4 5 2 4 0 1 2 2 0 1 0 4 2 3 1 1 1 5 1 3 2 2 1 1 1 3 4 0 1 2 1 1 2 0 2 4 1 2 0 0 2 1 5 2 3 0 2 3 3 2 2 1 2 1 3 1 8 4 2 2 1 1 2 2 3 4 2 2 3 3 0 1 1 4 0 1 2 2 1 1 4 4 1 4 1 2 0 2 0 1 3 3 2 1 0 0 2 3 1 0 3 1 1 3 1 2 0 5 2 1 0 1 1 0 2 2 1 4 4 0 1 5 2 0 2 1 2 2 1 4 6 0 2 2 3 3 2 4 0 1 3 2 2 2 1 2 2 3 4 3 2 3 2 2 3 1 2 3 3 3 3 0 0 1 0 2 4 1 0 3 2 2 2 5 1 1 2 3 4 2 3 2 1 1 1 1 1 3 2 3 3 5 6 2 3 0 1 1 1 2 0 1 2 1 2 3 2 1 5 3 2 3 1 1 3 2 1 2 1 1 2 3 2 3 1 2 2 1 2 1 2 4 3 1 1 2 0 2 2 1 2 1 2 2 2 1 4 0 4 0 3 0 3 5 3 1 1 2 2 0 3 3 1 2 2 1 2 1 2 2 1 2 3 4 1 1 2 1 3 1 3 2 2 0 2 4 1 5 4 0 1 2 2 2 3 2 1 4 1 1 2 0 1 1 2 1 2 2 2 3 2 3 2 4 3 0 4 4 2 2 2 2 2 4 3 3 2 2 2 0 1 4 1 0 4 2 3 5 2 2 1 2 4 0 0 2 2 2 2 2 1 2 2 3 1 2 3 1 2 1 4 4 1 2 3 3 1 0 3 0 3 0 4 2 0 2 0 1 2 1 6 3 1 2 0 0 2 0 3 6 0 2 3 7 1 0 3 2 0 5 5 1 3 0 0 2 4 2 1 0 3 2 1 2 5 3 1 1 3 0 1 1 4 2 2 1 5 0 3 2 4 3 2 5 0 3 3 2 2 1 2 2 1 4 2 0 2 0 2 3 4 1 2 3 2 1 2 3 2 0 4 0 1 3 5 2 3 4 1 2 3 0 1 2 3 0 2 3 0 3 6 0 0 3 1 2 3 1 0 1 3 0 3 1 1 3 2 2 3 0 3 3 3 1 1 1 2 1 3 3 1 2 3 4 0 3 5 1 2 1 1 2 1 2 0 3 5 4 1 3 3 2 1 0 1 3 0 3 3 0 0 2 3 2 4 0 5 1 0 0 1 1 1 1 1 3 1 0 2 1 0 3 5 2 1 1 4 2 2 1 2 2 5 4 2 2 1 1 3 3 1 1 4 1 1 0 2 5 3 4 5 2 0 0 2 0 0 0 0 0 1 0 3 3 3 0 2 2 0 2 3 2 1 2 2 2 2 1 2 2 2 0 4 1 4 2 0 1 1 1 0 1 1 3 1 0 2 1 1 2 3 1 0 1 1 2 2 2 2 4 1 0 0 4 4 0 3 4 4 1 3 2 0 2 2 0 3 2 1 2 2 2 4 3 2 4 2 2 2 0 2 5 1 4 1 4 2 2 0 3 1 2 2 3 3 3 2 3 1 1 1 1 3 0 0 3 0 2 2 4 0 2 4 1 1 1 5 4 2 4 2 2 3 2 2 1 3 2 1 4 3 1 2 4 2 2 2 1 3 1 4 3 1 3 3 2 1 2 1 2 2 1 1 1 0 0 1 5 2 2 2 4 1 1 3 3 3 1 2 6 3 2 1 3 3 2 1 1 1 1 1 2 5 2 4 2 1 3 0 1 3 2 2 3 3 1 4 1 0 2 2 0 2 2 1 3 2 1 2 2 2 1 4 1 1 2 2 1 2 2 1 2 2 0 1 2 2 5 1 2 2 3 0 4 0 5 2 1 1 1 1 4 1 4 0 1 1 1 1 0 2 3 2 3 1 2 1 2 2 1 4 2 3 1 1 3 1 2 1 2 1 2 4 3 1 1 1 3 2 1 2 2 1 4 0 1 1 3 6 4 2 0 3 6 3 2 2 2 2 2 2 0 2 0 0 2 1 0 4 1 2 3 2 3 1 1 3 1 0 2 0 5 1 1 2 1 3 1 3 3 3 3 0 3 4 3 3 1 3 1 1 2 3 5 4 0 1 2 5 2 1 2 0 2 2 1 0 1 3 2 3 5 0 3 0 1 2 1 4 0 1 3 2 3 4 1 3 5 2 0 2 1 1 3 2 2 1 0 3 1 1 2 3 3 3 5 2 3 2 3 3 3 1 2 3 4 0 3 2 3 1 1 3 1 1 1 1 2 2 5 3 0 1 2 4 0 0 2 1 2 5 3 1 1 0 2 1 3 3 3 2 1 6 3 2 0 2 0 3 2 1 5 0 2 3 4 1 4 3 1 5 1 3 2 2 2 0 1 1 1 3 1 1 1 2 3 2 0 4 1 2 3 1 3 1 3 3 2 3 1 1 2 4 1 2 0 6 1 0 3 1 2 2 2 1 2 5 1 2 4 1 1 0 0 2 1 2 5 1 3 1 1 1 0 4 2 4 5 2 5 3 2 3 1 3 4 2 2 3 1 1 2 0 1 0 2 2 2 3 2 3 3 1 1 0 1 5 5 1 2 0 1 2 3 2 5 3 1 0 2 2 1 5 1 2 1 2 3 1 3 5 1 2 2 1 1 2 2 1 1 2 3 3 0 3 1 4 1 1 1 4 0 0 0 1 1 1 3 1 2 3 3 1 1 0 0 1 3 2 2 4 5 1 2 1 2 3 2 2 2 3 0 4 0 3 2 2 2 2 4 3 2 2 2 0 2 2 0 1 1 3 1 2 2 0 2 1 3 2 1 2 1 5 0 2 1 3 2 0 1 1 0 1 4 0 4 1 1 3 3 1 1 2 2 1 0 4 1 1 0 3 4 1 1 4 1 1 1 1 4 2 3 1 1 3 0 2 1 2 2 5 1 6 0 0 1 4 3 2 0 3 3 2 3 1 2 0 1 3 4 3 0 5 3 1 1 3 1 4 1 0 0 1 2 2 2 0 4 3 3 2 1 2 0 1 2 1 3 2 2 1 0 0 3 3 3 3 1 2 2 1 2 3 1 4 2 2 0 3 4 3 1 0 2 3 0 2 2 2 4 3 3 3 3 1 1 2 1 3 0 4 1 1 3 3 0 1 1 0 6 0 3 1 4 2 1 2 0 4 2 1 0 0 0 5 2 2 2 0 2 1 0 1 3 1 1 2 3 2 3 3 2 1 1 2 3 2 0 0 2 2 0 1 7 3 3 2 0 2 0 1 1 2 2 0 2 1 0 1 3 2 5 2 0 1 2 1 1 2 2 0 1 2 2 3 4 1 1 2 1 0 2 3 2 3 2 1 3 1 0 3 2 3 1 1 1 4 3 0 3 2 0 1 2 0 2 4 1 2 2 2 4 0 0 0 1 5 2 1 1 2 3 3 2 1 1 1 1 2 3 1 4 1 3 0 2 1 0 2 0 2 4 1 2 0 1 1 2 2 5 3 2 0 0 1 1 2 3 1 0 1 1 2 2 3 2 2 3 2 5 3 0 1 4 0 2 3 1 2 0 1 2 2 3 2 3 4 3 1 2 2 0 2 3 0 2 4 0 1 2 2 2 0 2 3 3 0 2 1 2 4 1 3 0 2 3 3 0 4 4 1 3 2 2 1 2 2 0 2 3 2 3 1 3 1 6 3 1 2 1 2 2 3 0 3 2 2 1 3 5 3 1 3 3 2 1 4 3 1 1 1 1 3 3 4 1 1 0 5 3 1 1 2 1 4 3 4 0 3 2 4 1 3 2 0 1 4 2 2 3 4 1 5 2 0 2 1 3 3 1 3 1 1 2 1 2 2 0 0 2 3 3 1 3 5 3 3 3 1 3 1 2 2 1 0 1 1 4 3 4 1 4 2 1 3 1 0 1 4 1 3 2 3 0 5 5 1 2 1 2 3 2 2 4 1 0 0 2 1 1 2 3 2 3 2 1 3 0 2 3 2 0 2 2 1 1 3 3 0 1 1 3 1 1 3 3 3 3 0 3 0 2 3 1 3 0 4 2 4 2 3 1 2 0 0 1 3 3 0 2 0 2 1 2 3 5 1 0 1 1 1 1 0 2 3 3 2 1 3 0 2 3 0 6 1 2 2 0 2 1 2 3 0 2 1 3 0 1 4 1 2 2 1 3 1 1 2 3 3 0 3 1 1 1 1 2 0 2 4 1 1 2 0 1 5 2 5 0 1 5 1 1 3 0 1 0 4 2 0 3 2 2 1 2 2 0 4 3 3 3 1 3 4 3 1 3 0 1 2 1 5 1 3 1 2 1 4 4 3 0 1 2 3 3 1 3 0 0 1 4 1 0 1 3 2 2 1 2 2 1 2 1 2 1 0 1 1 2 0 2 2 0 2 0 2 4 4 3 4 2 3 1 1 0 2 3 3 2 0 3 1 2 1 3 0 2 5 1 4 1 1 1 4 3 2 2 1 2 4 1 3 3 1 1 0 1 0 1 2 4 3 1 1 1 0 2 2 1 1 3 1 2 7 2 1 0 1 0 4 0 1 2 1 4 2 3 0 2 3 4 0 3 4 0 2 3 0 1 1 0 1 2 0 0 6 3 0 1 2 2 0 0 2 3 5 0 3 1 2 3 2 0 1 4 0 1 3 1 1 1 7 2 2 1 1 2 1 2 0 1 3 1 5 2 4 3 1 2 3 1 1 3 2 1 4 0 2 2 0 4 0 4 3 1 1 1 1 0 3 4 3 3 2 2 1 3 3 2 4 2 2 2 4 6 1 1 5 3 1 3 0 3 1 1 3 4 2 4 4 3 1 2 2 0 2 2 3 1 3 1 2 3 3 0 0 2 1 2 0 4 4 2 1 2 5 1 2 2 0 2 1 0 1 2 2 4 2 0 1 4 2 3 1 2 2 2 0 1 3 4 4 4 2 1 1 2 3 1 1 3 0 3 2 0 3 2 1 3 1 3 2 1 0 2 2 4 2 1 2 1 4 2 2 2 3 0 0 1 1 1 2 2 2 4 1 2 2 1 1 0 1 0 2 1 1 4 1 4 3 0 3 1 0 0 1 2 3 1 3 2 2 2 3 3 2 1 1 5 2 1 2 0 3 4 2 1 3 0 1 1 3 1 0 2 2 0 1 3 4 2 2 2 1 2 2 2 1 3 2 0 2 3 2 3 1 2 1 2 1 1 2 0 3 3 1 1 0 2 2 1 1 3 1 0 6 0 4 4 2 1 1 2 0 1 2 1 2 4 3 1 3 0 2 2 0 1 0 4 1 6 4 0 0 3 2 1 2 0 3 2 1 0 0 0 2 1 4 1 3 1 1 4 5 0 4 5 4 2 2 0 2 1 1 2 0 1 2 3 3 3 0 1 1 3 3 3 3 3 2 4 1 1 1 0 4 3 4 3 1 1 1 2 2 4 2 5 2 1 0 0 0 2 1 3 4 4 3 4 0 1 1 1 2 3 1 2 3 4 0 3 1 3 1 3 4 4 1 2 3 3 1 1 2 1 4 3 4 2 1 2 0 2 5 2 2 2 2 3 2 1 0 4 1 1 4 2 3 2 1 1 1 2 0 0 6 0 2 2 1 2 1 4 2 2 1 2 5 0 1 4 3 5 2 4 2 1 4 2 3 1 1 1 1 0 4 3 1 1 3 1 1 1 1 1 1 1 1 4 2 1 4 0 1 2 0 3 5 1 2 1 3 1 3 1 3 2 2 0 0 5 2 2 1 4 2 2 1 1 2 1 1 3 3 3 1 1 2 3 1 2 0 2 3 2 2 0 2 2 0 2 4 0 0 4 1 0 0 4 3 3 1 2 1 2 2 2 1 1 5 4 3 2 3 1 1 1 1 6 0 2 0 5 2 3 0 3 3 2 1 3 1 1 2 1 2 1 2 2 2 2 1 1 2 3 3 2 1 2 1 0 0 0 3 2 0 2 1 4 3 0 2 1 3 5 3 2 1 6 1 1 2 4 1 1 1 0 1 3 3 4 3 2 1 2 3 3 2 0 2 3 5 0 6 2 0 4 3 4 1 3 2 2 2 1 1 1 3 1 2 0 0 4 1 2 2 3 2 1 0 5 1 3 0 0 1 0 2 4 1 3 4 1 1 2 0 3 3 2 2 1 3 1 3 0 3 3 2 2 1 2 2 1 0 1 3 2 3 4 4 3 3 0 2 1 2 3 2 0 2 1 1 1 2 1 2 2 5 2 0 5 2 4 3 3 2 1 2 0 1 2 2 0 2 0 3 6 3 3 4 0 0 0 3 1 2 3 2 3 1 2 1 0 3 4 0 2 0 1 4 3 1 0 2 2 2 0 2 3 1 3 2 1 1 2 2 4 1 1 1 3 2 5 2 2 0 3 2 0 1 4 2 2 0 1 3 1 2 0 0 2 1 2 2 0 5 1 2 1 3 1 4 1 1 2 3 1 3 3 3 3 1 1 3 4 3 5 1 1 2 1 3 4 5 3 3 3 1 4 2 1 1 2 2 4 2 4 1 1 1 0 2 3 3 3 1 2 0 4 0 0 0 4 0 2 3 3 1 4 3 0 4 2 3 1 2 2 3 5 1 2 5 4 4 0 1 1 2 2 4 0 3 2 0 0 3 2 4 2 1 1 1 3 1 1 7 0 1 1 1 1 1 3 2 3 2 0 2 4 0 1 2 3 1 0 1 1 1 1 0 4 3 4 5 1 0 3 1 1 2 1 2 1 0 1 1 3 4 4 3 2 1 2 2 1 5 3 0 0 4 1 1 1 0 4 3 2 7 3 1 2 4 1 1 0 1 1 5 2 2 1 0 1 3 1 1 1 2 3 7 2 1 1 1 3 0 2 3 1 0 2 1 0 2 4 7 3 1 2 4 3 1 0 2 1 1 4 3 2 2 2 4 2 0 1 1 3 6 1 0 2 3 1 4 0 1 1 2 1 1 1 1 1 2 2 2 2 2 1 3 0 3 1 3 0 4 0 1 2 0 2 3 2 3 1 4 3 2 5 3 2 4 1 3 1 1 2 1 2 3 1 2 0 1 5 2 0 2 3 1 3 1 0 2 2 1 2 3 0 2 0 0 1 2 2 4 3 6 3 0 1 0 4 0 1 2 4 1 3 0 1 2 1 2 1 3 1 4 1 4 3 0 1 2 1 1 0 2 1 2 2 5 2 1 2 3 4 1 7 2 0 1 2 2 0 3 2 0 1 6 1 4 3 2 3 1 1 2 0 2 0 2 1 2 2 3 3 2 2 2 3 3 2 2 1 2 3 1 4 6 2 3 3 1 2 3 3 1 1 0 4 2 3 4 2 1 1 2 1 3 0 2 3 2 1 3 1 1 1 1 4 5 1 1 4 2 5 3 2 3 4 1 0 1 2 1 1 2 0 5 3 1 2 3 1 2 3 3 1 1 0 2 2 3 3 3 4 5 1 1 3 3 2 3 6 3 0 1 3 3 2 1 2 6 1 2 2 1 3 3 1 3 5 2 2 2 0 3 0 1 3 2 3 0 1 1 2 3 0 1 1 3 6 4 4 1 1 4 1 0 0 1 1 0 2 4 2 3 3 1 2 0 1 1 3 5 1 4 2 0 6 2 1 0 2 1 3 2 2 1 0 3 4 2 4 2 6 2 0 0 2 0 1 5 4 2 1 1 2 1 1 1 2 3 2 1 1 1 2 4 3 2 4 5 1 1 3 4 0 4 0 2 1 2 1 5 2 1 2 0 1 5 0 1 0 4 3 2 2 1 4 3 4 1 4 1 1 0 1 3 3 2 4 2 1 1 2 1 2 1 2 1 2 2 0 2 5 2 2 0 1 4 3 1 1 2 2 2 2 1 1 3 3 1 2 1 3 0 0 2 2 3 2 2 4 3 1 2 3 2 1 1 3 1 1 0 2 3 3 4 1 4 3 0 1 3 1 2 2 3 1 6 1 4 0 1 0 3 3 1 2 1 5 3 2 4 0 4 1 1 2 0 1 3 3 3 4 2 1 1 2 2 1 1 4 1 1 0 0 0 3 4 2 2 1 1 2 1 0 0 2 2 1 2 0 1 0 1 5 2 5 5 2 2 2 2 1 2 1 2 2 3 1 3 1 1 4 4 1 6 3 0 0 2 2 2 2 1 1 4 3 1 0 1 2 4 1 1 4 1 2 1 3 2 0 3 3 0 2 1 3 1 2 5 2 3 2 1 3 5 0 1 1 1 2 1 1 4 3 3 3 1 3 1 1 4 2 1 2 3 1 1 1 0 5 1 3 2 1 1 4 0 0 0 2 1 1 0 3 3 2 2 3 3 2 2 3 2 1 3 0 4 0 2 2 2 3 2 6 0 3 1 2 2 2 2 1 1 1 3 3 3 0 0 1 4 1 1 0 3 1 3 3 1 2 2 1 2 1 0 5 3 1 0 2 2 1 2 3 1 2 1 2 1 3 0 2 2 2 3 2 0 2 4 2 1 0 3 2 3 3 1 3 1 1 4 2 2 2 2 3 0 1 1 0 3 6 3 1 3 2 3 1 3 2 2 3 3 1 1 3 4 2 0 0 3 3 0 1 1 6 1 0 1 2 2 0 2 1 0 3 1 3 3 3 1 1 1 0 3 0 1 2 2 2 1 1 3 1 1 0 1 2 3 2 3 2 4 1 1 3 8 1 1 1 1 5 3 1 2 1 1 2 0 0 2 1 5 3 6 3 2 2 3 3 1 2 3 2 5 1 1 1 2 2 2 2 3 2 2 1 4 1 4 2 2 2 4 2 1 2 1 1 3 3 2 3 3 1 4 2 4 2 4 1 1 1 3 3 6 2 3 3 1 0 1 3 2 0 3 2 0 4 4 1 0 3 2 3 2 1 1 3 3 2 2 1 1 1 5 1 2 2 0 0 1 1 4 2 3 1 1 1 0 1 2 4 3 2 3 3 0 0 1 2 4 2 0 3 2 4 2 1 2 5 3 2 5 1 1 1 4 1 2 2 1 2 3 2 1 1 2 1 1 1 0 1 3 3 0 3 2 1 1 6 3 0 1 1 5 1 3 2 3 1 2 3 1 3 4 0 4 1 2 2 4 0 2 1 1 2 1 4 3 2 1 3 4 2 0 0 1 3 4 2 4 3 2 3 0 1 2 2 2 0 2 3 3 0 2 2 3 4 3 3 2 1 1 3 2 4 1 3 0 1 1 1 2 2 1 1 2 4 2 0 1 2 3 3 4 1 2 4 1 1 1 3 4 1 2 5 1 0 0 3 1 4 1 3 3 1 2 4 0 2 2 1 1 1 3 0 5 1 0 4 4 4 1 3 1 3 2 4 2 1 1 1 0 2 4 4 4 2 1 2 0 1 0 1 0 4 2 1 3 3 1 1 2 4 3 0 1 2 3 1 2 2 4 3 3 1 3 0 1 2 4 2 2 3 1 1 1 1 2 2 4 2 4 5 3 3 2 2 2 1 1 2 2 3 2 3 3 1 2 2 2 0 0 2 4 2 1 4 3 0 2 3 3 1 1 1 2 2 2 2 4 4 3 0 1 3 1 1 2 2 3 5 1 3 2 1 1 2 1 2 0 1 3 0 1 3 2 4 1 0 2 1 3 2 1 3 2 1 4 0 1 2 0 0 2 1 1 1 4 1 4 1 1 2 0 4 0 2 5 2 3 1 0 1 2 4 2 3 0 1 2 2 0 2 0 3 2 4 3 6 2 1 3 2 1 3 1 1 5 1 3 3 1 4 1 2 3 2 0 2 3 4 0 2 4 3 2 3 3 0 0 2 0 2 0 3 0 1 1 3 3 4 2 0 4 1 3 4 5 0 3 0 1 2 2 3 1 2 0 0 2 4 1 3 1 5 1 1 3 1 3 0 2 2 3 2 0 1 5 3 0 1 2 1 2 2 4 1 2 2 4 1 2 1 1 4 2 1 0 0 3 2 4 2 2 1 1 1 1 0 0 2 4 2 3 4 2 1 0 6 0 0 3 0 4 0 1 3 4 1 1 2 2 2 3 2 1 0 3 0 2 1 2 2 0 3 0 1 1 2 3 3 3 1 3 0 3 3 0 1 1 2 2 0 2 1 2 1 2 2 3 0 4 4 3 3 3 2 1 1 3 4 3 2 5 3 0 1 4 0 2 0 2 2 0 2 2 0 2 1 3 2 1 4 2 0 2 1 4 3 4 2 4 1 2 0 3 2 0 1 2 2 3 1 3 4 2 3 0 1 4 1 4 1 4 3 1 0 1 2 1 1 1 2 1 3 1 0 1 3 0 4 5 0 6 1 1 1 0 6 2 2 3 1 2 1 5 3 0 4 2 2 2 3 2 0 1 2 2 1 1 2 2 2 0 0 1 1 2 3 0 2 6 1 0 1 2 0 2 3 2 4 1 3 3 3 2 1 2 4 2 3 4 0 1 1 2 1 2 0 2 1 3 1 0 1 6 2 1 1 1 2 5 0 1 1 2 1 0 2 1 3 3 0 1 2 2 4 2 1 2 2 4 1 1 0 2 3 1 3 1 1 5 1 1 2 1 1 2 4 2 0 0 1 3 4 0 3 5 1 0 2 3 3 1 1 2 3 1 0 1 3 3 2 3 0 1 0 6 3 1 1 2 3 1 1 3 1 5 2 4 1 2 3 1 1 4 5 0 2 0 1 1 1 1 2 2 6 1 0 2 1 3 2 0 3 2 4 3 3 3 1 1 3 5 3 2 2 2 1 2 3 2 1 4 1 2 1 2 3 3 3 4 1 4 4 1 2 0 0 0 2 0 1 3 3 0 3 2 2 3 4 1 2 2 2 1 1 1 1 0 2 3 6 0 0 2 1 2 2 0 1 1 2 0 4 2 0 2 5 1 1 1 1 1 6 0 3 2 2 0 2 3 3 4 2 7 0 0 1 1 1 4 1 2 4 3 3 0 1 4 1 3 3 2 4 1 1 4 2 3 1 3 1 2 1 1 3 4 3 2 2 0 0 0 3 0 1 1 3 3 4 0 1 4 1 5 2 0 1 3 4 5 2 3 2 1 2 0 2 4 0 3 1 3 3 2 2 2 4 0 2 2 0 0 4 1 1 2 2 1 1 2 5 1 1 3 3 4 1 1 2 3 1 2 2 0 1 4 2 3 3 1 4 1 0 4 2 1 0 3 1 2 2 3 1 2 3 2 4 1 3 3 4 1 5 2 3 1 2 0 0 0 3 3 2 3 3 3 0 1 3 1 1 2 2 1 2 3 0 2 3 1 2 3 1 3 1 4 4 1 3 0 2 2 1 0 1 1 2 4 1 2 3 2 2 4 2 0 2 1 3 3 2 1 1 0 3 3 0 3 2 1 2 2 2 0 3 1 2 2 3 3 2 1 3 1 1 1 2 1 3 1 4 1 0 3 2 2 4 4 1 3 1 2 3 0 2 1 3 1 2 2 2 3 0 3 3 2 3 3 1 1 2 0 2 4 3 3 5 5 3 1 1 2 1 0 3 3 3 1 1 2 0 0 1 2 3 4 1 1 1 0 2 0 1 2 0 2 0 3 2 0 4 6 1 3 1 2 1 2 1 5 4 2 1 0 2 2 0 2 3 3 2 1 3 1 3 1 3 0 3 3 0 2 1 3 3 0 1 1 3 3 1 2 2 4 1 3 1 1 1 1 2 4 0 0 1 0 1 6 1 2 3 2 1 2 1 3 2 1 3 3 4 1 1 2 2 2 2 1 5 1 2 1 3 2 1 2 2 0 3 2 4 0 2 2 1 0 2 3 0 2 3 5 1 3 3 1 2 2 5 1 4 3 2 0 4 0 1 5 6 6 0 1 2 4 3 5 0 3 4 1 2 2 2 3 4 1 1 3 2 0 2 3 4 1 2 2 3 2 3 4 2 3 1 2 2 3 2 0 2 0 1 3 3 3 4 1 0 2 2 2 1 0 5 3 1 2 0 3 3 1 1 3 1 2 1 1 2 1 0 5 1 2 2 4 1 3 3 4 1 2 1 3 2 2 1 2 2 3 2 4 3 0 0 3 1 1 1 1 1 3 3 3 4 1 1 3 1 2 1 3 1 2 3 3 2 2 0 3 3 1 2 1 2 3 1 1 3 2 2 0 2 1 3 2 2 0 2 3 0 4 3 1 2 2 1 1 4 1 3 2 1 0 4 1 2 0 2 2 0 1 3 4 2 2 0 1 0 2 0 0 3 3 1 2 0 2 1 2 5 0 3 4 2 0 4 1 1 4 3 1 4 1 4 3 4 0 1 2 2 4 1 1 0 3 2 2 2 4 0 0 3 4 3 1 3 2 1 1 1 0 3 1 1 5 1 1 4 1 1 2 3 2 1 2 3 2 1 1 3 0 0 1 0 1 3 3 3 2 2 1 1 0 6 1 3 2 0 2 3 3 0 3 5 0 3 3 4 1 4 2 1 5 2 2 3 1 5 1 0 3 2 1 0 0 1 3 2 2 0 2 3 4 2 1 2 1 0 3 4 2 1 1 1 2 5 1 0 2 2 3 3 1 0 1 1 2 3 4 4 2 0 2 1 1 2 3 1 4 3 4 0 4 2 1 2 1 3 5 2 3 2 1 1 2 1 1 0 2 4 3 2 3 1 5 1 2 3 1 2 1 3 3 1 2 1 0 1 1 2 3 1 3 2 2 4 1 2 0 2 1 4 0 2 0 4 1 2 1 1 1 3 2 0 3 2 1 2 3 1 2 3 0 2 1 1 4 1 3 0 3 3 2 3 0 3 1 3 4 2 1 1 4 2 1 2 0 2 1 1 1 3 4 4 6 1 4 1 0 2 3 5 3 0 2 1 0 1 0 3 2 2 3 5 3 4 1 3 0 3 0 1 3 4 4 4 1 4 1 0 3 1 2 4 2 2 5 3 1 0 1 3 0 1 4 0 0 1 4 1 3 2 2 0 3 3 3 2 1 1 3 1 0 4 4 2 1 1 1 3 3 3 1 3 0 2 4 2 1 3 2 2 1 1 0 2 2 1 2 3 1 4 4 0 3 4 0 1 0 3 1 3 5 1 1 2 1 1 2 1 2 1 3 2 0 4 2 3 4 2 4 2 4 2 1 1 1 1 3 2 1 1 5 2 1 1 0 3 3 2 1 0 0 2 3 0 1 1 7 6 2 2 0 3 0 2 1 0 3 4 2 2 1 3 4 0 2 1 3 2 3 2 1 1 0 3 0 1 1 3 1 3 3 1 1 3 2 0 4 3 3 2 3 3 1 1 3 1 1 2 1 4 3 2 1 3 3 5 2 1 0 3 5 0 0 3 1 1 1 0 2 2 3 4 0 1 3 1 3 3 2 1 4 4 2 0 0 3 0 1 1 2 2 1 3 0 2 1 4 2 0 1 4 4 6 3 2 2 0 2 3 3 0 3 1 1 0 1 4 3 2 1 0 1 1 2 2 2 2 2 4 3 1 3 1 1 1 2 1 0 3 2 2 3 4 5 0 3 2 2 3 1 2 0 1 1 0 2 3 3 4 4 1 1 1 0 2 4 4 2 2 1 0 1 2 0 3 4 1 2 1 1 1 0 2 5 1 0 1 3 3 3 2 2 4 1 2 0 1 1 2 5 6 2 3 0 1 1 3 1 1 0 0 2 2 3 3 3 3 2 4 2 2 2 0 3 2 2 1 0 4 4 1 5 1 0 1 1 0 5 4 2 2 5 4 2 2 1 3 2 3 5 1 1 3 2 1 3 2 2 3 0 2 1 1 3 4 2 1 2 2 2 2 2 2 2 2 2 2 3 1 2 1 3 1 1 5 5 1 4 1 3 1 0 1 0 1 2 4 2 3 3 3 2 2 2 0 2 0 2 3 0 4 1 3 2 2 7 0 1 2 2 1 1 2 6 1 3 2 1 1 3 1 5 0 1 1 2 2 4 1 1 2 1 1 1 1 0 2 1 3 4 3 3 2 1 2 0 0 2 0 4 2 1 3 0 2 3 1 3 2 1 1 1 1 3 1 0 4 4 1 0 3 6 1 0 0 1 0 1 2 3 1 1 3 2 2 3 1 2 2 1 2 3 1 1 1 3 2 3 1 2 1 2 1 1 2 3 2 4 4 1 1 2 1 3 2 4 2 2 1 3 1 3 2 1 2 3 2 2 1 2 2 1 2 3 1 1 2 6 0 2 1 0 2 1 2 1 0 1 0 3 1 1 3 3 2 1 1 4 2 0 1 2 2 4 3 2 3 1 1 3 3 2 1 2 0 1 1 3 2 3 0 1 1 3 2 3 4 2 2 2 3 6 3 1 2 0 2 2 1 1 3 3 0 5 1 3 2 0 3 3 3 1 3 1 3 0 3 1 4 0 1 3 3 3 0 3 1 2 0 2 0 4 4 2 3 2 2 3 2 3 3 0 0 1 3 4 1 1 0 1 1 6 3 0 1 1 0 2 0 2 2 1 0 1 4 2 1 1 0 2 1 0 0 2 2 0 3 3 0 2 0 2 1 1 3 0 2 0 2 3 7 2 0 2 2 1 0 4 2 2 2 0 2 1 2 4 4 0 1 1 1 2 4 2 1 1 4 1 2 1 2 3 5 2 0 6 1 3 1 0 2 0 2 1 2 1 2 0 5 4 4 4 3 2 0 0 2 4 3 6 1 3 6 0 1 1 4 0 2 2 2 5 4 0 2 1 3 2 4 0 1 6 2 4 0 3 1 3 4 2 0 2 4 1 0 3 2 1 0 2 3 3 0 4 1 1 1 3 1 1 1 4 4 0 1 3 1 1 3 2 2 1 6 0 2 1 2 2 1 2 1 1 2 2 2 3 2 1 3 2 2 0 2 0 1 1 4 0 1 3 3 1 2 1 1 0 3 1 1 1 0 1 1 1 2 2 3 3 2 3 2 3 1 1 1 3 3 2 0 0 3 3 3 5 1 3 3 3 1 3 1 2 1 0 4 1 0 2 3 5 3 1 2 4 0 2 2 0 3 3 2 3 2 2 6 2 4 2 2 2 3 0 4 1 3 2 0 2 2 3 0 3 0 3 2 2 2 3 0 1 1 2 2 1 5 1 1 1 1 0 1 5 1 2 0 0 1 2 4 1 1 5 2 2 1 0 3 2 3 1 0 2 2 2 0 1 3 3 5 1 1 7 1 2 2 0 1 1 3 3 2 2 1 3 3 0 2 2 1 1 0 3 2 2 1 3 5 0 3 2 2 3 2 3 3 1 0 0 4 2 1 2 1 1 1 2 1 0 4 4 3 2 1 4 0 2 1 1 1 2 4 3 1 4 3 3 3 1 0 1 1 1 3 2 0 1 3 1 0 4 3 1 3 2 0 3 5 3 1 4 2 2 3 3 4 3 1 2 1 2 1 2 3 0 1 0 2 2 4 3 3 2 3 1 4 1 1 1 5 1 2 2 1 3 2 4 2 2 4 4 2 1 0 1 3 2 1 2 4 3 3 2 3 2 0 2 2 0 4 2 2 3 3 2 0 0 1 1 3 1 2 2 2 1 2 3 3 2 1 3 2 1 1 2 3 3 0 3 2 5 0 1 0 3 0 4 3 3 0 0 3 4 2 4 1 2 4 2 2 2 1 1 2 3 3 1 0 1 4 2 3 3 1 2 2 1 3 1 2 7 1 3 3 1 2 3 2 3 0 3 2 3 1 2 1 2 1 1 1 1 3 3 0 1 1 0 0 6 2 0 1 4 3 1 1 0 1 4 4 0 1 2 2 4 2 2 3 3 1 4 1 0 3 1 1 5 1 2 3 3 1 0 2 2 2 1 3 7 3 1 1 1 2 1 1 1 3 1 4 5 1 1 1 1 3 1 1 1 2 2 2 4 2 1 1 0 1 3 2 1 2 3 2 0 0 2 0 1 0 1 3 6 3 0 1 1 1 1 3 2 2 0 3 1 1 2 4 2 2 2 2 1 1 1 1 0 1 1 3 1 2 3 3 2 2 2 0 2 3 2 4 2 2 2 2 0 0 1 0 0 5 2 3 0 3 2 2 2 0 1 2 3 3 2 0 1 2 1 3 3 1 0 0 0 4 2 0 3 3 2 4 2 3 0 0 2 2 2 0 4 4 3 2 1 1 5 3 1 4 3 0 4 2 0 2 1 1 2 2 2 2 1 1 3 3 3 3 1 0 4 0 2 2 3 2 2 2 1 4 3 0 2 3 2 3 0 2 3 2 1 3 2 2 3 7 5 1 1 1 2 0 0 3 2 2 2 3 1 0 3 5 2 0 2 0 1 2 1 0 1 1 4 0 4 0 2 1 2 2 3 3 1 1 2 0 2 3 3 4 2 3 0 3 0 3 0 0 1 2 4 2 6 1 4 5 3 2 1 1 4 2 1 2 2 2 1 1 2 1 4 2 1 0 3 2 4 5 3 1 0 2 3 0 3 1 3 2 3 0 1 1 2 0 1 1 3 1 3 2 0 1 2 2 1 3 3 1 2 2 1 4 1 1 2 1 1 1 3 3 1 1 1 0 2 1 1 2 1 2 5 0 0 2 1 2 6 2 3 2 3 1 1 3 5 3 1 0 3 1 2 4 2 2 0 1 1 5 1 1 2 3 6 3 2 0 3 1 1 0 2 1 4 1 3 2 1 4 1 3 3 5 4 1 0 3 3 3 0 3 0 1 2 1 1 0 3 5 0 2 2 0 3 6 2 4 4 0 0 2 0 1 0 2 2 2 2 3 3 4 1 0 0 2 2 0 2 0 2 0 0 0 2 3 3 4 3 3 1 2 2 3 3 4 6 2 2 2 3 4 1 1 1 5 2 1 0 6 0 2 3 2 4 2 2 3 1 2 0 3 0 2 4 0 4 1 4 2 1 5 2 2 2 3 2 1 0 1 2 2 3 4 2 1 3 3 4 2 2 0 0 3 3 2 1 0 4 2 2 1 2 5 3 5 4 0 1 0 2 6 2 0 3 3 2 1 1 8 0 0 3 3 2 0 3 3 2 4 2 4 2 0 3 3 2 0 4 4 0 1 3 1 2 0 2 0 5 1 4 4 3 5 0 1 2 2 2 2 3 2 0 5 0 3 0 0 0 1 2 3 3 4 2 3 1 2 1 3 1 4 1 3 1 1 3 2 0 4 0 2 1 1 0 4 1 1 3 2 4 2 2 0 1 2 2 2 1 3 1 1 3 3 3 3 2 1 0 1 5 3 2 4 3 2 4 0 2 1 1 2 4 3 2 3 0 1 0 3 1 0 2 4 5 2 2 5 3 2 2 2 2 1 1 2 0 2 4 0 5 2 4 2 0 0 1 1 2 5 1 1 3 1 0 0 2 3 4 4 0 2 1 3 0 1 2 1 1 3 0 3 3 1 3 2 4 1 4 0 2 2 1 2 2 2 1 1 2 4 1 5 0 0 4 1 4 3 1 1 0 2 2 4 2 1 4 0 1 1 3 3 2 5 1 3 2 3 2 5 0 2 0 2 2 2 1 4 2 0 2 2 0 0 2 5 2 2 3 4 1 1 2 4 1 2 1 0 4 1 4 1 2 2 4 2 1 3 3 0 1 3 1 2 4 4 0 2 1 0 2 2 3 3 3 4 0 1 2 1 2 2 2 2 4 3 1 2 2 1 1 0 2 1 0 1 1 2 4 3 2 4 1 0 2 3 1 1 2 1 2 1 3 3 5 3 0 2 1 1 1 3 1 2 0 3 2 1 0 1 2 1 4 1 1 2 3 2 2 3 1 1 1 0 0 0 1 1 2 2 2 2 4 2 1 1 1 3 1 2 1 4 3 0 1 1 3 1 0 3 3 0 1 6 5 0 0 0 2 1 2 1 1 2 2 2 1 3 1 0 1 3 2 4 2 3 0 0 3 0 0 4 3 1 2 1 2 3 3 3 5 3 4 1 1 2 5 1 0 1 3 0 4 2 3 3 4 0 3 3 3 3 2 1 1 4 1 6 0 1 1 3 3 1 1 2 3 1 2 4 4 2 2 2 4 1 0 2 1 1 2 2 3 3 3 2 1 2 1 2 2 4 3 5 4 1 2 3 1 3 1 1 0 3 2 0 2 1 5 4 1 3 0 3 3 1 1 4 4 0 1 1 0 3 2 0 2 1 3 2 1 1 1 4 3 3 0 0 2 3 2 2 3 1 2 3 3 0 0 1 1 5 0 2 0 3 3 4 0 0 4 4 1 0 2 5 0 4 3 2 5 0 0 4 2 4 1 4 3 1 0 1 2 2 0 0 3 3 0 0 1 0 2 2 2 1 2 1 1 4 0 3 4 1 3 1 1 2 1 2 3 2 2 2 2 3 2 2 3 0 2 1 2 2 2 1 4 2 1 3 1 5 0 4 1 3 2 1 1 3 1 4 2 1 3 2 1 3 3 2 0 4 2 2 0 2 2 0 2 3 2 2 1 4 2 3 4 2 3 3 1 0 2 3 1 2 2 2 3 2 1 3 4 2 1 1 3 3 2 1 2 1 3 3 4 0 1 2 0 4 1 1 2 1 0 1 4 4 2 2 2 1 0 0 0 4 3 3 2 3 1 1 3 1 3 2 4 1 3 2 4 4 2 4 3 2 3 1 2 2 4 0 2 1 3 1 1 3 0 2 1 3 0 3 3 1 2 0 3 2 0 3 3 2 3 3 2 1 1 1 2 2 6 0 3 2 2 5 1 3 2 0 0 3 1 2 3 1 1 3 1 1 4 2 2 1 1 1 0 2 3 1 2 3 4 3 1 3 2 0 3 4 1 0 3 1 2 1 3 3 4 1 1 5 1 0 3 1 2 4 3 1 3 3 1 1 1 1 5 2 1 2 4 1 4 0 2 1 1 1 5 3 1 1 3 2 0 1 2 3 3 4 2 0 3 3 1 1 2 1 3 1 0 1 5 3 1 1 2 3 3 0 1 1 1 2 1 5 1 1 4 1 3 2 3 0 3 1 2 1 2 4 3 1 3 1 2 0 5 1 3 0 5 2 3 4 1 0 1 3 0 3 2 1 2 2 4 3 1 0 1 2 4 5 1 2 0 3 3 2 2 6 3 1 0 0 4 3 2 2 2 4 2 5 2 1 5 0 2 2 3 1 0 3 0 3 3 3 4 3 1 0 0 3 0 2 3 1 3 0 3 2 0 4 1 1 3 0 2 4 1 2 3 0 1 0 2 2 2 4 2 2 5 2 4 1 2 1 3 0 1 0 4 1 3 3 2 1 4 2 3 2 0 0 3 3 2 5 2 3 2 4 2 3 2 1 1 1 2 3 2 0 3 4 3 3 2 1 2 1 5 0 4 2 2 1 0 2 2 1 3 2 0 0 2 2 3 4 0 1 3 2 4 2 2 3 1 4 2 5 2 1 1 0 6 1 1 1 4 1 2 4 2 2 0 1 1 2 3 2 0 5 3 2 2 3 3 2 2 0 4 2 1 4 3 0 1 1 2 0 1 3 2 6 1 2 4 2 2 1 2 0 2 3 2 2 1 1 2 4 1 1 1 1 4 3 0 1 1 1 7 0 2 0 1 2 2 3 1 3 1 1 0 4 3 1 3 1 3 0 0 1 3 0 1 3 0 2 4 3 0 4 5 0 0 2 4 0 6 2 1 1 4 2 1 1 1 5 2 2 0 0 3 2 2 2 3 1 2 1 4 0 1 2 0 2 2 2 1 0 1 1 2 4 3 2 0 1 1 1 1 3 1 2 0 4 1 1 1 5 3 2 0 1 4 0 1 1 1 1 1 0 2 4 2 3 0 0 1 2 3 2 2 1 1 1 5 3 1 1 1 2 2 2 0 1 0 1 0 3 4 1 2 0 4 2 2 5 1 2 2 2 1 2 4 2 0 3 2 2 3 2 2 3 2 1 3 5 3 2 0 4 4 2 1 2 4 2 0 0 3 3 0 2 2 3 2 0 3 3 2 2 0 3 2 5 1 3 4 1 2 2 0 3 1 3 2 2 1 1 5 2 0 4 3 2 3 2 1 1 3 2 1 2 1 3 2 2 1 2 2 1 3 2 0 3 1 1 3 2 2 2 2 2 1 0 3 0 4 2 2 4 2 0 1 3 2 1 1 2 1 3 1 2 3 1 0 2 3 0 1 3 3 2 3 2 2 1 1 2 0 0 2 1 2 0 3 2 0 0 3 4 3 4 1 4 2 4 2 3 2 2 2 1 4 6 1 2 1 2 4 1 1 1 2 2 3 0 4 1 0 1 3 1 1 2 2 2 2 3 3 3 2 3 1 3 1 2 2 2 1 3 1 2 1 4 1 2 2 5 3 1 3 3 2 1 3 2 2 3 2 2 0 6 1 1 4 1 1 3 5 2 1 0 2 0 6 4 2 4 0 0 2 4 0 0 3 3 0 3 3 2 1 3 2 3 3 2 1 2 2 1 1 2 3 0 4 0 2 3 0 2 0 1 0 1 2 2 6 4 1 0 1 2 1 1 1 3 2 2 1 3 3 2 0 2 3 7 2 5 0 1 0 1 1 1 4 3 3 0 2 2 1 2 1 2 3 1 0 4 2 3 0 0 1 4 0 1 1 0 2 2 1 5 0 1 5 0 1 1 2 4 1 1 2 1 3 2 6 1 0 0 1 1 2 3 3 0 1 4 0 3 4 1 3 2 3 0 2 1 1 2 3 1 1 3 1 2 2 5 1 0 3 3 1 2 3 1 6 1 1 2 2 3 2 2 1 1 5 1 2 2 4 2 2 1 3 1 0 0 0 3 2 3 4 3 2 3 0 3 2 1 0 0 2 4 0 2 2 2 0 1 3 3 1 1 3 1 3 0 2 1 2 2 2 4 3 4 1 1 4 2 1 0 4 1 1 4 0 3 4 1 2 3 5 1 3 0 1 0 2 1 1 1 2 2 3 1 2 2 3 0 1 0 2 3 1 6 0 1 3 3 3 3 2 2 1 1 3 2 2 4 4 2 3 3 1 0 3 4 3 3 3 1 2 1 0 1 2 1 2 1 0 2 2 1 2 2 2 5 2 6 0 2 3 2 1 3 3 1 1 3 2 4 1 1 1 1 1 2 2 3 0 1 5 3 1 3 2 2 1 1 2 1 2 1 2 2 2 2 1 2 2 3 1 1 1 2 0 2 3 1 1 1 3 1 1 5 2 3 2 1 3 2 1 3 2 2 2 3 2 1 2 2 3 2 0 4 2 1 3 2 1 3 3 3 2 0 2 0 2 3 3 2 1 2 0 3 0 2 7 1 1 2 3 4 1 2 4 4 2 1 2 2 2 1 1 2 1 0 3 2 1 4 5 2 4 1 2 2 0 3 2 1 1 1 2 1 2 5 1 2 4 0 1 1 2 2 1 2 2 1 2 3 1 3 4 3 3 2 2 1 4 3 2 2 3 0 3 1 3 3 2 3 1 2 1 1 0 3 2 5 0 6 0 1 2 2 2 1 3 2 2 3 1 0 2 2 2 2 1 1 2 2 0 2 2 3 0 3 6 0 3 0 0 1 2 3 2 3 0 1 1 2 5 2 0 0 1 4 2 2 1 0 2 1 0 1 2 5 1 2 1 3 4 1 5 1 1 4 0 3 0 3 5 3 1 3 4 2 4 1 1 2 1 6 1 1 1 0 2 2 3 2 2 1 1 1 1 4 5 2 1 3 0 2 1 1 4 1 1 4 5 2 3 5 3 2 1 2 2 1 2 2 2 3 2 0 1 2 1 1 1 1 2 2 2 2 0 2 2 1 2 3 3 5 3 1 2 4 0 1 2 2 0 2 1 1 5 3 0 5 1 1 2 1 2 2 3 2 3 1 1 0 1 3 1 2 4 2 1 2 2 4 1 0 1 2 2 2 5 3 3 4 1 3 2 3 2 1 4 4 0 1 3 2 1 2 1 4 2 4 2 0 4 3 1 0 0 1 1 1 2 3 2 3 4 2 5 4 1 1 2 2 1 3 1 2 1 3 1 2 0 2 1 1 1 3 3 2 3 0 0 0 1 4 1 1 1 4 0 2 0 2 0 3 3 4 1 6 3 0 3 3 3 0 0 2 1 4 0 3 0 4 4 2 2 5 1 0 4 1 1 3 2 1 2 1 2 5 1 2 0 2 4 1 1 1 1 5 1 2 1 6 1 1 2 1 1 1 2 1 3 2 2 3 2 1 1 3 1 5 3 1 4 0 5 0 3 2 2 3 0 4 3 3 0 2 0 2 1 4 2 3 1 8 1 1 0 1 0 3 0 3 3 4 5 2 2 1 0 1 3 1 1 1 1 1 4 3 4 1 3 1 3 2 3 1 2 2 1 1 0 2 1 4 1 0 3 2 0 1 5 1 4 0 0 1 2 2 0 1 3 4 3 2 2 0 2 3 2 3 2 3 5 1 0 3 0 1 1 2 1 3 2 2 4 3 2 0 3 0 1 3 0 4 3 2 2 0 2 5 3 0 3 4 0 1 3 2 1 2 2 3 2 1 1 2 2 2 5 6 2 0 2 3 4 1 3 1 1 4 3 1 1 3 0 2 0 2 3 2 2 2 2 2 1 4 5 1 1 0 0 2 2 2 2 4 1 2 3 1 3 1 2 1 4 4 1 4 1 4 1 0 0 2 2 2 3 1 2 2 2 3 2 5 2 1 1 0 2 3 2 4 0 2 5 1 2 1 3 3 5 3 2 1 2 1 4 2 2 3 2 0 2 1 1 6 1 1 2 2 4 0 3 0 0 1 1 2 0 1 4 1 0 0 3 0 2 2 3 1 1 1 5 0 1 1 0 2 3 1 0 4 1 0 2 4 4 2 3 2 1 0 2 0 6 1 1 2 2 2 4 3 1 1 0 3 1 1 3 1 2 3 1 5 4 2 2 3 0 0 0 3 1 1 4 0 1 0 1 1 4 3 3 1 0 2 1 1 3 2 4 3 2 1 2 2 2 2 3 2 0 3 1 2 3 0 4 6 1 1 0 2 2 0 1 0 3 3 2 2 6 0 4 4 0 1 0 5 0 4 0 2 2 2 2 4 0 1 4 3 1 3 0 0 6 2 2 4 2 4 2 3 0 5 1 4 1 4 1 1 1 2 1 1 4 1 1 1 1 2 0 3 5 2 1 2 4 3 1 1 1 1 2 1 2 3 0 2 0 1 2 1 0 3 3 4 2 0 2 2 2 3 3 0 2 1 1 2 1 2 1 2 2 1 1 1 4 2 3 1 2 3 2 2 1 1 2 2 1 2 2 2 3 3 3 1 0 4 1 2 0 1 2 2 1 0 1 2 4 1 3 3 3 0 3 2 1 0 1 2 1 4 3 0 4 2 1 1 0 2 3 1 3 6 1 1 4 2 4 1 2 2 4 2 2 3 2 0 4 2 1 0 1 3 3 2 1 3 1 2 2 2 5 0 3 0 4 0 1 2 1 3 3 1 0 2 3 0 3 2 2 1 4 2 1 2 3 1 1 4 2 2 0 4 5 4 0 1 2 1 1 0 2 2 2 1 5 0 2 1 7 2 3 0 4 2 4 1 5 1 1 3 2 3 2 1 3 2 3 2 2 2 2 2 0 1 0 3 3 1 1 6 0 2 3 1 0 2 4 2 5 3 2 1 0 2 1 3 2 2 1 3 0 3 1 3 2 0 2 5 1 4 0 3 0 6 0 2 2 2 1 1 0 0 3 2 4 2 3 1 0 2 2 2 0 2 1 2 7 3 1 2 1 2 3 4 1 4 4 4 1 2 1 1 2 0 2 3 2 1 2 2 1 2 3 2 0 1 1 3 4 2 0 2 1 5 1 3 2 2 4 4 0 3 1 5 3 2 0 1 3 0 2 4 1 2 3 0 3 0 0 4 2 3 0 3 2 1 3 2 2 2 1 2 1 2 4 3 2 1 0 3 1 4 1 4 1 1 4 0 0 0 5 3 2 0 2 2 3 2 3 0 5 2 5 4 0 0 4 4 1 1 1 1 0 3 0 8 2 4 5 2 2 3 1 0 1 1 5 4 1 1 2 3 5 3 1 1 2 1 1 5 0 3 2 2 3 3 1 0 2 1 1 3 4 3 0 3 3 1 1 3 0 2 0 1 4 0 1 6 1 2 1 1 2 3 3 0 3 0 2 0 2 1 2 2 5 3 2 2 3 0 2 2 2 1 2 1 1 1 2 1 1 4 1 0 3 2 3 0 2 0 2 0 1 0 3 2 1 1 1 4 1 1 3 2 2 2 7 1 1 4 1 3 0 3 3 0 4 2 3 4 5 2 0 3 4 0 4 1 2 0 1 2 0 1 0 3 2 3 2 0 0 6 2 1 0 0 4 1 4 5 3 2 0 2 5 3 1 2 1 4 4 3 3 3 1 4 1 0 2 3 3 1 1 2 5 7 1 5 1 3 0 0 2 5 3 2 5 2 3 4 2 2 4 0 5 2 4 2 1 1 3 3 1 1 2 1 0 1 1 4 5 3 2 1 1 3 5 0 2 5 1 2 2 2 2 1 1 3 3 1 2 1 3 0 0 2 2 2 1 5 3 3 1 1 3 1 1 3 2 3 3 2 4 2 0 1 1 2 0 1 3 0 1 3 2 4 1 2 3 1 3 0 1 5 0 1 1 1 2 3 4 2 1 3 1 2 1 3 2 2 4 2 3 3 5 0 3 1 0 2 0 3 0 0 3 2 3 2 3 1 1 2 2 1 4 2 1 2 3 1 1 1 3 2 2 3 1 0 1 3 2 3 4 1 6 1 2 3 1 2 1 0 3 2 2 5 2 1 1 0 2 2 1 1 2 0 3 5 2 2 1 2 2 1 1 3 6 1 1 1 3 4 1 0 1 1 4 0 3 1 2 3 3 4 1 3 2 2 2 1 4 1 4 0 2 1 2 2 1 2 2 0 6 1 3 4 2 2 5 2 4 3 0 2 2 3 0 4 3 1 2 3 3 0 0 1 2 2 2 2 0 4 3 0 2 0 3 3 4 3 1 1 3 1 2 4 1 2 2 2 2 2 1 2 2 0 4 2 2 3 3 1 2 3 3 2 4 3 3 0 2 1 3 0 2 6 2 1 1 1 4 2 1 3 1 2 1 2 2 3 1 5 2 1 3 1 0 4 1 1 1 2 2 1 2 2 1 2 1 3 2 4 0 1 1 2 3 3 2 3 1 1 0 1 3 1 4 1 1 1 1 1 2 1 2 0 2 1 1 4 2 3 1 2 1 1 3 1 1 3 2 3 3 1 2 3 3 2 3 2 3 1 1 0 0 4 2 2 1 2 2 4 0 5 2 3 2 1 2 1 3 0 2 0 1 0 1 1 1 0 1 6 0 0 0 2 3 1 4 2 1 2 2 1 1 2 0 1 1 3 0 2 4 3 1 2 3 3 1 1 3 2 1 2 0 2 1 0 3 2 2 3 4 0 2 2 0 1 1 1 4 2 0 0 2 1 0 1 2 4 1 1 4 4 2 1 3 1 1 3 1 1 1 0 5 3 3 3 0 1 0 2 0 3 2 1 1 5 3 2 2 0 0 1 2 3 0 3 2 2 5 2 3 4 0 2 3 3 4 2 1 2 3 2 1 3 0 1 1 0 0 2 1 4 4 1 4 3 0 1 3 3 2 2 1 1 4 0 2 0 3 3 2 4 1 2 3 1 1 3 2 1 0 2 0 0 2 6 1 6 2 0 2 0 2 3 0 0 6 3 4 3 0 2 6 1 1 1 0 2 3 1 3 2 2 3 1 4 3 0 2 0 4 3 1 2 0 1 3 2 0 0 4 1 4 3 3 2 1 3 1 1 3 1 2 2 1 2 3 1 1 4 2 0 1 3 1 2 3 0 2 2 5 1 1 3 0 1 0 3 5 3 4 2 5 2 0 1 3 0 1 1 1 0 2 1 3 4 3 2 0 0 4 1 2 1 2 3 1 3 2 2 4 3 2 1 3 1 2 3 1 3 1 3 1 3 1 1 1 4 2 2 2 3 1 1 3 2 1 2 2 3 0 5 1 2 3 1 0 6 2 3 5 3 2 1 2 2 1 2 0 0 4 1 3 1 4 2 1 1 5 1 3 2 2 1 0 0 6 4 2 1 1 1 4 1 0 2 1 2 6 3 3 1 1 0 2 0 2 4 1 0 5 1 0 1 2 3 1 0 1 3 0 2 2 1 1 1 0 4 2 3 2 0 4 2 3 0 3 3 5 2 2 2 3 0 1 1 2 4 0 3 4 2 1 2 2 1 5 1 1 7 1 0 1 4 3 1 4 1 2 2 1 1 2 1 3 1 2 1 3 2 2 4 2 5 2 1 1 2 1 1 0 3 1 2 2 8 2 1 2 4 3 1 1 3 2 1 1 2 2 1 2 2 2 3 4 2 3 2 1 3 3 0 2 0 2 2 1 2 5 1 1 1 4 2 0 2 1 0 2 0 3 2 4 0 8 4 1 2 5 1 0 0 5 1 0 1 2 1 2 3 4 1 1 1 0 3 0 1 3 1 1 2 5 2 1 2 2 0 2 4 1 3 2 1 1 0 3 1 2 2 1 2 2 4 1 2 3 2 3 2 4 1 4 3 3 1 3 2 2 3 1 1 1 2 2 1 3 2 0 1 3 2 0 2 5 1 1 0 2 2 4 1 3 3 1 2 2 1 2 2 1 0 0 4 2 4 2 3 1 2 0 4 3 3 2 0 0 1 0 1 1 1 3 4 2 3 3 2 0 1 1 1 3 1 0 2 2 1 0 1 2 2 4 1 2 1 1 2 2 0 1 1 4 5 0 1 2 2 0 2 0 3 0 1 3 2 1 2 0 2 1 1 1 5 3 5 2 1 4 2 1 3 6 1 0 1 1 6 4 2 1 2 1 4 2 3 3 2 4 0 0 1 3 2 0 1 1 2 2 2 1 3 4 2 3 1 1 1 4 4 2 2 3 6 3 3 4 3 0 1 1 2 2 1 4 1 1 0 5 2 0 2 3 1 2 3 1 1 1 2 1 3 2 3 4 1 2 3 2 1 2 3 2 3 2 2 2 2 3 2 3 1 4 0 2 1 2 4 3 5 1 1 2 3 1 0 3 2 2 3 5 4 1 2 1 2 1 3 2 1 2 5 1 3 1 0 2 4 1 3 3 1 3 2 1 2 2 4 4 1 1 3 2 0 3 3 2 0 5 0 1 1 1 1 2 4 2 2 1 1 0 1 3 5 3 2 3 0 1 3 3 1 1 2 2 1 2 3 2 3 1 2 1 2 1 2 3 1 1 1 1 3 1 3 1 3 0 3 3 2 4 4 0 2 0 0 3 2 0 1 3 2 2 0 1 5 3 3 2 0 2 1 4 3 2 1 0 4 4 0 2 3 0 1 2 1 2 2 3 1 0 3 5 2 4 3 1 0 2 1 3 1 1 3 3 2 1 4 2 3 1 1 1 1 2 1 2 3 2 2 0 3 2 3 2 4 2 1 1 2 2 1 3 2 4 2 2 0 2 0 2 2 4 3 0 4 1 2 1 6 0 0 1 3 0 2 1 4 1 3 1 1 1 3 2 2 2 2 2 0 1 3 3 5 4 0 3 1 2 1 2 2 2 1 4 4 2 3 3 2 1 3 1 2 1 3 7 2 3 1 2 2 3 4 1 1 0 4 2 2 2 3 1 3 1 1 1 3 1 0 1 1 2 2 3 1 5 3 3 1 1 3 1 0 3 2 1 3 3 2 5 1 1 4 1 7 2 1 2 0 1 3 2 3 1 1 3 2 2 3 3 3 2 1 0 4 2 0 3 4 3 4 0 1 1 4 2 1 0 4 1 2 3 3 1 3 0 4 2 2 0 2 0 2 5 1 3 1 1 1 3 2 0 1 2 1 2 1 0 3 1 1 2 3 1 0 5 0 3 1 2 3 2 2 5 1 2 2 1 2 0 5 2 0 2 2 1 0 1 3 1 0 3 2 0 1 0 1 2 3 0 4 2 3 2 2 1 2 1 0 3 3 2 3 2 2 3 1 2 1 1 2 0 2 1 1 6 0 1 2 3 2 2 5 3 0 2 2 1 1 4 1 1 1 1 3 1 2 1 4 2 2 2 3 1 2 0 3 1 1 3 0 2 3 1 3 2 2 2 0 5 5 2 2 2 1 2 1 1 0 3 1 1 3 1 2 2 4 4 0 2 1 2 2 2 3 1 1 0 1 0 2 2 2 3 5 1 0 3 2 1 2 4 2 1 4 2 4 1 0 2 2 3 3 3 2 4 1 3 3 0 1 0 1 1 0 3 3 1 3 1 4 2 3 2 2 1 1 2 0 3 1 3 1 2 0 2 5 1 0 2 0 4 2 2 3 3 2 4 0 2 2 0 0 3 3 5 2 2 1 1 1 3 2 2 3 3 5 2 2 5 0 2 2 1 1 2 3 1 1 0 0 1 2 5 3 2 2 0 5 2 3 2 1 4 3 2 3 1 2 2 5 3 1 0 8 1 0 0 2 1 0 3 0 2 1 1 4 2 2 2 6 2 0 0 1 1 4 2 1 1 3 1 2 0 4 2 1 2 1 4 2 3 2 3 1 3 1 1 1 1 1 5 2 1 3 3 3 1 2 1 2 4 2 0 0 2 2 6 2 3 0 2 4 3 1 1 3 1 3 0 1 1 2 3 1 3 0 3 2 2 0 2 2 0 1 3 2 2 4 1 2 2 4 3 1 2 1 0 0 3 1 2 1 1 1 1 4 3 3 2 1 4 3 3 1 1 1 2 3 0 2 1 2 2 4 1 7 0 4 2 1 1 1 1 2 2 1 2 1 4 0 1 1 2 5 2 2 7 3 1 0 0 0 2 2 2 1 4 5 1 1 2 3 2 1 3 4 0 1 4 0 0 3 2 2 4 2 1 1 2 3 1 1 3 1 0 3 2 3 2 0 3 3 2 0 5 2 3 4 4 2 3 0 1 1 2 1 1 0 3 1 2 2 2 3 2 1 3 2 2 1 2 4 2 2 1 4 2 1 4 1 0 4 3 2 0 2 0 2 1 2 1 2 3 1 2 2 3 4 4 1 1 4 1 1 1 1 2 3 2 3 3 2 3 3 0 3 5 1 3 5 0 4 3 4 4 2 0 1 0 0 1 0 1 3 4 1 4 2 2 2 3 3 2 1 3 4 0 2 2 2 0 2 2 2 2 1 3 1 1 4 3 3 3 4 3 2 0 3 1 4 1 1 0 0 1 3 1 5 4 2 0 1 1 3 1 3 2 1 1 4 4 2 4 0 1 3 0 2 2 2 3 1 3 3 1 1 0 2 4 1 4 4 2 4 2 3 0 0 2 3 2 3 6 5 3 0 1 2 0 2 1 2 2 1 1 1 3 1 3 2 2 4 1 1 2 1 2 2 1 1 5 2 5 6 1 1 2 2 0 1 1 0 1 1 2 3 3 1 0 1 2 1 2 1 2 3 1 3 1 5 3 2 0 3 3 1 1 0 1 2 4 1 0 1 1 4 0 2 1 1 0 2 2 2 2 1 1 1 3 2 1 1 1 4 4 1 2 1 2 3 4 1 3 3 0 2 1 2 0 1 1 4 1 1 0 2 1 2 1 4 4 2 2 1 2 1 3 0 5 0 3 2 3 2 5 3 2 2 1 2 2 1 1 3 0 2 2 1 3 2 1 2 3 3 4 2 4 1 4 0 2 2 1 1 3 3 2 1 4 3 3 2 4 2 0 0 1 4 1 2 3 2 2 3 3 1 1 4 0 0 3 1 3 2 2 1 2 3 2 1 3 1 1 0 1 2 1 3 3 3 4 4 2 2 2 0 0 2 2 2 1 1 1 0 1 1 2 4 2 0 3 0 4 1 1 3 2 5 2 3 1 0 2 0 1 3 2 0 2 2 0 3 2 1 0 1 1 0 1 2 6 3 3 1 1 0 3 1 2 4 1 4 4 0 4 0 0 2 2 3 0 5 0 2 0 2 0 0 2 4 1 1 2 1 5 5 5 1 2 1 1 3 1 1 1 2 2 2 2 3 1 2 2 2 1 3 3 1 1 3 5 1 1 4 2 1 2 1 9 1 2 1 0 2 0 5 1 3 4 1 1 3 1 0 1 1 2 3 0 4 2 2 1 2 5 1 4 2 0 0 2 1 3 0 3 3 4 1 1 5 3 3 4 0 3 1 0 2 0 5 3 1 0 0 2 0 2 1 5 3 1 2 4 2 2 2 4 3 0 2 1 0 4 4 2 1 4 1 0 2 1 2 2 4 1 1 0 2 1 3 1 1 1 2 2 1 1 4 0 4 3 4 1 3 1 4 1 1 2 1 1 2 2 3 1 0 1 2 0 1 7 4 1 1 4 5 1 0 0 4 2 3 6 2 2 3 1 2 2 1 1 3 2 3 0 1 2 0 1 4 1 0 5 3 2 2 3 3 3 0 1 2 4 1 3 1 0 1 4 1 2 1 1 3 1 0 2 1 1 0 0 0 3 0 3 2 3 2 4 2 1 1 0 0 3 4 4 3 0 0 2 2 1 0 4 0 2 2 0 2 2 5 2 4 0 2 1 1 0 3 2 3 2 4 1 2 4 2 1 3 0 0 2 2 3 1 2 1 2 4 0 2 0 0 4 5 0 2 1 3 3 1 1 2 2 3 2 0 2 1 4 1 2 2 3 3 0 2 1 2 2 3 2 2 1 1 3 2 0 2 4 0 5 2 1 2 3 0 5 2 1 3 3 0 2 1 0 0 3 1 2 3 1 0 2 0 4 1 4 2 3 0 1 3 2 1 1 2 0 1 0 2 3 1 2 3 1 0 2 2 4 3 0 2 3 3 3 2 2 2 2 4 3 2 0 3 0 1 0 1 2 4 4 1 4 2 0 2 4 2 0 3 4 1 1 3 2 1 1 5 0 2 0 2 2 3 4 0 1 0 4 1 2 3 3 1 4 0 2 0 2 2 2 3 0 2 0 5 3 1 1 3 4 3 0 2 5 1 1 2 3 4 3 1 3 1 4 1 0 0 1 6 6 2 0 0 1 5 1 2 0 4 2 2 1 1 1 2 3 4 2 0 8 2 4 1 3 1 1 0 2 2 2 3 3 2 1 1 0 0 4 0 2 3 2 3 2 3 1 1 2 1 2 3 2 3 3 0 4 2 3 1 2 1 0 2 1 4 2 1 0 0 2 6 2 2 4 2 0 2 2 0 1 2 1 1 3 1 2 2 1 2 3 5 0 1 4 0 2 2 0 2 1 1 4 0 4 1 3 2 1 0 4 5 0 0 4 0 3 2 5 3 3 0 2 0 4 1 2 2 2 0 4 3 3 2 0 4 1 4 1 0 2 1 3 0 3 4 1 6 1 2 4 3 0 1 4 3 3 2 3 1 3 2 1 1 2 3 5 3 2 2 2 2 5 5 0 1 1 5 1 3 0 5 2 1 3 3 1 0 1 4 2 4 2 3 1 2 1 1 1 2 2 5 3 1 2 1 0 3 6 0 1 2 3 2 4 0 3 0 1 5 3 2 2 1 1 4 3 0 0 3 2 1 0 6 3 2 3 3 0 2 2 3 4 1 1 3 2 5 1 4 1 2 0 1 3 1 3 3 0 2 2 3 2 4 2 1 0 2 0 2 1 2 0 0 2 5 2 1 3 4 2 5 3 2 1 1 1 4 1 1 1 2 1 1 2 2 1 3 0 6 2 3 1 1 1 4 1 3 3 4 2 1 2 1 2 0 1 2 2 2 3 3 1 3 1 3 1 1 2 0 2 3 1 2 1 5 2 0 1 4 1 0 3 2 4 3 5 1 0 1 2 3 4 3 1 1 3 1 2 1 2 1 3 1 1 0 5 3 1 0 1 3 3 3 3 0 3 1 0 0 2 1 2 0 0 2 3 6 3 3 2 2 2 1 2 1 1 0 2 2 4 1 1 2 5 3 3 2 1 1 0 1 1 1 2 1 3 1 3 1 2 1 2 1 3 2 1 2 2 2 1 1 1 2 4 3 0 2 0 0 1 3 3 1 2 3 0 1 2 1 0 3 2 2 3 2 1 1 2 1 3 6 2 2 0 0 1 3 1 1 2 2 3 1 1 4 3 1 3 1 1 1 2 1 1 4 1 4 3 1 3 2 2 3 2 1 0 4 2 2 2 1 3 2 1 3 2 0 2 1 4 2 2 1 2 4 3 4 0 1 1 1 1 1 2 4 2 2 3 4 2 0 4 0 1 3 5 2 2 3 1 1 2 5 1 2 0 2 3 2 2 0 5 3 2 3 3 2 2 0 2 1 3 1 1 2 2 4 0 3 0 2 3 2 2 0 1 3 3 1 1 4 5 1 3 1 2 3 0 6 3 3 2 3 2 1 2 0 1 1 2 3 2 2 1 1 3 3 0 2 3 1 4 2 1 2 1 0 1 1 1 4 3 3 0 2 0 2 0 5 6 4 2 1 2 2 5 0 4 2 2 4 2 1 1 3 2 2 2 5 1 2 1 1 2 2 4 3 3 1 2 1 3 1 3 2 1 1 6 1 1 0 3 3 1 2 1 4 3 4 2 5 1 2 2 2 0 3 2 3 2 2 0 4 1 0 1 0 2 3 3 1 1 0 3 2 3 2 5 2 2 1 1 2 3 2 1 1 3 4 2 2 0 2 2 3 4 3 0 3 1 3 3 1 3 2 2 2 1 2 4 1 2 1 2 2 4 3 2 2 0 2 0 5 1 5 0 2 4 2 2 2 3 0 2 2 4 2 2 3 1 1 5 3 0 0 1 2 3 5 0 0 2 0 2 3 4 3 2 4 3 1 2 1 1 3 2 4 1 1 4 0 3 1 2 2 2 4 1 0 2 2 5 2 2 2 2 3 1 3 5 1 0 2 0 1 1 2 2 2 2 3 1 2 1 1 2 3 0 2 2 1 2 0 0 1 2 1 3 2 0 2 3 1 2 2 3 1 2 0 2 3 1 6 2 2 6 2 3 1 0 2 2 3 2 0 2 1 1 2 2 1 2 3 4 1 6 1 3 2 3 0 5 1 3 2 1 1 2 4 3 1 2 3 5 0 3 2 3 2 2 2 0 2 1 4 1 2 0 1 0 4 4 2 3 0 1 3 1 2 2 2 1 4 2 2 3 2 3 3 6 3 4 2 2 2 0 1 1 1 1 3 6 2 1 2 3 5 4 1 2 0 1 0 3 2 2 2 3 2 0 3 6 1 2 0 3 0 1 3 2 4 3 0 0 5 1 4 1 2 1 2 2 2 3 3 6 2 2 2 5 1 2 3 1 2 0 2 2 4 1 0 0 0 4 3 3 1 1 1 1 2 1 2 4 1 0 1 1 1 2 2 2 2 1 2 0 1 2 2 4 0 2 2 2 4 3 0 0 2 4 1 2 2 1 3 5 1 2 5 2 1 2 1 2 0 2 2 2 1 1 0 2 0 0 3 1 0 5 4 2 5 0 1 4 3 3 3 2 3 1 1 4 1 2 1 0 3 1 3 3 2 2 1 4 1 1 2 1 1 1 2 2 3 2 2 2 2 2 2 1 4 2 0 1 3 3 2 1 1 4 2 3 3 5 3 1 1 1 0 0 4 6 3 0 2 5 0 2 4 1 0 1 1 2 4 4 0 1 1 1 1 2 6 1 2 0 2 1 3 2 2 2 1 6 3 5 3 3 3 2 1 3 2 1 4 2 2 2 3 0 2 0 2 0 3 2 1 3 4 5 5 1 1 4 0 1 0 1 0 1 5 2 2 3 2 3 1 0 0 3 3 4 2 1 6 2 0 0 0 3 3 2 2 5 3 2 1 1 2 1 2 1 4 2 0 4 1 3 0 4 2 3 4 2 4 2 1 5 3 0 0 1 1 0 4 2 1 1 1 1 4 2 1 3 3 5 2 4 2 0 2 2 1 1 1 0 1 4 1 2 0 3 2 1 2 2 6 1 2 1 1 1 2 5 4 1 1 1 1 3 2 1 1 2 7 5 3 2 1 2 2 2 1 2 1 2 2 3 2 5 2 0 1 0 1 3 2 2 1 1 2 0 2 4 4 3 3 3 4 2 2 4 2 3 0 2 0 3 0 1 4 4 5 1 0 2 2 3 1 0 1 4 0 1 2 3 3 2 2 1 0 7 3 
</Matrix>
   <Matrix name="xloc" type="complete" rows="1" columns="900" multiplier="1.0">
   0 1 2 3 4 5 6 7 8 9 10 11 12 13 14 15 16 17 18 19 20 21 22 23 24 25 26 27 28 29 0 1 2 3 4 5 6 7 8 9 10 11 12 13 14 15 16 17 18 19 20 21 22 23 24 25 26 27 28 29 0 1 2 3 4 5 6 7 8 9 10 11 12 13 14 15 16 17 18 19 20 21 22 23 24 25 26 27 28 29 0 1 2 3 4 5 6 7 8 9 10 11 12 13 14 15 16 17 18 19 20 21 22 23 24 25 26 27 28 29 0 1 2 3 4 5 6 7 8 9 10 11 12 13 14 15 16 17 18 19 20 21 22 23 24 25 26 27 28 29 0 1 2 3 4 5 6 7 8 9 10 11 12 13 14 15 16 17 18 19 20 21 22 23 24 25 26 27 28 29 0 1 2 3 4 5 6 7 8 9 10 11 12 13 14 15 16 17 18 19 20 21 22 23 24 25 26 27 28 29 0 1 2 3 4 5 6 7 8 9 10 11 12 13 14 15 16 17 18 19 20 21 22 23 24 25 26 27 28 29 0 1 2 3 4 5 6 7 8 9 10 11 12 13 14 15 16 17 18 19 20 21 22 23 24 25 26 27 28 29 0 1 2 3 4 5 6 7 8 9 10 11 12 13 14 15 16 17 18 19 20 21 22 23 24 25 26 27 28 29 0 1 2 3 4 5 6 7 8 9 10 11 12 13 14 15 16 17 18 19 20 21 22 23 24 25 26 27 28 29 0 1 2 3 4 5 6 7 8 9 10 11 12 13 14 15 16 17 18 19 20 21 22 23 24 25 26 27 28 29 0 1 2 3 4 5 6 7 8 9 10 11 12 13 14 15 16 17 18 19 20 21 22 23 24 25 26 27 28 29 0 1 2 3 4 5 6 7 8 9 10 11 12 13 14 15 16 17 18 19 20 21 22 23 24 25 26 27 28 29 0 1 2 3 4 5 6 7 8 9 10 11 12 13 14 15 16 17 18 19 20 21 22 23 24 25 26 27 28 29 0 1 2 3 4 5 6 7 8 9 10 11 12 13 14 15 16 17 18 19 20 21 22 23 24 25 26 27 28 29 0 1 2 3 4 5 6 7 8 9 10 11 12 13 14 15 16 17 18 19 20 21 22 23 24 25 26 27 28 29 0 1 2 3 4 5 6 7 8 9 10 11 12 13 14 15 16 17 18 19 20 21 22 23 24 25 26 27 28 29 0 1 2 3 4 5 6 7 8 9 10 11 12 13 14 15 16 17 18 19 20 21 22 23 24 25 26 27 28 29 0 1 2 3 4 5 6 7 8 9 10 11 12 13 14 15 16 17 18 19 20 21 22 23 24 25 26 27 28 29 0 1 2 3 4 5 6 7 8 9 10 11 12 13 14 15 16 17 18 19 20 21 22 23 24 25 26 27 28 29 0 1 2 3 4 5 6 7 8 9 10 11 12 13 14 15 16 17 18 19 20 21 22 23 24 25 26 27 28 29 0 1 2 3 4 5 6 7 8 9 10 11 12 13 14 15 16 17 18 19 20 21 22 23 24 25 26 27 28 29 0 1 2 3 4 5 6 7 8 9 10 11 12 13 14 15 16 17 18 19 20 21 22 23 24 25 26 27 28 29 0 1 2 3 4 5 6 7 8 9 10 11 12 13 14 15 16 17 18 19 20 21 22 23 24 25 26 27 28 29 0 1 2 3 4 5 6 7 8 9 10 11 12 13 14 15 16 17 18 19 20 21 22 23 24 25 26 27 28 29 0 1 2 3 4 5 6 7 8 9 10 11 12 13 14 15 16 17 18 19 20 21 22 23 24 25 26 27 28 29 0 1 2 3 4 5 6 7 8 9 10 11 12 13 14 15 16 17 18 19 20 21 22 23 24 25 26 27 28 29 0 1 2 3 4 5 6 7 8 9 10 11 12 13 14 15 16 17 18 19 20 21 22 23 24 25 26 27 28 29 0 1 2 3 4 5 6 7 8 9 10 11 12 13 14 15 16 17 18 19 20 21 22 23 24 25 26 27 28 29 
</Matrix>
   <Matrix name="yloc" type="complete" rows="1" columns="900" multiplier="1.0">
   0 0 0 0 0 0 0 0 0 0 0 0 0 0 0 0 0 0 0 0 0 0 0 0 0 0 0 0 0 0 1 1 1 1 1 1 1 1 1 1 1 1 1 1 1 1 1 1 1 1 1 1 1 1 1 1 1 1 1 1 2 2 2 2 2 2 2 2 2 2 2 2 2 2 2 2 2 2 2 2 2 2 2 2 2 2 2 2 2 2 3 3 3 3 3 3 3 3 3 3 3 3 3 3 3 3 3 3 3 3 3 3 3 3 3 3 3 3 3 3 4 4 4 4 4 4 4 4 4 4 4 4 4 4 4 4 4 4 4 4 4 4 4 4 4 4 4 4 4 4 5 5 5 5 5 5 5 5 5 5 5 5 5 5 5 5 5 5 5 5 5 5 5 5 5 5 5 5 5 5 6 6 6 6 6 6 6 6 6 6 6 6 6 6 6 6 6 6 6 6 6 6 6 6 6 6 6 6 6 6 7 7 7 7 7 7 7 7 7 7 7 7 7 7 7 7 7 7 7 7 7 7 7 7 7 7 7 7 7 7 8 8 8 8 8 8 8 8 8 8 8 8 8 8 8 8 8 8 8 8 8 8 8 8 8 8 8 8 8 8 9 9 9 9 9 9 9 9 9 9 9 9 9 9 9 9 9 9 9 9 9 9 9 9 9 9 9 9 9 9 10 10 10 10 10 10 10 10 10 10 10 10 10 10 10 10 10 10 10 10 10 10 10 10 10 10 10 10 10 10 11 11 11 11 11 11 11 11 11 11 11 11 11 11 11 11 11 11 11 11 11 11 11 11 11 11 11 11 11 11 12 12 12 12 12 12 12 12 12 12 12 12 12 12 12 12 12 12 12 12 12 12 12 12 12 12 12 12 12 12 13 13 13 13 13 13 13 13 13 13 13 13 13 13 13 13 13 13 13 13 13 13 13 13 13 13 13 13 13 13 14 14 14 14 14 14 14 14 14 14 14 14 14 14 14 14 14 14 14 14 14 14 14 14 14 14 14 14 14 14 15 15 15 15 15 15 15 15 15 15 15 15 15 15 15 15 15 15 15 15 15 15 15 15 15 15 15 15 15 15 16 16 16 16 16 16 16 16 16 16 16 16 16 16 16 16 16 16 16 16 16 16 16 16 16 16 16 16 16 16 17 17 17 17 17 17 17 17 17 17 17 17 17 17 17 17 17 17 17 17 17 17 17 17 17 17 17 17 17 17 18 18 18 18 18 18 18 18 18 18 18 18 18 18 18 18 18 18 18 18 18 18 18 18 18 18 18 18 18 18 19 19 19 19 19 19 19 19 19 19 19 19 19 19 19 19 19 19 19 19 19 19 19 19 19 19 19 19 19 19 20 20 20 20 20 20 20 20 20 20 20 20 20 20 20 20 20 20 20 20 20 20 20 20 20 20 20 20 20 20 21 21 21 21 21 21 21 21 21 21 21 21 21 21 21 21 21 21 21 21 21 21 21 21 21 21 21 21 21 21 22 22 22 22 22 22 22 22 22 22 22 22 22 22 22 22 22 22 22 22 22 22 22 22 22 22 22 22 22 22 23 23 23 23 23 23 23 23 23 23 23 23 23 23 23 23 23 23 23 23 23 23 23 23 23 23 23 23 23 23 24 24 24 24 24 24 24 24 24 24 24 24 24 24 24 24 24 24 24 24 24 24 24 24 24 24 24 24 24 24 25 25 25 25 25 25 25 25 25 25 25 25 25 25 25 25 25 25 25 25 25 25 25 25 25 25 25 25 25 25 26 26 26 26 26 26 26 26 26 26 26 26 26 26 26 26 26 26 26 26 26 26 26 26 26 26 26 26 26 26 27 27 27 27 27 27 27 27 27 27 27 27 27 27 27 27 27 27 27 27 27 27 27 27 27 27 27 27 27 27 28 28 28 28 28 28 28 28 28 28 28 28 28 28 28 28 28 28 28 28 28 28 28 28 28 28 28 28 28 28 29 29 29 29 29 29 29 29 29 29 29 29 29 29 29 29 29 29 29 29 29 29 29 29 29 29 29 29 29 29 
</Matrix>
   <Matrix name="neuronTypes" type="complete" rows="1" columns="900" multiplier="1.0">
   2 2 2 2 2 2 2 2 2 2 2 2 2 2 2 2 2 2 2 2 2 2 2 2 2 2 2 2 2 2 2 2 2 2 2 2 2 2 2 2 2 2 2 2 2 2 2 2 2 2 2 2 2 2 2 2 2 2 2 2 2 2 2 2 2 2 2 2 2 2 2 2 2 2 2 2 2 2 2 2 2 2 2 2 2 2 2 2 2 2 2 2 2 1 2 2 2 2 2 2 2 2 2 1 2 2 2 2 2 2 2 2 2 1 2 2 2 2 2 2 2 2 2 2 2 2 2 2 2 2 2 2 2 2 2 2 2 2 2 2 2 2 2 2 2 2 2 2 2 2 2 2 2 2 2 2 2 2 2 2 2 2 2 2 2 2 2 2 2 2 2 2 2 2 2 2 2 2 2 2 2 2 2 2 2 2 1 2 2 2 2 2 2 2 2 2 1 2 2 2 2 2 2 2 2 2 1 2 2 2 2 2 2 2 2 2 2 2 2 2 2 2 2 2 2 2 2 2 2 2 2 2 2 2 2 2 2 2 2 2 2 2 2 2 2 2 2 2 2 2 2 2 2 2 2 2 2 2 2 2 2 2 2 2 2 2 2 2 2 2 2 2 2 2 2 2 2 2 2 2 2 2 2 2 2 2 2 2 2 2 2 2 2 2 2 2 2 2 2 2 2 2 2 2 2 2 2 2 2 2 2 2 2 2 2 2 2 2 2 2 2 2 2 2 2 2 2 2 2 2 2 2 2 2 2 2 2 2 2 2 2 2 2 2 2 2 2 2 2 2 2 2 2 2 2 2 2 2 2 2 2 2 2 2 2 2 2 2 2 2 2 2 2 2 2 2 2 2 2 2 2 2 2 2 2 2 2 2 2 2 2 2 2 1 2 2 2 2 2 2 2 2 2 1 2 2 2 2 2 2 2 2 2 1 2 2 2 2 2 2 2 2 2 2 2 2 2 2 2 2 2 2 2 2 2 2 2 2 2 2 2 2 2 2 2 2 2 2 2 2 2 2 2 2 2 2 2 2 2 2 2 2 2 2 2 2 2 2 2 2 2 2 2 2 2 2 2 2 2 2 2 2 2 2 2 2 1 2 2 2 2 2 2 2 2 2 1 2 2 2 2 2 2 2 2 2 1 2 2 2 2 2 2 2 2 2 2 2 2 2 2 2 2 2 2 2 2 2 2 2 2 2 2 2 2 2 2 2 2 2 2 2 2 2 2 2 2 2 2 2 2 2 2 2 2 2 2 2 2 2 2 2 2 2 2 2 2 2 2 2 2 2 2 2 2 2 2 2 2 2 2 2 2 2 2 2 2 2 2 2 2 2 2 2 2 2 2 2 2 2 2 2 2 2 2 2 2 2 2 2 2 2 2 2 2 2 2 2 2 2 2 2 2 2 2 2 2 2 2 2 2 2 2 2 2 2 2 2 2 2 2 2 2 2 2 2 2 2 2 2 2 2 2 2 2 2 2 2 2 2 2 2 2 2 2 2 2 2 2 2 2 2 2 2 2 2 2 2 2 2 2 2 2 2 2 2 2 2 2 2 2 2 2 1 2 2 2 2 2 2 2 2 2 1 2 2 2 2 2 2 2 2 2 1 2 2 2 2 2 2 2 2 2 2 2 2 2 2 2 2 2 2 2 2 2 2 2 2 2 2 2 2 2 2 2 2 2 2 2 2 2 2 2 2 2 2 2 2 2 2 2 2 2 2 2 2 2 2 2 2 2 2 2 2 2 2 2 2 2 2 2 2 2 2 2 2 1 2 2 2 2 2 2 2 2 2 1 2 2 2 2 2 2 2 2 2 1 2 2 2 2 2 2 2 2 2 2 2 2 2 2 2 2 2 2 2 2 2 2 2 2 2 2 2 2 2 2 2 2 2 2 2 2 2 2 2 2 2 2 2 2 2 2 2 2 2 2 2 2 2 2 2 2 2 2 2 2 2 2 2 2 2 2 2 2 2 2 2 2 2 2 2 2 2 2 2 2 2 2 2 2 2 2 2 2 2 2 2 2 2 
</Matrix>
   <Matrix name="starterNeurons" type="complete" rows="1" columns="90" multiplier="1.0">
   31 121 211 331 421 511 631 721 811 34 124 214 334 424 514 634 724 814 7 97 187 277 307 397 487 577 607 697 787 877 41 131 221 341 431 521 641 731 821 44 134 224 344 434 524 644 734 824 17 107 197 287 317 407 497 587 617 707 797 887 51 141 231 351 441 531 651 741 831 54 144 234 354 444 534 654 744 834 27 117 207 297 327 417 507 597 627 717 807 897 
</Matrix>
   <Matrix name="neuronThresh" type="complete" rows="1" columns="900" multiplier="1.0">
   0.015 0.015 0.015 0.015 0.015 0.015 0.015 0.0136439 0.015 0.015 0.015 0.015 0.015 0.015 0.015 0.015 0.015 0.0135698 0.015 0.015 0.015 0.015 0.015 0.015 0.015 0.015 0.015 0.0136035 0.015 0.015 0.015 0.0136205 0.015 0.015 0.0136548 0.015 0.015 0.015 0.015 0.015 0.015 0.0136523 0.015 0.015 0.0135773 0.015 0.015 0.015 0.015 0.015 0.015 0.0136396 0.015 0.015 0.0135992 0.015 0.015 0.015 0.015 0.015 0.015 0.015 0.015 0.015 0.015 0.015 0.015 0.015 0.015 0.015 0.015 0.015 0.015 0.015 0.015 0.015 0.015 0.015 0.015 0.015 0.015 0.015 0.015 0.015 0.015 0.015 0.015 0.015 0.015 0.015 0.015 0.015 0.015 0.015 0.015 0.015 0.015 0.0136163 0.015 0.015 0.015 0.015 0.015 0.015 0.015 0.015 0.015 0.0136357 0.015 0.015 0.015 0.015 0.015 0.015 0.015 0.015 0.015 0.0136223 0.015 0.015 0.015 0.0136272 0.015 0.015 0.0135701 0.015 0.015 0.015 0.015 0.015 0.015 0.0135748 0.015 0.015 0.0135779 0.015 0.015 0.015 0.015 0.015 0.015 0.0136135 0.015 0.015 0.0136465 0.015 0.015 0.015 0.015 0.015 0.015 0.015 0.015 0.015 0.015 0.015 0.015 0.015 0.015 0.015 0.015 0.015 0.015 0.015 0.015 0.015 0.015 0.015 0.015 0.015 0.015 0.015 0.015 0.015 0.015 0.015 0.015 0.015 0.015 0.015 0.015 0.015 0.015 0.015 0.015 0.015 0.015 0.0136323 0.015 0.015 0.015 0.015 0.015 0.015 0.015 0.015 0.015 0.013608 0.015 0.015 0.015 0.015 0.015 0.015 0.015 0.015 0.015 0.0136095 0.015 0.015 0.015 0.013569 0.015 0.015 0.0135809 0.015 0.015 0.015 0.015 0.015 0.015 0.0136278 0.015 0.015 0.0135908 0.015 0.015 0.015 0.015 0.015 0.015 0.0136468 0.015 0.015 0.0135825 0.015 0.015 0.015 0.015 0.015 0.015 0.015 0.015 0.015 0.015 0.015 0.015 0.015 0.015 0.015 0.015 0.015 0.015 0.015 0.015 0.015 0.015 0.015 0.015 0.015 0.015 0.015 0.015 0.015 0.015 0.015 0.015 0.015 0.015 0.015 0.015 0.015 0.015 0.015 0.015 0.015 0.015 0.0136072 0.015 0.015 0.015 0.015 0.015 0.015 0.015 0.015 0.015 0.0135994 0.015 0.015 0.015 0.015 0.015 0.015 0.015 0.015 0.015 0.0136304 0.015 0.015 0.015 0.015 0.015 0.015 0.015 0.015 0.015 0.0135665 0.015 0.015 0.015 0.015 0.015 0.015 0.015 0.015 0.015 0.0136164 0.015 0.015 0.015 0.015 0.015 0.015 0.015 0.015 0.015 0.0135824 0.015 0.015 0.015 0.0136507 0.015 0.015 0.0136407 0.015 0.015 0.015 0.015 0.015 0.015 0.0135699 0.015 0.015 0.0136457 0.015 0.015 0.015 0.015 0.015 0.015 0.0136186 0.015 0.015 0.0135945 0.015 0.015 0.015 0.015 0.015 0.015 0.015 0.015 0.015 0.015 0.015 0.015 0.015 0.015 0.015 0.015 0.015 0.015 0.015 0.015 0.015 0.015 0.015 0.015 0.015 0.015 0.015 0.015 0.015 0.015 0.015 0.015 0.015 0.015 0.015 0.015 0.015 0.015 0.015 0.015 0.015 0.015 0.0136527 0.015 0.015 0.015 0.015 0.015 0.015 0.015 0.015 0.015 0.0135869 0.015 0.015 0.015 0.015 0.015 0.015 0.015 0.015 0.015 0.0136385 0.015 0.015 0.015 0.0136005 0.015 0.015 0.0136322 0.015 0.015 0.015 0.015 0.015 0.015 0.0136261 0.015 0.015 0.0135684 0.015 0.015 0.015 0.015 0.015 0.015 0.0135713 0.015 0.015 0.0135878 0.015 0.015 0.015 0.015 0.015 0.015 0.015 0.015 0.015 0.015 0.015 0.015 0.015 0.015 0.015 0.015 0.015 0.015 0.015 0.015 0.015 0.015 0.015 0.015 0.015 0.015 0.015 0.015 0.015 0.015 0.015 0.015 0.015 0.015 0.015 0.015 0.015 0.015 0.015 0.015 0.015 0.015 0.0136541 0.015 0.015 0.015 0.015 0.015 0.015 0.015 0.015 0.015 0.013566 0.015 0.015 0.015 0.015 0.015 0.015 0.015 0.015 0.015 0.0135852 0.015 0.015 0.015 0.0136505 0.015 0.015 0.0135879 0.015 0.015 0.015 0.015 0.015 0.015 0.0136236 0.015 0.015 0.0136144 0.015 0.015 0.015 0.015 0.015 0.015 0.0136034 0.015 0.015 0.0135984 0.015 0.015 0.015 0.015 0.015 0.015 0.015 0.015 0.015 0.015 0.015 0.015 0.015 0.015 0.015 0.015 0.015 0.015 0.015 0.015 0.015 0.015 0.015 0.015 0.015 0.015 0.015 0.015 0.015 0.015 0.015 0.015 0.015 0.015 0.015 0.015 0.015 0.015 0.015 0.015 0.015 0.015 0.0136147 0.015 0.015 0.015 0.015 0.015 0.015 0.015 0.015 0.015 0.0136514 0.015 0.015 0.015 0.015 0.015 0.015 0.015 0.015 0.015 0.0136411 0.015 0.015 0.015 0.015 0.015 0.015 0.015 0.015 0.015 0.0136191 0.015 0.015 0.015 0.015 0.015 0.015 0.015 0.015 0.015 0.0135718 0.015 0.015 0.015 0.015 0.015 0.015 0.015 0.015 0.015 0.013576 0.015 0.015 0.015 0.0136071 0.015 0.015 0.0136263 0.015 0.015 0.015 0.015 0.015 0.015 0.0136053 0.015 0.015 0.0136438 0.015 0.015 0.015 0.015 0.015 0.015 0.0136535 0.015 0.015 0.0136371 0.015 0.015 0.015 0.015 0.015 0.015 0.015 0.015 0.015 0.015 0.015 0.015 0.015 0.015 0.015 0.015 0.015 0.015 0.015 0.015 0.015 0.015 0.015 0.015 0.015 0.015 0.015 0.015 0.015 0.015 0.015 0.015 0.015 0.015 0.015 0.015 0.015 0.015 0.015 0.015 0.015 0.015 0.0136276 0.015 0.015 0.015 0.015 0.015 0.015 0.015 0.015 0.015 0.0135897 0.015 0.015 0.015 0.015 0.015 0.015 0.015 0.015 0.015 0.0135677 0.015 0.015 0.015 0.0135831 0.015 0.015 0.0136462 0.015 0.015 0.015 0.015 0.015 0.015 0.0135891 0.015 0.015 0.0136239 0.015 0.015 0.015 0.015 0.015 0.015 0.0136447 0.015 0.015 0.0135898 0.015 0.015 0.015 0.015 0.015 0.015 0.015 0.015 0.015 0.015 0.015 0.015 0.015 0.015 0.015 0.015 0.015 0.015 0.015 0.015 0.015 0.015 0.015 0.015 0.015 0.015 0.015 0.015 0.015 0.015 0.015 0.015 0.015 0.015 0.015 0.015 0.015 0.015 0.015 0.015 0.015 0.015 0.0135851 0.015 0.015 0.015 0.015 0.015 0.015 0.015 0.015 0.015 0.0136368 0.015 0.015 0.015 0.015 0.015 0.015 0.015 0.015 0.015 0.0136232 0.015 0.015 0.015 0.0135709 0.015 0.015 0.0135869 0.015 0.015 0.015 0.015 0.015 0.015 0.013615 0.015 0.015 0.0136361 0.015 0.015 0.015 0.015 0.015 0.015 0.013633 0.015 0.015 0.0135895 0.015 0.015 0.015 0.015 0.015 0.015 0.015 0.015 0.015 0.015 0.015 0.015 0.015 0.015 0.015 0.015 0.015 0.015 0.015 0.015 0.015 0.015 0.015 0.015 0.015 0.015 0.015 0.015 0.015 0.015 0.015 0.015 0.015 0.015 0.015 0.015 0.015 0.015 0.015 0.015 0.015 0.015 0.0136087 0.015 0.015 0.015 0.015 0.015 0.015 0.015 0.015 0.015 0.0136257 0.015 0.015 0.015 0.015 0.015 0.015 0.015 0.015 0.015 0.0136321 0.015 0.015 
</Matrix>
   <Matrix name="Tsim" type="complete" rows="1" columns="1" multiplier="1.0">
   100
</Matrix>
   <Matrix name="simulationEndTime" type="complete" rows="1" columns="1" multiplier="1.0">
   2000
</Matrix>
</SimState>
